Test remote (fast)	UNKNOWN STEP	ï»¿2025-11-12T16:01:54.5362956Z Current runner version: '2.329.0'
Test remote (fast)	UNKNOWN STEP	2025-11-12T16:01:54.5385367Z ##[group]Runner Image Provisioner
Test remote (fast)	UNKNOWN STEP	2025-11-12T16:01:54.5386119Z Hosted Compute Agent
Test remote (fast)	UNKNOWN STEP	2025-11-12T16:01:54.5386651Z Version: 20251016.436
Test remote (fast)	UNKNOWN STEP	2025-11-12T16:01:54.5387200Z Commit: 8ab8ac8bfd662a3739dab9fe09456aba92132568
Test remote (fast)	UNKNOWN STEP	2025-11-12T16:01:54.5387962Z Build Date: 2025-10-15T20:44:12Z
Test remote (fast)	UNKNOWN STEP	2025-11-12T16:01:54.5388511Z ##[endgroup]
Test remote (fast)	UNKNOWN STEP	2025-11-12T16:01:54.5389079Z ##[group]Operating System
Test remote (fast)	UNKNOWN STEP	2025-11-12T16:01:54.5389661Z Ubuntu
Test remote (fast)	UNKNOWN STEP	2025-11-12T16:01:54.5390145Z 24.04.3
Test remote (fast)	UNKNOWN STEP	2025-11-12T16:01:54.5390561Z LTS
Test remote (fast)	UNKNOWN STEP	2025-11-12T16:01:54.5391052Z ##[endgroup]
Test remote (fast)	UNKNOWN STEP	2025-11-12T16:01:54.5391534Z ##[group]Runner Image
Test remote (fast)	UNKNOWN STEP	2025-11-12T16:01:54.5392505Z Image: ubuntu-24.04
Test remote (fast)	UNKNOWN STEP	2025-11-12T16:01:54.5393091Z Version: 20251102.99.1
Test remote (fast)	UNKNOWN STEP	2025-11-12T16:01:54.5394082Z Included Software: https://github.com/actions/runner-images/blob/ubuntu24/20251102.99/images/ubuntu/Ubuntu2404-Readme.md
Test remote (fast)	UNKNOWN STEP	2025-11-12T16:01:54.5395683Z Image Release: https://github.com/actions/runner-images/releases/tag/ubuntu24%2F20251102.99
Test remote (fast)	UNKNOWN STEP	2025-11-12T16:01:54.5396660Z ##[endgroup]
Test remote (fast)	UNKNOWN STEP	2025-11-12T16:01:54.5397814Z ##[group]GITHUB_TOKEN Permissions
Test remote (fast)	UNKNOWN STEP	2025-11-12T16:01:54.5399841Z Contents: read
Test remote (fast)	UNKNOWN STEP	2025-11-12T16:01:54.5400369Z Metadata: read
Test remote (fast)	UNKNOWN STEP	2025-11-12T16:01:54.5400951Z ##[endgroup]
Test remote (fast)	UNKNOWN STEP	2025-11-12T16:01:54.5403048Z Secret source: None
Test remote (fast)	UNKNOWN STEP	2025-11-12T16:01:54.5403969Z Prepare workflow directory
Test remote (fast)	UNKNOWN STEP	2025-11-12T16:01:54.5800341Z Prepare all required actions
Test remote (fast)	UNKNOWN STEP	2025-11-12T16:01:54.5837363Z Getting action download info
Test remote (fast)	UNKNOWN STEP	2025-11-12T16:01:55.0490977Z Download action repository 'actions/checkout@v4' (SHA:08eba0b27e820071cde6df949e0beb9ba4906955)
Test remote (fast)	UNKNOWN STEP	2025-11-12T16:01:55.1477426Z Download action repository 'manusa/actions-setup-minikube@v2.13.1' (SHA:5d9440a1b535e8b4f541eaac559681a9022df29d)
Test remote (fast)	UNKNOWN STEP	2025-11-12T16:01:55.9346467Z Download action repository 'actions/download-artifact@v4' (SHA:d3f86a106a0bac45b974a628896c90dbdf5c8093)
Test remote (fast)	UNKNOWN STEP	2025-11-12T16:01:56.4586159Z Complete job name: Test remote (fast)
Test remote (fast)	UNKNOWN STEP	2025-11-12T16:01:56.5389726Z ##[group]Run actions/checkout@v4
Test remote (fast)	UNKNOWN STEP	2025-11-12T16:01:56.5391023Z with:
Test remote (fast)	UNKNOWN STEP	2025-11-12T16:01:56.5391977Z   repository: keycloak/keycloak
Test remote (fast)	UNKNOWN STEP	2025-11-12T16:01:56.5393188Z   token: ***
Test remote (fast)	UNKNOWN STEP	2025-11-12T16:01:56.5393932Z   ssh-strict: true
Test remote (fast)	UNKNOWN STEP	2025-11-12T16:01:56.5394710Z   ssh-user: git
Test remote (fast)	UNKNOWN STEP	2025-11-12T16:01:56.5395508Z   persist-credentials: true
Test remote (fast)	UNKNOWN STEP	2025-11-12T16:01:56.5396412Z   clean: true
Test remote (fast)	UNKNOWN STEP	2025-11-12T16:01:56.5397215Z   sparse-checkout-cone-mode: true
Test remote (fast)	UNKNOWN STEP	2025-11-12T16:01:56.5398184Z   fetch-depth: 1
Test remote (fast)	UNKNOWN STEP	2025-11-12T16:01:56.5398952Z   fetch-tags: false
Test remote (fast)	UNKNOWN STEP	2025-11-12T16:01:56.5399765Z   show-progress: true
Test remote (fast)	UNKNOWN STEP	2025-11-12T16:01:56.5400560Z   lfs: false
Test remote (fast)	UNKNOWN STEP	2025-11-12T16:01:56.5401295Z   submodules: false
Test remote (fast)	UNKNOWN STEP	2025-11-12T16:01:56.5402217Z   set-safe-directory: true
Test remote (fast)	UNKNOWN STEP	2025-11-12T16:01:56.5403348Z env:
Test remote (fast)	UNKNOWN STEP	2025-11-12T16:01:56.5404415Z   MAVEN_ARGS: -B -nsu -Daether.connector.http.connectionMaxTtl=25
Test remote (fast)	UNKNOWN STEP	2025-11-12T16:01:56.5405809Z   MINIKUBE_VERSION: v1.32.0
Test remote (fast)	UNKNOWN STEP	2025-11-12T16:01:56.5406759Z   KUBERNETES_VERSION: v1.27.10
Test remote (fast)	UNKNOWN STEP	2025-11-12T16:01:56.5407767Z   MINIKUBE_MEMORY: 4096
Test remote (fast)	UNKNOWN STEP	2025-11-12T16:01:56.5408602Z ##[endgroup]
Test remote (fast)	UNKNOWN STEP	2025-11-12T16:01:56.6582603Z Syncing repository: keycloak/keycloak
Test remote (fast)	UNKNOWN STEP	2025-11-12T16:01:56.6586400Z ##[group]Getting Git version info
Test remote (fast)	UNKNOWN STEP	2025-11-12T16:01:56.6588636Z Working directory is '/home/runner/work/keycloak/keycloak'
Test remote (fast)	UNKNOWN STEP	2025-11-12T16:01:56.6592248Z [command]/usr/bin/git version
Test remote (fast)	UNKNOWN STEP	2025-11-12T16:01:56.6654914Z git version 2.51.2
Test remote (fast)	UNKNOWN STEP	2025-11-12T16:01:56.6680864Z ##[endgroup]
Test remote (fast)	UNKNOWN STEP	2025-11-12T16:01:56.6693883Z Temporarily overriding HOME='/home/runner/work/_temp/8331c19d-8919-444a-bcd6-c4ca49f65332' before making global git config changes
Test remote (fast)	UNKNOWN STEP	2025-11-12T16:01:56.6696839Z Adding repository directory to the temporary git global config as a safe directory
Test remote (fast)	UNKNOWN STEP	2025-11-12T16:01:56.6699396Z [command]/usr/bin/git config --global --add safe.directory /home/runner/work/keycloak/keycloak
Test remote (fast)	UNKNOWN STEP	2025-11-12T16:01:56.6731983Z Deleting the contents of '/home/runner/work/keycloak/keycloak'
Test remote (fast)	UNKNOWN STEP	2025-11-12T16:01:56.6735540Z ##[group]Initializing the repository
Test remote (fast)	UNKNOWN STEP	2025-11-12T16:01:56.6739364Z [command]/usr/bin/git init /home/runner/work/keycloak/keycloak
Test remote (fast)	UNKNOWN STEP	2025-11-12T16:01:56.6843917Z hint: Using 'master' as the name for the initial branch. This default branch name
Test remote (fast)	UNKNOWN STEP	2025-11-12T16:01:56.6847559Z hint: is subject to change. To configure the initial branch name to use in all
Test remote (fast)	UNKNOWN STEP	2025-11-12T16:01:56.6849990Z hint: of your new repositories, which will suppress this warning, call:
Test remote (fast)	UNKNOWN STEP	2025-11-12T16:01:56.6851363Z hint:
Test remote (fast)	UNKNOWN STEP	2025-11-12T16:01:56.6852764Z hint: 	git config --global init.defaultBranch <name>
Test remote (fast)	UNKNOWN STEP	2025-11-12T16:01:56.6854411Z hint:
Test remote (fast)	UNKNOWN STEP	2025-11-12T16:01:56.6855503Z hint: Names commonly chosen instead of 'master' are 'main', 'trunk' and
Test remote (fast)	UNKNOWN STEP	2025-11-12T16:01:56.6857309Z hint: 'development'. The just-created branch can be renamed via this command:
Test remote (fast)	UNKNOWN STEP	2025-11-12T16:01:56.6859132Z hint:
Test remote (fast)	UNKNOWN STEP	2025-11-12T16:01:56.6859872Z hint: 	git branch -m <name>
Test remote (fast)	UNKNOWN STEP	2025-11-12T16:01:56.6860743Z hint:
Test remote (fast)	UNKNOWN STEP	2025-11-12T16:01:56.6862088Z hint: Disable this message with "git config set advice.defaultBranchName false"
Test remote (fast)	UNKNOWN STEP	2025-11-12T16:01:56.6864099Z Initialized empty Git repository in /home/runner/work/keycloak/keycloak/.git/
Test remote (fast)	UNKNOWN STEP	2025-11-12T16:01:56.6867125Z [command]/usr/bin/git remote add origin https://github.com/keycloak/keycloak
Test remote (fast)	UNKNOWN STEP	2025-11-12T16:01:56.6894408Z ##[endgroup]
Test remote (fast)	UNKNOWN STEP	2025-11-12T16:01:56.6896704Z ##[group]Disabling automatic garbage collection
Test remote (fast)	UNKNOWN STEP	2025-11-12T16:01:56.6898721Z [command]/usr/bin/git config --local gc.auto 0
Test remote (fast)	UNKNOWN STEP	2025-11-12T16:01:56.6939230Z ##[endgroup]
Test remote (fast)	UNKNOWN STEP	2025-11-12T16:01:56.6940599Z ##[group]Setting up auth
Test remote (fast)	UNKNOWN STEP	2025-11-12T16:01:56.6942202Z [command]/usr/bin/git config --local --name-only --get-regexp core\.sshCommand
Test remote (fast)	UNKNOWN STEP	2025-11-12T16:01:56.6970159Z [command]/usr/bin/git submodule foreach --recursive sh -c "git config --local --name-only --get-regexp 'core\.sshCommand' && git config --local --unset-all 'core.sshCommand' || :"
Test remote (fast)	UNKNOWN STEP	2025-11-12T16:01:56.7280073Z [command]/usr/bin/git config --local --name-only --get-regexp http\.https\:\/\/github\.com\/\.extraheader
Test remote (fast)	UNKNOWN STEP	2025-11-12T16:01:56.7315535Z [command]/usr/bin/git submodule foreach --recursive sh -c "git config --local --name-only --get-regexp 'http\.https\:\/\/github\.com\/\.extraheader' && git config --local --unset-all 'http.https://github.com/.extraheader' || :"
Test remote (fast)	UNKNOWN STEP	2025-11-12T16:01:56.7547856Z [command]/usr/bin/git config --local http.https://github.com/.extraheader AUTHORIZATION: basic ***
Test remote (fast)	UNKNOWN STEP	2025-11-12T16:01:56.7582201Z ##[endgroup]
Test remote (fast)	UNKNOWN STEP	2025-11-12T16:01:56.7584626Z ##[group]Fetching the repository
Test remote (fast)	UNKNOWN STEP	2025-11-12T16:01:56.7594569Z [command]/usr/bin/git -c protocol.version=2 fetch --no-tags --prune --no-recurse-submodules --depth=1 origin +d9dccc3757a864503fea96d843e2bbecdede6c49:refs/remotes/pull/44175/merge
Test remote (fast)	UNKNOWN STEP	2025-11-12T16:01:58.0301537Z From https://github.com/keycloak/keycloak
Test remote (fast)	UNKNOWN STEP	2025-11-12T16:01:58.0303622Z  * [new ref]         d9dccc3757a864503fea96d843e2bbecdede6c49 -> pull/44175/merge
Test remote (fast)	UNKNOWN STEP	2025-11-12T16:01:58.0333810Z ##[endgroup]
Test remote (fast)	UNKNOWN STEP	2025-11-12T16:01:58.0334422Z ##[group]Determining the checkout info
Test remote (fast)	UNKNOWN STEP	2025-11-12T16:01:58.0335851Z ##[endgroup]
Test remote (fast)	UNKNOWN STEP	2025-11-12T16:01:58.0340675Z [command]/usr/bin/git sparse-checkout disable
Test remote (fast)	UNKNOWN STEP	2025-11-12T16:01:58.0379291Z [command]/usr/bin/git config --local --unset-all extensions.worktreeConfig
Test remote (fast)	UNKNOWN STEP	2025-11-12T16:01:58.0405973Z ##[group]Checking out the ref
Test remote (fast)	UNKNOWN STEP	2025-11-12T16:01:58.0409325Z [command]/usr/bin/git checkout --progress --force refs/remotes/pull/44175/merge
Test remote (fast)	UNKNOWN STEP	2025-11-12T16:01:58.8112742Z Note: switching to 'refs/remotes/pull/44175/merge'.
Test remote (fast)	UNKNOWN STEP	2025-11-12T16:01:58.8121492Z 
Test remote (fast)	UNKNOWN STEP	2025-11-12T16:01:58.8122355Z You are in 'detached HEAD' state. You can look around, make experimental
Test remote (fast)	UNKNOWN STEP	2025-11-12T16:01:58.8123364Z changes and commit them, and you can discard any commits you make in this
Test remote (fast)	UNKNOWN STEP	2025-11-12T16:01:58.8124361Z state without impacting any branches by switching back to a branch.
Test remote (fast)	UNKNOWN STEP	2025-11-12T16:01:58.8125034Z 
Test remote (fast)	UNKNOWN STEP	2025-11-12T16:01:58.8125506Z If you want to create a new branch to retain commits you create, you may
Test remote (fast)	UNKNOWN STEP	2025-11-12T16:01:58.8126219Z do so (now or later) by using -c with the switch command. Example:
Test remote (fast)	UNKNOWN STEP	2025-11-12T16:01:58.8126629Z 
Test remote (fast)	UNKNOWN STEP	2025-11-12T16:01:58.8126763Z   git switch -c <new-branch-name>
Test remote (fast)	UNKNOWN STEP	2025-11-12T16:01:58.8127219Z 
Test remote (fast)	UNKNOWN STEP	2025-11-12T16:01:58.8127484Z Or undo this operation with:
Test remote (fast)	UNKNOWN STEP	2025-11-12T16:01:58.8127723Z 
Test remote (fast)	UNKNOWN STEP	2025-11-12T16:01:58.8127871Z   git switch -
Test remote (fast)	UNKNOWN STEP	2025-11-12T16:01:58.8128410Z 
Test remote (fast)	UNKNOWN STEP	2025-11-12T16:01:58.8128716Z Turn off this advice by setting config variable advice.detachedHead to false
Test remote (fast)	UNKNOWN STEP	2025-11-12T16:01:58.8129196Z 
Test remote (fast)	UNKNOWN STEP	2025-11-12T16:01:58.8129642Z HEAD is now at d9dccc3 Merge 1a759970605add20611660147031514482b37b52 into ac227ca9562e5395f414b360fab8e3a5521d467b
Test remote (fast)	UNKNOWN STEP	2025-11-12T16:01:58.8151340Z ##[endgroup]
Test remote (fast)	UNKNOWN STEP	2025-11-12T16:01:58.8189259Z [command]/usr/bin/git log -1 --format=%H
Test remote (fast)	UNKNOWN STEP	2025-11-12T16:01:58.8211404Z d9dccc3757a864503fea96d843e2bbecdede6c49
Test remote (fast)	UNKNOWN STEP	2025-11-12T16:01:58.8398705Z ##[group]Run echo "version_remote=0.0.1-${GITHUB_SHA::6}" >> $GITHUB_ENV
Test remote (fast)	UNKNOWN STEP	2025-11-12T16:01:58.8399295Z [36;1mecho "version_remote=0.0.1-${GITHUB_SHA::6}" >> $GITHUB_ENV[0m
Test remote (fast)	UNKNOWN STEP	2025-11-12T16:01:58.8438648Z shell: /usr/bin/bash --noprofile --norc -e -o pipefail {0}
Test remote (fast)	UNKNOWN STEP	2025-11-12T16:01:58.8439073Z env:
Test remote (fast)	UNKNOWN STEP	2025-11-12T16:01:58.8439538Z   MAVEN_ARGS: -B -nsu -Daether.connector.http.connectionMaxTtl=25
Test remote (fast)	UNKNOWN STEP	2025-11-12T16:01:58.8439977Z   MINIKUBE_VERSION: v1.32.0
Test remote (fast)	UNKNOWN STEP	2025-11-12T16:01:58.8440272Z   KUBERNETES_VERSION: v1.27.10
Test remote (fast)	UNKNOWN STEP	2025-11-12T16:01:58.8440710Z   MINIKUBE_MEMORY: 4096
Test remote (fast)	UNKNOWN STEP	2025-11-12T16:01:58.8440975Z ##[endgroup]
Test remote (fast)	UNKNOWN STEP	2025-11-12T16:01:58.8683645Z Prepare all required actions
Test remote (fast)	UNKNOWN STEP	2025-11-12T16:01:58.8684073Z Getting action download info
Test remote (fast)	UNKNOWN STEP	2025-11-12T16:01:59.0356814Z Download action repository 'actions/setup-java@v4' (SHA:c5195efecf7bdfc987ee8bae7a71cb8b11521c00)
Test remote (fast)	UNKNOWN STEP	2025-11-12T16:01:59.5693314Z ##[group]Run ./.github/actions/java-setup
Test remote (fast)	UNKNOWN STEP	2025-11-12T16:01:59.5693579Z with:
Test remote (fast)	UNKNOWN STEP	2025-11-12T16:01:59.5693763Z   distribution: temurin
Test remote (fast)	UNKNOWN STEP	2025-11-12T16:01:59.5693960Z   java-version: 21
Test remote (fast)	UNKNOWN STEP	2025-11-12T16:01:59.5694140Z env:
Test remote (fast)	UNKNOWN STEP	2025-11-12T16:01:59.5694403Z   MAVEN_ARGS: -B -nsu -Daether.connector.http.connectionMaxTtl=25
Test remote (fast)	UNKNOWN STEP	2025-11-12T16:01:59.5694738Z   MINIKUBE_VERSION: v1.32.0
Test remote (fast)	UNKNOWN STEP	2025-11-12T16:01:59.5694966Z   KUBERNETES_VERSION: v1.27.10
Test remote (fast)	UNKNOWN STEP	2025-11-12T16:01:59.5695180Z   MINIKUBE_MEMORY: 4096
Test remote (fast)	UNKNOWN STEP	2025-11-12T16:01:59.5695378Z   version_remote: 0.0.1-d9dccc
Test remote (fast)	UNKNOWN STEP	2025-11-12T16:01:59.5695580Z ##[endgroup]
Test remote (fast)	UNKNOWN STEP	2025-11-12T16:01:59.5829431Z ##[group]Run actions/setup-java@v4
Test remote (fast)	UNKNOWN STEP	2025-11-12T16:01:59.5829702Z with:
Test remote (fast)	UNKNOWN STEP	2025-11-12T16:01:59.5829883Z   distribution: temurin
Test remote (fast)	UNKNOWN STEP	2025-11-12T16:01:59.5830123Z   java-version: 21
Test remote (fast)	UNKNOWN STEP	2025-11-12T16:01:59.5830320Z   java-package: jdk
Test remote (fast)	UNKNOWN STEP	2025-11-12T16:01:59.5830521Z   check-latest: false
Test remote (fast)	UNKNOWN STEP	2025-11-12T16:01:59.5830711Z   server-id: github
Test remote (fast)	UNKNOWN STEP	2025-11-12T16:01:59.5830908Z   server-username: GITHUB_ACTOR
Test remote (fast)	UNKNOWN STEP	2025-11-12T16:01:59.5831142Z   server-password: GITHUB_TOKEN
Test remote (fast)	UNKNOWN STEP	2025-11-12T16:01:59.5831377Z   overwrite-settings: true
Test remote (fast)	UNKNOWN STEP	2025-11-12T16:01:59.5831587Z   job-status: success
Test remote (fast)	UNKNOWN STEP	2025-11-12T16:01:59.5832126Z   token: ***
Test remote (fast)	UNKNOWN STEP	2025-11-12T16:01:59.5832308Z env:
Test remote (fast)	UNKNOWN STEP	2025-11-12T16:01:59.5832570Z   MAVEN_ARGS: -B -nsu -Daether.connector.http.connectionMaxTtl=25
Test remote (fast)	UNKNOWN STEP	2025-11-12T16:01:59.5832905Z   MINIKUBE_VERSION: v1.32.0
Test remote (fast)	UNKNOWN STEP	2025-11-12T16:01:59.5833130Z   KUBERNETES_VERSION: v1.27.10
Test remote (fast)	UNKNOWN STEP	2025-11-12T16:01:59.5833356Z   MINIKUBE_MEMORY: 4096
Test remote (fast)	UNKNOWN STEP	2025-11-12T16:01:59.5833558Z   version_remote: 0.0.1-d9dccc
Test remote (fast)	UNKNOWN STEP	2025-11-12T16:01:59.5833774Z ##[endgroup]
Test remote (fast)	UNKNOWN STEP	2025-11-12T16:01:59.7834650Z ##[group]Installed distributions
Test remote (fast)	UNKNOWN STEP	2025-11-12T16:01:59.8048009Z Resolved Java 21.0.9+10 from tool-cache
Test remote (fast)	UNKNOWN STEP	2025-11-12T16:01:59.8048913Z Setting Java 21.0.9+10 as the default
Test remote (fast)	UNKNOWN STEP	2025-11-12T16:01:59.8061997Z Creating toolchains.xml for JDK version 21 from temurin
Test remote (fast)	UNKNOWN STEP	2025-11-12T16:01:59.8142336Z Writing to /home/runner/.m2/toolchains.xml
Test remote (fast)	UNKNOWN STEP	2025-11-12T16:01:59.8142737Z 
Test remote (fast)	UNKNOWN STEP	2025-11-12T16:01:59.8142879Z Java configuration:
Test remote (fast)	UNKNOWN STEP	2025-11-12T16:01:59.8143952Z   Distribution: temurin
Test remote (fast)	UNKNOWN STEP	2025-11-12T16:01:59.8144325Z   Version: 21.0.9+10
Test remote (fast)	UNKNOWN STEP	2025-11-12T16:01:59.8145631Z   Path: /opt/hostedtoolcache/Java_Temurin-Hotspot_jdk/21.0.9-10/x64
Test remote (fast)	UNKNOWN STEP	2025-11-12T16:01:59.8146128Z 
Test remote (fast)	UNKNOWN STEP	2025-11-12T16:01:59.8146565Z ##[endgroup]
Test remote (fast)	UNKNOWN STEP	2025-11-12T16:01:59.8164626Z Creating settings.xml with server-id: github
Test remote (fast)	UNKNOWN STEP	2025-11-12T16:01:59.8170536Z Writing to /home/runner/.m2/settings.xml
Test remote (fast)	UNKNOWN STEP	2025-11-12T16:01:59.8322690Z ##[group]Run manusa/actions-setup-minikube@v2.13.1
Test remote (fast)	UNKNOWN STEP	2025-11-12T16:01:59.8323119Z with:
Test remote (fast)	UNKNOWN STEP	2025-11-12T16:01:59.8323408Z   minikube version: v1.32.0
Test remote (fast)	UNKNOWN STEP	2025-11-12T16:01:59.8323743Z   kubernetes version: v1.27.10
Test remote (fast)	UNKNOWN STEP	2025-11-12T16:01:59.8324456Z   github token: ***
Test remote (fast)	UNKNOWN STEP	2025-11-12T16:01:59.8324751Z   driver: docker
Test remote (fast)	UNKNOWN STEP	2025-11-12T16:01:59.8325137Z   start args: --addons=ingress --memory=4096 --cni cilium --cpus=max
Test remote (fast)	UNKNOWN STEP	2025-11-12T16:01:59.8325548Z env:
Test remote (fast)	UNKNOWN STEP	2025-11-12T16:01:59.8325901Z   MAVEN_ARGS: -B -nsu -Daether.connector.http.connectionMaxTtl=25
Test remote (fast)	UNKNOWN STEP	2025-11-12T16:01:59.8326320Z   MINIKUBE_VERSION: v1.32.0
Test remote (fast)	UNKNOWN STEP	2025-11-12T16:01:59.8326644Z   KUBERNETES_VERSION: v1.27.10
Test remote (fast)	UNKNOWN STEP	2025-11-12T16:01:59.8326965Z   MINIKUBE_MEMORY: 4096
Test remote (fast)	UNKNOWN STEP	2025-11-12T16:01:59.8327273Z   version_remote: 0.0.1-d9dccc
Test remote (fast)	UNKNOWN STEP	2025-11-12T16:01:59.8327687Z   JAVA_HOME: /opt/hostedtoolcache/Java_Temurin-Hotspot_jdk/21.0.9-10/x64
Test remote (fast)	UNKNOWN STEP	2025-11-12T16:01:59.8328193Z   JAVA_HOME_21_X64: /opt/hostedtoolcache/Java_Temurin-Hotspot_jdk/21.0.9-10/x64
Test remote (fast)	UNKNOWN STEP	2025-11-12T16:01:59.8328666Z ##[endgroup]
Test remote (fast)	UNKNOWN STEP	2025-11-12T16:01:59.9502169Z Loading input variables
Test remote (fast)	UNKNOWN STEP	2025-11-12T16:01:59.9505022Z Updating Environment configuration to support Minikube
Test remote (fast)	UNKNOWN STEP	2025-11-12T16:01:59.9699827Z 
Test remote (fast)	UNKNOWN STEP	2025-11-12T16:01:59.9700321Z WARNING: apt does not have a stable CLI interface. Use with caution in scripts.
Test remote (fast)	UNKNOWN STEP	2025-11-12T16:01:59.9700817Z 
Test remote (fast)	UNKNOWN STEP	2025-11-12T16:02:00.0228004Z Get:1 file:/etc/apt/apt-mirrors.txt Mirrorlist [144 B]
Test remote (fast)	UNKNOWN STEP	2025-11-12T16:02:00.0550386Z Hit:2 http://azure.archive.ubuntu.com/ubuntu noble InRelease
Test remote (fast)	UNKNOWN STEP	2025-11-12T16:02:00.0564998Z Get:6 https://packages.microsoft.com/repos/azure-cli noble InRelease [3564 B]
Test remote (fast)	UNKNOWN STEP	2025-11-12T16:02:00.0577231Z Get:3 http://azure.archive.ubuntu.com/ubuntu noble-updates InRelease [126 kB]
Test remote (fast)	UNKNOWN STEP	2025-11-12T16:02:00.0583274Z Get:7 https://packages.microsoft.com/ubuntu/24.04/prod noble InRelease [3600 B]
Test remote (fast)	UNKNOWN STEP	2025-11-12T16:02:00.0640248Z Get:4 http://azure.archive.ubuntu.com/ubuntu noble-backports InRelease [126 kB]
Test remote (fast)	UNKNOWN STEP	2025-11-12T16:02:00.0684514Z Get:5 http://azure.archive.ubuntu.com/ubuntu noble-security InRelease [126 kB]
Test remote (fast)	UNKNOWN STEP	2025-11-12T16:02:00.1784293Z Get:8 https://packages.microsoft.com/repos/azure-cli noble/main amd64 Packages [1700 B]
Test remote (fast)	UNKNOWN STEP	2025-11-12T16:02:00.2197645Z Get:9 https://packages.microsoft.com/ubuntu/24.04/prod noble/main armhf Packages [11.2 kB]
Test remote (fast)	UNKNOWN STEP	2025-11-12T16:02:00.2227655Z Get:10 https://packages.microsoft.com/ubuntu/24.04/prod noble/main amd64 Packages [67.2 kB]
Test remote (fast)	UNKNOWN STEP	2025-11-12T16:02:00.2265444Z Get:11 https://packages.microsoft.com/ubuntu/24.04/prod noble/main arm64 Packages [49.9 kB]
Test remote (fast)	UNKNOWN STEP	2025-11-12T16:02:00.2716721Z Get:12 http://azure.archive.ubuntu.com/ubuntu noble-updates/main amd64 Packages [1585 kB]
Test remote (fast)	UNKNOWN STEP	2025-11-12T16:02:00.3202886Z Get:13 http://azure.archive.ubuntu.com/ubuntu noble-updates/main Translation-en [299 kB]
Test remote (fast)	UNKNOWN STEP	2025-11-12T16:02:00.3237955Z Get:14 http://azure.archive.ubuntu.com/ubuntu noble-updates/main amd64 Components [175 kB]
Test remote (fast)	UNKNOWN STEP	2025-11-12T16:02:00.3259424Z Get:15 http://azure.archive.ubuntu.com/ubuntu noble-updates/main amd64 c-n-f Metadata [15.7 kB]
Test remote (fast)	UNKNOWN STEP	2025-11-12T16:02:00.3273723Z Get:16 http://azure.archive.ubuntu.com/ubuntu noble-updates/universe amd64 Packages [1498 kB]
Test remote (fast)	UNKNOWN STEP	2025-11-12T16:02:00.3426673Z Get:17 http://azure.archive.ubuntu.com/ubuntu noble-updates/universe amd64 Components [377 kB]
Test remote (fast)	UNKNOWN STEP	2025-11-12T16:02:00.3472305Z Get:18 http://azure.archive.ubuntu.com/ubuntu noble-updates/universe amd64 c-n-f Metadata [31.4 kB]
Test remote (fast)	UNKNOWN STEP	2025-11-12T16:02:00.3486123Z Get:19 http://azure.archive.ubuntu.com/ubuntu noble-updates/restricted amd64 Packages [2244 kB]
Test remote (fast)	UNKNOWN STEP	2025-11-12T16:02:00.3725718Z Get:20 http://azure.archive.ubuntu.com/ubuntu noble-updates/restricted Translation-en [509 kB]
Test remote (fast)	UNKNOWN STEP	2025-11-12T16:02:00.3734969Z Get:21 http://azure.archive.ubuntu.com/ubuntu noble-updates/restricted amd64 Components [212 B]
Test remote (fast)	UNKNOWN STEP	2025-11-12T16:02:00.4211297Z Get:22 http://azure.archive.ubuntu.com/ubuntu noble-updates/multiverse amd64 Components [940 B]
Test remote (fast)	UNKNOWN STEP	2025-11-12T16:02:00.4223038Z Get:23 http://azure.archive.ubuntu.com/ubuntu noble-backports/main amd64 Components [7124 B]
Test remote (fast)	UNKNOWN STEP	2025-11-12T16:02:00.4237767Z Get:24 http://azure.archive.ubuntu.com/ubuntu noble-backports/universe amd64 Components [11.0 kB]
Test remote (fast)	UNKNOWN STEP	2025-11-12T16:02:00.4249391Z Get:25 http://azure.archive.ubuntu.com/ubuntu noble-backports/restricted amd64 Components [216 B]
Test remote (fast)	UNKNOWN STEP	2025-11-12T16:02:00.4259566Z Get:26 http://azure.archive.ubuntu.com/ubuntu noble-backports/multiverse amd64 Components [212 B]
Test remote (fast)	UNKNOWN STEP	2025-11-12T16:02:00.4273687Z Get:27 http://azure.archive.ubuntu.com/ubuntu noble-security/main amd64 Packages [1306 kB]
Test remote (fast)	UNKNOWN STEP	2025-11-12T16:02:00.4355790Z Get:28 http://azure.archive.ubuntu.com/ubuntu noble-security/main Translation-en [215 kB]
Test remote (fast)	UNKNOWN STEP	2025-11-12T16:02:00.4382285Z Get:29 http://azure.archive.ubuntu.com/ubuntu noble-security/main amd64 Components [21.5 kB]
Test remote (fast)	UNKNOWN STEP	2025-11-12T16:02:00.4394951Z Get:30 http://azure.archive.ubuntu.com/ubuntu noble-security/main amd64 c-n-f Metadata [9336 B]
Test remote (fast)	UNKNOWN STEP	2025-11-12T16:02:00.4406566Z Get:31 http://azure.archive.ubuntu.com/ubuntu noble-security/universe amd64 Packages [906 kB]
Test remote (fast)	UNKNOWN STEP	2025-11-12T16:02:00.4471040Z Get:32 http://azure.archive.ubuntu.com/ubuntu noble-security/universe Translation-en [203 kB]
Test remote (fast)	UNKNOWN STEP	2025-11-12T16:02:00.4497972Z Get:33 http://azure.archive.ubuntu.com/ubuntu noble-security/universe amd64 Components [52.2 kB]
Test remote (fast)	UNKNOWN STEP	2025-11-12T16:02:00.4511660Z Get:34 http://azure.archive.ubuntu.com/ubuntu noble-security/universe amd64 c-n-f Metadata [19.4 kB]
Test remote (fast)	UNKNOWN STEP	2025-11-12T16:02:00.4524147Z Get:35 http://azure.archive.ubuntu.com/ubuntu noble-security/restricted amd64 Packages [2140 kB]
Test remote (fast)	UNKNOWN STEP	2025-11-12T16:02:00.5135416Z Get:36 http://azure.archive.ubuntu.com/ubuntu noble-security/restricted Translation-en [486 kB]
Test remote (fast)	UNKNOWN STEP	2025-11-12T16:02:00.5176227Z Get:37 http://azure.archive.ubuntu.com/ubuntu noble-security/restricted amd64 Components [212 B]
Test remote (fast)	UNKNOWN STEP	2025-11-12T16:02:00.5186592Z Get:38 http://azure.archive.ubuntu.com/ubuntu noble-security/multiverse amd64 Components [212 B]
Test remote (fast)	UNKNOWN STEP	2025-11-12T16:02:08.8334020Z Fetched 12.6 MB in 2s (8094 kB/s)
Test remote (fast)	UNKNOWN STEP	2025-11-12T16:02:09.5559501Z Reading package lists...
Test remote (fast)	UNKNOWN STEP	2025-11-12T16:02:09.7055657Z Building dependency tree...
Test remote (fast)	UNKNOWN STEP	2025-11-12T16:02:09.7061717Z Reading state information...
Test remote (fast)	UNKNOWN STEP	2025-11-12T16:02:09.7192184Z 22 packages can be upgraded. Run 'apt list --upgradable' to see them.
Test remote (fast)	UNKNOWN STEP	2025-11-12T16:02:09.7458988Z Reading package lists...
Test remote (fast)	UNKNOWN STEP	2025-11-12T16:02:09.8987271Z Building dependency tree...
Test remote (fast)	UNKNOWN STEP	2025-11-12T16:02:09.8994613Z Reading state information...
Test remote (fast)	UNKNOWN STEP	2025-11-12T16:02:10.0540028Z The following NEW packages will be installed:
Test remote (fast)	UNKNOWN STEP	2025-11-12T16:02:10.0546084Z   conntrack
Test remote (fast)	UNKNOWN STEP	2025-11-12T16:02:10.0714203Z 0 upgraded, 1 newly installed, 0 to remove and 22 not upgraded.
Test remote (fast)	UNKNOWN STEP	2025-11-12T16:02:10.0714801Z Need to get 37.9 kB of archives.
Test remote (fast)	UNKNOWN STEP	2025-11-12T16:02:10.0715334Z After this operation, 119 kB of additional disk space will be used.
Test remote (fast)	UNKNOWN STEP	2025-11-12T16:02:10.0715861Z Get:1 file:/etc/apt/apt-mirrors.txt Mirrorlist [144 B]
Test remote (fast)	UNKNOWN STEP	2025-11-12T16:02:10.1112802Z Get:2 http://azure.archive.ubuntu.com/ubuntu noble/main amd64 conntrack amd64 1:1.4.8-1ubuntu1 [37.9 kB]
Test remote (fast)	UNKNOWN STEP	2025-11-12T16:02:10.3549979Z Fetched 37.9 kB in 0s (742 kB/s)
Test remote (fast)	UNKNOWN STEP	2025-11-12T16:02:10.3760249Z Selecting previously unselected package conntrack.
Test remote (fast)	UNKNOWN STEP	2025-11-12T16:02:10.4022091Z (Reading database ... 
Test remote (fast)	UNKNOWN STEP	2025-11-12T16:02:10.4022626Z (Reading database ... 5%
Test remote (fast)	UNKNOWN STEP	2025-11-12T16:02:10.4023082Z (Reading database ... 10%
Test remote (fast)	UNKNOWN STEP	2025-11-12T16:02:10.4023514Z (Reading database ... 15%
Test remote (fast)	UNKNOWN STEP	2025-11-12T16:02:10.4023916Z (Reading database ... 20%
Test remote (fast)	UNKNOWN STEP	2025-11-12T16:02:10.4024211Z (Reading database ... 25%
Test remote (fast)	UNKNOWN STEP	2025-11-12T16:02:10.4024510Z (Reading database ... 30%
Test remote (fast)	UNKNOWN STEP	2025-11-12T16:02:10.4024768Z (Reading database ... 35%
Test remote (fast)	UNKNOWN STEP	2025-11-12T16:02:10.4025034Z (Reading database ... 40%
Test remote (fast)	UNKNOWN STEP	2025-11-12T16:02:10.4025293Z (Reading database ... 45%
Test remote (fast)	UNKNOWN STEP	2025-11-12T16:02:10.4025566Z (Reading database ... 50%
Test remote (fast)	UNKNOWN STEP	2025-11-12T16:02:10.4112774Z (Reading database ... 55%
Test remote (fast)	UNKNOWN STEP	2025-11-12T16:02:10.5492327Z (Reading database ... 60%
Test remote (fast)	UNKNOWN STEP	2025-11-12T16:02:10.6627495Z (Reading database ... 65%
Test remote (fast)	UNKNOWN STEP	2025-11-12T16:02:10.7027285Z (Reading database ... 70%
Test remote (fast)	UNKNOWN STEP	2025-11-12T16:02:10.7544950Z (Reading database ... 75%
Test remote (fast)	UNKNOWN STEP	2025-11-12T16:02:10.9089786Z (Reading database ... 80%
Test remote (fast)	UNKNOWN STEP	2025-11-12T16:02:11.0271883Z (Reading database ... 85%
Test remote (fast)	UNKNOWN STEP	2025-11-12T16:02:11.1412785Z (Reading database ... 90%
Test remote (fast)	UNKNOWN STEP	2025-11-12T16:02:11.2989858Z (Reading database ... 95%
Test remote (fast)	UNKNOWN STEP	2025-11-12T16:02:11.2990242Z (Reading database ... 100%
Test remote (fast)	UNKNOWN STEP	2025-11-12T16:02:11.2990589Z (Reading database ... 215802 files and directories currently installed.)
Test remote (fast)	UNKNOWN STEP	2025-11-12T16:02:11.3033595Z Preparing to unpack .../conntrack_1%3a1.4.8-1ubuntu1_amd64.deb ...
Test remote (fast)	UNKNOWN STEP	2025-11-12T16:02:11.3058026Z Unpacking conntrack (1:1.4.8-1ubuntu1) ...
Test remote (fast)	UNKNOWN STEP	2025-11-12T16:02:11.3453527Z Setting up conntrack (1:1.4.8-1ubuntu1) ...
Test remote (fast)	UNKNOWN STEP	2025-11-12T16:02:11.3484597Z Processing triggers for man-db (2.12.0-4build2) ...
Test remote (fast)	UNKNOWN STEP	2025-11-12T16:02:12.7363391Z 
Test remote (fast)	UNKNOWN STEP	2025-11-12T16:02:12.7363908Z Running kernel seems to be up-to-date.
Test remote (fast)	UNKNOWN STEP	2025-11-12T16:02:12.7364262Z 
Test remote (fast)	UNKNOWN STEP	2025-11-12T16:02:12.7364408Z No services need to be restarted.
Test remote (fast)	UNKNOWN STEP	2025-11-12T16:02:12.7364762Z 
Test remote (fast)	UNKNOWN STEP	2025-11-12T16:02:12.7364984Z No containers need to be restarted.
Test remote (fast)	UNKNOWN STEP	2025-11-12T16:02:12.7365419Z 
Test remote (fast)	UNKNOWN STEP	2025-11-12T16:02:12.7365695Z No user sessions are running outdated binaries.
Test remote (fast)	UNKNOWN STEP	2025-11-12T16:02:12.7366189Z 
Test remote (fast)	UNKNOWN STEP	2025-11-12T16:02:12.7366707Z No VM guests are running outdated hypervisor (qemu) binaries on this host.
Test remote (fast)	UNKNOWN STEP	2025-11-12T16:02:13.5774008Z fs.protected_regular = 0
Test remote (fast)	UNKNOWN STEP	2025-11-12T16:02:13.5784267Z Waiting for Docker to be ready
Test remote (fast)	UNKNOWN STEP	2025-11-12T16:02:13.6500671Z 28.0.4 - 28.0.4
Test remote (fast)	UNKNOWN STEP	2025-11-12T16:02:13.6515139Z Docker daemon is ready
Test remote (fast)	UNKNOWN STEP	2025-11-12T16:02:13.6519419Z Downloading Minikube  v1.32.0
Test remote (fast)	UNKNOWN STEP	2025-11-12T16:02:13.9230123Z Downloading from: https://github.com/kubernetes/minikube/releases/download/v1.32.0/minikube-linux-amd64
Test remote (fast)	UNKNOWN STEP	2025-11-12T16:02:14.7038551Z Installing Minikube
Test remote (fast)	UNKNOWN STEP	2025-11-12T16:02:14.7466204Z * minikube v1.32.0 on Ubuntu 24.04
Test remote (fast)	UNKNOWN STEP	2025-11-12T16:02:14.7470717Z   - MINIKUBE_VERSION=v1.32.0
Test remote (fast)	UNKNOWN STEP	2025-11-12T16:02:14.7474041Z   - MINIKUBE_MEMORY=4096
Test remote (fast)	UNKNOWN STEP	2025-11-12T16:02:14.7477914Z   - MINIKUBE_HOME=/home/runner/work/_temp
Test remote (fast)	UNKNOWN STEP	2025-11-12T16:02:14.7946478Z * minikube 1.37.0 is available! Download it: https://github.com/kubernetes/minikube/releases/tag/v1.37.0
Test remote (fast)	UNKNOWN STEP	2025-11-12T16:02:14.7952983Z * To disable this notice, run: 'minikube config set WantUpdateNotification false'
Test remote (fast)	UNKNOWN STEP	2025-11-12T16:02:14.7953494Z 
Test remote (fast)	UNKNOWN STEP	2025-11-12T16:02:14.9345431Z * Using the docker driver based on user configuration
Test remote (fast)	UNKNOWN STEP	2025-11-12T16:02:14.9786699Z * Using Docker driver with root privileges
Test remote (fast)	UNKNOWN STEP	2025-11-12T16:02:14.9794167Z * Starting control plane node minikube in cluster minikube
Test remote (fast)	UNKNOWN STEP	2025-11-12T16:02:14.9802429Z * Pulling base image ...
Test remote (fast)	UNKNOWN STEP	2025-11-12T16:02:15.0306999Z * Downloading Kubernetes v1.27.10 preload ...
Test remote (fast)	UNKNOWN STEP	2025-11-12T16:02:28.4123303Z * Creating docker container (CPUs=4, Memory=4096MB) ...
Test remote (fast)	UNKNOWN STEP	2025-11-12T16:02:40.6651548Z * Preparing Kubernetes v1.27.10 on Docker 24.0.7 ...
Test remote (fast)	UNKNOWN STEP	2025-11-12T16:02:43.3947199Z   - Generating certificates and keys ...
Test remote (fast)	UNKNOWN STEP	2025-11-12T16:02:45.3614094Z   - Booting up control plane ...
Test remote (fast)	UNKNOWN STEP	2025-11-12T16:02:50.3952953Z   - Configuring RBAC rules ...
Test remote (fast)	UNKNOWN STEP	2025-11-12T16:02:50.8128823Z * Configuring Cilium (Container Networking Interface) ...
Test remote (fast)	UNKNOWN STEP	2025-11-12T16:02:51.5890940Z   - Using image registry.k8s.io/ingress-nginx/kube-webhook-certgen:v20231011-8b53cabe0
Test remote (fast)	UNKNOWN STEP	2025-11-12T16:02:51.5897393Z   - Using image registry.k8s.io/ingress-nginx/controller:v1.9.4
Test remote (fast)	UNKNOWN STEP	2025-11-12T16:02:51.5898805Z   - Using image gcr.io/k8s-minikube/storage-provisioner:v5
Test remote (fast)	UNKNOWN STEP	2025-11-12T16:02:51.5913206Z   - Using image registry.k8s.io/ingress-nginx/kube-webhook-certgen:v20231011-8b53cabe0
Test remote (fast)	UNKNOWN STEP	2025-11-12T16:02:51.5948406Z * Verifying Kubernetes components...
Test remote (fast)	UNKNOWN STEP	2025-11-12T16:02:52.5168434Z * Verifying ingress addon...
Test remote (fast)	UNKNOWN STEP	2025-11-12T16:04:13.0248626Z * Enabled addons: storage-provisioner, default-storageclass, ingress
Test remote (fast)	UNKNOWN STEP	2025-11-12T16:04:16.7208355Z 
Test remote (fast)	UNKNOWN STEP	2025-11-12T16:04:16.7217169Z     > gcr.io/k8s-minikube/kicbase...:  0 B [_______________________] ?% ? p/s ?    > gcr.io/k8s-minikube/kicbase...:  1.62 KiB / 453.90 MiB [>_] 0.00% ? p/s ?    > gcr.io/k8s-minikube/kicbase...:  1.62 KiB / 453.90 MiB [>_] 0.00% ? p/s ?    > gcr.io/k8s-minikube/kicbase...:  8.00 MiB / 453.90 MiB  1.76% 13.32 MiB p    > gcr.io/k8s-minikube/kicbase...:  32.00 MiB / 453.90 MiB  7.05% 13.32 MiB     > gcr.io/k8s-minikube/kicbase...:  63.13 MiB / 453.90 MiB  13.91% 13.32 MiB    > gcr.io/k8s-minikube/kicbase...:  89.72 MiB / 453.90 MiB  19.77% 21.26 MiB    > gcr.io/k8s-minikube/kicbase...:  121.63 MiB / 453.90 MiB  26.80% 21.26 Mi    > gcr.io/k8s-minikube/kicbase...:  163.60 MiB / 453.90 MiB  36.04% 21.26 Mi    > gcr.io/k8s-minikube/kicbase...:  206.82 MiB / 453.90 MiB  45.57% 32.49 Mi    > gcr.io/k8s-minikube/kicbase...:  241.69 MiB / 453.90 MiB  53.25% 32.49 Mi    > gcr.io/k8s-minikube/kicbase...:  284.19 MiB / 453.90 MiB  62.61% 32.49 Mi    > gcr.io/k8s-minikube/kicbase...:  330.78 MiB / 453.90 MiB  72.88% 43.72 Mi    > gcr.io/k8s-minikube/kicbase...:  372.93 MiB / 453.90 MiB  82.16% 43.72 Mi    > gcr.io/k8s-minikube/kicbase...:  416.59 MiB / 453.90 MiB  91.78% 43.72 Mi    > gcr.io/k8s-minikube/kicbase...:  453.90 MiB / 453.90 MiB  100.00% 152.43 ! /usr/bin/kubectl is version 1.34.1, which may have incompatibilities with Kubernetes 1.27.10.
Test remote (fast)	UNKNOWN STEP	2025-11-12T16:04:16.7222214Z   - Want kubectl v1.27.10? Try 'minikube kubectl -- get pods -A'
Test remote (fast)	UNKNOWN STEP	2025-11-12T16:04:16.7222964Z * Done! kubectl is now configured to use "minikube" cluster and "default" namespace by default
Test remote (fast)	UNKNOWN STEP	2025-11-12T16:04:16.8001752Z minikube version: v1.32.0commit: 8220a6eb95f0a4d75f7f2d7b14cef975f050512d installed successfully
Test remote (fast)	UNKNOWN STEP	2025-11-12T16:04:16.8216134Z ##[group]Run actions/download-artifact@v4
Test remote (fast)	UNKNOWN STEP	2025-11-12T16:04:16.8216500Z with:
Test remote (fast)	UNKNOWN STEP	2025-11-12T16:04:16.8216810Z   name: keycloak-dist
Test remote (fast)	UNKNOWN STEP	2025-11-12T16:04:16.8238274Z   path: quarkus/container
Test remote (fast)	UNKNOWN STEP	2025-11-12T16:04:16.8238553Z   merge-multiple: false
Test remote (fast)	UNKNOWN STEP	2025-11-12T16:04:16.8238778Z   repository: keycloak/keycloak
Test remote (fast)	UNKNOWN STEP	2025-11-12T16:04:16.8238998Z   run-id: 19303563341
Test remote (fast)	UNKNOWN STEP	2025-11-12T16:04:16.8239186Z env:
Test remote (fast)	UNKNOWN STEP	2025-11-12T16:04:16.8239442Z   MAVEN_ARGS: -B -nsu -Daether.connector.http.connectionMaxTtl=25
Test remote (fast)	UNKNOWN STEP	2025-11-12T16:04:16.8239773Z   MINIKUBE_VERSION: v1.32.0
Test remote (fast)	UNKNOWN STEP	2025-11-12T16:04:16.8239999Z   KUBERNETES_VERSION: v1.27.10
Test remote (fast)	UNKNOWN STEP	2025-11-12T16:04:16.8240208Z   MINIKUBE_MEMORY: 4096
Test remote (fast)	UNKNOWN STEP	2025-11-12T16:04:16.8240405Z   version_remote: 0.0.1-d9dccc
Test remote (fast)	UNKNOWN STEP	2025-11-12T16:04:16.8240719Z   JAVA_HOME: /opt/hostedtoolcache/Java_Temurin-Hotspot_jdk/21.0.9-10/x64
Test remote (fast)	UNKNOWN STEP	2025-11-12T16:04:16.8241178Z   JAVA_HOME_21_X64: /opt/hostedtoolcache/Java_Temurin-Hotspot_jdk/21.0.9-10/x64
Test remote (fast)	UNKNOWN STEP	2025-11-12T16:04:16.8241533Z   MINIKUBE_HOME: /home/runner/work/_temp
Test remote (fast)	UNKNOWN STEP	2025-11-12T16:04:16.8241978Z ##[endgroup]
Test remote (fast)	UNKNOWN STEP	2025-11-12T16:04:17.0208027Z Downloading single artifact
Test remote (fast)	UNKNOWN STEP	2025-11-12T16:04:17.2124424Z Preparing to download the following artifacts:
Test remote (fast)	UNKNOWN STEP	2025-11-12T16:04:17.2125464Z - keycloak-dist (ID: 4545322964, Size: 154103731, Expected Digest: sha256:739375364bc45fd0742e0f5f1a1fdccfd748e8044153ec01daf74f1c7dbaaff8)
Test remote (fast)	UNKNOWN STEP	2025-11-12T16:04:17.3134407Z Redirecting to blob download url: https://productionresultssa5.blob.core.windows.net/actions-results/3d434334-2d2e-4b15-a8b1-fc781ae459dc/workflow-job-run-c6d96346-c820-57c7-8b75-f31473e41c35/artifacts/8ec452859fe416bcecd39b267c69bfe76c7634fb13c33b71d912d2a8c0986080.zip
Test remote (fast)	UNKNOWN STEP	2025-11-12T16:04:17.3135817Z Starting download of artifact to: /home/runner/work/keycloak/keycloak/quarkus/container
Test remote (fast)	UNKNOWN STEP	2025-11-12T16:04:17.4624744Z (node:10247) [DEP0005] DeprecationWarning: Buffer() is deprecated due to security and usability issues. Please use the Buffer.alloc(), Buffer.allocUnsafe(), or Buffer.from() methods instead.
Test remote (fast)	UNKNOWN STEP	2025-11-12T16:04:17.4625905Z (Use `node --trace-deprecation ...` to show where the warning was created)
Test remote (fast)	UNKNOWN STEP	2025-11-12T16:04:19.9524291Z SHA256 digest of downloaded artifact is 739375364bc45fd0742e0f5f1a1fdccfd748e8044153ec01daf74f1c7dbaaff8
Test remote (fast)	UNKNOWN STEP	2025-11-12T16:04:19.9525182Z Artifact download completed successfully.
Test remote (fast)	UNKNOWN STEP	2025-11-12T16:04:19.9525639Z Total of 1 artifact(s) downloaded
Test remote (fast)	UNKNOWN STEP	2025-11-12T16:04:19.9531635Z Download artifact has finished successfully
Test remote (fast)	UNKNOWN STEP	2025-11-12T16:04:19.9684190Z ##[group]Run eval $(minikube -p minikube docker-env)
Test remote (fast)	UNKNOWN STEP	2025-11-12T16:04:19.9684874Z [36;1meval $(minikube -p minikube docker-env)[0m
Test remote (fast)	UNKNOWN STEP	2025-11-12T16:04:19.9685840Z [36;1m(cd quarkus/container && docker build --build-arg KEYCLOAK_DIST=$(ls keycloak-*.tar.gz) . -t keycloak:0.0.1-d9dccc)[0m
Test remote (fast)	UNKNOWN STEP	2025-11-12T16:04:19.9687115Z [36;1m(cd operator && ./scripts/build-testing-docker-images.sh 0.0.1-d9dccc keycloak custom-keycloak)[0m
Test remote (fast)	UNKNOWN STEP	2025-11-12T16:04:19.9735535Z shell: /usr/bin/bash --noprofile --norc -e -o pipefail {0}
Test remote (fast)	UNKNOWN STEP	2025-11-12T16:04:19.9736082Z env:
Test remote (fast)	UNKNOWN STEP	2025-11-12T16:04:19.9736550Z   MAVEN_ARGS: -B -nsu -Daether.connector.http.connectionMaxTtl=25
Test remote (fast)	UNKNOWN STEP	2025-11-12T16:04:19.9737160Z   MINIKUBE_VERSION: v1.32.0
Test remote (fast)	UNKNOWN STEP	2025-11-12T16:04:19.9737577Z   KUBERNETES_VERSION: v1.27.10
Test remote (fast)	UNKNOWN STEP	2025-11-12T16:04:19.9738276Z   MINIKUBE_MEMORY: 4096
Test remote (fast)	UNKNOWN STEP	2025-11-12T16:04:19.9738653Z   version_remote: 0.0.1-d9dccc
Test remote (fast)	UNKNOWN STEP	2025-11-12T16:04:19.9739241Z   JAVA_HOME: /opt/hostedtoolcache/Java_Temurin-Hotspot_jdk/21.0.9-10/x64
Test remote (fast)	UNKNOWN STEP	2025-11-12T16:04:19.9740102Z   JAVA_HOME_21_X64: /opt/hostedtoolcache/Java_Temurin-Hotspot_jdk/21.0.9-10/x64
Test remote (fast)	UNKNOWN STEP	2025-11-12T16:04:19.9740746Z   MINIKUBE_HOME: /home/runner/work/_temp
Test remote (fast)	UNKNOWN STEP	2025-11-12T16:04:19.9741172Z ##[endgroup]
Test remote (fast)	UNKNOWN STEP	2025-11-12T16:04:20.6802556Z #0 building with "default" instance using docker driver
Test remote (fast)	UNKNOWN STEP	2025-11-12T16:04:20.6802953Z 
Test remote (fast)	UNKNOWN STEP	2025-11-12T16:04:20.6803106Z #1 [internal] load .dockerignore
Test remote (fast)	UNKNOWN STEP	2025-11-12T16:04:20.6803516Z #1 transferring context: 2B done
Test remote (fast)	UNKNOWN STEP	2025-11-12T16:04:20.6803836Z #1 DONE 0.0s
Test remote (fast)	UNKNOWN STEP	2025-11-12T16:04:20.6804012Z 
Test remote (fast)	UNKNOWN STEP	2025-11-12T16:04:20.6804227Z #2 [internal] load build definition from Dockerfile
Test remote (fast)	UNKNOWN STEP	2025-11-12T16:04:20.6804694Z #2 transferring dockerfile: 2.72kB done
Test remote (fast)	UNKNOWN STEP	2025-11-12T16:04:20.6805105Z #2 DONE 0.0s
Test remote (fast)	UNKNOWN STEP	2025-11-12T16:04:20.6805279Z 
Test remote (fast)	UNKNOWN STEP	2025-11-12T16:04:20.6805579Z #3 [internal] load metadata for registry.access.redhat.com/ubi9:latest
Test remote (fast)	UNKNOWN STEP	2025-11-12T16:04:21.0958029Z #3 ...
Test remote (fast)	UNKNOWN STEP	2025-11-12T16:04:21.0958793Z 
Test remote (fast)	UNKNOWN STEP	2025-11-12T16:04:21.0959357Z #4 [internal] load metadata for registry.access.redhat.com/ubi9-micro:latest
Test remote (fast)	UNKNOWN STEP	2025-11-12T16:04:21.0959984Z #4 DONE 0.6s
Test remote (fast)	UNKNOWN STEP	2025-11-12T16:04:21.2341003Z 
Test remote (fast)	UNKNOWN STEP	2025-11-12T16:04:21.2344731Z #3 [internal] load metadata for registry.access.redhat.com/ubi9:latest
Test remote (fast)	UNKNOWN STEP	2025-11-12T16:04:21.2345435Z #3 DONE 0.6s
Test remote (fast)	UNKNOWN STEP	2025-11-12T16:04:21.2345615Z 
Test remote (fast)	UNKNOWN STEP	2025-11-12T16:04:21.2346264Z #5 [stage-1 1/4] FROM registry.access.redhat.com/ubi9-micro@sha256:11e2cc207dc895c0cce721e556e38b8ad5e6e29a983fd57fe9d4aebf0840a502
Test remote (fast)	UNKNOWN STEP	2025-11-12T16:04:21.2347681Z #5 resolve registry.access.redhat.com/ubi9-micro@sha256:11e2cc207dc895c0cce721e556e38b8ad5e6e29a983fd57fe9d4aebf0840a502 done
Test remote (fast)	UNKNOWN STEP	2025-11-12T16:04:21.2349642Z #5 sha256:ceaf7f0ea3f822859b167a3acba45621622c702f17e9b8037595c087c545acaa 428B / 428B done
Test remote (fast)	UNKNOWN STEP	2025-11-12T16:04:21.2362280Z #5 sha256:524c37e684623f830909cf319f59ecb6be9c8d7a338c65cdc0d156eccb3be835 5.18kB / 5.18kB done
Test remote (fast)	UNKNOWN STEP	2025-11-12T16:04:21.2363362Z #5 sha256:4937df0ee49678392d05f53ce31a1218909b44fa8317a36860437808a831de92 0B / 7.27MB 0.1s
Test remote (fast)	UNKNOWN STEP	2025-11-12T16:04:21.2365112Z #5 sha256:11e2cc207dc895c0cce721e556e38b8ad5e6e29a983fd57fe9d4aebf0840a502 970B / 970B done
Test remote (fast)	UNKNOWN STEP	2025-11-12T16:04:21.4365933Z #5 sha256:4937df0ee49678392d05f53ce31a1218909b44fa8317a36860437808a831de92 7.27MB / 7.27MB 0.2s done
Test remote (fast)	UNKNOWN STEP	2025-11-12T16:04:21.4371999Z #5 extracting sha256:4937df0ee49678392d05f53ce31a1218909b44fa8317a36860437808a831de92
Test remote (fast)	UNKNOWN STEP	2025-11-12T16:04:22.2348449Z #5 extracting sha256:4937df0ee49678392d05f53ce31a1218909b44fa8317a36860437808a831de92 0.7s done
Test remote (fast)	UNKNOWN STEP	2025-11-12T16:04:22.2358287Z #5 DONE 1.0s
Test remote (fast)	UNKNOWN STEP	2025-11-12T16:04:22.2360781Z 
Test remote (fast)	UNKNOWN STEP	2025-11-12T16:04:22.2363237Z #6 [ubi-micro-build 1/8] FROM registry.access.redhat.com/ubi9@sha256:bbac76ac0310eefd6298ed3ab3c1710e1c842f1f778800de0f49e660b402bdc5
Test remote (fast)	UNKNOWN STEP	2025-11-12T16:04:22.2366108Z #6 resolve registry.access.redhat.com/ubi9@sha256:bbac76ac0310eefd6298ed3ab3c1710e1c842f1f778800de0f49e660b402bdc5 done
Test remote (fast)	UNKNOWN STEP	2025-11-12T16:04:22.2368962Z #6 sha256:bbac76ac0310eefd6298ed3ab3c1710e1c842f1f778800de0f49e660b402bdc5 970B / 970B done
Test remote (fast)	UNKNOWN STEP	2025-11-12T16:04:22.2370027Z #6 sha256:b62d42eccf24213e83596e835ab3df5c7bee8e896cf517005b8da4c09ee586a6 429B / 429B done
Test remote (fast)	UNKNOWN STEP	2025-11-12T16:04:22.2383051Z #6 sha256:c0293e146868b9cc92258316d7964c2dd067879fa25803bfab5ea1e5fa886dfa 6.15kB / 6.15kB done
Test remote (fast)	UNKNOWN STEP	2025-11-12T16:04:22.2384195Z #6 sha256:3022abd78a961678ba580f66f4abc6871189b6620202a20e5a15ea1adef11a8c 73.40MB / 80.04MB 1.1s
Test remote (fast)	UNKNOWN STEP	2025-11-12T16:04:22.3381586Z #6 sha256:3022abd78a961678ba580f66f4abc6871189b6620202a20e5a15ea1adef11a8c 80.04MB / 80.04MB 1.2s
Test remote (fast)	UNKNOWN STEP	2025-11-12T16:04:22.4402437Z #6 sha256:3022abd78a961678ba580f66f4abc6871189b6620202a20e5a15ea1adef11a8c 80.04MB / 80.04MB 1.2s done
Test remote (fast)	UNKNOWN STEP	2025-11-12T16:04:22.4405183Z #6 extracting sha256:3022abd78a961678ba580f66f4abc6871189b6620202a20e5a15ea1adef11a8c
Test remote (fast)	UNKNOWN STEP	2025-11-12T16:04:22.6106440Z #6 ...
Test remote (fast)	UNKNOWN STEP	2025-11-12T16:04:22.6106673Z 
Test remote (fast)	UNKNOWN STEP	2025-11-12T16:04:22.6106837Z #7 [internal] load build context
Test remote (fast)	UNKNOWN STEP	2025-11-12T16:04:22.6108836Z #7 transferring context: 154.09MB 1.3s done
Test remote (fast)	UNKNOWN STEP	2025-11-12T16:04:22.6109622Z #7 DONE 1.3s
Test remote (fast)	UNKNOWN STEP	2025-11-12T16:04:22.6109797Z 
Test remote (fast)	UNKNOWN STEP	2025-11-12T16:04:22.6111237Z #6 [ubi-micro-build 1/8] FROM registry.access.redhat.com/ubi9@sha256:bbac76ac0310eefd6298ed3ab3c1710e1c842f1f778800de0f49e660b402bdc5
Test remote (fast)	UNKNOWN STEP	2025-11-12T16:04:26.2214503Z #6 extracting sha256:3022abd78a961678ba580f66f4abc6871189b6620202a20e5a15ea1adef11a8c 3.8s done
Test remote (fast)	UNKNOWN STEP	2025-11-12T16:04:26.2215454Z #6 DONE 5.1s
Test remote (fast)	UNKNOWN STEP	2025-11-12T16:04:26.3729514Z 
Test remote (fast)	UNKNOWN STEP	2025-11-12T16:04:26.3730004Z #8 [ubi-micro-build 2/8] RUN dnf install -y tar gzip
Test remote (fast)	UNKNOWN STEP	2025-11-12T16:04:26.5554497Z #8 0.333 Updating Subscription Management repositories.
Test remote (fast)	UNKNOWN STEP	2025-11-12T16:04:26.7092858Z #8 0.334 Unable to read consumer identity
Test remote (fast)	UNKNOWN STEP	2025-11-12T16:04:26.7093216Z #8 0.336 
Test remote (fast)	UNKNOWN STEP	2025-11-12T16:04:26.7093640Z #8 0.336 This system is not registered with an entitlement server. You can use subscription-manager to register.
Test remote (fast)	UNKNOWN STEP	2025-11-12T16:04:26.7094092Z #8 0.336 
Test remote (fast)	UNKNOWN STEP	2025-11-12T16:04:26.7972546Z #8 0.575 Red Hat Universal Base Image 9 (RPMs) - BaseOS  2.5 MB/s | 531 kB     00:00    
Test remote (fast)	UNKNOWN STEP	2025-11-12T16:04:27.1483612Z #8 0.926 Red Hat Universal Base Image 9 (RPMs) - AppStre 9.4 MB/s | 2.6 MB     00:00    
Test remote (fast)	UNKNOWN STEP	2025-11-12T16:04:27.7255954Z #8 1.503 Red Hat Universal Base Image 9 (RPMs) - CodeRea 1.5 MB/s | 287 kB     00:00    
Test remote (fast)	UNKNOWN STEP	2025-11-12T16:04:27.8692555Z #8 1.647 Package tar-2:1.34-7.el9.x86_64 is already installed.
Test remote (fast)	UNKNOWN STEP	2025-11-12T16:04:28.0946277Z #8 1.647 Package gzip-1.12-1.el9.x86_64 is already installed.
Test remote (fast)	UNKNOWN STEP	2025-11-12T16:04:28.0946691Z #8 1.660 Dependencies resolved.
Test remote (fast)	UNKNOWN STEP	2025-11-12T16:04:28.0946929Z #8 1.661 Nothing to do.
Test remote (fast)	UNKNOWN STEP	2025-11-12T16:04:28.0947122Z #8 1.661 Complete!
Test remote (fast)	UNKNOWN STEP	2025-11-12T16:04:28.0947312Z #8 DONE 1.7s
Test remote (fast)	UNKNOWN STEP	2025-11-12T16:04:28.0947419Z 
Test remote (fast)	UNKNOWN STEP	2025-11-12T16:04:28.0947629Z #9 [ubi-micro-build 3/8] ADD keycloak-999.0.0-SNAPSHOT.tar.gz /tmp/keycloak/
Test remote (fast)	UNKNOWN STEP	2025-11-12T16:04:28.8539264Z #9 DONE 0.9s
Test remote (fast)	UNKNOWN STEP	2025-11-12T16:04:29.1036794Z 
Test remote (fast)	UNKNOWN STEP	2025-11-12T16:04:29.1039102Z #10 [ubi-micro-build 4/8] RUN (cd /tmp/keycloak &&     tar -xvf /tmp/keycloak/keycloak-*.tar.gz &&     rm /tmp/keycloak/keycloak-*.tar.gz) || true
Test remote (fast)	UNKNOWN STEP	2025-11-12T16:04:29.1040356Z #10 0.093 tar: /tmp/keycloak/keycloak-*.tar.gz: Cannot open: No such file or directory
Test remote (fast)	UNKNOWN STEP	2025-11-12T16:04:29.1042133Z #10 0.093 tar: Error is not recoverable: exiting now
Test remote (fast)	UNKNOWN STEP	2025-11-12T16:04:29.1042648Z #10 DONE 0.1s
Test remote (fast)	UNKNOWN STEP	2025-11-12T16:04:29.1042855Z 
Test remote (fast)	UNKNOWN STEP	2025-11-12T16:04:29.1043330Z #11 [ubi-micro-build 5/8] RUN mv /tmp/keycloak/keycloak-* /opt/keycloak && mkdir -p /opt/keycloak/data
Test remote (fast)	UNKNOWN STEP	2025-11-12T16:04:29.1043988Z #11 DONE 0.1s
Test remote (fast)	UNKNOWN STEP	2025-11-12T16:04:29.2538971Z 
Test remote (fast)	UNKNOWN STEP	2025-11-12T16:04:29.2539530Z #12 [ubi-micro-build 6/8] RUN chmod -R g+rwX /opt/keycloak
Test remote (fast)	UNKNOWN STEP	2025-11-12T16:04:29.6526056Z #12 DONE 0.5s
Test remote (fast)	UNKNOWN STEP	2025-11-12T16:04:29.7725135Z 
Test remote (fast)	UNKNOWN STEP	2025-11-12T16:04:29.7725752Z #13 [ubi-micro-build 7/8] ADD ubi-null.sh /tmp/
Test remote (fast)	UNKNOWN STEP	2025-11-12T16:04:29.7726253Z #13 DONE 0.0s
Test remote (fast)	UNKNOWN STEP	2025-11-12T16:04:29.7726444Z 
Test remote (fast)	UNKNOWN STEP	2025-11-12T16:04:29.7726913Z #14 [ubi-micro-build 8/8] RUN bash /tmp/ubi-null.sh java-21-openjdk-headless glibc-langpack-en findutils
Test remote (fast)	UNKNOWN STEP	2025-11-12T16:04:29.7727666Z #14 0.101 ==> Installing packages into chroot
Test remote (fast)	UNKNOWN STEP	2025-11-12T16:04:29.7728150Z #14 0.101 + dnf install -y findutils diffutils
Test remote (fast)	UNKNOWN STEP	2025-11-12T16:04:30.0159538Z #14 0.344 Updating Subscription Management repositories.
Test remote (fast)	UNKNOWN STEP	2025-11-12T16:04:30.2288184Z #14 0.345 Unable to read consumer identity
Test remote (fast)	UNKNOWN STEP	2025-11-12T16:04:30.2288682Z #14 0.347 
Test remote (fast)	UNKNOWN STEP	2025-11-12T16:04:30.2289647Z #14 0.347 This system is not registered with an entitlement server. You can use subscription-manager to register.
Test remote (fast)	UNKNOWN STEP	2025-11-12T16:04:30.2290163Z #14 0.347 
Test remote (fast)	UNKNOWN STEP	2025-11-12T16:04:30.2290497Z #14 0.386 Last metadata expiration check: 0:00:03 ago on Wed Nov 12 16:04:27 2025.
Test remote (fast)	UNKNOWN STEP	2025-11-12T16:04:30.2290995Z #14 0.408 Package findutils-1:4.8.0-7.el9.x86_64 is already installed.
Test remote (fast)	UNKNOWN STEP	2025-11-12T16:04:30.2291371Z #14 0.421 Dependencies resolved.
Test remote (fast)	UNKNOWN STEP	2025-11-12T16:04:30.2291665Z #14 0.422 ================================================================================
Test remote (fast)	UNKNOWN STEP	2025-11-12T16:04:30.2292420Z #14 0.422  Package         Architecture Version             Repository               Size
Test remote (fast)	UNKNOWN STEP	2025-11-12T16:04:30.2292860Z #14 0.422 ================================================================================
Test remote (fast)	UNKNOWN STEP	2025-11-12T16:04:30.2293486Z #14 0.422 Installing:
Test remote (fast)	UNKNOWN STEP	2025-11-12T16:04:30.2294028Z #14 0.422  diffutils       x86_64       3.7-12.el9          ubi-9-baseos-rpms       402 k
Test remote (fast)	UNKNOWN STEP	2025-11-12T16:04:30.2294641Z #14 0.422 
Test remote (fast)	UNKNOWN STEP	2025-11-12T16:04:30.2294994Z #14 0.422 Transaction Summary
Test remote (fast)	UNKNOWN STEP	2025-11-12T16:04:30.2295416Z #14 0.422 ================================================================================
Test remote (fast)	UNKNOWN STEP	2025-11-12T16:04:30.2295935Z #14 0.422 Install  1 Package
Test remote (fast)	UNKNOWN STEP	2025-11-12T16:04:30.2296310Z #14 0.422 
Test remote (fast)	UNKNOWN STEP	2025-11-12T16:04:30.2296512Z #14 0.422 Total download size: 402 k
Test remote (fast)	UNKNOWN STEP	2025-11-12T16:04:30.2296832Z #14 0.423 Installed size: 1.4 M
Test remote (fast)	UNKNOWN STEP	2025-11-12T16:04:30.2297261Z #14 0.423 Downloading Packages:
Test remote (fast)	UNKNOWN STEP	2025-11-12T16:04:30.2297814Z #14 0.557 diffutils-3.7-12.el9.x86_64.rpm                 3.0 MB/s | 402 kB     00:00    
Test remote (fast)	UNKNOWN STEP	2025-11-12T16:04:30.3345320Z #14 0.558 --------------------------------------------------------------------------------
Test remote (fast)	UNKNOWN STEP	2025-11-12T16:04:30.3346011Z #14 0.559 Total                                           2.9 MB/s | 402 kB     00:00     
Test remote (fast)	UNKNOWN STEP	2025-11-12T16:04:30.3346552Z #14 0.571 Running transaction check
Test remote (fast)	UNKNOWN STEP	2025-11-12T16:04:30.3346961Z #14 0.574 Transaction check succeeded.
Test remote (fast)	UNKNOWN STEP	2025-11-12T16:04:30.3347373Z #14 0.574 Running transaction test
Test remote (fast)	UNKNOWN STEP	2025-11-12T16:04:30.3347787Z #14 0.599 Transaction test succeeded.
Test remote (fast)	UNKNOWN STEP	2025-11-12T16:04:30.3348169Z #14 0.599 Running transaction
Test remote (fast)	UNKNOWN STEP	2025-11-12T16:04:30.3348644Z #14 0.620   Preparing        :                                                        1/1 
Test remote (fast)	UNKNOWN STEP	2025-11-12T16:04:30.3349323Z #14 0.653   Installing       : diffutils-3.7-12.el9.x86_64                            1/1 
Test remote (fast)	UNKNOWN STEP	2025-11-12T16:04:30.4712427Z #14 0.663   Running scriptlet: diffutils-3.7-12.el9.x86_64                            1/1 
Test remote (fast)	UNKNOWN STEP	2025-11-12T16:04:30.4713262Z #14 0.700   Verifying        : diffutils-3.7-12.el9.x86_64                            1/1 
Test remote (fast)	UNKNOWN STEP	2025-11-12T16:04:30.4713791Z #14 0.725 Installed products updated.
Test remote (fast)	UNKNOWN STEP	2025-11-12T16:04:30.4714114Z #14 0.752 
Test remote (fast)	UNKNOWN STEP	2025-11-12T16:04:30.4714319Z #14 0.752 Installed:
Test remote (fast)	UNKNOWN STEP	2025-11-12T16:04:30.4714778Z #14 0.752   diffutils-3.7-12.el9.x86_64                                                   
Test remote (fast)	UNKNOWN STEP	2025-11-12T16:04:30.4715201Z #14 0.752 
Test remote (fast)	UNKNOWN STEP	2025-11-12T16:04:30.4715467Z #14 0.752 Complete!
Test remote (fast)	UNKNOWN STEP	2025-11-12T16:04:30.4715745Z #14 0.800 ++ realpath rootfs
Test remote (fast)	UNKNOWN STEP	2025-11-12T16:04:30.6244078Z #14 0.801 + rootfs=/tmp/null/rootfs
Test remote (fast)	UNKNOWN STEP	2025-11-12T16:04:30.6244455Z #14 0.801 + mkdir -p /tmp/null/rootfs
Test remote (fast)	UNKNOWN STEP	2025-11-12T16:04:30.6244971Z #14 0.803 + xargs dnf install -y --installroot /tmp/null/rootfs --releasever 9 --setopt install_weak_deps=false --nodocs
Test remote (fast)	UNKNOWN STEP	2025-11-12T16:04:30.7051370Z #14 1.034 Updating Subscription Management repositories.
Test remote (fast)	UNKNOWN STEP	2025-11-12T16:04:30.8572769Z #14 1.034 Unable to read consumer identity
Test remote (fast)	UNKNOWN STEP	2025-11-12T16:04:30.8573104Z #14 1.035 
Test remote (fast)	UNKNOWN STEP	2025-11-12T16:04:30.8573519Z #14 1.035 This system is not registered with an entitlement server. You can use subscription-manager to register.
Test remote (fast)	UNKNOWN STEP	2025-11-12T16:04:30.8573973Z #14 1.035 
Test remote (fast)	UNKNOWN STEP	2025-11-12T16:04:30.9205362Z #14 1.249 Red Hat Universal Base Image 9 (RPMs) - BaseOS  2.7 MB/s | 531 kB     00:00    
Test remote (fast)	UNKNOWN STEP	2025-11-12T16:04:31.2276485Z #14 1.556 Red Hat Universal Base Image 9 (RPMs) - AppStre  11 MB/s | 2.6 MB     00:00    
Test remote (fast)	UNKNOWN STEP	2025-11-12T16:04:31.8244048Z #14 2.153 Red Hat Universal Base Image 9 (RPMs) - CodeRea 1.4 MB/s | 287 kB     00:00    
Test remote (fast)	UNKNOWN STEP	2025-11-12T16:04:31.9653456Z #14 2.294 Dependencies resolved.
Test remote (fast)	UNKNOWN STEP	2025-11-12T16:04:32.0694548Z #14 2.299 =============================================================================================
Test remote (fast)	UNKNOWN STEP	2025-11-12T16:04:32.0695711Z #14 2.299  Package                    Arch    Version                       Repository             Size
Test remote (fast)	UNKNOWN STEP	2025-11-12T16:04:32.0696552Z #14 2.299 =============================================================================================
Test remote (fast)	UNKNOWN STEP	2025-11-12T16:04:32.0697054Z #14 2.299 Installing:
Test remote (fast)	UNKNOWN STEP	2025-11-12T16:04:32.0697547Z #14 2.299  bash                       x86_64  5.1.8-9.el9                   ubi-9-baseos-rpms     1.7 M
Test remote (fast)	UNKNOWN STEP	2025-11-12T16:04:32.0698443Z #14 2.299  coreutils-single           x86_64  8.32-39.el9                   ubi-9-baseos-rpms     625 k
Test remote (fast)	UNKNOWN STEP	2025-11-12T16:04:32.0699819Z #14 2.299  findutils                  x86_64  1:4.8.0-7.el9                 ubi-9-baseos-rpms     550 k
Test remote (fast)	UNKNOWN STEP	2025-11-12T16:04:32.0700694Z #14 2.299  glibc-langpack-en          x86_64  2.34-231.el9_7.2              ubi-9-baseos-rpms     660 k
Test remote (fast)	UNKNOWN STEP	2025-11-12T16:04:32.0701429Z #14 2.299  java-21-openjdk-headless   x86_64  1:21.0.9.0.10-1.el9           ubi-9-appstream-rpms   49 M
Test remote (fast)	UNKNOWN STEP	2025-11-12T16:04:32.0702218Z #14 2.299 Installing dependencies:
Test remote (fast)	UNKNOWN STEP	2025-11-12T16:04:32.0702630Z #14 2.299  alsa-lib                   x86_64  1.2.14-1.el9                  ubi-9-appstream-rpms  529 k
Test remote (fast)	UNKNOWN STEP	2025-11-12T16:04:32.0703170Z #14 2.299  alternatives               x86_64  1.24-2.el9                    ubi-9-baseos-rpms      42 k
Test remote (fast)	UNKNOWN STEP	2025-11-12T16:04:32.0703698Z #14 2.299  avahi-libs                 x86_64  0.8-23.el9                    ubi-9-baseos-rpms      67 k
Test remote (fast)	UNKNOWN STEP	2025-11-12T16:04:32.0704233Z #14 2.299  basesystem                 noarch  11-13.el9                     ubi-9-baseos-rpms     8.0 k
Test remote (fast)	UNKNOWN STEP	2025-11-12T16:04:32.0704765Z #14 2.299  bzip2-libs                 x86_64  1.0.8-10.el9_5                ubi-9-baseos-rpms      42 k
Test remote (fast)	UNKNOWN STEP	2025-11-12T16:04:32.0705339Z #14 2.299  ca-certificates            noarch  2024.2.69_v8.0.303-91.4.el9_4 ubi-9-baseos-rpms     1.0 M
Test remote (fast)	UNKNOWN STEP	2025-11-12T16:04:32.0705994Z #14 2.299  copy-jdk-configs           noarch  4.0-3.el9                     ubi-9-appstream-rpms   29 k
Test remote (fast)	UNKNOWN STEP	2025-11-12T16:04:32.0706610Z #14 2.299  crypto-policies            noarch  20250905-1.git377cc42.el9_7   ubi-9-baseos-rpms      90 k
Test remote (fast)	UNKNOWN STEP	2025-11-12T16:04:32.0707272Z #14 2.299  crypto-policies-scripts    noarch  20250905-1.git377cc42.el9_7   ubi-9-baseos-rpms     102 k
Test remote (fast)	UNKNOWN STEP	2025-11-12T16:04:32.0707930Z #14 2.299  cups-libs                  x86_64  1:2.3.3op2-34.el9_7           ubi-9-baseos-rpms     261 k
Test remote (fast)	UNKNOWN STEP	2025-11-12T16:04:32.0708464Z #14 2.299  dbus-libs                  x86_64  1:1.12.20-8.el9               ubi-9-baseos-rpms     154 k
Test remote (fast)	UNKNOWN STEP	2025-11-12T16:04:32.0708942Z #14 2.299  expat                      x86_64  2.5.0-5.el9_6                 ubi-9-baseos-rpms     119 k
Test remote (fast)	UNKNOWN STEP	2025-11-12T16:04:32.0709382Z #14 2.299  filesystem                 x86_64  3.16-5.el9                    ubi-9-baseos-rpms     4.8 M
Test remote (fast)	UNKNOWN STEP	2025-11-12T16:04:32.0709810Z #14 2.299  gawk                       x86_64  5.1.0-6.el9                   ubi-9-baseos-rpms     1.0 M
Test remote (fast)	UNKNOWN STEP	2025-11-12T16:04:32.0710235Z #14 2.299  gdbm-libs                  x86_64  1:1.23-1.el9                  ubi-9-baseos-rpms      59 k
Test remote (fast)	UNKNOWN STEP	2025-11-12T16:04:32.0710646Z #14 2.299  glibc                      x86_64  2.34-231.el9_7.2              ubi-9-baseos-rpms     2.0 M
Test remote (fast)	UNKNOWN STEP	2025-11-12T16:04:32.0711076Z #14 2.299  glibc-common               x86_64  2.34-231.el9_7.2              ubi-9-baseos-rpms     306 k
Test remote (fast)	UNKNOWN STEP	2025-11-12T16:04:32.0711494Z #14 2.299  gmp                        x86_64  1:6.2.0-13.el9                ubi-9-baseos-rpms     319 k
Test remote (fast)	UNKNOWN STEP	2025-11-12T16:04:32.0711991Z #14 2.299  gnutls                     x86_64  3.8.3-9.el9                   ubi-9-baseos-rpms     1.1 M
Test remote (fast)	UNKNOWN STEP	2025-11-12T16:04:32.0712379Z #14 2.299  grep                       x86_64  3.6-5.el9                     ubi-9-baseos-rpms     273 k
Test remote (fast)	UNKNOWN STEP	2025-11-12T16:04:32.0712851Z #14 2.299  javapackages-filesystem    noarch  6.4.0-1.el9                   ubi-9-appstream-rpms   17 k
Test remote (fast)	UNKNOWN STEP	2025-11-12T16:04:32.0713699Z #14 2.299  keyutils-libs              x86_64  1.6.3-1.el9                   ubi-9-baseos-rpms      34 k
Test remote (fast)	UNKNOWN STEP	2025-11-12T16:04:32.0714174Z #14 2.299  krb5-libs                  x86_64  1.21.1-8.el9_6                ubi-9-baseos-rpms     766 k
Test remote (fast)	UNKNOWN STEP	2025-11-12T16:04:32.0714587Z #14 2.299  libacl                     x86_64  2.3.1-4.el9                   ubi-9-baseos-rpms      24 k
Test remote (fast)	UNKNOWN STEP	2025-11-12T16:04:32.0715052Z #14 2.299  libattr                    x86_64  2.5.1-3.el9                   ubi-9-baseos-rpms      20 k
Test remote (fast)	UNKNOWN STEP	2025-11-12T16:04:32.0715458Z #14 2.299  libcap                     x86_64  2.48-10.el9                   ubi-9-baseos-rpms      70 k
Test remote (fast)	UNKNOWN STEP	2025-11-12T16:04:32.0715872Z #14 2.299  libcom_err                 x86_64  1.46.5-8.el9                  ubi-9-baseos-rpms      26 k
Test remote (fast)	UNKNOWN STEP	2025-11-12T16:04:32.0716286Z #14 2.299  libevent                   x86_64  2.1.12-8.el9_4                ubi-9-baseos-rpms     266 k
Test remote (fast)	UNKNOWN STEP	2025-11-12T16:04:32.0716811Z #14 2.299  libffi                     x86_64  3.4.2-8.el9                   ubi-9-baseos-rpms      40 k
Test remote (fast)	UNKNOWN STEP	2025-11-12T16:04:32.0717222Z #14 2.299  libgcc                     x86_64  11.5.0-11.el9                 ubi-9-baseos-rpms      85 k
Test remote (fast)	UNKNOWN STEP	2025-11-12T16:04:32.0717642Z #14 2.299  libgcrypt                  x86_64  1.10.0-11.el9                 ubi-9-baseos-rpms     510 k
Test remote (fast)	UNKNOWN STEP	2025-11-12T16:04:32.0718081Z #14 2.299  libgpg-error               x86_64  1.42-5.el9                    ubi-9-baseos-rpms     220 k
Test remote (fast)	UNKNOWN STEP	2025-11-12T16:04:32.0718511Z #14 2.299  libidn2                    x86_64  2.3.0-7.el9                   ubi-9-baseos-rpms     105 k
Test remote (fast)	UNKNOWN STEP	2025-11-12T16:04:32.0718931Z #14 2.299  libselinux                 x86_64  3.6-3.el9                     ubi-9-baseos-rpms      88 k
Test remote (fast)	UNKNOWN STEP	2025-11-12T16:04:32.0719371Z #14 2.299  libsepol                   x86_64  3.6-3.el9                     ubi-9-baseos-rpms     331 k
Test remote (fast)	UNKNOWN STEP	2025-11-12T16:04:32.0719793Z #14 2.299  libsigsegv                 x86_64  2.13-4.el9                    ubi-9-baseos-rpms      30 k
Test remote (fast)	UNKNOWN STEP	2025-11-12T16:04:32.0720221Z #14 2.299  libtasn1                   x86_64  4.16.0-9.el9                  ubi-9-baseos-rpms      77 k
Test remote (fast)	UNKNOWN STEP	2025-11-12T16:04:32.0720654Z #14 2.299  libunistring               x86_64  0.9.10-15.el9                 ubi-9-baseos-rpms     499 k
Test remote (fast)	UNKNOWN STEP	2025-11-12T16:04:32.0721083Z #14 2.299  libuuid                    x86_64  2.37.4-21.el9                 ubi-9-baseos-rpms      30 k
Test remote (fast)	UNKNOWN STEP	2025-11-12T16:04:32.0721490Z #14 2.299  libverto                   x86_64  0.3.2-3.el9                   ubi-9-baseos-rpms      24 k
Test remote (fast)	UNKNOWN STEP	2025-11-12T16:04:32.0722023Z #14 2.299  libxcrypt                  x86_64  4.4.18-3.el9                  ubi-9-baseos-rpms     120 k
Test remote (fast)	UNKNOWN STEP	2025-11-12T16:04:32.0722446Z #14 2.299  libzstd                    x86_64  1.5.5-1.el9                   ubi-9-baseos-rpms     297 k
Test remote (fast)	UNKNOWN STEP	2025-11-12T16:04:32.0722862Z #14 2.299  lksctp-tools               x86_64  1.0.19-3.el9_4                ubi-9-baseos-rpms     104 k
Test remote (fast)	UNKNOWN STEP	2025-11-12T16:04:32.0723284Z #14 2.299  lua                        x86_64  5.4.4-4.el9                   ubi-9-appstream-rpms  192 k
Test remote (fast)	UNKNOWN STEP	2025-11-12T16:04:32.0723682Z #14 2.299  lua-libs                   x86_64  5.4.4-4.el9                   ubi-9-baseos-rpms     132 k
Test remote (fast)	UNKNOWN STEP	2025-11-12T16:04:32.0724101Z #14 2.299  lua-posix                  x86_64  35.0-8.el9                    ubi-9-appstream-rpms  155 k
Test remote (fast)	UNKNOWN STEP	2025-11-12T16:04:32.0724505Z #14 2.299  lz4-libs                   x86_64  1.9.3-5.el9                   ubi-9-baseos-rpms      69 k
Test remote (fast)	UNKNOWN STEP	2025-11-12T16:04:32.0724907Z #14 2.299  mpfr                       x86_64  4.1.0-7.el9                   ubi-9-baseos-rpms     329 k
Test remote (fast)	UNKNOWN STEP	2025-11-12T16:04:32.0725377Z #14 2.299  ncurses-base               noarch  6.2-12.20210508.el9           ubi-9-baseos-rpms      96 k
Test remote (fast)	UNKNOWN STEP	2025-11-12T16:04:32.0725844Z #14 2.299  ncurses-libs               x86_64  6.2-12.20210508.el9           ubi-9-baseos-rpms     328 k
Test remote (fast)	UNKNOWN STEP	2025-11-12T16:04:32.0726267Z #14 2.299  nettle                     x86_64  3.10.1-1.el9                  ubi-9-baseos-rpms     568 k
Test remote (fast)	UNKNOWN STEP	2025-11-12T16:04:32.0726675Z #14 2.299  nspr                       x86_64  4.36.0-4.el9_4                ubi-9-appstream-rpms  133 k
Test remote (fast)	UNKNOWN STEP	2025-11-12T16:04:32.0727190Z #14 2.299  nss                        x86_64  3.112.0-4.el9_4               ubi-9-appstream-rpms  723 k
Test remote (fast)	UNKNOWN STEP	2025-11-12T16:04:32.0727668Z #14 2.299  nss-softokn                x86_64  3.112.0-4.el9_4               ubi-9-appstream-rpms  400 k
Test remote (fast)	UNKNOWN STEP	2025-11-12T16:04:32.0728173Z #14 2.299  nss-softokn-freebl         x86_64  3.112.0-4.el9_4               ubi-9-appstream-rpms  413 k
Test remote (fast)	UNKNOWN STEP	2025-11-12T16:04:32.0728636Z #14 2.299  nss-sysinit                x86_64  3.112.0-4.el9_4               ubi-9-appstream-rpms   18 k
Test remote (fast)	UNKNOWN STEP	2025-11-12T16:04:32.0729065Z #14 2.299  nss-util                   x86_64  3.112.0-4.el9_4               ubi-9-appstream-rpms   89 k
Test remote (fast)	UNKNOWN STEP	2025-11-12T16:04:32.0729528Z #14 2.299  openssl-fips-provider      x86_64  3.0.7-8.el9                   ubi-9-baseos-rpms     9.2 k
Test remote (fast)	UNKNOWN STEP	2025-11-12T16:04:32.0730039Z #14 2.299  openssl-fips-provider-so   x86_64  3.0.7-8.el9                   ubi-9-baseos-rpms     576 k
Test remote (fast)	UNKNOWN STEP	2025-11-12T16:04:32.0730625Z #14 2.299  openssl-libs               x86_64  1:3.5.1-3.el9                 ubi-9-baseos-rpms     2.3 M
Test remote (fast)	UNKNOWN STEP	2025-11-12T16:04:32.0731063Z #14 2.299  p11-kit                    x86_64  0.25.3-3.el9_5                ubi-9-baseos-rpms     536 k
Test remote (fast)	UNKNOWN STEP	2025-11-12T16:04:32.0731500Z #14 2.299  p11-kit-trust              x86_64  0.25.3-3.el9_5                ubi-9-baseos-rpms     144 k
Test remote (fast)	UNKNOWN STEP	2025-11-12T16:04:32.0732125Z #14 2.299  pcre                       x86_64  8.44-4.el9                    ubi-9-baseos-rpms     200 k
Test remote (fast)	UNKNOWN STEP	2025-11-12T16:04:32.0732643Z #14 2.299  pcre2                      x86_64  10.40-6.el9                   ubi-9-baseos-rpms     236 k
Test remote (fast)	UNKNOWN STEP	2025-11-12T16:04:32.0733176Z #14 2.299  pcre2-syntax               noarch  10.40-6.el9                   ubi-9-baseos-rpms     144 k
Test remote (fast)	UNKNOWN STEP	2025-11-12T16:04:32.0733645Z #14 2.299  python3                    x86_64  3.9.23-2.el9                  ubi-9-baseos-rpms      26 k
Test remote (fast)	UNKNOWN STEP	2025-11-12T16:04:32.0734218Z #14 2.299  python3-libs               x86_64  3.9.23-2.el9                  ubi-9-baseos-rpms     8.1 M
Test remote (fast)	UNKNOWN STEP	2025-11-12T16:04:32.0734749Z #14 2.299  python3-pip-wheel          noarch  21.3.1-1.el9                  ubi-9-baseos-rpms     1.1 M
Test remote (fast)	UNKNOWN STEP	2025-11-12T16:04:32.0735400Z #14 2.299  python3-setuptools-wheel   noarch  53.0.0-15.el9                 ubi-9-baseos-rpms     468 k
Test remote (fast)	UNKNOWN STEP	2025-11-12T16:04:32.0735881Z #14 2.299  readline                   x86_64  8.1-4.el9                     ubi-9-baseos-rpms     215 k
Test remote (fast)	UNKNOWN STEP	2025-11-12T16:04:32.0736341Z #14 2.299  redhat-release             x86_64  9.7-0.7.el9                   ubi-9-baseos-rpms      53 k
Test remote (fast)	UNKNOWN STEP	2025-11-12T16:04:32.0736842Z #14 2.299  sed                        x86_64  4.8-9.el9                     ubi-9-baseos-rpms     309 k
Test remote (fast)	UNKNOWN STEP	2025-11-12T16:04:32.0737236Z #14 2.299  setup                      noarch  2.13.7-10.el9                 ubi-9-baseos-rpms     150 k
Test remote (fast)	UNKNOWN STEP	2025-11-12T16:04:32.0737760Z #14 2.299  sqlite-libs                x86_64  3.34.1-9.el9_7                ubi-9-baseos-rpms     642 k
Test remote (fast)	UNKNOWN STEP	2025-11-12T16:04:32.0738210Z #14 2.299  systemd-libs               x86_64  252-55.el9_7.2                ubi-9-baseos-rpms     676 k
Test remote (fast)	UNKNOWN STEP	2025-11-12T16:04:32.0738756Z #14 2.299  tzdata                     noarch  2025b-2.el9                   ubi-9-baseos-rpms     901 k
Test remote (fast)	UNKNOWN STEP	2025-11-12T16:04:32.0739219Z #14 2.299  tzdata-java                noarch  2025b-2.el9                   ubi-9-appstream-rpms  223 k
Test remote (fast)	UNKNOWN STEP	2025-11-12T16:04:32.0739747Z #14 2.299  xz-libs                    x86_64  5.2.5-8.el9_0                 ubi-9-baseos-rpms      94 k
Test remote (fast)	UNKNOWN STEP	2025-11-12T16:04:32.0740212Z #14 2.299  zlib                       x86_64  1.2.11-40.el9                 ubi-9-baseos-rpms      93 k
Test remote (fast)	UNKNOWN STEP	2025-11-12T16:04:32.0740527Z #14 2.299 
Test remote (fast)	UNKNOWN STEP	2025-11-12T16:04:32.0740713Z #14 2.299 Transaction Summary
Test remote (fast)	UNKNOWN STEP	2025-11-12T16:04:32.0741100Z #14 2.299 =============================================================================================
Test remote (fast)	UNKNOWN STEP	2025-11-12T16:04:32.0741384Z #14 2.299 Install  84 Packages
Test remote (fast)	UNKNOWN STEP	2025-11-12T16:04:32.0741606Z #14 2.299 
Test remote (fast)	UNKNOWN STEP	2025-11-12T16:04:32.0741972Z #14 2.302 Total download size: 89 M
Test remote (fast)	UNKNOWN STEP	2025-11-12T16:04:32.0742276Z #14 2.302 Installed size: 321 M
Test remote (fast)	UNKNOWN STEP	2025-11-12T16:04:32.0742618Z #14 2.302 Downloading Packages:
Test remote (fast)	UNKNOWN STEP	2025-11-12T16:04:32.0743135Z #14 2.377 (1/84): basesystem-11-13.el9.noarch.rpm         117 kB/s | 8.0 kB     00:00    
Test remote (fast)	UNKNOWN STEP	2025-11-12T16:04:32.0743602Z #14 2.398 (2/84): avahi-libs-0.8-23.el9.x86_64.rpm        751 kB/s |  67 kB     00:00    
Test remote (fast)	UNKNOWN STEP	2025-11-12T16:04:32.1747861Z #14 2.421 (3/84): alternatives-1.24-2.el9.x86_64.rpm      372 kB/s |  42 kB     00:00    
Test remote (fast)	UNKNOWN STEP	2025-11-12T16:04:32.1750210Z #14 2.425 (4/84): bzip2-libs-1.0.8-10.el9_5.x86_64.rpm    1.5 MB/s |  42 kB     00:00    
Test remote (fast)	UNKNOWN STEP	2025-11-12T16:04:32.1751142Z #14 2.494 (5/84): coreutils-single-8.32-39.el9.x86_64.rpm 8.8 MB/s | 625 kB     00:00    
Test remote (fast)	UNKNOWN STEP	2025-11-12T16:04:32.1752226Z #14 2.503 (6/84): bash-5.1.8-9.el9.x86_64.rpm              13 MB/s | 1.7 MB     00:00    
Test remote (fast)	UNKNOWN STEP	2025-11-12T16:04:32.2932345Z #14 2.517 (7/84): ca-certificates-2024.2.69_v8.0.303-91.4  10 MB/s | 1.0 MB     00:00    
Test remote (fast)	UNKNOWN STEP	2025-11-12T16:04:32.2933685Z #14 2.518 (8/84): crypto-policies-20250905-1.git377cc42.e 3.8 MB/s |  90 kB     00:00    
Test remote (fast)	UNKNOWN STEP	2025-11-12T16:04:32.2934553Z #14 2.522 (9/84): crypto-policies-scripts-20250905-1.git3 5.6 MB/s | 102 kB     00:00    
Test remote (fast)	UNKNOWN STEP	2025-11-12T16:04:32.2935351Z #14 2.538 (10/84): cups-libs-2.3.3op2-34.el9_7.x86_64.rpm  12 MB/s | 261 kB     00:00    
Test remote (fast)	UNKNOWN STEP	2025-11-12T16:04:32.2935835Z #14 2.540 (11/84): dbus-libs-1.12.20-8.el9.x86_64.rpm     6.9 MB/s | 154 kB     00:00    
Test remote (fast)	UNKNOWN STEP	2025-11-12T16:04:32.2936273Z #14 2.541 (12/84): expat-2.5.0-5.el9_6.x86_64.rpm         6.0 MB/s | 119 kB     00:00    
Test remote (fast)	UNKNOWN STEP	2025-11-12T16:04:32.2936703Z #14 2.572 (13/84): gawk-5.1.0-6.el9.x86_64.rpm             33 MB/s | 1.0 MB     00:00    
Test remote (fast)	UNKNOWN STEP	2025-11-12T16:04:32.2937219Z #14 2.575 (14/84): findutils-4.8.0-7.el9.x86_64.rpm        15 MB/s | 550 kB     00:00    
Test remote (fast)	UNKNOWN STEP	2025-11-12T16:04:32.2937802Z #14 2.592 (15/84): gdbm-libs-1.23-1.el9.x86_64.rpm        2.9 MB/s |  59 kB     00:00    
Test remote (fast)	UNKNOWN STEP	2025-11-12T16:04:32.2938248Z #14 2.622 (16/84): filesystem-3.16-5.el9.x86_64.rpm        57 MB/s | 4.8 MB     00:00    
Test remote (fast)	UNKNOWN STEP	2025-11-12T16:04:32.3967452Z #14 2.624 (17/84): glibc-common-2.34-231.el9_7.2.x86_64.r 9.5 MB/s | 306 kB     00:00    
Test remote (fast)	UNKNOWN STEP	2025-11-12T16:04:32.3968108Z #14 2.633 (18/84): glibc-2.34-231.el9_7.2.x86_64.rpm       34 MB/s | 2.0 MB     00:00    
Test remote (fast)	UNKNOWN STEP	2025-11-12T16:04:32.3968572Z #14 2.645 (19/84): glibc-langpack-en-2.34-231.el9_7.2.x86  28 MB/s | 660 kB     00:00    
Test remote (fast)	UNKNOWN STEP	2025-11-12T16:04:32.3969019Z #14 2.648 (20/84): gmp-6.2.0-13.el9.x86_64.rpm             13 MB/s | 319 kB     00:00    
Test remote (fast)	UNKNOWN STEP	2025-11-12T16:04:32.3969450Z #14 2.665 (21/84): gnutls-3.8.3-9.el9.x86_64.rpm           34 MB/s | 1.1 MB     00:00    
Test remote (fast)	UNKNOWN STEP	2025-11-12T16:04:32.3969879Z #14 2.666 (22/84): keyutils-libs-1.6.3-1.el9.x86_64.rpm   1.8 MB/s |  34 kB     00:00    
Test remote (fast)	UNKNOWN STEP	2025-11-12T16:04:32.3970302Z #14 2.669 (23/84): grep-3.6-5.el9.x86_64.rpm               12 MB/s | 273 kB     00:00    
Test remote (fast)	UNKNOWN STEP	2025-11-12T16:04:32.3970696Z #14 2.687 (24/84): libattr-2.5.1-3.el9.x86_64.rpm         1.1 MB/s |  20 kB     00:00    
Test remote (fast)	UNKNOWN STEP	2025-11-12T16:04:32.3971123Z #14 2.690 (25/84): krb5-libs-1.21.1-8.el9_6.x86_64.rpm     30 MB/s | 766 kB     00:00    
Test remote (fast)	UNKNOWN STEP	2025-11-12T16:04:32.3971532Z #14 2.696 (26/84): libacl-2.3.1-4.el9.x86_64.rpm          829 kB/s |  24 kB     00:00    
Test remote (fast)	UNKNOWN STEP	2025-11-12T16:04:32.3972194Z #14 2.706 (27/84): libcap-2.48-10.el9.x86_64.rpm          3.7 MB/s |  70 kB     00:00    
Test remote (fast)	UNKNOWN STEP	2025-11-12T16:04:32.3972612Z #14 2.709 (28/84): libcom_err-1.46.5-8.el9.x86_64.rpm     1.4 MB/s |  26 kB     00:00    
Test remote (fast)	UNKNOWN STEP	2025-11-12T16:04:32.3973032Z #14 2.716 (29/84): libevent-2.1.12-8.el9_4.x86_64.rpm      13 MB/s | 266 kB     00:00    
Test remote (fast)	UNKNOWN STEP	2025-11-12T16:04:32.3973444Z #14 2.725 (30/84): libffi-3.4.2-8.el9.x86_64.rpm          2.0 MB/s |  40 kB     00:00    
Test remote (fast)	UNKNOWN STEP	2025-11-12T16:04:32.5020192Z #14 2.738 (31/84): libgcrypt-1.10.0-11.el9.x86_64.rpm      23 MB/s | 510 kB     00:00    
Test remote (fast)	UNKNOWN STEP	2025-11-12T16:04:32.5021325Z #14 2.743 (32/84): libgcc-11.5.0-11.el9.x86_64.rpm        2.5 MB/s |  85 kB     00:00    
Test remote (fast)	UNKNOWN STEP	2025-11-12T16:04:32.5022262Z #14 2.747 (33/84): libgpg-error-1.42-5.el9.x86_64.rpm      10 MB/s | 220 kB     00:00    
Test remote (fast)	UNKNOWN STEP	2025-11-12T16:04:32.5022749Z #14 2.756 (34/84): libidn2-2.3.0-7.el9.x86_64.rpm         5.6 MB/s | 105 kB     00:00    
Test remote (fast)	UNKNOWN STEP	2025-11-12T16:04:32.5023430Z #14 2.772 (35/84): libsepol-3.6-3.el9.x86_64.rpm           13 MB/s | 331 kB     00:00    
Test remote (fast)	UNKNOWN STEP	2025-11-12T16:04:32.5023897Z #14 2.774 (36/84): libselinux-3.6-3.el9.x86_64.rpm        2.7 MB/s |  88 kB     00:00    
Test remote (fast)	UNKNOWN STEP	2025-11-12T16:04:32.5024389Z #14 2.775 (37/84): libsigsegv-2.13-4.el9.x86_64.rpm       1.6 MB/s |  30 kB     00:00    
Test remote (fast)	UNKNOWN STEP	2025-11-12T16:04:32.5024939Z #14 2.791 (38/84): libtasn1-4.16.0-9.el9.x86_64.rpm       4.0 MB/s |  77 kB     00:00    
Test remote (fast)	UNKNOWN STEP	2025-11-12T16:04:32.5025376Z #14 2.797 (39/84): libunistring-0.9.10-15.el9.x86_64.rpm   21 MB/s | 499 kB     00:00    
Test remote (fast)	UNKNOWN STEP	2025-11-12T16:04:32.5025817Z #14 2.809 (40/84): libuuid-2.37.4-21.el9.x86_64.rpm       888 kB/s |  30 kB     00:00    
Test remote (fast)	UNKNOWN STEP	2025-11-12T16:04:32.5026243Z #14 2.810 (41/84): libverto-0.3.2-3.el9.x86_64.rpm        1.3 MB/s |  24 kB     00:00    
Test remote (fast)	UNKNOWN STEP	2025-11-12T16:04:32.5026665Z #14 2.816 (42/84): libxcrypt-4.4.18-3.el9.x86_64.rpm      6.3 MB/s | 120 kB     00:00    
Test remote (fast)	UNKNOWN STEP	2025-11-12T16:04:32.5027245Z #14 2.831 (43/84): libzstd-1.5.5-1.el9.x86_64.rpm          14 MB/s | 297 kB     00:00    
Test remote (fast)	UNKNOWN STEP	2025-11-12T16:04:32.6051249Z #14 2.833 (44/84): lksctp-tools-1.0.19-3.el9_4.x86_64.rpm 4.4 MB/s | 104 kB     00:00    
Test remote (fast)	UNKNOWN STEP	2025-11-12T16:04:32.6052924Z #14 2.835 (45/84): lua-libs-5.4.4-4.el9.x86_64.rpm        6.9 MB/s | 132 kB     00:00    
Test remote (fast)	UNKNOWN STEP	2025-11-12T16:04:32.6053774Z #14 2.850 (46/84): lz4-libs-1.9.3-5.el9.x86_64.rpm        3.6 MB/s |  69 kB     00:00    
Test remote (fast)	UNKNOWN STEP	2025-11-12T16:04:32.6054394Z #14 2.855 (47/84): mpfr-4.1.0-7.el9.x86_64.rpm             15 MB/s | 329 kB     00:00    
Test remote (fast)	UNKNOWN STEP	2025-11-12T16:04:32.6055064Z #14 2.858 (48/84): ncurses-base-6.2-12.20210508.el9.noarc 4.1 MB/s |  96 kB     00:00    
Test remote (fast)	UNKNOWN STEP	2025-11-12T16:04:32.6055738Z #14 2.870 (49/84): ncurses-libs-6.2-12.20210508.el9.x86_6  16 MB/s | 328 kB     00:00    
Test remote (fast)	UNKNOWN STEP	2025-11-12T16:04:32.6056422Z #14 2.876 (50/84): openssl-fips-provider-3.0.7-8.el9.x86_ 522 kB/s | 9.2 kB     00:00    
Test remote (fast)	UNKNOWN STEP	2025-11-12T16:04:32.6056981Z #14 2.879 (51/84): nettle-3.10.1-1.el9.x86_64.rpm          24 MB/s | 568 kB     00:00    
Test remote (fast)	UNKNOWN STEP	2025-11-12T16:04:32.6057654Z #14 2.892 (52/84): openssl-fips-provider-so-3.0.7-8.el9.x  26 MB/s | 576 kB     00:00    
Test remote (fast)	UNKNOWN STEP	2025-11-12T16:04:32.6058323Z #14 2.900 (53/84): p11-kit-0.25.3-3.el9_5.x86_64.rpm       24 MB/s | 536 kB     00:00    
Test remote (fast)	UNKNOWN STEP	2025-11-12T16:04:32.6058873Z #14 2.911 (54/84): p11-kit-trust-0.25.3-3.el9_5.x86_64.rp 7.5 MB/s | 144 kB     00:00    
Test remote (fast)	UNKNOWN STEP	2025-11-12T16:04:32.6059353Z #14 2.921 (55/84): pcre-8.44-4.el9.x86_64.rpm             9.9 MB/s | 200 kB     00:00    
Test remote (fast)	UNKNOWN STEP	2025-11-12T16:04:32.6059906Z #14 2.934 (56/84): openssl-libs-3.5.1-3.el9.x86_64.rpm     40 MB/s | 2.3 MB     00:00    
Test remote (fast)	UNKNOWN STEP	2025-11-12T16:04:32.7094670Z #14 2.936 (57/84): pcre2-10.40-6.el9.x86_64.rpm           9.4 MB/s | 236 kB     00:00    
Test remote (fast)	UNKNOWN STEP	2025-11-12T16:04:32.7095253Z #14 2.940 (58/84): pcre2-syntax-10.40-6.el9.noarch.rpm    7.5 MB/s | 144 kB     00:00    
Test remote (fast)	UNKNOWN STEP	2025-11-12T16:04:32.7095816Z #14 2.955 (59/84): python3-3.9.23-2.el9.x86_64.rpm        1.2 MB/s |  26 kB     00:00    
Test remote (fast)	UNKNOWN STEP	2025-11-12T16:04:32.7096287Z #14 2.968 (60/84): python3-pip-wheel-21.3.1-1.el9.noarch.  40 MB/s | 1.1 MB     00:00    
Test remote (fast)	UNKNOWN STEP	2025-11-12T16:04:32.7096764Z #14 2.979 (61/84): python3-setuptools-wheel-53.0.0-15.el9  20 MB/s | 468 kB     00:00    
Test remote (fast)	UNKNOWN STEP	2025-11-12T16:04:32.7097214Z #14 2.990 (62/84): readline-8.1-4.el9.x86_64.rpm           10 MB/s | 215 kB     00:00    
Test remote (fast)	UNKNOWN STEP	2025-11-12T16:04:32.7097635Z #14 3.006 (63/84): redhat-release-9.7-0.7.el9.x86_64.rpm  2.0 MB/s |  53 kB     00:00    
Test remote (fast)	UNKNOWN STEP	2025-11-12T16:04:32.7098049Z #14 3.015 (64/84): sed-4.8-9.el9.x86_64.rpm                12 MB/s | 309 kB     00:00    
Test remote (fast)	UNKNOWN STEP	2025-11-12T16:04:32.7098451Z #14 3.030 (65/84): python3-libs-3.9.23-2.el9.x86_64.rpm    86 MB/s | 8.1 MB     00:00    
Test remote (fast)	UNKNOWN STEP	2025-11-12T16:04:32.7098876Z #14 3.032 (66/84): setup-2.13.7-10.el9.noarch.rpm         5.7 MB/s | 150 kB     00:00    
Test remote (fast)	UNKNOWN STEP	2025-11-12T16:04:32.7099289Z #14 3.038 (67/84): sqlite-libs-3.34.1-9.el9_7.x86_64.rpm   27 MB/s | 642 kB     00:00    
Test remote (fast)	UNKNOWN STEP	2025-11-12T16:04:32.8129444Z #14 3.055 (68/84): systemd-libs-252-55.el9_7.2.x86_64.rpm  26 MB/s | 676 kB     00:00    
Test remote (fast)	UNKNOWN STEP	2025-11-12T16:04:32.8130385Z #14 3.057 (69/84): xz-libs-5.2.5-8.el9_0.x86_64.rpm       4.8 MB/s |  94 kB     00:00    
Test remote (fast)	UNKNOWN STEP	2025-11-12T16:04:32.8131528Z #14 3.062 (70/84): tzdata-2025b-2.el9.noarch.rpm           30 MB/s | 901 kB     00:00    
Test remote (fast)	UNKNOWN STEP	2025-11-12T16:04:32.8132574Z #14 3.075 (71/84): zlib-1.2.11-40.el9.x86_64.rpm          4.9 MB/s |  93 kB     00:00    
Test remote (fast)	UNKNOWN STEP	2025-11-12T16:04:32.8133377Z #14 3.076 (72/84): copy-jdk-configs-4.0-3.el9.noarch.rpm  1.5 MB/s |  29 kB     00:00    
Test remote (fast)	UNKNOWN STEP	2025-11-12T16:04:32.8134142Z #14 3.081 (73/84): lua-5.4.4-4.el9.x86_64.rpm             9.9 MB/s | 192 kB     00:00    
Test remote (fast)	UNKNOWN STEP	2025-11-12T16:04:32.8134853Z #14 3.093 (74/84): lua-posix-35.0-8.el9.x86_64.rpm        8.3 MB/s | 155 kB     00:00    
Test remote (fast)	UNKNOWN STEP	2025-11-12T16:04:32.8135603Z #14 3.099 (75/84): alsa-lib-1.2.14-1.el9.x86_64.rpm        23 MB/s | 529 kB     00:00    
Test remote (fast)	UNKNOWN STEP	2025-11-12T16:04:32.8136401Z #14 3.113 (76/84): javapackages-filesystem-6.4.0-1.el9.no 891 kB/s |  17 kB     00:00    
Test remote (fast)	UNKNOWN STEP	2025-11-12T16:04:32.8137431Z #14 3.120 (77/84): nspr-4.36.0-4.el9_4.x86_64.rpm         6.2 MB/s | 133 kB     00:00    
Test remote (fast)	UNKNOWN STEP	2025-11-12T16:04:32.8138133Z #14 3.141 (78/84): nss-3.112.0-4.el9_4.x86_64.rpm          25 MB/s | 723 kB     00:00    
Test remote (fast)	UNKNOWN STEP	2025-11-12T16:04:33.0074836Z #14 3.145 (79/84): nss-softokn-3.112.0-4.el9_4.x86_64.rpm  16 MB/s | 400 kB     00:00    
Test remote (fast)	UNKNOWN STEP	2025-11-12T16:04:33.0075708Z #14 3.163 (80/84): nss-softokn-freebl-3.112.0-4.el9_4.x86  19 MB/s | 413 kB     00:00    
Test remote (fast)	UNKNOWN STEP	2025-11-12T16:04:33.0076515Z #14 3.165 (81/84): nss-sysinit-3.112.0-4.el9_4.x86_64.rpm 930 kB/s |  18 kB     00:00    
Test remote (fast)	UNKNOWN STEP	2025-11-12T16:04:33.0077344Z #14 3.183 (82/84): nss-util-3.112.0-4.el9_4.x86_64.rpm    4.6 MB/s |  89 kB     00:00    
Test remote (fast)	UNKNOWN STEP	2025-11-12T16:04:33.0078147Z #14 3.185 (83/84): tzdata-java-2025b-2.el9.noarch.rpm      11 MB/s | 223 kB     00:00    
Test remote (fast)	UNKNOWN STEP	2025-11-12T16:04:33.1615270Z #14 3.490 (84/84): java-21-openjdk-headless-21.0.9.0.10-1 121 MB/s |  49 MB     00:00    
Test remote (fast)	UNKNOWN STEP	2025-11-12T16:04:33.3961197Z #14 3.493 --------------------------------------------------------------------------------
Test remote (fast)	UNKNOWN STEP	2025-11-12T16:04:33.3961711Z #14 3.494 Total                                            75 MB/s |  89 MB     00:01     
Test remote (fast)	UNKNOWN STEP	2025-11-12T16:04:33.3962379Z #14 3.505 Red Hat Universal Base Image 9 (RPMs) - BaseOS  3.5 MB/s | 3.6 kB     00:00    
Test remote (fast)	UNKNOWN STEP	2025-11-12T16:04:33.3962776Z #14 3.570 Importing GPG key 0xFD431D51:
Test remote (fast)	UNKNOWN STEP	2025-11-12T16:04:33.3963129Z #14 3.570  Userid     : "Red Hat, Inc. (release key 2) <security@redhat.com>"
Test remote (fast)	UNKNOWN STEP	2025-11-12T16:04:33.3963535Z #14 3.570  Fingerprint: 567E 347A D004 4ADE 55BA 8A5F 199E 2F91 FD43 1D51
Test remote (fast)	UNKNOWN STEP	2025-11-12T16:04:33.3963964Z #14 3.570  From       : /etc/pki/rpm-gpg/RPM-GPG-KEY-redhat-release
Test remote (fast)	UNKNOWN STEP	2025-11-12T16:04:33.3964284Z #14 3.573 Key imported successfully
Test remote (fast)	UNKNOWN STEP	2025-11-12T16:04:33.3964529Z #14 3.573 Importing GPG key 0x5A6340B3:
Test remote (fast)	UNKNOWN STEP	2025-11-12T16:04:33.3964853Z #14 3.573  Userid     : "Red Hat, Inc. (auxiliary key 3) <security@redhat.com>"
Test remote (fast)	UNKNOWN STEP	2025-11-12T16:04:33.3965247Z #14 3.573  Fingerprint: 7E46 2425 8C40 6535 D56D 6F13 5054 E4A4 5A63 40B3
Test remote (fast)	UNKNOWN STEP	2025-11-12T16:04:33.3965635Z #14 3.573  From       : /etc/pki/rpm-gpg/RPM-GPG-KEY-redhat-release
Test remote (fast)	UNKNOWN STEP	2025-11-12T16:04:33.3965946Z #14 3.574 Key imported successfully
Test remote (fast)	UNKNOWN STEP	2025-11-12T16:04:34.2632346Z #14 4.592 Running transaction check
Test remote (fast)	UNKNOWN STEP	2025-11-12T16:04:34.4657582Z #14 4.644 Transaction check succeeded.
Test remote (fast)	UNKNOWN STEP	2025-11-12T16:04:34.4658097Z #14 4.644 Running transaction test
Test remote (fast)	UNKNOWN STEP	2025-11-12T16:04:35.0994454Z #14 5.428 Transaction test succeeded.
Test remote (fast)	UNKNOWN STEP	2025-11-12T16:04:35.2504922Z #14 5.429 Running transaction
Test remote (fast)	UNKNOWN STEP	2025-11-12T16:04:35.8450359Z #14 6.020   Running scriptlet: filesystem-3.16-5.el9.x86_64                           1/1 
Test remote (fast)	UNKNOWN STEP	2025-11-12T16:04:35.8450993Z #14 6.022   Running scriptlet: copy-jdk-configs-4.0-3.el9.noarch                      1/1 
Test remote (fast)	UNKNOWN STEP	2025-11-12T16:04:36.0234563Z #14 6.023   Running scriptlet: java-21-openjdk-headless-1:21.0.9.0.10-1.el9.x86_64    1/1 
Test remote (fast)	UNKNOWN STEP	2025-11-12T16:04:36.3154222Z #14 6.350   Preparing        :                                                        1/1 
Test remote (fast)	UNKNOWN STEP	2025-11-12T16:04:36.4256659Z #14 6.643   Installing       : tzdata-2025b-2.el9.noarch                             1/84 
Test remote (fast)	UNKNOWN STEP	2025-11-12T16:04:36.4258181Z #14 6.725   Installing       : tzdata-java-2025b-2.el9.noarch                        2/84 
Test remote (fast)	UNKNOWN STEP	2025-11-12T16:04:36.4260561Z #14 6.725   Installing       : javapackages-filesystem-6.4.0-1.el9.noarch            3/84 
Test remote (fast)	UNKNOWN STEP	2025-11-12T16:04:36.4261390Z #14 6.739   Installing       : redhat-release-9.7-0.7.el9.x86_64                     4/84 
Test remote (fast)	UNKNOWN STEP	2025-11-12T16:04:36.4262313Z #14 6.752   Installing       : setup-2.13.7-10.el9.noarch                            5/84 
Test remote (fast)	UNKNOWN STEP	2025-11-12T16:04:36.5653985Z #14 6.752   Running scriptlet: setup-2.13.7-10.el9.noarch                            5/84 
Test remote (fast)	UNKNOWN STEP	2025-11-12T16:04:36.5655790Z #14 6.807   Installing       : filesystem-3.16-5.el9.x86_64                          6/84 
Test remote (fast)	UNKNOWN STEP	2025-11-12T16:04:36.7153695Z #14 6.894   Installing       : basesystem-11-13.el9.noarch                           7/84 
Test remote (fast)	UNKNOWN STEP	2025-11-12T16:04:36.7155059Z #14 6.901   Installing       : python3-setuptools-wheel-53.0.0-15.el9.noarch         8/84 
Test remote (fast)	UNKNOWN STEP	2025-11-12T16:04:36.7156944Z #14 6.905   Installing       : pcre2-syntax-10.40-6.el9.noarch                       9/84 
Test remote (fast)	UNKNOWN STEP	2025-11-12T16:04:36.7157806Z #14 6.938   Installing       : ncurses-base-6.2-12.20210508.el9.noarch              10/84 
Test remote (fast)	UNKNOWN STEP	2025-11-12T16:04:36.7158632Z #14 6.951   Installing       : ncurses-libs-6.2-12.20210508.el9.x86_64              11/84 
Test remote (fast)	UNKNOWN STEP	2025-11-12T16:04:36.7159397Z #14 6.974   Installing       : bash-5.1.8-9.el9.x86_64                              12/84 
Test remote (fast)	UNKNOWN STEP	2025-11-12T16:04:36.7160168Z #14 6.976   Running scriptlet: bash-5.1.8-9.el9.x86_64                              12/84 
Test remote (fast)	UNKNOWN STEP	2025-11-12T16:04:36.7160954Z #14 6.979   Installing       : libgcc-11.5.0-11.el9.x86_64                          13/84 
Test remote (fast)	UNKNOWN STEP	2025-11-12T16:04:36.7161734Z #14 6.981   Running scriptlet: libgcc-11.5.0-11.el9.x86_64                          13/84 
Test remote (fast)	UNKNOWN STEP	2025-11-12T16:04:36.9160619Z #14 7.044   Installing       : glibc-langpack-en-2.34-231.el9_7.2.x86_64            14/84 
Test remote (fast)	UNKNOWN STEP	2025-11-12T16:04:36.9161235Z #14 7.058   Installing       : glibc-common-2.34-231.el9_7.2.x86_64                 15/84 
Test remote (fast)	UNKNOWN STEP	2025-11-12T16:04:36.9162094Z #14 7.060   Running scriptlet: glibc-2.34-231.el9_7.2.x86_64                        16/84 
Test remote (fast)	UNKNOWN STEP	2025-11-12T16:04:36.9162679Z #14 7.091   Installing       : glibc-2.34-231.el9_7.2.x86_64                        16/84 
Test remote (fast)	UNKNOWN STEP	2025-11-12T16:04:37.2761106Z #14 7.094   Running scriptlet: glibc-2.34-231.el9_7.2.x86_64                        16/84 
Test remote (fast)	UNKNOWN STEP	2025-11-12T16:04:37.4990581Z #14 7.605   Installing       : crypto-policies-20250905-1.git377cc42.el9_7.noarch   17/84 
Test remote (fast)	UNKNOWN STEP	2025-11-12T16:04:37.4991631Z #14 7.607   Running scriptlet: crypto-policies-20250905-1.git377cc42.el9_7.noarch   17/84 
Test remote (fast)	UNKNOWN STEP	2025-11-12T16:04:37.4992640Z #14 7.611   Installing       : nspr-4.36.0-4.el9_4.x86_64                           18/84 
Test remote (fast)	UNKNOWN STEP	2025-11-12T16:04:37.4993318Z #14 7.615   Installing       : nss-util-3.112.0-4.el9_4.x86_64                      19/84 
Test remote (fast)	UNKNOWN STEP	2025-11-12T16:04:37.4993781Z #14 7.618   Installing       : zlib-1.2.11-40.el9.x86_64                            20/84 
Test remote (fast)	UNKNOWN STEP	2025-11-12T16:04:37.4994257Z #14 7.621   Installing       : libtasn1-4.16.0-9.el9.x86_64                         21/84 
Test remote (fast)	UNKNOWN STEP	2025-11-12T16:04:37.4994735Z #14 7.625   Installing       : libxcrypt-4.4.18-3.el9.x86_64                        22/84 
Test remote (fast)	UNKNOWN STEP	2025-11-12T16:04:37.4995205Z #14 7.630   Installing       : readline-8.1-4.el9.x86_64                            23/84 
Test remote (fast)	UNKNOWN STEP	2025-11-12T16:04:37.4995660Z #14 7.637   Installing       : sqlite-libs-3.34.1-9.el9_7.x86_64                    24/84 
Test remote (fast)	UNKNOWN STEP	2025-11-12T16:04:37.4996127Z #14 7.640   Installing       : alternatives-1.24-2.el9.x86_64                       25/84 
Test remote (fast)	UNKNOWN STEP	2025-11-12T16:04:37.4996582Z #14 7.646   Installing       : gmp-1:6.2.0-13.el9.x86_64                            26/84 
Test remote (fast)	UNKNOWN STEP	2025-11-12T16:04:37.4997023Z #14 7.649   Installing       : libattr-2.5.1-3.el9.x86_64                           27/84 
Test remote (fast)	UNKNOWN STEP	2025-11-12T16:04:37.4997474Z #14 7.651   Installing       : libacl-2.3.1-4.el9.x86_64                            28/84 
Test remote (fast)	UNKNOWN STEP	2025-11-12T16:04:37.4997944Z #14 7.656   Installing       : libcap-2.48-10.el9.x86_64                            29/84 
Test remote (fast)	UNKNOWN STEP	2025-11-12T16:04:37.4998404Z #14 7.659   Installing       : libffi-3.4.2-8.el9.x86_64                            30/84 
Test remote (fast)	UNKNOWN STEP	2025-11-12T16:04:37.4999138Z #14 7.670   Installing       : p11-kit-0.25.3-3.el9_5.x86_64                        31/84 
Test remote (fast)	UNKNOWN STEP	2025-11-12T16:04:37.4999618Z #14 7.676   Installing       : p11-kit-trust-0.25.3-3.el9_5.x86_64                  32/84 
Test remote (fast)	UNKNOWN STEP	2025-11-12T16:04:37.5957287Z #14 7.677   Running scriptlet: p11-kit-trust-0.25.3-3.el9_5.x86_64                  32/84 
Test remote (fast)	UNKNOWN STEP	2025-11-12T16:04:37.6983454Z #14 7.924   Installing       : libsigsegv-2.13-4.el9.x86_64                         33/84 
Test remote (fast)	UNKNOWN STEP	2025-11-12T16:04:37.6984334Z #14 7.932   Installing       : libunistring-0.9.10-15.el9.x86_64                    34/84 
Test remote (fast)	UNKNOWN STEP	2025-11-12T16:04:37.6985142Z #14 7.936   Installing       : lua-libs-5.4.4-4.el9.x86_64                          35/84 
Test remote (fast)	UNKNOWN STEP	2025-11-12T16:04:37.6985892Z #14 7.939   Installing       : xz-libs-5.2.5-8.el9_0.x86_64                         36/84 
Test remote (fast)	UNKNOWN STEP	2025-11-12T16:04:37.6986886Z #14 7.943   Installing       : lua-5.4.4-4.el9.x86_64                               37/84 
Test remote (fast)	UNKNOWN STEP	2025-11-12T16:04:37.6987647Z #14 7.956   Installing       : lua-posix-35.0-8.el9.x86_64                          38/84 
Test remote (fast)	UNKNOWN STEP	2025-11-12T16:04:37.6988407Z #14 7.961   Installing       : libidn2-2.3.0-7.el9.x86_64                           39/84 
Test remote (fast)	UNKNOWN STEP	2025-11-12T16:04:37.6989163Z #14 7.967   Installing       : mpfr-4.1.0-7.el9.x86_64                              40/84 
Test remote (fast)	UNKNOWN STEP	2025-11-12T16:04:37.6989606Z #14 7.981   Installing       : gawk-5.1.0-6.el9.x86_64                              41/84 
Test remote (fast)	UNKNOWN STEP	2025-11-12T16:04:37.6990046Z #14 7.989   Installing       : nss-softokn-freebl-3.112.0-4.el9_4.x86_64            42/84 
Test remote (fast)	UNKNOWN STEP	2025-11-12T16:04:37.6990493Z #14 7.998   Installing       : nss-softokn-3.112.0-4.el9_4.x86_64                   43/84 
Test remote (fast)	UNKNOWN STEP	2025-11-12T16:04:37.6991005Z #14 8.001   Installing       : bzip2-libs-1.0.8-10.el9_5.x86_64                     44/84 
Test remote (fast)	UNKNOWN STEP	2025-11-12T16:04:37.6991665Z #14 8.005   Installing       : expat-2.5.0-5.el9_6.x86_64                           45/84 
Test remote (fast)	UNKNOWN STEP	2025-11-12T16:04:37.6992357Z #14 8.008   Installing       : gdbm-libs-1:1.23-1.el9.x86_64                        46/84 
Test remote (fast)	UNKNOWN STEP	2025-11-12T16:04:37.6992803Z #14 8.011   Installing       : keyutils-libs-1.6.3-1.el9.x86_64                     47/84 
Test remote (fast)	UNKNOWN STEP	2025-11-12T16:04:37.6993239Z #14 8.014   Installing       : libcom_err-1.46.5-8.el9.x86_64                       48/84 
Test remote (fast)	UNKNOWN STEP	2025-11-12T16:04:37.6993681Z #14 8.019   Installing       : libgpg-error-1.42-5.el9.x86_64                       49/84 
Test remote (fast)	UNKNOWN STEP	2025-11-12T16:04:37.9414385Z #14 8.027   Installing       : libgcrypt-1.10.0-11.el9.x86_64                       50/84 
Test remote (fast)	UNKNOWN STEP	2025-11-12T16:04:37.9415210Z #14 8.032   Installing       : libsepol-3.6-3.el9.x86_64                            51/84 
Test remote (fast)	UNKNOWN STEP	2025-11-12T16:04:37.9415952Z #14 8.035   Installing       : libuuid-2.37.4-21.el9.x86_64                         52/84 
Test remote (fast)	UNKNOWN STEP	2025-11-12T16:04:37.9416672Z #14 8.038   Installing       : libverto-0.3.2-3.el9.x86_64                          53/84 
Test remote (fast)	UNKNOWN STEP	2025-11-12T16:04:37.9417414Z #14 8.043   Installing       : libzstd-1.5.5-1.el9.x86_64                           54/84 
Test remote (fast)	UNKNOWN STEP	2025-11-12T16:04:37.9418131Z #14 8.048   Installing       : lksctp-tools-1.0.19-3.el9_4.x86_64                   55/84 
Test remote (fast)	UNKNOWN STEP	2025-11-12T16:04:37.9418856Z #14 8.051   Installing       : lz4-libs-1.9.3-5.el9.x86_64                          56/84 
Test remote (fast)	UNKNOWN STEP	2025-11-12T16:04:37.9419656Z #14 8.058   Installing       : nettle-3.10.1-1.el9.x86_64                           57/84 
Test remote (fast)	UNKNOWN STEP	2025-11-12T16:04:37.9420354Z #14 8.070   Installing       : gnutls-3.8.3-9.el9.x86_64                            58/84 
Test remote (fast)	UNKNOWN STEP	2025-11-12T16:04:37.9421068Z #14 8.076   Installing       : pcre-8.44-4.el9.x86_64                               59/84 
Test remote (fast)	UNKNOWN STEP	2025-11-12T16:04:37.9421750Z #14 8.081   Installing       : grep-3.6-5.el9.x86_64                                60/84 
Test remote (fast)	UNKNOWN STEP	2025-11-12T16:04:37.9422680Z #14 8.086   Installing       : pcre2-10.40-6.el9.x86_64                             61/84 
Test remote (fast)	UNKNOWN STEP	2025-11-12T16:04:37.9423393Z #14 8.090   Installing       : libselinux-3.6-3.el9.x86_64                          62/84 
Test remote (fast)	UNKNOWN STEP	2025-11-12T16:04:37.9424141Z #14 8.111   Installing       : coreutils-single-8.32-39.el9.x86_64                  63/84 
Test remote (fast)	UNKNOWN STEP	2025-11-12T16:04:37.9425250Z #14 8.116   Installing       : sed-4.8-9.el9.x86_64                                 64/84 
Test remote (fast)	UNKNOWN STEP	2025-11-12T16:04:38.0487029Z #14 8.119   Running scriptlet: ca-certificates-2024.2.69_v8.0.303-91.4.el9_4.noar   65/84 
Test remote (fast)	UNKNOWN STEP	2025-11-12T16:04:38.2028380Z #14 8.377   Installing       : ca-certificates-2024.2.69_v8.0.303-91.4.el9_4.noar   65/84 
Test remote (fast)	UNKNOWN STEP	2025-11-12T16:04:39.1618473Z #14 8.381   Running scriptlet: ca-certificates-2024.2.69_v8.0.303-91.4.el9_4.noar   65/84 
Test remote (fast)	UNKNOWN STEP	2025-11-12T16:04:39.3765984Z #14 9.490   Installing       : python3-pip-wheel-21.3.1-1.el9.noarch                66/84 
Test remote (fast)	UNKNOWN STEP	2025-11-12T16:04:39.3766957Z #14 9.497   Installing       : openssl-fips-provider-so-3.0.7-8.el9.x86_64          67/84 
Test remote (fast)	UNKNOWN STEP	2025-11-12T16:04:39.3767681Z #14 9.499   Installing       : openssl-fips-provider-3.0.7-8.el9.x86_64             68/84 
Test remote (fast)	UNKNOWN STEP	2025-11-12T16:04:39.3768539Z #14 9.528   Installing       : openssl-libs-1:3.5.1-3.el9.x86_64                    69/84 
Test remote (fast)	UNKNOWN STEP	2025-11-12T16:04:39.3769059Z #14 9.543   Installing       : krb5-libs-1.21.1-8.el9_6.x86_64                      70/84 
Test remote (fast)	UNKNOWN STEP	2025-11-12T16:04:39.3769584Z #14 9.551   Installing       : libevent-2.1.12-8.el9_4.x86_64                       71/84 
Test remote (fast)	UNKNOWN STEP	2025-11-12T16:04:39.5836223Z #14 9.554   Installing       : python3-3.9.23-2.el9.x86_64                          72/84 
Test remote (fast)	UNKNOWN STEP	2025-11-12T16:04:39.7727625Z #14 9.912   Installing       : python3-libs-3.9.23-2.el9.x86_64                     73/84 
Test remote (fast)	UNKNOWN STEP	2025-11-12T16:04:39.7728264Z #14 9.934   Installing       : crypto-policies-scripts-20250905-1.git377cc42.el9_   74/84 
Test remote (fast)	UNKNOWN STEP	2025-11-12T16:04:39.7728854Z #14 9.938   Installing       : nss-sysinit-3.112.0-4.el9_4.x86_64                   75/84 
Test remote (fast)	UNKNOWN STEP	2025-11-12T16:04:39.7729377Z #14 9.949   Installing       : nss-3.112.0-4.el9_4.x86_64                           76/84 
Test remote (fast)	UNKNOWN STEP	2025-11-12T16:04:39.8802137Z #14 9.951   Running scriptlet: nss-3.112.0-4.el9_4.x86_64                           76/84 
Test remote (fast)	UNKNOWN STEP	2025-11-12T16:04:40.0332662Z #14 10.21   Installing       : systemd-libs-252-55.el9_7.2.x86_64                   77/84 
Test remote (fast)	UNKNOWN STEP	2025-11-12T16:04:40.1395602Z #14 10.21   Running scriptlet: systemd-libs-252-55.el9_7.2.x86_64                   77/84 
Test remote (fast)	UNKNOWN STEP	2025-11-12T16:04:40.3297671Z #14 10.47   Installing       : dbus-libs-1:1.12.20-8.el9.x86_64                     78/84 
Test remote (fast)	UNKNOWN STEP	2025-11-12T16:04:40.3298478Z #14 10.47   Installing       : avahi-libs-0.8-23.el9.x86_64                         79/84 
Test remote (fast)	UNKNOWN STEP	2025-11-12T16:04:40.3299255Z #14 10.48   Installing       : cups-libs-1:2.3.3op2-34.el9_7.x86_64                 80/84 
Test remote (fast)	UNKNOWN STEP	2025-11-12T16:04:40.3300009Z #14 10.49   Installing       : findutils-1:4.8.0-7.el9.x86_64                       81/84 
Test remote (fast)	UNKNOWN STEP	2025-11-12T16:04:40.3300614Z #14 10.49   Installing       : copy-jdk-configs-4.0-3.el9.noarch                    82/84 
Test remote (fast)	UNKNOWN STEP	2025-11-12T16:04:40.8360173Z #14 10.51   Installing       : alsa-lib-1.2.14-1.el9.x86_64                         83/84 
Test remote (fast)	UNKNOWN STEP	2025-11-12T16:04:40.9934049Z #14 11.16   Installing       : java-21-openjdk-headless-1:21.0.9.0.10-1.el9.x86_6   84/84 
Test remote (fast)	UNKNOWN STEP	2025-11-12T16:04:41.1058091Z #14 11.17   Running scriptlet: java-21-openjdk-headless-1:21.0.9.0.10-1.el9.x86_6   84/84 
Test remote (fast)	UNKNOWN STEP	2025-11-12T16:04:41.3554302Z #14 11.43   Running scriptlet: filesystem-3.16-5.el9.x86_64                         84/84 
Test remote (fast)	UNKNOWN STEP	2025-11-12T16:04:44.1387865Z #14 11.68   Running scriptlet: ca-certificates-2024.2.69_v8.0.303-91.4.el9_4.noar   84/84 
Test remote (fast)	UNKNOWN STEP	2025-11-12T16:04:44.7377220Z #14 14.47   Running scriptlet: crypto-policies-scripts-20250905-1.git377cc42.el9_   84/84 
Test remote (fast)	UNKNOWN STEP	2025-11-12T16:04:45.3323671Z #14 15.07   Running scriptlet: nss-3.112.0-4.el9_4.x86_64                           84/84 
Test remote (fast)	UNKNOWN STEP	2025-11-12T16:04:45.5818737Z #14 15.66   Running scriptlet: copy-jdk-configs-4.0-3.el9.noarch                    84/84 
Test remote (fast)	UNKNOWN STEP	2025-11-12T16:04:46.1274982Z #14 15.91   Running scriptlet: java-21-openjdk-headless-1:21.0.9.0.10-1.el9.x86_6   84/84 
Test remote (fast)	UNKNOWN STEP	2025-11-12T16:04:46.1276027Z #14 16.46   Verifying        : alternatives-1.24-2.el9.x86_64                        1/84 
Test remote (fast)	UNKNOWN STEP	2025-11-12T16:04:46.3074943Z #14 16.46   Verifying        : avahi-libs-0.8-23.el9.x86_64                          2/84 
Test remote (fast)	UNKNOWN STEP	2025-11-12T16:04:46.3077439Z #14 16.46   Verifying        : basesystem-11-13.el9.noarch                           3/84 
Test remote (fast)	UNKNOWN STEP	2025-11-12T16:04:46.3078211Z #14 16.46   Verifying        : bash-5.1.8-9.el9.x86_64                               4/84 
Test remote (fast)	UNKNOWN STEP	2025-11-12T16:04:46.3078938Z #14 16.46   Verifying        : bzip2-libs-1.0.8-10.el9_5.x86_64                      5/84 
Test remote (fast)	UNKNOWN STEP	2025-11-12T16:04:46.3079725Z #14 16.46   Verifying        : ca-certificates-2024.2.69_v8.0.303-91.4.el9_4.noar    6/84 
Test remote (fast)	UNKNOWN STEP	2025-11-12T16:04:46.3080494Z #14 16.46   Verifying        : coreutils-single-8.32-39.el9.x86_64                   7/84 
Test remote (fast)	UNKNOWN STEP	2025-11-12T16:04:46.3081269Z #14 16.46   Verifying        : crypto-policies-20250905-1.git377cc42.el9_7.noarch    8/84 
Test remote (fast)	UNKNOWN STEP	2025-11-12T16:04:46.3082351Z #14 16.46   Verifying        : crypto-policies-scripts-20250905-1.git377cc42.el9_    9/84 
Test remote (fast)	UNKNOWN STEP	2025-11-12T16:04:46.3083118Z #14 16.46   Verifying        : cups-libs-1:2.3.3op2-34.el9_7.x86_64                 10/84 
Test remote (fast)	UNKNOWN STEP	2025-11-12T16:04:46.3084105Z #14 16.46   Verifying        : dbus-libs-1:1.12.20-8.el9.x86_64                     11/84 
Test remote (fast)	UNKNOWN STEP	2025-11-12T16:04:46.3084817Z #14 16.46   Verifying        : expat-2.5.0-5.el9_6.x86_64                           12/84 
Test remote (fast)	UNKNOWN STEP	2025-11-12T16:04:46.3085526Z #14 16.46   Verifying        : filesystem-3.16-5.el9.x86_64                         13/84 
Test remote (fast)	UNKNOWN STEP	2025-11-12T16:04:46.3086150Z #14 16.46   Verifying        : findutils-1:4.8.0-7.el9.x86_64                       14/84 
Test remote (fast)	UNKNOWN STEP	2025-11-12T16:04:46.3086594Z #14 16.46   Verifying        : gawk-5.1.0-6.el9.x86_64                              15/84 
Test remote (fast)	UNKNOWN STEP	2025-11-12T16:04:46.3087019Z #14 16.46   Verifying        : gdbm-libs-1:1.23-1.el9.x86_64                        16/84 
Test remote (fast)	UNKNOWN STEP	2025-11-12T16:04:46.3087439Z #14 16.46   Verifying        : glibc-2.34-231.el9_7.2.x86_64                        17/84 
Test remote (fast)	UNKNOWN STEP	2025-11-12T16:04:46.3087862Z #14 16.46   Verifying        : glibc-common-2.34-231.el9_7.2.x86_64                 18/84 
Test remote (fast)	UNKNOWN STEP	2025-11-12T16:04:46.3088307Z #14 16.46   Verifying        : glibc-langpack-en-2.34-231.el9_7.2.x86_64            19/84 
Test remote (fast)	UNKNOWN STEP	2025-11-12T16:04:46.3088743Z #14 16.46   Verifying        : gmp-1:6.2.0-13.el9.x86_64                            20/84 
Test remote (fast)	UNKNOWN STEP	2025-11-12T16:04:46.3089142Z #14 16.46   Verifying        : gnutls-3.8.3-9.el9.x86_64                            21/84 
Test remote (fast)	UNKNOWN STEP	2025-11-12T16:04:46.3089545Z #14 16.46   Verifying        : grep-3.6-5.el9.x86_64                                22/84 
Test remote (fast)	UNKNOWN STEP	2025-11-12T16:04:46.3089966Z #14 16.46   Verifying        : keyutils-libs-1.6.3-1.el9.x86_64                     23/84 
Test remote (fast)	UNKNOWN STEP	2025-11-12T16:04:46.3090440Z #14 16.46   Verifying        : krb5-libs-1.21.1-8.el9_6.x86_64                      24/84 
Test remote (fast)	UNKNOWN STEP	2025-11-12T16:04:46.3090856Z #14 16.46   Verifying        : libacl-2.3.1-4.el9.x86_64                            25/84 
Test remote (fast)	UNKNOWN STEP	2025-11-12T16:04:46.3091274Z #14 16.46   Verifying        : libattr-2.5.1-3.el9.x86_64                           26/84 
Test remote (fast)	UNKNOWN STEP	2025-11-12T16:04:46.3091686Z #14 16.46   Verifying        : libcap-2.48-10.el9.x86_64                            27/84 
Test remote (fast)	UNKNOWN STEP	2025-11-12T16:04:46.3092331Z #14 16.46   Verifying        : libcom_err-1.46.5-8.el9.x86_64                       28/84 
Test remote (fast)	UNKNOWN STEP	2025-11-12T16:04:46.3092755Z #14 16.46   Verifying        : libevent-2.1.12-8.el9_4.x86_64                       29/84 
Test remote (fast)	UNKNOWN STEP	2025-11-12T16:04:46.3093168Z #14 16.46   Verifying        : libffi-3.4.2-8.el9.x86_64                            30/84 
Test remote (fast)	UNKNOWN STEP	2025-11-12T16:04:46.3093573Z #14 16.46   Verifying        : libgcc-11.5.0-11.el9.x86_64                          31/84 
Test remote (fast)	UNKNOWN STEP	2025-11-12T16:04:46.3093989Z #14 16.46   Verifying        : libgcrypt-1.10.0-11.el9.x86_64                       32/84 
Test remote (fast)	UNKNOWN STEP	2025-11-12T16:04:46.3094416Z #14 16.46   Verifying        : libgpg-error-1.42-5.el9.x86_64                       33/84 
Test remote (fast)	UNKNOWN STEP	2025-11-12T16:04:46.3094834Z #14 16.46   Verifying        : libidn2-2.3.0-7.el9.x86_64                           34/84 
Test remote (fast)	UNKNOWN STEP	2025-11-12T16:04:46.3095243Z #14 16.46   Verifying        : libselinux-3.6-3.el9.x86_64                          35/84 
Test remote (fast)	UNKNOWN STEP	2025-11-12T16:04:46.3095668Z #14 16.46   Verifying        : libsepol-3.6-3.el9.x86_64                            36/84 
Test remote (fast)	UNKNOWN STEP	2025-11-12T16:04:46.3096241Z #14 16.46   Verifying        : libsigsegv-2.13-4.el9.x86_64                         37/84 
Test remote (fast)	UNKNOWN STEP	2025-11-12T16:04:46.3096677Z #14 16.46   Verifying        : libtasn1-4.16.0-9.el9.x86_64                         38/84 
Test remote (fast)	UNKNOWN STEP	2025-11-12T16:04:46.3097098Z #14 16.46   Verifying        : libunistring-0.9.10-15.el9.x86_64                    39/84 
Test remote (fast)	UNKNOWN STEP	2025-11-12T16:04:46.3097517Z #14 16.46   Verifying        : libuuid-2.37.4-21.el9.x86_64                         40/84 
Test remote (fast)	UNKNOWN STEP	2025-11-12T16:04:46.3097935Z #14 16.46   Verifying        : libverto-0.3.2-3.el9.x86_64                          41/84 
Test remote (fast)	UNKNOWN STEP	2025-11-12T16:04:46.3098353Z #14 16.46   Verifying        : libxcrypt-4.4.18-3.el9.x86_64                        42/84 
Test remote (fast)	UNKNOWN STEP	2025-11-12T16:04:46.3098768Z #14 16.46   Verifying        : libzstd-1.5.5-1.el9.x86_64                           43/84 
Test remote (fast)	UNKNOWN STEP	2025-11-12T16:04:46.3099187Z #14 16.46   Verifying        : lksctp-tools-1.0.19-3.el9_4.x86_64                   44/84 
Test remote (fast)	UNKNOWN STEP	2025-11-12T16:04:46.3099731Z #14 16.46   Verifying        : lua-libs-5.4.4-4.el9.x86_64                          45/84 
Test remote (fast)	UNKNOWN STEP	2025-11-12T16:04:46.3100135Z #14 16.46   Verifying        : lz4-libs-1.9.3-5.el9.x86_64                          46/84 
Test remote (fast)	UNKNOWN STEP	2025-11-12T16:04:46.3100541Z #14 16.46   Verifying        : mpfr-4.1.0-7.el9.x86_64                              47/84 
Test remote (fast)	UNKNOWN STEP	2025-11-12T16:04:46.3100961Z #14 16.46   Verifying        : ncurses-base-6.2-12.20210508.el9.noarch              48/84 
Test remote (fast)	UNKNOWN STEP	2025-11-12T16:04:46.3101392Z #14 16.46   Verifying        : ncurses-libs-6.2-12.20210508.el9.x86_64              49/84 
Test remote (fast)	UNKNOWN STEP	2025-11-12T16:04:46.3101977Z #14 16.46   Verifying        : nettle-3.10.1-1.el9.x86_64                           50/84 
Test remote (fast)	UNKNOWN STEP	2025-11-12T16:04:46.3102416Z #14 16.46   Verifying        : openssl-fips-provider-3.0.7-8.el9.x86_64             51/84 
Test remote (fast)	UNKNOWN STEP	2025-11-12T16:04:46.3102881Z #14 16.46   Verifying        : openssl-fips-provider-so-3.0.7-8.el9.x86_64          52/84 
Test remote (fast)	UNKNOWN STEP	2025-11-12T16:04:46.3103338Z #14 16.46   Verifying        : openssl-libs-1:3.5.1-3.el9.x86_64                    53/84 
Test remote (fast)	UNKNOWN STEP	2025-11-12T16:04:46.3103755Z #14 16.46   Verifying        : p11-kit-0.25.3-3.el9_5.x86_64                        54/84 
Test remote (fast)	UNKNOWN STEP	2025-11-12T16:04:46.3104164Z #14 16.46   Verifying        : p11-kit-trust-0.25.3-3.el9_5.x86_64                  55/84 
Test remote (fast)	UNKNOWN STEP	2025-11-12T16:04:46.3104576Z #14 16.46   Verifying        : pcre-8.44-4.el9.x86_64                               56/84 
Test remote (fast)	UNKNOWN STEP	2025-11-12T16:04:46.3104989Z #14 16.46   Verifying        : pcre2-10.40-6.el9.x86_64                             57/84 
Test remote (fast)	UNKNOWN STEP	2025-11-12T16:04:46.3105398Z #14 16.46   Verifying        : pcre2-syntax-10.40-6.el9.noarch                      58/84 
Test remote (fast)	UNKNOWN STEP	2025-11-12T16:04:46.3105823Z #14 16.46   Verifying        : python3-3.9.23-2.el9.x86_64                          59/84 
Test remote (fast)	UNKNOWN STEP	2025-11-12T16:04:46.3106243Z #14 16.46   Verifying        : python3-libs-3.9.23-2.el9.x86_64                     60/84 
Test remote (fast)	UNKNOWN STEP	2025-11-12T16:04:46.3106672Z #14 16.46   Verifying        : python3-pip-wheel-21.3.1-1.el9.noarch                61/84 
Test remote (fast)	UNKNOWN STEP	2025-11-12T16:04:46.3107138Z #14 16.46   Verifying        : python3-setuptools-wheel-53.0.0-15.el9.noarch        62/84 
Test remote (fast)	UNKNOWN STEP	2025-11-12T16:04:46.3107582Z #14 16.46   Verifying        : readline-8.1-4.el9.x86_64                            63/84 
Test remote (fast)	UNKNOWN STEP	2025-11-12T16:04:46.3108011Z #14 16.46   Verifying        : redhat-release-9.7-0.7.el9.x86_64                    64/84 
Test remote (fast)	UNKNOWN STEP	2025-11-12T16:04:46.3108417Z #14 16.46   Verifying        : sed-4.8-9.el9.x86_64                                 65/84 
Test remote (fast)	UNKNOWN STEP	2025-11-12T16:04:46.3108819Z #14 16.46   Verifying        : setup-2.13.7-10.el9.noarch                           66/84 
Test remote (fast)	UNKNOWN STEP	2025-11-12T16:04:46.3109233Z #14 16.46   Verifying        : sqlite-libs-3.34.1-9.el9_7.x86_64                    67/84 
Test remote (fast)	UNKNOWN STEP	2025-11-12T16:04:46.3109657Z #14 16.46   Verifying        : systemd-libs-252-55.el9_7.2.x86_64                   68/84 
Test remote (fast)	UNKNOWN STEP	2025-11-12T16:04:46.3110073Z #14 16.46   Verifying        : tzdata-2025b-2.el9.noarch                            69/84 
Test remote (fast)	UNKNOWN STEP	2025-11-12T16:04:46.3110492Z #14 16.46   Verifying        : xz-libs-5.2.5-8.el9_0.x86_64                         70/84 
Test remote (fast)	UNKNOWN STEP	2025-11-12T16:04:46.3111016Z #14 16.46   Verifying        : zlib-1.2.11-40.el9.x86_64                            71/84 
Test remote (fast)	UNKNOWN STEP	2025-11-12T16:04:46.3111440Z #14 16.46   Verifying        : copy-jdk-configs-4.0-3.el9.noarch                    72/84 
Test remote (fast)	UNKNOWN STEP	2025-11-12T16:04:46.3112264Z #14 16.46   Verifying        : lua-5.4.4-4.el9.x86_64                               73/84 
Test remote (fast)	UNKNOWN STEP	2025-11-12T16:04:46.3112682Z #14 16.46   Verifying        : lua-posix-35.0-8.el9.x86_64                          74/84 
Test remote (fast)	UNKNOWN STEP	2025-11-12T16:04:46.3113094Z #14 16.46   Verifying        : alsa-lib-1.2.14-1.el9.x86_64                         75/84 
Test remote (fast)	UNKNOWN STEP	2025-11-12T16:04:46.3113509Z #14 16.46   Verifying        : java-21-openjdk-headless-1:21.0.9.0.10-1.el9.x86_6   76/84 
Test remote (fast)	UNKNOWN STEP	2025-11-12T16:04:46.3113959Z #14 16.46   Verifying        : javapackages-filesystem-6.4.0-1.el9.noarch           77/84 
Test remote (fast)	UNKNOWN STEP	2025-11-12T16:04:46.3114391Z #14 16.46   Verifying        : nspr-4.36.0-4.el9_4.x86_64                           78/84 
Test remote (fast)	UNKNOWN STEP	2025-11-12T16:04:46.3114922Z #14 16.46   Verifying        : nss-3.112.0-4.el9_4.x86_64                           79/84 
Test remote (fast)	UNKNOWN STEP	2025-11-12T16:04:46.3115539Z #14 16.46   Verifying        : nss-softokn-3.112.0-4.el9_4.x86_64                   80/84 
Test remote (fast)	UNKNOWN STEP	2025-11-12T16:04:46.3116079Z #14 16.46   Verifying        : nss-softokn-freebl-3.112.0-4.el9_4.x86_64            81/84 
Test remote (fast)	UNKNOWN STEP	2025-11-12T16:04:46.3116567Z #14 16.46   Verifying        : nss-sysinit-3.112.0-4.el9_4.x86_64                   82/84 
Test remote (fast)	UNKNOWN STEP	2025-11-12T16:04:46.3117150Z #14 16.46   Verifying        : nss-util-3.112.0-4.el9_4.x86_64                      83/84 
Test remote (fast)	UNKNOWN STEP	2025-11-12T16:04:46.3117683Z #14 16.46   Verifying        : tzdata-java-2025b-2.el9.noarch                       84/84 
Test remote (fast)	UNKNOWN STEP	2025-11-12T16:04:46.3118128Z #14 16.51 Installed products updated.
Test remote (fast)	UNKNOWN STEP	2025-11-12T16:04:46.3118459Z #14 16.53 
Test remote (fast)	UNKNOWN STEP	2025-11-12T16:04:46.3118746Z #14 16.53 Installed:
Test remote (fast)	UNKNOWN STEP	2025-11-12T16:04:46.3119124Z #14 16.53   alsa-lib-1.2.14-1.el9.x86_64                                                  
Test remote (fast)	UNKNOWN STEP	2025-11-12T16:04:46.3119659Z #14 16.53   alternatives-1.24-2.el9.x86_64                                                
Test remote (fast)	UNKNOWN STEP	2025-11-12T16:04:46.3120197Z #14 16.53   avahi-libs-0.8-23.el9.x86_64                                                  
Test remote (fast)	UNKNOWN STEP	2025-11-12T16:04:46.3120705Z #14 16.53   basesystem-11-13.el9.noarch                                                   
Test remote (fast)	UNKNOWN STEP	2025-11-12T16:04:46.3121405Z #14 16.53   bash-5.1.8-9.el9.x86_64                                                       
Test remote (fast)	UNKNOWN STEP	2025-11-12T16:04:46.3122095Z #14 16.53   bzip2-libs-1.0.8-10.el9_5.x86_64                                              
Test remote (fast)	UNKNOWN STEP	2025-11-12T16:04:46.3134561Z #14 16.53   ca-certificates-2024.2.69_v8.0.303-91.4.el9_4.noarch                          
Test remote (fast)	UNKNOWN STEP	2025-11-12T16:04:46.3135124Z #14 16.53   copy-jdk-configs-4.0-3.el9.noarch                                             
Test remote (fast)	UNKNOWN STEP	2025-11-12T16:04:46.3135798Z #14 16.53   coreutils-single-8.32-39.el9.x86_64                                           
Test remote (fast)	UNKNOWN STEP	2025-11-12T16:04:46.3136525Z #14 16.53   crypto-policies-20250905-1.git377cc42.el9_7.noarch                            
Test remote (fast)	UNKNOWN STEP	2025-11-12T16:04:46.3137259Z #14 16.53   crypto-policies-scripts-20250905-1.git377cc42.el9_7.noarch                    
Test remote (fast)	UNKNOWN STEP	2025-11-12T16:04:46.3137739Z #14 16.53   cups-libs-1:2.3.3op2-34.el9_7.x86_64                                          
Test remote (fast)	UNKNOWN STEP	2025-11-12T16:04:46.3138144Z #14 16.53   dbus-libs-1:1.12.20-8.el9.x86_64                                              
Test remote (fast)	UNKNOWN STEP	2025-11-12T16:04:46.3138530Z #14 16.53   expat-2.5.0-5.el9_6.x86_64                                                    
Test remote (fast)	UNKNOWN STEP	2025-11-12T16:04:46.3138928Z #14 16.53   filesystem-3.16-5.el9.x86_64                                                  
Test remote (fast)	UNKNOWN STEP	2025-11-12T16:04:46.3139334Z #14 16.53   findutils-1:4.8.0-7.el9.x86_64                                                
Test remote (fast)	UNKNOWN STEP	2025-11-12T16:04:46.3139716Z #14 16.53   gawk-5.1.0-6.el9.x86_64                                                       
Test remote (fast)	UNKNOWN STEP	2025-11-12T16:04:46.3140088Z #14 16.53   gdbm-libs-1:1.23-1.el9.x86_64                                                 
Test remote (fast)	UNKNOWN STEP	2025-11-12T16:04:46.3140469Z #14 16.53   glibc-2.34-231.el9_7.2.x86_64                                                 
Test remote (fast)	UNKNOWN STEP	2025-11-12T16:04:46.3141049Z #14 16.53   glibc-common-2.34-231.el9_7.2.x86_64                                          
Test remote (fast)	UNKNOWN STEP	2025-11-12T16:04:46.3141487Z #14 16.53   glibc-langpack-en-2.34-231.el9_7.2.x86_64                                     
Test remote (fast)	UNKNOWN STEP	2025-11-12T16:04:46.3142135Z #14 16.53   gmp-1:6.2.0-13.el9.x86_64                                                     
Test remote (fast)	UNKNOWN STEP	2025-11-12T16:04:46.3142505Z #14 16.53   gnutls-3.8.3-9.el9.x86_64                                                     
Test remote (fast)	UNKNOWN STEP	2025-11-12T16:04:46.3142872Z #14 16.53   grep-3.6-5.el9.x86_64                                                         
Test remote (fast)	UNKNOWN STEP	2025-11-12T16:04:46.3143279Z #14 16.53   java-21-openjdk-headless-1:21.0.9.0.10-1.el9.x86_64                           
Test remote (fast)	UNKNOWN STEP	2025-11-12T16:04:46.3143748Z #14 16.53   javapackages-filesystem-6.4.0-1.el9.noarch                                    
Test remote (fast)	UNKNOWN STEP	2025-11-12T16:04:46.3144205Z #14 16.53   keyutils-libs-1.6.3-1.el9.x86_64                                              
Test remote (fast)	UNKNOWN STEP	2025-11-12T16:04:46.3144748Z #14 16.53   krb5-libs-1.21.1-8.el9_6.x86_64                                               
Test remote (fast)	UNKNOWN STEP	2025-11-12T16:04:46.3145139Z #14 16.53   libacl-2.3.1-4.el9.x86_64                                                     
Test remote (fast)	UNKNOWN STEP	2025-11-12T16:04:46.3145511Z #14 16.53   libattr-2.5.1-3.el9.x86_64                                                    
Test remote (fast)	UNKNOWN STEP	2025-11-12T16:04:46.3145894Z #14 16.53   libcap-2.48-10.el9.x86_64                                                     
Test remote (fast)	UNKNOWN STEP	2025-11-12T16:04:46.3146280Z #14 16.53   libcom_err-1.46.5-8.el9.x86_64                                                
Test remote (fast)	UNKNOWN STEP	2025-11-12T16:04:46.3146668Z #14 16.53   libevent-2.1.12-8.el9_4.x86_64                                                
Test remote (fast)	UNKNOWN STEP	2025-11-12T16:04:46.3147044Z #14 16.53   libffi-3.4.2-8.el9.x86_64                                                     
Test remote (fast)	UNKNOWN STEP	2025-11-12T16:04:46.3147417Z #14 16.53   libgcc-11.5.0-11.el9.x86_64                                                   
Test remote (fast)	UNKNOWN STEP	2025-11-12T16:04:46.3147813Z #14 16.53   libgcrypt-1.10.0-11.el9.x86_64                                                
Test remote (fast)	UNKNOWN STEP	2025-11-12T16:04:46.3148217Z #14 16.53   libgpg-error-1.42-5.el9.x86_64                                                
Test remote (fast)	UNKNOWN STEP	2025-11-12T16:04:46.3148603Z #14 16.53   libidn2-2.3.0-7.el9.x86_64                                                    
Test remote (fast)	UNKNOWN STEP	2025-11-12T16:04:46.3148990Z #14 16.53   libselinux-3.6-3.el9.x86_64                                                   
Test remote (fast)	UNKNOWN STEP	2025-11-12T16:04:46.3149378Z #14 16.53   libsepol-3.6-3.el9.x86_64                                                     
Test remote (fast)	UNKNOWN STEP	2025-11-12T16:04:46.3149761Z #14 16.53   libsigsegv-2.13-4.el9.x86_64                                                  
Test remote (fast)	UNKNOWN STEP	2025-11-12T16:04:46.3150148Z #14 16.53   libtasn1-4.16.0-9.el9.x86_64                                                  
Test remote (fast)	UNKNOWN STEP	2025-11-12T16:04:46.3150552Z #14 16.53   libunistring-0.9.10-15.el9.x86_64                                             
Test remote (fast)	UNKNOWN STEP	2025-11-12T16:04:46.3150978Z #14 16.53   libuuid-2.37.4-21.el9.x86_64                                                  
Test remote (fast)	UNKNOWN STEP	2025-11-12T16:04:46.3151372Z #14 16.53   libverto-0.3.2-3.el9.x86_64                                                   
Test remote (fast)	UNKNOWN STEP	2025-11-12T16:04:46.3151927Z #14 16.53   libxcrypt-4.4.18-3.el9.x86_64                                                 
Test remote (fast)	UNKNOWN STEP	2025-11-12T16:04:46.3152336Z #14 16.53   libzstd-1.5.5-1.el9.x86_64                                                    
Test remote (fast)	UNKNOWN STEP	2025-11-12T16:04:46.3152731Z #14 16.53   lksctp-tools-1.0.19-3.el9_4.x86_64                                            
Test remote (fast)	UNKNOWN STEP	2025-11-12T16:04:46.3153108Z #14 16.53   lua-5.4.4-4.el9.x86_64                                                        
Test remote (fast)	UNKNOWN STEP	2025-11-12T16:04:46.3153470Z #14 16.53   lua-libs-5.4.4-4.el9.x86_64                                                   
Test remote (fast)	UNKNOWN STEP	2025-11-12T16:04:46.3153895Z #14 16.53   lua-posix-35.0-8.el9.x86_64                                                   
Test remote (fast)	UNKNOWN STEP	2025-11-12T16:04:46.3154363Z #14 16.53   lz4-libs-1.9.3-5.el9.x86_64                                                   
Test remote (fast)	UNKNOWN STEP	2025-11-12T16:04:46.3154734Z #14 16.53   mpfr-4.1.0-7.el9.x86_64                                                       
Test remote (fast)	UNKNOWN STEP	2025-11-12T16:04:46.3155304Z #14 16.53   ncurses-base-6.2-12.20210508.el9.noarch                                       
Test remote (fast)	UNKNOWN STEP	2025-11-12T16:04:46.3155770Z #14 16.53   ncurses-libs-6.2-12.20210508.el9.x86_64                                       
Test remote (fast)	UNKNOWN STEP	2025-11-12T16:04:46.3156188Z #14 16.53   nettle-3.10.1-1.el9.x86_64                                                    
Test remote (fast)	UNKNOWN STEP	2025-11-12T16:04:46.3156566Z #14 16.53   nspr-4.36.0-4.el9_4.x86_64                                                    
Test remote (fast)	UNKNOWN STEP	2025-11-12T16:04:46.3156924Z #14 16.53   nss-3.112.0-4.el9_4.x86_64                                                    
Test remote (fast)	UNKNOWN STEP	2025-11-12T16:04:46.3157312Z #14 16.53   nss-softokn-3.112.0-4.el9_4.x86_64                                            
Test remote (fast)	UNKNOWN STEP	2025-11-12T16:04:46.3157741Z #14 16.53   nss-softokn-freebl-3.112.0-4.el9_4.x86_64                                     
Test remote (fast)	UNKNOWN STEP	2025-11-12T16:04:46.3158165Z #14 16.53   nss-sysinit-3.112.0-4.el9_4.x86_64                                            
Test remote (fast)	UNKNOWN STEP	2025-11-12T16:04:46.3158675Z #14 16.53   nss-util-3.112.0-4.el9_4.x86_64                                               
Test remote (fast)	UNKNOWN STEP	2025-11-12T16:04:46.3159112Z #14 16.53   openssl-fips-provider-3.0.7-8.el9.x86_64                                      
Test remote (fast)	UNKNOWN STEP	2025-11-12T16:04:46.3159586Z #14 16.53   openssl-fips-provider-so-3.0.7-8.el9.x86_64                                   
Test remote (fast)	UNKNOWN STEP	2025-11-12T16:04:46.3160030Z #14 16.53   openssl-libs-1:3.5.1-3.el9.x86_64                                             
Test remote (fast)	UNKNOWN STEP	2025-11-12T16:04:46.3160417Z #14 16.53   p11-kit-0.25.3-3.el9_5.x86_64                                                 
Test remote (fast)	UNKNOWN STEP	2025-11-12T16:04:46.3160808Z #14 16.53   p11-kit-trust-0.25.3-3.el9_5.x86_64                                           
Test remote (fast)	UNKNOWN STEP	2025-11-12T16:04:46.3161190Z #14 16.53   pcre-8.44-4.el9.x86_64                                                        
Test remote (fast)	UNKNOWN STEP	2025-11-12T16:04:46.3161559Z #14 16.53   pcre2-10.40-6.el9.x86_64                                                      
Test remote (fast)	UNKNOWN STEP	2025-11-12T16:04:46.3162261Z #14 16.53   pcre2-syntax-10.40-6.el9.noarch                                               
Test remote (fast)	UNKNOWN STEP	2025-11-12T16:04:46.3162692Z #14 16.53   python3-3.9.23-2.el9.x86_64                                                   
Test remote (fast)	UNKNOWN STEP	2025-11-12T16:04:46.3163091Z #14 16.53   python3-libs-3.9.23-2.el9.x86_64                                              
Test remote (fast)	UNKNOWN STEP	2025-11-12T16:04:46.3163515Z #14 16.53   python3-pip-wheel-21.3.1-1.el9.noarch                                         
Test remote (fast)	UNKNOWN STEP	2025-11-12T16:04:46.3163986Z #14 16.53   python3-setuptools-wheel-53.0.0-15.el9.noarch                                 
Test remote (fast)	UNKNOWN STEP	2025-11-12T16:04:46.3164426Z #14 16.53   readline-8.1-4.el9.x86_64                                                     
Test remote (fast)	UNKNOWN STEP	2025-11-12T16:04:46.3164827Z #14 16.53   redhat-release-9.7-0.7.el9.x86_64                                             
Test remote (fast)	UNKNOWN STEP	2025-11-12T16:04:46.3165207Z #14 16.53   sed-4.8-9.el9.x86_64                                                          
Test remote (fast)	UNKNOWN STEP	2025-11-12T16:04:46.3165584Z #14 16.53   setup-2.13.7-10.el9.noarch                                                    
Test remote (fast)	UNKNOWN STEP	2025-11-12T16:04:46.3165981Z #14 16.53   sqlite-libs-3.34.1-9.el9_7.x86_64                                             
Test remote (fast)	UNKNOWN STEP	2025-11-12T16:04:46.3166393Z #14 16.53   systemd-libs-252-55.el9_7.2.x86_64                                            
Test remote (fast)	UNKNOWN STEP	2025-11-12T16:04:46.3166801Z #14 16.53   tzdata-2025b-2.el9.noarch                                                     
Test remote (fast)	UNKNOWN STEP	2025-11-12T16:04:46.3167220Z #14 16.53   tzdata-java-2025b-2.el9.noarch                                                
Test remote (fast)	UNKNOWN STEP	2025-11-12T16:04:46.3167623Z #14 16.53   xz-libs-5.2.5-8.el9_0.x86_64                                                  
Test remote (fast)	UNKNOWN STEP	2025-11-12T16:04:46.3167995Z #14 16.53   zlib-1.2.11-40.el9.x86_64                                                     
Test remote (fast)	UNKNOWN STEP	2025-11-12T16:04:46.3168440Z #14 16.53 
Test remote (fast)	UNKNOWN STEP	2025-11-12T16:04:46.3168619Z #14 16.53 Complete!
Test remote (fast)	UNKNOWN STEP	2025-11-12T16:04:46.3168871Z #14 16.64 + dnf --installroot /tmp/null/rootfs clean all
Test remote (fast)	UNKNOWN STEP	2025-11-12T16:04:46.5373064Z #14 16.87 Updating Subscription Management repositories.
Test remote (fast)	UNKNOWN STEP	2025-11-12T16:04:46.7403708Z #14 16.87 Unable to read consumer identity
Test remote (fast)	UNKNOWN STEP	2025-11-12T16:04:46.7408275Z #14 16.87 
Test remote (fast)	UNKNOWN STEP	2025-11-12T16:04:46.7409322Z #14 16.87 This system is not registered with an entitlement server. You can use subscription-manager to register.
Test remote (fast)	UNKNOWN STEP	2025-11-12T16:04:46.7410143Z #14 16.87 
Test remote (fast)	UNKNOWN STEP	2025-11-12T16:04:46.7410454Z #14 16.88 26 files removed
Test remote (fast)	UNKNOWN STEP	2025-11-12T16:04:46.7412617Z #14 16.91 + rm -rf /tmp/null/rootfs/var/cache/bpf /tmp/null/rootfs/var/cache/dnf /tmp/null/rootfs/var/cache/ldconfig /tmp/null/rootfs/var/log/dnf.librepo.log /tmp/null/rootfs/var/log/dnf.log /tmp/null/rootfs/var/log/dnf.rpm.log '/tmp/null/rootfs/var/log/yum.*'
Test remote (fast)	UNKNOWN STEP	2025-11-12T16:04:46.7414374Z #14 16.92 ==> Building dependency tree
Test remote (fast)	UNKNOWN STEP	2025-11-12T16:04:47.1942810Z #14 17.52 ==> 42 packages to erase:
Test remote (fast)	UNKNOWN STEP	2025-11-12T16:04:47.3540605Z #14 17.53 alsa-lib
Test remote (fast)	UNKNOWN STEP	2025-11-12T16:04:47.3541577Z #14 17.53 avahi-libs
Test remote (fast)	UNKNOWN STEP	2025-11-12T16:04:47.3543016Z #14 17.53 bzip2-libs
Test remote (fast)	UNKNOWN STEP	2025-11-12T16:04:47.3543382Z #14 17.53 copy-jdk-configs
Test remote (fast)	UNKNOWN STEP	2025-11-12T16:04:47.3543748Z #14 17.53 cups-libs
Test remote (fast)	UNKNOWN STEP	2025-11-12T16:04:47.3544393Z #14 17.53 dbus-libs
Test remote (fast)	UNKNOWN STEP	2025-11-12T16:04:47.3545797Z #14 17.53 expat
Test remote (fast)	UNKNOWN STEP	2025-11-12T16:04:47.3546109Z #14 17.53 gawk
Test remote (fast)	UNKNOWN STEP	2025-11-12T16:04:47.3546408Z #14 17.53 gdbm-libs
Test remote (fast)	UNKNOWN STEP	2025-11-12T16:04:47.3546751Z #14 17.53 gmp
Test remote (fast)	UNKNOWN STEP	2025-11-12T16:04:47.3547055Z #14 17.53 gnutls
Test remote (fast)	UNKNOWN STEP	2025-11-12T16:04:47.3547383Z #14 17.53 gpg-pubkey
Test remote (fast)	UNKNOWN STEP	2025-11-12T16:04:47.3547746Z #14 17.53 keyutils-libs
Test remote (fast)	UNKNOWN STEP	2025-11-12T16:04:47.3548086Z #14 17.53 krb5-libs
Test remote (fast)	UNKNOWN STEP	2025-11-12T16:04:47.3548405Z #14 17.53 libcom_err
Test remote (fast)	UNKNOWN STEP	2025-11-12T16:04:47.3548738Z #14 17.53 libevent
Test remote (fast)	UNKNOWN STEP	2025-11-12T16:04:47.3549049Z #14 17.53 libffi
Test remote (fast)	UNKNOWN STEP	2025-11-12T16:04:47.3549367Z #14 17.53 libgcrypt
Test remote (fast)	UNKNOWN STEP	2025-11-12T16:04:47.3549689Z #14 17.53 libgpg-error
Test remote (fast)	UNKNOWN STEP	2025-11-12T16:04:47.3550025Z #14 17.53 libidn2
Test remote (fast)	UNKNOWN STEP	2025-11-12T16:04:47.3550355Z #14 17.53 libunistring
Test remote (fast)	UNKNOWN STEP	2025-11-12T16:04:47.3550689Z #14 17.53 libuuid
Test remote (fast)	UNKNOWN STEP	2025-11-12T16:04:47.3550997Z #14 17.53 libverto
Test remote (fast)	UNKNOWN STEP	2025-11-12T16:04:47.3551300Z #14 17.53 libxcrypt
Test remote (fast)	UNKNOWN STEP	2025-11-12T16:04:47.3551617Z #14 17.53 libzstd
Test remote (fast)	UNKNOWN STEP	2025-11-12T16:04:47.3552121Z #14 17.53 lua
Test remote (fast)	UNKNOWN STEP	2025-11-12T16:04:47.3552431Z #14 17.53 lua-libs
Test remote (fast)	UNKNOWN STEP	2025-11-12T16:04:47.3552748Z #14 17.53 lua-posix
Test remote (fast)	UNKNOWN STEP	2025-11-12T16:04:47.3553069Z #14 17.53 lz4-libs
Test remote (fast)	UNKNOWN STEP	2025-11-12T16:04:47.3553368Z #14 17.53 mpfr
Test remote (fast)	UNKNOWN STEP	2025-11-12T16:04:47.3553665Z #14 17.53 nettle
Test remote (fast)	UNKNOWN STEP	2025-11-12T16:04:47.3557762Z #14 17.53 openssl-fips-provider
Test remote (fast)	UNKNOWN STEP	2025-11-12T16:04:47.3558233Z #14 17.53 openssl-fips-provider-so
Test remote (fast)	UNKNOWN STEP	2025-11-12T16:04:47.3558578Z #14 17.53 openssl-libs
Test remote (fast)	UNKNOWN STEP	2025-11-12T16:04:47.3558788Z #14 17.53 p11-kit
Test remote (fast)	UNKNOWN STEP	2025-11-12T16:04:47.3558968Z #14 17.53 python3
Test remote (fast)	UNKNOWN STEP	2025-11-12T16:04:47.3559161Z #14 17.53 python3-libs
Test remote (fast)	UNKNOWN STEP	2025-11-12T16:04:47.3559378Z #14 17.53 python3-pip-wheel
Test remote (fast)	UNKNOWN STEP	2025-11-12T16:04:47.3559705Z #14 17.53 python3-setuptools-wheel
Test remote (fast)	UNKNOWN STEP	2025-11-12T16:04:47.3559950Z #14 17.53 readline
Test remote (fast)	UNKNOWN STEP	2025-11-12T16:04:47.3560135Z #14 17.53 systemd-libs
Test remote (fast)	UNKNOWN STEP	2025-11-12T16:04:47.3560321Z #14 17.53 xz-libs
Test remote (fast)	UNKNOWN STEP	2025-11-12T16:04:47.3560564Z #14 17.53 ==> 43 packages to keep:
Test remote (fast)	UNKNOWN STEP	2025-11-12T16:04:47.3560960Z #14 17.53 alternatives
Test remote (fast)	UNKNOWN STEP	2025-11-12T16:04:47.3561276Z #14 17.53 basesystem
Test remote (fast)	UNKNOWN STEP	2025-11-12T16:04:47.3561703Z #14 17.53 bash
Test remote (fast)	UNKNOWN STEP	2025-11-12T16:04:47.3562175Z #14 17.53 ca-certificates
Test remote (fast)	UNKNOWN STEP	2025-11-12T16:04:47.3562484Z #14 17.53 coreutils-single
Test remote (fast)	UNKNOWN STEP	2025-11-12T16:04:47.3562698Z #14 17.53 crypto-policies
Test remote (fast)	UNKNOWN STEP	2025-11-12T16:04:47.3562935Z #14 17.53 crypto-policies-scripts
Test remote (fast)	UNKNOWN STEP	2025-11-12T16:04:47.3563161Z #14 17.53 filesystem
Test remote (fast)	UNKNOWN STEP	2025-11-12T16:04:47.3563339Z #14 17.53 findutils
Test remote (fast)	UNKNOWN STEP	2025-11-12T16:04:47.3563512Z #14 17.53 glibc
Test remote (fast)	UNKNOWN STEP	2025-11-12T16:04:47.3563688Z #14 17.53 glibc-common
Test remote (fast)	UNKNOWN STEP	2025-11-12T16:04:47.3563883Z #14 17.53 glibc-langpack-en
Test remote (fast)	UNKNOWN STEP	2025-11-12T16:04:47.3564087Z #14 17.53 grep
Test remote (fast)	UNKNOWN STEP	2025-11-12T16:04:47.3564278Z #14 17.53 java-21-openjdk-headless
Test remote (fast)	UNKNOWN STEP	2025-11-12T16:04:47.3564526Z #14 17.53 javapackages-filesystem
Test remote (fast)	UNKNOWN STEP	2025-11-12T16:04:47.3564747Z #14 17.53 libacl
Test remote (fast)	UNKNOWN STEP	2025-11-12T16:04:47.3564958Z #14 17.53 libattr
Test remote (fast)	UNKNOWN STEP	2025-11-12T16:04:47.3565125Z #14 17.53 libcap
Test remote (fast)	UNKNOWN STEP	2025-11-12T16:04:47.3565297Z #14 17.53 libgcc
Test remote (fast)	UNKNOWN STEP	2025-11-12T16:04:47.3565481Z #14 17.53 libselinux
Test remote (fast)	UNKNOWN STEP	2025-11-12T16:04:47.3565661Z #14 17.53 libsepol
Test remote (fast)	UNKNOWN STEP	2025-11-12T16:04:47.3565872Z #14 17.53 libsigsegv
Test remote (fast)	UNKNOWN STEP	2025-11-12T16:04:47.3566171Z #14 17.53 libtasn1
Test remote (fast)	UNKNOWN STEP	2025-11-12T16:04:47.3566358Z #14 17.53 lksctp-tools
Test remote (fast)	UNKNOWN STEP	2025-11-12T16:04:47.3566556Z #14 17.53 ncurses-base
Test remote (fast)	UNKNOWN STEP	2025-11-12T16:04:47.3566746Z #14 17.53 ncurses-libs
Test remote (fast)	UNKNOWN STEP	2025-11-12T16:04:47.3566926Z #14 17.53 nspr
Test remote (fast)	UNKNOWN STEP	2025-11-12T16:04:47.3567379Z #14 17.53 nss
Test remote (fast)	UNKNOWN STEP	2025-11-12T16:04:47.3567611Z #14 17.53 nss-softokn
Test remote (fast)	UNKNOWN STEP	2025-11-12T16:04:47.3567822Z #14 17.53 nss-softokn-freebl
Test remote (fast)	UNKNOWN STEP	2025-11-12T16:04:47.3568033Z #14 17.53 nss-sysinit
Test remote (fast)	UNKNOWN STEP	2025-11-12T16:04:47.3568217Z #14 17.53 nss-util
Test remote (fast)	UNKNOWN STEP	2025-11-12T16:04:47.3568396Z #14 17.53 p11-kit-trust
Test remote (fast)	UNKNOWN STEP	2025-11-12T16:04:47.3568580Z #14 17.53 pcre
Test remote (fast)	UNKNOWN STEP	2025-11-12T16:04:47.3568749Z #14 17.53 pcre2
Test remote (fast)	UNKNOWN STEP	2025-11-12T16:04:47.3568926Z #14 17.53 pcre2-syntax
Test remote (fast)	UNKNOWN STEP	2025-11-12T16:04:47.3569190Z #14 17.53 redhat-release
Test remote (fast)	UNKNOWN STEP	2025-11-12T16:04:47.3569487Z #14 17.53 sed
Test remote (fast)	UNKNOWN STEP	2025-11-12T16:04:47.3569664Z #14 17.53 setup
Test remote (fast)	UNKNOWN STEP	2025-11-12T16:04:47.3569837Z #14 17.53 sqlite-libs
Test remote (fast)	UNKNOWN STEP	2025-11-12T16:04:47.3570046Z #14 17.53 tzdata
Test remote (fast)	UNKNOWN STEP	2025-11-12T16:04:47.3570328Z #14 17.53 tzdata-java
Test remote (fast)	UNKNOWN STEP	2025-11-12T16:04:47.3570611Z #14 17.53 zlib
Test remote (fast)	UNKNOWN STEP	2025-11-12T16:04:47.3570892Z #14 17.53 
Test remote (fast)	UNKNOWN STEP	2025-11-12T16:04:47.3571256Z #14 17.53 ==> Erasing packages
Test remote (fast)	UNKNOWN STEP	2025-11-12T16:04:47.3571639Z #14 17.53 + xargs rpm -r /tmp/null/rootfs --erase --nodeps --allmatches
Test remote (fast)	UNKNOWN STEP	2025-11-12T16:04:47.5442693Z #14 17.87 
Test remote (fast)	UNKNOWN STEP	2025-11-12T16:04:47.5443103Z #14 17.87 ==> Packages erased ok!
Test remote (fast)	UNKNOWN STEP	2025-11-12T16:04:47.7253181Z #14 DONE 17.9s
Test remote (fast)	UNKNOWN STEP	2025-11-12T16:04:49.0238697Z 
Test remote (fast)	UNKNOWN STEP	2025-11-12T16:04:49.0239396Z #15 [stage-1 2/4] COPY --from=ubi-micro-build /tmp/null/rootfs/ /
Test remote (fast)	UNKNOWN STEP	2025-11-12T16:04:50.1645425Z #15 DONE 1.1s
Test remote (fast)	UNKNOWN STEP	2025-11-12T16:04:50.3160734Z 
Test remote (fast)	UNKNOWN STEP	2025-11-12T16:04:50.3161745Z #16 [stage-1 3/4] COPY --from=ubi-micro-build --chown=1000:0 /opt/keycloak /opt/keycloak
Test remote (fast)	UNKNOWN STEP	2025-11-12T16:04:50.6124615Z #16 DONE 0.4s
Test remote (fast)	UNKNOWN STEP	2025-11-12T16:04:50.7235554Z 
Test remote (fast)	UNKNOWN STEP	2025-11-12T16:04:50.7236530Z #17 [stage-1 4/4] RUN echo "keycloak:x:0:root" >> /etc/group &&     echo "keycloak:x:1000:0:keycloak user:/opt/keycloak:/sbin/nologin" >> /etc/passwd
Test remote (fast)	UNKNOWN STEP	2025-11-12T16:04:50.7237272Z #17 DONE 0.1s
Test remote (fast)	UNKNOWN STEP	2025-11-12T16:04:50.8750416Z 
Test remote (fast)	UNKNOWN STEP	2025-11-12T16:04:50.8750844Z #18 exporting to image
Test remote (fast)	UNKNOWN STEP	2025-11-12T16:04:50.8751302Z #18 exporting layers
Test remote (fast)	UNKNOWN STEP	2025-11-12T16:04:52.1524377Z #18 exporting layers 1.4s done
Test remote (fast)	UNKNOWN STEP	2025-11-12T16:04:52.1638321Z #18 writing image sha256:acdc1cb1041653b5dcbd0bfb2aac5767ce22444bed334506753f3b587379240a done
Test remote (fast)	UNKNOWN STEP	2025-11-12T16:04:52.1639254Z #18 naming to docker.io/library/keycloak:0.0.1-d9dccc done
Test remote (fast)	UNKNOWN STEP	2025-11-12T16:04:52.1639790Z #18 DONE 1.4s
Test remote (fast)	UNKNOWN STEP	2025-11-12T16:04:52.1704401Z + VERSION=0.0.1-d9dccc
Test remote (fast)	UNKNOWN STEP	2025-11-12T16:04:52.1704773Z + KEYCLOAK_IMAGE=keycloak
Test remote (fast)	UNKNOWN STEP	2025-11-12T16:04:52.1705182Z + KEYCLOAK_CUSTOM_IMAGE=custom-keycloak
Test remote (fast)	UNKNOWN STEP	2025-11-12T16:04:52.1705635Z + echo 'Using version: 0.0.1-d9dccc'
Test remote (fast)	UNKNOWN STEP	2025-11-12T16:04:52.1705956Z Using version: 0.0.1-d9dccc
Test remote (fast)	UNKNOWN STEP	2025-11-12T16:04:52.1710601Z +++ dirname -- ./scripts/build-testing-docker-images.sh
Test remote (fast)	UNKNOWN STEP	2025-11-12T16:04:52.1722168Z ++ cd -- ./scripts
Test remote (fast)	UNKNOWN STEP	2025-11-12T16:04:52.1722889Z ++ pwd
Test remote (fast)	UNKNOWN STEP	2025-11-12T16:04:52.1725473Z + SCRIPT_DIR=/home/runner/work/keycloak/keycloak/operator/scripts
Test remote (fast)	UNKNOWN STEP	2025-11-12T16:04:52.1726565Z + docker build -f /home/runner/work/keycloak/keycloak/operator/scripts/Dockerfile-custom-image --build-arg IMAGE=keycloak --build-arg VERSION=0.0.1-d9dccc -t custom-keycloak:0.0.1-d9dccc /home/runner/work/keycloak/keycloak/operator/scripts
Test remote (fast)	UNKNOWN STEP	2025-11-12T16:04:52.5439570Z #0 building with "default" instance using docker driver
Test remote (fast)	UNKNOWN STEP	2025-11-12T16:04:52.5440179Z 
Test remote (fast)	UNKNOWN STEP	2025-11-12T16:04:52.5440415Z #1 [internal] load .dockerignore
Test remote (fast)	UNKNOWN STEP	2025-11-12T16:04:52.5440940Z #1 transferring context: 2B done
Test remote (fast)	UNKNOWN STEP	2025-11-12T16:04:52.5441306Z #1 DONE 0.0s
Test remote (fast)	UNKNOWN STEP	2025-11-12T16:04:52.5441469Z 
Test remote (fast)	UNKNOWN STEP	2025-11-12T16:04:52.5441726Z #2 [internal] load build definition from Dockerfile-custom-image
Test remote (fast)	UNKNOWN STEP	2025-11-12T16:04:52.5442571Z #2 transferring dockerfile: 209B done
Test remote (fast)	UNKNOWN STEP	2025-11-12T16:04:52.5442955Z #2 DONE 0.0s
Test remote (fast)	UNKNOWN STEP	2025-11-12T16:04:52.5443115Z 
Test remote (fast)	UNKNOWN STEP	2025-11-12T16:04:52.5443402Z #3 [internal] load metadata for docker.io/library/keycloak:0.0.1-d9dccc
Test remote (fast)	UNKNOWN STEP	2025-11-12T16:04:52.5443969Z #3 DONE 0.0s
Test remote (fast)	UNKNOWN STEP	2025-11-12T16:04:52.5444166Z 
Test remote (fast)	UNKNOWN STEP	2025-11-12T16:04:52.5444373Z #4 [1/2] FROM docker.io/library/keycloak:0.0.1-d9dccc
Test remote (fast)	UNKNOWN STEP	2025-11-12T16:04:52.5444812Z #4 DONE 0.0s
Test remote (fast)	UNKNOWN STEP	2025-11-12T16:04:52.5444996Z 
Test remote (fast)	UNKNOWN STEP	2025-11-12T16:04:52.5445463Z #5 [2/2] RUN /opt/keycloak/bin/kc.sh build --db=postgres --health-enabled=true --features=rolling-updates
Test remote (fast)	UNKNOWN STEP	2025-11-12T16:04:53.3131655Z #5 0.919 Updating the configuration and installing your custom providers, if any. Please wait.
Test remote (fast)	UNKNOWN STEP	2025-11-12T16:05:01.5145495Z #5 9.121 2025-11-12 16:05:01,512 INFO  [io.quarkus.deployment.QuarkusAugmentor] (main) Quarkus augmentation completed in 7368ms
Test remote (fast)	UNKNOWN STEP	2025-11-12T16:05:01.7275085Z #5 9.141 Server configuration updated and persisted. Run the following command to review the configuration:
Test remote (fast)	UNKNOWN STEP	2025-11-12T16:05:01.7275907Z #5 9.141 
Test remote (fast)	UNKNOWN STEP	2025-11-12T16:05:01.7276212Z #5 9.141 	kc.sh show-config
Test remote (fast)	UNKNOWN STEP	2025-11-12T16:05:01.7276572Z #5 9.141 
Test remote (fast)	UNKNOWN STEP	2025-11-12T16:05:01.7276856Z #5 DONE 9.2s
Test remote (fast)	UNKNOWN STEP	2025-11-12T16:05:01.7277035Z 
Test remote (fast)	UNKNOWN STEP	2025-11-12T16:05:01.7277170Z #6 exporting to image
Test remote (fast)	UNKNOWN STEP	2025-11-12T16:05:01.7277507Z #6 exporting layers
Test remote (fast)	UNKNOWN STEP	2025-11-12T16:05:02.0043595Z #6 exporting layers 0.4s done
Test remote (fast)	UNKNOWN STEP	2025-11-12T16:05:02.0155223Z #6 writing image sha256:630bc854d96ce000200066c961932dd337b430b5a0fd3b674fa5efbaa8c20366 done
Test remote (fast)	UNKNOWN STEP	2025-11-12T16:05:02.0156522Z #6 naming to docker.io/library/custom-keycloak:0.0.1-d9dccc done
Test remote (fast)	UNKNOWN STEP	2025-11-12T16:05:02.0157082Z #6 DONE 0.4s
Test remote (fast)	UNKNOWN STEP	2025-11-12T16:05:02.0236359Z ##[group]Run declare -A PARAMS
Test remote (fast)	UNKNOWN STEP	2025-11-12T16:05:02.0236667Z [36;1mdeclare -A PARAMS[0m
Test remote (fast)	UNKNOWN STEP	2025-11-12T16:05:02.0236954Z [36;1mPARAMS["slow"]="-Dkc.quarkus.tests.groups=slow"[0m
Test remote (fast)	UNKNOWN STEP	2025-11-12T16:05:02.0237309Z [36;1mPARAMS["fast"]='-Dkc.quarkus.tests.groups=!slow'[0m
Test remote (fast)	UNKNOWN STEP	2025-11-12T16:05:02.0237599Z [36;1m[0m
Test remote (fast)	UNKNOWN STEP	2025-11-12T16:05:02.0237813Z [36;1meval $(minikube -p minikube docker-env)[0m
Test remote (fast)	UNKNOWN STEP	2025-11-12T16:05:02.0238162Z [36;1m./mvnw install -Poperator -pl :keycloak-operator -am \[0m
Test remote (fast)	UNKNOWN STEP	2025-11-12T16:05:02.0238522Z [36;1m    -Dquarkus.container-image.build=true \[0m
Test remote (fast)	UNKNOWN STEP	2025-11-12T16:05:02.0238899Z [36;1m    -Dquarkus.kubernetes.image-pull-policy=IfNotPresent \[0m
Test remote (fast)	UNKNOWN STEP	2025-11-12T16:05:02.0239291Z [36;1m    -Dkc.operator.keycloak.image=keycloak:0.0.1-d9dccc \[0m
Test remote (fast)	UNKNOWN STEP	2025-11-12T16:05:02.0239769Z [36;1m    -Dquarkus.kubernetes.env.vars.kc-operator-keycloak-image-pull-policy=Never \[0m
Test remote (fast)	UNKNOWN STEP	2025-11-12T16:05:02.0240299Z [36;1m    -Dtest.operator.custom.image=custom-keycloak:0.0.1-d9dccc \[0m
Test remote (fast)	UNKNOWN STEP	2025-11-12T16:05:02.0240801Z [36;1m    --no-transfer-progress -Dtest.operator.deployment=remote ${PARAMS["fast"]}[0m
Test remote (fast)	UNKNOWN STEP	2025-11-12T16:05:02.0274302Z shell: /usr/bin/bash --noprofile --norc -e -o pipefail {0}
Test remote (fast)	UNKNOWN STEP	2025-11-12T16:05:02.0274624Z env:
Test remote (fast)	UNKNOWN STEP	2025-11-12T16:05:02.0274890Z   MAVEN_ARGS: -B -nsu -Daether.connector.http.connectionMaxTtl=25
Test remote (fast)	UNKNOWN STEP	2025-11-12T16:05:02.0275229Z   MINIKUBE_VERSION: v1.32.0
Test remote (fast)	UNKNOWN STEP	2025-11-12T16:05:02.0275467Z   KUBERNETES_VERSION: v1.27.10
Test remote (fast)	UNKNOWN STEP	2025-11-12T16:05:02.0275686Z   MINIKUBE_MEMORY: 4096
Test remote (fast)	UNKNOWN STEP	2025-11-12T16:05:02.0275894Z   version_remote: 0.0.1-d9dccc
Test remote (fast)	UNKNOWN STEP	2025-11-12T16:05:02.0276221Z   JAVA_HOME: /opt/hostedtoolcache/Java_Temurin-Hotspot_jdk/21.0.9-10/x64
Test remote (fast)	UNKNOWN STEP	2025-11-12T16:05:02.0276670Z   JAVA_HOME_21_X64: /opt/hostedtoolcache/Java_Temurin-Hotspot_jdk/21.0.9-10/x64
Test remote (fast)	UNKNOWN STEP	2025-11-12T16:05:02.0277040Z   MINIKUBE_HOME: /home/runner/work/_temp
Test remote (fast)	UNKNOWN STEP	2025-11-12T16:05:02.0277302Z ##[endgroup]
Test remote (fast)	UNKNOWN STEP	2025-11-12T16:05:15.1689059Z [INFO] Loading cache configuration from /home/runner/work/keycloak/keycloak/.mvn/maven-build-cache-config.xml
Test remote (fast)	UNKNOWN STEP	2025-11-12T16:05:15.1819447Z [INFO] Scanning for projects...
Test remote (fast)	UNKNOWN STEP	2025-11-12T16:05:16.6747168Z [INFO] ------------------------------------------------------------------------
Test remote (fast)	UNKNOWN STEP	2025-11-12T16:05:16.6748207Z [INFO] Reactor Build Order:
Test remote (fast)	UNKNOWN STEP	2025-11-12T16:05:16.6748731Z [INFO] 
Test remote (fast)	UNKNOWN STEP	2025-11-12T16:05:16.6749232Z [INFO] Keycloak                                                           [pom]
Test remote (fast)	UNKNOWN STEP	2025-11-12T16:05:16.6750098Z [INFO] Keycloak Common                                                    [jar]
Test remote (fast)	UNKNOWN STEP	2025-11-12T16:05:16.6750923Z [INFO] Keycloak Core                                                      [jar]
Test remote (fast)	UNKNOWN STEP	2025-11-12T16:05:16.6751937Z [INFO] Keycloak Operator                                                  [jar]
Test remote (fast)	UNKNOWN STEP	2025-11-12T16:05:16.6837021Z [INFO] 
Test remote (fast)	UNKNOWN STEP	2025-11-12T16:05:16.6837761Z [INFO] --------------------< org.keycloak:keycloak-parent >--------------------
Test remote (fast)	UNKNOWN STEP	2025-11-12T16:05:16.6838835Z [INFO] Building Keycloak 999.0.0-SNAPSHOT                                 [1/4]
Test remote (fast)	UNKNOWN STEP	2025-11-12T16:05:16.6839741Z [INFO]   from pom.xml
Test remote (fast)	UNKNOWN STEP	2025-11-12T16:05:16.6848184Z [INFO] --------------------------------[ pom ]---------------------------------
Test remote (fast)	UNKNOWN STEP	2025-11-12T16:05:19.9863852Z [INFO] 
Test remote (fast)	UNKNOWN STEP	2025-11-12T16:05:19.9864487Z [INFO] --- enforcer:3.0.0-M3:enforce (enforce-java-version) @ keycloak-parent ---
Test remote (fast)	UNKNOWN STEP	2025-11-12T16:05:36.1517715Z [INFO] 
Test remote (fast)	UNKNOWN STEP	2025-11-12T16:05:36.1518767Z [INFO] --- enforcer:3.0.0-M3:enforce (enforce-maven-version) @ keycloak-parent ---
Test remote (fast)	UNKNOWN STEP	2025-11-12T16:05:36.1537616Z [INFO] 
Test remote (fast)	UNKNOWN STEP	2025-11-12T16:05:36.1538411Z [INFO] --- buildnumber:1.4:create (get-scm-revision) @ keycloak-parent ---
Test remote (fast)	UNKNOWN STEP	2025-11-12T16:06:10.6149149Z [INFO] Executing: /bin/sh -c cd '/home/runner/work/keycloak/keycloak' && 'git' 'rev-parse' '--verify' 'HEAD'
Test remote (fast)	UNKNOWN STEP	2025-11-12T16:06:10.6150422Z [INFO] Working directory: /home/runner/work/keycloak/keycloak
Test remote (fast)	UNKNOWN STEP	2025-11-12T16:06:10.6681983Z [INFO] Storing buildNumber: d9dccc3757a864503fea96d843e2bbecdede6c49 at timestamp: 1762963570598
Test remote (fast)	UNKNOWN STEP	2025-11-12T16:06:10.6750745Z [WARNING] Cannot get the branch information from the git repository: 
Test remote (fast)	UNKNOWN STEP	2025-11-12T16:06:10.6752186Z Detecting the current branch failed: fatal: ref HEAD is not a symbolic ref
Test remote (fast)	UNKNOWN STEP	2025-11-12T16:06:10.6752729Z 
Test remote (fast)	UNKNOWN STEP	2025-11-12T16:06:10.6753269Z [INFO] Executing: /bin/sh -c cd '/home/runner/work/keycloak/keycloak' && 'git' 'rev-parse' '--verify' 'HEAD'
Test remote (fast)	UNKNOWN STEP	2025-11-12T16:06:10.6754224Z [INFO] Working directory: /home/runner/work/keycloak/keycloak
Test remote (fast)	UNKNOWN STEP	2025-11-12T16:06:10.6785876Z [INFO] Storing buildScmBranch: UNKNOWN
Test remote (fast)	UNKNOWN STEP	2025-11-12T16:06:10.6788651Z [INFO] 
Test remote (fast)	UNKNOWN STEP	2025-11-12T16:06:10.6789160Z [INFO] --- source:3.1.0:jar-no-fork (attach-sources) @ keycloak-parent ---
Test remote (fast)	UNKNOWN STEP	2025-11-12T16:06:14.3532870Z [INFO] 
Test remote (fast)	UNKNOWN STEP	2025-11-12T16:06:14.3535252Z [INFO] --- install:2.5.2:install (default-install) @ keycloak-parent ---
Test remote (fast)	UNKNOWN STEP	2025-11-12T16:06:16.0834117Z [INFO] Installing /home/runner/work/keycloak/keycloak/pom.xml to /home/runner/.m2/repository/org/keycloak/keycloak-parent/999.0.0-SNAPSHOT/keycloak-parent-999.0.0-SNAPSHOT.pom
Test remote (fast)	UNKNOWN STEP	2025-11-12T16:06:16.0944676Z [INFO] 
Test remote (fast)	UNKNOWN STEP	2025-11-12T16:06:16.0945315Z [INFO] --------------------< org.keycloak:keycloak-common >--------------------
Test remote (fast)	UNKNOWN STEP	2025-11-12T16:06:16.0946402Z [INFO] Building Keycloak Common 999.0.0-SNAPSHOT                          [2/4]
Test remote (fast)	UNKNOWN STEP	2025-11-12T16:06:16.0949068Z [INFO]   from common/pom.xml
Test remote (fast)	UNKNOWN STEP	2025-11-12T16:06:16.0954334Z [INFO] --------------------------------[ jar ]---------------------------------
Test remote (fast)	UNKNOWN STEP	2025-11-12T16:06:23.8764191Z [INFO] 
Test remote (fast)	UNKNOWN STEP	2025-11-12T16:06:23.8765050Z [INFO] --- enforcer:3.0.0-M3:enforce (enforce-java-version) @ keycloak-common ---
Test remote (fast)	UNKNOWN STEP	2025-11-12T16:06:23.8783521Z [INFO] 
Test remote (fast)	UNKNOWN STEP	2025-11-12T16:06:23.8784229Z [INFO] --- enforcer:3.0.0-M3:enforce (enforce-maven-version) @ keycloak-common ---
Test remote (fast)	UNKNOWN STEP	2025-11-12T16:06:23.8790819Z [INFO] 
Test remote (fast)	UNKNOWN STEP	2025-11-12T16:06:23.8791510Z [INFO] --- buildnumber:1.4:create (get-scm-revision) @ keycloak-common ---
Test remote (fast)	UNKNOWN STEP	2025-11-12T16:06:23.8806439Z [INFO] 
Test remote (fast)	UNKNOWN STEP	2025-11-12T16:06:23.8807019Z [INFO] --- resources:3.2.0:resources (default-resources) @ keycloak-common ---
Test remote (fast)	UNKNOWN STEP	2025-11-12T16:06:43.2928759Z [INFO] Using 'UTF-8' encoding to copy filtered resources.
Test remote (fast)	UNKNOWN STEP	2025-11-12T16:06:43.2929545Z [INFO] Using 'UTF-8' encoding to copy filtered properties files.
Test remote (fast)	UNKNOWN STEP	2025-11-12T16:06:43.2950089Z [INFO] Copying 1 resource
Test remote (fast)	UNKNOWN STEP	2025-11-12T16:06:43.3091201Z [INFO] The encoding used to copy filtered properties files have not been set. This means that the same encoding will be used to copy filtered properties files as when copying other filtered resources. This might not be what you want! Run your build with --debug to see which files might be affected. Read more at https://maven.apache.org/plugins/maven-resources-plugin/examples/filtering-properties-files.html
Test remote (fast)	UNKNOWN STEP	2025-11-12T16:06:43.3093754Z [INFO] 
Test remote (fast)	UNKNOWN STEP	2025-11-12T16:06:43.3094267Z [INFO] --- compiler:3.8.1:compile (default-compile) @ keycloak-common ---
Test remote (fast)	UNKNOWN STEP	2025-11-12T16:06:46.9175644Z [INFO] Changes detected - recompiling the module!
Test remote (fast)	UNKNOWN STEP	2025-11-12T16:06:46.9199933Z [INFO] Compiling 71 source files to /home/runner/work/keycloak/keycloak/common/target/classes
Test remote (fast)	UNKNOWN STEP	2025-11-12T16:06:49.2962249Z [WARNING] source value 8 is obsolete and will be removed in a future release
Test remote (fast)	UNKNOWN STEP	2025-11-12T16:06:49.2964603Z [WARNING] target value 8 is obsolete and will be removed in a future release
Test remote (fast)	UNKNOWN STEP	2025-11-12T16:06:49.2973583Z [WARNING] To suppress warnings about obsolete options, use -Xlint:-options.
Test remote (fast)	UNKNOWN STEP	2025-11-12T16:06:49.2975330Z [WARNING] /home/runner/work/keycloak/keycloak/common/src/main/java/org/keycloak/common/util/reflections/Types.java:[84,38] unchecked call to isAssignableFrom(java.lang.Class<?>) as a member of the raw type java.lang.Class
Test remote (fast)	UNKNOWN STEP	2025-11-12T16:06:49.2977945Z [WARNING] /home/runner/work/keycloak/keycloak/common/src/main/java/org/keycloak/common/util/reflections/Types.java:[172,44] unchecked call to isAssignableFrom(java.lang.Class<?>) as a member of the raw type java.lang.Class
Test remote (fast)	UNKNOWN STEP	2025-11-12T16:06:49.2980587Z [WARNING] /home/runner/work/keycloak/keycloak/common/src/main/java/org/keycloak/common/util/reflections/Types.java:[233,35] unchecked call to getMethod(java.lang.String,java.lang.Class<?>...) as a member of the raw type java.lang.Class
Test remote (fast)	UNKNOWN STEP	2025-11-12T16:06:49.2984174Z [WARNING] /home/runner/work/keycloak/keycloak/common/src/main/java/org/keycloak/common/util/reflections/Types.java:[241,41] unchecked call to getMethod(java.lang.String,java.lang.Class<?>...) as a member of the raw type java.lang.Class
Test remote (fast)	UNKNOWN STEP	2025-11-12T16:06:49.2986390Z [WARNING] /home/runner/work/keycloak/keycloak/common/src/main/java/org/keycloak/common/util/reflections/Reflections.java:[267,48] unchecked cast
Test remote (fast)	UNKNOWN STEP	2025-11-12T16:06:49.2987603Z   required: java.lang.Class<T>
Test remote (fast)	UNKNOWN STEP	2025-11-12T16:06:49.2988050Z   found:    java.lang.Class<capture#1 of ?>
Test remote (fast)	UNKNOWN STEP	2025-11-12T16:06:49.2989264Z [WARNING] /home/runner/work/keycloak/keycloak/common/src/main/java/org/keycloak/common/util/reflections/Reflections.java:[269,48] unchecked cast
Test remote (fast)	UNKNOWN STEP	2025-11-12T16:06:49.2990467Z   required: java.lang.Class<T>
Test remote (fast)	UNKNOWN STEP	2025-11-12T16:06:49.2990905Z   found:    java.lang.Class<capture#2 of ?>
Test remote (fast)	UNKNOWN STEP	2025-11-12T16:06:49.2992340Z [WARNING] /home/runner/work/keycloak/keycloak/common/src/main/java/org/keycloak/common/util/reflections/Reflections.java:[274,52] unchecked cast
Test remote (fast)	UNKNOWN STEP	2025-11-12T16:06:49.2993561Z   required: java.lang.Class<T>
Test remote (fast)	UNKNOWN STEP	2025-11-12T16:06:49.2993971Z   found:    java.lang.Class<capture#3 of ?>
Test remote (fast)	UNKNOWN STEP	2025-11-12T16:06:49.3000315Z [WARNING] /home/runner/work/keycloak/keycloak/common/src/main/java/org/keycloak/common/util/reflections/Reflections.java:[1013,86] unchecked cast
Test remote (fast)	UNKNOWN STEP	2025-11-12T16:06:49.3001446Z   required: T
Test remote (fast)	UNKNOWN STEP	2025-11-12T16:06:49.3001956Z   found:    java.lang.Object
Test remote (fast)	UNKNOWN STEP	2025-11-12T16:06:49.3003221Z [WARNING] /home/runner/work/keycloak/keycloak/common/src/main/java/org/keycloak/common/util/MultivaluedMap.java:[34,34] Possible heap pollution from parameterized vararg type V
Test remote (fast)	UNKNOWN STEP	2025-11-12T16:06:49.3005434Z [WARNING] /home/runner/work/keycloak/keycloak/common/src/main/java/org/keycloak/common/util/Encode.java:[210,48] encode(java.lang.String) in java.net.URLEncoder has been deprecated
Test remote (fast)	UNKNOWN STEP	2025-11-12T16:06:49.3007332Z [WARNING] /home/runner/work/keycloak/keycloak/common/src/main/java/org/keycloak/common/util/Resteasy.java:[48,44] unchecked cast
Test remote (fast)	UNKNOWN STEP	2025-11-12T16:06:49.3008192Z   required: R
Test remote (fast)	UNKNOWN STEP	2025-11-12T16:06:49.3008470Z   found:    java.lang.Object
Test remote (fast)	UNKNOWN STEP	2025-11-12T16:06:49.3009427Z [WARNING] /home/runner/work/keycloak/keycloak/common/src/main/java/org/keycloak/common/util/Resteasy.java:[67,44] unchecked cast
Test remote (fast)	UNKNOWN STEP	2025-11-12T16:06:49.3010463Z   required: R
Test remote (fast)	UNKNOWN STEP	2025-11-12T16:06:49.3010813Z   found:    java.lang.Object
Test remote (fast)	UNKNOWN STEP	2025-11-12T16:06:49.3012610Z [WARNING] /home/runner/work/keycloak/keycloak/common/src/main/java/org/keycloak/common/util/Resteasy.java:[78,20] unchecked method invocation: method pushContext in class org.keycloak.common.util.Resteasy is applied to given types
Test remote (fast)	UNKNOWN STEP	2025-11-12T16:06:49.3014304Z   required: java.lang.Class<R>,R
Test remote (fast)	UNKNOWN STEP	2025-11-12T16:06:49.3014760Z   found:    java.lang.Class,java.lang.Object
Test remote (fast)	UNKNOWN STEP	2025-11-12T16:06:49.3015820Z [WARNING] /home/runner/work/keycloak/keycloak/common/src/main/java/org/keycloak/common/util/Resteasy.java:[78,21] unchecked conversion
Test remote (fast)	UNKNOWN STEP	2025-11-12T16:06:49.3016891Z   required: java.lang.Class<R>
Test remote (fast)	UNKNOWN STEP	2025-11-12T16:06:49.3017304Z   found:    java.lang.Class
Test remote (fast)	UNKNOWN STEP	2025-11-12T16:06:49.3017668Z [INFO] 
Test remote (fast)	UNKNOWN STEP	2025-11-12T16:06:49.3018209Z [INFO] --- resources:3.2.0:testResources (default-testResources) @ keycloak-common ---
Test remote (fast)	UNKNOWN STEP	2025-11-12T16:06:49.3040180Z [INFO] Using 'UTF-8' encoding to copy filtered resources.
Test remote (fast)	UNKNOWN STEP	2025-11-12T16:06:49.3040891Z [INFO] Using 'UTF-8' encoding to copy filtered properties files.
Test remote (fast)	UNKNOWN STEP	2025-11-12T16:06:49.3042013Z [INFO] skip non existing resourceDirectory /home/runner/work/keycloak/keycloak/common/src/test/resources
Test remote (fast)	UNKNOWN STEP	2025-11-12T16:06:49.3042796Z [INFO] 
Test remote (fast)	UNKNOWN STEP	2025-11-12T16:06:49.3043304Z [INFO] --- compiler:3.8.1:testCompile (default-testCompile) @ keycloak-common ---
Test remote (fast)	UNKNOWN STEP	2025-11-12T16:06:49.3083811Z [INFO] Changes detected - recompiling the module!
Test remote (fast)	UNKNOWN STEP	2025-11-12T16:06:49.3087553Z [INFO] Compiling 15 source files to /home/runner/work/keycloak/keycloak/common/target/test-classes
Test remote (fast)	UNKNOWN STEP	2025-11-12T16:06:49.5663622Z [WARNING] source value 8 is obsolete and will be removed in a future release
Test remote (fast)	UNKNOWN STEP	2025-11-12T16:06:49.5666300Z [WARNING] target value 8 is obsolete and will be removed in a future release
Test remote (fast)	UNKNOWN STEP	2025-11-12T16:06:49.5668717Z [WARNING] To suppress warnings about obsolete options, use -Xlint:-options.
Test remote (fast)	UNKNOWN STEP	2025-11-12T16:06:49.5671257Z [INFO] 
Test remote (fast)	UNKNOWN STEP	2025-11-12T16:06:49.5673618Z [INFO] --- surefire:3.5.2:test (default-test) @ keycloak-common ---
Test remote (fast)	UNKNOWN STEP	2025-11-12T16:06:55.1310708Z [INFO] Using auto detected provider org.apache.maven.surefire.junit4.JUnit4Provider
Test remote (fast)	UNKNOWN STEP	2025-11-12T16:06:56.3899042Z [INFO] 
Test remote (fast)	UNKNOWN STEP	2025-11-12T16:06:56.3899554Z [INFO] -------------------------------------------------------
Test remote (fast)	UNKNOWN STEP	2025-11-12T16:06:56.3900103Z [INFO]  T E S T S
Test remote (fast)	UNKNOWN STEP	2025-11-12T16:06:56.3900558Z [INFO] -------------------------------------------------------
Test remote (fast)	UNKNOWN STEP	2025-11-12T16:06:56.7912141Z [INFO] Running org.keycloak.common.ProfileTest
Test remote (fast)	UNKNOWN STEP	2025-11-12T16:06:56.9992343Z Nov 12, 2025 4:06:56 PM org.keycloak.common.Profile logUnsupportedFeatures
Test remote (fast)	UNKNOWN STEP	2025-11-12T16:06:56.9993083Z INFO: Preview features enabled: token-exchange:v1
Test remote (fast)	UNKNOWN STEP	2025-11-12T16:06:56.9993733Z Nov 12, 2025 4:06:56 PM org.keycloak.common.Profile logUnsupportedFeatures
Test remote (fast)	UNKNOWN STEP	2025-11-12T16:06:56.9994434Z WARN: Experimental features enabled: dynamic-scopes:v1
Test remote (fast)	UNKNOWN STEP	2025-11-12T16:06:56.9995110Z Nov 12, 2025 4:06:56 PM org.keycloak.common.Profile logUnsupportedFeatures
Test remote (fast)	UNKNOWN STEP	2025-11-12T16:06:56.9995724Z WARN: Deprecated features enabled: login:v1
Test remote (fast)	UNKNOWN STEP	2025-11-12T16:06:57.0094736Z Nov 12, 2025 4:06:57 PM org.keycloak.common.Profile logUnsupportedFeatures
Test remote (fast)	UNKNOWN STEP	2025-11-12T16:06:57.0095875Z INFO: Preview features enabled: client-secret-rotation:v1, dpop:v1, passkeys:v1, recovery-codes:v1, scripts:v1, token-exchange:v1, update-email:v1
Test remote (fast)	UNKNOWN STEP	2025-11-12T16:06:57.0140060Z Nov 12, 2025 4:06:57 PM org.keycloak.common.Profile logUnsupportedFeatures
Test remote (fast)	UNKNOWN STEP	2025-11-12T16:06:57.0140709Z INFO: Preview features enabled: token-exchange:v1
Test remote (fast)	UNKNOWN STEP	2025-11-12T16:06:57.0141341Z Nov 12, 2025 4:06:57 PM org.keycloak.common.Profile logUnsupportedFeatures
Test remote (fast)	UNKNOWN STEP	2025-11-12T16:06:57.0142157Z WARN: Experimental features enabled: dynamic-scopes:v1
Test remote (fast)	UNKNOWN STEP	2025-11-12T16:06:57.0142798Z Nov 12, 2025 4:06:57 PM org.keycloak.common.Profile logUnsupportedFeatures
Test remote (fast)	UNKNOWN STEP	2025-11-12T16:06:57.0143413Z WARN: Deprecated features enabled: login:v1
Test remote (fast)	UNKNOWN STEP	2025-11-12T16:06:57.0202719Z Nov 12, 2025 4:06:57 PM org.keycloak.common.Profile logUnsupportedFeatures
Test remote (fast)	UNKNOWN STEP	2025-11-12T16:06:57.0203385Z INFO: Preview features enabled: token-exchange:v1
Test remote (fast)	UNKNOWN STEP	2025-11-12T16:06:57.0229596Z Nov 12, 2025 4:06:57 PM org.keycloak.common.Profile logUnsupportedFeatures
Test remote (fast)	UNKNOWN STEP	2025-11-12T16:06:57.0230715Z INFO: Preview features enabled: client-secret-rotation:v1, dpop:v1, passkeys:v1, recovery-codes:v1, scripts:v1, token-exchange:v1, update-email:v1
Test remote (fast)	UNKNOWN STEP	2025-11-12T16:06:57.0367506Z Nov 12, 2025 4:06:57 PM org.keycloak.common.util.KerberosJdkProvider isKerberosAvailable
Test remote (fast)	UNKNOWN STEP	2025-11-12T16:06:57.0370752Z WARN: Kerberos feature not supported by JDK. Check security providers for your JDK in java.security. Supported mechanisms: []
Test remote (fast)	UNKNOWN STEP	2025-11-12T16:06:57.0372018Z Nov 12, 2025 4:06:57 PM org.keycloak.common.util.KerberosJdkProvider isKerberosAvailable
Test remote (fast)	UNKNOWN STEP	2025-11-12T16:06:57.0373089Z WARN: Kerberos feature not supported by JDK. Check security providers for your JDK in java.security. Supported mechanisms: []
Test remote (fast)	UNKNOWN STEP	2025-11-12T16:06:57.0374167Z Nov 12, 2025 4:06:57 PM org.keycloak.common.util.KerberosJdkProvider isKerberosAvailable
Test remote (fast)	UNKNOWN STEP	2025-11-12T16:06:57.0375229Z WARN: Kerberos feature not supported by JDK. Check security providers for your JDK in java.security. Supported mechanisms: []
Test remote (fast)	UNKNOWN STEP	2025-11-12T16:06:57.0376367Z Nov 12, 2025 4:06:57 PM org.keycloak.common.util.KerberosJdkProvider isKerberosAvailable
Test remote (fast)	UNKNOWN STEP	2025-11-12T16:06:57.0377516Z WARN: Kerberos feature not supported by JDK. Check security providers for your JDK in java.security. Supported mechanisms: []
Test remote (fast)	UNKNOWN STEP	2025-11-12T16:06:57.0378581Z Nov 12, 2025 4:06:57 PM org.keycloak.common.Profile logUnsupportedFeatures
Test remote (fast)	UNKNOWN STEP	2025-11-12T16:06:57.0379245Z INFO: Preview features enabled: token-exchange:v1
Test remote (fast)	UNKNOWN STEP	2025-11-12T16:06:57.0379884Z Nov 12, 2025 4:06:57 PM org.keycloak.common.Profile logUnsupportedFeatures
Test remote (fast)	UNKNOWN STEP	2025-11-12T16:06:57.0380595Z WARN: Experimental features enabled: dynamic-scopes:v1
Test remote (fast)	UNKNOWN STEP	2025-11-12T16:06:57.0381268Z Nov 12, 2025 4:06:57 PM org.keycloak.common.Profile logUnsupportedFeatures
Test remote (fast)	UNKNOWN STEP	2025-11-12T16:06:57.0382436Z WARN: Deprecated features enabled: login:v1
Test remote (fast)	UNKNOWN STEP	2025-11-12T16:06:57.0612992Z [INFO] Tests run: 16, Failures: 0, Errors: 0, Skipped: 0, Time elapsed: 0.253 s -- in org.keycloak.common.ProfileTest
Test remote (fast)	UNKNOWN STEP	2025-11-12T16:06:57.0615697Z [INFO] Running org.keycloak.common.crypto.CryptoIntegrationTest
Test remote (fast)	UNKNOWN STEP	2025-11-12T16:06:57.0684538Z [INFO] Tests run: 1, Failures: 0, Errors: 0, Skipped: 0, Time elapsed: 0 s -- in org.keycloak.common.crypto.CryptoIntegrationTest
Test remote (fast)	UNKNOWN STEP	2025-11-12T16:06:57.0685650Z [INFO] Running org.keycloak.common.enums.SslRequiredTest
Test remote (fast)	UNKNOWN STEP	2025-11-12T16:06:57.0746179Z [INFO] Tests run: 1, Failures: 0, Errors: 0, Skipped: 0, Time elapsed: 0.001 s -- in org.keycloak.common.enums.SslRequiredTest
Test remote (fast)	UNKNOWN STEP	2025-11-12T16:06:57.0747212Z [INFO] Running org.keycloak.common.util.Base64DecodeTest
Test remote (fast)	UNKNOWN STEP	2025-11-12T16:06:57.0828486Z [INFO] Tests run: 5, Failures: 0, Errors: 0, Skipped: 0, Time elapsed: 0.001 s -- in org.keycloak.common.util.Base64DecodeTest
Test remote (fast)	UNKNOWN STEP	2025-11-12T16:06:57.0829623Z [INFO] Running org.keycloak.common.util.CollectionUtilTest
Test remote (fast)	UNKNOWN STEP	2025-11-12T16:06:57.0881410Z [INFO] Tests run: 6, Failures: 0, Errors: 0, Skipped: 0, Time elapsed: 0.001 s -- in org.keycloak.common.util.CollectionUtilTest
Test remote (fast)	UNKNOWN STEP	2025-11-12T16:06:57.0884094Z [INFO] Running org.keycloak.common.util.HtmlUtilsTest
Test remote (fast)	UNKNOWN STEP	2025-11-12T16:06:57.0940749Z [INFO] Tests run: 1, Failures: 0, Errors: 0, Skipped: 0, Time elapsed: 0.003 s -- in org.keycloak.common.util.HtmlUtilsTest
Test remote (fast)	UNKNOWN STEP	2025-11-12T16:06:57.0943309Z [INFO] Running org.keycloak.common.util.KeyUtilsTest
Test remote (fast)	UNKNOWN STEP	2025-11-12T16:06:57.1052990Z [INFO] Tests run: 1, Failures: 0, Errors: 0, Skipped: 0, Time elapsed: 0.006 s -- in org.keycloak.common.util.KeyUtilsTest
Test remote (fast)	UNKNOWN STEP	2025-11-12T16:06:57.1054018Z [INFO] Running org.keycloak.common.util.KeycloakUriBuilderTest
Test remote (fast)	UNKNOWN STEP	2025-11-12T16:06:57.1202604Z [INFO] Tests run: 5, Failures: 0, Errors: 0, Skipped: 0, Time elapsed: 0.015 s -- in org.keycloak.common.util.KeycloakUriBuilderTest
Test remote (fast)	UNKNOWN STEP	2025-11-12T16:06:57.1212000Z [INFO] Running org.keycloak.common.util.KeystoreUtilTest
Test remote (fast)	UNKNOWN STEP	2025-11-12T16:06:57.1282938Z [INFO] Tests run: 2, Failures: 0, Errors: 0, Skipped: 0, Time elapsed: 0.002 s -- in org.keycloak.common.util.KeystoreUtilTest
Test remote (fast)	UNKNOWN STEP	2025-11-12T16:06:57.1302611Z [INFO] Running org.keycloak.common.util.MultivaluedHashMapTest
Test remote (fast)	UNKNOWN STEP	2025-11-12T16:06:57.1383329Z [INFO] Tests run: 5, Failures: 0, Errors: 0, Skipped: 0, Time elapsed: 0.011 s -- in org.keycloak.common.util.MultivaluedHashMapTest
Test remote (fast)	UNKNOWN STEP	2025-11-12T16:06:57.1384683Z [INFO] Running org.keycloak.common.util.PaddingUtilsTest
Test remote (fast)	UNKNOWN STEP	2025-11-12T16:06:57.1432914Z [INFO] Tests run: 1, Failures: 0, Errors: 0, Skipped: 0, Time elapsed: 0.001 s -- in org.keycloak.common.util.PaddingUtilsTest
Test remote (fast)	UNKNOWN STEP	2025-11-12T16:06:57.1434211Z [INFO] Running org.keycloak.common.util.PathMatcherTest
Test remote (fast)	UNKNOWN STEP	2025-11-12T16:06:57.1492912Z [INFO] Tests run: 1, Failures: 0, Errors: 0, Skipped: 0, Time elapsed: 0.004 s -- in org.keycloak.common.util.PathMatcherTest
Test remote (fast)	UNKNOWN STEP	2025-11-12T16:06:57.1494325Z [INFO] Running org.keycloak.common.util.StringPropertyReplacerTest
Test remote (fast)	UNKNOWN STEP	2025-11-12T16:06:57.1675114Z [INFO] Tests run: 3, Failures: 0, Errors: 0, Skipped: 0, Time elapsed: 0.016 s -- in org.keycloak.common.util.StringPropertyReplacerTest
Test remote (fast)	UNKNOWN STEP	2025-11-12T16:06:57.1679613Z [INFO] Running org.keycloak.common.util.StringSerializationTest
Test remote (fast)	UNKNOWN STEP	2025-11-12T16:06:57.1805539Z [INFO] Tests run: 3, Failures: 0, Errors: 0, Skipped: 0, Time elapsed: 0.009 s -- in org.keycloak.common.util.StringSerializationTest
Test remote (fast)	UNKNOWN STEP	2025-11-12T16:06:57.1806849Z [INFO] Running org.keycloak.common.util.URLEncodingTest
Test remote (fast)	UNKNOWN STEP	2025-11-12T16:06:57.1835881Z [INFO] Tests run: 2, Failures: 0, Errors: 0, Skipped: 0, Time elapsed: 0 s -- in org.keycloak.common.util.URLEncodingTest
Test remote (fast)	UNKNOWN STEP	2025-11-12T16:06:57.2010968Z [INFO] 
Test remote (fast)	UNKNOWN STEP	2025-11-12T16:06:57.2011622Z [INFO] Results:
Test remote (fast)	UNKNOWN STEP	2025-11-12T16:06:57.2012095Z [INFO] 
Test remote (fast)	UNKNOWN STEP	2025-11-12T16:06:57.2012481Z [INFO] Tests run: 53, Failures: 0, Errors: 0, Skipped: 0
Test remote (fast)	UNKNOWN STEP	2025-11-12T16:06:57.2012948Z [INFO] 
Test remote (fast)	UNKNOWN STEP	2025-11-12T16:06:57.2034013Z [INFO] 
Test remote (fast)	UNKNOWN STEP	2025-11-12T16:06:57.2034451Z [INFO] --- jar:3.1.2:jar (default-jar) @ keycloak-common ---
Test remote (fast)	UNKNOWN STEP	2025-11-12T16:07:01.0343065Z [INFO] Building jar: /home/runner/work/keycloak/keycloak/common/target/keycloak-common-999.0.0-SNAPSHOT.jar
Test remote (fast)	UNKNOWN STEP	2025-11-12T16:07:01.0893535Z [INFO] 
Test remote (fast)	UNKNOWN STEP	2025-11-12T16:07:01.0895089Z [INFO] --- source:3.1.0:jar-no-fork (attach-sources) @ keycloak-common ---
Test remote (fast)	UNKNOWN STEP	2025-11-12T16:07:01.1514631Z [INFO] Building jar: /home/runner/work/keycloak/keycloak/common/target/keycloak-common-999.0.0-SNAPSHOT-sources.jar
Test remote (fast)	UNKNOWN STEP	2025-11-12T16:07:01.2044189Z [INFO] 
Test remote (fast)	UNKNOWN STEP	2025-11-12T16:07:01.2044732Z [INFO] --- install:2.5.2:install (default-install) @ keycloak-common ---
Test remote (fast)	UNKNOWN STEP	2025-11-12T16:07:01.2107260Z [INFO] Installing /home/runner/work/keycloak/keycloak/common/target/keycloak-common-999.0.0-SNAPSHOT.jar to /home/runner/.m2/repository/org/keycloak/keycloak-common/999.0.0-SNAPSHOT/keycloak-common-999.0.0-SNAPSHOT.jar
Test remote (fast)	UNKNOWN STEP	2025-11-12T16:07:01.2123378Z [INFO] Installing /home/runner/work/keycloak/keycloak/common/pom.xml to /home/runner/.m2/repository/org/keycloak/keycloak-common/999.0.0-SNAPSHOT/keycloak-common-999.0.0-SNAPSHOT.pom
Test remote (fast)	UNKNOWN STEP	2025-11-12T16:07:01.2152214Z [INFO] Installing /home/runner/work/keycloak/keycloak/common/target/keycloak-common-999.0.0-SNAPSHOT-sources.jar to /home/runner/.m2/repository/org/keycloak/keycloak-common/999.0.0-SNAPSHOT/keycloak-common-999.0.0-SNAPSHOT-sources.jar
Test remote (fast)	UNKNOWN STEP	2025-11-12T16:07:01.2198996Z [INFO] 
Test remote (fast)	UNKNOWN STEP	2025-11-12T16:07:01.2200434Z [INFO] ---------------------< org.keycloak:keycloak-core >---------------------
Test remote (fast)	UNKNOWN STEP	2025-11-12T16:07:01.2201207Z [INFO] Building Keycloak Core 999.0.0-SNAPSHOT                            [3/4]
Test remote (fast)	UNKNOWN STEP	2025-11-12T16:07:01.2201987Z [INFO]   from core/pom.xml
Test remote (fast)	UNKNOWN STEP	2025-11-12T16:07:01.2202478Z [INFO] --------------------------------[ jar ]---------------------------------
Test remote (fast)	UNKNOWN STEP	2025-11-12T16:07:02.4935499Z [INFO] 
Test remote (fast)	UNKNOWN STEP	2025-11-12T16:07:02.4936146Z [INFO] --- enforcer:3.0.0-M3:enforce (enforce-java-version) @ keycloak-core ---
Test remote (fast)	UNKNOWN STEP	2025-11-12T16:07:02.4950477Z [INFO] 
Test remote (fast)	UNKNOWN STEP	2025-11-12T16:07:02.4951164Z [INFO] --- enforcer:3.0.0-M3:enforce (enforce-maven-version) @ keycloak-core ---
Test remote (fast)	UNKNOWN STEP	2025-11-12T16:07:02.4957850Z [INFO] 
Test remote (fast)	UNKNOWN STEP	2025-11-12T16:07:02.4958759Z [INFO] --- buildnumber:1.4:create (get-scm-revision) @ keycloak-core ---
Test remote (fast)	UNKNOWN STEP	2025-11-12T16:07:02.4971430Z [INFO] 
Test remote (fast)	UNKNOWN STEP	2025-11-12T16:07:02.4972612Z [INFO] --- resources:3.2.0:resources (default-resources) @ keycloak-core ---
Test remote (fast)	UNKNOWN STEP	2025-11-12T16:07:02.4983487Z [INFO] Using 'UTF-8' encoding to copy filtered resources.
Test remote (fast)	UNKNOWN STEP	2025-11-12T16:07:02.4984464Z [INFO] Using 'UTF-8' encoding to copy filtered properties files.
Test remote (fast)	UNKNOWN STEP	2025-11-12T16:07:02.4989775Z [INFO] Copying 1 resource
Test remote (fast)	UNKNOWN STEP	2025-11-12T16:07:02.5008588Z [INFO] 
Test remote (fast)	UNKNOWN STEP	2025-11-12T16:07:02.5009440Z [INFO] --- compiler:3.8.1:compile (default-compile) @ keycloak-core ---
Test remote (fast)	UNKNOWN STEP	2025-11-12T16:07:02.5290293Z [INFO] Changes detected - recompiling the module!
Test remote (fast)	UNKNOWN STEP	2025-11-12T16:07:02.5299046Z [INFO] Compiling 302 source files to /home/runner/work/keycloak/keycloak/core/target/classes
Test remote (fast)	UNKNOWN STEP	2025-11-12T16:07:03.6736623Z [WARNING] source value 8 is obsolete and will be removed in a future release
Test remote (fast)	UNKNOWN STEP	2025-11-12T16:07:03.6737936Z [WARNING] target value 8 is obsolete and will be removed in a future release
Test remote (fast)	UNKNOWN STEP	2025-11-12T16:07:03.6740895Z [WARNING] To suppress warnings about obsolete options, use -Xlint:-options.
Test remote (fast)	UNKNOWN STEP	2025-11-12T16:07:03.6743330Z [WARNING] /home/runner/work/keycloak/keycloak/core/src/main/java/org/keycloak/jose/jws/crypto/HMACProvider.java:[22,29] org.keycloak.jose.jws.Algorithm in org.keycloak.jose.jws has been deprecated
Test remote (fast)	UNKNOWN STEP	2025-11-12T16:07:03.6747099Z [WARNING] /home/runner/work/keycloak/keycloak/core/src/main/java/org/keycloak/jose/jws/crypto/RSAProvider.java:[22,29] org.keycloak.jose.jws.Algorithm in org.keycloak.jose.jws has been deprecated
Test remote (fast)	UNKNOWN STEP	2025-11-12T16:07:03.6749639Z [WARNING] /home/runner/work/keycloak/keycloak/core/src/main/java/org/keycloak/TokenVerifier.java:[360,28] unchecked generic array creation for varargs parameter of type org.keycloak.TokenVerifier.Predicate<org.keycloak.representations.JsonWebToken>[]
Test remote (fast)	UNKNOWN STEP	2025-11-12T16:07:03.6753014Z [WARNING] /home/runner/work/keycloak/keycloak/core/src/main/java/org/keycloak/jose/jws/JWSInput.java:[82,22] getHeader() in org.keycloak.jose.jws.JWSInput implements <H>getHeader() in org.keycloak.jose.JOSE
Test remote (fast)	UNKNOWN STEP	2025-11-12T16:07:03.6755121Z   return type requires unchecked conversion from org.keycloak.jose.jws.JWSHeader to H
Test remote (fast)	UNKNOWN STEP	2025-11-12T16:07:03.6758373Z [WARNING] /home/runner/work/keycloak/keycloak/core/src/main/java/org/keycloak/jose/jws/JWSHeader.java:[39,13] org.keycloak.jose.jws.Algorithm in org.keycloak.jose.jws has been deprecated
Test remote (fast)	UNKNOWN STEP	2025-11-12T16:07:03.6760705Z [WARNING] /home/runner/work/keycloak/keycloak/core/src/main/java/org/keycloak/jose/jws/JWSHeader.java:[59,22] org.keycloak.jose.jws.Algorithm in org.keycloak.jose.jws has been deprecated
Test remote (fast)	UNKNOWN STEP	2025-11-12T16:07:03.6764620Z [WARNING] /home/runner/work/keycloak/keycloak/core/src/main/java/org/keycloak/jose/jws/JWSHeader.java:[65,22] org.keycloak.jose.jws.Algorithm in org.keycloak.jose.jws has been deprecated
Test remote (fast)	UNKNOWN STEP	2025-11-12T16:07:03.6767133Z [WARNING] /home/runner/work/keycloak/keycloak/core/src/main/java/org/keycloak/jose/jws/JWSHeader.java:[72,12] org.keycloak.jose.jws.Algorithm in org.keycloak.jose.jws has been deprecated
Test remote (fast)	UNKNOWN STEP	2025-11-12T16:07:03.6771013Z [WARNING] /home/runner/work/keycloak/keycloak/core/src/main/java/org/keycloak/jose/jwe/JWE.java:[61,23] getHeader() in org.keycloak.jose.jwe.JWE implements <H>getHeader() in org.keycloak.jose.JOSE
Test remote (fast)	UNKNOWN STEP	2025-11-12T16:07:03.6773229Z   return type requires unchecked conversion from org.keycloak.jose.JOSEHeader to H
Test remote (fast)	UNKNOWN STEP	2025-11-12T16:07:03.6775052Z [WARNING] /home/runner/work/keycloak/keycloak/core/src/main/java/org/keycloak/representations/idm/authorization/PolicyRepresentation.java:[27,42] unchecked conversion
Test remote (fast)	UNKNOWN STEP	2025-11-12T16:07:03.6776766Z   required: java.util.Map<java.lang.String,java.lang.String>
Test remote (fast)	UNKNOWN STEP	2025-11-12T16:07:03.6779408Z   found:    java.util.HashMap
Test remote (fast)	UNKNOWN STEP	2025-11-12T16:07:03.6780504Z [WARNING] /home/runner/work/keycloak/keycloak/core/src/main/java/org/keycloak/representations/ClaimsRepresentation.java:[103,62] unchecked cast
Test remote (fast)	UNKNOWN STEP	2025-11-12T16:07:03.6782093Z   required: org.keycloak.representations.ClaimsRepresentation.ClaimValue<CLAIM_TYPE>
Test remote (fast)	UNKNOWN STEP	2025-11-12T16:07:03.6783001Z   found:    org.keycloak.representations.ClaimsRepresentation.ClaimValue
Test remote (fast)	UNKNOWN STEP	2025-11-12T16:07:03.6784347Z [WARNING] /home/runner/work/keycloak/keycloak/core/src/main/java/org/keycloak/representations/ClaimsRepresentation.java:[105,63] unchecked cast
Test remote (fast)	UNKNOWN STEP	2025-11-12T16:07:03.6785944Z   required: org.keycloak.representations.ClaimsRepresentation.ClaimValue<CLAIM_TYPE>
Test remote (fast)	UNKNOWN STEP	2025-11-12T16:07:03.6786906Z   found:    org.keycloak.representations.ClaimsRepresentation.ClaimValue
Test remote (fast)	UNKNOWN STEP	2025-11-12T16:07:03.6788531Z [WARNING] /home/runner/work/keycloak/keycloak/core/src/main/java/org/keycloak/jose/jws/JWSBuilder.java:[143,27] org.keycloak.jose.jws.Algorithm in org.keycloak.jose.jws has been deprecated
Test remote (fast)	UNKNOWN STEP	2025-11-12T16:07:03.6790859Z [WARNING] /home/runner/work/keycloak/keycloak/core/src/main/java/org/keycloak/jose/jws/JWSBuilder.java:[177,20] org.keycloak.jose.jws.Algorithm in org.keycloak.jose.jws has been deprecated
Test remote (fast)	UNKNOWN STEP	2025-11-12T16:07:03.6793287Z [WARNING] /home/runner/work/keycloak/keycloak/core/src/main/java/org/keycloak/representations/AuthorizationDetailsJSONRepresentation.java:[131,73] unchecked cast
Test remote (fast)	UNKNOWN STEP	2025-11-12T16:07:03.6794664Z   required: java.util.List<java.lang.String>
Test remote (fast)	UNKNOWN STEP	2025-11-12T16:07:03.6795160Z   found:    java.lang.Object
Test remote (fast)	UNKNOWN STEP	2025-11-12T16:07:03.6796447Z [WARNING] /home/runner/work/keycloak/keycloak/core/src/main/java/org/keycloak/protocol/oidc/client/authentication/JWTClientCredentialsProvider.java:[114,57] unchecked cast
Test remote (fast)	UNKNOWN STEP	2025-11-12T16:07:03.6797915Z   required: java.util.Map<java.lang.String,java.lang.Object>
Test remote (fast)	UNKNOWN STEP	2025-11-12T16:07:03.6798481Z   found:    java.lang.Object
Test remote (fast)	UNKNOWN STEP	2025-11-12T16:07:03.6799871Z [WARNING] /home/runner/work/keycloak/keycloak/core/src/main/java/org/keycloak/protocol/oidc/client/authentication/JWTClientSecretCredentialsProvider.java:[61,57] unchecked cast
Test remote (fast)	UNKNOWN STEP	2025-11-12T16:07:03.6801365Z   required: java.util.Map<java.lang.String,java.lang.Object>
Test remote (fast)	UNKNOWN STEP	2025-11-12T16:07:03.6802102Z   found:    java.lang.Object
Test remote (fast)	UNKNOWN STEP	2025-11-12T16:07:03.6811052Z [WARNING] /home/runner/work/keycloak/keycloak/core/src/main/java/org/keycloak/protocol/oidc/client/authentication/JWTClientSecretCredentialsProvider.java:[115,67] hmac512(javax.crypto.SecretKey) in org.keycloak.jose.jws.JWSBuilder.EncodingBuilder has been deprecated
Test remote (fast)	UNKNOWN STEP	2025-11-12T16:07:03.6815217Z [WARNING] /home/runner/work/keycloak/keycloak/core/src/main/java/org/keycloak/protocol/oidc/client/authentication/JWTClientSecretCredentialsProvider.java:[117,67] hmac384(javax.crypto.SecretKey) in org.keycloak.jose.jws.JWSBuilder.EncodingBuilder has been deprecated
Test remote (fast)	UNKNOWN STEP	2025-11-12T16:07:03.6818740Z [WARNING] /home/runner/work/keycloak/keycloak/core/src/main/java/org/keycloak/protocol/oidc/client/authentication/JWTClientSecretCredentialsProvider.java:[119,67] hmac256(javax.crypto.SecretKey) in org.keycloak.jose.jws.JWSBuilder.EncodingBuilder has been deprecated
Test remote (fast)	UNKNOWN STEP	2025-11-12T16:07:03.6822153Z [WARNING] /home/runner/work/keycloak/keycloak/core/src/main/java/org/keycloak/representations/idm/authorization/PermissionRequest.java:[51,20] non-varargs call of varargs method with inexact argument type for last parameter;
Test remote (fast)	UNKNOWN STEP	2025-11-12T16:07:03.6823840Z   cast to java.lang.String for a varargs call
Test remote (fast)	UNKNOWN STEP	2025-11-12T16:07:03.6824500Z   cast to java.lang.String[] for a non-varargs call and to suppress this warning
Test remote (fast)	UNKNOWN STEP	2025-11-12T16:07:03.6826098Z [WARNING] /home/runner/work/keycloak/keycloak/core/src/main/java/org/keycloak/AbstractOAuthClient.java:[131,58] non-varargs call of varargs method with inexact argument type for last parameter;
Test remote (fast)	UNKNOWN STEP	2025-11-12T16:07:03.6827584Z   cast to java.lang.Object for a varargs call
Test remote (fast)	UNKNOWN STEP	2025-11-12T16:07:03.6828230Z   cast to java.lang.Object[] for a non-varargs call and to suppress this warning
Test remote (fast)	UNKNOWN STEP	2025-11-12T16:07:03.6829778Z [WARNING] /home/runner/work/keycloak/keycloak/core/src/main/java/org/keycloak/AbstractOAuthClient.java:[132,59] non-varargs call of varargs method with inexact argument type for last parameter;
Test remote (fast)	UNKNOWN STEP	2025-11-12T16:07:03.6831189Z   cast to java.lang.Object for a varargs call
Test remote (fast)	UNKNOWN STEP	2025-11-12T16:07:03.6831989Z   cast to java.lang.Object[] for a non-varargs call and to suppress this warning
Test remote (fast)	UNKNOWN STEP	2025-11-12T16:07:03.6833591Z [WARNING] /home/runner/work/keycloak/keycloak/core/src/main/java/org/keycloak/jose/jws/crypto/HMACProvider.java:[38,44] org.keycloak.jose.jws.Algorithm in org.keycloak.jose.jws has been deprecated
Test remote (fast)	UNKNOWN STEP	2025-11-12T16:07:03.6836030Z [WARNING] /home/runner/work/keycloak/keycloak/core/src/main/java/org/keycloak/jose/jws/crypto/HMACProvider.java:[51,37] org.keycloak.jose.jws.Algorithm in org.keycloak.jose.jws has been deprecated
Test remote (fast)	UNKNOWN STEP	2025-11-12T16:07:03.6838422Z [WARNING] /home/runner/work/keycloak/keycloak/core/src/main/java/org/keycloak/jose/jws/crypto/HMACProvider.java:[62,44] org.keycloak.jose.jws.Algorithm in org.keycloak.jose.jws has been deprecated
Test remote (fast)	UNKNOWN STEP	2025-11-12T16:07:03.6840799Z [WARNING] /home/runner/work/keycloak/keycloak/core/src/main/java/org/keycloak/jose/jws/crypto/HMACProvider.java:[73,44] org.keycloak.jose.jws.Algorithm in org.keycloak.jose.jws has been deprecated
Test remote (fast)	UNKNOWN STEP	2025-11-12T16:07:03.6843312Z [WARNING] /home/runner/work/keycloak/keycloak/core/src/main/java/org/keycloak/jose/jws/crypto/RSAProvider.java:[36,43] org.keycloak.jose.jws.Algorithm in org.keycloak.jose.jws has been deprecated
Test remote (fast)	UNKNOWN STEP	2025-11-12T16:07:03.6845680Z [WARNING] /home/runner/work/keycloak/keycloak/core/src/main/java/org/keycloak/jose/jws/crypto/RSAProvider.java:[49,42] org.keycloak.jose.jws.Algorithm in org.keycloak.jose.jws has been deprecated
Test remote (fast)	UNKNOWN STEP	2025-11-12T16:07:03.6848036Z [WARNING] /home/runner/work/keycloak/keycloak/core/src/main/java/org/keycloak/jose/jws/crypto/RSAProvider.java:[57,44] org.keycloak.jose.jws.Algorithm in org.keycloak.jose.jws has been deprecated
Test remote (fast)	UNKNOWN STEP	2025-11-12T16:07:03.6850471Z [WARNING] /home/runner/work/keycloak/keycloak/core/src/main/java/org/keycloak/KeyPairVerifier.java:[50,72] rsa256(java.security.PrivateKey) in org.keycloak.jose.jws.JWSBuilder.EncodingBuilder has been deprecated
Test remote (fast)	UNKNOWN STEP	2025-11-12T16:07:03.6853456Z [WARNING] /home/runner/work/keycloak/keycloak/core/src/main/java/org/keycloak/representations/idm/RealmRepresentation.java:[277,17] org.keycloak.representations.idm.ApplicationRepresentation in org.keycloak.representations.idm has been deprecated
Test remote (fast)	UNKNOWN STEP	2025-11-12T16:07:03.6856214Z [WARNING] /home/runner/work/keycloak/keycloak/core/src/main/java/org/keycloak/representations/idm/RealmRepresentation.java:[1474,38] unchecked cast
Test remote (fast)	UNKNOWN STEP	2025-11-12T16:07:03.6857660Z   required: java.util.Map<java.lang.String,java.lang.String>
Test remote (fast)	UNKNOWN STEP	2025-11-12T16:07:03.6858422Z   found:    java.util.Map<? extends java.lang.Object,? extends java.lang.Object>
Test remote (fast)	UNKNOWN STEP	2025-11-12T16:07:03.6859005Z [INFO] 
Test remote (fast)	UNKNOWN STEP	2025-11-12T16:07:03.6859461Z [INFO] --- compiler:3.8.1:compile (compile-java15) @ keycloak-core ---
Test remote (fast)	UNKNOWN STEP	2025-11-12T16:07:03.6860307Z [WARNING]  Parameter 'compileSourceRoots' is read-only, must not be used in configuration
Test remote (fast)	UNKNOWN STEP	2025-11-12T16:07:03.6861076Z [INFO] Changes detected - recompiling the module!
Test remote (fast)	UNKNOWN STEP	2025-11-12T16:07:03.6867302Z [INFO] Compiling 1 source file to /home/runner/work/keycloak/keycloak/core/target/classes
Test remote (fast)	UNKNOWN STEP	2025-11-12T16:07:04.1696582Z [INFO] 
Test remote (fast)	UNKNOWN STEP	2025-11-12T16:07:04.1698634Z [INFO] --- resources:3.2.0:testResources (default-testResources) @ keycloak-core ---
Test remote (fast)	UNKNOWN STEP	2025-11-12T16:07:04.1724789Z [INFO] Using 'UTF-8' encoding to copy filtered resources.
Test remote (fast)	UNKNOWN STEP	2025-11-12T16:07:04.1740253Z [INFO] Using 'UTF-8' encoding to copy filtered properties files.
Test remote (fast)	UNKNOWN STEP	2025-11-12T16:07:04.1752606Z [INFO] Copying 50 resources
Test remote (fast)	UNKNOWN STEP	2025-11-12T16:07:04.1873657Z [INFO] 
Test remote (fast)	UNKNOWN STEP	2025-11-12T16:07:04.1877797Z [INFO] --- compiler:3.8.1:testCompile (default-testCompile) @ keycloak-core ---
Test remote (fast)	UNKNOWN STEP	2025-11-12T16:07:04.1947770Z [INFO] Changes detected - recompiling the module!
Test remote (fast)	UNKNOWN STEP	2025-11-12T16:07:04.1948604Z [INFO] Compiling 41 source files to /home/runner/work/keycloak/keycloak/core/target/test-classes
Test remote (fast)	UNKNOWN STEP	2025-11-12T16:07:04.5504663Z [WARNING] source value 8 is obsolete and will be removed in a future release
Test remote (fast)	UNKNOWN STEP	2025-11-12T16:07:04.5505849Z [WARNING] target value 8 is obsolete and will be removed in a future release
Test remote (fast)	UNKNOWN STEP	2025-11-12T16:07:04.5506626Z [WARNING] To suppress warnings about obsolete options, use -Xlint:-options.
Test remote (fast)	UNKNOWN STEP	2025-11-12T16:07:04.5522947Z [WARNING] /home/runner/work/keycloak/keycloak/core/src/test/java/org/keycloak/JsonParserTest.java:[94,64] unchecked cast
Test remote (fast)	UNKNOWN STEP	2025-11-12T16:07:04.5524069Z   required: java.util.Map<java.lang.String,java.lang.String>
Test remote (fast)	UNKNOWN STEP	2025-11-12T16:07:04.5524628Z   found:    java.lang.Object
Test remote (fast)	UNKNOWN STEP	2025-11-12T16:07:04.5525723Z [WARNING] /home/runner/work/keycloak/keycloak/core/src/test/java/org/keycloak/JsonParserTest.java:[156,35] unchecked conversion
Test remote (fast)	UNKNOWN STEP	2025-11-12T16:07:04.5526904Z   required: java.util.Collection<java.lang.String>
Test remote (fast)	UNKNOWN STEP	2025-11-12T16:07:04.5527394Z   found:    java.util.Collection
Test remote (fast)	UNKNOWN STEP	2025-11-12T16:07:04.5528373Z [WARNING] /home/runner/work/keycloak/keycloak/core/src/test/java/org/keycloak/JsonParserTest.java:[165,16] unchecked conversion
Test remote (fast)	UNKNOWN STEP	2025-11-12T16:07:04.5529447Z   required: java.util.Collection<java.lang.String>
Test remote (fast)	UNKNOWN STEP	2025-11-12T16:07:04.5529933Z   found:    java.util.Collection
Test remote (fast)	UNKNOWN STEP	2025-11-12T16:07:04.5530908Z [WARNING] /home/runner/work/keycloak/keycloak/core/src/test/java/org/keycloak/JsonParserTest.java:[173,43] unchecked conversion
Test remote (fast)	UNKNOWN STEP	2025-11-12T16:07:04.5532187Z   required: java.util.Map<java.lang.String,java.lang.Object>
Test remote (fast)	UNKNOWN STEP	2025-11-12T16:07:04.5532733Z   found:    java.util.Map
Test remote (fast)	UNKNOWN STEP	2025-11-12T16:07:04.5533903Z [WARNING] /home/runner/work/keycloak/keycloak/core/src/test/java/org/keycloak/JsonParserTest.java:[228,74] Possible heap pollution from parameterized vararg type T
Test remote (fast)	UNKNOWN STEP	2025-11-12T16:07:04.5536255Z [WARNING] /home/runner/work/keycloak/keycloak/core/src/test/java/org/keycloak/SkeletonKeyTokenTest.java:[65,17] rsa256(java.security.PrivateKey) in org.keycloak.jose.jws.JWSBuilder.EncodingBuilder has been deprecated
Test remote (fast)	UNKNOWN STEP	2025-11-12T16:07:04.5538806Z [WARNING] /home/runner/work/keycloak/keycloak/core/src/test/java/org/keycloak/SkeletonKeyTokenTest.java:[85,17] rsa256(java.security.PrivateKey) in org.keycloak.jose.jws.JWSBuilder.EncodingBuilder has been deprecated
Test remote (fast)	UNKNOWN STEP	2025-11-12T16:07:04.5541395Z [WARNING] /home/runner/work/keycloak/keycloak/core/src/test/java/org/keycloak/SkeletonKeyTokenTest.java:[88,17] rsa256(java.security.PrivateKey) in org.keycloak.jose.jws.JWSBuilder.EncodingBuilder has been deprecated
Test remote (fast)	UNKNOWN STEP	2025-11-12T16:07:04.5544100Z [WARNING] /home/runner/work/keycloak/keycloak/core/src/test/java/org/keycloak/SkeletonKeyTokenTest.java:[91,39] unchecked call to KeycloakPrincipal(java.lang.String,T) as a member of the raw type org.keycloak.KeycloakPrincipal
Test remote (fast)	UNKNOWN STEP	2025-11-12T16:07:04.5547073Z [WARNING] /home/runner/work/keycloak/keycloak/core/src/test/java/org/keycloak/jose/HmacTest.java:[59,17] hmac256(javax.crypto.SecretKey) in org.keycloak.jose.jws.JWSBuilder.EncodingBuilder has been deprecated
Test remote (fast)	UNKNOWN STEP	2025-11-12T16:07:04.5549521Z [WARNING] /home/runner/work/keycloak/keycloak/core/src/test/java/org/keycloak/RSAVerifierTest.java:[81,17] rsa256(java.security.PrivateKey) in org.keycloak.jose.jws.JWSBuilder.EncodingBuilder has been deprecated
Test remote (fast)	UNKNOWN STEP	2025-11-12T16:07:04.5552235Z [WARNING] /home/runner/work/keycloak/keycloak/core/src/test/java/org/keycloak/RSAVerifierTest.java:[102,17] rsa256(java.security.PrivateKey) in org.keycloak.jose.jws.JWSBuilder.EncodingBuilder has been deprecated
Test remote (fast)	UNKNOWN STEP	2025-11-12T16:07:04.5554570Z [WARNING] /home/runner/work/keycloak/keycloak/core/src/test/java/org/keycloak/RSAVerifierTest.java:[117,16] org.keycloak.RSATokenVerifier in org.keycloak has been deprecated
Test remote (fast)	UNKNOWN STEP	2025-11-12T16:07:04.5556907Z [WARNING] /home/runner/work/keycloak/keycloak/core/src/test/java/org/keycloak/RSAVerifierTest.java:[130,21] rsa256(java.security.PrivateKey) in org.keycloak.jose.jws.JWSBuilder.EncodingBuilder has been deprecated
Test remote (fast)	UNKNOWN STEP	2025-11-12T16:07:04.5559473Z [WARNING] /home/runner/work/keycloak/keycloak/core/src/test/java/org/keycloak/RSAVerifierTest.java:[144,17] rsa256(java.security.PrivateKey) in org.keycloak.jose.jws.JWSBuilder.EncodingBuilder has been deprecated
Test remote (fast)	UNKNOWN STEP	2025-11-12T16:07:04.5562191Z [WARNING] /home/runner/work/keycloak/keycloak/core/src/test/java/org/keycloak/RSAVerifierTest.java:[160,17] rsa256(java.security.PrivateKey) in org.keycloak.jose.jws.JWSBuilder.EncodingBuilder has been deprecated
Test remote (fast)	UNKNOWN STEP	2025-11-12T16:07:04.5564702Z [WARNING] /home/runner/work/keycloak/keycloak/core/src/test/java/org/keycloak/RSAVerifierTest.java:[176,17] rsa256(java.security.PrivateKey) in org.keycloak.jose.jws.JWSBuilder.EncodingBuilder has been deprecated
Test remote (fast)	UNKNOWN STEP	2025-11-12T16:07:04.5567314Z [WARNING] /home/runner/work/keycloak/keycloak/core/src/test/java/org/keycloak/RSAVerifierTest.java:[193,17] rsa256(java.security.PrivateKey) in org.keycloak.jose.jws.JWSBuilder.EncodingBuilder has been deprecated
Test remote (fast)	UNKNOWN STEP	2025-11-12T16:07:04.5569764Z [WARNING] /home/runner/work/keycloak/keycloak/core/src/test/java/org/keycloak/RSAVerifierTest.java:[209,17] rsa256(java.security.PrivateKey) in org.keycloak.jose.jws.JWSBuilder.EncodingBuilder has been deprecated
Test remote (fast)	UNKNOWN STEP	2025-11-12T16:07:04.5572460Z [WARNING] /home/runner/work/keycloak/keycloak/core/src/test/java/org/keycloak/RSAVerifierTest.java:[229,17] rsa256(java.security.PrivateKey) in org.keycloak.jose.jws.JWSBuilder.EncodingBuilder has been deprecated
Test remote (fast)	UNKNOWN STEP	2025-11-12T16:07:04.5574962Z [WARNING] /home/runner/work/keycloak/keycloak/core/src/test/java/org/keycloak/RSAVerifierTest.java:[248,17] rsa256(java.security.PrivateKey) in org.keycloak.jose.jws.JWSBuilder.EncodingBuilder has been deprecated
Test remote (fast)	UNKNOWN STEP	2025-11-12T16:07:04.5577385Z [WARNING] /home/runner/work/keycloak/keycloak/core/src/test/java/org/keycloak/RSAVerifierTest.java:[271,22] realmUrl(java.lang.String) in org.keycloak.TokenVerifier has been deprecated
Test remote (fast)	UNKNOWN STEP	2025-11-12T16:07:04.5578701Z [INFO] 
Test remote (fast)	UNKNOWN STEP	2025-11-12T16:07:04.5579126Z [INFO] --- surefire:3.5.2:test (default-test) @ keycloak-core ---
Test remote (fast)	UNKNOWN STEP	2025-11-12T16:07:04.5587890Z [INFO] Using auto detected provider org.apache.maven.surefire.junit4.JUnit4Provider
Test remote (fast)	UNKNOWN STEP	2025-11-12T16:07:04.5678431Z [INFO] 
Test remote (fast)	UNKNOWN STEP	2025-11-12T16:07:04.5680187Z [INFO] -------------------------------------------------------
Test remote (fast)	UNKNOWN STEP	2025-11-12T16:07:04.5680816Z [INFO]  T E S T S
Test remote (fast)	UNKNOWN STEP	2025-11-12T16:07:04.5695251Z [INFO] -------------------------------------------------------
Test remote (fast)	UNKNOWN STEP	2025-11-12T16:07:04.8593490Z [INFO] Running org.keycloak.AtHashTest
Test remote (fast)	UNKNOWN STEP	2025-11-12T16:07:04.9570790Z [INFO] Tests run: 2, Failures: 0, Errors: 0, Skipped: 0, Time elapsed: 0.099 s -- in org.keycloak.AtHashTest
Test remote (fast)	UNKNOWN STEP	2025-11-12T16:07:04.9572407Z [INFO] Running org.keycloak.HashTest
Test remote (fast)	UNKNOWN STEP	2025-11-12T16:07:04.9734038Z [INFO] Tests run: 1, Failures: 0, Errors: 0, Skipped: 0, Time elapsed: 0.007 s -- in org.keycloak.HashTest
Test remote (fast)	UNKNOWN STEP	2025-11-12T16:07:04.9738459Z [INFO] Running org.keycloak.JsonParserTest
Test remote (fast)	UNKNOWN STEP	2025-11-12T16:07:05.5155970Z GROUP: ALIAS
Test remote (fast)	UNKNOWN STEP	2025-11-12T16:07:05.5161640Z GROUP: CRAP
Test remote (fast)	UNKNOWN STEP	2025-11-12T16:07:05.5202525Z ALIAS.CRAP
Test remote (fast)	UNKNOWN STEP	2025-11-12T16:07:05.6348362Z .pdf no match
Test remote (fast)	UNKNOWN STEP	2025-11-12T16:07:05.6359175Z foo.txt matches
Test remote (fast)	UNKNOWN STEP	2025-11-12T16:07:05.6703526Z java.lang.Double
Test remote (fast)	UNKNOWN STEP	2025-11-12T16:07:05.6714097Z java.lang.Boolean
Test remote (fast)	UNKNOWN STEP	2025-11-12T16:07:05.6723954Z java.lang.Integer
Test remote (fast)	UNKNOWN STEP	2025-11-12T16:07:05.6732443Z java.util.ArrayList
Test remote (fast)	UNKNOWN STEP	2025-11-12T16:07:05.7030234Z {
Test remote (fast)	UNKNOWN STEP	2025-11-12T16:07:05.7031506Z   "email_verified" : "true",
Test remote (fast)	UNKNOWN STEP	2025-11-12T16:07:05.7032363Z   "yo" : "true",
Test remote (fast)	UNKNOWN STEP	2025-11-12T16:07:05.7033200Z   "phone_number" : "978-666-0000",
Test remote (fast)	UNKNOWN STEP	2025-11-12T16:07:05.7033759Z   "nested" : {
Test remote (fast)	UNKNOWN STEP	2025-11-12T16:07:05.7034099Z     "foo" : "bar"
Test remote (fast)	UNKNOWN STEP	2025-11-12T16:07:05.7034411Z   }
Test remote (fast)	UNKNOWN STEP	2025-11-12T16:07:05.7034713Z }
Test remote (fast)	UNKNOWN STEP	2025-11-12T16:07:05.7035032Z email_verified property: true
Test remote (fast)	UNKNOWN STEP	2025-11-12T16:07:05.7035453Z property: 978-666-0000
Test remote (fast)	UNKNOWN STEP	2025-11-12T16:07:05.7035845Z map: null
Test remote (fast)	UNKNOWN STEP	2025-11-12T16:07:05.7114170Z [INFO] Tests run: 10, Failures: 0, Errors: 0, Skipped: 0, Time elapsed: 0.729 s -- in org.keycloak.JsonParserTest
Test remote (fast)	UNKNOWN STEP	2025-11-12T16:07:05.7115417Z [INFO] Running org.keycloak.SkeletonKeyTokenTest
Test remote (fast)	UNKNOWN STEP	2025-11-12T16:07:06.3726724Z Nov 12, 2025 4:07:06 PM org.keycloak.common.util.DelegatingSerializationFilter createOnJavaAfter8Adapter
Test remote (fast)	UNKNOWN STEP	2025-11-12T16:07:06.3727657Z INFO: Using OnJavaAfter8 serialization filter adapter
Test remote (fast)	UNKNOWN STEP	2025-11-12T16:07:06.3728598Z Nov 12, 2025 4:07:06 PM org.keycloak.common.util.DelegatingSerializationFilter$OnJavaAfter8 setObjectInputFilter
Test remote (fast)	UNKNOWN STEP	2025-11-12T16:07:06.3729439Z WARN: Could not set ObjectFilter: null
Test remote (fast)	UNKNOWN STEP	2025-11-12T16:07:06.3730229Z Nov 12, 2025 4:07:06 PM org.keycloak.common.util.DelegatingSerializationFilter$OnJavaAfter8 setObjectInputFilter
Test remote (fast)	UNKNOWN STEP	2025-11-12T16:07:06.3731039Z WARN: Could not set ObjectFilter: null
Test remote (fast)	UNKNOWN STEP	2025-11-12T16:07:06.3731479Z Size of serialized principal: 1502
Test remote (fast)	UNKNOWN STEP	2025-11-12T16:07:06.8420988Z [INFO] Tests run: 5, Failures: 0, Errors: 0, Skipped: 0, Time elapsed: 1.126 s -- in org.keycloak.SkeletonKeyTokenTest
Test remote (fast)	UNKNOWN STEP	2025-11-12T16:07:06.8435951Z [INFO] Running org.keycloak.jose.JsonWebTokenTest
Test remote (fast)	UNKNOWN STEP	2025-11-12T16:07:06.8510803Z [INFO] Tests run: 9, Failures: 0, Errors: 0, Skipped: 0, Time elapsed: 0.007 s -- in org.keycloak.jose.JsonWebTokenTest
Test remote (fast)	UNKNOWN STEP	2025-11-12T16:07:06.8520779Z [INFO] Running org.keycloak.jose.jwk.JWKUtilTest
Test remote (fast)	UNKNOWN STEP	2025-11-12T16:07:06.8600547Z [INFO] Tests run: 6, Failures: 0, Errors: 0, Skipped: 0, Time elapsed: 0.007 s -- in org.keycloak.jose.jwk.JWKUtilTest
Test remote (fast)	UNKNOWN STEP	2025-11-12T16:07:06.8641329Z [INFO] Running org.keycloak.json.StringListMapDeserializerTest
Test remote (fast)	UNKNOWN STEP	2025-11-12T16:07:06.8779025Z [INFO] Tests run: 4, Failures: 0, Errors: 0, Skipped: 0, Time elapsed: 0.012 s -- in org.keycloak.json.StringListMapDeserializerTest
Test remote (fast)	UNKNOWN STEP	2025-11-12T16:07:06.8843451Z [INFO] Running org.keycloak.sdjwt.ArrayElementDisclosureTest
Test remote (fast)	UNKNOWN STEP	2025-11-12T16:07:06.9301561Z [INFO] Tests run: 2, Failures: 0, Errors: 0, Skipped: 0, Time elapsed: 0.043 s -- in org.keycloak.sdjwt.ArrayElementDisclosureTest
Test remote (fast)	UNKNOWN STEP	2025-11-12T16:07:06.9304115Z [INFO] Running org.keycloak.sdjwt.ArrayElementSerializationTest
Test remote (fast)	UNKNOWN STEP	2025-11-12T16:07:06.9342736Z [INFO] Tests run: 1, Failures: 0, Errors: 0, Skipped: 0, Time elapsed: 0 s -- in org.keycloak.sdjwt.ArrayElementSerializationTest
Test remote (fast)	UNKNOWN STEP	2025-11-12T16:07:06.9363426Z [INFO] Running org.keycloak.sdjwt.DisclosureRedListTest
Test remote (fast)	UNKNOWN STEP	2025-11-12T16:07:06.9394165Z [INFO] Tests run: 7, Failures: 0, Errors: 0, Skipped: 0, Time elapsed: 0.002 s -- in org.keycloak.sdjwt.DisclosureRedListTest
Test remote (fast)	UNKNOWN STEP	2025-11-12T16:07:06.9398983Z [INFO] Running org.keycloak.sdjwt.IssuerSignedJWTTest
Test remote (fast)	UNKNOWN STEP	2025-11-12T16:07:06.9570657Z [INFO] Tests run: 4, Failures: 0, Errors: 0, Skipped: 0, Time elapsed: 0.015 s -- in org.keycloak.sdjwt.IssuerSignedJWTTest
Test remote (fast)	UNKNOWN STEP	2025-11-12T16:07:06.9572258Z [INFO] Running org.keycloak.sdjwt.JsonClaimsetTest
Test remote (fast)	UNKNOWN STEP	2025-11-12T16:07:06.9599045Z [INFO] Tests run: 1, Failures: 0, Errors: 0, Skipped: 0, Time elapsed: 0.002 s -- in org.keycloak.sdjwt.JsonClaimsetTest
Test remote (fast)	UNKNOWN STEP	2025-11-12T16:07:06.9600968Z [INFO] Running org.keycloak.sdjwt.JsonNodeComparisonTest
Test remote (fast)	UNKNOWN STEP	2025-11-12T16:07:06.9622862Z [INFO] Tests run: 1, Failures: 0, Errors: 0, Skipped: 0, Time elapsed: 0.001 s -- in org.keycloak.sdjwt.JsonNodeComparisonTest
Test remote (fast)	UNKNOWN STEP	2025-11-12T16:07:06.9625739Z [INFO] Running org.keycloak.sdjwt.SdJWTSamplesTest
Test remote (fast)	UNKNOWN STEP	2025-11-12T16:07:06.9746515Z [INFO] Tests run: 4, Failures: 0, Errors: 0, Skipped: 0, Time elapsed: 0.010 s -- in org.keycloak.sdjwt.SdJWTSamplesTest
Test remote (fast)	UNKNOWN STEP	2025-11-12T16:07:06.9747672Z [INFO] Running org.keycloak.sdjwt.SdJwtTest
Test remote (fast)	UNKNOWN STEP	2025-11-12T16:07:07.0709868Z [INFO] Tests run: 2, Failures: 0, Errors: 0, Skipped: 0, Time elapsed: 0.094 s -- in org.keycloak.sdjwt.SdJwtTest
Test remote (fast)	UNKNOWN STEP	2025-11-12T16:07:07.0711181Z [INFO] Running org.keycloak.sdjwt.SdJwtUtilsTest
Test remote (fast)	UNKNOWN STEP	2025-11-12T16:07:07.0774083Z [INFO] Tests run: 6, Failures: 0, Errors: 0, Skipped: 0, Time elapsed: 0.003 s -- in org.keycloak.sdjwt.SdJwtUtilsTest
Test remote (fast)	UNKNOWN STEP	2025-11-12T16:07:07.0775249Z [INFO] Running org.keycloak.sdjwt.UndisclosedClaimTest
Test remote (fast)	UNKNOWN STEP	2025-11-12T16:07:07.0795954Z [INFO] Tests run: 1, Failures: 0, Errors: 0, Skipped: 0, Time elapsed: 0 s -- in org.keycloak.sdjwt.UndisclosedClaimTest
Test remote (fast)	UNKNOWN STEP	2025-11-12T16:07:07.0797413Z [INFO] Running org.keycloak.sdjwt.consumer.SimplePresentationDefinitionTest
Test remote (fast)	UNKNOWN STEP	2025-11-12T16:07:07.0931613Z [INFO] Tests run: 3, Failures: 0, Errors: 0, Skipped: 0, Time elapsed: 0.013 s -- in org.keycloak.sdjwt.consumer.SimplePresentationDefinitionTest
Test remote (fast)	UNKNOWN STEP	2025-11-12T16:07:07.0952716Z [INFO] Running org.keycloak.sdjwt.sdjwtvp.KeyBindingJwtVerificationOptsTest
Test remote (fast)	UNKNOWN STEP	2025-11-12T16:07:07.0953950Z [INFO] Tests run: 3, Failures: 0, Errors: 0, Skipped: 0, Time elapsed: 0 s -- in org.keycloak.sdjwt.sdjwtvp.KeyBindingJwtVerificationOptsTest
Test remote (fast)	UNKNOWN STEP	2025-11-12T16:07:07.0954950Z [INFO] Running org.keycloak.util.BasicAuthHelperTest
Test remote (fast)	UNKNOWN STEP	2025-11-12T16:07:07.1029907Z [INFO] Tests run: 4, Failures: 0, Errors: 0, Skipped: 0, Time elapsed: 0.006 s -- in org.keycloak.util.BasicAuthHelperTest
Test remote (fast)	UNKNOWN STEP	2025-11-12T16:07:07.1034585Z [INFO] Running org.keycloak.util.UriUtilsTest
Test remote (fast)	UNKNOWN STEP	2025-11-12T16:07:07.1064264Z [INFO] Tests run: 2, Failures: 0, Errors: 0, Skipped: 0, Time elapsed: 0.002 s -- in org.keycloak.util.UriUtilsTest
Test remote (fast)	UNKNOWN STEP	2025-11-12T16:07:07.1311373Z [INFO] 
Test remote (fast)	UNKNOWN STEP	2025-11-12T16:07:07.1311989Z [INFO] Results:
Test remote (fast)	UNKNOWN STEP	2025-11-12T16:07:07.1312335Z [INFO] 
Test remote (fast)	UNKNOWN STEP	2025-11-12T16:07:07.1313088Z [INFO] Tests run: 78, Failures: 0, Errors: 0, Skipped: 0
Test remote (fast)	UNKNOWN STEP	2025-11-12T16:07:07.1313833Z [INFO] 
Test remote (fast)	UNKNOWN STEP	2025-11-12T16:07:07.1319897Z [INFO] 
Test remote (fast)	UNKNOWN STEP	2025-11-12T16:07:07.1321002Z [INFO] --- jar:3.1.2:jar (default-jar) @ keycloak-core ---
Test remote (fast)	UNKNOWN STEP	2025-11-12T16:07:07.1674677Z [INFO] Building jar: /home/runner/work/keycloak/keycloak/core/target/keycloak-core-999.0.0-SNAPSHOT.jar
Test remote (fast)	UNKNOWN STEP	2025-11-12T16:07:07.2181657Z [INFO] 
Test remote (fast)	UNKNOWN STEP	2025-11-12T16:07:07.2182379Z [INFO] --- source:3.1.0:jar-no-fork (attach-sources) @ keycloak-core ---
Test remote (fast)	UNKNOWN STEP	2025-11-12T16:07:07.3130090Z [INFO] Building jar: /home/runner/work/keycloak/keycloak/core/target/keycloak-core-999.0.0-SNAPSHOT-sources.jar
Test remote (fast)	UNKNOWN STEP	2025-11-12T16:07:07.3476904Z [INFO] 
Test remote (fast)	UNKNOWN STEP	2025-11-12T16:07:07.3477411Z [INFO] --- jar:3.1.2:test-jar (default) @ keycloak-core ---
Test remote (fast)	UNKNOWN STEP	2025-11-12T16:07:07.3644335Z [INFO] Building jar: /home/runner/work/keycloak/keycloak/core/target/keycloak-core-999.0.0-SNAPSHOT-tests.jar
Test remote (fast)	UNKNOWN STEP	2025-11-12T16:07:07.3780755Z [INFO] 
Test remote (fast)	UNKNOWN STEP	2025-11-12T16:07:07.3785407Z [INFO] --- install:2.5.2:install (default-install) @ keycloak-core ---
Test remote (fast)	UNKNOWN STEP	2025-11-12T16:07:07.3806338Z [INFO] Installing /home/runner/work/keycloak/keycloak/core/target/keycloak-core-999.0.0-SNAPSHOT.jar to /home/runner/.m2/repository/org/keycloak/keycloak-core/999.0.0-SNAPSHOT/keycloak-core-999.0.0-SNAPSHOT.jar
Test remote (fast)	UNKNOWN STEP	2025-11-12T16:07:07.3829550Z [INFO] Installing /home/runner/work/keycloak/keycloak/core/pom.xml to /home/runner/.m2/repository/org/keycloak/keycloak-core/999.0.0-SNAPSHOT/keycloak-core-999.0.0-SNAPSHOT.pom
Test remote (fast)	UNKNOWN STEP	2025-11-12T16:07:07.3858814Z [INFO] Installing /home/runner/work/keycloak/keycloak/core/target/keycloak-core-999.0.0-SNAPSHOT-sources.jar to /home/runner/.m2/repository/org/keycloak/keycloak-core/999.0.0-SNAPSHOT/keycloak-core-999.0.0-SNAPSHOT-sources.jar
Test remote (fast)	UNKNOWN STEP	2025-11-12T16:07:07.3887874Z [INFO] Installing /home/runner/work/keycloak/keycloak/core/target/keycloak-core-999.0.0-SNAPSHOT-tests.jar to /home/runner/.m2/repository/org/keycloak/keycloak-core/999.0.0-SNAPSHOT/keycloak-core-999.0.0-SNAPSHOT-tests.jar
Test remote (fast)	UNKNOWN STEP	2025-11-12T16:07:07.3911083Z [INFO] 
Test remote (fast)	UNKNOWN STEP	2025-11-12T16:07:07.3921610Z [INFO] -------------------< org.keycloak:keycloak-operator >-------------------
Test remote (fast)	UNKNOWN STEP	2025-11-12T16:07:07.3926816Z [INFO] Building Keycloak Operator 999.0.0-SNAPSHOT                        [4/4]
Test remote (fast)	UNKNOWN STEP	2025-11-12T16:07:07.3927528Z [INFO]   from operator/pom.xml
Test remote (fast)	UNKNOWN STEP	2025-11-12T16:07:07.3928068Z [INFO] --------------------------------[ jar ]---------------------------------
Test remote (fast)	UNKNOWN STEP	2025-11-12T16:07:46.7072030Z [INFO] ------------------------------------------------------------------------
Test remote (fast)	UNKNOWN STEP	2025-11-12T16:07:46.7073133Z [INFO] Reactor Summary for Keycloak 999.0.0-SNAPSHOT:
Test remote (fast)	UNKNOWN STEP	2025-11-12T16:07:46.7074779Z [INFO] 
Test remote (fast)	UNKNOWN STEP	2025-11-12T16:07:46.7075492Z [INFO] Keycloak ........................................... SUCCESS [ 59.410 s]
Test remote (fast)	UNKNOWN STEP	2025-11-12T16:07:46.7085158Z [INFO] Keycloak Common .................................... SUCCESS [ 45.125 s]
Test remote (fast)	UNKNOWN STEP	2025-11-12T16:07:46.7085936Z [INFO] Keycloak Core ...................................... SUCCESS [  6.171 s]
Test remote (fast)	UNKNOWN STEP	2025-11-12T16:07:46.7086734Z [INFO] Keycloak Operator .................................. FAILURE [ 39.316 s]
Test remote (fast)	UNKNOWN STEP	2025-11-12T16:07:46.7087441Z [INFO] ------------------------------------------------------------------------
Test remote (fast)	UNKNOWN STEP	2025-11-12T16:07:46.7087999Z [INFO] BUILD FAILURE
Test remote (fast)	UNKNOWN STEP	2025-11-12T16:07:46.7088475Z [INFO] ------------------------------------------------------------------------
Test remote (fast)	UNKNOWN STEP	2025-11-12T16:07:46.7089042Z [INFO] Total time:  02:31 min
Test remote (fast)	UNKNOWN STEP	2025-11-12T16:07:46.7089484Z [INFO] Finished at: 2025-11-12T16:07:46Z
Test remote (fast)	UNKNOWN STEP	2025-11-12T16:07:46.7090040Z [INFO] ------------------------------------------------------------------------
Test remote (fast)	UNKNOWN STEP	2025-11-12T16:07:46.7091378Z [ERROR] Failed to execute goal on project keycloak-operator: Could not collect dependencies for project org.keycloak:keycloak-operator:jar:999.0.0-SNAPSHOT
Test remote (fast)	UNKNOWN STEP	2025-11-12T16:07:46.7092916Z [ERROR] Failed to read artifact descriptor for org.apache.maven.wagon:wagon-http:jar:3.5.3
Test remote (fast)	UNKNOWN STEP	2025-11-12T16:07:46.7101392Z [ERROR] 	Caused by: The following artifacts could not be resolved: org.apache.maven.wagon:wagon-http:pom:3.5.3 (absent): Could not transfer artifact org.apache.maven.wagon:wagon-http:pom:3.5.3 from/to central (https://repo.maven.apache.org/maven2): status code: 500, reason phrase: Internal Server Error (500)
Test remote (fast)	UNKNOWN STEP	2025-11-12T16:07:46.7108467Z [ERROR] -> [Help 1]
Test remote (fast)	UNKNOWN STEP	2025-11-12T16:07:46.7108822Z [ERROR] 
Test remote (fast)	UNKNOWN STEP	2025-11-12T16:07:46.7109349Z [ERROR] To see the full stack trace of the errors, re-run Maven with the -e switch.
Test remote (fast)	UNKNOWN STEP	2025-11-12T16:07:46.7110153Z [ERROR] Re-run Maven using the -X switch to enable full debug logging.
Test remote (fast)	UNKNOWN STEP	2025-11-12T16:07:46.7110721Z [ERROR] 
Test remote (fast)	UNKNOWN STEP	2025-11-12T16:07:46.7111384Z [ERROR] For more information about the errors and possible solutions, please read the following articles:
Test remote (fast)	UNKNOWN STEP	2025-11-12T16:07:46.7112660Z [ERROR] [Help 1] http://cwiki.apache.org/confluence/display/MAVEN/DependencyResolutionException
Test remote (fast)	UNKNOWN STEP	2025-11-12T16:07:46.7113406Z [ERROR] 
Test remote (fast)	UNKNOWN STEP	2025-11-12T16:07:46.7113928Z [ERROR] After correcting the problems, you can resume the build with the command
Test remote (fast)	UNKNOWN STEP	2025-11-12T16:07:46.7114645Z [ERROR]   mvn <args> -rf :keycloak-operator
Test remote (fast)	UNKNOWN STEP	2025-11-12T16:07:46.7507013Z ##[error]Process completed with exit code 1.
Test remote (fast)	UNKNOWN STEP	2025-11-12T16:07:46.7562439Z Post job cleanup.
Test remote (fast)	UNKNOWN STEP	2025-11-12T16:07:46.7602780Z Post job cleanup.
Test remote (fast)	UNKNOWN STEP	2025-11-12T16:07:46.9409548Z Post job cleanup.
Test remote (fast)	UNKNOWN STEP	2025-11-12T16:07:47.0412047Z [command]/usr/bin/git version
Test remote (fast)	UNKNOWN STEP	2025-11-12T16:07:47.0462518Z git version 2.51.2
Test remote (fast)	UNKNOWN STEP	2025-11-12T16:07:47.0505756Z Temporarily overriding HOME='/home/runner/work/_temp/e4e66c34-0c9c-469a-ac6c-b941163252bd' before making global git config changes
Test remote (fast)	UNKNOWN STEP	2025-11-12T16:07:47.0506944Z Adding repository directory to the temporary git global config as a safe directory
Test remote (fast)	UNKNOWN STEP	2025-11-12T16:07:47.0510984Z [command]/usr/bin/git config --global --add safe.directory /home/runner/work/keycloak/keycloak
Test remote (fast)	UNKNOWN STEP	2025-11-12T16:07:47.0545724Z [command]/usr/bin/git config --local --name-only --get-regexp core\.sshCommand
Test remote (fast)	UNKNOWN STEP	2025-11-12T16:07:47.0578392Z [command]/usr/bin/git submodule foreach --recursive sh -c "git config --local --name-only --get-regexp 'core\.sshCommand' && git config --local --unset-all 'core.sshCommand' || :"
Test remote (fast)	UNKNOWN STEP	2025-11-12T16:07:47.0846062Z [command]/usr/bin/git config --local --name-only --get-regexp http\.https\:\/\/github\.com\/\.extraheader
Test remote (fast)	UNKNOWN STEP	2025-11-12T16:07:47.0867339Z http.https://github.com/.extraheader
Test remote (fast)	UNKNOWN STEP	2025-11-12T16:07:47.0879567Z [command]/usr/bin/git config --local --unset-all http.https://github.com/.extraheader
Test remote (fast)	UNKNOWN STEP	2025-11-12T16:07:47.0911293Z [command]/usr/bin/git submodule foreach --recursive sh -c "git config --local --name-only --get-regexp 'http\.https\:\/\/github\.com\/\.extraheader' && git config --local --unset-all 'http.https://github.com/.extraheader' || :"
Test remote (fast)	UNKNOWN STEP	2025-11-12T16:07:47.1271067Z Cleaning up orphan processes
Status Check - Keycloak Operator CI	UNKNOWN STEP	ï»¿2025-11-12T16:31:36.0164951Z Current runner version: '2.329.0'
Status Check - Keycloak Operator CI	UNKNOWN STEP	2025-11-12T16:31:36.0187830Z ##[group]Runner Image Provisioner
Status Check - Keycloak Operator CI	UNKNOWN STEP	2025-11-12T16:31:36.0188792Z Hosted Compute Agent
Status Check - Keycloak Operator CI	UNKNOWN STEP	2025-11-12T16:31:36.0189443Z Version: 20251016.436
Status Check - Keycloak Operator CI	UNKNOWN STEP	2025-11-12T16:31:36.0190114Z Commit: 8ab8ac8bfd662a3739dab9fe09456aba92132568
Status Check - Keycloak Operator CI	UNKNOWN STEP	2025-11-12T16:31:36.0190804Z Build Date: 2025-10-15T20:44:12Z
Status Check - Keycloak Operator CI	UNKNOWN STEP	2025-11-12T16:31:36.0191478Z ##[endgroup]
Status Check - Keycloak Operator CI	UNKNOWN STEP	2025-11-12T16:31:36.0192287Z ##[group]Operating System
Status Check - Keycloak Operator CI	UNKNOWN STEP	2025-11-12T16:31:36.0192929Z Ubuntu
Status Check - Keycloak Operator CI	UNKNOWN STEP	2025-11-12T16:31:36.0193397Z 24.04.3
Status Check - Keycloak Operator CI	UNKNOWN STEP	2025-11-12T16:31:36.0193985Z LTS
Status Check - Keycloak Operator CI	UNKNOWN STEP	2025-11-12T16:31:36.0194441Z ##[endgroup]
Status Check - Keycloak Operator CI	UNKNOWN STEP	2025-11-12T16:31:36.0194964Z ##[group]Runner Image
Status Check - Keycloak Operator CI	UNKNOWN STEP	2025-11-12T16:31:36.0195650Z Image: ubuntu-24.04
Status Check - Keycloak Operator CI	UNKNOWN STEP	2025-11-12T16:31:36.0196159Z Version: 20251102.99.1
Status Check - Keycloak Operator CI	UNKNOWN STEP	2025-11-12T16:31:36.0197178Z Included Software: https://github.com/actions/runner-images/blob/ubuntu24/20251102.99/images/ubuntu/Ubuntu2404-Readme.md
Status Check - Keycloak Operator CI	UNKNOWN STEP	2025-11-12T16:31:36.0198789Z Image Release: https://github.com/actions/runner-images/releases/tag/ubuntu24%2F20251102.99
Status Check - Keycloak Operator CI	UNKNOWN STEP	2025-11-12T16:31:36.0199769Z ##[endgroup]
Status Check - Keycloak Operator CI	UNKNOWN STEP	2025-11-12T16:31:36.0200933Z ##[group]GITHUB_TOKEN Permissions
Status Check - Keycloak Operator CI	UNKNOWN STEP	2025-11-12T16:31:36.0203203Z Contents: read
Status Check - Keycloak Operator CI	UNKNOWN STEP	2025-11-12T16:31:36.0203878Z Metadata: read
Status Check - Keycloak Operator CI	UNKNOWN STEP	2025-11-12T16:31:36.0204388Z ##[endgroup]
Status Check - Keycloak Operator CI	UNKNOWN STEP	2025-11-12T16:31:36.0206383Z Secret source: None
Status Check - Keycloak Operator CI	UNKNOWN STEP	2025-11-12T16:31:36.0207114Z Prepare workflow directory
Status Check - Keycloak Operator CI	UNKNOWN STEP	2025-11-12T16:31:36.0696228Z Prepare all required actions
Status Check - Keycloak Operator CI	UNKNOWN STEP	2025-11-12T16:31:36.0750512Z Getting action download info
Status Check - Keycloak Operator CI	UNKNOWN STEP	2025-11-12T16:31:36.4322447Z Download action repository 'actions/checkout@v4' (SHA:08eba0b27e820071cde6df949e0beb9ba4906955)
Status Check - Keycloak Operator CI	UNKNOWN STEP	2025-11-12T16:31:36.7565427Z Complete job name: Status Check - Keycloak Operator CI
Status Check - Keycloak Operator CI	UNKNOWN STEP	2025-11-12T16:31:36.8251496Z ##[group]Run actions/checkout@v4
Status Check - Keycloak Operator CI	UNKNOWN STEP	2025-11-12T16:31:36.8252645Z with:
Status Check - Keycloak Operator CI	UNKNOWN STEP	2025-11-12T16:31:36.8253082Z   repository: keycloak/keycloak
Status Check - Keycloak Operator CI	UNKNOWN STEP	2025-11-12T16:31:36.8253760Z   token: ***
Status Check - Keycloak Operator CI	UNKNOWN STEP	2025-11-12T16:31:36.8254167Z   ssh-strict: true
Status Check - Keycloak Operator CI	UNKNOWN STEP	2025-11-12T16:31:36.8254575Z   ssh-user: git
Status Check - Keycloak Operator CI	UNKNOWN STEP	2025-11-12T16:31:36.8255001Z   persist-credentials: true
Status Check - Keycloak Operator CI	UNKNOWN STEP	2025-11-12T16:31:36.8255484Z   clean: true
Status Check - Keycloak Operator CI	UNKNOWN STEP	2025-11-12T16:31:36.8255913Z   sparse-checkout-cone-mode: true
Status Check - Keycloak Operator CI	UNKNOWN STEP	2025-11-12T16:31:36.8256420Z   fetch-depth: 1
Status Check - Keycloak Operator CI	UNKNOWN STEP	2025-11-12T16:31:36.8256830Z   fetch-tags: false
Status Check - Keycloak Operator CI	UNKNOWN STEP	2025-11-12T16:31:36.8257261Z   show-progress: true
Status Check - Keycloak Operator CI	UNKNOWN STEP	2025-11-12T16:31:36.8257690Z   lfs: false
Status Check - Keycloak Operator CI	UNKNOWN STEP	2025-11-12T16:31:36.8258090Z   submodules: false
Status Check - Keycloak Operator CI	UNKNOWN STEP	2025-11-12T16:31:36.8258517Z   set-safe-directory: true
Status Check - Keycloak Operator CI	UNKNOWN STEP	2025-11-12T16:31:36.8259185Z env:
Status Check - Keycloak Operator CI	UNKNOWN STEP	2025-11-12T16:31:36.8259753Z   MAVEN_ARGS: -B -nsu -Daether.connector.http.connectionMaxTtl=25
Status Check - Keycloak Operator CI	UNKNOWN STEP	2025-11-12T16:31:36.8260438Z   MINIKUBE_VERSION: v1.32.0
Status Check - Keycloak Operator CI	UNKNOWN STEP	2025-11-12T16:31:36.8260921Z   KUBERNETES_VERSION: v1.27.10
Status Check - Keycloak Operator CI	UNKNOWN STEP	2025-11-12T16:31:36.8261448Z   MINIKUBE_MEMORY: 4096
Status Check - Keycloak Operator CI	UNKNOWN STEP	2025-11-12T16:31:36.8262066Z ##[endgroup]
Status Check - Keycloak Operator CI	UNKNOWN STEP	2025-11-12T16:31:36.9361184Z Syncing repository: keycloak/keycloak
Status Check - Keycloak Operator CI	UNKNOWN STEP	2025-11-12T16:31:36.9363953Z ##[group]Getting Git version info
Status Check - Keycloak Operator CI	UNKNOWN STEP	2025-11-12T16:31:36.9365359Z Working directory is '/home/runner/work/keycloak/keycloak'
Status Check - Keycloak Operator CI	UNKNOWN STEP	2025-11-12T16:31:36.9367355Z [command]/usr/bin/git version
Status Check - Keycloak Operator CI	UNKNOWN STEP	2025-11-12T16:31:36.9450969Z git version 2.51.2
Status Check - Keycloak Operator CI	UNKNOWN STEP	2025-11-12T16:31:36.9477235Z ##[endgroup]
Status Check - Keycloak Operator CI	UNKNOWN STEP	2025-11-12T16:31:36.9489976Z Temporarily overriding HOME='/home/runner/work/_temp/2980c0bc-ba63-4768-9536-6b0179e08c73' before making global git config changes
Status Check - Keycloak Operator CI	UNKNOWN STEP	2025-11-12T16:31:36.9491444Z Adding repository directory to the temporary git global config as a safe directory
Status Check - Keycloak Operator CI	UNKNOWN STEP	2025-11-12T16:31:36.9495412Z [command]/usr/bin/git config --global --add safe.directory /home/runner/work/keycloak/keycloak
Status Check - Keycloak Operator CI	UNKNOWN STEP	2025-11-12T16:31:36.9534256Z Deleting the contents of '/home/runner/work/keycloak/keycloak'
Status Check - Keycloak Operator CI	UNKNOWN STEP	2025-11-12T16:31:36.9538058Z ##[group]Initializing the repository
Status Check - Keycloak Operator CI	UNKNOWN STEP	2025-11-12T16:31:36.9542975Z [command]/usr/bin/git init /home/runner/work/keycloak/keycloak
Status Check - Keycloak Operator CI	UNKNOWN STEP	2025-11-12T16:31:36.9649629Z hint: Using 'master' as the name for the initial branch. This default branch name
Status Check - Keycloak Operator CI	UNKNOWN STEP	2025-11-12T16:31:36.9651194Z hint: is subject to change. To configure the initial branch name to use in all
Status Check - Keycloak Operator CI	UNKNOWN STEP	2025-11-12T16:31:36.9652333Z hint: of your new repositories, which will suppress this warning, call:
Status Check - Keycloak Operator CI	UNKNOWN STEP	2025-11-12T16:31:36.9653975Z hint:
Status Check - Keycloak Operator CI	UNKNOWN STEP	2025-11-12T16:31:36.9654600Z hint: 	git config --global init.defaultBranch <name>
Status Check - Keycloak Operator CI	UNKNOWN STEP	2025-11-12T16:31:36.9655629Z hint:
Status Check - Keycloak Operator CI	UNKNOWN STEP	2025-11-12T16:31:36.9656803Z hint: Names commonly chosen instead of 'master' are 'main', 'trunk' and
Status Check - Keycloak Operator CI	UNKNOWN STEP	2025-11-12T16:31:36.9658718Z hint: 'development'. The just-created branch can be renamed via this command:
Status Check - Keycloak Operator CI	UNKNOWN STEP	2025-11-12T16:31:36.9660255Z hint:
Status Check - Keycloak Operator CI	UNKNOWN STEP	2025-11-12T16:31:36.9661082Z hint: 	git branch -m <name>
Status Check - Keycloak Operator CI	UNKNOWN STEP	2025-11-12T16:31:36.9662226Z hint:
Status Check - Keycloak Operator CI	UNKNOWN STEP	2025-11-12T16:31:36.9663391Z hint: Disable this message with "git config set advice.defaultBranchName false"
Status Check - Keycloak Operator CI	UNKNOWN STEP	2025-11-12T16:31:36.9665440Z Initialized empty Git repository in /home/runner/work/keycloak/keycloak/.git/
Status Check - Keycloak Operator CI	UNKNOWN STEP	2025-11-12T16:31:36.9668676Z [command]/usr/bin/git remote add origin https://github.com/keycloak/keycloak
Status Check - Keycloak Operator CI	UNKNOWN STEP	2025-11-12T16:31:36.9701329Z ##[endgroup]
Status Check - Keycloak Operator CI	UNKNOWN STEP	2025-11-12T16:31:36.9702901Z ##[group]Disabling automatic garbage collection
Status Check - Keycloak Operator CI	UNKNOWN STEP	2025-11-12T16:31:36.9706416Z [command]/usr/bin/git config --local gc.auto 0
Status Check - Keycloak Operator CI	UNKNOWN STEP	2025-11-12T16:31:36.9734253Z ##[endgroup]
Status Check - Keycloak Operator CI	UNKNOWN STEP	2025-11-12T16:31:36.9735006Z ##[group]Setting up auth
Status Check - Keycloak Operator CI	UNKNOWN STEP	2025-11-12T16:31:36.9740717Z [command]/usr/bin/git config --local --name-only --get-regexp core\.sshCommand
Status Check - Keycloak Operator CI	UNKNOWN STEP	2025-11-12T16:31:36.9769195Z [command]/usr/bin/git submodule foreach --recursive sh -c "git config --local --name-only --get-regexp 'core\.sshCommand' && git config --local --unset-all 'core.sshCommand' || :"
Status Check - Keycloak Operator CI	UNKNOWN STEP	2025-11-12T16:31:37.0115497Z [command]/usr/bin/git config --local --name-only --get-regexp http\.https\:\/\/github\.com\/\.extraheader
Status Check - Keycloak Operator CI	UNKNOWN STEP	2025-11-12T16:31:37.0143554Z [command]/usr/bin/git submodule foreach --recursive sh -c "git config --local --name-only --get-regexp 'http\.https\:\/\/github\.com\/\.extraheader' && git config --local --unset-all 'http.https://github.com/.extraheader' || :"
Status Check - Keycloak Operator CI	UNKNOWN STEP	2025-11-12T16:31:37.0365655Z [command]/usr/bin/git config --local http.https://github.com/.extraheader AUTHORIZATION: basic ***
Status Check - Keycloak Operator CI	UNKNOWN STEP	2025-11-12T16:31:37.0402029Z ##[endgroup]
Status Check - Keycloak Operator CI	UNKNOWN STEP	2025-11-12T16:31:37.0403466Z ##[group]Fetching the repository
Status Check - Keycloak Operator CI	UNKNOWN STEP	2025-11-12T16:31:37.0412165Z [command]/usr/bin/git -c protocol.version=2 fetch --no-tags --prune --no-recurse-submodules --depth=1 origin +d9dccc3757a864503fea96d843e2bbecdede6c49:refs/remotes/pull/44175/merge
Status Check - Keycloak Operator CI	UNKNOWN STEP	2025-11-12T16:31:39.1869243Z From https://github.com/keycloak/keycloak
Status Check - Keycloak Operator CI	UNKNOWN STEP	2025-11-12T16:31:39.1871958Z  * [new ref]         d9dccc3757a864503fea96d843e2bbecdede6c49 -> pull/44175/merge
Status Check - Keycloak Operator CI	UNKNOWN STEP	2025-11-12T16:31:39.1902054Z ##[endgroup]
Status Check - Keycloak Operator CI	UNKNOWN STEP	2025-11-12T16:31:39.1903905Z ##[group]Determining the checkout info
Status Check - Keycloak Operator CI	UNKNOWN STEP	2025-11-12T16:31:39.1905406Z ##[endgroup]
Status Check - Keycloak Operator CI	UNKNOWN STEP	2025-11-12T16:31:39.1908921Z [command]/usr/bin/git sparse-checkout disable
Status Check - Keycloak Operator CI	UNKNOWN STEP	2025-11-12T16:31:39.1949325Z [command]/usr/bin/git config --local --unset-all extensions.worktreeConfig
Status Check - Keycloak Operator CI	UNKNOWN STEP	2025-11-12T16:31:39.1977390Z ##[group]Checking out the ref
Status Check - Keycloak Operator CI	UNKNOWN STEP	2025-11-12T16:31:39.1981214Z [command]/usr/bin/git checkout --progress --force refs/remotes/pull/44175/merge
Status Check - Keycloak Operator CI	UNKNOWN STEP	2025-11-12T16:31:39.9717595Z Note: switching to 'refs/remotes/pull/44175/merge'.
Status Check - Keycloak Operator CI	UNKNOWN STEP	2025-11-12T16:31:39.9718224Z 
Status Check - Keycloak Operator CI	UNKNOWN STEP	2025-11-12T16:31:39.9718663Z You are in 'detached HEAD' state. You can look around, make experimental
Status Check - Keycloak Operator CI	UNKNOWN STEP	2025-11-12T16:31:39.9719797Z changes and commit them, and you can discard any commits you make in this
Status Check - Keycloak Operator CI	UNKNOWN STEP	2025-11-12T16:31:39.9720826Z state without impacting any branches by switching back to a branch.
Status Check - Keycloak Operator CI	UNKNOWN STEP	2025-11-12T16:31:39.9721277Z 
Status Check - Keycloak Operator CI	UNKNOWN STEP	2025-11-12T16:31:39.9721588Z If you want to create a new branch to retain commits you create, you may
Status Check - Keycloak Operator CI	UNKNOWN STEP	2025-11-12T16:31:39.9722566Z do so (now or later) by using -c with the switch command. Example:
Status Check - Keycloak Operator CI	UNKNOWN STEP	2025-11-12T16:31:39.9722883Z 
Status Check - Keycloak Operator CI	UNKNOWN STEP	2025-11-12T16:31:39.9723032Z   git switch -c <new-branch-name>
Status Check - Keycloak Operator CI	UNKNOWN STEP	2025-11-12T16:31:39.9723254Z 
Status Check - Keycloak Operator CI	UNKNOWN STEP	2025-11-12T16:31:39.9723421Z Or undo this operation with:
Status Check - Keycloak Operator CI	UNKNOWN STEP	2025-11-12T16:31:39.9723627Z 
Status Check - Keycloak Operator CI	UNKNOWN STEP	2025-11-12T16:31:39.9723742Z   git switch -
Status Check - Keycloak Operator CI	UNKNOWN STEP	2025-11-12T16:31:39.9723931Z 
Status Check - Keycloak Operator CI	UNKNOWN STEP	2025-11-12T16:31:39.9724232Z Turn off this advice by setting config variable advice.detachedHead to false
Status Check - Keycloak Operator CI	UNKNOWN STEP	2025-11-12T16:31:39.9724628Z 
Status Check - Keycloak Operator CI	UNKNOWN STEP	2025-11-12T16:31:39.9725038Z HEAD is now at d9dccc3 Merge 1a759970605add20611660147031514482b37b52 into ac227ca9562e5395f414b360fab8e3a5521d467b
Status Check - Keycloak Operator CI	UNKNOWN STEP	2025-11-12T16:31:39.9753374Z ##[endgroup]
Status Check - Keycloak Operator CI	UNKNOWN STEP	2025-11-12T16:31:39.9791892Z [command]/usr/bin/git log -1 --format=%H
Status Check - Keycloak Operator CI	UNKNOWN STEP	2025-11-12T16:31:39.9813120Z d9dccc3757a864503fea96d843e2bbecdede6c49
Status Check - Keycloak Operator CI	UNKNOWN STEP	2025-11-12T16:31:40.0050005Z Prepare all required actions
Status Check - Keycloak Operator CI	UNKNOWN STEP	2025-11-12T16:31:40.0124060Z ##[group]Run ./.github/actions/status-check
Status Check - Keycloak Operator CI	UNKNOWN STEP	2025-11-12T16:31:40.0124384Z with:
Status Check - Keycloak Operator CI	UNKNOWN STEP	2025-11-12T16:31:40.0125223Z   jobs: {
Status Check - Keycloak Operator CI	UNKNOWN STEP	  "conditional": {
Status Check - Keycloak Operator CI	UNKNOWN STEP	    "result": "success",
Status Check - Keycloak Operator CI	UNKNOWN STEP	    "outputs": {
Status Check - Keycloak Operator CI	UNKNOWN STEP	      "operator": "true"
Status Check - Keycloak Operator CI	UNKNOWN STEP	    }
Status Check - Keycloak Operator CI	UNKNOWN STEP	  },
Status Check - Keycloak Operator CI	UNKNOWN STEP	  "build": {
Status Check - Keycloak Operator CI	UNKNOWN STEP	    "result": "success",
Status Check - Keycloak Operator CI	UNKNOWN STEP	    "outputs": {}
Status Check - Keycloak Operator CI	UNKNOWN STEP	  },
Status Check - Keycloak Operator CI	UNKNOWN STEP	  "test-local": {
Status Check - Keycloak Operator CI	UNKNOWN STEP	    "result": "success",
Status Check - Keycloak Operator CI	UNKNOWN STEP	    "outputs": {}
Status Check - Keycloak Operator CI	UNKNOWN STEP	  },
Status Check - Keycloak Operator CI	UNKNOWN STEP	  "test-remote": {
Status Check - Keycloak Operator CI	UNKNOWN STEP	    "result": "failure",
Status Check - Keycloak Operator CI	UNKNOWN STEP	    "outputs": {}
Status Check - Keycloak Operator CI	UNKNOWN STEP	  },
Status Check - Keycloak Operator CI	UNKNOWN STEP	  "test-olm": {
Status Check - Keycloak Operator CI	UNKNOWN STEP	    "result": "success",
Status Check - Keycloak Operator CI	UNKNOWN STEP	    "outputs": {}
Status Check - Keycloak Operator CI	UNKNOWN STEP	  }
Status Check - Keycloak Operator CI	UNKNOWN STEP	}
Status Check - Keycloak Operator CI	UNKNOWN STEP	2025-11-12T16:31:40.0126112Z env:
Status Check - Keycloak Operator CI	UNKNOWN STEP	2025-11-12T16:31:40.0126418Z   MAVEN_ARGS: -B -nsu -Daether.connector.http.connectionMaxTtl=25
Status Check - Keycloak Operator CI	UNKNOWN STEP	2025-11-12T16:31:40.0126798Z   MINIKUBE_VERSION: v1.32.0
Status Check - Keycloak Operator CI	UNKNOWN STEP	2025-11-12T16:31:40.0127089Z   KUBERNETES_VERSION: v1.27.10
Status Check - Keycloak Operator CI	UNKNOWN STEP	2025-11-12T16:31:40.0127363Z   MINIKUBE_MEMORY: 4096
Status Check - Keycloak Operator CI	UNKNOWN STEP	2025-11-12T16:31:40.0127590Z ##[endgroup]
Status Check - Keycloak Operator CI	UNKNOWN STEP	2025-11-12T16:31:40.0231326Z ##[group]Run JOBS='{
Status Check - Keycloak Operator CI	UNKNOWN STEP	2025-11-12T16:31:40.0231852Z [36;1mJOBS='{[0m
Status Check - Keycloak Operator CI	UNKNOWN STEP	2025-11-12T16:31:40.0232148Z [36;1m  "conditional": {[0m
Status Check - Keycloak Operator CI	UNKNOWN STEP	2025-11-12T16:31:40.0232416Z [36;1m    "result": "success",[0m
Status Check - Keycloak Operator CI	UNKNOWN STEP	2025-11-12T16:31:40.0232690Z [36;1m    "outputs": {[0m
Status Check - Keycloak Operator CI	UNKNOWN STEP	2025-11-12T16:31:40.0232933Z [36;1m      "operator": "true"[0m
Status Check - Keycloak Operator CI	UNKNOWN STEP	2025-11-12T16:31:40.0233189Z [36;1m    }[0m
Status Check - Keycloak Operator CI	UNKNOWN STEP	2025-11-12T16:31:40.0233402Z [36;1m  },[0m
Status Check - Keycloak Operator CI	UNKNOWN STEP	2025-11-12T16:31:40.0233603Z [36;1m  "build": {[0m
Status Check - Keycloak Operator CI	UNKNOWN STEP	2025-11-12T16:31:40.0233835Z [36;1m    "result": "success",[0m
Status Check - Keycloak Operator CI	UNKNOWN STEP	2025-11-12T16:31:40.0234186Z [36;1m    "outputs": {}[0m
Status Check - Keycloak Operator CI	UNKNOWN STEP	2025-11-12T16:31:40.0234570Z [36;1m  },[0m
Status Check - Keycloak Operator CI	UNKNOWN STEP	2025-11-12T16:31:40.0234897Z [36;1m  "test-local": {[0m
Status Check - Keycloak Operator CI	UNKNOWN STEP	2025-11-12T16:31:40.0235209Z [36;1m    "result": "success",[0m
Status Check - Keycloak Operator CI	UNKNOWN STEP	2025-11-12T16:31:40.0235538Z [36;1m    "outputs": {}[0m
Status Check - Keycloak Operator CI	UNKNOWN STEP	2025-11-12T16:31:40.0235783Z [36;1m  },[0m
Status Check - Keycloak Operator CI	UNKNOWN STEP	2025-11-12T16:31:40.0235993Z [36;1m  "test-remote": {[0m
Status Check - Keycloak Operator CI	UNKNOWN STEP	2025-11-12T16:31:40.0236262Z [36;1m    "result": "failure",[0m
Status Check - Keycloak Operator CI	UNKNOWN STEP	2025-11-12T16:31:40.0236527Z [36;1m    "outputs": {}[0m
Status Check - Keycloak Operator CI	UNKNOWN STEP	2025-11-12T16:31:40.0236751Z [36;1m  },[0m
Status Check - Keycloak Operator CI	UNKNOWN STEP	2025-11-12T16:31:40.0236963Z [36;1m  "test-olm": {[0m
Status Check - Keycloak Operator CI	UNKNOWN STEP	2025-11-12T16:31:40.0237195Z [36;1m    "result": "success",[0m
Status Check - Keycloak Operator CI	UNKNOWN STEP	2025-11-12T16:31:40.0237454Z [36;1m    "outputs": {}[0m
Status Check - Keycloak Operator CI	UNKNOWN STEP	2025-11-12T16:31:40.0237763Z [36;1m  }[0m
Status Check - Keycloak Operator CI	UNKNOWN STEP	2025-11-12T16:31:40.0237976Z [36;1m}'[0m
Status Check - Keycloak Operator CI	UNKNOWN STEP	2025-11-12T16:31:40.0238193Z [36;1m[0m
Status Check - Keycloak Operator CI	UNKNOWN STEP	2025-11-12T16:31:40.0238438Z [36;1mecho "Job status:"[0m
Status Check - Keycloak Operator CI	UNKNOWN STEP	2025-11-12T16:31:40.0238808Z [36;1mecho $JOBS | jq -r 'to_entries[] | " - \(.key): \(.value.result)"'[0m
Status Check - Keycloak Operator CI	UNKNOWN STEP	2025-11-12T16:31:40.0239161Z [36;1m[0m
Status Check - Keycloak Operator CI	UNKNOWN STEP	2025-11-12T16:31:40.0239450Z [36;1mfor i in $(echo $JOBS | jq -r 'to_entries[] | .value.result'); do[0m
Status Check - Keycloak Operator CI	UNKNOWN STEP	2025-11-12T16:31:40.0239847Z [36;1m  if [ "$i" != "success" ] && [ "$i" != "skipped" ]; then[0m
Status Check - Keycloak Operator CI	UNKNOWN STEP	2025-11-12T16:31:40.0240155Z [36;1m    echo ""[0m
Status Check - Keycloak Operator CI	UNKNOWN STEP	2025-11-12T16:31:40.0240401Z [36;1m    echo "Status check not okay!"[0m
Status Check - Keycloak Operator CI	UNKNOWN STEP	2025-11-12T16:31:40.0240680Z [36;1m    exit 1[0m
Status Check - Keycloak Operator CI	UNKNOWN STEP	2025-11-12T16:31:40.0240893Z [36;1m  fi[0m
Status Check - Keycloak Operator CI	UNKNOWN STEP	2025-11-12T16:31:40.0241091Z [36;1mdone[0m
Status Check - Keycloak Operator CI	UNKNOWN STEP	2025-11-12T16:31:40.0279560Z shell: /usr/bin/bash --noprofile --norc -e -o pipefail {0}
Status Check - Keycloak Operator CI	UNKNOWN STEP	2025-11-12T16:31:40.0279946Z env:
Status Check - Keycloak Operator CI	UNKNOWN STEP	2025-11-12T16:31:40.0280248Z   MAVEN_ARGS: -B -nsu -Daether.connector.http.connectionMaxTtl=25
Status Check - Keycloak Operator CI	UNKNOWN STEP	2025-11-12T16:31:40.0280622Z   MINIKUBE_VERSION: v1.32.0
Status Check - Keycloak Operator CI	UNKNOWN STEP	2025-11-12T16:31:40.0280873Z   KUBERNETES_VERSION: v1.27.10
Status Check - Keycloak Operator CI	UNKNOWN STEP	2025-11-12T16:31:40.0281141Z   MINIKUBE_MEMORY: 4096
Status Check - Keycloak Operator CI	UNKNOWN STEP	2025-11-12T16:31:40.0281381Z ##[endgroup]
Status Check - Keycloak Operator CI	UNKNOWN STEP	2025-11-12T16:31:40.0352951Z Job status:
Status Check - Keycloak Operator CI	UNKNOWN STEP	2025-11-12T16:31:40.0634780Z  - conditional: success
Status Check - Keycloak Operator CI	UNKNOWN STEP	2025-11-12T16:31:40.0635372Z  - build: success
Status Check - Keycloak Operator CI	UNKNOWN STEP	2025-11-12T16:31:40.0635860Z  - test-local: success
Status Check - Keycloak Operator CI	UNKNOWN STEP	2025-11-12T16:31:40.0636257Z  - test-remote: failure
Status Check - Keycloak Operator CI	UNKNOWN STEP	2025-11-12T16:31:40.0636626Z  - test-olm: success
Status Check - Keycloak Operator CI	UNKNOWN STEP	2025-11-12T16:31:40.0668039Z 
Status Check - Keycloak Operator CI	UNKNOWN STEP	2025-11-12T16:31:40.0668274Z Status check not okay!
Status Check - Keycloak Operator CI	UNKNOWN STEP	2025-11-12T16:31:40.0681203Z ##[error]Process completed with exit code 1.
Status Check - Keycloak Operator CI	UNKNOWN STEP	2025-11-12T16:31:40.0802260Z Post job cleanup.
Status Check - Keycloak Operator CI	UNKNOWN STEP	2025-11-12T16:31:40.1737644Z [command]/usr/bin/git version
Status Check - Keycloak Operator CI	UNKNOWN STEP	2025-11-12T16:31:40.1775008Z git version 2.51.2
Status Check - Keycloak Operator CI	UNKNOWN STEP	2025-11-12T16:31:40.1825483Z Temporarily overriding HOME='/home/runner/work/_temp/0b554806-5631-489c-a53c-f01d243f7db7' before making global git config changes
Status Check - Keycloak Operator CI	UNKNOWN STEP	2025-11-12T16:31:40.1826869Z Adding repository directory to the temporary git global config as a safe directory
Status Check - Keycloak Operator CI	UNKNOWN STEP	2025-11-12T16:31:40.1831576Z [command]/usr/bin/git config --global --add safe.directory /home/runner/work/keycloak/keycloak
Status Check - Keycloak Operator CI	UNKNOWN STEP	2025-11-12T16:31:40.1865529Z [command]/usr/bin/git config --local --name-only --get-regexp core\.sshCommand
Status Check - Keycloak Operator CI	UNKNOWN STEP	2025-11-12T16:31:40.1897901Z [command]/usr/bin/git submodule foreach --recursive sh -c "git config --local --name-only --get-regexp 'core\.sshCommand' && git config --local --unset-all 'core.sshCommand' || :"
Status Check - Keycloak Operator CI	UNKNOWN STEP	2025-11-12T16:31:40.2141347Z [command]/usr/bin/git config --local --name-only --get-regexp http\.https\:\/\/github\.com\/\.extraheader
Status Check - Keycloak Operator CI	UNKNOWN STEP	2025-11-12T16:31:40.2162190Z http.https://github.com/.extraheader
Status Check - Keycloak Operator CI	UNKNOWN STEP	2025-11-12T16:31:40.2175529Z [command]/usr/bin/git config --local --unset-all http.https://github.com/.extraheader
Status Check - Keycloak Operator CI	UNKNOWN STEP	2025-11-12T16:31:40.2205941Z [command]/usr/bin/git submodule foreach --recursive sh -c "git config --local --name-only --get-regexp 'http\.https\:\/\/github\.com\/\.extraheader' && git config --local --unset-all 'http.https://github.com/.extraheader' || :"
Status Check - Keycloak Operator CI	UNKNOWN STEP	2025-11-12T16:31:40.2541043Z Cleaning up orphan processes
