Base IT (4)	UNKNOWN STEP	ï»¿2025-10-06T17:55:17.6205532Z Current runner version: '2.328.0'
Base IT (4)	UNKNOWN STEP	2025-10-06T17:55:17.6227472Z ##[group]Runner Image Provisioner
Base IT (4)	UNKNOWN STEP	2025-10-06T17:55:17.6228305Z Hosted Compute Agent
Base IT (4)	UNKNOWN STEP	2025-10-06T17:55:17.6228941Z Version: 20250912.392
Base IT (4)	UNKNOWN STEP	2025-10-06T17:55:17.6229537Z Commit: d921fda672a98b64f4f82364647e2f10b2267d0b
Base IT (4)	UNKNOWN STEP	2025-10-06T17:55:17.6230303Z Build Date: 2025-09-12T15:23:14Z
Base IT (4)	UNKNOWN STEP	2025-10-06T17:55:17.6230851Z ##[endgroup]
Base IT (4)	UNKNOWN STEP	2025-10-06T17:55:17.6231467Z ##[group]Operating System
Base IT (4)	UNKNOWN STEP	2025-10-06T17:55:17.6232003Z Ubuntu
Base IT (4)	UNKNOWN STEP	2025-10-06T17:55:17.6232477Z 24.04.3
Base IT (4)	UNKNOWN STEP	2025-10-06T17:55:17.6233024Z LTS
Base IT (4)	UNKNOWN STEP	2025-10-06T17:55:17.6233707Z ##[endgroup]
Base IT (4)	UNKNOWN STEP	2025-10-06T17:55:17.6234174Z ##[group]Runner Image
Base IT (4)	UNKNOWN STEP	2025-10-06T17:55:17.6234777Z Image: ubuntu-24.04
Base IT (4)	UNKNOWN STEP	2025-10-06T17:55:17.6235294Z Version: 20250929.60.1
Base IT (4)	UNKNOWN STEP	2025-10-06T17:55:17.6236282Z Included Software: https://github.com/actions/runner-images/blob/ubuntu24/20250929.60/images/ubuntu/Ubuntu2404-Readme.md
Base IT (4)	UNKNOWN STEP	2025-10-06T17:55:17.6237905Z Image Release: https://github.com/actions/runner-images/releases/tag/ubuntu24%2F20250929.60
Base IT (4)	UNKNOWN STEP	2025-10-06T17:55:17.6238850Z ##[endgroup]
Base IT (4)	UNKNOWN STEP	2025-10-06T17:55:17.6239910Z ##[group]GITHUB_TOKEN Permissions
Base IT (4)	UNKNOWN STEP	2025-10-06T17:55:17.6241944Z Contents: read
Base IT (4)	UNKNOWN STEP	2025-10-06T17:55:17.6242525Z Metadata: read
Base IT (4)	UNKNOWN STEP	2025-10-06T17:55:17.6243465Z ##[endgroup]
Base IT (4)	UNKNOWN STEP	2025-10-06T17:55:17.6245466Z Secret source: None
Base IT (4)	UNKNOWN STEP	2025-10-06T17:55:17.6246560Z Prepare workflow directory
Base IT (4)	UNKNOWN STEP	2025-10-06T17:55:17.6664712Z Prepare all required actions
Base IT (4)	UNKNOWN STEP	2025-10-06T17:55:17.6701150Z Getting action download info
Base IT (4)	UNKNOWN STEP	2025-10-06T17:55:17.9772773Z Download action repository 'actions/checkout@08c6903cd8c0fde910a37f88322edcfb5dd907a8' (SHA:08c6903cd8c0fde910a37f88322edcfb5dd907a8)
Base IT (4)	UNKNOWN STEP	2025-10-06T17:55:18.1931430Z Complete job name: Base IT (4)
Base IT (4)	UNKNOWN STEP	2025-10-06T17:55:18.2589698Z ##[group]Run actions/checkout@08c6903cd8c0fde910a37f88322edcfb5dd907a8
Base IT (4)	UNKNOWN STEP	2025-10-06T17:55:18.2590691Z with:
Base IT (4)	UNKNOWN STEP	2025-10-06T17:55:18.2591090Z   repository: keycloak/keycloak
Base IT (4)	UNKNOWN STEP	2025-10-06T17:55:18.2591721Z   token: ***
Base IT (4)	UNKNOWN STEP	2025-10-06T17:55:18.2592099Z   ssh-strict: true
Base IT (4)	UNKNOWN STEP	2025-10-06T17:55:18.2592487Z   ssh-user: git
Base IT (4)	UNKNOWN STEP	2025-10-06T17:55:18.2592878Z   persist-credentials: true
Base IT (4)	UNKNOWN STEP	2025-10-06T17:55:18.2593494Z   clean: true
Base IT (4)	UNKNOWN STEP	2025-10-06T17:55:18.2593888Z   sparse-checkout-cone-mode: true
Base IT (4)	UNKNOWN STEP	2025-10-06T17:55:18.2594373Z   fetch-depth: 1
Base IT (4)	UNKNOWN STEP	2025-10-06T17:55:18.2594752Z   fetch-tags: false
Base IT (4)	UNKNOWN STEP	2025-10-06T17:55:18.2595152Z   show-progress: true
Base IT (4)	UNKNOWN STEP	2025-10-06T17:55:18.2595547Z   lfs: false
Base IT (4)	UNKNOWN STEP	2025-10-06T17:55:18.2595918Z   submodules: false
Base IT (4)	UNKNOWN STEP	2025-10-06T17:55:18.2596321Z   set-safe-directory: true
Base IT (4)	UNKNOWN STEP	2025-10-06T17:55:18.2596971Z env:
Base IT (4)	UNKNOWN STEP	2025-10-06T17:55:18.2597513Z   MAVEN_ARGS: -B -nsu -Daether.connector.http.connectionMaxTtl=25
Base IT (4)	UNKNOWN STEP	2025-10-06T17:55:18.2598160Z   SUREFIRE_RERUN_FAILING_COUNT: 2
Base IT (4)	UNKNOWN STEP	2025-10-06T17:55:18.2598759Z   SUREFIRE_RETRY: -Dsurefire.rerunFailingTestsCount=2
Base IT (4)	UNKNOWN STEP	2025-10-06T17:55:18.2599330Z ##[endgroup]
Base IT (4)	UNKNOWN STEP	2025-10-06T17:55:18.3496127Z Syncing repository: keycloak/keycloak
Base IT (4)	UNKNOWN STEP	2025-10-06T17:55:18.3497825Z ##[group]Getting Git version info
Base IT (4)	UNKNOWN STEP	2025-10-06T17:55:18.3498521Z Working directory is '/home/runner/work/keycloak/keycloak'
Base IT (4)	UNKNOWN STEP	2025-10-06T17:55:18.3499439Z [command]/usr/bin/git version
Base IT (4)	UNKNOWN STEP	2025-10-06T17:55:18.3568143Z git version 2.51.0
Base IT (4)	UNKNOWN STEP	2025-10-06T17:55:18.3591056Z ##[endgroup]
Base IT (4)	UNKNOWN STEP	2025-10-06T17:55:18.3606935Z Temporarily overriding HOME='/home/runner/work/_temp/be39d2bc-574d-40e9-b875-8371e2e95ac9' before making global git config changes
Base IT (4)	UNKNOWN STEP	2025-10-06T17:55:18.3609285Z Adding repository directory to the temporary git global config as a safe directory
Base IT (4)	UNKNOWN STEP	2025-10-06T17:55:18.3612615Z [command]/usr/bin/git config --global --add safe.directory /home/runner/work/keycloak/keycloak
Base IT (4)	UNKNOWN STEP	2025-10-06T17:55:18.3648896Z Deleting the contents of '/home/runner/work/keycloak/keycloak'
Base IT (4)	UNKNOWN STEP	2025-10-06T17:55:18.3652661Z ##[group]Initializing the repository
Base IT (4)	UNKNOWN STEP	2025-10-06T17:55:18.3657719Z [command]/usr/bin/git init /home/runner/work/keycloak/keycloak
Base IT (4)	UNKNOWN STEP	2025-10-06T17:55:18.3749285Z hint: Using 'master' as the name for the initial branch. This default branch name
Base IT (4)	UNKNOWN STEP	2025-10-06T17:55:18.3750742Z hint: is subject to change. To configure the initial branch name to use in all
Base IT (4)	UNKNOWN STEP	2025-10-06T17:55:18.3752239Z hint: of your new repositories, which will suppress this warning, call:
Base IT (4)	UNKNOWN STEP	2025-10-06T17:55:18.3753837Z hint:
Base IT (4)	UNKNOWN STEP	2025-10-06T17:55:18.3754662Z hint: 	git config --global init.defaultBranch <name>
Base IT (4)	UNKNOWN STEP	2025-10-06T17:55:18.3755548Z hint:
Base IT (4)	UNKNOWN STEP	2025-10-06T17:55:18.3756205Z hint: Names commonly chosen instead of 'master' are 'main', 'trunk' and
Base IT (4)	UNKNOWN STEP	2025-10-06T17:55:18.3757087Z hint: 'development'. The just-created branch can be renamed via this command:
Base IT (4)	UNKNOWN STEP	2025-10-06T17:55:18.3758068Z hint:
Base IT (4)	UNKNOWN STEP	2025-10-06T17:55:18.3758619Z hint: 	git branch -m <name>
Base IT (4)	UNKNOWN STEP	2025-10-06T17:55:18.3759072Z hint:
Base IT (4)	UNKNOWN STEP	2025-10-06T17:55:18.3759688Z hint: Disable this message with "git config set advice.defaultBranchName false"
Base IT (4)	UNKNOWN STEP	2025-10-06T17:55:18.3760696Z Initialized empty Git repository in /home/runner/work/keycloak/keycloak/.git/
Base IT (4)	UNKNOWN STEP	2025-10-06T17:55:18.3763716Z [command]/usr/bin/git remote add origin https://github.com/keycloak/keycloak
Base IT (4)	UNKNOWN STEP	2025-10-06T17:55:18.3830466Z ##[endgroup]
Base IT (4)	UNKNOWN STEP	2025-10-06T17:55:18.3831200Z ##[group]Disabling automatic garbage collection
Base IT (4)	UNKNOWN STEP	2025-10-06T17:55:18.3833928Z [command]/usr/bin/git config --local gc.auto 0
Base IT (4)	UNKNOWN STEP	2025-10-06T17:55:18.3859963Z ##[endgroup]
Base IT (4)	UNKNOWN STEP	2025-10-06T17:55:18.3860626Z ##[group]Setting up auth
Base IT (4)	UNKNOWN STEP	2025-10-06T17:55:18.3866335Z [command]/usr/bin/git config --local --name-only --get-regexp core\.sshCommand
Base IT (4)	UNKNOWN STEP	2025-10-06T17:55:18.3897316Z [command]/usr/bin/git submodule foreach --recursive sh -c "git config --local --name-only --get-regexp 'core\.sshCommand' && git config --local --unset-all 'core.sshCommand' || :"
Base IT (4)	UNKNOWN STEP	2025-10-06T17:55:18.4198507Z [command]/usr/bin/git config --local --name-only --get-regexp http\.https\:\/\/github\.com\/\.extraheader
Base IT (4)	UNKNOWN STEP	2025-10-06T17:55:18.4228964Z [command]/usr/bin/git submodule foreach --recursive sh -c "git config --local --name-only --get-regexp 'http\.https\:\/\/github\.com\/\.extraheader' && git config --local --unset-all 'http.https://github.com/.extraheader' || :"
Base IT (4)	UNKNOWN STEP	2025-10-06T17:55:18.4484106Z [command]/usr/bin/git config --local http.https://github.com/.extraheader AUTHORIZATION: basic ***
Base IT (4)	UNKNOWN STEP	2025-10-06T17:55:18.4524167Z ##[endgroup]
Base IT (4)	UNKNOWN STEP	2025-10-06T17:55:18.4525262Z ##[group]Fetching the repository
Base IT (4)	UNKNOWN STEP	2025-10-06T17:55:18.4536066Z [command]/usr/bin/git -c protocol.version=2 fetch --no-tags --prune --no-recurse-submodules --depth=1 origin +d7f5f64428f3f013f5b12b38e8be8267656df49d:refs/remotes/pull/43024/merge
Base IT (4)	UNKNOWN STEP	2025-10-06T17:55:19.9635355Z From https://github.com/keycloak/keycloak
Base IT (4)	UNKNOWN STEP	2025-10-06T17:55:19.9638608Z  * [new ref]         d7f5f64428f3f013f5b12b38e8be8267656df49d -> pull/43024/merge
Base IT (4)	UNKNOWN STEP	2025-10-06T17:55:19.9668756Z ##[endgroup]
Base IT (4)	UNKNOWN STEP	2025-10-06T17:55:19.9672689Z ##[group]Determining the checkout info
Base IT (4)	UNKNOWN STEP	2025-10-06T17:55:19.9674492Z ##[endgroup]
Base IT (4)	UNKNOWN STEP	2025-10-06T17:55:19.9678124Z [command]/usr/bin/git sparse-checkout disable
Base IT (4)	UNKNOWN STEP	2025-10-06T17:55:19.9718934Z [command]/usr/bin/git config --local --unset-all extensions.worktreeConfig
Base IT (4)	UNKNOWN STEP	2025-10-06T17:55:19.9746235Z ##[group]Checking out the ref
Base IT (4)	UNKNOWN STEP	2025-10-06T17:55:19.9750641Z [command]/usr/bin/git checkout --progress --force refs/remotes/pull/43024/merge
Base IT (4)	UNKNOWN STEP	2025-10-06T17:55:20.7849794Z Note: switching to 'refs/remotes/pull/43024/merge'.
Base IT (4)	UNKNOWN STEP	2025-10-06T17:55:20.7854240Z 
Base IT (4)	UNKNOWN STEP	2025-10-06T17:55:20.7854852Z You are in 'detached HEAD' state. You can look around, make experimental
Base IT (4)	UNKNOWN STEP	2025-10-06T17:55:20.7855828Z changes and commit them, and you can discard any commits you make in this
Base IT (4)	UNKNOWN STEP	2025-10-06T17:55:20.7856765Z state without impacting any branches by switching back to a branch.
Base IT (4)	UNKNOWN STEP	2025-10-06T17:55:20.7858835Z 
Base IT (4)	UNKNOWN STEP	2025-10-06T17:55:20.7859267Z If you want to create a new branch to retain commits you create, you may
Base IT (4)	UNKNOWN STEP	2025-10-06T17:55:20.7860167Z do so (now or later) by using -c with the switch command. Example:
Base IT (4)	UNKNOWN STEP	2025-10-06T17:55:20.7860644Z 
Base IT (4)	UNKNOWN STEP	2025-10-06T17:55:20.7860856Z   git switch -c <new-branch-name>
Base IT (4)	UNKNOWN STEP	2025-10-06T17:55:20.7861202Z 
Base IT (4)	UNKNOWN STEP	2025-10-06T17:55:20.7861432Z Or undo this operation with:
Base IT (4)	UNKNOWN STEP	2025-10-06T17:55:20.7861743Z 
Base IT (4)	UNKNOWN STEP	2025-10-06T17:55:20.7861918Z   git switch -
Base IT (4)	UNKNOWN STEP	2025-10-06T17:55:20.7862190Z 
Base IT (4)	UNKNOWN STEP	2025-10-06T17:55:20.7862607Z Turn off this advice by setting config variable advice.detachedHead to false
Base IT (4)	UNKNOWN STEP	2025-10-06T17:55:20.7863171Z 
Base IT (4)	UNKNOWN STEP	2025-10-06T17:55:20.7863996Z HEAD is now at d7f5f64 Merge a39881ff27156c3f4ee9848a0138d9eb49394447 into 7bfc33fd5fbbc7916ef002f787596e93b39838a6
Base IT (4)	UNKNOWN STEP	2025-10-06T17:55:20.7889195Z ##[endgroup]
Base IT (4)	UNKNOWN STEP	2025-10-06T17:55:20.7929479Z [command]/usr/bin/git log -1 --format=%H
Base IT (4)	UNKNOWN STEP	2025-10-06T17:55:20.7952907Z d7f5f64428f3f013f5b12b38e8be8267656df49d
Base IT (4)	UNKNOWN STEP	2025-10-06T17:55:20.8196942Z Prepare all required actions
Base IT (4)	UNKNOWN STEP	2025-10-06T17:55:20.8197446Z Getting action download info
Base IT (4)	UNKNOWN STEP	2025-10-06T17:55:20.9584880Z Download action repository 'actions/download-artifact@d3f86a106a0bac45b974a628896c90dbdf5c8093' (SHA:d3f86a106a0bac45b974a628896c90dbdf5c8093)
Base IT (4)	UNKNOWN STEP	2025-10-06T17:55:21.4185125Z ##[group]Run ./.github/actions/integration-test-setup
Base IT (4)	UNKNOWN STEP	2025-10-06T17:55:21.4185494Z with:
Base IT (4)	UNKNOWN STEP	2025-10-06T17:55:21.4185703Z   jdk-dist: temurin
Base IT (4)	UNKNOWN STEP	2025-10-06T17:55:21.4185915Z   jdk-version: 21
Base IT (4)	UNKNOWN STEP	2025-10-06T17:55:21.4186146Z env:
Base IT (4)	UNKNOWN STEP	2025-10-06T17:55:21.4186435Z   MAVEN_ARGS: -B -nsu -Daether.connector.http.connectionMaxTtl=25
Base IT (4)	UNKNOWN STEP	2025-10-06T17:55:21.4186810Z   SUREFIRE_RERUN_FAILING_COUNT: 2
Base IT (4)	UNKNOWN STEP	2025-10-06T17:55:21.4187126Z   SUREFIRE_RETRY: -Dsurefire.rerunFailingTestsCount=2
Base IT (4)	UNKNOWN STEP	2025-10-06T17:55:21.4187461Z ##[endgroup]
Base IT (4)	UNKNOWN STEP	2025-10-06T17:55:21.4275486Z Prepare all required actions
Base IT (4)	UNKNOWN STEP	2025-10-06T17:55:21.4313123Z ##[group]Run ./.github/actions/update-hosts
Base IT (4)	UNKNOWN STEP	2025-10-06T17:55:21.4313585Z env:
Base IT (4)	UNKNOWN STEP	2025-10-06T17:55:21.4313940Z   MAVEN_ARGS: -B -nsu -Daether.connector.http.connectionMaxTtl=25
Base IT (4)	UNKNOWN STEP	2025-10-06T17:55:21.4314319Z   SUREFIRE_RERUN_FAILING_COUNT: 2
Base IT (4)	UNKNOWN STEP	2025-10-06T17:55:21.4314647Z   SUREFIRE_RETRY: -Dsurefire.rerunFailingTestsCount=2
Base IT (4)	UNKNOWN STEP	2025-10-06T17:55:21.4314960Z ##[endgroup]
Base IT (4)	UNKNOWN STEP	2025-10-06T17:55:21.4439822Z ##[group]Run printf "\n\n$(cat .github/actions/update-hosts/hosts)" | sudo tee -a /etc/hosts
Base IT (4)	UNKNOWN STEP	2025-10-06T17:55:21.4440491Z [36;1mprintf "\n\n$(cat .github/actions/update-hosts/hosts)" | sudo tee -a /etc/hosts[0m
Base IT (4)	UNKNOWN STEP	2025-10-06T17:55:21.4476869Z shell: /usr/bin/bash --noprofile --norc -e -o pipefail {0}
Base IT (4)	UNKNOWN STEP	2025-10-06T17:55:21.4477237Z env:
Base IT (4)	UNKNOWN STEP	2025-10-06T17:55:21.4477550Z   MAVEN_ARGS: -B -nsu -Daether.connector.http.connectionMaxTtl=25
Base IT (4)	UNKNOWN STEP	2025-10-06T17:55:21.4477923Z   SUREFIRE_RERUN_FAILING_COUNT: 2
Base IT (4)	UNKNOWN STEP	2025-10-06T17:55:21.4478261Z   SUREFIRE_RETRY: -Dsurefire.rerunFailingTestsCount=2
Base IT (4)	UNKNOWN STEP	2025-10-06T17:55:21.4478572Z ##[endgroup]
Base IT (4)	UNKNOWN STEP	2025-10-06T17:55:21.4615189Z 
Base IT (4)	UNKNOWN STEP	2025-10-06T17:55:21.4615208Z 
Base IT (4)	UNKNOWN STEP	2025-10-06T17:55:21.4615833Z 127.0.0.1 localtest.me admin.localtest.me localhost-myapp.localtest.me localhost-sso.localtest.me realmFrontend.localtest.me proxy.kc.localtest.me
Base IT (4)	UNKNOWN STEP	2025-10-06T17:55:21.4631081Z ::1 localtest.me admin.localtest.me localhost-myapp.localtest.me localhost-sso.localtest.me realmFrontend.localtest.me proxy.kc.localtest.me
Base IT (4)	UNKNOWN STEP	2025-10-06T17:55:21.4679937Z Prepare all required actions
Base IT (4)	UNKNOWN STEP	2025-10-06T17:55:21.4680261Z Getting action download info
Base IT (4)	UNKNOWN STEP	2025-10-06T17:55:21.6020215Z Download action repository 'actions/setup-java@c5195efecf7bdfc987ee8bae7a71cb8b11521c00' (SHA:c5195efecf7bdfc987ee8bae7a71cb8b11521c00)
Base IT (4)	UNKNOWN STEP	2025-10-06T17:55:22.1090491Z ##[group]Run ./.github/actions/java-setup
Base IT (4)	UNKNOWN STEP	2025-10-06T17:55:22.1090762Z with:
Base IT (4)	UNKNOWN STEP	2025-10-06T17:55:22.1090943Z   distribution: temurin
Base IT (4)	UNKNOWN STEP	2025-10-06T17:55:22.1091143Z   java-version: 21
Base IT (4)	UNKNOWN STEP	2025-10-06T17:55:22.1091326Z env:
Base IT (4)	UNKNOWN STEP	2025-10-06T17:55:22.1091586Z   MAVEN_ARGS: -B -nsu -Daether.connector.http.connectionMaxTtl=25
Base IT (4)	UNKNOWN STEP	2025-10-06T17:55:22.1091920Z   SUREFIRE_RERUN_FAILING_COUNT: 2
Base IT (4)	UNKNOWN STEP	2025-10-06T17:55:22.1092221Z   SUREFIRE_RETRY: -Dsurefire.rerunFailingTestsCount=2
Base IT (4)	UNKNOWN STEP	2025-10-06T17:55:22.1092503Z ##[endgroup]
Base IT (4)	UNKNOWN STEP	2025-10-06T17:55:22.1180512Z ##[group]Run actions/setup-java@c5195efecf7bdfc987ee8bae7a71cb8b11521c00
Base IT (4)	UNKNOWN STEP	2025-10-06T17:55:22.1180893Z with:
Base IT (4)	UNKNOWN STEP	2025-10-06T17:55:22.1181068Z   distribution: temurin
Base IT (4)	UNKNOWN STEP	2025-10-06T17:55:22.1181265Z   java-version: 21
Base IT (4)	UNKNOWN STEP	2025-10-06T17:55:22.1181443Z   java-package: jdk
Base IT (4)	UNKNOWN STEP	2025-10-06T17:55:22.1181654Z   check-latest: false
Base IT (4)	UNKNOWN STEP	2025-10-06T17:55:22.1181851Z   server-id: github
Base IT (4)	UNKNOWN STEP	2025-10-06T17:55:22.1182035Z   server-username: GITHUB_ACTOR
Base IT (4)	UNKNOWN STEP	2025-10-06T17:55:22.1182259Z   server-password: GITHUB_TOKEN
Base IT (4)	UNKNOWN STEP	2025-10-06T17:55:22.1182472Z   overwrite-settings: true
Base IT (4)	UNKNOWN STEP	2025-10-06T17:55:22.1182679Z   job-status: success
Base IT (4)	UNKNOWN STEP	2025-10-06T17:55:22.1182989Z   token: ***
Base IT (4)	UNKNOWN STEP	2025-10-06T17:55:22.1183160Z env:
Base IT (4)	UNKNOWN STEP	2025-10-06T17:55:22.1183806Z   MAVEN_ARGS: -B -nsu -Daether.connector.http.connectionMaxTtl=25
Base IT (4)	UNKNOWN STEP	2025-10-06T17:55:22.1184147Z   SUREFIRE_RERUN_FAILING_COUNT: 2
Base IT (4)	UNKNOWN STEP	2025-10-06T17:55:22.1184431Z   SUREFIRE_RETRY: -Dsurefire.rerunFailingTestsCount=2
Base IT (4)	UNKNOWN STEP	2025-10-06T17:55:22.1184883Z ##[endgroup]
Base IT (4)	UNKNOWN STEP	2025-10-06T17:55:22.3070986Z ##[group]Installed distributions
Base IT (4)	UNKNOWN STEP	2025-10-06T17:55:22.3130569Z Resolved Java 21.0.8+9 from tool-cache
Base IT (4)	UNKNOWN STEP	2025-10-06T17:55:22.3131771Z Setting Java 21.0.8+9 as the default
Base IT (4)	UNKNOWN STEP	2025-10-06T17:55:22.3144277Z Creating toolchains.xml for JDK version 21 from temurin
Base IT (4)	UNKNOWN STEP	2025-10-06T17:55:22.3219882Z Writing to /home/runner/.m2/toolchains.xml
Base IT (4)	UNKNOWN STEP	2025-10-06T17:55:22.3220269Z 
Base IT (4)	UNKNOWN STEP	2025-10-06T17:55:22.3220426Z Java configuration:
Base IT (4)	UNKNOWN STEP	2025-10-06T17:55:22.3222353Z   Distribution: temurin
Base IT (4)	UNKNOWN STEP	2025-10-06T17:55:22.3222737Z   Version: 21.0.8+9
Base IT (4)	UNKNOWN STEP	2025-10-06T17:55:22.3226189Z   Path: /opt/hostedtoolcache/Java_Temurin-Hotspot_jdk/21.0.8-9/x64
Base IT (4)	UNKNOWN STEP	2025-10-06T17:55:22.3226697Z 
Base IT (4)	UNKNOWN STEP	2025-10-06T17:55:22.3227167Z ##[endgroup]
Base IT (4)	UNKNOWN STEP	2025-10-06T17:55:22.3239739Z Creating settings.xml with server-id: github
Base IT (4)	UNKNOWN STEP	2025-10-06T17:55:22.3246089Z Writing to /home/runner/.m2/settings.xml
Base IT (4)	UNKNOWN STEP	2025-10-06T17:55:22.3385751Z Prepare all required actions
Base IT (4)	UNKNOWN STEP	2025-10-06T17:55:22.3386059Z Getting action download info
Base IT (4)	UNKNOWN STEP	2025-10-06T17:55:22.4911003Z Download action repository 'actions/cache@5a3ec84eff668545956fd18022155c47e93e2684' (SHA:5a3ec84eff668545956fd18022155c47e93e2684)
Base IT (4)	UNKNOWN STEP	2025-10-06T17:55:22.6729843Z ##[group]Run ./.github/actions/maven-cache
Base IT (4)	UNKNOWN STEP	2025-10-06T17:55:22.6730107Z with:
Base IT (4)	UNKNOWN STEP	2025-10-06T17:55:22.6730294Z   create-cache-if-it-doesnt-exist: false
Base IT (4)	UNKNOWN STEP	2025-10-06T17:55:22.6730532Z env:
Base IT (4)	UNKNOWN STEP	2025-10-06T17:55:22.6730781Z   MAVEN_ARGS: -B -nsu -Daether.connector.http.connectionMaxTtl=25
Base IT (4)	UNKNOWN STEP	2025-10-06T17:55:22.6731108Z   SUREFIRE_RERUN_FAILING_COUNT: 2
Base IT (4)	UNKNOWN STEP	2025-10-06T17:55:22.6731386Z   SUREFIRE_RETRY: -Dsurefire.rerunFailingTestsCount=2
Base IT (4)	UNKNOWN STEP	2025-10-06T17:55:22.6731773Z   JAVA_HOME: /opt/hostedtoolcache/Java_Temurin-Hotspot_jdk/21.0.8-9/x64
Base IT (4)	UNKNOWN STEP	2025-10-06T17:55:22.6732202Z   JAVA_HOME_21_X64: /opt/hostedtoolcache/Java_Temurin-Hotspot_jdk/21.0.8-9/x64
Base IT (4)	UNKNOWN STEP	2025-10-06T17:55:22.6732542Z ##[endgroup]
Base IT (4)	UNKNOWN STEP	2025-10-06T17:55:22.6757826Z ##[group]Run echo "key=mvn-`date -u "+%Y-%U"`" >> $GITHUB_OUTPUT
Base IT (4)	UNKNOWN STEP	2025-10-06T17:55:22.6758223Z [36;1mecho "key=mvn-`date -u "+%Y-%U"`" >> $GITHUB_OUTPUT[0m
Base IT (4)	UNKNOWN STEP	2025-10-06T17:55:22.6793175Z shell: /usr/bin/bash --noprofile --norc -e -o pipefail {0}
Base IT (4)	UNKNOWN STEP	2025-10-06T17:55:22.6793596Z env:
Base IT (4)	UNKNOWN STEP	2025-10-06T17:55:22.6793868Z   MAVEN_ARGS: -B -nsu -Daether.connector.http.connectionMaxTtl=25
Base IT (4)	UNKNOWN STEP	2025-10-06T17:55:22.6794205Z   SUREFIRE_RERUN_FAILING_COUNT: 2
Base IT (4)	UNKNOWN STEP	2025-10-06T17:55:22.6794485Z   SUREFIRE_RETRY: -Dsurefire.rerunFailingTestsCount=2
Base IT (4)	UNKNOWN STEP	2025-10-06T17:55:22.6794869Z   JAVA_HOME: /opt/hostedtoolcache/Java_Temurin-Hotspot_jdk/21.0.8-9/x64
Base IT (4)	UNKNOWN STEP	2025-10-06T17:55:22.6795305Z   JAVA_HOME_21_X64: /opt/hostedtoolcache/Java_Temurin-Hotspot_jdk/21.0.8-9/x64
Base IT (4)	UNKNOWN STEP	2025-10-06T17:55:22.6795653Z ##[endgroup]
Base IT (4)	UNKNOWN STEP	2025-10-06T17:55:22.6935107Z ##[group]Run actions/cache/restore@5a3ec84eff668545956fd18022155c47e93e2684
Base IT (4)	UNKNOWN STEP	2025-10-06T17:55:22.6935446Z with:
Base IT (4)	UNKNOWN STEP	2025-10-06T17:55:22.6935686Z   path: ~/.m2/repository/*/*
Base IT (4)	UNKNOWN STEP	!~/.m2/repository/org/keycloak
Base IT (4)	UNKNOWN STEP	
Base IT (4)	UNKNOWN STEP	2025-10-06T17:55:22.6936005Z   key: mvn-Linux-mvn-2025-40
Base IT (4)	UNKNOWN STEP	2025-10-06T17:55:22.6936228Z   restore-keys: mvn--mvn-2025-40
Base IT (4)	UNKNOWN STEP	
Base IT (4)	UNKNOWN STEP	2025-10-06T17:55:22.6936464Z   enableCrossOsArchive: true
Base IT (4)	UNKNOWN STEP	2025-10-06T17:55:22.6936699Z   fail-on-cache-miss: false
Base IT (4)	UNKNOWN STEP	2025-10-06T17:55:22.6956853Z   lookup-only: false
Base IT (4)	UNKNOWN STEP	2025-10-06T17:55:22.6957075Z env:
Base IT (4)	UNKNOWN STEP	2025-10-06T17:55:22.6957351Z   MAVEN_ARGS: -B -nsu -Daether.connector.http.connectionMaxTtl=25
Base IT (4)	UNKNOWN STEP	2025-10-06T17:55:22.6957707Z   SUREFIRE_RERUN_FAILING_COUNT: 2
Base IT (4)	UNKNOWN STEP	2025-10-06T17:55:22.6957985Z   SUREFIRE_RETRY: -Dsurefire.rerunFailingTestsCount=2
Base IT (4)	UNKNOWN STEP	2025-10-06T17:55:22.6958378Z   JAVA_HOME: /opt/hostedtoolcache/Java_Temurin-Hotspot_jdk/21.0.8-9/x64
Base IT (4)	UNKNOWN STEP	2025-10-06T17:55:22.6958816Z   JAVA_HOME_21_X64: /opt/hostedtoolcache/Java_Temurin-Hotspot_jdk/21.0.8-9/x64
Base IT (4)	UNKNOWN STEP	2025-10-06T17:55:22.6959155Z ##[endgroup]
Base IT (4)	UNKNOWN STEP	2025-10-06T17:55:22.9369684Z Cache hit for: mvn-Linux-mvn-2025-40
Base IT (4)	UNKNOWN STEP	2025-10-06T17:55:24.1855427Z Received 113246208 of 609779599 (18.6%), 107.9 MBs/sec
Base IT (4)	UNKNOWN STEP	2025-10-06T17:55:25.1832195Z Received 268435456 of 609779599 (44.0%), 127.9 MBs/sec
Base IT (4)	UNKNOWN STEP	2025-10-06T17:55:26.1836921Z Received 457179136 of 609779599 (75.0%), 145.2 MBs/sec
Base IT (4)	UNKNOWN STEP	2025-10-06T17:55:26.9728510Z Received 609779599 of 609779599 (100.0%), 153.4 MBs/sec
Base IT (4)	UNKNOWN STEP	2025-10-06T17:55:26.9731249Z Cache Size: ~582 MB (609779599 B)
Base IT (4)	UNKNOWN STEP	2025-10-06T17:55:26.9867456Z [command]/usr/bin/tar -xf /home/runner/work/_temp/c329606a-6564-40bb-a069-9dd975cfea1c/cache.tzst -P -C /home/runner/work/keycloak/keycloak --use-compress-program unzstd
Base IT (4)	UNKNOWN STEP	2025-10-06T17:55:28.7617366Z Cache restored successfully
Base IT (4)	UNKNOWN STEP	2025-10-06T17:55:28.8816251Z Cache restored from key: mvn-Linux-mvn-2025-40
Base IT (4)	UNKNOWN STEP	2025-10-06T17:55:28.8954237Z Prepare all required actions
Base IT (4)	UNKNOWN STEP	2025-10-06T17:55:28.8954545Z Getting action download info
Base IT (4)	UNKNOWN STEP	2025-10-06T17:55:29.0498497Z ##[group]Run ./.github/actions/node-cache
Base IT (4)	UNKNOWN STEP	2025-10-06T17:55:29.0498744Z env:
Base IT (4)	UNKNOWN STEP	2025-10-06T17:55:29.0499010Z   MAVEN_ARGS: -B -nsu -Daether.connector.http.connectionMaxTtl=25
Base IT (4)	UNKNOWN STEP	2025-10-06T17:55:29.0499339Z   SUREFIRE_RERUN_FAILING_COUNT: 2
Base IT (4)	UNKNOWN STEP	2025-10-06T17:55:29.0499630Z   SUREFIRE_RETRY: -Dsurefire.rerunFailingTestsCount=2
Base IT (4)	UNKNOWN STEP	2025-10-06T17:55:29.0500022Z   JAVA_HOME: /opt/hostedtoolcache/Java_Temurin-Hotspot_jdk/21.0.8-9/x64
Base IT (4)	UNKNOWN STEP	2025-10-06T17:55:29.0500460Z   JAVA_HOME_21_X64: /opt/hostedtoolcache/Java_Temurin-Hotspot_jdk/21.0.8-9/x64
Base IT (4)	UNKNOWN STEP	2025-10-06T17:55:29.0500783Z ##[endgroup]
Base IT (4)	UNKNOWN STEP	2025-10-06T17:55:29.0522398Z ##[group]Run echo "node=$(cat js/pom.xml | grep '<node.version>' | cut -d '>' -f 2 | cut -d '<' -f 1 | cut -c 2-)" >> $GITHUB_OUTPUT
Base IT (4)	UNKNOWN STEP	2025-10-06T17:55:29.0523041Z [36;1mecho "node=$(cat js/pom.xml | grep '<node.version>' | cut -d '>' -f 2 | cut -d '<' -f 1 | cut -c 2-)" >> $GITHUB_OUTPUT[0m
Base IT (4)	UNKNOWN STEP	2025-10-06T17:55:29.0523790Z [36;1mecho "pnpm=$(cat js/pom.xml | grep '<pnpm.version>' | cut -d '>' -f 2 | cut -d '<' -f 1 | cut -c 1-)" >> $GITHUB_OUTPUT[0m
Base IT (4)	UNKNOWN STEP	2025-10-06T17:55:29.0557916Z shell: /usr/bin/bash --noprofile --norc -e -o pipefail {0}
Base IT (4)	UNKNOWN STEP	2025-10-06T17:55:29.0558219Z env:
Base IT (4)	UNKNOWN STEP	2025-10-06T17:55:29.0558473Z   MAVEN_ARGS: -B -nsu -Daether.connector.http.connectionMaxTtl=25
Base IT (4)	UNKNOWN STEP	2025-10-06T17:55:29.0558812Z   SUREFIRE_RERUN_FAILING_COUNT: 2
Base IT (4)	UNKNOWN STEP	2025-10-06T17:55:29.0559090Z   SUREFIRE_RETRY: -Dsurefire.rerunFailingTestsCount=2
Base IT (4)	UNKNOWN STEP	2025-10-06T17:55:29.0559477Z   JAVA_HOME: /opt/hostedtoolcache/Java_Temurin-Hotspot_jdk/21.0.8-9/x64
Base IT (4)	UNKNOWN STEP	2025-10-06T17:55:29.0559898Z   JAVA_HOME_21_X64: /opt/hostedtoolcache/Java_Temurin-Hotspot_jdk/21.0.8-9/x64
Base IT (4)	UNKNOWN STEP	2025-10-06T17:55:29.0560227Z ##[endgroup]
Base IT (4)	UNKNOWN STEP	2025-10-06T17:55:29.0709006Z ##[group]Run actions/cache@5a3ec84eff668545956fd18022155c47e93e2684
Base IT (4)	UNKNOWN STEP	2025-10-06T17:55:29.0709319Z with:
Base IT (4)	UNKNOWN STEP	2025-10-06T17:55:29.0709663Z   path: ~/.m2/repository/com/github/eirslett/node
Base IT (4)	UNKNOWN STEP	~/.m2/repository/com/github/eirslett/pnpm
Base IT (4)	UNKNOWN STEP	
Base IT (4)	UNKNOWN STEP	2025-10-06T17:55:29.0710130Z   key: Linux-frontend-plugin-artifacts-22.18.0-10.14.0
Base IT (4)	UNKNOWN STEP	2025-10-06T17:55:29.0710431Z   enableCrossOsArchive: false
Base IT (4)	UNKNOWN STEP	2025-10-06T17:55:29.0710665Z   fail-on-cache-miss: false
Base IT (4)	UNKNOWN STEP	2025-10-06T17:55:29.0710873Z   lookup-only: false
Base IT (4)	UNKNOWN STEP	2025-10-06T17:55:29.0711059Z   save-always: false
Base IT (4)	UNKNOWN STEP	2025-10-06T17:55:29.0711229Z env:
Base IT (4)	UNKNOWN STEP	2025-10-06T17:55:29.0711484Z   MAVEN_ARGS: -B -nsu -Daether.connector.http.connectionMaxTtl=25
Base IT (4)	UNKNOWN STEP	2025-10-06T17:55:29.0711826Z   SUREFIRE_RERUN_FAILING_COUNT: 2
Base IT (4)	UNKNOWN STEP	2025-10-06T17:55:29.0712094Z   SUREFIRE_RETRY: -Dsurefire.rerunFailingTestsCount=2
Base IT (4)	UNKNOWN STEP	2025-10-06T17:55:29.0712508Z   JAVA_HOME: /opt/hostedtoolcache/Java_Temurin-Hotspot_jdk/21.0.8-9/x64
Base IT (4)	UNKNOWN STEP	2025-10-06T17:55:29.0712931Z   JAVA_HOME_21_X64: /opt/hostedtoolcache/Java_Temurin-Hotspot_jdk/21.0.8-9/x64
Base IT (4)	UNKNOWN STEP	2025-10-06T17:55:29.0713613Z ##[endgroup]
Base IT (4)	UNKNOWN STEP	2025-10-06T17:55:29.3341964Z Cache hit for: Linux-frontend-plugin-artifacts-22.18.0-10.14.0
Base IT (4)	UNKNOWN STEP	2025-10-06T17:55:30.4276431Z Received 89550697 of 89550697 (100.0%), 89.6 MBs/sec
Base IT (4)	UNKNOWN STEP	2025-10-06T17:55:30.4277085Z Cache Size: ~85 MB (89550697 B)
Base IT (4)	UNKNOWN STEP	2025-10-06T17:55:30.4304609Z [command]/usr/bin/tar -xf /home/runner/work/_temp/f4b71e03-6d96-4b3f-aa04-effc97f24a9f/cache.tzst -P -C /home/runner/work/keycloak/keycloak --use-compress-program unzstd
Base IT (4)	UNKNOWN STEP	2025-10-06T17:55:30.6671570Z Cache restored successfully
Base IT (4)	UNKNOWN STEP	2025-10-06T17:55:30.6919509Z Cache restored from key: Linux-frontend-plugin-artifacts-22.18.0-10.14.0
Base IT (4)	UNKNOWN STEP	2025-10-06T17:55:30.7038464Z Prepare all required actions
Base IT (4)	UNKNOWN STEP	2025-10-06T17:55:30.7038751Z Getting action download info
Base IT (4)	UNKNOWN STEP	2025-10-06T17:55:30.8509276Z ##[group]Run ./.github/actions/pnpm-store-cache
Base IT (4)	UNKNOWN STEP	2025-10-06T17:55:30.8509543Z env:
Base IT (4)	UNKNOWN STEP	2025-10-06T17:55:30.8509987Z   MAVEN_ARGS: -B -nsu -Daether.connector.http.connectionMaxTtl=25
Base IT (4)	UNKNOWN STEP	2025-10-06T17:55:30.8510333Z   SUREFIRE_RERUN_FAILING_COUNT: 2
Base IT (4)	UNKNOWN STEP	2025-10-06T17:55:30.8510609Z   SUREFIRE_RETRY: -Dsurefire.rerunFailingTestsCount=2
Base IT (4)	UNKNOWN STEP	2025-10-06T17:55:30.8510999Z   JAVA_HOME: /opt/hostedtoolcache/Java_Temurin-Hotspot_jdk/21.0.8-9/x64
Base IT (4)	UNKNOWN STEP	2025-10-06T17:55:30.8511435Z   JAVA_HOME_21_X64: /opt/hostedtoolcache/Java_Temurin-Hotspot_jdk/21.0.8-9/x64
Base IT (4)	UNKNOWN STEP	2025-10-06T17:55:30.8511778Z ##[endgroup]
Base IT (4)	UNKNOWN STEP	2025-10-06T17:55:30.8526267Z ##[group]Run echo "key=pnpm-store-`date -u "+%Y-%U"`" >> $GITHUB_OUTPUT
Base IT (4)	UNKNOWN STEP	2025-10-06T17:55:30.8526691Z [36;1mecho "key=pnpm-store-`date -u "+%Y-%U"`" >> $GITHUB_OUTPUT[0m
Base IT (4)	UNKNOWN STEP	2025-10-06T17:55:30.8558581Z shell: /usr/bin/bash --noprofile --norc -e -o pipefail {0}
Base IT (4)	UNKNOWN STEP	2025-10-06T17:55:30.8558898Z env:
Base IT (4)	UNKNOWN STEP	2025-10-06T17:55:30.8559165Z   MAVEN_ARGS: -B -nsu -Daether.connector.http.connectionMaxTtl=25
Base IT (4)	UNKNOWN STEP	2025-10-06T17:55:30.8559494Z   SUREFIRE_RERUN_FAILING_COUNT: 2
Base IT (4)	UNKNOWN STEP	2025-10-06T17:55:30.8559781Z   SUREFIRE_RETRY: -Dsurefire.rerunFailingTestsCount=2
Base IT (4)	UNKNOWN STEP	2025-10-06T17:55:30.8560172Z   JAVA_HOME: /opt/hostedtoolcache/Java_Temurin-Hotspot_jdk/21.0.8-9/x64
Base IT (4)	UNKNOWN STEP	2025-10-06T17:55:30.8560601Z   JAVA_HOME_21_X64: /opt/hostedtoolcache/Java_Temurin-Hotspot_jdk/21.0.8-9/x64
Base IT (4)	UNKNOWN STEP	2025-10-06T17:55:30.8560942Z ##[endgroup]
Base IT (4)	UNKNOWN STEP	2025-10-06T17:55:30.8656725Z ##[group]Run actions/cache@5a3ec84eff668545956fd18022155c47e93e2684
Base IT (4)	UNKNOWN STEP	2025-10-06T17:55:30.8657041Z with:
Base IT (4)	UNKNOWN STEP	2025-10-06T17:55:30.8657348Z   path: ~/.local/share/pnpm/store
Base IT (4)	UNKNOWN STEP	~/AppData/Local/pnpm/store
Base IT (4)	UNKNOWN STEP	~/Library/pnpm/store
Base IT (4)	UNKNOWN STEP	
Base IT (4)	UNKNOWN STEP	2025-10-06T17:55:30.8657731Z   key: Linux-pnpm-store-2025-40
Base IT (4)	UNKNOWN STEP	2025-10-06T17:55:30.8657974Z   enableCrossOsArchive: false
Base IT (4)	UNKNOWN STEP	2025-10-06T17:55:30.8658203Z   fail-on-cache-miss: false
Base IT (4)	UNKNOWN STEP	2025-10-06T17:55:30.8658413Z   lookup-only: false
Base IT (4)	UNKNOWN STEP	2025-10-06T17:55:30.8658603Z   save-always: false
Base IT (4)	UNKNOWN STEP	2025-10-06T17:55:30.8658791Z env:
Base IT (4)	UNKNOWN STEP	2025-10-06T17:55:30.8659052Z   MAVEN_ARGS: -B -nsu -Daether.connector.http.connectionMaxTtl=25
Base IT (4)	UNKNOWN STEP	2025-10-06T17:55:30.8659398Z   SUREFIRE_RERUN_FAILING_COUNT: 2
Base IT (4)	UNKNOWN STEP	2025-10-06T17:55:30.8659689Z   SUREFIRE_RETRY: -Dsurefire.rerunFailingTestsCount=2
Base IT (4)	UNKNOWN STEP	2025-10-06T17:55:30.8660088Z   JAVA_HOME: /opt/hostedtoolcache/Java_Temurin-Hotspot_jdk/21.0.8-9/x64
Base IT (4)	UNKNOWN STEP	2025-10-06T17:55:30.8660529Z   JAVA_HOME_21_X64: /opt/hostedtoolcache/Java_Temurin-Hotspot_jdk/21.0.8-9/x64
Base IT (4)	UNKNOWN STEP	2025-10-06T17:55:30.8660865Z ##[endgroup]
Base IT (4)	UNKNOWN STEP	2025-10-06T17:55:31.1207326Z Cache hit for: Linux-pnpm-store-2025-40
Base IT (4)	UNKNOWN STEP	2025-10-06T17:55:32.2509328Z Received 125829120 of 139898235 (89.9%), 120.0 MBs/sec
Base IT (4)	UNKNOWN STEP	2025-10-06T17:55:32.4945420Z Received 139898235 of 139898235 (100.0%), 107.2 MBs/sec
Base IT (4)	UNKNOWN STEP	2025-10-06T17:55:32.4946658Z Cache Size: ~133 MB (139898235 B)
Base IT (4)	UNKNOWN STEP	2025-10-06T17:55:32.4976017Z [command]/usr/bin/tar -xf /home/runner/work/_temp/3bca34b5-d0fa-4165-b359-51eae2361f29/cache.tzst -P -C /home/runner/work/keycloak/keycloak --use-compress-program unzstd
Base IT (4)	UNKNOWN STEP	2025-10-06T17:55:35.0565050Z Cache restored successfully
Base IT (4)	UNKNOWN STEP	2025-10-06T17:55:35.0909642Z Cache restored from key: Linux-pnpm-store-2025-40
Base IT (4)	UNKNOWN STEP	2025-10-06T17:55:35.1027481Z ##[group]Run actions/download-artifact@d3f86a106a0bac45b974a628896c90dbdf5c8093
Base IT (4)	UNKNOWN STEP	2025-10-06T17:55:35.1027870Z with:
Base IT (4)	UNKNOWN STEP	2025-10-06T17:55:35.1028053Z   name: m2-keycloak.tzts
Base IT (4)	UNKNOWN STEP	2025-10-06T17:55:35.1028273Z   merge-multiple: false
Base IT (4)	UNKNOWN STEP	2025-10-06T17:55:35.1028492Z   repository: keycloak/keycloak
Base IT (4)	UNKNOWN STEP	2025-10-06T17:55:35.1028719Z   run-id: 18289717941
Base IT (4)	UNKNOWN STEP	2025-10-06T17:55:35.1028905Z env:
Base IT (4)	UNKNOWN STEP	2025-10-06T17:55:35.1029175Z   MAVEN_ARGS: -B -nsu -Daether.connector.http.connectionMaxTtl=25
Base IT (4)	UNKNOWN STEP	2025-10-06T17:55:35.1029524Z   SUREFIRE_RERUN_FAILING_COUNT: 2
Base IT (4)	UNKNOWN STEP	2025-10-06T17:55:35.1029819Z   SUREFIRE_RETRY: -Dsurefire.rerunFailingTestsCount=2
Base IT (4)	UNKNOWN STEP	2025-10-06T17:55:35.1030226Z   JAVA_HOME: /opt/hostedtoolcache/Java_Temurin-Hotspot_jdk/21.0.8-9/x64
Base IT (4)	UNKNOWN STEP	2025-10-06T17:55:35.1030681Z   JAVA_HOME_21_X64: /opt/hostedtoolcache/Java_Temurin-Hotspot_jdk/21.0.8-9/x64
Base IT (4)	UNKNOWN STEP	2025-10-06T17:55:35.1031202Z ##[endgroup]
Base IT (4)	UNKNOWN STEP	2025-10-06T17:55:35.2936945Z Downloading single artifact
Base IT (4)	UNKNOWN STEP	2025-10-06T17:55:35.4254712Z Preparing to download the following artifacts:
Base IT (4)	UNKNOWN STEP	2025-10-06T17:55:35.4256037Z - m2-keycloak.tzts (ID: 4195485711, Size: 399619425, Expected Digest: sha256:a9910d23a579b2206b14116409364414048ecba594f689406729784bd100bc25)
Base IT (4)	UNKNOWN STEP	2025-10-06T17:55:35.5184203Z Redirecting to blob download url: https://productionresultssa7.blob.core.windows.net/actions-results/2d35b45d-f2d9-4c6c-b466-9c5aecb6850a/workflow-job-run-31ccf1da-4773-504d-88c6-d2d77f9e5c2d/artifacts/edc4cfb0355d37e325eaae6eb235756b36f79720f66ece617babf28220e9d051.zip
Base IT (4)	UNKNOWN STEP	2025-10-06T17:55:35.5186707Z Starting download of artifact to: /home/runner/work/keycloak/keycloak
Base IT (4)	UNKNOWN STEP	2025-10-06T17:55:35.6701764Z (node:2145) [DEP0005] DeprecationWarning: Buffer() is deprecated due to security and usability issues. Please use the Buffer.alloc(), Buffer.allocUnsafe(), or Buffer.from() methods instead.
Base IT (4)	UNKNOWN STEP	2025-10-06T17:55:35.6702874Z (Use `node --trace-deprecation ...` to show where the warning was created)
Base IT (4)	UNKNOWN STEP	2025-10-06T17:55:42.0569788Z SHA256 digest of downloaded artifact is a9910d23a579b2206b14116409364414048ecba594f689406729784bd100bc25
Base IT (4)	UNKNOWN STEP	2025-10-06T17:55:42.0572359Z Artifact download completed successfully.
Base IT (4)	UNKNOWN STEP	2025-10-06T17:55:42.0572898Z Total of 1 artifact(s) downloaded
Base IT (4)	UNKNOWN STEP	2025-10-06T17:55:42.0578105Z Download artifact has finished successfully
Base IT (4)	UNKNOWN STEP	2025-10-06T17:55:42.0712345Z ##[group]Run if [ "$RUNNER_OS" == "Windows" ]; then
Base IT (4)	UNKNOWN STEP	2025-10-06T17:55:42.0712693Z [36;1mif [ "$RUNNER_OS" == "Windows" ]; then[0m
Base IT (4)	UNKNOWN STEP	2025-10-06T17:55:42.0713102Z [36;1m  # zstd binary might be missing in older versions, install only when necessary[0m
Base IT (4)	UNKNOWN STEP	2025-10-06T17:55:42.0713848Z [36;1m  which zstd > /dev/null || choco install zstandard[0m
Base IT (4)	UNKNOWN STEP	2025-10-06T17:55:42.0714145Z [36;1mfi[0m
Base IT (4)	UNKNOWN STEP	2025-10-06T17:55:42.0714442Z [36;1mtar -C ~/ --use-compress-program="zstd -d" -xf m2-keycloak.tzts[0m
Base IT (4)	UNKNOWN STEP	2025-10-06T17:55:42.0746576Z shell: /usr/bin/bash --noprofile --norc -e -o pipefail {0}
Base IT (4)	UNKNOWN STEP	2025-10-06T17:55:42.0746906Z env:
Base IT (4)	UNKNOWN STEP	2025-10-06T17:55:42.0747207Z   MAVEN_ARGS: -B -nsu -Daether.connector.http.connectionMaxTtl=25
Base IT (4)	UNKNOWN STEP	2025-10-06T17:55:42.0747555Z   SUREFIRE_RERUN_FAILING_COUNT: 2
Base IT (4)	UNKNOWN STEP	2025-10-06T17:55:42.0747846Z   SUREFIRE_RETRY: -Dsurefire.rerunFailingTestsCount=2
Base IT (4)	UNKNOWN STEP	2025-10-06T17:55:42.0748278Z   JAVA_HOME: /opt/hostedtoolcache/Java_Temurin-Hotspot_jdk/21.0.8-9/x64
Base IT (4)	UNKNOWN STEP	2025-10-06T17:55:42.0748751Z   JAVA_HOME_21_X64: /opt/hostedtoolcache/Java_Temurin-Hotspot_jdk/21.0.8-9/x64
Base IT (4)	UNKNOWN STEP	2025-10-06T17:55:42.0749097Z ##[endgroup]
Base IT (4)	UNKNOWN STEP	2025-10-06T17:55:42.6651642Z ##[group]Run TESTS=`testsuite/integration-arquillian/tests/base/testsuites/base-suite.sh 4`
Base IT (4)	UNKNOWN STEP	2025-10-06T17:55:42.6652310Z [36;1mTESTS=`testsuite/integration-arquillian/tests/base/testsuites/base-suite.sh 4`[0m
Base IT (4)	UNKNOWN STEP	2025-10-06T17:55:42.6652728Z [36;1mecho "Tests: $TESTS"[0m
Base IT (4)	UNKNOWN STEP	2025-10-06T17:55:42.6653609Z [36;1m./mvnw test -Dsurefire.rerunFailingTestsCount=2 -Pauth-server-quarkus -Dtest=$TESTS -pl testsuite/integration-arquillian/tests/base 2>&1 | misc/log/trimmer.sh[0m
Base IT (4)	UNKNOWN STEP	2025-10-06T17:55:42.6686216Z shell: /usr/bin/bash --noprofile --norc -e -o pipefail {0}
Base IT (4)	UNKNOWN STEP	2025-10-06T17:55:42.6686554Z env:
Base IT (4)	UNKNOWN STEP	2025-10-06T17:55:42.6686832Z   MAVEN_ARGS: -B -nsu -Daether.connector.http.connectionMaxTtl=25
Base IT (4)	UNKNOWN STEP	2025-10-06T17:55:42.6687186Z   SUREFIRE_RERUN_FAILING_COUNT: 2
Base IT (4)	UNKNOWN STEP	2025-10-06T17:55:42.6687495Z   SUREFIRE_RETRY: -Dsurefire.rerunFailingTestsCount=2
Base IT (4)	UNKNOWN STEP	2025-10-06T17:55:42.6687916Z   JAVA_HOME: /opt/hostedtoolcache/Java_Temurin-Hotspot_jdk/21.0.8-9/x64
Base IT (4)	UNKNOWN STEP	2025-10-06T17:55:42.6688396Z   JAVA_HOME_21_X64: /opt/hostedtoolcache/Java_Temurin-Hotspot_jdk/21.0.8-9/x64
Base IT (4)	UNKNOWN STEP	2025-10-06T17:55:42.6688745Z ##[endgroup]
Base IT (4)	UNKNOWN STEP	2025-10-06T17:55:42.9275257Z Tests: org.keycloak.testsuite.account.**,org.keycloak.testsuite.cli.**,org.keycloak.testsuite.client.**,org.keycloak.testsuite.composites.**,org.keycloak.testsuite.cookies.**,org.keycloak.testsuite.docker.**,org.keycloak.testsuite.domainextension.**,org.keycloak.testsuite.error.**,org.keycloak.testsuite.events.**,org.keycloak.testsuite.exportimport.**,org.keycloak.testsuite.feature.**,org.keycloak.testsuite.keys.**,org.keycloak.testsuite.login.**,org.keycloak.testsuite.metrics.**,org.keycloak.testsuite.migration.**,org.keycloak.testsuite.providers.**,org.keycloak.testsuite.securityprofile.**,org.keycloak.testsuite.tracing.**,org.keycloak.testsuite.user.**,org.keycloak.testsuite.util.**,org.keycloak.testsuite.vault.**,org.keycloak.testsuite.x509.**
Base IT (4)	UNKNOWN STEP	2025-10-06T17:55:47.3404261Z -- [INFO] Loading cache configuration from /home/runner/work/keycloak/keycloak/.mvn/maven-build-cache-config.xml
Base IT (4)	UNKNOWN STEP	2025-10-06T17:55:47.3496321Z -- [INFO] Scanning for projects...
Base IT (4)	UNKNOWN STEP	2025-10-06T17:55:48.2386621Z -- [INFO] 
Base IT (4)	UNKNOWN STEP	2025-10-06T17:55:48.2389043Z -- [INFO] ------< org.keycloak.testsuite:integration-arquillian-tests-base >------
Base IT (4)	UNKNOWN STEP	2025-10-06T17:55:48.2390960Z -- [INFO] Building Base TestSuite 999.0.0-SNAPSHOT
Base IT (4)	UNKNOWN STEP	2025-10-06T17:55:48.2391974Z -- [INFO]   from pom.xml
Base IT (4)	UNKNOWN STEP	2025-10-06T17:55:48.2394202Z -- [INFO] --------------------------------[ jar ]---------------------------------
Base IT (4)	UNKNOWN STEP	2025-10-06T17:55:48.2985676Z -- [WARNING] Parameter 'overWriteIfNewer' is unknown for plugin 'maven-resources-plugin:3.0.1:copy-resources (example-realms)'
Base IT (4)	UNKNOWN STEP	2025-10-06T17:55:49.7141487Z -- [INFO] Artifact org.jboss:jboss-parent:pom:44 is present in the local repository, but cached from a remote repository ID that is unavailable in current build context, verifying that is downloadable from [central (https://repo.maven.apache.org/maven2, default, releases)]
Base IT (4)	UNKNOWN STEP	2025-10-06T17:55:49.7161838Z -- [INFO] Artifact org.jboss:jboss-parent:pom:44 is present in the local repository, but cached from a remote repository ID that is unavailable in current build context, verifying that is downloadable from [central (https://repo.maven.apache.org/maven2, default, releases)]
Base IT (4)	UNKNOWN STEP	2025-10-06T17:55:51.5694842Z -- [INFO] Downloading from central: https://repo.maven.apache.org/maven2/org/jboss/jboss-parent/44/jboss-parent-44.pom
Base IT (4)	UNKNOWN STEP	2025-10-06T17:55:52.8933065Z -- [INFO] Downloaded from central: https://repo.maven.apache.org/maven2/org/jboss/jboss-parent/44/jboss-parent-44.pom (0 B at 0 B/s)
Base IT (4)	UNKNOWN STEP	2025-10-06T17:55:53.5559676Z -- [INFO] 
Base IT (4)	UNKNOWN STEP	2025-10-06T17:55:53.5562429Z -- [INFO] --- enforcer:3.0.0-M3:enforce (enforce-java-version) @ integration-arquillian-tests-base ---
Base IT (4)	UNKNOWN STEP	2025-10-06T17:55:53.7289317Z -- [INFO] 
Base IT (4)	UNKNOWN STEP	2025-10-06T17:55:53.7290458Z -- [INFO] --- enforcer:3.0.0-M3:enforce (enforce-maven-version) @ integration-arquillian-tests-base ---
Base IT (4)	UNKNOWN STEP	2025-10-06T17:55:53.7291566Z -- [INFO] 
Base IT (4)	UNKNOWN STEP	2025-10-06T17:55:53.7292407Z -- [INFO] --- enforcer:3.0.0-M3:enforce (enforce-maven) @ integration-arquillian-tests-base ---
Base IT (4)	UNKNOWN STEP	2025-10-06T17:55:53.7294134Z -- [INFO] 
Base IT (4)	UNKNOWN STEP	2025-10-06T17:55:53.7295716Z -- [INFO] --- buildnumber:1.4:create (get-scm-revision) @ integration-arquillian-tests-base ---
Base IT (4)	UNKNOWN STEP	2025-10-06T17:55:53.9009194Z -- [INFO] Executing: /bin/sh -c cd '/home/runner/work/keycloak/keycloak/testsuite/integration-arquillian/tests/base' && 'git' 'rev-parse' '--verify' 'HEAD'
Base IT (4)	UNKNOWN STEP	2025-10-06T17:55:53.9020160Z -- [INFO] Working directory: /home/runner/work/keycloak/keycloak/testsuite/integration-arquillian/tests/base
Base IT (4)	UNKNOWN STEP	2025-10-06T17:55:54.0179564Z -- [INFO] Storing buildNumber: d7f5f64428f3f013f5b12b38e8be8267656df49d at timestamp: 1759773353884
Base IT (4)	UNKNOWN STEP	2025-10-06T17:55:54.0232110Z -- [WARNING] Cannot get the branch information from the git repository: 
Base IT (4)	UNKNOWN STEP	2025-10-06T17:55:54.0234363Z -- Detecting the current branch failed: fatal: ref HEAD is not a symbolic ref
Base IT (4)	UNKNOWN STEP	2025-10-06T17:55:54.0235013Z -- 
Base IT (4)	UNKNOWN STEP	2025-10-06T17:55:54.0236078Z -- [INFO] Executing: /bin/sh -c cd '/home/runner/work/keycloak/keycloak/testsuite/integration-arquillian/tests/base' && 'git' 'rev-parse' '--verify' 'HEAD'
Base IT (4)	UNKNOWN STEP	2025-10-06T17:55:54.0237639Z -- [INFO] Working directory: /home/runner/work/keycloak/keycloak/testsuite/integration-arquillian/tests/base
Base IT (4)	UNKNOWN STEP	2025-10-06T17:55:54.0270979Z -- [INFO] Storing buildScmBranch: UNKNOWN
Base IT (4)	UNKNOWN STEP	2025-10-06T17:55:54.0275342Z -- [INFO] 
Base IT (4)	UNKNOWN STEP	2025-10-06T17:55:54.0279423Z -- [INFO] --- resources:3.0.1:copy-resources (copy-truststore) @ integration-arquillian-tests-base ---
Base IT (4)	UNKNOWN STEP	2025-10-06T17:55:54.0865375Z -- [INFO] Using 'UTF-8' encoding to copy filtered resources.
Base IT (4)	UNKNOWN STEP	2025-10-06T17:55:54.0965585Z -- [INFO] Copying 3 resources
Base IT (4)	UNKNOWN STEP	2025-10-06T17:55:54.1084878Z -- [INFO] 
Base IT (4)	UNKNOWN STEP	2025-10-06T17:55:54.1090666Z -- [INFO] --- resources:3.0.1:copy-resources (copy-common-dependencies) @ integration-arquillian-tests-base ---
Base IT (4)	UNKNOWN STEP	2025-10-06T17:55:54.1126803Z -- [INFO] Using 'UTF-8' encoding to copy filtered resources.
Base IT (4)	UNKNOWN STEP	2025-10-06T17:55:54.1174163Z -- [INFO] Copying 13 resources
Base IT (4)	UNKNOWN STEP	2025-10-06T17:55:54.1205066Z -- [INFO] 
Base IT (4)	UNKNOWN STEP	2025-10-06T17:55:54.1211267Z -- [INFO] --- resources:3.0.1:resources (default-resources) @ integration-arquillian-tests-base ---
Base IT (4)	UNKNOWN STEP	2025-10-06T17:55:54.1254022Z -- [INFO] Using 'UTF-8' encoding to copy filtered resources.
Base IT (4)	UNKNOWN STEP	2025-10-06T17:55:54.1258519Z -- [INFO] Copying 2 resources
Base IT (4)	UNKNOWN STEP	2025-10-06T17:55:54.1259335Z -- [INFO] 
Base IT (4)	UNKNOWN STEP	2025-10-06T17:55:54.1260326Z -- [INFO] --- xml:1.0.1:transform (arquillian-default-protocol) @ integration-arquillian-tests-base ---
Base IT (4)	UNKNOWN STEP	2025-10-06T17:55:55.8526240Z -- [INFO] Transforming file: /home/runner/work/keycloak/keycloak/testsuite/integration-arquillian/tests/base/src/test/resources/arquillian.xml
Base IT (4)	UNKNOWN STEP	2025-10-06T17:55:56.0868045Z -- [INFO] Transformed 1 file(s).
Base IT (4)	UNKNOWN STEP	2025-10-06T17:55:56.0869301Z -- [INFO] 
Base IT (4)	UNKNOWN STEP	2025-10-06T17:55:56.0881286Z -- [INFO] --- compiler:3.8.1:compile (default-compile) @ integration-arquillian-tests-base ---
Base IT (4)	UNKNOWN STEP	2025-10-06T17:55:56.2246596Z -- [INFO] Changes detected - recompiling the module!
Base IT (4)	UNKNOWN STEP	2025-10-06T17:55:56.2274979Z -- [INFO] Compiling 333 source files to /home/runner/work/keycloak/keycloak/testsuite/integration-arquillian/tests/base/target/classes
Base IT (4)	UNKNOWN STEP	2025-10-06T17:56:01.8993112Z -- [INFO] Annotation processing is enabled because one or more processors were found
Base IT (4)	UNKNOWN STEP	2025-10-06T17:56:01.8994513Z --   on the class path. A future release of javac may disable annotation processing
Base IT (4)	UNKNOWN STEP	2025-10-06T17:56:01.8995619Z --   unless at least one processor is specified by name (-processor), or a search
Base IT (4)	UNKNOWN STEP	2025-10-06T17:56:01.8996646Z --   path is specified (--processor-path, --processor-module-path), or annotation
Base IT (4)	UNKNOWN STEP	2025-10-06T17:56:01.9024349Z --   processing is enabled explicitly (-proc:only, -proc:full).
Base IT (4)	UNKNOWN STEP	2025-10-06T17:56:01.9025148Z --   Use -Xlint:-options to suppress this message.
Base IT (4)	UNKNOWN STEP	2025-10-06T17:56:01.9025790Z --   Use -proc:none to disable annotation processing.
Base IT (4)	UNKNOWN STEP	2025-10-06T17:56:01.9028013Z -- [WARNING] /home/runner/work/keycloak/keycloak/testsuite/integration-arquillian/tests/base/src/main/java/org/keycloak/testsuite/adapter/page/SAMLServlet.java:[38,43] org.keycloak.testsuite.page.AbstractPageWithInjectedUrl in org.keycloak.testsuite.page has been deprecated
Base IT (4)	UNKNOWN STEP	2025-10-06T17:56:01.9032147Z -- [WARNING] /home/runner/work/keycloak/keycloak/testsuite/integration-arquillian/tests/base/src/main/java/org/keycloak/testsuite/adapter/page/SAMLServlet.java:[38,43] org.keycloak.testsuite.page.AbstractPageWithInjectedUrl in org.keycloak.testsuite.page has been deprecated
Base IT (4)	UNKNOWN STEP	2025-10-06T17:56:01.9036169Z -- [WARNING] /home/runner/work/keycloak/keycloak/testsuite/integration-arquillian/tests/base/src/main/java/org/keycloak/testsuite/adapter/page/SAMLServlet.java:[38,43] org.keycloak.testsuite.page.AbstractPageWithInjectedUrl in org.keycloak.testsuite.page has been deprecated
Base IT (4)	UNKNOWN STEP	2025-10-06T17:56:01.9039742Z -- [WARNING] /home/runner/work/keycloak/keycloak/testsuite/integration-arquillian/tests/base/src/main/java/org/keycloak/testsuite/util/DroneUtils.java:[80,24] org.keycloak.testsuite.page.AbstractPage in org.keycloak.testsuite.page has been deprecated
Base IT (4)	UNKNOWN STEP	2025-10-06T17:56:01.9043069Z -- [WARNING] /home/runner/work/keycloak/keycloak/testsuite/integration-arquillian/tests/base/src/main/java/org/keycloak/testsuite/util/DroneUtils.java:[85,21] org.keycloak.testsuite.page.AbstractPage in org.keycloak.testsuite.page has been deprecated
Base IT (4)	UNKNOWN STEP	2025-10-06T17:56:01.9046619Z -- [WARNING] /home/runner/work/keycloak/keycloak/testsuite/integration-arquillian/tests/base/src/main/java/org/keycloak/testsuite/util/DroneUtils.java:[85,42] org.keycloak.testsuite.page.AbstractPage in org.keycloak.testsuite.page has been deprecated
Base IT (4)	UNKNOWN STEP	2025-10-06T17:56:01.9050052Z -- [WARNING] /home/runner/work/keycloak/keycloak/testsuite/integration-arquillian/tests/base/src/main/java/org/keycloak/testsuite/util/SamlClientBuilder.java:[253,41] org.keycloak.testsuite.page.AbstractPage in org.keycloak.testsuite.page has been deprecated
Base IT (4)	UNKNOWN STEP	2025-10-06T17:56:01.9097097Z -- [WARNING] /home/runner/work/keycloak/keycloak/testsuite/integration-arquillian/tests/base/src/main/java/org/keycloak/testsuite/util/SamlClientBuilder.java:[253,41] org.keycloak.testsuite.page.AbstractPage in org.keycloak.testsuite.page has been deprecated
Base IT (4)	UNKNOWN STEP	2025-10-06T17:56:01.9100786Z -- [WARNING] /home/runner/work/keycloak/keycloak/testsuite/integration-arquillian/tests/base/src/main/java/org/keycloak/testsuite/util/SamlClientBuilder.java:[253,41] org.keycloak.testsuite.page.AbstractPage in org.keycloak.testsuite.page has been deprecated
Base IT (4)	UNKNOWN STEP	2025-10-06T17:56:01.9104627Z -- [WARNING] /home/runner/work/keycloak/keycloak/testsuite/integration-arquillian/tests/base/src/main/java/org/keycloak/testsuite/pages/LanguageComboboxAwarePage.java:[75,34] getAttribute(java.lang.String) in org.openqa.selenium.WebElement has been deprecated
Base IT (4)	UNKNOWN STEP	2025-10-06T17:56:01.9108171Z -- [WARNING] /home/runner/work/keycloak/keycloak/testsuite/integration-arquillian/tests/base/src/main/java/org/keycloak/testsuite/pages/LanguageComboboxAwarePage.java:[79,34] getAttribute(java.lang.String) in org.openqa.selenium.WebElement has been deprecated
Base IT (4)	UNKNOWN STEP	2025-10-06T17:56:01.9111788Z -- [WARNING] /home/runner/work/keycloak/keycloak/testsuite/integration-arquillian/tests/base/src/main/java/org/keycloak/testsuite/pages/LanguageComboboxAwarePage.java:[129,45] getAttribute(java.lang.String) in org.openqa.selenium.WebElement has been deprecated
Base IT (4)	UNKNOWN STEP	2025-10-06T17:56:01.9115780Z -- [WARNING] /home/runner/work/keycloak/keycloak/testsuite/integration-arquillian/tests/base/src/main/java/org/keycloak/testsuite/auth/page/AuthServerContextRoot.java:[33,44] org.keycloak.testsuite.page.AbstractPageWithInjectedUrl in org.keycloak.testsuite.page has been deprecated
Base IT (4)	UNKNOWN STEP	2025-10-06T17:56:01.9119769Z -- [WARNING] /home/runner/work/keycloak/keycloak/testsuite/integration-arquillian/tests/base/src/main/java/org/keycloak/testsuite/auth/page/AuthServerContextRoot.java:[33,44] org.keycloak.testsuite.page.AbstractPageWithInjectedUrl in org.keycloak.testsuite.page has been deprecated
Base IT (4)	UNKNOWN STEP	2025-10-06T17:56:01.9167841Z -- [WARNING] /home/runner/work/keycloak/keycloak/testsuite/integration-arquillian/tests/base/src/main/java/org/keycloak/testsuite/auth/page/AuthServerContextRoot.java:[33,44] org.keycloak.testsuite.page.AbstractPageWithInjectedUrl in org.keycloak.testsuite.page has been deprecated
Base IT (4)	UNKNOWN STEP	2025-10-06T17:56:01.9172079Z -- [WARNING] /home/runner/work/keycloak/keycloak/testsuite/integration-arquillian/tests/base/src/main/java/org/keycloak/testsuite/auth/page/login/Login.java:[50,13] org.keycloak.testsuite.auth.page.login.LoginForm in org.keycloak.testsuite.auth.page.login has been deprecated
Base IT (4)	UNKNOWN STEP	2025-10-06T17:56:01.9176077Z -- [WARNING] /home/runner/work/keycloak/keycloak/testsuite/integration-arquillian/tests/base/src/main/java/org/keycloak/testsuite/auth/page/login/Login.java:[50,13] org.keycloak.testsuite.auth.page.login.LoginForm in org.keycloak.testsuite.auth.page.login has been deprecated
Base IT (4)	UNKNOWN STEP	2025-10-06T17:56:01.9179920Z -- [WARNING] /home/runner/work/keycloak/keycloak/testsuite/integration-arquillian/tests/base/src/main/java/org/keycloak/testsuite/auth/page/login/Login.java:[50,13] org.keycloak.testsuite.auth.page.login.LoginForm in org.keycloak.testsuite.auth.page.login has been deprecated
Base IT (4)	UNKNOWN STEP	2025-10-06T17:56:01.9183944Z -- [WARNING] /home/runner/work/keycloak/keycloak/testsuite/integration-arquillian/tests/base/src/main/java/org/keycloak/testsuite/auth/page/login/Login.java:[52,12] org.keycloak.testsuite.auth.page.login.LoginForm in org.keycloak.testsuite.auth.page.login has been deprecated
Base IT (4)	UNKNOWN STEP	2025-10-06T17:56:01.9187742Z -- [WARNING] /home/runner/work/keycloak/keycloak/testsuite/integration-arquillian/tests/base/src/main/java/org/keycloak/testsuite/auth/page/login/Login.java:[52,12] org.keycloak.testsuite.auth.page.login.LoginForm in org.keycloak.testsuite.auth.page.login has been deprecated
Base IT (4)	UNKNOWN STEP	2025-10-06T17:56:01.9191484Z -- [WARNING] /home/runner/work/keycloak/keycloak/testsuite/integration-arquillian/tests/base/src/main/java/org/keycloak/testsuite/auth/page/login/Login.java:[52,12] org.keycloak.testsuite.auth.page.login.LoginForm in org.keycloak.testsuite.auth.page.login has been deprecated
Base IT (4)	UNKNOWN STEP	2025-10-06T17:56:01.9226514Z -- [WARNING] /home/runner/work/keycloak/keycloak/testsuite/integration-arquillian/tests/base/src/main/java/org/keycloak/testsuite/util/UIUtils.java:[158,9] org.keycloak.testsuite.page.AbstractPatternFlyAlert in org.keycloak.testsuite.page has been deprecated
Base IT (4)	UNKNOWN STEP	2025-10-06T17:56:01.9229981Z -- [WARNING] /home/runner/work/keycloak/keycloak/testsuite/integration-arquillian/tests/base/src/main/java/org/keycloak/testsuite/util/UIUtils.java:[169,39] getAttribute(java.lang.String) in org.openqa.selenium.WebElement has been deprecated
Base IT (4)	UNKNOWN STEP	2025-10-06T17:56:01.9233190Z -- [WARNING] /home/runner/work/keycloak/keycloak/testsuite/integration-arquillian/tests/base/src/main/java/org/keycloak/testsuite/util/UIUtils.java:[185,35] getAttribute(java.lang.String) in org.openqa.selenium.WebElement has been deprecated
Base IT (4)	UNKNOWN STEP	2025-10-06T17:56:01.9266511Z -- [WARNING] /home/runner/work/keycloak/keycloak/testsuite/integration-arquillian/tests/base/src/main/java/org/keycloak/testsuite/util/UIUtils.java:[194,21] getAttribute(java.lang.String) in org.openqa.selenium.WebElement has been deprecated
Base IT (4)	UNKNOWN STEP	2025-10-06T17:56:01.9269640Z -- [WARNING] /home/runner/work/keycloak/keycloak/testsuite/integration-arquillian/tests/base/src/main/java/org/keycloak/testsuite/util/UIUtils.java:[287,23] getAttribute(java.lang.String) in org.openqa.selenium.WebElement has been deprecated
Base IT (4)	UNKNOWN STEP	2025-10-06T17:56:01.9272754Z -- [WARNING] /home/runner/work/keycloak/keycloak/testsuite/integration-arquillian/tests/base/src/main/java/org/keycloak/testsuite/util/UIUtils.java:[298,37] getAttribute(java.lang.String) in org.openqa.selenium.WebElement has been deprecated
Base IT (4)	UNKNOWN STEP	2025-10-06T17:56:01.9276066Z -- [WARNING] /home/runner/work/keycloak/keycloak/testsuite/integration-arquillian/tests/base/src/main/java/org/keycloak/testsuite/auth/page/FieldsBase.java:[27,33] org.keycloak.testsuite.page.Form in org.keycloak.testsuite.page has been deprecated
Base IT (4)	UNKNOWN STEP	2025-10-06T17:56:01.9279282Z -- [WARNING] /home/runner/work/keycloak/keycloak/testsuite/integration-arquillian/tests/base/src/main/java/org/keycloak/testsuite/auth/page/FieldsBase.java:[27,33] org.keycloak.testsuite.page.Form in org.keycloak.testsuite.page has been deprecated
Base IT (4)	UNKNOWN STEP	2025-10-06T17:56:01.9282716Z -- [WARNING] /home/runner/work/keycloak/keycloak/testsuite/integration-arquillian/tests/base/src/main/java/org/keycloak/testsuite/auth/page/FieldsBase.java:[27,33] org.keycloak.testsuite.page.Form in org.keycloak.testsuite.page has been deprecated
Base IT (4)	UNKNOWN STEP	2025-10-06T17:56:01.9296498Z -- [WARNING] /home/runner/work/keycloak/keycloak/testsuite/integration-arquillian/tests/base/src/main/java/org/keycloak/testsuite/auth/page/FieldsBase.java:[29,52] getAttribute(java.lang.String) in org.openqa.selenium.WebElement has been deprecated
Base IT (4)	UNKNOWN STEP	2025-10-06T17:56:01.9299898Z -- [WARNING] /home/runner/work/keycloak/keycloak/testsuite/integration-arquillian/tests/base/src/main/java/org/keycloak/testsuite/auth/page/login/FeedbackMessage.java:[80,40] getAttribute(java.lang.String) in org.openqa.selenium.WebElement has been deprecated
Base IT (4)	UNKNOWN STEP	2025-10-06T17:56:01.9303510Z -- [WARNING] /home/runner/work/keycloak/keycloak/testsuite/integration-arquillian/tests/base/src/main/java/org/keycloak/testsuite/pages/RegisterPage.java:[219,30] getAttribute(java.lang.String) in org.openqa.selenium.WebElement has been deprecated
Base IT (4)	UNKNOWN STEP	2025-10-06T17:56:01.9306883Z -- [WARNING] /home/runner/work/keycloak/keycloak/testsuite/integration-arquillian/tests/base/src/main/java/org/keycloak/testsuite/pages/RegisterPage.java:[223,29] getAttribute(java.lang.String) in org.openqa.selenium.WebElement has been deprecated
Base IT (4)	UNKNOWN STEP	2025-10-06T17:56:01.9310053Z -- [WARNING] /home/runner/work/keycloak/keycloak/testsuite/integration-arquillian/tests/base/src/main/java/org/keycloak/testsuite/pages/RegisterPage.java:[227,26] getAttribute(java.lang.String) in org.openqa.selenium.WebElement has been deprecated
Base IT (4)	UNKNOWN STEP	2025-10-06T17:56:01.9312869Z -- [WARNING] /home/runner/work/keycloak/keycloak/testsuite/integration-arquillian/tests/base/src/main/java/org/keycloak/testsuite/pages/RegisterPage.java:[231,29] getAttribute(java.lang.String) in org.openqa.selenium.WebElement has been deprecated
Base IT (4)	UNKNOWN STEP	2025-10-06T17:56:01.9316147Z -- [WARNING] /home/runner/work/keycloak/keycloak/testsuite/integration-arquillian/tests/base/src/main/java/org/keycloak/testsuite/pages/RegisterPage.java:[235,29] getAttribute(java.lang.String) in org.openqa.selenium.WebElement has been deprecated
Base IT (4)	UNKNOWN STEP	2025-10-06T17:56:01.9319473Z -- [WARNING] /home/runner/work/keycloak/keycloak/testsuite/integration-arquillian/tests/base/src/main/java/org/keycloak/testsuite/pages/RegisterPage.java:[239,36] getAttribute(java.lang.String) in org.openqa.selenium.WebElement has been deprecated
Base IT (4)	UNKNOWN STEP	2025-10-06T17:56:01.9322881Z -- [WARNING] /home/runner/work/keycloak/keycloak/testsuite/integration-arquillian/tests/base/src/main/java/org/keycloak/testsuite/pages/RegisterPage.java:[243,31] getAttribute(java.lang.String) in org.openqa.selenium.WebElement has been deprecated
Base IT (4)	UNKNOWN STEP	2025-10-06T17:56:01.9357139Z -- [WARNING] /home/runner/work/keycloak/keycloak/testsuite/integration-arquillian/tests/base/src/main/java/org/keycloak/testsuite/adapter/page/AppServerContextRoot.java:[30,43] org.keycloak.testsuite.page.AbstractPageWithInjectedUrl in org.keycloak.testsuite.page has been deprecated
Base IT (4)	UNKNOWN STEP	2025-10-06T17:56:01.9361262Z -- [WARNING] /home/runner/work/keycloak/keycloak/testsuite/integration-arquillian/tests/base/src/main/java/org/keycloak/testsuite/adapter/page/AppServerContextRoot.java:[30,43] org.keycloak.testsuite.page.AbstractPageWithInjectedUrl in org.keycloak.testsuite.page has been deprecated
Base IT (4)	UNKNOWN STEP	2025-10-06T17:56:01.9365517Z -- [WARNING] /home/runner/work/keycloak/keycloak/testsuite/integration-arquillian/tests/base/src/main/java/org/keycloak/testsuite/adapter/page/AppServerContextRoot.java:[30,43] org.keycloak.testsuite.page.AbstractPageWithInjectedUrl in org.keycloak.testsuite.page has been deprecated
Base IT (4)	UNKNOWN STEP	2025-10-06T17:56:01.9369333Z -- [WARNING] /home/runner/work/keycloak/keycloak/testsuite/integration-arquillian/tests/base/src/main/java/org/keycloak/testsuite/webauthn/pages/fragments/Sidebar.java:[55,27] getAttribute(java.lang.String) in org.openqa.selenium.WebElement has been deprecated
Base IT (4)	UNKNOWN STEP	2025-10-06T17:56:01.9373124Z -- [WARNING] /home/runner/work/keycloak/keycloak/testsuite/integration-arquillian/tests/base/src/main/java/org/keycloak/testsuite/webauthn/pages/fragments/Sidebar.java:[97,84] getAttribute(java.lang.String) in org.openqa.selenium.WebElement has been deprecated
Base IT (4)	UNKNOWN STEP	2025-10-06T17:56:01.9376967Z -- [WARNING] /home/runner/work/keycloak/keycloak/testsuite/integration-arquillian/tests/base/src/main/java/org/keycloak/testsuite/webauthn/pages/fragments/Sidebar.java:[120,40] getAttribute(java.lang.String) in org.openqa.selenium.WebElement has been deprecated
Base IT (4)	UNKNOWN STEP	2025-10-06T17:56:01.9380554Z -- [WARNING] /home/runner/work/keycloak/keycloak/testsuite/integration-arquillian/tests/base/src/main/java/org/keycloak/testsuite/webauthn/pages/fragments/Sidebar.java:[130,40] getAttribute(java.lang.String) in org.openqa.selenium.WebElement has been deprecated
Base IT (4)	UNKNOWN STEP	2025-10-06T17:56:01.9434304Z -- [WARNING] /home/runner/work/keycloak/keycloak/testsuite/integration-arquillian/tests/base/src/main/java/org/keycloak/testsuite/pages/VerifyEmailPage.java:[51,31] getAttribute(java.lang.String) in org.openqa.selenium.WebElement has been deprecated
Base IT (4)	UNKNOWN STEP	2025-10-06T17:56:01.9437935Z -- [WARNING] /home/runner/work/keycloak/keycloak/testsuite/integration-arquillian/tests/base/src/main/java/org/keycloak/testsuite/auth/page/login/UpdateEmailPage.java:[59,26] getAttribute(java.lang.String) in org.openqa.selenium.WebElement has been deprecated
Base IT (4)	UNKNOWN STEP	2025-10-06T17:56:01.9442024Z -- [WARNING] /home/runner/work/keycloak/keycloak/testsuite/integration-arquillian/tests/base/src/main/java/org/keycloak/testsuite/arquillian/ServerTestEnricherUtil.java:[72,21] securityRealm(java.lang.String) in org.wildfly.extras.creaper.commands.undertow.AddUndertowListener.HttpsBuilder has been deprecated
Base IT (4)	UNKNOWN STEP	2025-10-06T17:56:01.9446473Z -- [WARNING] /home/runner/work/keycloak/keycloak/testsuite/integration-arquillian/tests/base/src/main/java/org/keycloak/testsuite/arquillian/AppServerTestEnricher.java:[182,49] HTTP_REMOTING in org.wildfly.extras.creaper.core.online.ManagementProtocol has been deprecated
Base IT (4)	UNKNOWN STEP	2025-10-06T17:56:01.9449623Z -- [WARNING] /home/runner/work/keycloak/keycloak/testsuite/integration-arquillian/tests/base/src/main/java/org/keycloak/testsuite/updaters/ServerResourceUpdater.java:[89,20] unchecked cast
Base IT (4)	UNKNOWN STEP	2025-10-06T17:56:01.9451112Z --   required: T
Base IT (4)	UNKNOWN STEP	2025-10-06T17:56:01.9451704Z --   found:    org.keycloak.testsuite.updaters.ServerResourceUpdater<T,Res,Rep>
Base IT (4)	UNKNOWN STEP	2025-10-06T17:56:01.9453667Z -- [WARNING] /home/runner/work/keycloak/keycloak/testsuite/integration-arquillian/tests/base/src/main/java/org/keycloak/testsuite/updaters/ServerResourceUpdater.java:[103,20] unchecked cast
Base IT (4)	UNKNOWN STEP	2025-10-06T17:56:01.9455196Z --   required: T
Base IT (4)	UNKNOWN STEP	2025-10-06T17:56:01.9455822Z --   found:    org.keycloak.testsuite.updaters.ServerResourceUpdater<T,Res,Rep>
Base IT (4)	UNKNOWN STEP	2025-10-06T17:56:01.9457737Z -- [WARNING] /home/runner/work/keycloak/keycloak/testsuite/integration-arquillian/tests/base/src/main/java/org/keycloak/testsuite/updaters/ServerResourceUpdater.java:[140,52] unchecked conversion
Base IT (4)	UNKNOWN STEP	2025-10-06T17:56:01.9459293Z --   required: java.util.Set<V>
Base IT (4)	UNKNOWN STEP	2025-10-06T17:56:01.9459748Z --   found:    java.util.Set
Base IT (4)	UNKNOWN STEP	2025-10-06T17:56:01.9461372Z -- [WARNING] /home/runner/work/keycloak/keycloak/testsuite/integration-arquillian/tests/base/src/main/java/org/keycloak/testsuite/updaters/ServerResourceUpdater.java:[141,51] unchecked conversion
Base IT (4)	UNKNOWN STEP	2025-10-06T17:56:01.9463031Z --   required: java.util.Set<V>
Base IT (4)	UNKNOWN STEP	2025-10-06T17:56:01.9493809Z --   found:    java.util.Set
Base IT (4)	UNKNOWN STEP	2025-10-06T17:56:01.9496036Z -- [WARNING] /home/runner/work/keycloak/keycloak/testsuite/integration-arquillian/tests/base/src/main/java/org/keycloak/testsuite/page/AbstractPatternFlyAlert.java:[72,96] unchecked method invocation: method until in class org.openqa.selenium.support.ui.FluentWait is applied to given types
Base IT (4)	UNKNOWN STEP	2025-10-06T17:56:01.9498364Z --   required: java.util.function.Function<? super T,V>
Base IT (4)	UNKNOWN STEP	2025-10-06T17:56:01.9499074Z --   found:    org.openqa.selenium.support.ui.ExpectedCondition
Base IT (4)	UNKNOWN STEP	2025-10-06T17:56:01.9500843Z -- [WARNING] /home/runner/work/keycloak/keycloak/testsuite/integration-arquillian/tests/base/src/main/java/org/keycloak/testsuite/page/AbstractPatternFlyAlert.java:[72,97] unchecked conversion
Base IT (4)	UNKNOWN STEP	2025-10-06T17:56:01.9502787Z --   required: java.util.function.Function<? super T,V>
Base IT (4)	UNKNOWN STEP	2025-10-06T17:56:01.9503715Z --   found:    org.openqa.selenium.support.ui.ExpectedCondition
Base IT (4)	UNKNOWN STEP	2025-10-06T17:56:01.9505766Z -- [WARNING] /home/runner/work/keycloak/keycloak/testsuite/integration-arquillian/tests/base/src/main/java/org/keycloak/testsuite/pages/LoginPage.java:[138,24] getAttribute(java.lang.String) in org.openqa.selenium.WebElement has been deprecated
Base IT (4)	UNKNOWN STEP	2025-10-06T17:56:01.9509093Z -- [WARNING] /home/runner/work/keycloak/keycloak/testsuite/integration-arquillian/tests/base/src/main/java/org/keycloak/testsuite/pages/LoginPage.java:[142,29] getAttribute(java.lang.String) in org.openqa.selenium.WebElement has been deprecated
Base IT (4)	UNKNOWN STEP	2025-10-06T17:56:01.9512366Z -- [WARNING] /home/runner/work/keycloak/keycloak/testsuite/integration-arquillian/tests/base/src/main/java/org/keycloak/testsuite/pages/LoginPage.java:[166,29] getAttribute(java.lang.String) in org.openqa.selenium.WebElement has been deprecated
Base IT (4)	UNKNOWN STEP	2025-10-06T17:56:01.9515966Z -- [WARNING] /home/runner/work/keycloak/keycloak/testsuite/integration-arquillian/tests/base/src/main/java/org/keycloak/testsuite/pages/LoginPasswordResetPage.java:[89,29] getAttribute(java.lang.String) in org.openqa.selenium.WebElement has been deprecated
Base IT (4)	UNKNOWN STEP	2025-10-06T17:56:01.9519486Z -- [WARNING] /home/runner/work/keycloak/keycloak/testsuite/integration-arquillian/tests/base/src/main/java/org/keycloak/testsuite/pages/LoginPasswordResetPage.java:[105,37] getAttribute(java.lang.String) in org.openqa.selenium.WebElement has been deprecated
Base IT (4)	UNKNOWN STEP	2025-10-06T17:56:01.9522983Z -- [WARNING] /home/runner/work/keycloak/keycloak/testsuite/integration-arquillian/tests/base/src/main/java/org/keycloak/testsuite/arquillian/ModelTestExecutor.java:[51,33] TestResult() in org.jboss.arquillian.test.spi.TestResult has been deprecated
Base IT (4)	UNKNOWN STEP	2025-10-06T17:56:01.9537977Z -- [WARNING] /home/runner/work/keycloak/keycloak/testsuite/integration-arquillian/tests/base/src/main/java/org/keycloak/testsuite/arquillian/ModelTestExecutor.java:[59,23] setStatus(org.jboss.arquillian.test.spi.TestResult.Status) in org.jboss.arquillian.test.spi.TestResult has been deprecated
Base IT (4)	UNKNOWN STEP	2025-10-06T17:56:01.9542133Z -- [WARNING] /home/runner/work/keycloak/keycloak/testsuite/integration-arquillian/tests/base/src/main/java/org/keycloak/testsuite/arquillian/ModelTestExecutor.java:[61,23] setStatus(org.jboss.arquillian.test.spi.TestResult.Status) in org.jboss.arquillian.test.spi.TestResult has been deprecated
Base IT (4)	UNKNOWN STEP	2025-10-06T17:56:01.9545714Z -- [WARNING] /home/runner/work/keycloak/keycloak/testsuite/integration-arquillian/tests/base/src/main/java/org/keycloak/testsuite/arquillian/ModelTestExecutor.java:[70,109] unchecked cast
Base IT (4)	UNKNOWN STEP	2025-10-06T17:56:01.9547754Z --   required: org.jboss.arquillian.core.api.InstanceProducer<org.jboss.arquillian.test.spi.TestResult>
Base IT (4)	UNKNOWN STEP	2025-10-06T17:56:01.9548689Z --   found:    java.lang.Object
Base IT (4)	UNKNOWN STEP	2025-10-06T17:56:01.9550542Z -- [WARNING] /home/runner/work/keycloak/keycloak/testsuite/integration-arquillian/tests/base/src/main/java/org/keycloak/testsuite/pages/InfoPage.java:[65,40] getAttribute(java.lang.String) in org.openqa.selenium.WebElement has been deprecated
Base IT (4)	UNKNOWN STEP	2025-10-06T17:56:01.9554071Z -- [WARNING] /home/runner/work/keycloak/keycloak/testsuite/integration-arquillian/tests/base/src/main/java/org/keycloak/testsuite/pages/LoginUpdateProfilePage.java:[93,30] getAttribute(java.lang.String) in org.openqa.selenium.WebElement has been deprecated
Base IT (4)	UNKNOWN STEP	2025-10-06T17:56:01.9557722Z -- [WARNING] /home/runner/work/keycloak/keycloak/testsuite/integration-arquillian/tests/base/src/main/java/org/keycloak/testsuite/pages/LoginUpdateProfilePage.java:[97,29] getAttribute(java.lang.String) in org.openqa.selenium.WebElement has been deprecated
Base IT (4)	UNKNOWN STEP	2025-10-06T17:56:01.9561443Z -- [WARNING] /home/runner/work/keycloak/keycloak/testsuite/integration-arquillian/tests/base/src/main/java/org/keycloak/testsuite/pages/LoginUpdateProfilePage.java:[101,26] getAttribute(java.lang.String) in org.openqa.selenium.WebElement has been deprecated
Base IT (4)	UNKNOWN STEP	2025-10-06T17:56:01.9594528Z -- [WARNING] /home/runner/work/keycloak/keycloak/testsuite/integration-arquillian/tests/base/src/main/java/org/keycloak/testsuite/pages/LoginUpdateProfilePage.java:[105,31] getAttribute(java.lang.String) in org.openqa.selenium.WebElement has been deprecated
Base IT (4)	UNKNOWN STEP	2025-10-06T17:56:01.9598197Z -- [WARNING] /home/runner/work/keycloak/keycloak/testsuite/integration-arquillian/tests/base/src/main/java/org/keycloak/testsuite/pages/LoginUpdateProfilePage.java:[189,27] getAttribute(java.lang.String) in org.openqa.selenium.WebElement has been deprecated
Base IT (4)	UNKNOWN STEP	2025-10-06T17:56:01.9601750Z -- [WARNING] /home/runner/work/keycloak/keycloak/testsuite/integration-arquillian/tests/base/src/main/java/org/keycloak/testsuite/pages/LoginConfigTotpPage.java:[80,26] getAttribute(java.lang.String) in org.openqa.selenium.WebElement has been deprecated
Base IT (4)	UNKNOWN STEP	2025-10-06T17:56:01.9605647Z -- [WARNING] /home/runner/work/keycloak/keycloak/testsuite/integration-arquillian/tests/base/src/main/java/org/keycloak/testsuite/updaters/Creator.java:[63,16] unchecked call to Creator(java.lang.String,T,java.lang.Runnable) as a member of the raw type org.keycloak.testsuite.updaters.Creator
Base IT (4)	UNKNOWN STEP	2025-10-06T17:56:01.9608888Z -- [WARNING] /home/runner/work/keycloak/keycloak/testsuite/integration-arquillian/tests/base/src/main/java/org/keycloak/testsuite/updaters/Creator.java:[63,16] unchecked conversion
Base IT (4)	UNKNOWN STEP	2025-10-06T17:56:01.9610969Z --   required: org.keycloak.testsuite.updaters.Creator<org.keycloak.admin.client.resource.RealmResource>
Base IT (4)	UNKNOWN STEP	2025-10-06T17:56:01.9612025Z --   found:    org.keycloak.testsuite.updaters.Creator
Base IT (4)	UNKNOWN STEP	2025-10-06T17:56:01.9614439Z -- [WARNING] /home/runner/work/keycloak/keycloak/testsuite/integration-arquillian/tests/base/src/main/java/org/keycloak/testsuite/updaters/Creator.java:[72,20] unchecked call to Creator(java.lang.String,T,java.lang.Runnable) as a member of the raw type org.keycloak.testsuite.updaters.Creator
Base IT (4)	UNKNOWN STEP	2025-10-06T17:56:01.9617823Z -- [WARNING] /home/runner/work/keycloak/keycloak/testsuite/integration-arquillian/tests/base/src/main/java/org/keycloak/testsuite/updaters/Creator.java:[72,20] unchecked conversion
Base IT (4)	UNKNOWN STEP	2025-10-06T17:56:01.9619761Z --   required: org.keycloak.testsuite.updaters.Creator<org.keycloak.admin.client.resource.GroupResource>
Base IT (4)	UNKNOWN STEP	2025-10-06T17:56:01.9620787Z --   found:    org.keycloak.testsuite.updaters.Creator
Base IT (4)	UNKNOWN STEP	2025-10-06T17:56:01.9623016Z -- [WARNING] /home/runner/work/keycloak/keycloak/testsuite/integration-arquillian/tests/base/src/main/java/org/keycloak/testsuite/updaters/Creator.java:[82,20] unchecked call to Creator(java.lang.String,T,java.lang.Runnable) as a member of the raw type org.keycloak.testsuite.updaters.Creator
Base IT (4)	UNKNOWN STEP	2025-10-06T17:56:01.9656548Z -- [WARNING] /home/runner/work/keycloak/keycloak/testsuite/integration-arquillian/tests/base/src/main/java/org/keycloak/testsuite/updaters/Creator.java:[82,20] unchecked conversion
Base IT (4)	UNKNOWN STEP	2025-10-06T17:56:01.9658528Z --   required: org.keycloak.testsuite.updaters.Creator<org.keycloak.admin.client.resource.ClientResource>
Base IT (4)	UNKNOWN STEP	2025-10-06T17:56:01.9659553Z --   found:    org.keycloak.testsuite.updaters.Creator
Base IT (4)	UNKNOWN STEP	2025-10-06T17:56:01.9661811Z -- [WARNING] /home/runner/work/keycloak/keycloak/testsuite/integration-arquillian/tests/base/src/main/java/org/keycloak/testsuite/updaters/Creator.java:[92,20] unchecked call to Creator(java.lang.String,T,java.lang.Runnable) as a member of the raw type org.keycloak.testsuite.updaters.Creator
Base IT (4)	UNKNOWN STEP	2025-10-06T17:56:01.9665180Z -- [WARNING] /home/runner/work/keycloak/keycloak/testsuite/integration-arquillian/tests/base/src/main/java/org/keycloak/testsuite/updaters/Creator.java:[92,20] unchecked conversion
Base IT (4)	UNKNOWN STEP	2025-10-06T17:56:01.9667111Z --   required: org.keycloak.testsuite.updaters.Creator<org.keycloak.admin.client.resource.UserResource>
Base IT (4)	UNKNOWN STEP	2025-10-06T17:56:01.9668139Z --   found:    org.keycloak.testsuite.updaters.Creator
Base IT (4)	UNKNOWN STEP	2025-10-06T17:56:01.9670379Z -- [WARNING] /home/runner/work/keycloak/keycloak/testsuite/integration-arquillian/tests/base/src/main/java/org/keycloak/testsuite/updaters/Creator.java:[102,20] unchecked call to Creator(java.lang.String,T,java.lang.Runnable) as a member of the raw type org.keycloak.testsuite.updaters.Creator
Base IT (4)	UNKNOWN STEP	2025-10-06T17:56:01.9673983Z -- [WARNING] /home/runner/work/keycloak/keycloak/testsuite/integration-arquillian/tests/base/src/main/java/org/keycloak/testsuite/updaters/Creator.java:[102,20] unchecked conversion
Base IT (4)	UNKNOWN STEP	2025-10-06T17:56:01.9675957Z --   required: org.keycloak.testsuite.updaters.Creator<org.keycloak.admin.client.resource.ComponentResource>
Base IT (4)	UNKNOWN STEP	2025-10-06T17:56:01.9677008Z --   found:    org.keycloak.testsuite.updaters.Creator
Base IT (4)	UNKNOWN STEP	2025-10-06T17:56:01.9679278Z -- [WARNING] /home/runner/work/keycloak/keycloak/testsuite/integration-arquillian/tests/base/src/main/java/org/keycloak/testsuite/updaters/Creator.java:[122,20] unchecked call to Creator(java.lang.String,T,java.lang.Runnable) as a member of the raw type org.keycloak.testsuite.updaters.Creator
Base IT (4)	UNKNOWN STEP	2025-10-06T17:56:01.9682363Z -- [WARNING] /home/runner/work/keycloak/keycloak/testsuite/integration-arquillian/tests/base/src/main/java/org/keycloak/testsuite/updaters/Creator.java:[122,20] unchecked conversion
Base IT (4)	UNKNOWN STEP	2025-10-06T17:56:01.9714759Z --   required: org.keycloak.testsuite.updaters.Creator<org.keycloak.admin.client.resource.IdentityProviderResource>
Base IT (4)	UNKNOWN STEP	2025-10-06T17:56:01.9715932Z --   found:    org.keycloak.testsuite.updaters.Creator
Base IT (4)	UNKNOWN STEP	2025-10-06T17:56:01.9718224Z -- [WARNING] /home/runner/work/keycloak/keycloak/testsuite/integration-arquillian/tests/base/src/main/java/org/keycloak/testsuite/updaters/Creator.java:[134,20] unchecked call to Creator(java.lang.String,T,java.lang.Runnable) as a member of the raw type org.keycloak.testsuite.updaters.Creator
Base IT (4)	UNKNOWN STEP	2025-10-06T17:56:01.9721429Z -- [WARNING] /home/runner/work/keycloak/keycloak/testsuite/integration-arquillian/tests/base/src/main/java/org/keycloak/testsuite/updaters/Creator.java:[134,20] unchecked conversion
Base IT (4)	UNKNOWN STEP	2025-10-06T17:56:01.9723986Z --   required: org.keycloak.testsuite.updaters.Creator<org.keycloak.admin.client.resource.IdentityProviderResource>
Base IT (4)	UNKNOWN STEP	2025-10-06T17:56:01.9725146Z --   found:    org.keycloak.testsuite.updaters.Creator
Base IT (4)	UNKNOWN STEP	2025-10-06T17:56:01.9727409Z -- [WARNING] /home/runner/work/keycloak/keycloak/testsuite/integration-arquillian/tests/base/src/main/java/org/keycloak/testsuite/pages/SetupRecoveryAuthnCodesPage.java:[37,49] getAttribute(java.lang.String) in org.openqa.selenium.WebElement has been deprecated
Base IT (4)	UNKNOWN STEP	2025-10-06T17:56:01.9731155Z -- [WARNING] /home/runner/work/keycloak/keycloak/testsuite/integration-arquillian/tests/base/src/main/java/org/keycloak/testsuite/pages/SetupRecoveryAuthnCodesPage.java:[46,33] getAttribute(java.lang.String) in org.openqa.selenium.WebElement has been deprecated
Base IT (4)	UNKNOWN STEP	2025-10-06T17:56:01.9735041Z -- [WARNING] /home/runner/work/keycloak/keycloak/testsuite/integration-arquillian/tests/base/src/main/java/org/keycloak/testsuite/arquillian/containers/SecurityActions.java:[54,16] java.security.AccessController in java.security has been deprecated and marked for removal
Base IT (4)	UNKNOWN STEP	2025-10-06T17:56:01.9738853Z -- [WARNING] /home/runner/work/keycloak/keycloak/testsuite/integration-arquillian/tests/base/src/main/java/org/keycloak/testsuite/arquillian/containers/SecurityActions.java:[148,20] java.security.AccessController in java.security has been deprecated and marked for removal
Base IT (4)	UNKNOWN STEP	2025-10-06T17:56:01.9742611Z -- [WARNING] /home/runner/work/keycloak/keycloak/testsuite/integration-arquillian/tests/base/src/main/java/org/keycloak/testsuite/arquillian/containers/SecurityActions.java:[182,13] java.security.AccessController in java.security has been deprecated and marked for removal
Base IT (4)	UNKNOWN STEP	2025-10-06T17:56:01.9776750Z -- [WARNING] /home/runner/work/keycloak/keycloak/testsuite/integration-arquillian/tests/base/src/main/java/org/keycloak/testsuite/arquillian/containers/SecurityActions.java:[221,39] isAccessible() in java.lang.reflect.AccessibleObject has been deprecated
Base IT (4)	UNKNOWN STEP	2025-10-06T17:56:01.9780482Z -- [WARNING] /home/runner/work/keycloak/keycloak/testsuite/integration-arquillian/tests/base/src/main/java/org/keycloak/testsuite/arquillian/containers/SecurityActions.java:[213,48] java.security.AccessController in java.security has been deprecated and marked for removal
Base IT (4)	UNKNOWN STEP	2025-10-06T17:56:01.9784536Z -- [WARNING] /home/runner/work/keycloak/keycloak/testsuite/integration-arquillian/tests/base/src/main/java/org/keycloak/testsuite/arquillian/containers/SecurityActions.java:[245,40] isAccessible() in java.lang.reflect.AccessibleObject has been deprecated
Base IT (4)	UNKNOWN STEP	2025-10-06T17:56:01.9788206Z -- [WARNING] /home/runner/work/keycloak/keycloak/testsuite/integration-arquillian/tests/base/src/main/java/org/keycloak/testsuite/arquillian/containers/SecurityActions.java:[237,50] java.security.AccessController in java.security has been deprecated and marked for removal
Base IT (4)	UNKNOWN STEP	2025-10-06T17:56:01.9791985Z -- [WARNING] /home/runner/work/keycloak/keycloak/testsuite/integration-arquillian/tests/base/src/main/java/org/keycloak/testsuite/arquillian/containers/SecurityActions.java:[261,28] java.security.AccessController in java.security has been deprecated and marked for removal
Base IT (4)	UNKNOWN STEP	2025-10-06T17:56:01.9797164Z -- [WARNING] /home/runner/work/keycloak/keycloak/testsuite/integration-arquillian/tests/base/src/main/java/org/keycloak/testsuite/arquillian/containers/Registry.java:[99,21] unchecked call to ContainerImpl(java.lang.String,org.jboss.arquillian.container.spi.client.container.DeployableContainer<T>,org.jboss.arquillian.config.descriptor.api.ContainerDef) as a member of the raw type org.jboss.arquillian.container.impl.ContainerImpl
Base IT (4)	UNKNOWN STEP	2025-10-06T17:56:01.9833571Z -- [WARNING] /home/runner/work/keycloak/keycloak/testsuite/integration-arquillian/tests/base/src/main/java/org/keycloak/testsuite/arquillian/containers/Registry.java:[114,29] unchecked call to ContainerImpl(java.lang.String,org.jboss.arquillian.container.spi.client.container.DeployableContainer<T>,org.jboss.arquillian.config.descriptor.api.ContainerDef) as a member of the raw type org.jboss.arquillian.container.impl.ContainerImpl
Base IT (4)	UNKNOWN STEP	2025-10-06T17:56:01.9838603Z -- [WARNING] /home/runner/work/keycloak/keycloak/testsuite/integration-arquillian/tests/base/src/main/java/org/keycloak/testsuite/pages/PasswordPage.java:[49,29] getAttribute(java.lang.String) in org.openqa.selenium.WebElement has been deprecated
Base IT (4)	UNKNOWN STEP	2025-10-06T17:56:01.9842289Z -- [WARNING] /home/runner/work/keycloak/keycloak/testsuite/integration-arquillian/tests/base/src/main/java/org/keycloak/testsuite/pages/LoginUpdateProfileEditUsernameAllowedPage.java:[34,29] getAttribute(java.lang.String) in org.openqa.selenium.WebElement has been deprecated
Base IT (4)	UNKNOWN STEP	2025-10-06T17:56:01.9846024Z -- [INFO] /home/runner/work/keycloak/keycloak/testsuite/integration-arquillian/tests/base/src/main/java/org/keycloak/testsuite/drone/KeycloakDronePostSetup.java: Some input files additionally use or override a deprecated API.
Base IT (4)	UNKNOWN STEP	2025-10-06T17:56:01.9850188Z -- [INFO] /home/runner/work/keycloak/keycloak/testsuite/integration-arquillian/tests/base/src/main/java/org/keycloak/testsuite/util/AdminClientUtil.java: /home/runner/work/keycloak/keycloak/testsuite/integration-arquillian/tests/base/src/main/java/org/keycloak/testsuite/util/AdminClientUtil.java uses or overrides a deprecated API that is marked for removal.
Base IT (4)	UNKNOWN STEP	2025-10-06T17:56:01.9855855Z -- [INFO] /home/runner/work/keycloak/keycloak/testsuite/integration-arquillian/tests/base/src/main/java/org/keycloak/testsuite/util/matchers/SamlStatusResponseTypeMatcher.java: /home/runner/work/keycloak/keycloak/testsuite/integration-arquillian/tests/base/src/main/java/org/keycloak/testsuite/util/matchers/SamlStatusResponseTypeMatcher.java uses unchecked or unsafe operations.
Base IT (4)	UNKNOWN STEP	2025-10-06T17:56:01.9858927Z -- [INFO] 
Base IT (4)	UNKNOWN STEP	2025-10-06T17:56:01.9859594Z -- [INFO] --- resources:3.0.1:copy-resources (example-realms) @ integration-arquillian-tests-base ---
Base IT (4)	UNKNOWN STEP	2025-10-06T17:56:01.9860383Z -- [INFO] Skipping the execution.
Base IT (4)	UNKNOWN STEP	2025-10-06T17:56:01.9860782Z -- [INFO] 
Base IT (4)	UNKNOWN STEP	2025-10-06T17:56:01.9861434Z -- [INFO] --- dependency:3.1.2:unpack (unpack-undertow-server) @ integration-arquillian-tests-base ---
Base IT (4)	UNKNOWN STEP	2025-10-06T17:56:02.3089012Z -- [INFO] Skipping plugin execution
Base IT (4)	UNKNOWN STEP	2025-10-06T17:56:02.3145512Z -- [INFO] 
Base IT (4)	UNKNOWN STEP	2025-10-06T17:56:02.3147678Z -- [INFO] --- dependency:3.1.2:unpack (unpack-quarkus-server) @ integration-arquillian-tests-base ---
Base IT (4)	UNKNOWN STEP	2025-10-06T17:56:02.3150651Z -- [INFO] Configured Artifact: org.keycloak.testsuite:integration-arquillian-servers-auth-server-quarkus:999.0.0-SNAPSHOT:zip
Base IT (4)	UNKNOWN STEP	2025-10-06T17:56:02.3369237Z -- [INFO] Unpacking /home/runner/.m2/repository/org/keycloak/testsuite/integration-arquillian-servers-auth-server-quarkus/999.0.0-SNAPSHOT/integration-arquillian-servers-auth-server-quarkus-999.0.0-SNAPSHOT.zip to /home/runner/work/keycloak/keycloak/testsuite/integration-arquillian/tests/base/target/containers with includes "" and excludes ""
Base IT (4)	UNKNOWN STEP	2025-10-06T17:56:03.8057766Z -- [INFO] 
Base IT (4)	UNKNOWN STEP	2025-10-06T17:56:03.8058518Z -- [INFO] --- dependency:3.1.2:unpack (unpack-app-server) @ integration-arquillian-tests-base ---
Base IT (4)	UNKNOWN STEP	2025-10-06T17:56:03.8073170Z -- [INFO] Skipping plugin execution
Base IT (4)	UNKNOWN STEP	2025-10-06T17:56:03.8076039Z -- [INFO] 
Base IT (4)	UNKNOWN STEP	2025-10-06T17:56:03.8077047Z -- [INFO] --- dependency:3.1.2:unpack (unpack-client-cli-dist) @ integration-arquillian-tests-base ---
Base IT (4)	UNKNOWN STEP	2025-10-06T17:56:03.8083683Z -- [INFO] Configured Artifact: org.keycloak:keycloak-client-cli-dist:999.0.0-SNAPSHOT:zip
Base IT (4)	UNKNOWN STEP	2025-10-06T17:56:03.8139497Z -- [INFO] Unpacking /home/runner/.m2/repository/org/keycloak/keycloak-client-cli-dist/999.0.0-SNAPSHOT/keycloak-client-cli-dist-999.0.0-SNAPSHOT.zip to /home/runner/work/keycloak/keycloak/testsuite/integration-arquillian/tests/base/target/containers with includes "" and excludes ""
Base IT (4)	UNKNOWN STEP	2025-10-06T17:56:03.9001702Z -- [INFO] 
Base IT (4)	UNKNOWN STEP	2025-10-06T17:56:03.9006791Z -- [INFO] --- dependency:3.1.2:copy-dependencies (copy-testsuite-providers-to-base-testsuite) @ integration-arquillian-tests-base ---
Base IT (4)	UNKNOWN STEP	2025-10-06T17:56:03.9077491Z -- [INFO] Copying integration-arquillian-testsuite-providers-999.0.0-SNAPSHOT.jar to /home/runner/work/keycloak/keycloak/testsuite/integration-arquillian/tests/base/target/lib/integration-arquillian-testsuite-providers-999.0.0-SNAPSHOT.jar
Base IT (4)	UNKNOWN STEP	2025-10-06T17:56:03.9306957Z -- [INFO] 
Base IT (4)	UNKNOWN STEP	2025-10-06T17:56:03.9309003Z -- [INFO] --- resources:3.0.1:testResources (default-testResources) @ integration-arquillian-tests-base ---
Base IT (4)	UNKNOWN STEP	2025-10-06T17:56:03.9326007Z -- [INFO] Using 'UTF-8' encoding to copy filtered resources.
Base IT (4)	UNKNOWN STEP	2025-10-06T17:56:03.9374597Z -- [INFO] Copying 24 resources
Base IT (4)	UNKNOWN STEP	2025-10-06T17:56:04.2426498Z -- [INFO] Copying 214 resources
Base IT (4)	UNKNOWN STEP	2025-10-06T17:56:04.2942305Z -- [INFO] 
Base IT (4)	UNKNOWN STEP	2025-10-06T17:56:04.2945942Z -- [INFO] --- antrun:1.8:run (clean-second-cache-server-arquillian-bug-workaround) @ integration-arquillian-tests-base ---
Base IT (4)	UNKNOWN STEP	2025-10-06T17:56:04.3206101Z -- [INFO] Skipping Antrun execution
Base IT (4)	UNKNOWN STEP	2025-10-06T17:56:04.3207001Z -- [INFO] 
Base IT (4)	UNKNOWN STEP	2025-10-06T17:56:04.3208017Z -- [INFO] --- compiler:3.8.1:testCompile (default-testCompile) @ integration-arquillian-tests-base ---
Base IT (4)	UNKNOWN STEP	2025-10-06T17:56:04.3559601Z -- [INFO] Changes detected - recompiling the module!
Base IT (4)	UNKNOWN STEP	2025-10-06T17:56:04.3613612Z -- [INFO] Compiling 774 source files to /home/runner/work/keycloak/keycloak/testsuite/integration-arquillian/tests/base/target/test-classes
Base IT (4)	UNKNOWN STEP	2025-10-06T17:56:17.9469349Z -- [INFO] Annotation processing is enabled because one or more processors were found
Base IT (4)	UNKNOWN STEP	2025-10-06T17:56:17.9470388Z --   on the class path. A future release of javac may disable annotation processing
Base IT (4)	UNKNOWN STEP	2025-10-06T17:56:17.9471259Z --   unless at least one processor is specified by name (-processor), or a search
Base IT (4)	UNKNOWN STEP	2025-10-06T17:56:17.9472151Z --   path is specified (--processor-path, --processor-module-path), or annotation
Base IT (4)	UNKNOWN STEP	2025-10-06T17:56:17.9472991Z --   processing is enabled explicitly (-proc:only, -proc:full).
Base IT (4)	UNKNOWN STEP	2025-10-06T17:56:17.9473888Z --   Use -Xlint:-options to suppress this message.
Base IT (4)	UNKNOWN STEP	2025-10-06T17:56:17.9474506Z --   Use -proc:none to disable annotation processing.
Base IT (4)	UNKNOWN STEP	2025-10-06T17:56:17.9475322Z -- [WARNING] unknown enum constant org.infinispan.factories.scopes.Scopes.GLOBAL
Base IT (4)	UNKNOWN STEP	2025-10-06T17:56:17.9476324Z --   reason: class file for org.infinispan.factories.scopes.Scopes not found
Base IT (4)	UNKNOWN STEP	2025-10-06T17:56:17.9477297Z -- [WARNING] unknown enum constant org.infinispan.factories.scopes.Scopes.GLOBAL
Base IT (4)	UNKNOWN STEP	2025-10-06T17:56:17.9478296Z -- [WARNING] unknown enum constant org.infinispan.factories.scopes.Scopes.GLOBAL
Base IT (4)	UNKNOWN STEP	2025-10-06T17:56:17.9479306Z -- [WARNING] unknown enum constant org.infinispan.factories.scopes.Scopes.GLOBAL
Base IT (4)	UNKNOWN STEP	2025-10-06T17:56:17.9480547Z --   reason: class file for org.infinispan.factories.scopes.Scopes not found
Base IT (4)	UNKNOWN STEP	2025-10-06T17:56:17.9481518Z -- [WARNING] unknown enum constant org.infinispan.factories.scopes.Scopes.GLOBAL
Base IT (4)	UNKNOWN STEP	2025-10-06T17:56:17.9482521Z -- [WARNING] unknown enum constant org.infinispan.factories.scopes.Scopes.GLOBAL
Base IT (4)	UNKNOWN STEP	2025-10-06T17:56:17.9483758Z -- [WARNING] unknown enum constant org.infinispan.factories.scopes.Scopes.GLOBAL
Base IT (4)	UNKNOWN STEP	2025-10-06T17:56:17.9484759Z --   reason: class file for org.infinispan.factories.scopes.Scopes not found
Base IT (4)	UNKNOWN STEP	2025-10-06T17:56:17.9485715Z -- [WARNING] unknown enum constant org.infinispan.factories.scopes.Scopes.GLOBAL
Base IT (4)	UNKNOWN STEP	2025-10-06T17:56:17.9486725Z -- [WARNING] unknown enum constant org.infinispan.factories.scopes.Scopes.GLOBAL
Base IT (4)	UNKNOWN STEP	2025-10-06T17:56:17.9489292Z -- [WARNING] /home/runner/work/keycloak/keycloak/testsuite/integration-arquillian/tests/base/src/test/java/org/keycloak/testsuite/broker/BrokerRunOnServerUtil.java:[187,45] removeExpired(org.keycloak.models.RealmModel) in org.keycloak.sessions.AuthenticationSessionProvider has been deprecated
Base IT (4)	UNKNOWN STEP	2025-10-06T17:56:17.9493486Z -- [WARNING] /home/runner/work/keycloak/keycloak/testsuite/integration-arquillian/tests/base/src/test/java/org/keycloak/testsuite/broker/AbstractBaseBrokerTest.java:[228,14] clientId(java.lang.String) in org.keycloak.testsuite.util.oauth.OAuthClient has been deprecated
Base IT (4)	UNKNOWN STEP	2025-10-06T17:56:17.9497204Z -- [WARNING] /home/runner/work/keycloak/keycloak/testsuite/integration-arquillian/tests/base/src/test/java/org/keycloak/testsuite/broker/AbstractBaseBrokerTest.java:[229,18] open(java.lang.String) in org.keycloak.testsuite.pages.LoginPage has been deprecated
Base IT (4)	UNKNOWN STEP	2025-10-06T17:56:17.9501181Z -- [WARNING] /home/runner/work/keycloak/keycloak/testsuite/integration-arquillian/tests/base/src/test/java/org/keycloak/testsuite/broker/AbstractBaseBrokerTest.java:[235,14] clientId(java.lang.String) in org.keycloak.testsuite.util.oauth.OAuthClient has been deprecated
Base IT (4)	UNKNOWN STEP	2025-10-06T17:56:17.9505068Z -- [WARNING] /home/runner/work/keycloak/keycloak/testsuite/integration-arquillian/tests/base/src/test/java/org/keycloak/testsuite/broker/AbstractBaseBrokerTest.java:[236,18] open(java.lang.String) in org.keycloak.testsuite.pages.LoginPage has been deprecated
Base IT (4)	UNKNOWN STEP	2025-10-06T17:56:17.9508829Z -- [WARNING] /home/runner/work/keycloak/keycloak/testsuite/integration-arquillian/tests/base/src/test/java/org/keycloak/testsuite/broker/AbstractFirstBrokerLoginTest.java:[88,14] clientId(java.lang.String) in org.keycloak.testsuite.util.oauth.OAuthClient has been deprecated
Base IT (4)	UNKNOWN STEP	2025-10-06T17:56:17.9512575Z -- [WARNING] /home/runner/work/keycloak/keycloak/testsuite/integration-arquillian/tests/base/src/test/java/org/keycloak/testsuite/broker/AbstractFirstBrokerLoginTest.java:[89,18] open(java.lang.String) in org.keycloak.testsuite.pages.LoginPage has been deprecated
Base IT (4)	UNKNOWN STEP	2025-10-06T17:56:17.9516533Z -- [WARNING] /home/runner/work/keycloak/keycloak/testsuite/integration-arquillian/tests/base/src/test/java/org/keycloak/testsuite/broker/AbstractFirstBrokerLoginTest.java:[114,14] clientId(java.lang.String) in org.keycloak.testsuite.util.oauth.OAuthClient has been deprecated
Base IT (4)	UNKNOWN STEP	2025-10-06T17:56:17.9520268Z -- [WARNING] /home/runner/work/keycloak/keycloak/testsuite/integration-arquillian/tests/base/src/test/java/org/keycloak/testsuite/broker/AbstractFirstBrokerLoginTest.java:[115,18] open(java.lang.String) in org.keycloak.testsuite.pages.LoginPage has been deprecated
Base IT (4)	UNKNOWN STEP	2025-10-06T17:56:17.9524205Z -- [WARNING] /home/runner/work/keycloak/keycloak/testsuite/integration-arquillian/tests/base/src/test/java/org/keycloak/testsuite/broker/AbstractFirstBrokerLoginTest.java:[153,14] clientId(java.lang.String) in org.keycloak.testsuite.util.oauth.OAuthClient has been deprecated
Base IT (4)	UNKNOWN STEP	2025-10-06T17:56:17.9527927Z -- [WARNING] /home/runner/work/keycloak/keycloak/testsuite/integration-arquillian/tests/base/src/test/java/org/keycloak/testsuite/broker/AbstractFirstBrokerLoginTest.java:[154,18] open(java.lang.String) in org.keycloak.testsuite.pages.LoginPage has been deprecated
Base IT (4)	UNKNOWN STEP	2025-10-06T17:56:17.9531941Z -- [WARNING] /home/runner/work/keycloak/keycloak/testsuite/integration-arquillian/tests/base/src/test/java/org/keycloak/testsuite/broker/AbstractFirstBrokerLoginTest.java:[193,14] clientId(java.lang.String) in org.keycloak.testsuite.util.oauth.OAuthClient has been deprecated
Base IT (4)	UNKNOWN STEP	2025-10-06T17:56:17.9535936Z -- [WARNING] /home/runner/work/keycloak/keycloak/testsuite/integration-arquillian/tests/base/src/test/java/org/keycloak/testsuite/broker/AbstractFirstBrokerLoginTest.java:[194,18] open(java.lang.String) in org.keycloak.testsuite.pages.LoginPage has been deprecated
Base IT (4)	UNKNOWN STEP	2025-10-06T17:56:17.9539716Z -- [WARNING] /home/runner/work/keycloak/keycloak/testsuite/integration-arquillian/tests/base/src/test/java/org/keycloak/testsuite/broker/AbstractFirstBrokerLoginTest.java:[227,18] clientId(java.lang.String) in org.keycloak.testsuite.util.oauth.OAuthClient has been deprecated
Base IT (4)	UNKNOWN STEP	2025-10-06T17:56:17.9543642Z -- [WARNING] /home/runner/work/keycloak/keycloak/testsuite/integration-arquillian/tests/base/src/test/java/org/keycloak/testsuite/broker/AbstractFirstBrokerLoginTest.java:[228,22] open(java.lang.String) in org.keycloak.testsuite.pages.LoginPage has been deprecated
Base IT (4)	UNKNOWN STEP	2025-10-06T17:56:17.9547374Z -- [WARNING] /home/runner/work/keycloak/keycloak/testsuite/integration-arquillian/tests/base/src/test/java/org/keycloak/testsuite/broker/AbstractFirstBrokerLoginTest.java:[271,14] clientId(java.lang.String) in org.keycloak.testsuite.util.oauth.OAuthClient has been deprecated
Base IT (4)	UNKNOWN STEP	2025-10-06T17:56:17.9551272Z -- [WARNING] /home/runner/work/keycloak/keycloak/testsuite/integration-arquillian/tests/base/src/test/java/org/keycloak/testsuite/broker/AbstractFirstBrokerLoginTest.java:[272,18] open(java.lang.String) in org.keycloak.testsuite.pages.LoginPage has been deprecated
Base IT (4)	UNKNOWN STEP	2025-10-06T17:56:17.9555595Z -- [WARNING] /home/runner/work/keycloak/keycloak/testsuite/integration-arquillian/tests/base/src/test/java/org/keycloak/testsuite/broker/AbstractFirstBrokerLoginTest.java:[309,14] clientId(java.lang.String) in org.keycloak.testsuite.util.oauth.OAuthClient has been deprecated
Base IT (4)	UNKNOWN STEP	2025-10-06T17:56:17.9559363Z -- [WARNING] /home/runner/work/keycloak/keycloak/testsuite/integration-arquillian/tests/base/src/test/java/org/keycloak/testsuite/broker/AbstractFirstBrokerLoginTest.java:[310,18] open(java.lang.String) in org.keycloak.testsuite.pages.LoginPage has been deprecated
Base IT (4)	UNKNOWN STEP	2025-10-06T17:56:17.9563113Z -- [WARNING] /home/runner/work/keycloak/keycloak/testsuite/integration-arquillian/tests/base/src/test/java/org/keycloak/testsuite/broker/AbstractFirstBrokerLoginTest.java:[349,14] clientId(java.lang.String) in org.keycloak.testsuite.util.oauth.OAuthClient has been deprecated
Base IT (4)	UNKNOWN STEP	2025-10-06T17:56:17.9567302Z -- [WARNING] /home/runner/work/keycloak/keycloak/testsuite/integration-arquillian/tests/base/src/test/java/org/keycloak/testsuite/broker/AbstractFirstBrokerLoginTest.java:[350,18] open(java.lang.String) in org.keycloak.testsuite.pages.LoginPage has been deprecated
Base IT (4)	UNKNOWN STEP	2025-10-06T17:56:17.9571036Z -- [WARNING] /home/runner/work/keycloak/keycloak/testsuite/integration-arquillian/tests/base/src/test/java/org/keycloak/testsuite/broker/AbstractFirstBrokerLoginTest.java:[429,14] clientId(java.lang.String) in org.keycloak.testsuite.util.oauth.OAuthClient has been deprecated
Base IT (4)	UNKNOWN STEP	2025-10-06T17:56:17.9575003Z -- [WARNING] /home/runner/work/keycloak/keycloak/testsuite/integration-arquillian/tests/base/src/test/java/org/keycloak/testsuite/broker/AbstractFirstBrokerLoginTest.java:[430,18] open(java.lang.String) in org.keycloak.testsuite.pages.LoginPage has been deprecated
Base IT (4)	UNKNOWN STEP	2025-10-06T17:56:17.9578849Z -- [WARNING] /home/runner/work/keycloak/keycloak/testsuite/integration-arquillian/tests/base/src/test/java/org/keycloak/testsuite/broker/AbstractFirstBrokerLoginTest.java:[481,14] clientId(java.lang.String) in org.keycloak.testsuite.util.oauth.OAuthClient has been deprecated
Base IT (4)	UNKNOWN STEP	2025-10-06T17:56:17.9582930Z -- [WARNING] /home/runner/work/keycloak/keycloak/testsuite/integration-arquillian/tests/base/src/test/java/org/keycloak/testsuite/broker/AbstractFirstBrokerLoginTest.java:[482,18] open(java.lang.String) in org.keycloak.testsuite.pages.LoginPage has been deprecated
Base IT (4)	UNKNOWN STEP	2025-10-06T17:56:17.9587004Z -- [WARNING] /home/runner/work/keycloak/keycloak/testsuite/integration-arquillian/tests/base/src/test/java/org/keycloak/testsuite/broker/AbstractFirstBrokerLoginTest.java:[545,14] clientId(java.lang.String) in org.keycloak.testsuite.util.oauth.OAuthClient has been deprecated
Base IT (4)	UNKNOWN STEP	2025-10-06T17:56:17.9590875Z -- [WARNING] /home/runner/work/keycloak/keycloak/testsuite/integration-arquillian/tests/base/src/test/java/org/keycloak/testsuite/broker/AbstractFirstBrokerLoginTest.java:[546,18] open(java.lang.String) in org.keycloak.testsuite.pages.LoginPage has been deprecated
Base IT (4)	UNKNOWN STEP	2025-10-06T17:56:17.9601775Z -- [WARNING] /home/runner/work/keycloak/keycloak/testsuite/integration-arquillian/tests/base/src/test/java/org/keycloak/testsuite/broker/AbstractFirstBrokerLoginTest.java:[606,14] clientId(java.lang.String) in org.keycloak.testsuite.util.oauth.OAuthClient has been deprecated
Base IT (4)	UNKNOWN STEP	2025-10-06T17:56:17.9605872Z -- [WARNING] /home/runner/work/keycloak/keycloak/testsuite/integration-arquillian/tests/base/src/test/java/org/keycloak/testsuite/broker/AbstractFirstBrokerLoginTest.java:[607,18] open(java.lang.String) in org.keycloak.testsuite.pages.LoginPage has been deprecated
Base IT (4)	UNKNOWN STEP	2025-10-06T17:56:17.9609682Z -- [WARNING] /home/runner/work/keycloak/keycloak/testsuite/integration-arquillian/tests/base/src/test/java/org/keycloak/testsuite/broker/AbstractFirstBrokerLoginTest.java:[625,14] clientId(java.lang.String) in org.keycloak.testsuite.util.oauth.OAuthClient has been deprecated
Base IT (4)	UNKNOWN STEP	2025-10-06T17:56:17.9613654Z -- [WARNING] /home/runner/work/keycloak/keycloak/testsuite/integration-arquillian/tests/base/src/test/java/org/keycloak/testsuite/broker/AbstractFirstBrokerLoginTest.java:[626,18] open(java.lang.String) in org.keycloak.testsuite.pages.LoginPage has been deprecated
Base IT (4)	UNKNOWN STEP	2025-10-06T17:56:17.9617681Z -- [WARNING] /home/runner/work/keycloak/keycloak/testsuite/integration-arquillian/tests/base/src/test/java/org/keycloak/testsuite/broker/AbstractFirstBrokerLoginTest.java:[649,14] clientId(java.lang.String) in org.keycloak.testsuite.util.oauth.OAuthClient has been deprecated
Base IT (4)	UNKNOWN STEP	2025-10-06T17:56:17.9621469Z -- [WARNING] /home/runner/work/keycloak/keycloak/testsuite/integration-arquillian/tests/base/src/test/java/org/keycloak/testsuite/broker/AbstractFirstBrokerLoginTest.java:[650,18] open(java.lang.String) in org.keycloak.testsuite.pages.LoginPage has been deprecated
Base IT (4)	UNKNOWN STEP	2025-10-06T17:56:17.9625456Z -- [WARNING] /home/runner/work/keycloak/keycloak/testsuite/integration-arquillian/tests/base/src/test/java/org/keycloak/testsuite/broker/AbstractFirstBrokerLoginTest.java:[681,14] clientId(java.lang.String) in org.keycloak.testsuite.util.oauth.OAuthClient has been deprecated
Base IT (4)	UNKNOWN STEP	2025-10-06T17:56:17.9629314Z -- [WARNING] /home/runner/work/keycloak/keycloak/testsuite/integration-arquillian/tests/base/src/test/java/org/keycloak/testsuite/broker/AbstractFirstBrokerLoginTest.java:[682,18] open(java.lang.String) in org.keycloak.testsuite.pages.LoginPage has been deprecated
Base IT (4)	UNKNOWN STEP	2025-10-06T17:56:17.9633126Z -- [WARNING] /home/runner/work/keycloak/keycloak/testsuite/integration-arquillian/tests/base/src/test/java/org/keycloak/testsuite/broker/AbstractFirstBrokerLoginTest.java:[740,14] clientId(java.lang.String) in org.keycloak.testsuite.util.oauth.OAuthClient has been deprecated
Base IT (4)	UNKNOWN STEP	2025-10-06T17:56:17.9637221Z -- [WARNING] /home/runner/work/keycloak/keycloak/testsuite/integration-arquillian/tests/base/src/test/java/org/keycloak/testsuite/broker/AbstractFirstBrokerLoginTest.java:[741,18] open(java.lang.String) in org.keycloak.testsuite.pages.LoginPage has been deprecated
Base IT (4)	UNKNOWN STEP	2025-10-06T17:56:17.9641115Z -- [WARNING] /home/runner/work/keycloak/keycloak/testsuite/integration-arquillian/tests/base/src/test/java/org/keycloak/testsuite/broker/AbstractFirstBrokerLoginTest.java:[766,14] clientId(java.lang.String) in org.keycloak.testsuite.util.oauth.OAuthClient has been deprecated
Base IT (4)	UNKNOWN STEP	2025-10-06T17:56:17.9645356Z -- [WARNING] /home/runner/work/keycloak/keycloak/testsuite/integration-arquillian/tests/base/src/test/java/org/keycloak/testsuite/broker/AbstractFirstBrokerLoginTest.java:[767,18] open(java.lang.String) in org.keycloak.testsuite.pages.LoginPage has been deprecated
Base IT (4)	UNKNOWN STEP	2025-10-06T17:56:17.9649157Z -- [WARNING] /home/runner/work/keycloak/keycloak/testsuite/integration-arquillian/tests/base/src/test/java/org/keycloak/testsuite/broker/AbstractFirstBrokerLoginTest.java:[799,14] clientId(java.lang.String) in org.keycloak.testsuite.util.oauth.OAuthClient has been deprecated
Base IT (4)	UNKNOWN STEP	2025-10-06T17:56:17.9652914Z -- [WARNING] /home/runner/work/keycloak/keycloak/testsuite/integration-arquillian/tests/base/src/test/java/org/keycloak/testsuite/broker/AbstractFirstBrokerLoginTest.java:[800,18] open(java.lang.String) in org.keycloak.testsuite.pages.LoginPage has been deprecated
Base IT (4)	UNKNOWN STEP	2025-10-06T17:56:17.9656747Z -- [WARNING] /home/runner/work/keycloak/keycloak/testsuite/integration-arquillian/tests/base/src/test/java/org/keycloak/testsuite/broker/AbstractFirstBrokerLoginTest.java:[845,18] open(java.lang.String) in org.keycloak.testsuite.pages.LoginPage has been deprecated
Base IT (4)	UNKNOWN STEP	2025-10-06T17:56:17.9660420Z -- [WARNING] /home/runner/work/keycloak/keycloak/testsuite/integration-arquillian/tests/base/src/test/java/org/keycloak/testsuite/broker/AbstractFirstBrokerLoginTest.java:[889,18] open(java.lang.String) in org.keycloak.testsuite.pages.LoginPage has been deprecated
Base IT (4)	UNKNOWN STEP	2025-10-06T17:56:17.9664367Z -- [WARNING] /home/runner/work/keycloak/keycloak/testsuite/integration-arquillian/tests/base/src/test/java/org/keycloak/testsuite/broker/AbstractFirstBrokerLoginTest.java:[929,14] clientId(java.lang.String) in org.keycloak.testsuite.util.oauth.OAuthClient has been deprecated
Base IT (4)	UNKNOWN STEP	2025-10-06T17:56:17.9668473Z -- [WARNING] /home/runner/work/keycloak/keycloak/testsuite/integration-arquillian/tests/base/src/test/java/org/keycloak/testsuite/broker/AbstractFirstBrokerLoginTest.java:[930,18] open(java.lang.String) in org.keycloak.testsuite.pages.LoginPage has been deprecated
Base IT (4)	UNKNOWN STEP	2025-10-06T17:56:17.9672267Z -- [WARNING] /home/runner/work/keycloak/keycloak/testsuite/integration-arquillian/tests/base/src/test/java/org/keycloak/testsuite/broker/AbstractFirstBrokerLoginTest.java:[962,14] clientId(java.lang.String) in org.keycloak.testsuite.util.oauth.OAuthClient has been deprecated
Base IT (4)	UNKNOWN STEP	2025-10-06T17:56:17.9676182Z -- [WARNING] /home/runner/work/keycloak/keycloak/testsuite/integration-arquillian/tests/base/src/test/java/org/keycloak/testsuite/broker/AbstractFirstBrokerLoginTest.java:[963,18] open(java.lang.String) in org.keycloak.testsuite.pages.LoginPage has been deprecated
Base IT (4)	UNKNOWN STEP	2025-10-06T17:56:17.9679989Z -- [WARNING] /home/runner/work/keycloak/keycloak/testsuite/integration-arquillian/tests/base/src/test/java/org/keycloak/testsuite/broker/AbstractFirstBrokerLoginTest.java:[997,14] clientId(java.lang.String) in org.keycloak.testsuite.util.oauth.OAuthClient has been deprecated
Base IT (4)	UNKNOWN STEP	2025-10-06T17:56:17.9683932Z -- [WARNING] /home/runner/work/keycloak/keycloak/testsuite/integration-arquillian/tests/base/src/test/java/org/keycloak/testsuite/broker/AbstractFirstBrokerLoginTest.java:[998,18] open(java.lang.String) in org.keycloak.testsuite.pages.LoginPage has been deprecated
Base IT (4)	UNKNOWN STEP	2025-10-06T17:56:17.9687780Z -- [WARNING] /home/runner/work/keycloak/keycloak/testsuite/integration-arquillian/tests/base/src/test/java/org/keycloak/testsuite/broker/AbstractFirstBrokerLoginTest.java:[1033,14] clientId(java.lang.String) in org.keycloak.testsuite.util.oauth.OAuthClient has been deprecated
Base IT (4)	UNKNOWN STEP	2025-10-06T17:56:17.9691549Z -- [WARNING] /home/runner/work/keycloak/keycloak/testsuite/integration-arquillian/tests/base/src/test/java/org/keycloak/testsuite/broker/AbstractFirstBrokerLoginTest.java:[1034,18] open(java.lang.String) in org.keycloak.testsuite.pages.LoginPage has been deprecated
Base IT (4)	UNKNOWN STEP	2025-10-06T17:56:17.9695576Z -- [WARNING] /home/runner/work/keycloak/keycloak/testsuite/integration-arquillian/tests/base/src/test/java/org/keycloak/testsuite/broker/AbstractFirstBrokerLoginTest.java:[1070,14] clientId(java.lang.String) in org.keycloak.testsuite.util.oauth.OAuthClient has been deprecated
Base IT (4)	UNKNOWN STEP	2025-10-06T17:56:17.9699711Z -- [WARNING] /home/runner/work/keycloak/keycloak/testsuite/integration-arquillian/tests/base/src/test/java/org/keycloak/testsuite/broker/AbstractFirstBrokerLoginTest.java:[1071,18] open(java.lang.String) in org.keycloak.testsuite.pages.LoginPage has been deprecated
Base IT (4)	UNKNOWN STEP	2025-10-06T17:56:17.9703691Z -- [WARNING] /home/runner/work/keycloak/keycloak/testsuite/integration-arquillian/tests/base/src/test/java/org/keycloak/testsuite/broker/AbstractFirstBrokerLoginTest.java:[1115,14] clientId(java.lang.String) in org.keycloak.testsuite.util.oauth.OAuthClient has been deprecated
Base IT (4)	UNKNOWN STEP	2025-10-06T17:56:17.9707495Z -- [WARNING] /home/runner/work/keycloak/keycloak/testsuite/integration-arquillian/tests/base/src/test/java/org/keycloak/testsuite/broker/AbstractFirstBrokerLoginTest.java:[1116,18] open(java.lang.String) in org.keycloak.testsuite.pages.LoginPage has been deprecated
Base IT (4)	UNKNOWN STEP	2025-10-06T17:56:17.9711223Z -- [WARNING] /home/runner/work/keycloak/keycloak/testsuite/integration-arquillian/tests/base/src/test/java/org/keycloak/testsuite/broker/AbstractFirstBrokerLoginTest.java:[1165,14] clientId(java.lang.String) in org.keycloak.testsuite.util.oauth.OAuthClient has been deprecated
Base IT (4)	UNKNOWN STEP	2025-10-06T17:56:17.9715173Z -- [WARNING] /home/runner/work/keycloak/keycloak/testsuite/integration-arquillian/tests/base/src/test/java/org/keycloak/testsuite/broker/AbstractFirstBrokerLoginTest.java:[1166,18] open(java.lang.String) in org.keycloak.testsuite.pages.LoginPage has been deprecated
Base IT (4)	UNKNOWN STEP	2025-10-06T17:56:17.9719047Z -- [WARNING] /home/runner/work/keycloak/keycloak/testsuite/integration-arquillian/tests/base/src/test/java/org/keycloak/testsuite/broker/AbstractFirstBrokerLoginTest.java:[1204,14] clientId(java.lang.String) in org.keycloak.testsuite.util.oauth.OAuthClient has been deprecated
Base IT (4)	UNKNOWN STEP	2025-10-06T17:56:17.9736932Z -- [WARNING] /home/runner/work/keycloak/keycloak/testsuite/integration-arquillian/tests/base/src/test/java/org/keycloak/testsuite/broker/AbstractFirstBrokerLoginTest.java:[1205,18] open(java.lang.String) in org.keycloak.testsuite.pages.LoginPage has been deprecated
Base IT (4)	UNKNOWN STEP	2025-10-06T17:56:17.9740677Z -- [WARNING] /home/runner/work/keycloak/keycloak/testsuite/integration-arquillian/tests/base/src/test/java/org/keycloak/testsuite/broker/AbstractFirstBrokerLoginTest.java:[1264,34] getAttribute(java.lang.String) in org.openqa.selenium.WebElement has been deprecated
Base IT (4)	UNKNOWN STEP	2025-10-06T17:56:17.9744691Z -- [WARNING] /home/runner/work/keycloak/keycloak/testsuite/integration-arquillian/tests/base/src/test/java/org/keycloak/testsuite/broker/AbstractFirstBrokerLoginTest.java:[1280,14] clientId(java.lang.String) in org.keycloak.testsuite.util.oauth.OAuthClient has been deprecated
Base IT (4)	UNKNOWN STEP	2025-10-06T17:56:17.9748452Z -- [WARNING] /home/runner/work/keycloak/keycloak/testsuite/integration-arquillian/tests/base/src/test/java/org/keycloak/testsuite/broker/AbstractFirstBrokerLoginTest.java:[1281,18] open(java.lang.String) in org.keycloak.testsuite.pages.LoginPage has been deprecated
Base IT (4)	UNKNOWN STEP	2025-10-06T17:56:17.9752250Z -- [WARNING] /home/runner/work/keycloak/keycloak/testsuite/integration-arquillian/tests/base/src/test/java/org/keycloak/testsuite/broker/AbstractFirstBrokerLoginTest.java:[1334,14] clientId(java.lang.String) in org.keycloak.testsuite.util.oauth.OAuthClient has been deprecated
Base IT (4)	UNKNOWN STEP	2025-10-06T17:56:17.9796614Z -- [WARNING] /home/runner/work/keycloak/keycloak/testsuite/integration-arquillian/tests/base/src/test/java/org/keycloak/testsuite/broker/AbstractFirstBrokerLoginTest.java:[1335,18] open(java.lang.String) in org.keycloak.testsuite.pages.LoginPage has been deprecated
Base IT (4)	UNKNOWN STEP	2025-10-06T17:56:17.9800473Z -- [WARNING] /home/runner/work/keycloak/keycloak/testsuite/integration-arquillian/tests/base/src/test/java/org/keycloak/testsuite/broker/AbstractFirstBrokerLoginTest.java:[1409,14] clientId(java.lang.String) in org.keycloak.testsuite.util.oauth.OAuthClient has been deprecated
Base IT (4)	UNKNOWN STEP	2025-10-06T17:56:17.9804803Z -- [WARNING] /home/runner/work/keycloak/keycloak/testsuite/integration-arquillian/tests/base/src/test/java/org/keycloak/testsuite/broker/AbstractFirstBrokerLoginTest.java:[1410,18] open(java.lang.String) in org.keycloak.testsuite.pages.LoginPage has been deprecated
Base IT (4)	UNKNOWN STEP	2025-10-06T17:56:17.9808664Z -- [WARNING] /home/runner/work/keycloak/keycloak/testsuite/integration-arquillian/tests/base/src/test/java/org/keycloak/testsuite/broker/AbstractFirstBrokerLoginTest.java:[1435,14] clientId(java.lang.String) in org.keycloak.testsuite.util.oauth.OAuthClient has been deprecated
Base IT (4)	UNKNOWN STEP	2025-10-06T17:56:17.9812542Z -- [WARNING] /home/runner/work/keycloak/keycloak/testsuite/integration-arquillian/tests/base/src/test/java/org/keycloak/testsuite/broker/AbstractFirstBrokerLoginTest.java:[1436,18] open(java.lang.String) in org.keycloak.testsuite.pages.LoginPage has been deprecated
Base IT (4)	UNKNOWN STEP	2025-10-06T17:56:17.9816559Z -- [WARNING] /home/runner/work/keycloak/keycloak/testsuite/integration-arquillian/tests/base/src/test/java/org/keycloak/testsuite/broker/AbstractFirstBrokerLoginTest.java:[1461,14] clientId(java.lang.String) in org.keycloak.testsuite.util.oauth.OAuthClient has been deprecated
Base IT (4)	UNKNOWN STEP	2025-10-06T17:56:17.9820385Z -- [WARNING] /home/runner/work/keycloak/keycloak/testsuite/integration-arquillian/tests/base/src/test/java/org/keycloak/testsuite/broker/AbstractFirstBrokerLoginTest.java:[1462,18] open(java.lang.String) in org.keycloak.testsuite.pages.LoginPage has been deprecated
Base IT (4)	UNKNOWN STEP	2025-10-06T17:56:17.9824388Z -- [WARNING] /home/runner/work/keycloak/keycloak/testsuite/integration-arquillian/tests/base/src/test/java/org/keycloak/testsuite/broker/AbstractFirstBrokerLoginTest.java:[1491,14] clientId(java.lang.String) in org.keycloak.testsuite.util.oauth.OAuthClient has been deprecated
Base IT (4)	UNKNOWN STEP	2025-10-06T17:56:17.9828154Z -- [WARNING] /home/runner/work/keycloak/keycloak/testsuite/integration-arquillian/tests/base/src/test/java/org/keycloak/testsuite/broker/AbstractFirstBrokerLoginTest.java:[1492,18] open(java.lang.String) in org.keycloak.testsuite.pages.LoginPage has been deprecated
Base IT (4)	UNKNOWN STEP	2025-10-06T17:56:17.9832302Z -- [WARNING] /home/runner/work/keycloak/keycloak/testsuite/integration-arquillian/tests/base/src/test/java/org/keycloak/testsuite/broker/AbstractFirstBrokerLoginTest.java:[1517,14] clientId(java.lang.String) in org.keycloak.testsuite.util.oauth.OAuthClient has been deprecated
Base IT (4)	UNKNOWN STEP	2025-10-06T17:56:17.9836428Z -- [WARNING] /home/runner/work/keycloak/keycloak/testsuite/integration-arquillian/tests/base/src/test/java/org/keycloak/testsuite/broker/AbstractFirstBrokerLoginTest.java:[1518,18] open(java.lang.String) in org.keycloak.testsuite.pages.LoginPage has been deprecated
Base IT (4)	UNKNOWN STEP	2025-10-06T17:56:17.9840249Z -- [WARNING] /home/runner/work/keycloak/keycloak/testsuite/integration-arquillian/tests/base/src/test/java/org/keycloak/testsuite/broker/AbstractFirstBrokerLoginTest.java:[1538,14] clientId(java.lang.String) in org.keycloak.testsuite.util.oauth.OAuthClient has been deprecated
Base IT (4)	UNKNOWN STEP	2025-10-06T17:56:17.9844282Z -- [WARNING] /home/runner/work/keycloak/keycloak/testsuite/integration-arquillian/tests/base/src/test/java/org/keycloak/testsuite/broker/AbstractFirstBrokerLoginTest.java:[1539,18] open(java.lang.String) in org.keycloak.testsuite.pages.LoginPage has been deprecated
Base IT (4)	UNKNOWN STEP	2025-10-06T17:56:17.9848068Z -- [WARNING] /home/runner/work/keycloak/keycloak/testsuite/integration-arquillian/tests/base/src/test/java/org/keycloak/testsuite/broker/KcOidcFirstBrokerLoginTest.java:[107,14] clientId(java.lang.String) in org.keycloak.testsuite.util.oauth.OAuthClient has been deprecated
Base IT (4)	UNKNOWN STEP	2025-10-06T17:56:17.9851838Z -- [WARNING] /home/runner/work/keycloak/keycloak/testsuite/integration-arquillian/tests/base/src/test/java/org/keycloak/testsuite/broker/KcOidcFirstBrokerLoginTest.java:[108,18] open(java.lang.String) in org.keycloak.testsuite.pages.LoginPage has been deprecated
Base IT (4)	UNKNOWN STEP	2025-10-06T17:56:17.9855541Z -- [WARNING] /home/runner/work/keycloak/keycloak/testsuite/integration-arquillian/tests/base/src/test/java/org/keycloak/testsuite/broker/KcOidcFirstBrokerLoginTest.java:[130,18] open(java.lang.String) in org.keycloak.testsuite.pages.LoginPage has been deprecated
Base IT (4)	UNKNOWN STEP	2025-10-06T17:56:17.9859548Z -- [WARNING] /home/runner/work/keycloak/keycloak/testsuite/integration-arquillian/tests/base/src/test/java/org/keycloak/testsuite/broker/KcOidcFirstBrokerLoginTest.java:[257,14] clientId(java.lang.String) in org.keycloak.testsuite.util.oauth.OAuthClient has been deprecated
Base IT (4)	UNKNOWN STEP	2025-10-06T17:56:17.9863436Z -- [WARNING] /home/runner/work/keycloak/keycloak/testsuite/integration-arquillian/tests/base/src/test/java/org/keycloak/testsuite/broker/KcOidcFirstBrokerLoginTest.java:[258,18] open(java.lang.String) in org.keycloak.testsuite.pages.LoginPage has been deprecated
Base IT (4)	UNKNOWN STEP	2025-10-06T17:56:17.9867254Z -- [WARNING] /home/runner/work/keycloak/keycloak/testsuite/integration-arquillian/tests/base/src/test/java/org/keycloak/testsuite/broker/KcOidcFirstBrokerLoginTest.java:[285,18] clientId(java.lang.String) in org.keycloak.testsuite.util.oauth.OAuthClient has been deprecated
Base IT (4)	UNKNOWN STEP	2025-10-06T17:56:17.9871085Z -- [WARNING] /home/runner/work/keycloak/keycloak/testsuite/integration-arquillian/tests/base/src/test/java/org/keycloak/testsuite/broker/KcOidcFirstBrokerLoginTest.java:[286,22] open(java.lang.String) in org.keycloak.testsuite.pages.LoginPage has been deprecated
Base IT (4)	UNKNOWN STEP	2025-10-06T17:56:17.9875104Z -- [WARNING] /home/runner/work/keycloak/keycloak/testsuite/integration-arquillian/tests/base/src/test/java/org/keycloak/testsuite/broker/KcOidcFirstBrokerLoginTest.java:[293,18] clientId(java.lang.String) in org.keycloak.testsuite.util.oauth.OAuthClient has been deprecated
Base IT (4)	UNKNOWN STEP	2025-10-06T17:56:17.9878862Z -- [WARNING] /home/runner/work/keycloak/keycloak/testsuite/integration-arquillian/tests/base/src/test/java/org/keycloak/testsuite/broker/KcOidcFirstBrokerLoginTest.java:[294,22] open(java.lang.String) in org.keycloak.testsuite.pages.LoginPage has been deprecated
Base IT (4)	UNKNOWN STEP	2025-10-06T17:56:17.9882994Z -- [WARNING] /home/runner/work/keycloak/keycloak/testsuite/integration-arquillian/tests/base/src/test/java/org/keycloak/testsuite/broker/KcOidcFirstBrokerLoginTest.java:[342,18] clientId(java.lang.String) in org.keycloak.testsuite.util.oauth.OAuthClient has been deprecated
Base IT (4)	UNKNOWN STEP	2025-10-06T17:56:17.9893471Z -- [WARNING] /home/runner/work/keycloak/keycloak/testsuite/integration-arquillian/tests/base/src/test/java/org/keycloak/testsuite/broker/KcOidcFirstBrokerLoginTest.java:[343,22] open(java.lang.String) in org.keycloak.testsuite.pages.LoginPage has been deprecated
Base IT (4)	UNKNOWN STEP	2025-10-06T17:56:17.9897275Z -- [WARNING] /home/runner/work/keycloak/keycloak/testsuite/integration-arquillian/tests/base/src/test/java/org/keycloak/testsuite/broker/KcOidcFirstBrokerLoginTest.java:[350,18] clientId(java.lang.String) in org.keycloak.testsuite.util.oauth.OAuthClient has been deprecated
Base IT (4)	UNKNOWN STEP	2025-10-06T17:56:17.9901063Z -- [WARNING] /home/runner/work/keycloak/keycloak/testsuite/integration-arquillian/tests/base/src/test/java/org/keycloak/testsuite/broker/KcOidcFirstBrokerLoginTest.java:[351,22] open(java.lang.String) in org.keycloak.testsuite.pages.LoginPage has been deprecated
Base IT (4)	UNKNOWN STEP	2025-10-06T17:56:17.9905102Z -- [WARNING] /home/runner/work/keycloak/keycloak/testsuite/integration-arquillian/tests/base/src/test/java/org/keycloak/testsuite/broker/KcOidcFirstBrokerLoginTest.java:[399,18] clientId(java.lang.String) in org.keycloak.testsuite.util.oauth.OAuthClient has been deprecated
Base IT (4)	UNKNOWN STEP	2025-10-06T17:56:17.9908929Z -- [WARNING] /home/runner/work/keycloak/keycloak/testsuite/integration-arquillian/tests/base/src/test/java/org/keycloak/testsuite/broker/KcOidcFirstBrokerLoginTest.java:[400,22] open(java.lang.String) in org.keycloak.testsuite.pages.LoginPage has been deprecated
Base IT (4)	UNKNOWN STEP	2025-10-06T17:56:17.9912471Z -- [INFO] /home/runner/work/keycloak/keycloak/testsuite/integration-arquillian/tests/base/src/test/java/org/keycloak/testsuite/broker/KcOidcFirstBrokerLoginTest.java: Some input files additionally use or override a deprecated API.
Base IT (4)	UNKNOWN STEP	2025-10-06T17:56:17.9915933Z -- [INFO] /home/runner/work/keycloak/keycloak/testsuite/integration-arquillian/tests/base/src/test/java/org/keycloak/testsuite/saml/SamlRelayStateTest.java: Some input files additionally use or override a deprecated API that is marked for removal.
Base IT (4)	UNKNOWN STEP	2025-10-06T17:56:17.9919305Z -- [INFO] /home/runner/work/keycloak/keycloak/testsuite/integration-arquillian/tests/base/src/test/java/org/keycloak/testsuite/util/AssertAdminEvents.java: Some input files additionally use unchecked or unsafe operations.
Base IT (4)	UNKNOWN STEP	2025-10-06T17:56:17.9921133Z -- [INFO] 
Base IT (4)	UNKNOWN STEP	2025-10-06T17:56:17.9921982Z -- [INFO] --- shrinkwrap-resolver:3.2.1:propagate-execution-context (default) @ integration-arquillian-tests-base ---
Base IT (4)	UNKNOWN STEP	2025-10-06T17:56:18.0799278Z -- [INFO] 
Base IT (4)	UNKNOWN STEP	2025-10-06T17:56:18.0800013Z -- [INFO] --- docker:0.40.3:start (start-db-container) @ integration-arquillian-tests-base ---
Base IT (4)	UNKNOWN STEP	2025-10-06T17:56:18.3323865Z -- [INFO] 
Base IT (4)	UNKNOWN STEP	2025-10-06T17:56:18.3328019Z -- [INFO] --- surefire:3.5.3:test (default-test) @ integration-arquillian-tests-base ---
Base IT (4)	UNKNOWN STEP	2025-10-06T17:56:18.5100957Z -- [INFO] Using auto detected provider org.apache.maven.surefire.junit4.JUnit4Provider
Base IT (4)	UNKNOWN STEP	2025-10-06T17:56:18.5768870Z -- [INFO] Downloading from jboss-public-repository: https://repository.jboss.org/nexus/content/groups/public/org/apache/maven/surefire/surefire-junit4/3.5.3/surefire-junit4-3.5.3.pom
Base IT (4)	UNKNOWN STEP	2025-10-06T17:56:19.0584237Z -- [INFO] Downloading from central: https://repo.maven.apache.org/maven2/org/apache/maven/surefire/surefire-junit4/3.5.3/surefire-junit4-3.5.3.pom
Base IT (4)	UNKNOWN STEP	2025-10-06T17:56:19.1839937Z -- [INFO] Downloaded from central: https://repo.maven.apache.org/maven2/org/apache/maven/surefire/surefire-junit4/3.5.3/surefire-junit4-3.5.3.pom (3.3 kB at 26 kB/s)
Base IT (4)	UNKNOWN STEP	2025-10-06T17:56:19.1856168Z -- [INFO] Downloading from jboss-public-repository: https://repository.jboss.org/nexus/content/groups/public/org/apache/maven/surefire/surefire-providers/3.5.3/surefire-providers-3.5.3.pom
Base IT (4)	UNKNOWN STEP	2025-10-06T17:56:19.2035258Z -- [INFO] Downloading from central: https://repo.maven.apache.org/maven2/org/apache/maven/surefire/surefire-providers/3.5.3/surefire-providers-3.5.3.pom
Base IT (4)	UNKNOWN STEP	2025-10-06T17:56:19.2678205Z -- [INFO] Downloaded from central: https://repo.maven.apache.org/maven2/org/apache/maven/surefire/surefire-providers/3.5.3/surefire-providers-3.5.3.pom (2.5 kB at 40 kB/s)
Base IT (4)	UNKNOWN STEP	2025-10-06T17:56:19.2700366Z -- [INFO] Downloading from jboss-public-repository: https://repository.jboss.org/nexus/content/groups/public/org/apache/maven/surefire/common-java5/3.5.3/common-java5-3.5.3.pom
Base IT (4)	UNKNOWN STEP	2025-10-06T17:56:19.2896282Z -- [INFO] Downloading from central: https://repo.maven.apache.org/maven2/org/apache/maven/surefire/common-java5/3.5.3/common-java5-3.5.3.pom
Base IT (4)	UNKNOWN STEP	2025-10-06T17:56:19.3554921Z -- [INFO] Downloaded from central: https://repo.maven.apache.org/maven2/org/apache/maven/surefire/common-java5/3.5.3/common-java5-3.5.3.pom (3.1 kB at 46 kB/s)
Base IT (4)	UNKNOWN STEP	2025-10-06T17:56:19.3586376Z -- [INFO] Downloading from jboss-public-repository: https://repository.jboss.org/nexus/content/groups/public/org/apache/maven/surefire/common-junit4/3.5.3/common-junit4-3.5.3.pom
Base IT (4)	UNKNOWN STEP	2025-10-06T17:56:19.4647902Z -- [INFO] Downloading from central: https://repo.maven.apache.org/maven2/org/apache/maven/surefire/common-junit4/3.5.3/common-junit4-3.5.3.pom
Base IT (4)	UNKNOWN STEP	2025-10-06T17:56:19.5220973Z -- [INFO] Downloaded from central: https://repo.maven.apache.org/maven2/org/apache/maven/surefire/common-junit4/3.5.3/common-junit4-3.5.3.pom (3.4 kB at 59 kB/s)
Base IT (4)	UNKNOWN STEP	2025-10-06T17:56:19.5265128Z -- [INFO] Downloading from jboss-public-repository: https://repository.jboss.org/nexus/content/groups/public/org/apache/maven/surefire/common-junit3/3.5.3/common-junit3-3.5.3.pom
Base IT (4)	UNKNOWN STEP	2025-10-06T17:56:19.6958064Z -- [INFO] Downloading from central: https://repo.maven.apache.org/maven2/org/apache/maven/surefire/common-junit3/3.5.3/common-junit3-3.5.3.pom
Base IT (4)	UNKNOWN STEP	2025-10-06T17:56:19.7609986Z -- [INFO] Downloaded from central: https://repo.maven.apache.org/maven2/org/apache/maven/surefire/common-junit3/3.5.3/common-junit3-3.5.3.pom (2.7 kB at 42 kB/s)
Base IT (4)	UNKNOWN STEP	2025-10-06T17:56:19.7646936Z -- [INFO] Downloading from jboss-public-repository: https://repository.jboss.org/nexus/content/groups/public/org/apache/maven/surefire/surefire-junit4/3.5.3/surefire-junit4-3.5.3.jar
Base IT (4)	UNKNOWN STEP	2025-10-06T17:56:19.9451342Z -- [INFO] Downloading from jboss-public-repository: https://repository.jboss.org/nexus/content/groups/public/org/apache/maven/surefire/common-java5/3.5.3/common-java5-3.5.3.jar
Base IT (4)	UNKNOWN STEP	2025-10-06T17:56:19.9456342Z -- [INFO] Downloading from jboss-public-repository: https://repository.jboss.org/nexus/content/groups/public/org/apache/maven/surefire/common-junit4/3.5.3/common-junit4-3.5.3.jar
Base IT (4)	UNKNOWN STEP	2025-10-06T17:56:19.9458638Z -- [INFO] Downloading from jboss-public-repository: https://repository.jboss.org/nexus/content/groups/public/org/apache/maven/surefire/common-junit3/3.5.3/common-junit3-3.5.3.jar
Base IT (4)	UNKNOWN STEP	2025-10-06T17:56:20.1013717Z -- [INFO] Downloading from central: https://repo.maven.apache.org/maven2/org/apache/maven/surefire/surefire-junit4/3.5.3/surefire-junit4-3.5.3.jar
Base IT (4)	UNKNOWN STEP	2025-10-06T17:56:20.1448348Z -- [INFO] Downloaded from central: https://repo.maven.apache.org/maven2/org/apache/maven/surefire/surefire-junit4/3.5.3/surefire-junit4-3.5.3.jar (18 kB at 416 kB/s)
Base IT (4)	UNKNOWN STEP	2025-10-06T17:56:20.1451679Z -- [INFO] Downloading from central: https://repo.maven.apache.org/maven2/org/apache/maven/surefire/common-java5/3.5.3/common-java5-3.5.3.jar
Base IT (4)	UNKNOWN STEP	2025-10-06T17:56:20.1462858Z -- [INFO] Downloading from central: https://repo.maven.apache.org/maven2/org/apache/maven/surefire/common-junit4/3.5.3/common-junit4-3.5.3.jar
Base IT (4)	UNKNOWN STEP	2025-10-06T17:56:20.1464774Z -- [INFO] Downloading from central: https://repo.maven.apache.org/maven2/org/apache/maven/surefire/common-junit3/3.5.3/common-junit3-3.5.3.jar
Base IT (4)	UNKNOWN STEP	2025-10-06T17:56:20.1821853Z -- [INFO] Downloaded from central: https://repo.maven.apache.org/maven2/org/apache/maven/surefire/common-java5/3.5.3/common-java5-3.5.3.jar (18 kB at 463 kB/s)
Base IT (4)	UNKNOWN STEP	2025-10-06T17:56:20.2007302Z -- [INFO] Downloaded from central: https://repo.maven.apache.org/maven2/org/apache/maven/surefire/common-junit4/3.5.3/common-junit4-3.5.3.jar (26 kB at 454 kB/s)
Base IT (4)	UNKNOWN STEP	2025-10-06T17:56:20.2262382Z -- [INFO] Downloaded from central: https://repo.maven.apache.org/maven2/org/apache/maven/surefire/common-junit3/3.5.3/common-junit3-3.5.3.jar (12 kB at 149 kB/s)
Base IT (4)	UNKNOWN STEP	2025-10-06T17:56:20.2573683Z -- [INFO] 
Base IT (4)	UNKNOWN STEP	2025-10-06T17:56:20.2575637Z -- [INFO] -------------------------------------------------------
Base IT (4)	UNKNOWN STEP	2025-10-06T17:56:20.2576073Z -- [INFO]  T E S T S
Base IT (4)	UNKNOWN STEP	2025-10-06T17:56:20.2576431Z -- [INFO] -------------------------------------------------------
Base IT (4)	UNKNOWN STEP	2025-10-06T17:56:21.5616034Z -- 17:56:21,554 INFO  [org.keycloak.testsuite.util.NonIDERunListener] Setting keycloak.logging.level to off. Keycloak server logging will be disabled
Base IT (4)	UNKNOWN STEP	2025-10-06T17:56:21.5664161Z [INFO] Running org.keycloak.testsuite.account.AccountRestServiceCorsTest
Base IT (4)	UNKNOWN STEP	2025-10-06T17:56:57.7358614Z [INFO] Tests run: 8, Failures: 0, Errors: 0, Skipped: 0, Time elapsed: 36.09 s -- in org.keycloak.testsuite.account.AccountRestServiceCorsTest
Base IT (4)	UNKNOWN STEP	2025-10-06T17:56:57.7364090Z [INFO] Running org.keycloak.testsuite.account.AccountRestServiceLightweightTokenTest
Base IT (4)	UNKNOWN STEP	2025-10-06T17:57:16.7360606Z [INFO] Tests run: 52, Failures: 0, Errors: 0, Skipped: 0, Time elapsed: 18.97 s -- in org.keycloak.testsuite.account.AccountRestServiceLightweightTokenTest
Base IT (4)	UNKNOWN STEP	2025-10-06T17:57:16.7368560Z [INFO] Running org.keycloak.testsuite.account.AccountRestServiceReadOnlyAttributesTest
Base IT (4)	UNKNOWN STEP	2025-10-06T17:57:21.4760110Z [INFO] Tests run: 3, Failures: 0, Errors: 0, Skipped: 0, Time elapsed: 4.712 s -- in org.keycloak.testsuite.account.AccountRestServiceReadOnlyAttributesTest
Base IT (4)	UNKNOWN STEP	2025-10-06T17:57:21.4774974Z [INFO] Running org.keycloak.testsuite.account.AccountRestServiceTest
Base IT (4)	UNKNOWN STEP	2025-10-06T17:57:35.9763660Z [INFO] Tests run: 52, Failures: 0, Errors: 0, Skipped: 0, Time elapsed: 14.48 s -- in org.keycloak.testsuite.account.AccountRestServiceTest
Base IT (4)	UNKNOWN STEP	2025-10-06T17:57:35.9767523Z [INFO] Running org.keycloak.testsuite.account.AccountRestServiceWithUserProfileTest
Base IT (4)	UNKNOWN STEP	2025-10-06T17:57:40.5427986Z [INFO] Tests run: 9, Failures: 0, Errors: 0, Skipped: 0, Time elapsed: 4.476 s -- in org.keycloak.testsuite.account.AccountRestServiceWithUserProfileTest
Base IT (4)	UNKNOWN STEP	2025-10-06T17:57:40.5439316Z [INFO] Running org.keycloak.testsuite.account.LinkedAccountsRestServiceTest
Base IT (4)	UNKNOWN STEP	2025-10-06T17:57:44.4261191Z [INFO] Tests run: 8, Failures: 0, Errors: 0, Skipped: 0, Time elapsed: 3.856 s -- in org.keycloak.testsuite.account.LinkedAccountsRestServiceTest
Base IT (4)	UNKNOWN STEP	2025-10-06T17:57:44.4276546Z [INFO] Running org.keycloak.testsuite.account.ResourcesRestServiceTest
Base IT (4)	UNKNOWN STEP	2025-10-06T17:58:02.1227490Z [INFO] Tests run: 17, Failures: 0, Errors: 0, Skipped: 0, Time elapsed: 17.67 s -- in org.keycloak.testsuite.account.ResourcesRestServiceTest
Base IT (4)	UNKNOWN STEP	2025-10-06T17:58:02.1228777Z [INFO] Running org.keycloak.testsuite.account.SessionRestServiceTest
Base IT (4)	UNKNOWN STEP	2025-10-06T17:58:07.4896764Z [WARNING] Tests run: 9, Failures: 0, Errors: 0, Skipped: 1, Time elapsed: 5.353 s -- in org.keycloak.testsuite.account.SessionRestServiceTest
Base IT (4)	UNKNOWN STEP	2025-10-06T17:58:07.4898389Z [INFO] Running org.keycloak.testsuite.account.custom.CustomAuthFlowCookieTest
Base IT (4)	UNKNOWN STEP	2025-10-06T17:58:08.9380618Z [INFO] Tests run: 2, Failures: 0, Errors: 0, Skipped: 0, Time elapsed: 1.434 s -- in org.keycloak.testsuite.account.custom.CustomAuthFlowCookieTest
Base IT (4)	UNKNOWN STEP	2025-10-06T17:58:08.9389781Z [INFO] Running org.keycloak.testsuite.account.custom.CustomAuthFlowOTPTest
Base IT (4)	UNKNOWN STEP	2025-10-06T17:58:25.4496080Z [INFO] Tests run: 17, Failures: 0, Errors: 0, Skipped: 0, Time elapsed: 16.49 s -- in org.keycloak.testsuite.account.custom.CustomAuthFlowOTPTest
Base IT (4)	UNKNOWN STEP	2025-10-06T17:58:25.4497294Z [INFO] Running org.keycloak.testsuite.cli.admin.KcAdmCreateTest
Base IT (4)	UNKNOWN STEP	2025-10-06T17:58:37.4761312Z [INFO] Tests run: 3, Failures: 0, Errors: 0, Skipped: 0, Time elapsed: 12.00 s -- in org.keycloak.testsuite.cli.admin.KcAdmCreateTest
Base IT (4)	UNKNOWN STEP	2025-10-06T17:58:37.4762719Z [INFO] Running org.keycloak.testsuite.cli.admin.KcAdmSessionTest
Base IT (4)	UNKNOWN STEP	2025-10-06T17:59:34.2107315Z [INFO] Tests run: 2, Failures: 0, Errors: 0, Skipped: 0, Time elapsed: 56.72 s -- in org.keycloak.testsuite.cli.admin.KcAdmSessionTest
Base IT (4)	UNKNOWN STEP	2025-10-06T17:59:34.2108427Z [INFO] Running org.keycloak.testsuite.cli.admin.KcAdmTest
Base IT (4)	UNKNOWN STEP	2025-10-06T18:01:27.6339267Z [INFO] Tests run: 30, Failures: 0, Errors: 0, Skipped: 0, Time elapsed: 113.4 s -- in org.keycloak.testsuite.cli.admin.KcAdmTest
Base IT (4)	UNKNOWN STEP	2025-10-06T18:01:27.6347964Z [INFO] Running org.keycloak.testsuite.cli.admin.KcAdmTruststoreTest
Base IT (4)	UNKNOWN STEP	2025-10-06T18:01:39.9974511Z [INFO] Tests run: 1, Failures: 0, Errors: 0, Skipped: 0, Time elapsed: 12.35 s -- in org.keycloak.testsuite.cli.admin.KcAdmTruststoreTest
Base IT (4)	UNKNOWN STEP	2025-10-06T18:01:39.9975742Z [INFO] Running org.keycloak.testsuite.cli.admin.KcAdmUpdateTest
Base IT (4)	UNKNOWN STEP	2025-10-06T18:01:53.5287962Z [INFO] Tests run: 2, Failures: 0, Errors: 0, Skipped: 0, Time elapsed: 13.52 s -- in org.keycloak.testsuite.cli.admin.KcAdmUpdateTest
Base IT (4)	UNKNOWN STEP	2025-10-06T18:01:53.5324508Z [INFO] Running org.keycloak.testsuite.cli.registration.KcRegConfigTest
Base IT (4)	UNKNOWN STEP	2025-10-06T18:02:01.3209060Z [INFO] Tests run: 2, Failures: 0, Errors: 0, Skipped: 0, Time elapsed: 7.778 s -- in org.keycloak.testsuite.cli.registration.KcRegConfigTest
Base IT (4)	UNKNOWN STEP	2025-10-06T18:02:01.3214861Z [INFO] Running org.keycloak.testsuite.cli.registration.KcRegCreateTest
Base IT (4)	UNKNOWN STEP	2025-10-06T18:02:20.8110129Z [INFO] Tests run: 3, Failures: 0, Errors: 0, Skipped: 0, Time elapsed: 19.47 s -- in org.keycloak.testsuite.cli.registration.KcRegCreateTest
Base IT (4)	UNKNOWN STEP	2025-10-06T18:02:20.8116094Z [INFO] Running org.keycloak.testsuite.cli.registration.KcRegTest
Base IT (4)	UNKNOWN STEP	2025-10-06T18:03:57.1682530Z [INFO] Tests run: 24, Failures: 0, Errors: 0, Skipped: 0, Time elapsed: 96.34 s -- in org.keycloak.testsuite.cli.registration.KcRegTest
Base IT (4)	UNKNOWN STEP	2025-10-06T18:03:57.1689815Z [INFO] Running org.keycloak.testsuite.cli.registration.KcRegTruststoreTest
Base IT (4)	UNKNOWN STEP	2025-10-06T18:04:11.9487244Z [INFO] Tests run: 2, Failures: 0, Errors: 0, Skipped: 0, Time elapsed: 14.76 s -- in org.keycloak.testsuite.cli.registration.KcRegTruststoreTest
Base IT (4)	UNKNOWN STEP	2025-10-06T18:04:11.9488552Z [INFO] Running org.keycloak.testsuite.cli.registration.KcRegUpdateTest
Base IT (4)	UNKNOWN STEP	2025-10-06T18:04:22.9662855Z [INFO] Tests run: 1, Failures: 0, Errors: 0, Skipped: 0, Time elapsed: 11.01 s -- in org.keycloak.testsuite.cli.registration.KcRegUpdateTest
Base IT (4)	UNKNOWN STEP	2025-10-06T18:04:22.9667875Z [INFO] Running org.keycloak.testsuite.cli.registration.KcRegUpdateTokenTest
Base IT (4)	UNKNOWN STEP	2025-10-06T18:04:29.5235035Z [INFO] Tests run: 1, Failures: 0, Errors: 0, Skipped: 0, Time elapsed: 6.544 s -- in org.keycloak.testsuite.cli.registration.KcRegUpdateTokenTest
Base IT (4)	UNKNOWN STEP	2025-10-06T18:04:29.5236646Z [INFO] Running org.keycloak.testsuite.client.AdapterInstallationConfigTest
Base IT (4)	UNKNOWN STEP	2025-10-06T18:04:32.4408226Z [INFO] Tests run: 5, Failures: 0, Errors: 0, Skipped: 0, Time elapsed: 2.903 s -- in org.keycloak.testsuite.client.AdapterInstallationConfigTest
Base IT (4)	UNKNOWN STEP	2025-10-06T18:04:32.4409451Z [INFO] Running org.keycloak.testsuite.client.CIBATest
Base IT (4)	UNKNOWN STEP	2025-10-06T18:04:49.0793509Z [WARNING] Tests run: 59, Failures: 0, Errors: 0, Skipped: 1, Time elapsed: 16.62 s -- in org.keycloak.testsuite.client.CIBATest
Base IT (4)	UNKNOWN STEP	2025-10-06T18:04:49.0796503Z [INFO] Running org.keycloak.testsuite.client.ClientRedirectTest
Base IT (4)	UNKNOWN STEP	2025-10-06T18:05:25.7727834Z --------- org.keycloak.testsuite.client.ClientRedirectTest output start ---------
Base IT (4)	UNKNOWN STEP	2025-10-06T18:05:25.7729577Z ClientRedirectTest ++ 18:04:49,067 INFO  [org.keycloak.testsuite.arquillian.AppServerTestEnricher] 
Base IT (4)	UNKNOWN STEP	2025-10-06T18:05:25.7765494Z ClientRedirectTest ++ 
Base IT (4)	UNKNOWN STEP	2025-10-06T18:05:25.7766762Z ClientRedirectTest ++ TEST CONTEXT: org.keycloak.testsuite.client.ClientRedirectTest
Base IT (4)	UNKNOWN STEP	2025-10-06T18:05:25.7767657Z ClientRedirectTest ++ 
Base IT (4)	UNKNOWN STEP	2025-10-06T18:05:25.7768851Z ClientRedirectTest ++ 18:04:49,068 INFO  [org.keycloak.testsuite.client.ClientRedirectTest] [ClientRedirectTest] testClientRedirectEndpoint() STARTED
Base IT (4)	UNKNOWN STEP	2025-10-06T18:05:25.7772929Z ClientRedirectTest ++ Oct 06, 2025 6:04:49 PM org.jboss.arquillian.drone.webdriver.factory.HtmlUnitDriverFactory setClientOptions
Base IT (4)	UNKNOWN STEP	2025-10-06T18:05:25.7836521Z ClientRedirectTest ++ INFO: Setting HtmlDriver web client options: {htmlunitCssEnabled=false, htmlunitHistoryPageCacheLimit=1}
Base IT (4)	UNKNOWN STEP	2025-10-06T18:05:25.7838676Z ClientRedirectTest ++ 18:04:49,079 INFO  [org.keycloak.testsuite.drone.KeycloakDronePostSetup] Configuring driver settings. implicitWait=2000, pageLoadTimeout=10000
Base IT (4)	UNKNOWN STEP	2025-10-06T18:05:25.7840745Z ClientRedirectTest ++ 18:04:49,079 INFO  [org.keycloak.testsuite.drone.KeycloakDronePostSetup] Check HtmlUnit driver TLS settings
Base IT (4)	UNKNOWN STEP	2025-10-06T18:05:25.7842442Z ClientRedirectTest ++ 18:04:49,127 INFO  [org.keycloak.testsuite.util.URLUtils] starting navigation
Base IT (4)	UNKNOWN STEP	2025-10-06T18:05:25.7843788Z ClientRedirectTest ++ 18:04:49,128 INFO  [org.keycloak.testsuite.util.URLUtils] current URL:  about:blank
Base IT (4)	UNKNOWN STEP	2025-10-06T18:05:25.7845302Z ClientRedirectTest ++ 18:04:49,128 INFO  [org.keycloak.testsuite.util.URLUtils] navigating to https://localhost:8543/auth/realms/test/testing/blank
Base IT (4)	UNKNOWN STEP	2025-10-06T18:05:25.7847039Z ClientRedirectTest ++ 18:04:49,144 INFO  [org.keycloak.testsuite.util.URLUtils] new current URL:  https://localhost:8543/auth/realms/test/testing/blank
Base IT (4)	UNKNOWN STEP	2025-10-06T18:05:25.7848485Z ClientRedirectTest ++ 18:04:49,144 INFO  [org.keycloak.testsuite.util.URLUtils] navigation complete
Base IT (4)	UNKNOWN STEP	2025-10-06T18:05:25.7849778Z ClientRedirectTest ++ 18:04:49,144 INFO  [org.keycloak.testsuite.client.ClientRedirectTest] deleting cookies in 'test' realm
Base IT (4)	UNKNOWN STEP	2025-10-06T18:05:25.7851229Z ClientRedirectTest ++ 18:04:49,147 DEBUG [org.keycloak.testsuite.client.ClientRedirectTest] loading test realms
Base IT (4)	UNKNOWN STEP	2025-10-06T18:05:25.7852737Z ClientRedirectTest ++ 18:04:49,147 DEBUG [org.keycloak.testsuite.client.ClientRedirectTest] Adding test realm for import from testrealm.json
Base IT (4)	UNKNOWN STEP	2025-10-06T18:05:25.7854483Z ClientRedirectTest ++ 18:04:49,147 INFO  [org.keycloak.testsuite.client.ClientRedirectTest] importing test realms
Base IT (4)	UNKNOWN STEP	2025-10-06T18:05:25.7855981Z ClientRedirectTest ++ 18:04:49,147 DEBUG [org.keycloak.testsuite.client.ClientRedirectTest] Modifying login theme to keycloak.v2
Base IT (4)	UNKNOWN STEP	2025-10-06T18:05:25.7857534Z ClientRedirectTest ++ 18:04:49,147 DEBUG [org.keycloak.testsuite.client.ClientRedirectTest] --importing realm: test
Base IT (4)	UNKNOWN STEP	2025-10-06T18:05:25.7858931Z ClientRedirectTest ++ 18:05:01,021 INFO  [org.keycloak.testsuite.client.ClientRedirectTest] calling all TestCleanup
Base IT (4)	UNKNOWN STEP	2025-10-06T18:05:25.7860536Z ClientRedirectTest ++ 18:05:01,041 ERROR [org.keycloak.testsuite.client.ClientRedirectTest] [ClientRedirectTest] testClientRedirectEndpoint() FAILED
Base IT (4)	UNKNOWN STEP	2025-10-06T18:05:25.7862391Z ClientRedirectTest ++ 18:05:01,041 INFO  [org.keycloak.testsuite.client.ClientRedirectTest] [ClientRedirectTest] testClientRedirectEndpoint() FINISHED
Base IT (4)	UNKNOWN STEP	2025-10-06T18:05:25.7863792Z ClientRedirectTest ++ 
Base IT (4)	UNKNOWN STEP	2025-10-06T18:05:25.7864179Z ClientRedirectTest ++ 
Base IT (4)	UNKNOWN STEP	2025-10-06T18:05:25.7865522Z ClientRedirectTest ++ 18:05:01,041 INFO  [org.keycloak.testsuite.client.ClientRedirectTest] [ClientRedirectTest] testRedirectStatusCode() STARTED
Base IT (4)	UNKNOWN STEP	2025-10-06T18:05:25.7867007Z ClientRedirectTest ++ 18:05:01,084 INFO  [org.keycloak.testsuite.util.URLUtils] starting navigation
Base IT (4)	UNKNOWN STEP	2025-10-06T18:05:25.7869957Z ClientRedirectTest ++ 18:05:01,084 INFO  [org.keycloak.testsuite.util.URLUtils] current URL:  https://localhost:8543/auth/realms/master/app/auth?session_state=5da61fd1-c687-bf89-51cb-4cdde4dff8e8&iss=https%3A%2F%2Flocalhost%3A8543%2Fauth%2Frealms%2Ftest&code=f3ac4ee3-66ff-9f16-7143-56b0ea1e9c55.5da61fd1-c687-bf89-51cb-4cdde4dff8e8.72120276-0c0f-4e24-a00f-cf717fa999ed
Base IT (4)	UNKNOWN STEP	2025-10-06T18:05:25.7873458Z ClientRedirectTest ++ 18:05:01,084 INFO  [org.keycloak.testsuite.util.URLUtils] navigating to https://localhost:8543/auth/realms/test/testing/blank
Base IT (4)	UNKNOWN STEP	2025-10-06T18:05:25.7875206Z ClientRedirectTest ++ 18:05:01,090 INFO  [org.keycloak.testsuite.util.URLUtils] new current URL:  https://localhost:8543/auth/realms/test/testing/blank
Base IT (4)	UNKNOWN STEP	2025-10-06T18:05:25.7876660Z ClientRedirectTest ++ 18:05:01,090 INFO  [org.keycloak.testsuite.util.URLUtils] navigation complete
Base IT (4)	UNKNOWN STEP	2025-10-06T18:05:25.7877959Z ClientRedirectTest ++ 18:05:01,090 INFO  [org.keycloak.testsuite.client.ClientRedirectTest] deleting cookies in 'test' realm
Base IT (4)	UNKNOWN STEP	2025-10-06T18:05:25.7879411Z ClientRedirectTest ++ 18:05:01,216 INFO  [org.keycloak.testsuite.client.ClientRedirectTest] calling all TestCleanup
Base IT (4)	UNKNOWN STEP	2025-10-06T18:05:25.7880995Z ClientRedirectTest ++ 18:05:01,219 INFO  [org.keycloak.testsuite.client.ClientRedirectTest] [ClientRedirectTest] testRedirectStatusCode() FINISHED
Base IT (4)	UNKNOWN STEP	2025-10-06T18:05:25.7882134Z ClientRedirectTest ++ 
Base IT (4)	UNKNOWN STEP	2025-10-06T18:05:25.7882769Z ClientRedirectTest ++ 
Base IT (4)	UNKNOWN STEP	2025-10-06T18:05:25.7884259Z ClientRedirectTest ++ 18:05:01,219 INFO  [org.keycloak.testsuite.client.ClientRedirectTest] [ClientRedirectTest] testRedirectToDisabledClientRedirectURI() STARTED
Base IT (4)	UNKNOWN STEP	2025-10-06T18:05:25.7885908Z ClientRedirectTest ++ 18:05:01,269 INFO  [org.keycloak.testsuite.util.URLUtils] starting navigation
Base IT (4)	UNKNOWN STEP	2025-10-06T18:05:25.7888738Z ClientRedirectTest ++ 18:05:01,269 INFO  [org.keycloak.testsuite.util.URLUtils] current URL:  https://localhost:8543/auth/realms/master/app/auth?session_state=12641f42-606e-c70d-b005-7d947c103843&iss=https%3A%2F%2Flocalhost%3A8543%2Fauth%2Frealms%2Ftest&code=4eada7d1-d689-549f-5ba0-57a51125d49c.12641f42-606e-c70d-b005-7d947c103843.72120276-0c0f-4e24-a00f-cf717fa999ed
Base IT (4)	UNKNOWN STEP	2025-10-06T18:05:25.7891879Z ClientRedirectTest ++ 18:05:01,269 INFO  [org.keycloak.testsuite.util.URLUtils] navigating to https://localhost:8543/auth/realms/test/testing/blank
Base IT (4)	UNKNOWN STEP	2025-10-06T18:05:25.7893828Z ClientRedirectTest ++ 18:05:01,273 INFO  [org.keycloak.testsuite.util.URLUtils] new current URL:  https://localhost:8543/auth/realms/test/testing/blank
Base IT (4)	UNKNOWN STEP	2025-10-06T18:05:25.7895259Z ClientRedirectTest ++ 18:05:01,273 INFO  [org.keycloak.testsuite.util.URLUtils] navigation complete
Base IT (4)	UNKNOWN STEP	2025-10-06T18:05:25.7896558Z ClientRedirectTest ++ 18:05:01,273 INFO  [org.keycloak.testsuite.client.ClientRedirectTest] deleting cookies in 'test' realm
Base IT (4)	UNKNOWN STEP	2025-10-06T18:05:25.7898161Z ClientRedirectTest ++ 18:05:01,273 DEBUG [org.keycloak.testsuite.client.ClientRedirectTest] Creating disabled-client with redirect uri "*"
Base IT (4)	UNKNOWN STEP	2025-10-06T18:05:25.7899589Z ClientRedirectTest ++ 18:05:01,283 DEBUG [org.keycloak.testsuite.client.ClientRedirectTest] log in
Base IT (4)	UNKNOWN STEP	2025-10-06T18:05:25.7926269Z ClientRedirectTest ++ 18:05:01,410 DEBUG [org.keycloak.testsuite.client.ClientRedirectTest] log out using: https://localhost:8543/auth/realms/test/protocol/openid-connect/logout?post_logout_redirect_uri=http%3A%2F%2Fexample.org%2Fredirected&id_token_hint=***
Base IT (4)	UNKNOWN STEP	2025-10-06T18:05:25.7929392Z ClientRedirectTest ++ 2025-10-06 18:05:01,415 WARN  [org.keycloak.events] (executor-thread-3) type="LOGOUT_ERROR", realmId="test", realmName="test", clientId="test-app", userId="null", ipAddress="127.0.0.1", error="invalid_redirect_uri", redirect_uri="http://example.org/redirected"
Base IT (4)	UNKNOWN STEP	2025-10-06T18:05:25.7955469Z ClientRedirectTest ++ 18:05:01,443 DEBUG [org.keycloak.testsuite.client.ClientRedirectTest] Current URL: https://localhost:8543/auth/realms/test/protocol/openid-connect/logout?post_logout_redirect_uri=http%3A%2F%2Fexample.org%2Fredirected&id_token_hint=***
Base IT (4)	UNKNOWN STEP	2025-10-06T18:05:25.7957697Z ClientRedirectTest ++ 18:05:01,443 DEBUG [org.keycloak.testsuite.client.ClientRedirectTest] check logout_error
Base IT (4)	UNKNOWN STEP	2025-10-06T18:05:25.7958966Z ClientRedirectTest ++ 18:05:01,451 DEBUG [org.keycloak.testsuite.client.ClientRedirectTest] removing disabled-client
Base IT (4)	UNKNOWN STEP	2025-10-06T18:05:25.7960120Z ClientRedirectTest ++ 18:05:01,459 INFO  [org.keycloak.testsuite.client.ClientRedirectTest] calling all TestCleanup
Base IT (4)	UNKNOWN STEP	2025-10-06T18:05:25.7961526Z ClientRedirectTest ++ 18:05:01,462 INFO  [org.keycloak.testsuite.client.ClientRedirectTest] [ClientRedirectTest] testRedirectToDisabledClientRedirectURI() FINISHED
Base IT (4)	UNKNOWN STEP	2025-10-06T18:05:25.7962631Z ClientRedirectTest ++ 
Base IT (4)	UNKNOWN STEP	2025-10-06T18:05:25.7962946Z ClientRedirectTest ++ 
Base IT (4)	UNKNOWN STEP	2025-10-06T18:05:25.7964066Z ClientRedirectTest ++ 18:05:01,462 INFO  [org.keycloak.testsuite.arquillian.AuthServerTestEnricher] removing test realms after test class
Base IT (4)	UNKNOWN STEP	2025-10-06T18:05:25.7965569Z ClientRedirectTest ++ 18:05:01,641 INFO  [org.keycloak.testsuite.arquillian.AuthServerTestEnricher] removed realms: test, 
Base IT (4)	UNKNOWN STEP	2025-10-06T18:05:25.7966825Z ClientRedirectTest ++ 18:05:01,652 INFO  [org.keycloak.testsuite.arquillian.AppServerTestEnricher] 
Base IT (4)	UNKNOWN STEP	2025-10-06T18:05:25.7967523Z ClientRedirectTest ++ 
Base IT (4)	UNKNOWN STEP	2025-10-06T18:05:25.7968111Z ClientRedirectTest ++ TEST CONTEXT: org.keycloak.testsuite.client.ClientRedirectTest
Base IT (4)	UNKNOWN STEP	2025-10-06T18:05:25.7968810Z ClientRedirectTest ++ 
Base IT (4)	UNKNOWN STEP	2025-10-06T18:05:25.7969826Z ClientRedirectTest ++ 18:05:01,653 INFO  [org.keycloak.testsuite.client.ClientRedirectTest] [ClientRedirectTest] testClientRedirectEndpoint() STARTED
Base IT (4)	UNKNOWN STEP	2025-10-06T18:05:25.7971597Z ClientRedirectTest ++ Oct 06, 2025 6:05:01 PM org.jboss.arquillian.drone.webdriver.factory.HtmlUnitDriverFactory setClientOptions
Base IT (4)	UNKNOWN STEP	2025-10-06T18:05:25.7973066Z ClientRedirectTest ++ INFO: Setting HtmlDriver web client options: {htmlunitCssEnabled=false, htmlunitHistoryPageCacheLimit=1}
Base IT (4)	UNKNOWN STEP	2025-10-06T18:05:25.7974823Z ClientRedirectTest ++ 18:05:01,661 INFO  [org.keycloak.testsuite.drone.KeycloakDronePostSetup] Configuring driver settings. implicitWait=2000, pageLoadTimeout=10000
Base IT (4)	UNKNOWN STEP	2025-10-06T18:05:25.7976433Z ClientRedirectTest ++ 18:05:01,661 INFO  [org.keycloak.testsuite.drone.KeycloakDronePostSetup] Check HtmlUnit driver TLS settings
Base IT (4)	UNKNOWN STEP	2025-10-06T18:05:25.7977646Z ClientRedirectTest ++ 18:05:01,735 INFO  [org.keycloak.testsuite.util.URLUtils] starting navigation
Base IT (4)	UNKNOWN STEP	2025-10-06T18:05:25.7978764Z ClientRedirectTest ++ 18:05:01,735 INFO  [org.keycloak.testsuite.util.URLUtils] current URL:  about:blank
Base IT (4)	UNKNOWN STEP	2025-10-06T18:05:25.7980241Z ClientRedirectTest ++ 18:05:01,735 INFO  [org.keycloak.testsuite.util.URLUtils] navigating to https://localhost:8543/auth/realms/test/testing/blank
Base IT (4)	UNKNOWN STEP	2025-10-06T18:05:25.7981784Z ClientRedirectTest ++ 18:05:01,747 INFO  [org.keycloak.testsuite.util.URLUtils] new current URL:  https://localhost:8543/auth/realms/test/testing/blank
Base IT (4)	UNKNOWN STEP	2025-10-06T18:05:25.7983107Z ClientRedirectTest ++ 18:05:01,747 INFO  [org.keycloak.testsuite.util.URLUtils] navigation complete
Base IT (4)	UNKNOWN STEP	2025-10-06T18:05:25.7984582Z ClientRedirectTest ++ 18:05:01,747 INFO  [org.keycloak.testsuite.client.ClientRedirectTest] deleting cookies in 'test' realm
Base IT (4)	UNKNOWN STEP	2025-10-06T18:05:25.7985978Z ClientRedirectTest ++ 18:05:01,751 DEBUG [org.keycloak.testsuite.client.ClientRedirectTest] loading test realms
Base IT (4)	UNKNOWN STEP	2025-10-06T18:05:25.7987484Z ClientRedirectTest ++ 18:05:01,751 DEBUG [org.keycloak.testsuite.client.ClientRedirectTest] Adding test realm for import from testrealm.json
Base IT (4)	UNKNOWN STEP	2025-10-06T18:05:25.7989076Z ClientRedirectTest ++ 18:05:01,752 INFO  [org.keycloak.testsuite.client.ClientRedirectTest] importing test realms
Base IT (4)	UNKNOWN STEP	2025-10-06T18:05:25.7990509Z ClientRedirectTest ++ 18:05:01,752 DEBUG [org.keycloak.testsuite.client.ClientRedirectTest] Modifying login theme to keycloak.v2
Base IT (4)	UNKNOWN STEP	2025-10-06T18:05:25.7991970Z ClientRedirectTest ++ 18:05:01,752 DEBUG [org.keycloak.testsuite.client.ClientRedirectTest] --importing realm: test
Base IT (4)	UNKNOWN STEP	2025-10-06T18:05:25.7993723Z ClientRedirectTest ++ 18:05:13,479 INFO  [org.keycloak.testsuite.client.ClientRedirectTest] calling all TestCleanup
Base IT (4)	UNKNOWN STEP	2025-10-06T18:05:25.7995375Z ClientRedirectTest ++ 18:05:13,483 ERROR [org.keycloak.testsuite.client.ClientRedirectTest] [ClientRedirectTest] testClientRedirectEndpoint() FAILED
Base IT (4)	UNKNOWN STEP	2025-10-06T18:05:25.7997202Z ClientRedirectTest ++ 18:05:13,483 INFO  [org.keycloak.testsuite.client.ClientRedirectTest] [ClientRedirectTest] testClientRedirectEndpoint() FINISHED
Base IT (4)	UNKNOWN STEP	2025-10-06T18:05:25.7998352Z ClientRedirectTest ++ 
Base IT (4)	UNKNOWN STEP	2025-10-06T18:05:25.7998735Z ClientRedirectTest ++ 
Base IT (4)	UNKNOWN STEP	2025-10-06T18:05:25.7999730Z ClientRedirectTest ++ 18:05:13,483 INFO  [org.keycloak.testsuite.arquillian.AuthServerTestEnricher] removing test realms after test class
Base IT (4)	UNKNOWN STEP	2025-10-06T18:05:25.8001337Z ClientRedirectTest ++ 18:05:13,646 INFO  [org.keycloak.testsuite.arquillian.AuthServerTestEnricher] removed realms: test, 
Base IT (4)	UNKNOWN STEP	2025-10-06T18:05:25.8002692Z ClientRedirectTest ++ 18:05:13,656 INFO  [org.keycloak.testsuite.arquillian.AppServerTestEnricher] 
Base IT (4)	UNKNOWN STEP	2025-10-06T18:05:25.8003684Z ClientRedirectTest ++ 
Base IT (4)	UNKNOWN STEP	2025-10-06T18:05:25.8004353Z ClientRedirectTest ++ TEST CONTEXT: org.keycloak.testsuite.client.ClientRedirectTest
Base IT (4)	UNKNOWN STEP	2025-10-06T18:05:25.8005080Z ClientRedirectTest ++ 
Base IT (4)	UNKNOWN STEP	2025-10-06T18:05:25.8006043Z ClientRedirectTest ++ 18:05:13,656 INFO  [org.keycloak.testsuite.client.ClientRedirectTest] [ClientRedirectTest] testClientRedirectEndpoint() STARTED
Base IT (4)	UNKNOWN STEP	2025-10-06T18:05:25.8007573Z ClientRedirectTest ++ Oct 06, 2025 6:05:13 PM org.jboss.arquillian.drone.webdriver.factory.HtmlUnitDriverFactory setClientOptions
Base IT (4)	UNKNOWN STEP	2025-10-06T18:05:25.8009000Z ClientRedirectTest ++ INFO: Setting HtmlDriver web client options: {htmlunitCssEnabled=false, htmlunitHistoryPageCacheLimit=1}
Base IT (4)	UNKNOWN STEP	2025-10-06T18:05:25.8010849Z ClientRedirectTest ++ 18:05:13,662 INFO  [org.keycloak.testsuite.drone.KeycloakDronePostSetup] Configuring driver settings. implicitWait=2000, pageLoadTimeout=10000
Base IT (4)	UNKNOWN STEP	2025-10-06T18:05:25.8012548Z ClientRedirectTest ++ 18:05:13,662 INFO  [org.keycloak.testsuite.drone.KeycloakDronePostSetup] Check HtmlUnit driver TLS settings
Base IT (4)	UNKNOWN STEP	2025-10-06T18:05:25.8014167Z ClientRedirectTest ++ 18:05:13,710 INFO  [org.keycloak.testsuite.util.URLUtils] starting navigation
Base IT (4)	UNKNOWN STEP	2025-10-06T18:05:25.8015318Z ClientRedirectTest ++ 18:05:13,710 INFO  [org.keycloak.testsuite.util.URLUtils] current URL:  about:blank
Base IT (4)	UNKNOWN STEP	2025-10-06T18:05:25.8016639Z ClientRedirectTest ++ 18:05:13,710 INFO  [org.keycloak.testsuite.util.URLUtils] navigating to https://localhost:8543/auth/realms/test/testing/blank
Base IT (4)	UNKNOWN STEP	2025-10-06T18:05:25.8018317Z ClientRedirectTest ++ 18:05:13,723 INFO  [org.keycloak.testsuite.util.URLUtils] new current URL:  https://localhost:8543/auth/realms/test/testing/blank
Base IT (4)	UNKNOWN STEP	2025-10-06T18:05:25.8019660Z ClientRedirectTest ++ 18:05:13,723 INFO  [org.keycloak.testsuite.util.URLUtils] navigation complete
Base IT (4)	UNKNOWN STEP	2025-10-06T18:05:25.8020756Z ClientRedirectTest ++ 18:05:13,723 INFO  [org.keycloak.testsuite.client.ClientRedirectTest] deleting cookies in 'test' realm
Base IT (4)	UNKNOWN STEP	2025-10-06T18:05:25.8021537Z ClientRedirectTest ++ 18:05:13,726 DEBUG [org.keycloak.testsuite.client.ClientRedirectTest] loading test realms
Base IT (4)	UNKNOWN STEP	2025-10-06T18:05:25.8022379Z ClientRedirectTest ++ 18:05:13,726 DEBUG [org.keycloak.testsuite.client.ClientRedirectTest] Adding test realm for import from testrealm.json
Base IT (4)	UNKNOWN STEP	2025-10-06T18:05:25.8023415Z ClientRedirectTest ++ 18:05:13,727 INFO  [org.keycloak.testsuite.client.ClientRedirectTest] importing test realms
Base IT (4)	UNKNOWN STEP	2025-10-06T18:05:25.8024261Z ClientRedirectTest ++ 18:05:13,727 DEBUG [org.keycloak.testsuite.client.ClientRedirectTest] Modifying login theme to keycloak.v2
Base IT (4)	UNKNOWN STEP	2025-10-06T18:05:25.8025063Z ClientRedirectTest ++ 18:05:13,727 DEBUG [org.keycloak.testsuite.client.ClientRedirectTest] --importing realm: test
Base IT (4)	UNKNOWN STEP	2025-10-06T18:05:25.8026363Z ClientRedirectTest ++ 18:05:25,576 INFO  [org.keycloak.testsuite.client.ClientRedirectTest] calling all TestCleanup
Base IT (4)	UNKNOWN STEP	2025-10-06T18:05:25.8027963Z ClientRedirectTest ++ 18:05:25,581 ERROR [org.keycloak.testsuite.client.ClientRedirectTest] [ClientRedirectTest] testClientRedirectEndpoint() FAILED
Base IT (4)	UNKNOWN STEP	2025-10-06T18:05:25.8030045Z ClientRedirectTest ++ 18:05:25,581 INFO  [org.keycloak.testsuite.client.ClientRedirectTest] [ClientRedirectTest] testClientRedirectEndpoint() FINISHED
Base IT (4)	UNKNOWN STEP	2025-10-06T18:05:25.8031242Z ClientRedirectTest ++ 
Base IT (4)	UNKNOWN STEP	2025-10-06T18:05:25.8031628Z ClientRedirectTest ++ 
Base IT (4)	UNKNOWN STEP	2025-10-06T18:05:25.8032628Z ClientRedirectTest ++ 18:05:25,581 INFO  [org.keycloak.testsuite.arquillian.AuthServerTestEnricher] removing test realms after test class
Base IT (4)	UNKNOWN STEP	2025-10-06T18:05:25.8034467Z ClientRedirectTest ++ 18:05:25,743 INFO  [org.keycloak.testsuite.arquillian.AuthServerTestEnricher] removed realms: test, 
Base IT (4)	UNKNOWN STEP	2025-10-06T18:05:25.8035312Z 
Base IT (4)	UNKNOWN STEP	2025-10-06T18:05:25.8035753Z --------- org.keycloak.testsuite.client.ClientRedirectTest output end  ---------
Base IT (4)	UNKNOWN STEP	2025-10-06T18:05:25.8037044Z [ERROR] Tests run: 5, Failures: 0, Errors: 3, Skipped: 0, Time elapsed: 36.67 s <<< FAILURE! -- in org.keycloak.testsuite.client.ClientRedirectTest
Base IT (4)	UNKNOWN STEP	2025-10-06T18:05:25.8038709Z -- [ERROR] org.keycloak.testsuite.client.ClientRedirectTest.testClientRedirectEndpoint -- Time elapsed: 11.95 s <<< ERROR!
Base IT (4)	UNKNOWN STEP	2025-10-06T18:05:25.8039876Z -- org.openqa.selenium.TimeoutException: 
Base IT (4)	UNKNOWN STEP	2025-10-06T18:05:25.8040476Z -- java.net.SocketTimeoutException: Read timed out
Base IT (4)	UNKNOWN STEP	2025-10-06T18:05:25.8041098Z -- Build info: version: '4.28.1', revision: '73f5ad48a2'
Base IT (4)	UNKNOWN STEP	2025-10-06T18:05:25.8041913Z -- System info: os.name: 'Linux', os.arch: 'amd64', os.version: '6.11.0-1018-azure', java.version: '21.0.8'
Base IT (4)	UNKNOWN STEP	2025-10-06T18:05:25.8042728Z -- Driver info: driver.version: HtmlUnitDriver
Base IT (4)	UNKNOWN STEP	2025-10-06T18:05:25.8043706Z -- 	at org.openqa.selenium.htmlunit.HtmlUnitDriver.get(HtmlUnitDriver.java:653)
Base IT (4)	UNKNOWN STEP	2025-10-06T18:05:25.8044775Z -- 	at org.openqa.selenium.htmlunit.HtmlUnitDriver.lambda$get$7(HtmlUnitDriver.java:619)
Base IT (4)	UNKNOWN STEP	2025-10-06T18:05:25.8046162Z -- 	at org.openqa.selenium.htmlunit.HtmlUnitDriver.lambda$runAsync$0(HtmlUnitDriver.java:351)
Base IT (4)	UNKNOWN STEP	2025-10-06T18:05:25.8047364Z -- 	at java.base/java.util.concurrent.ThreadPoolExecutor.runWorker(ThreadPoolExecutor.java:1144)
Base IT (4)	UNKNOWN STEP	2025-10-06T18:05:25.8048575Z -- 	at java.base/java.util.concurrent.ThreadPoolExecutor$Worker.run(ThreadPoolExecutor.java:642)
Base IT (4)	UNKNOWN STEP	2025-10-06T18:05:25.8049503Z -- 	at java.base/java.lang.Thread.run(Thread.java:1583)
Base IT (4)	UNKNOWN STEP	2025-10-06T18:05:25.8050194Z -- Caused by: java.net.SocketTimeoutException: Read timed out
Base IT (4)	UNKNOWN STEP	2025-10-06T18:05:25.8051000Z -- 	at java.base/sun.nio.ch.NioSocketImpl.timedRead(NioSocketImpl.java:278)
Base IT (4)	UNKNOWN STEP	2025-10-06T18:05:25.8051885Z -- 	at java.base/sun.nio.ch.NioSocketImpl.implRead(NioSocketImpl.java:304)
Base IT (4)	UNKNOWN STEP	2025-10-06T18:05:25.8052731Z -- 	at java.base/sun.nio.ch.NioSocketImpl.read(NioSocketImpl.java:346)
Base IT (4)	UNKNOWN STEP	2025-10-06T18:05:25.8053808Z -- 	at java.base/sun.nio.ch.NioSocketImpl$1.read(NioSocketImpl.java:796)
Base IT (4)	UNKNOWN STEP	2025-10-06T18:05:25.8054615Z -- 	at java.base/java.net.Socket$SocketInputStream.read(Socket.java:1099)
Base IT (4)	UNKNOWN STEP	2025-10-06T18:05:25.8055637Z -- 	at org.apache.http.impl.io.SessionInputBufferImpl.streamRead(SessionInputBufferImpl.java:137)
Base IT (4)	UNKNOWN STEP	2025-10-06T18:05:25.8056890Z -- 	at org.apache.http.impl.io.SessionInputBufferImpl.fillBuffer(SessionInputBufferImpl.java:153)
Base IT (4)	UNKNOWN STEP	2025-10-06T18:05:25.8058150Z -- 	at org.apache.http.impl.io.SessionInputBufferImpl.readLine(SessionInputBufferImpl.java:280)
Base IT (4)	UNKNOWN STEP	2025-10-06T18:05:25.8059491Z -- 	at org.apache.http.impl.conn.DefaultHttpResponseParser.parseHead(DefaultHttpResponseParser.java:138)
Base IT (4)	UNKNOWN STEP	2025-10-06T18:05:25.8060916Z -- 	at org.apache.http.impl.conn.DefaultHttpResponseParser.parseHead(DefaultHttpResponseParser.java:56)
Base IT (4)	UNKNOWN STEP	2025-10-06T18:05:25.8062205Z -- 	at org.apache.http.impl.io.AbstractMessageParser.parse(AbstractMessageParser.java:259)
Base IT (4)	UNKNOWN STEP	2025-10-06T18:05:25.8063839Z -- 	at org.apache.http.impl.DefaultBHttpClientConnection.receiveResponseHeader(DefaultBHttpClientConnection.java:163)
Base IT (4)	UNKNOWN STEP	2025-10-06T18:05:25.8065218Z -- 	at org.apache.http.impl.conn.CPoolProxy.receiveResponseHeader(CPoolProxy.java:157)
Base IT (4)	UNKNOWN STEP	2025-10-06T18:05:25.8066417Z -- 	at org.apache.http.protocol.HttpRequestExecutor.doReceiveResponse(HttpRequestExecutor.java:273)
Base IT (4)	UNKNOWN STEP	2025-10-06T18:05:25.8067611Z -- 	at org.apache.http.protocol.HttpRequestExecutor.execute(HttpRequestExecutor.java:125)
Base IT (4)	UNKNOWN STEP	2025-10-06T18:05:25.8068601Z -- 	at org.apache.http.impl.execchain.MainClientExec.execute(MainClientExec.java:272)
Base IT (4)	UNKNOWN STEP	2025-10-06T18:05:25.8069202Z -- 	at org.apache.http.impl.execchain.ProtocolExec.execute(ProtocolExec.java:186)
Base IT (4)	UNKNOWN STEP	2025-10-06T18:05:25.8069752Z -- 	at org.apache.http.impl.execchain.RetryExec.execute(RetryExec.java:89)
Base IT (4)	UNKNOWN STEP	2025-10-06T18:05:25.8070403Z -- 	at org.apache.http.impl.execchain.RedirectExec.execute(RedirectExec.java:110)
Base IT (4)	UNKNOWN STEP	2025-10-06T18:05:25.8071056Z -- 	at org.apache.http.impl.client.InternalHttpClient.doExecute(InternalHttpClient.java:185)
Base IT (4)	UNKNOWN STEP	2025-10-06T18:05:25.8071701Z -- 	at org.apache.http.impl.client.CloseableHttpClient.execute(CloseableHttpClient.java:72)
Base IT (4)	UNKNOWN STEP	2025-10-06T18:05:25.8072298Z -- 	at org.htmlunit.HttpWebConnection.getResponse(HttpWebConnection.java:191)
Base IT (4)	UNKNOWN STEP	2025-10-06T18:05:25.8072834Z -- 	at org.htmlunit.WebClient.getWebResponseOrUseCached(WebClient.java:1726)
Base IT (4)	UNKNOWN STEP	2025-10-06T18:05:25.8073641Z -- 	at org.htmlunit.WebClient.loadWebResponseFromWebConnection(WebClient.java:1631)
Base IT (4)	UNKNOWN STEP	2025-10-06T18:05:25.8074237Z -- 	at org.htmlunit.WebClient.loadWebResponseFromWebConnection(WebClient.java:1682)
Base IT (4)	UNKNOWN STEP	2025-10-06T18:05:25.8074762Z -- 	at org.htmlunit.WebClient.loadWebResponse(WebClient.java:1556)
Base IT (4)	UNKNOWN STEP	2025-10-06T18:05:25.8075166Z -- 	at org.htmlunit.WebClient.getPage(WebClient.java:485)
Base IT (4)	UNKNOWN STEP	2025-10-06T18:05:25.8075526Z -- 	at org.htmlunit.WebClient.getPage(WebClient.java:402)
Base IT (4)	UNKNOWN STEP	2025-10-06T18:05:25.8075970Z -- 	at org.openqa.selenium.htmlunit.HtmlUnitDriver.get(HtmlUnitDriver.java:638)
Base IT (4)	UNKNOWN STEP	2025-10-06T18:05:25.8076375Z -- 	... 5 more
Base IT (4)	UNKNOWN STEP	2025-10-06T18:05:25.8076559Z -- 
Base IT (4)	UNKNOWN STEP	2025-10-06T18:05:25.8077070Z -- [ERROR] org.keycloak.testsuite.client.ClientRedirectTest.testClientRedirectEndpoint -- Time elapsed: 11.83 s <<< ERROR!
Base IT (4)	UNKNOWN STEP	2025-10-06T18:05:25.8077848Z -- org.openqa.selenium.TimeoutException: 
Base IT (4)	UNKNOWN STEP	2025-10-06T18:05:25.8078185Z -- java.net.SocketTimeoutException: Read timed out
Base IT (4)	UNKNOWN STEP	2025-10-06T18:05:25.8078528Z -- Build info: version: '4.28.1', revision: '73f5ad48a2'
Base IT (4)	UNKNOWN STEP	2025-10-06T18:05:25.8078985Z -- System info: os.name: 'Linux', os.arch: 'amd64', os.version: '6.11.0-1018-azure', java.version: '21.0.8'
Base IT (4)	UNKNOWN STEP	2025-10-06T18:05:25.8079436Z -- Driver info: driver.version: HtmlUnitDriver
Base IT (4)	UNKNOWN STEP	2025-10-06T18:05:25.8079870Z -- 	at org.openqa.selenium.htmlunit.HtmlUnitDriver.get(HtmlUnitDriver.java:653)
Base IT (4)	UNKNOWN STEP	2025-10-06T18:05:25.8080443Z -- 	at org.openqa.selenium.htmlunit.HtmlUnitDriver.lambda$get$7(HtmlUnitDriver.java:619)
Base IT (4)	UNKNOWN STEP	2025-10-06T18:05:25.8081085Z -- 	at org.openqa.selenium.htmlunit.HtmlUnitDriver.lambda$runAsync$0(HtmlUnitDriver.java:351)
Base IT (4)	UNKNOWN STEP	2025-10-06T18:05:25.8081744Z -- 	at java.base/java.util.concurrent.ThreadPoolExecutor.runWorker(ThreadPoolExecutor.java:1144)
Base IT (4)	UNKNOWN STEP	2025-10-06T18:05:25.8082401Z -- 	at java.base/java.util.concurrent.ThreadPoolExecutor$Worker.run(ThreadPoolExecutor.java:642)
Base IT (4)	UNKNOWN STEP	2025-10-06T18:05:25.8082902Z -- 	at java.base/java.lang.Thread.run(Thread.java:1583)
Base IT (4)	UNKNOWN STEP	2025-10-06T18:05:25.8083403Z -- Caused by: java.net.SocketTimeoutException: Read timed out
Base IT (4)	UNKNOWN STEP	2025-10-06T18:05:25.8083854Z -- 	at java.base/sun.nio.ch.NioSocketImpl.timedRead(NioSocketImpl.java:278)
Base IT (4)	UNKNOWN STEP	2025-10-06T18:05:25.8084338Z -- 	at java.base/sun.nio.ch.NioSocketImpl.implRead(NioSocketImpl.java:304)
Base IT (4)	UNKNOWN STEP	2025-10-06T18:05:25.8084801Z -- 	at java.base/sun.nio.ch.NioSocketImpl.read(NioSocketImpl.java:346)
Base IT (4)	UNKNOWN STEP	2025-10-06T18:05:25.8085246Z -- 	at java.base/sun.nio.ch.NioSocketImpl$1.read(NioSocketImpl.java:796)
Base IT (4)	UNKNOWN STEP	2025-10-06T18:05:25.8085702Z -- 	at java.base/java.net.Socket$SocketInputStream.read(Socket.java:1099)
Base IT (4)	UNKNOWN STEP	2025-10-06T18:05:25.8086275Z -- 	at org.apache.http.impl.io.SessionInputBufferImpl.streamRead(SessionInputBufferImpl.java:137)
Base IT (4)	UNKNOWN STEP	2025-10-06T18:05:25.8086967Z -- 	at org.apache.http.impl.io.SessionInputBufferImpl.fillBuffer(SessionInputBufferImpl.java:153)
Base IT (4)	UNKNOWN STEP	2025-10-06T18:05:25.8087642Z -- 	at org.apache.http.impl.io.SessionInputBufferImpl.readLine(SessionInputBufferImpl.java:280)
Base IT (4)	UNKNOWN STEP	2025-10-06T18:05:25.8088362Z -- 	at org.apache.http.impl.conn.DefaultHttpResponseParser.parseHead(DefaultHttpResponseParser.java:138)
Base IT (4)	UNKNOWN STEP	2025-10-06T18:05:25.8089118Z -- 	at org.apache.http.impl.conn.DefaultHttpResponseParser.parseHead(DefaultHttpResponseParser.java:56)
Base IT (4)	UNKNOWN STEP	2025-10-06T18:05:25.8089965Z -- 	at org.apache.http.impl.io.AbstractMessageParser.parse(AbstractMessageParser.java:259)
Base IT (4)	UNKNOWN STEP	2025-10-06T18:05:25.8090737Z -- 	at org.apache.http.impl.DefaultBHttpClientConnection.receiveResponseHeader(DefaultBHttpClientConnection.java:163)
Base IT (4)	UNKNOWN STEP	2025-10-06T18:05:25.8091484Z -- 	at org.apache.http.impl.conn.CPoolProxy.receiveResponseHeader(CPoolProxy.java:157)
Base IT (4)	UNKNOWN STEP	2025-10-06T18:05:25.8092150Z -- 	at org.apache.http.protocol.HttpRequestExecutor.doReceiveResponse(HttpRequestExecutor.java:273)
Base IT (4)	UNKNOWN STEP	2025-10-06T18:05:25.8092821Z -- 	at org.apache.http.protocol.HttpRequestExecutor.execute(HttpRequestExecutor.java:125)
Base IT (4)	UNKNOWN STEP	2025-10-06T18:05:25.8093533Z -- 	at org.apache.http.impl.execchain.MainClientExec.execute(MainClientExec.java:272)
Base IT (4)	UNKNOWN STEP	2025-10-06T18:05:25.8094099Z -- 	at org.apache.http.impl.execchain.ProtocolExec.execute(ProtocolExec.java:186)
Base IT (4)	UNKNOWN STEP	2025-10-06T18:05:25.8094622Z -- 	at org.apache.http.impl.execchain.RetryExec.execute(RetryExec.java:89)
Base IT (4)	UNKNOWN STEP	2025-10-06T18:05:25.8095135Z -- 	at org.apache.http.impl.execchain.RedirectExec.execute(RedirectExec.java:110)
Base IT (4)	UNKNOWN STEP	2025-10-06T18:05:25.8095734Z -- 	at org.apache.http.impl.client.InternalHttpClient.doExecute(InternalHttpClient.java:185)
Base IT (4)	UNKNOWN STEP	2025-10-06T18:05:25.8096372Z -- 	at org.apache.http.impl.client.CloseableHttpClient.execute(CloseableHttpClient.java:72)
Base IT (4)	UNKNOWN STEP	2025-10-06T18:05:25.8096955Z -- 	at org.htmlunit.HttpWebConnection.getResponse(HttpWebConnection.java:191)
Base IT (4)	UNKNOWN STEP	2025-10-06T18:05:25.8097499Z -- 	at org.htmlunit.WebClient.getWebResponseOrUseCached(WebClient.java:1726)
Base IT (4)	UNKNOWN STEP	2025-10-06T18:05:25.8098058Z -- 	at org.htmlunit.WebClient.loadWebResponseFromWebConnection(WebClient.java:1631)
Base IT (4)	UNKNOWN STEP	2025-10-06T18:05:25.8098767Z -- 	at org.htmlunit.WebClient.loadWebResponseFromWebConnection(WebClient.java:1682)
Base IT (4)	UNKNOWN STEP	2025-10-06T18:05:25.8099287Z -- 	at org.htmlunit.WebClient.loadWebResponse(WebClient.java:1556)
Base IT (4)	UNKNOWN STEP	2025-10-06T18:05:25.8099696Z -- 	at org.htmlunit.WebClient.getPage(WebClient.java:485)
Base IT (4)	UNKNOWN STEP	2025-10-06T18:05:25.8100056Z -- 	at org.htmlunit.WebClient.getPage(WebClient.java:402)
Base IT (4)	UNKNOWN STEP	2025-10-06T18:05:25.8100494Z -- 	at org.openqa.selenium.htmlunit.HtmlUnitDriver.get(HtmlUnitDriver.java:638)
Base IT (4)	UNKNOWN STEP	2025-10-06T18:05:25.8100881Z -- 	... 5 more
Base IT (4)	UNKNOWN STEP	2025-10-06T18:05:25.8101057Z -- 
Base IT (4)	UNKNOWN STEP	2025-10-06T18:05:25.8101565Z -- [ERROR] org.keycloak.testsuite.client.ClientRedirectTest.testClientRedirectEndpoint -- Time elapsed: 11.93 s <<< ERROR!
Base IT (4)	UNKNOWN STEP	2025-10-06T18:05:25.8102192Z -- org.openqa.selenium.TimeoutException: 
Base IT (4)	UNKNOWN STEP	2025-10-06T18:05:25.8102522Z -- java.net.SocketTimeoutException: Read timed out
Base IT (4)	UNKNOWN STEP	2025-10-06T18:05:25.8102872Z -- Build info: version: '4.28.1', revision: '73f5ad48a2'
Base IT (4)	UNKNOWN STEP	2025-10-06T18:05:25.8103469Z -- System info: os.name: 'Linux', os.arch: 'amd64', os.version: '6.11.0-1018-azure', java.version: '21.0.8'
Base IT (4)	UNKNOWN STEP	2025-10-06T18:05:25.8103927Z -- Driver info: driver.version: HtmlUnitDriver
Base IT (4)	UNKNOWN STEP	2025-10-06T18:05:25.8104345Z -- 	at org.openqa.selenium.htmlunit.HtmlUnitDriver.get(HtmlUnitDriver.java:653)
Base IT (4)	UNKNOWN STEP	2025-10-06T18:05:25.8104922Z -- 	at org.openqa.selenium.htmlunit.HtmlUnitDriver.lambda$get$7(HtmlUnitDriver.java:619)
Base IT (4)	UNKNOWN STEP	2025-10-06T18:05:25.8105545Z -- 	at org.openqa.selenium.htmlunit.HtmlUnitDriver.lambda$runAsync$0(HtmlUnitDriver.java:351)
Base IT (4)	UNKNOWN STEP	2025-10-06T18:05:25.8106206Z -- 	at java.base/java.util.concurrent.ThreadPoolExecutor.runWorker(ThreadPoolExecutor.java:1144)
Base IT (4)	UNKNOWN STEP	2025-10-06T18:05:25.8106873Z -- 	at java.base/java.util.concurrent.ThreadPoolExecutor$Worker.run(ThreadPoolExecutor.java:642)
Base IT (4)	UNKNOWN STEP	2025-10-06T18:05:25.8107372Z -- 	at java.base/java.lang.Thread.run(Thread.java:1583)
Base IT (4)	UNKNOWN STEP	2025-10-06T18:05:25.8107746Z -- Caused by: java.net.SocketTimeoutException: Read timed out
Base IT (4)	UNKNOWN STEP	2025-10-06T18:05:25.8108187Z -- 	at java.base/sun.nio.ch.NioSocketImpl.timedRead(NioSocketImpl.java:278)
Base IT (4)	UNKNOWN STEP	2025-10-06T18:05:25.8108670Z -- 	at java.base/sun.nio.ch.NioSocketImpl.implRead(NioSocketImpl.java:304)
Base IT (4)	UNKNOWN STEP	2025-10-06T18:05:25.8109125Z -- 	at java.base/sun.nio.ch.NioSocketImpl.read(NioSocketImpl.java:346)
Base IT (4)	UNKNOWN STEP	2025-10-06T18:05:25.8109568Z -- 	at java.base/sun.nio.ch.NioSocketImpl$1.read(NioSocketImpl.java:796)
Base IT (4)	UNKNOWN STEP	2025-10-06T18:05:25.8110023Z -- 	at java.base/java.net.Socket$SocketInputStream.read(Socket.java:1099)
Base IT (4)	UNKNOWN STEP	2025-10-06T18:05:25.8110759Z -- 	at org.apache.http.impl.io.SessionInputBufferImpl.streamRead(SessionInputBufferImpl.java:137)
Base IT (4)	UNKNOWN STEP	2025-10-06T18:05:25.8111444Z -- 	at org.apache.http.impl.io.SessionInputBufferImpl.fillBuffer(SessionInputBufferImpl.java:153)
Base IT (4)	UNKNOWN STEP	2025-10-06T18:05:25.8112113Z -- 	at org.apache.http.impl.io.SessionInputBufferImpl.readLine(SessionInputBufferImpl.java:280)
Base IT (4)	UNKNOWN STEP	2025-10-06T18:05:25.8112826Z -- 	at org.apache.http.impl.conn.DefaultHttpResponseParser.parseHead(DefaultHttpResponseParser.java:138)
Base IT (4)	UNKNOWN STEP	2025-10-06T18:05:25.8113717Z -- 	at org.apache.http.impl.conn.DefaultHttpResponseParser.parseHead(DefaultHttpResponseParser.java:56)
Base IT (4)	UNKNOWN STEP	2025-10-06T18:05:25.8114412Z -- 	at org.apache.http.impl.io.AbstractMessageParser.parse(AbstractMessageParser.java:259)
Base IT (4)	UNKNOWN STEP	2025-10-06T18:05:25.8115374Z -- 	at org.apache.http.impl.DefaultBHttpClientConnection.receiveResponseHeader(DefaultBHttpClientConnection.java:163)
Base IT (4)	UNKNOWN STEP	2025-10-06T18:05:25.8116145Z -- 	at org.apache.http.impl.conn.CPoolProxy.receiveResponseHeader(CPoolProxy.java:157)
Base IT (4)	UNKNOWN STEP	2025-10-06T18:05:25.8116808Z -- 	at org.apache.http.protocol.HttpRequestExecutor.doReceiveResponse(HttpRequestExecutor.java:273)
Base IT (4)	UNKNOWN STEP	2025-10-06T18:05:25.8117485Z -- 	at org.apache.http.protocol.HttpRequestExecutor.execute(HttpRequestExecutor.java:125)
Base IT (4)	UNKNOWN STEP	2025-10-06T18:05:25.8118098Z -- 	at org.apache.http.impl.execchain.MainClientExec.execute(MainClientExec.java:272)
Base IT (4)	UNKNOWN STEP	2025-10-06T18:05:25.8118661Z -- 	at org.apache.http.impl.execchain.ProtocolExec.execute(ProtocolExec.java:186)
Base IT (4)	UNKNOWN STEP	2025-10-06T18:05:25.8119183Z -- 	at org.apache.http.impl.execchain.RetryExec.execute(RetryExec.java:89)
Base IT (4)	UNKNOWN STEP	2025-10-06T18:05:25.8119694Z -- 	at org.apache.http.impl.execchain.RedirectExec.execute(RedirectExec.java:110)
Base IT (4)	UNKNOWN STEP	2025-10-06T18:05:25.8120465Z -- 	at org.apache.http.impl.client.InternalHttpClient.doExecute(InternalHttpClient.java:185)
Base IT (4)	UNKNOWN STEP	2025-10-06T18:05:25.8121104Z -- 	at org.apache.http.impl.client.CloseableHttpClient.execute(CloseableHttpClient.java:72)
Base IT (4)	UNKNOWN STEP	2025-10-06T18:05:25.8121689Z -- 	at org.htmlunit.HttpWebConnection.getResponse(HttpWebConnection.java:191)
Base IT (4)	UNKNOWN STEP	2025-10-06T18:05:25.8122214Z -- 	at org.htmlunit.WebClient.getWebResponseOrUseCached(WebClient.java:1726)
Base IT (4)	UNKNOWN STEP	2025-10-06T18:05:25.8122773Z -- 	at org.htmlunit.WebClient.loadWebResponseFromWebConnection(WebClient.java:1631)
Base IT (4)	UNKNOWN STEP	2025-10-06T18:05:25.8123470Z -- 	at org.htmlunit.WebClient.loadWebResponseFromWebConnection(WebClient.java:1682)
Base IT (4)	UNKNOWN STEP	2025-10-06T18:05:25.8123985Z -- 	at org.htmlunit.WebClient.loadWebResponse(WebClient.java:1556)
Base IT (4)	UNKNOWN STEP	2025-10-06T18:05:25.8124388Z -- 	at org.htmlunit.WebClient.getPage(WebClient.java:485)
Base IT (4)	UNKNOWN STEP	2025-10-06T18:05:25.8124748Z -- 	at org.htmlunit.WebClient.getPage(WebClient.java:402)
Base IT (4)	UNKNOWN STEP	2025-10-06T18:05:25.8125195Z -- 	at org.openqa.selenium.htmlunit.HtmlUnitDriver.get(HtmlUnitDriver.java:638)
Base IT (4)	UNKNOWN STEP	2025-10-06T18:05:25.8125576Z -- 	... 5 more
Base IT (4)	UNKNOWN STEP	2025-10-06T18:05:25.8125758Z -- 
Base IT (4)	UNKNOWN STEP	2025-10-06T18:05:25.8126087Z [INFO] Running org.keycloak.testsuite.client.ClientRegistrationPoliciesTest
Base IT (4)	UNKNOWN STEP	2025-10-06T18:05:28.8979892Z [INFO] Tests run: 20, Failures: 0, Errors: 0, Skipped: 0, Time elapsed: 3.101 s -- in org.keycloak.testsuite.client.ClientRegistrationPoliciesTest
Base IT (4)	UNKNOWN STEP	2025-10-06T18:05:28.8981307Z [INFO] Running org.keycloak.testsuite.client.ClientRegistrationTest
Base IT (4)	UNKNOWN STEP	2025-10-06T18:06:06.5610016Z [INFO] Tests run: 38, Failures: 0, Errors: 0, Skipped: 0, Time elapsed: 37.64 s -- in org.keycloak.testsuite.client.ClientRegistrationTest
Base IT (4)	UNKNOWN STEP	2025-10-06T18:06:06.5615515Z [INFO] Running org.keycloak.testsuite.client.ClientSecretRotationTest
Base IT (4)	UNKNOWN STEP	2025-10-06T18:06:58.6145547Z [INFO] Tests run: 19, Failures: 0, Errors: 0, Skipped: 0, Time elapsed: 52.04 s -- in org.keycloak.testsuite.client.ClientSecretRotationTest
Base IT (4)	UNKNOWN STEP	2025-10-06T18:06:58.6150717Z [INFO] Running org.keycloak.testsuite.client.ClientTypesTest
Base IT (4)	UNKNOWN STEP	2025-10-06T18:07:03.5284852Z [INFO] Tests run: 9, Failures: 0, Errors: 0, Skipped: 0, Time elapsed: 4.894 s -- in org.keycloak.testsuite.client.ClientTypesTest
Base IT (4)	UNKNOWN STEP	2025-10-06T18:07:03.5286407Z [INFO] Running org.keycloak.testsuite.client.DefaultClientValidationTest
Base IT (4)	UNKNOWN STEP	2025-10-06T18:07:03.5368357Z [INFO] Tests run: 2, Failures: 0, Errors: 0, Skipped: 0, Time elapsed: 0.001 s -- in org.keycloak.testsuite.client.DefaultClientValidationTest
Base IT (4)	UNKNOWN STEP	2025-10-06T18:07:03.5369799Z [INFO] Running org.keycloak.testsuite.client.FAPI1Test
Base IT (4)	UNKNOWN STEP	2025-10-06T18:07:11.2981281Z [INFO] Tests run: 11, Failures: 0, Errors: 0, Skipped: 0, Time elapsed: 7.744 s -- in org.keycloak.testsuite.client.FAPI1Test
Base IT (4)	UNKNOWN STEP	2025-10-06T18:07:11.2982668Z [INFO] Running org.keycloak.testsuite.client.FAPI2DPoPTest
Base IT (4)	UNKNOWN STEP	2025-10-06T18:07:19.8409316Z [INFO] Tests run: 11, Failures: 0, Errors: 0, Skipped: 0, Time elapsed: 8.521 s -- in org.keycloak.testsuite.client.FAPI2DPoPTest
Base IT (4)	UNKNOWN STEP	2025-10-06T18:07:19.8414237Z [INFO] Running org.keycloak.testsuite.client.FAPI2Test
Base IT (4)	UNKNOWN STEP	2025-10-06T18:07:25.6669969Z [INFO] Tests run: 11, Failures: 0, Errors: 0, Skipped: 0, Time elapsed: 5.803 s -- in org.keycloak.testsuite.client.FAPI2Test
Base IT (4)	UNKNOWN STEP	2025-10-06T18:07:25.6671876Z [INFO] Running org.keycloak.testsuite.client.FAPICIBATest
Base IT (4)	UNKNOWN STEP	2025-10-06T18:07:29.8036032Z [INFO] Tests run: 7, Failures: 0, Errors: 0, Skipped: 0, Time elapsed: 4.124 s -- in org.keycloak.testsuite.client.FAPICIBATest
Base IT (4)	UNKNOWN STEP	2025-10-06T18:07:29.8038484Z [INFO] Running org.keycloak.testsuite.client.InitialAccessTokenTest
Base IT (4)	UNKNOWN STEP	2025-10-06T18:07:31.0219668Z [INFO] Tests run: 5, Failures: 0, Errors: 0, Skipped: 0, Time elapsed: 1.206 s -- in org.keycloak.testsuite.client.InitialAccessTokenTest
Base IT (4)	UNKNOWN STEP	2025-10-06T18:07:31.0222049Z [INFO] Running org.keycloak.testsuite.client.MutualTLSClientTest
Base IT (4)	UNKNOWN STEP	2025-10-06T18:07:34.0997997Z [INFO] Tests run: 11, Failures: 0, Errors: 0, Skipped: 0, Time elapsed: 3.065 s -- in org.keycloak.testsuite.client.MutualTLSClientTest
Base IT (4)	UNKNOWN STEP	2025-10-06T18:07:34.0999670Z [INFO] Running org.keycloak.testsuite.client.OAuth2_1ConfidentialClientTest
Base IT (4)	UNKNOWN STEP	2025-10-06T18:07:36.5038038Z [INFO] Tests run: 6, Failures: 0, Errors: 0, Skipped: 0, Time elapsed: 2.391 s -- in org.keycloak.testsuite.client.OAuth2_1ConfidentialClientTest
Base IT (4)	UNKNOWN STEP	2025-10-06T18:07:36.5039505Z [INFO] Running org.keycloak.testsuite.client.OAuth2_1PublicClientTest
Base IT (4)	UNKNOWN STEP	2025-10-06T18:07:38.9572731Z [INFO] Tests run: 5, Failures: 0, Errors: 0, Skipped: 0, Time elapsed: 2.439 s -- in org.keycloak.testsuite.client.OAuth2_1PublicClientTest
Base IT (4)	UNKNOWN STEP	2025-10-06T18:07:38.9574643Z [INFO] Running org.keycloak.testsuite.client.OIDCClientRegistrationDefaultSignatureTest
Base IT (4)	UNKNOWN STEP	2025-10-06T18:07:40.0597577Z [INFO] Tests run: 1, Failures: 0, Errors: 0, Skipped: 0, Time elapsed: 1.091 s -- in org.keycloak.testsuite.client.OIDCClientRegistrationDefaultSignatureTest
Base IT (4)	UNKNOWN STEP	2025-10-06T18:07:40.0599811Z [INFO] Running org.keycloak.testsuite.client.OIDCClientRegistrationResponseTypesAndGrantsTest
Base IT (4)	UNKNOWN STEP	2025-10-06T18:07:41.7018907Z [INFO] Tests run: 12, Failures: 0, Errors: 0, Skipped: 0, Time elapsed: 1.629 s -- in org.keycloak.testsuite.client.OIDCClientRegistrationResponseTypesAndGrantsTest
Base IT (4)	UNKNOWN STEP	2025-10-06T18:07:41.7021572Z [INFO] Running org.keycloak.testsuite.client.OIDCClientRegistrationTest
Base IT (4)	UNKNOWN STEP	2025-10-06T18:07:44.6808333Z [INFO] Tests run: 35, Failures: 0, Errors: 0, Skipped: 0, Time elapsed: 2.966 s -- in org.keycloak.testsuite.client.OIDCClientRegistrationTest
Base IT (4)	UNKNOWN STEP	2025-10-06T18:07:44.6818515Z [INFO] Running org.keycloak.testsuite.client.OIDCJwksClientRegistrationTest
Base IT (4)	UNKNOWN STEP	2025-10-06T18:07:48.3161622Z [INFO] Tests run: 7, Failures: 0, Errors: 0, Skipped: 0, Time elapsed: 3.622 s -- in org.keycloak.testsuite.client.OIDCJwksClientRegistrationTest
Base IT (4)	UNKNOWN STEP	2025-10-06T18:07:48.3164328Z [INFO] Running org.keycloak.testsuite.client.OIDCPairwiseClientRegistrationTest
Base IT (4)	UNKNOWN STEP	2025-10-06T18:07:50.4228817Z [INFO] Tests run: 17, Failures: 0, Errors: 0, Skipped: 0, Time elapsed: 2.094 s -- in org.keycloak.testsuite.client.OIDCPairwiseClientRegistrationTest
Base IT (4)	UNKNOWN STEP	2025-10-06T18:07:50.4244357Z [INFO] Running org.keycloak.testsuite.client.RegistrationAccessTokenTest
Base IT (4)	UNKNOWN STEP	2025-10-06T18:07:52.6706674Z [INFO] Tests run: 8, Failures: 0, Errors: 0, Skipped: 0, Time elapsed: 2.234 s -- in org.keycloak.testsuite.client.RegistrationAccessTokenTest
Base IT (4)	UNKNOWN STEP	2025-10-06T18:07:52.6708008Z [INFO] Running org.keycloak.testsuite.client.SAMLClientRegistrationTest
Base IT (4)	UNKNOWN STEP	2025-10-06T18:07:53.5158222Z [INFO] Tests run: 2, Failures: 0, Errors: 0, Skipped: 0, Time elapsed: 0.838 s -- in org.keycloak.testsuite.client.SAMLClientRegistrationTest
Base IT (4)	UNKNOWN STEP	2025-10-06T18:07:53.5160704Z [INFO] Running org.keycloak.testsuite.client.policies.ClientPoliciesAdminTest
Base IT (4)	UNKNOWN STEP	2025-10-06T18:08:38.8399220Z [INFO] Tests run: 7, Failures: 0, Errors: 0, Skipped: 0, Time elapsed: 45.31 s -- in org.keycloak.testsuite.client.policies.ClientPoliciesAdminTest
Base IT (4)	UNKNOWN STEP	2025-10-06T18:08:38.8405120Z [INFO] Running org.keycloak.testsuite.client.policies.ClientPoliciesConditionTest
Base IT (4)	UNKNOWN STEP	2025-10-06T18:09:26.2065288Z [INFO] Tests run: 10, Failures: 0, Errors: 0, Skipped: 0, Time elapsed: 47.34 s -- in org.keycloak.testsuite.client.policies.ClientPoliciesConditionTest
Base IT (4)	UNKNOWN STEP	2025-10-06T18:09:26.2067849Z [INFO] Running org.keycloak.testsuite.client.policies.ClientPoliciesExecutorTest
Base IT (4)	UNKNOWN STEP	2025-10-06T18:10:20.7860930Z [INFO] Tests run: 15, Failures: 0, Errors: 0, Skipped: 0, Time elapsed: 54.50 s -- in org.keycloak.testsuite.client.policies.ClientPoliciesExecutorTest
Base IT (4)	UNKNOWN STEP	2025-10-06T18:10:20.7862901Z [INFO] Running org.keycloak.testsuite.client.policies.ClientPoliciesExtendedEventTest
Base IT (4)	UNKNOWN STEP	2025-10-06T18:11:06.5623067Z [INFO] Tests run: 12, Failures: 0, Errors: 0, Skipped: 0, Time elapsed: 45.76 s -- in org.keycloak.testsuite.client.policies.ClientPoliciesExtendedEventTest
Base IT (4)	UNKNOWN STEP	2025-10-06T18:11:06.5625382Z [INFO] Running org.keycloak.testsuite.client.policies.ClientPoliciesFeatureTest
Base IT (4)	UNKNOWN STEP	2025-10-06T18:11:10.6902056Z [INFO] Tests run: 2, Failures: 0, Errors: 0, Skipped: 0, Time elapsed: 4.117 s -- in org.keycloak.testsuite.client.policies.ClientPoliciesFeatureTest
Base IT (4)	UNKNOWN STEP	2025-10-06T18:11:10.6907552Z [INFO] Running org.keycloak.testsuite.client.policies.ClientPoliciesImportExportTest
Base IT (4)	UNKNOWN STEP	2025-10-06T18:11:15.6498707Z [INFO] Tests run: 1, Failures: 0, Errors: 0, Skipped: 0, Time elapsed: 4.949 s -- in org.keycloak.testsuite.client.policies.ClientPoliciesImportExportTest
Base IT (4)	UNKNOWN STEP	2025-10-06T18:11:15.6508407Z [INFO] Running org.keycloak.testsuite.client.policies.ClientPoliciesLoadUpdateTest
Base IT (4)	UNKNOWN STEP	2025-10-06T18:11:19.7164659Z [INFO] Tests run: 13, Failures: 0, Errors: 0, Skipped: 0, Time elapsed: 4.058 s -- in org.keycloak.testsuite.client.policies.ClientPoliciesLoadUpdateTest
Base IT (4)	UNKNOWN STEP	2025-10-06T18:11:19.7165488Z [INFO] Running org.keycloak.testsuite.client.policies.ClientPoliciesTest
Base IT (4)	UNKNOWN STEP	2025-10-06T18:12:13.3504019Z [INFO] Tests run: 25, Failures: 0, Errors: 0, Skipped: 0, Time elapsed: 53.62 s -- in org.keycloak.testsuite.client.policies.ClientPoliciesTest
Base IT (4)	UNKNOWN STEP	2025-10-06T18:12:13.3505873Z [INFO] Running org.keycloak.testsuite.client.policies.SamlClientPoliciesExecutorTest
Base IT (4)	UNKNOWN STEP	2025-10-06T18:12:26.8451894Z [INFO] Tests run: 3, Failures: 0, Errors: 0, Skipped: 0, Time elapsed: 13.48 s -- in org.keycloak.testsuite.client.policies.SamlClientPoliciesExecutorTest
Base IT (4)	UNKNOWN STEP	2025-10-06T18:12:26.8459312Z [INFO] Running org.keycloak.testsuite.client.policies.SecureRedirectUrisEnforcerExecutorTest
Base IT (4)	UNKNOWN STEP	2025-10-06T18:12:33.2256987Z [INFO] Tests run: 11, Failures: 0, Errors: 0, Skipped: 0, Time elapsed: 6.365 s -- in org.keycloak.testsuite.client.policies.SecureRedirectUrisEnforcerExecutorTest
Base IT (4)	UNKNOWN STEP	2025-10-06T18:12:33.2258901Z [INFO] Running org.keycloak.testsuite.composites.CompositeImportRoleTest
Base IT (4)	UNKNOWN STEP	2025-10-06T18:12:35.5956465Z [INFO] Tests run: 5, Failures: 0, Errors: 0, Skipped: 0, Time elapsed: 2.359 s -- in org.keycloak.testsuite.composites.CompositeImportRoleTest
Base IT (4)	UNKNOWN STEP	2025-10-06T18:12:35.5962417Z [INFO] Running org.keycloak.testsuite.composites.CompositeRoleTest
Base IT (4)	UNKNOWN STEP	2025-10-06T18:12:38.0246602Z [INFO] Tests run: 6, Failures: 0, Errors: 0, Skipped: 0, Time elapsed: 2.418 s -- in org.keycloak.testsuite.composites.CompositeRoleTest
Base IT (4)	UNKNOWN STEP	2025-10-06T18:12:38.0247738Z [INFO] Running org.keycloak.testsuite.cookies.CookieTest
Base IT (4)	UNKNOWN STEP	2025-10-06T18:12:40.3009575Z [INFO] Tests run: 3, Failures: 0, Errors: 0, Skipped: 0, Time elapsed: 2.268 s -- in org.keycloak.testsuite.cookies.CookieTest
Base IT (4)	UNKNOWN STEP	2025-10-06T18:12:40.3010822Z [INFO] Running org.keycloak.testsuite.cookies.DefaultCookieProviderTest
Base IT (4)	UNKNOWN STEP	2025-10-06T18:12:40.8180946Z [INFO] Tests run: 8, Failures: 0, Errors: 0, Skipped: 0, Time elapsed: 0.501 s -- in org.keycloak.testsuite.cookies.DefaultCookieProviderTest
Base IT (4)	UNKNOWN STEP	2025-10-06T18:12:40.8185463Z [INFO] Running org.keycloak.testsuite.docker.DockerClientTest
Base IT (4)	UNKNOWN STEP	2025-10-06T18:13:35.7135381Z [INFO] Tests run: 1, Failures: 0, Errors: 0, Skipped: 0, Time elapsed: 54.88 s -- in org.keycloak.testsuite.docker.DockerClientTest
Base IT (4)	UNKNOWN STEP	2025-10-06T18:13:35.7136638Z [INFO] Running org.keycloak.testsuite.domainextension.CustomExtensionTest
Base IT (4)	UNKNOWN STEP	2025-10-06T18:13:37.5157910Z [INFO] Tests run: 1, Failures: 0, Errors: 0, Skipped: 0, Time elapsed: 1.790 s -- in org.keycloak.testsuite.domainextension.CustomExtensionTest
Base IT (4)	UNKNOWN STEP	2025-10-06T18:13:37.5159311Z [INFO] Running org.keycloak.testsuite.error.EscapeErrorPageTest
Base IT (4)	UNKNOWN STEP	2025-10-06T18:13:38.1964669Z [INFO] Tests run: 7, Failures: 0, Errors: 0, Skipped: 0, Time elapsed: 0.669 s -- in org.keycloak.testsuite.error.EscapeErrorPageTest
Base IT (4)	UNKNOWN STEP	2025-10-06T18:13:38.1966868Z [INFO] Running org.keycloak.testsuite.error.UncaughtErrorPageTest
Base IT (4)	UNKNOWN STEP	2025-10-06T18:13:39.1256555Z [INFO] Tests run: 13, Failures: 0, Errors: 0, Skipped: 0, Time elapsed: 0.915 s -- in org.keycloak.testsuite.error.UncaughtErrorPageTest
Base IT (4)	UNKNOWN STEP	2025-10-06T18:13:39.1262665Z [INFO] Running org.keycloak.testsuite.events.AdminEventStoreProviderTest
Base IT (4)	UNKNOWN STEP	2025-10-06T18:13:43.4305264Z [INFO] Tests run: 7, Failures: 0, Errors: 0, Skipped: 0, Time elapsed: 4.291 s -- in org.keycloak.testsuite.events.AdminEventStoreProviderTest
Base IT (4)	UNKNOWN STEP	2025-10-06T18:13:43.4308282Z [INFO] Running org.keycloak.testsuite.events.EventMetricsProviderTest
Base IT (4)	UNKNOWN STEP	2025-10-06T18:14:42.4229848Z [INFO] Tests run: 1, Failures: 0, Errors: 0, Skipped: 0, Time elapsed: 58.97 s -- in org.keycloak.testsuite.events.EventMetricsProviderTest
Base IT (4)	UNKNOWN STEP	2025-10-06T18:14:42.4231624Z [INFO] Running org.keycloak.testsuite.events.EventStoreProviderTest
Base IT (4)	UNKNOWN STEP	2025-10-06T18:14:49.4584341Z [INFO] Tests run: 7, Failures: 0, Errors: 0, Skipped: 0, Time elapsed: 7.025 s -- in org.keycloak.testsuite.events.EventStoreProviderTest
Base IT (4)	UNKNOWN STEP	2025-10-06T18:14:49.4588893Z [INFO] Running org.keycloak.testsuite.exportimport.ExportImportTest
Base IT (4)	UNKNOWN STEP	2025-10-06T18:15:35.2258471Z [INFO] Tests run: 10, Failures: 0, Errors: 0, Skipped: 0, Time elapsed: 45.75 s -- in org.keycloak.testsuite.exportimport.ExportImportTest
Base IT (4)	UNKNOWN STEP	2025-10-06T18:15:35.2260772Z [INFO] Running org.keycloak.testsuite.feature.RecoveryAuthnCodesFeatureTest
Base IT (4)	UNKNOWN STEP	2025-10-06T18:15:37.3502113Z [INFO] Tests run: 2, Failures: 0, Errors: 0, Skipped: 0, Time elapsed: 2.111 s -- in org.keycloak.testsuite.feature.RecoveryAuthnCodesFeatureTest
Base IT (4)	UNKNOWN STEP	2025-10-06T18:15:37.3504094Z [INFO] Running org.keycloak.testsuite.keys.FallbackKeyProviderTest
Base IT (4)	UNKNOWN STEP	2025-10-06T18:15:42.9860294Z [INFO] Tests run: 2, Failures: 0, Errors: 0, Skipped: 0, Time elapsed: 5.628 s -- in org.keycloak.testsuite.keys.FallbackKeyProviderTest
Base IT (4)	UNKNOWN STEP	2025-10-06T18:15:42.9861520Z [INFO] Running org.keycloak.testsuite.keys.GeneratedEcdhKeyProviderTest
Base IT (4)	UNKNOWN STEP	2025-10-06T18:15:46.6798525Z [INFO] Tests run: 26, Failures: 0, Errors: 0, Skipped: 0, Time elapsed: 3.684 s -- in org.keycloak.testsuite.keys.GeneratedEcdhKeyProviderTest
Base IT (4)	UNKNOWN STEP	2025-10-06T18:15:46.6799292Z [INFO] Running org.keycloak.testsuite.keys.GeneratedEcdsaKeyProviderTest
Base IT (4)	UNKNOWN STEP	2025-10-06T18:15:49.1813038Z [INFO] Tests run: 12, Failures: 0, Errors: 0, Skipped: 0, Time elapsed: 2.486 s -- in org.keycloak.testsuite.keys.GeneratedEcdsaKeyProviderTest
Base IT (4)	UNKNOWN STEP	2025-10-06T18:15:49.1815606Z [INFO] Running org.keycloak.testsuite.keys.GeneratedHmacKeyProviderTest
Base IT (4)	UNKNOWN STEP	2025-10-06T18:15:51.1222191Z [INFO] Tests run: 4, Failures: 0, Errors: 0, Skipped: 0, Time elapsed: 1.928 s -- in org.keycloak.testsuite.keys.GeneratedHmacKeyProviderTest
Base IT (4)	UNKNOWN STEP	2025-10-06T18:15:51.1224181Z [INFO] Running org.keycloak.testsuite.keys.GeneratedRsaKeyProviderTest
Base IT (4)	UNKNOWN STEP	2025-10-06T18:16:04.4646086Z [INFO] Tests run: 10, Failures: 0, Errors: 0, Skipped: 0, Time elapsed: 13.33 s -- in org.keycloak.testsuite.keys.GeneratedRsaKeyProviderTest
Base IT (4)	UNKNOWN STEP	2025-10-06T18:16:04.4648620Z [INFO] Running org.keycloak.testsuite.keys.ImportedRsaKeyProviderTest
Base IT (4)	UNKNOWN STEP	2025-10-06T18:16:09.4905007Z [INFO] Tests run: 16, Failures: 0, Errors: 0, Skipped: 0, Time elapsed: 5.013 s -- in org.keycloak.testsuite.keys.ImportedRsaKeyProviderTest
Base IT (4)	UNKNOWN STEP	2025-10-06T18:16:09.4906024Z [INFO] Running org.keycloak.testsuite.keys.JavaKeystoreKeyProviderTest
Base IT (4)	UNKNOWN STEP	2025-10-06T18:16:42.6967345Z [INFO] Tests run: 22, Failures: 0, Errors: 0, Skipped: 0, Time elapsed: 33.19 s -- in org.keycloak.testsuite.keys.JavaKeystoreKeyProviderTest
Base IT (4)	UNKNOWN STEP	2025-10-06T18:16:42.6968564Z [INFO] Running org.keycloak.testsuite.keys.KeyRotationTest
Base IT (4)	UNKNOWN STEP	2025-10-06T18:16:48.8245571Z [INFO] Tests run: 4, Failures: 0, Errors: 0, Skipped: 0, Time elapsed: 6.112 s -- in org.keycloak.testsuite.keys.KeyRotationTest
Base IT (4)	UNKNOWN STEP	2025-10-06T18:16:48.8248243Z [INFO] Running org.keycloak.testsuite.login.ConditionalCredentialAuthenticatorTest
Base IT (4)	UNKNOWN STEP	2025-10-06T18:16:52.5622934Z [INFO] Tests run: 7, Failures: 0, Errors: 0, Skipped: 0, Time elapsed: 3.729 s -- in org.keycloak.testsuite.login.ConditionalCredentialAuthenticatorTest
Base IT (4)	UNKNOWN STEP	2025-10-06T18:16:52.5625185Z [INFO] Running org.keycloak.testsuite.login.ConditionalSubFlowExecutedAuthenticatorTest
Base IT (4)	UNKNOWN STEP	2025-10-06T18:16:56.2087844Z [INFO] Tests run: 6, Failures: 0, Errors: 0, Skipped: 0, Time elapsed: 3.636 s -- in org.keycloak.testsuite.login.ConditionalSubFlowExecutedAuthenticatorTest
Base IT (4)	UNKNOWN STEP	2025-10-06T18:16:56.2090461Z [INFO] Running org.keycloak.testsuite.login.LoginTimeoutValidationTest
Base IT (4)	UNKNOWN STEP	2025-10-06T18:16:58.0925202Z [INFO] Tests run: 1, Failures: 0, Errors: 0, Skipped: 0, Time elapsed: 1.851 s -- in org.keycloak.testsuite.login.LoginTimeoutValidationTest
Base IT (4)	UNKNOWN STEP	2025-10-06T18:16:58.0926792Z [INFO] Running org.keycloak.testsuite.metrics.MetricsRestServiceTest
Base IT (4)	UNKNOWN STEP	2025-10-06T18:16:58.1040294Z [WARNING] Tests run: 1, Failures: 0, Errors: 0, Skipped: 1, Time elapsed: 0 s -- in org.keycloak.testsuite.metrics.MetricsRestServiceTest
Base IT (4)	UNKNOWN STEP	2025-10-06T18:16:58.1042059Z [INFO] Running org.keycloak.testsuite.migration.JsonFileImport1301MigrationClientPoliciesTest
Base IT (4)	UNKNOWN STEP	2025-10-06T18:16:59.3420843Z [INFO] Tests run: 1, Failures: 0, Errors: 0, Skipped: 0, Time elapsed: 1.226 s -- in org.keycloak.testsuite.migration.JsonFileImport1301MigrationClientPoliciesTest
Base IT (4)	UNKNOWN STEP	2025-10-06T18:16:59.3422390Z [INFO] Running org.keycloak.testsuite.migration.JsonFileImport1903MigrationTest
Base IT (4)	UNKNOWN STEP	2025-10-06T18:17:01.6550656Z [INFO] Tests run: 2, Failures: 0, Errors: 0, Skipped: 0, Time elapsed: 2.298 s -- in org.keycloak.testsuite.migration.JsonFileImport1903MigrationTest
Base IT (4)	UNKNOWN STEP	2025-10-06T18:17:01.6574580Z [INFO] Running org.keycloak.testsuite.migration.JsonFileImport198MigrationTest
Base IT (4)	UNKNOWN STEP	2025-10-06T18:17:04.1970112Z [INFO] Tests run: 1, Failures: 0, Errors: 0, Skipped: 0, Time elapsed: 2.526 s -- in org.keycloak.testsuite.migration.JsonFileImport198MigrationTest
Base IT (4)	UNKNOWN STEP	2025-10-06T18:17:04.1971492Z [INFO] Running org.keycloak.testsuite.migration.JsonFileImport255MigrationTest
Base IT (4)	UNKNOWN STEP	2025-10-06T18:17:06.2849140Z [INFO] Tests run: 1, Failures: 0, Errors: 0, Skipped: 0, Time elapsed: 2.075 s -- in org.keycloak.testsuite.migration.JsonFileImport255MigrationTest
Base IT (4)	UNKNOWN STEP	2025-10-06T18:17:06.2855685Z [INFO] Running org.keycloak.testsuite.migration.JsonFileImport343MigrationTest
Base IT (4)	UNKNOWN STEP	2025-10-06T18:17:08.3374647Z [INFO] Tests run: 1, Failures: 0, Errors: 0, Skipped: 0, Time elapsed: 2.037 s -- in org.keycloak.testsuite.migration.JsonFileImport343MigrationTest
Base IT (4)	UNKNOWN STEP	2025-10-06T18:17:08.3379850Z [INFO] Running org.keycloak.testsuite.migration.JsonFileImport483MigrationTest
Base IT (4)	UNKNOWN STEP	2025-10-06T18:17:09.9574620Z [INFO] Tests run: 1, Failures: 0, Errors: 0, Skipped: 0, Time elapsed: 1.606 s -- in org.keycloak.testsuite.migration.JsonFileImport483MigrationTest
Base IT (4)	UNKNOWN STEP	2025-10-06T18:17:09.9585890Z [INFO] Running org.keycloak.testsuite.migration.JsonFileImport903MigrationTest
Base IT (4)	UNKNOWN STEP	2025-10-06T18:17:11.0479176Z [INFO] Tests run: 1, Failures: 0, Errors: 0, Skipped: 0, Time elapsed: 1.077 s -- in org.keycloak.testsuite.migration.JsonFileImport903MigrationTest
Base IT (4)	UNKNOWN STEP	2025-10-06T18:17:11.0480510Z [INFO] Running org.keycloak.testsuite.migration.MigrationDeniedTest
Base IT (4)	UNKNOWN STEP	2025-10-06T18:17:11.1306886Z [INFO] Tests run: 2, Failures: 0, Errors: 0, Skipped: 0, Time elapsed: 0.076 s -- in org.keycloak.testsuite.migration.MigrationDeniedTest
Base IT (4)	UNKNOWN STEP	2025-10-06T18:17:11.1308159Z [INFO] Running org.keycloak.testsuite.migration.MigrationTest
Base IT (4)	UNKNOWN STEP	2025-10-06T18:17:11.1402146Z [WARNING] Tests run: 2, Failures: 0, Errors: 0, Skipped: 2, Time elapsed: 0.002 s -- in org.keycloak.testsuite.migration.MigrationTest
Base IT (4)	UNKNOWN STEP	2025-10-06T18:17:11.1402862Z [INFO] Running org.keycloak.testsuite.providers.ProvidersOverrideTest
Base IT (4)	UNKNOWN STEP	2025-10-06T18:17:11.2250625Z [INFO] Tests run: 2, Failures: 0, Errors: 0, Skipped: 0, Time elapsed: 0.073 s -- in org.keycloak.testsuite.providers.ProvidersOverrideTest
Base IT (4)	UNKNOWN STEP	2025-10-06T18:17:11.2251758Z [INFO] Running org.keycloak.testsuite.securityprofile.StrictSecurityProfileTest
Base IT (4)	UNKNOWN STEP	2025-10-06T18:17:58.2066652Z [INFO] Tests run: 5, Failures: 0, Errors: 0, Skipped: 0, Time elapsed: 46.97 s -- in org.keycloak.testsuite.securityprofile.StrictSecurityProfileTest
Base IT (4)	UNKNOWN STEP	2025-10-06T18:17:58.2070269Z [INFO] Running org.keycloak.testsuite.tracing.OTelTracingProviderTest
Base IT (4)	UNKNOWN STEP	2025-10-06T18:18:42.2764134Z [INFO] Tests run: 12, Failures: 0, Errors: 0, Skipped: 0, Time elapsed: 43.99 s -- in org.keycloak.testsuite.tracing.OTelTracingProviderTest
Base IT (4)	UNKNOWN STEP	2025-10-06T18:18:42.2768578Z [INFO] Running org.keycloak.testsuite.user.profile.CustomUserProfileTest
Base IT (4)	UNKNOWN STEP	2025-10-06T18:19:23.4191999Z [INFO] Tests run: 3, Failures: 0, Errors: 0, Skipped: 0, Time elapsed: 41.13 s -- in org.keycloak.testsuite.user.profile.CustomUserProfileTest
Base IT (4)	UNKNOWN STEP	2025-10-06T18:19:23.4193483Z [INFO] Running org.keycloak.testsuite.user.profile.UIRealmResourceTest
Base IT (4)	UNKNOWN STEP	2025-10-06T18:19:39.0559423Z [INFO] Tests run: 8, Failures: 0, Errors: 0, Skipped: 0, Time elapsed: 15.63 s -- in org.keycloak.testsuite.user.profile.UIRealmResourceTest
Base IT (4)	UNKNOWN STEP	2025-10-06T18:19:39.0563747Z [INFO] Running org.keycloak.testsuite.user.profile.UserProfileTest
Base IT (4)	UNKNOWN STEP	2025-10-06T18:19:44.8356397Z [INFO] Tests run: 50, Failures: 0, Errors: 0, Skipped: 0, Time elapsed: 5.769 s -- in org.keycloak.testsuite.user.profile.UserProfileTest
Base IT (4)	UNKNOWN STEP	2025-10-06T18:19:44.8359563Z [INFO] Running org.keycloak.testsuite.user.profile.config.UPConfigParserTest
Base IT (4)	UNKNOWN STEP	2025-10-06T18:19:46.9674853Z [INFO] Tests run: 14, Failures: 0, Errors: 0, Skipped: 0, Time elapsed: 2.115 s -- in org.keycloak.testsuite.user.profile.config.UPConfigParserTest
Base IT (4)	UNKNOWN STEP	2025-10-06T18:19:46.9676601Z [INFO] Running org.keycloak.testsuite.user.profile.config.UPConfigUtilsTest
Base IT (4)	UNKNOWN STEP	2025-10-06T18:19:46.9787430Z [INFO] Tests run: 3, Failures: 0, Errors: 0, Skipped: 0, Time elapsed: 0.001 s -- in org.keycloak.testsuite.user.profile.config.UPConfigUtilsTest
Base IT (4)	UNKNOWN STEP	2025-10-06T18:19:46.9791935Z [INFO] Running org.keycloak.testsuite.util.AuthenticatorUtilTest
Base IT (4)	UNKNOWN STEP	2025-10-06T18:19:48.9889991Z [INFO] Tests run: 1, Failures: 0, Errors: 0, Skipped: 0, Time elapsed: 2.002 s -- in org.keycloak.testsuite.util.AuthenticatorUtilTest
Base IT (4)	UNKNOWN STEP	2025-10-06T18:19:48.9891300Z [INFO] Running org.keycloak.testsuite.util.NoCacheAnnotationTest
Base IT (4)	UNKNOWN STEP	2025-10-06T18:19:49.0555028Z [INFO] Tests run: 1, Failures: 0, Errors: 0, Skipped: 0, Time elapsed: 0.047 s -- in org.keycloak.testsuite.util.NoCacheAnnotationTest
Base IT (4)	UNKNOWN STEP	2025-10-06T18:19:49.0555994Z [INFO] Running org.keycloak.testsuite.util.TextFileCheckerTest
Base IT (4)	UNKNOWN STEP	2025-10-06T18:19:49.0634722Z [INFO] Tests run: 1, Failures: 0, Errors: 0, Skipped: 0, Time elapsed: 0.001 s -- in org.keycloak.testsuite.util.TextFileCheckerTest
Base IT (4)	UNKNOWN STEP	2025-10-06T18:19:49.0641211Z [INFO] Running org.keycloak.testsuite.vault.KeycloakKeystoreVaultTest
Base IT (4)	UNKNOWN STEP	2025-10-06T18:20:11.8646391Z [INFO] Tests run: 1, Failures: 0, Errors: 0, Skipped: 0, Time elapsed: 22.79 s -- in org.keycloak.testsuite.vault.KeycloakKeystoreVaultTest
Base IT (4)	UNKNOWN STEP	2025-10-06T18:20:11.8652415Z [INFO] Running org.keycloak.testsuite.vault.KeycloakPlaintextVaultTest
Base IT (4)	UNKNOWN STEP	2025-10-06T18:20:34.3027457Z [INFO] Tests run: 1, Failures: 0, Errors: 0, Skipped: 0, Time elapsed: 22.43 s -- in org.keycloak.testsuite.vault.KeycloakPlaintextVaultTest
Base IT (4)	UNKNOWN STEP	2025-10-06T18:20:34.3034281Z [INFO] Running org.keycloak.testsuite.x509.X509BrowserCRLTest
Base IT (4)	UNKNOWN STEP	2025-10-06T18:21:01.0097968Z [INFO] Tests run: 12, Failures: 0, Errors: 0, Skipped: 0, Time elapsed: 26.69 s -- in org.keycloak.testsuite.x509.X509BrowserCRLTest
Base IT (4)	UNKNOWN STEP	2025-10-06T18:21:01.0099357Z [INFO] Running org.keycloak.testsuite.x509.X509BrowserLoginIssuerDnTest
Base IT (4)	UNKNOWN STEP	2025-10-06T18:21:04.5076097Z [INFO] Tests run: 2, Failures: 0, Errors: 0, Skipped: 0, Time elapsed: 3.483 s -- in org.keycloak.testsuite.x509.X509BrowserLoginIssuerDnTest
Base IT (4)	UNKNOWN STEP	2025-10-06T18:21:04.5078949Z [INFO] Running org.keycloak.testsuite.x509.X509BrowserLoginSubjectAltNameTest
Base IT (4)	UNKNOWN STEP	2025-10-06T18:21:08.1071877Z [INFO] Tests run: 2, Failures: 0, Errors: 0, Skipped: 0, Time elapsed: 3.580 s -- in org.keycloak.testsuite.x509.X509BrowserLoginSubjectAltNameTest
Base IT (4)	UNKNOWN STEP	2025-10-06T18:21:08.1073572Z [INFO] Running org.keycloak.testsuite.x509.X509BrowserLoginSubjectDnTest
Base IT (4)	UNKNOWN STEP	2025-10-06T18:21:11.3994523Z [INFO] Tests run: 2, Failures: 0, Errors: 0, Skipped: 0, Time elapsed: 3.279 s -- in org.keycloak.testsuite.x509.X509BrowserLoginSubjectDnTest
Base IT (4)	UNKNOWN STEP	2025-10-06T18:21:11.3997258Z [INFO] Running org.keycloak.testsuite.x509.X509BrowserLoginTest
Base IT (4)	UNKNOWN STEP	2025-10-06T18:21:46.3741022Z [INFO] Tests run: 23, Failures: 0, Errors: 0, Skipped: 0, Time elapsed: 34.96 s -- in org.keycloak.testsuite.x509.X509BrowserLoginTest
Base IT (4)	UNKNOWN STEP	2025-10-06T18:21:46.3744108Z [INFO] Running org.keycloak.testsuite.x509.X509DirectGrantTest
Base IT (4)	UNKNOWN STEP	2025-10-06T18:22:00.9218242Z [WARNING] Tests run: 11, Failures: 0, Errors: 0, Skipped: 1, Time elapsed: 14.54 s -- in org.keycloak.testsuite.x509.X509DirectGrantTest
Base IT (4)	UNKNOWN STEP	2025-10-06T18:22:00.9219763Z [INFO] Running org.keycloak.testsuite.x509.X509OCSPResponderFailOpenTest
Base IT (4)	UNKNOWN STEP	2025-10-06T18:22:03.7916186Z [INFO] Tests run: 2, Failures: 0, Errors: 0, Skipped: 0, Time elapsed: 2.862 s -- in org.keycloak.testsuite.x509.X509OCSPResponderFailOpenTest
Base IT (4)	UNKNOWN STEP	2025-10-06T18:22:03.7917469Z [INFO] Running org.keycloak.testsuite.x509.X509OCSPResponderSpecificCertTest
Base IT (4)	UNKNOWN STEP	2025-10-06T18:22:07.0205210Z [INFO] Tests run: 2, Failures: 0, Errors: 0, Skipped: 0, Time elapsed: 3.214 s -- in org.keycloak.testsuite.x509.X509OCSPResponderSpecificCertTest
Base IT (4)	UNKNOWN STEP	2025-10-06T18:22:07.0207659Z [INFO] Running org.keycloak.testsuite.x509.X509OCSPResponderTest
Base IT (4)	UNKNOWN STEP	2025-10-06T18:22:14.0860053Z [INFO] Tests run: 4, Failures: 0, Errors: 0, Skipped: 0, Time elapsed: 7.058 s -- in org.keycloak.testsuite.x509.X509OCSPResponderTest
Base IT (4)	UNKNOWN STEP	2025-10-06T18:22:14.0864310Z [INFO] Running org.keycloak.testsuite.x509.X509SingleCertificateBrowserCRLTest
Base IT (4)	UNKNOWN STEP	2025-10-06T18:22:15.6542413Z [INFO] Tests run: 1, Failures: 0, Errors: 0, Skipped: 0, Time elapsed: 1.557 s -- in org.keycloak.testsuite.x509.X509SingleCertificateBrowserCRLTest
Base IT (4)	UNKNOWN STEP	2025-10-06T18:22:16.0055427Z -- [INFO] 
Base IT (4)	UNKNOWN STEP	2025-10-06T18:22:16.0056037Z -- [INFO] Results:
Base IT (4)	UNKNOWN STEP	2025-10-06T18:22:16.0056401Z -- [INFO] 
Base IT (4)	UNKNOWN STEP	2025-10-06T18:22:16.0061305Z -- [ERROR] Errors: 
Base IT (4)	UNKNOWN STEP	2025-10-06T18:22:16.0062344Z -- [ERROR] org.keycloak.testsuite.client.ClientRedirectTest.testClientRedirectEndpoint
Base IT (4)	UNKNOWN STEP	2025-10-06T18:22:16.0064464Z -- [ERROR]   Run 1: ClientRedirectTest.testClientRedirectEndpoint Â» Timeout java.net.SocketTimeoutException: Read timed out
Base IT (4)	UNKNOWN STEP	2025-10-06T18:22:16.0065280Z -- Build info: version: '4.28.1', revision: '73f5ad48a2'
Base IT (4)	UNKNOWN STEP	2025-10-06T18:22:16.0065876Z -- System info: os.name: 'Linux', os.arch: 'amd64', os.version: '6.11.0-1018-azure', java.version: '21.0.8'
Base IT (4)	UNKNOWN STEP	2025-10-06T18:22:16.0066483Z -- Driver info: driver.version: HtmlUnitDriver
Base IT (4)	UNKNOWN STEP	2025-10-06T18:22:16.0067363Z -- [ERROR]   Run 2: ClientRedirectTest.testClientRedirectEndpoint Â» Timeout java.net.SocketTimeoutException: Read timed out
Base IT (4)	UNKNOWN STEP	2025-10-06T18:22:16.0068134Z -- Build info: version: '4.28.1', revision: '73f5ad48a2'
Base IT (4)	UNKNOWN STEP	2025-10-06T18:22:16.0068628Z -- System info: os.name: 'Linux', os.arch: 'amd64', os.version: '6.11.0-1018-azure', java.version: '21.0.8'
Base IT (4)	UNKNOWN STEP	2025-10-06T18:22:16.0069060Z -- Driver info: driver.version: HtmlUnitDriver
Base IT (4)	UNKNOWN STEP	2025-10-06T18:22:16.0071130Z -- [ERROR]   Run 3: ClientRedirectTest.testClientRedirectEndpoint Â» Timeout java.net.SocketTimeoutException: Read timed out
Base IT (4)	UNKNOWN STEP	2025-10-06T18:22:16.0072106Z -- Build info: version: '4.28.1', revision: '73f5ad48a2'
Base IT (4)	UNKNOWN STEP	2025-10-06T18:22:16.0072826Z -- System info: os.name: 'Linux', os.arch: 'amd64', os.version: '6.11.0-1018-azure', java.version: '21.0.8'
Base IT (4)	UNKNOWN STEP	2025-10-06T18:22:16.0073756Z -- Driver info: driver.version: HtmlUnitDriver
Base IT (4)	UNKNOWN STEP	2025-10-06T18:22:16.0074211Z -- [INFO] 
Base IT (4)	UNKNOWN STEP	2025-10-06T18:22:16.0074487Z -- [INFO] 
Base IT (4)	UNKNOWN STEP	2025-10-06T18:22:16.0074867Z -- [ERROR] Tests run: 1008, Failures: 0, Errors: 1, Skipped: 6
Base IT (4)	UNKNOWN STEP	2025-10-06T18:22:16.0075330Z -- [INFO] 
Base IT (4)	UNKNOWN STEP	2025-10-06T18:22:16.0090712Z -- [INFO] ------------------------------------------------------------------------
Base IT (4)	UNKNOWN STEP	2025-10-06T18:22:16.0091328Z -- [INFO] BUILD FAILURE
Base IT (4)	UNKNOWN STEP	2025-10-06T18:22:16.0092361Z -- [INFO] ------------------------------------------------------------------------
Base IT (4)	UNKNOWN STEP	2025-10-06T18:22:16.0096141Z -- [INFO] Total time:  26:28 min
Base IT (4)	UNKNOWN STEP	2025-10-06T18:22:16.0096660Z -- [INFO] Finished at: 2025-10-06T18:22:16Z
Base IT (4)	UNKNOWN STEP	2025-10-06T18:22:16.0097284Z -- [INFO] ------------------------------------------------------------------------
Base IT (4)	UNKNOWN STEP	2025-10-06T18:22:16.0107377Z -- [ERROR] Failed to execute goal org.apache.maven.plugins:maven-surefire-plugin:3.5.3:test (default-test) on project integration-arquillian-tests-base: 
Base IT (4)	UNKNOWN STEP	2025-10-06T18:22:16.0108806Z -- [ERROR] 
Base IT (4)	UNKNOWN STEP	2025-10-06T18:22:16.0110102Z -- [ERROR] See /home/runner/work/keycloak/keycloak/testsuite/integration-arquillian/tests/base/target/surefire-reports for the individual test results.
Base IT (4)	UNKNOWN STEP	2025-10-06T18:22:16.0110975Z -- [ERROR] See dump files (if any exist) [date].dump, [date]-jvmRun[N].dump and [date].dumpstream.
Base IT (4)	UNKNOWN STEP	2025-10-06T18:22:16.0111374Z -- [ERROR] -> [Help 1]
Base IT (4)	UNKNOWN STEP	2025-10-06T18:22:16.0111577Z -- [ERROR] 
Base IT (4)	UNKNOWN STEP	2025-10-06T18:22:16.0111893Z -- [ERROR] To see the full stack trace of the errors, re-run Maven with the -e switch.
Base IT (4)	UNKNOWN STEP	2025-10-06T18:22:16.0112462Z -- [ERROR] Re-run Maven using the -X switch to enable full debug logging.
Base IT (4)	UNKNOWN STEP	2025-10-06T18:22:16.0112787Z -- [ERROR] 
Base IT (4)	UNKNOWN STEP	2025-10-06T18:22:16.0113169Z -- [ERROR] For more information about the errors and possible solutions, please read the following articles:
Base IT (4)	UNKNOWN STEP	2025-10-06T18:22:16.0114120Z -- [ERROR] [Help 1] http://cwiki.apache.org/confluence/display/MAVEN/MojoFailureException
Base IT (4)	UNKNOWN STEP	2025-10-06T18:22:16.0667502Z ##[error]Process completed with exit code 1.
Base IT (4)	UNKNOWN STEP	2025-10-06T18:22:16.0739440Z Post job cleanup.
Base IT (4)	UNKNOWN STEP	2025-10-06T18:22:16.0783110Z Post job cleanup.
Base IT (4)	UNKNOWN STEP	2025-10-06T18:22:16.2512742Z Post job cleanup.
Base IT (4)	UNKNOWN STEP	2025-10-06T18:22:16.3428747Z [command]/usr/bin/git version
Base IT (4)	UNKNOWN STEP	2025-10-06T18:22:16.3470664Z git version 2.51.0
Base IT (4)	UNKNOWN STEP	2025-10-06T18:22:16.3509119Z Temporarily overriding HOME='/home/runner/work/_temp/416d3402-acb4-4f7f-adfa-2126ec5fd89f' before making global git config changes
Base IT (4)	UNKNOWN STEP	2025-10-06T18:22:16.3510783Z Adding repository directory to the temporary git global config as a safe directory
Base IT (4)	UNKNOWN STEP	2025-10-06T18:22:16.3514234Z [command]/usr/bin/git config --global --add safe.directory /home/runner/work/keycloak/keycloak
Base IT (4)	UNKNOWN STEP	2025-10-06T18:22:16.3551062Z [command]/usr/bin/git config --local --name-only --get-regexp core\.sshCommand
Base IT (4)	UNKNOWN STEP	2025-10-06T18:22:16.3608230Z [command]/usr/bin/git submodule foreach --recursive sh -c "git config --local --name-only --get-regexp 'core\.sshCommand' && git config --local --unset-all 'core.sshCommand' || :"
Base IT (4)	UNKNOWN STEP	2025-10-06T18:22:16.3861587Z [command]/usr/bin/git config --local --name-only --get-regexp http\.https\:\/\/github\.com\/\.extraheader
Base IT (4)	UNKNOWN STEP	2025-10-06T18:22:16.3884231Z http.https://github.com/.extraheader
Base IT (4)	UNKNOWN STEP	2025-10-06T18:22:16.3894132Z [command]/usr/bin/git config --local --unset-all http.https://github.com/.extraheader
Base IT (4)	UNKNOWN STEP	2025-10-06T18:22:16.3924400Z [command]/usr/bin/git submodule foreach --recursive sh -c "git config --local --name-only --get-regexp 'http\.https\:\/\/github\.com\/\.extraheader' && git config --local --unset-all 'http.https://github.com/.extraheader' || :"
Base IT (4)	UNKNOWN STEP	2025-10-06T18:22:16.4283778Z Cleaning up orphan processes
Base IT (4)	UNKNOWN STEP	2025-10-06T18:22:16.4652090Z Terminate orphan process: pid (22433) (java)
Status Check - Keycloak CI	UNKNOWN STEP	ï»¿2025-10-06T19:07:10.3376058Z Current runner version: '2.328.0'
Status Check - Keycloak CI	UNKNOWN STEP	2025-10-06T19:07:10.3400129Z ##[group]Runner Image Provisioner
Status Check - Keycloak CI	UNKNOWN STEP	2025-10-06T19:07:10.3400953Z Hosted Compute Agent
Status Check - Keycloak CI	UNKNOWN STEP	2025-10-06T19:07:10.3401493Z Version: 20250912.392
Status Check - Keycloak CI	UNKNOWN STEP	2025-10-06T19:07:10.3402192Z Commit: d921fda672a98b64f4f82364647e2f10b2267d0b
Status Check - Keycloak CI	UNKNOWN STEP	2025-10-06T19:07:10.3402868Z Build Date: 2025-09-12T15:23:14Z
Status Check - Keycloak CI	UNKNOWN STEP	2025-10-06T19:07:10.3403470Z ##[endgroup]
Status Check - Keycloak CI	UNKNOWN STEP	2025-10-06T19:07:10.3404027Z ##[group]Operating System
Status Check - Keycloak CI	UNKNOWN STEP	2025-10-06T19:07:10.3404675Z Ubuntu
Status Check - Keycloak CI	UNKNOWN STEP	2025-10-06T19:07:10.3405152Z 24.04.3
Status Check - Keycloak CI	UNKNOWN STEP	2025-10-06T19:07:10.3405735Z LTS
Status Check - Keycloak CI	UNKNOWN STEP	2025-10-06T19:07:10.3406207Z ##[endgroup]
Status Check - Keycloak CI	UNKNOWN STEP	2025-10-06T19:07:10.3406876Z ##[group]Runner Image
Status Check - Keycloak CI	UNKNOWN STEP	2025-10-06T19:07:10.3407535Z Image: ubuntu-24.04
Status Check - Keycloak CI	UNKNOWN STEP	2025-10-06T19:07:10.3408072Z Version: 20250929.60.1
Status Check - Keycloak CI	UNKNOWN STEP	2025-10-06T19:07:10.3409120Z Included Software: https://github.com/actions/runner-images/blob/ubuntu24/20250929.60/images/ubuntu/Ubuntu2404-Readme.md
Status Check - Keycloak CI	UNKNOWN STEP	2025-10-06T19:07:10.3410707Z Image Release: https://github.com/actions/runner-images/releases/tag/ubuntu24%2F20250929.60
Status Check - Keycloak CI	UNKNOWN STEP	2025-10-06T19:07:10.3411700Z ##[endgroup]
Status Check - Keycloak CI	UNKNOWN STEP	2025-10-06T19:07:10.3412803Z ##[group]GITHUB_TOKEN Permissions
Status Check - Keycloak CI	UNKNOWN STEP	2025-10-06T19:07:10.3415214Z Contents: read
Status Check - Keycloak CI	UNKNOWN STEP	2025-10-06T19:07:10.3415810Z Metadata: read
Status Check - Keycloak CI	UNKNOWN STEP	2025-10-06T19:07:10.3416417Z ##[endgroup]
Status Check - Keycloak CI	UNKNOWN STEP	2025-10-06T19:07:10.3419146Z Secret source: None
Status Check - Keycloak CI	UNKNOWN STEP	2025-10-06T19:07:10.3420177Z Prepare workflow directory
Status Check - Keycloak CI	UNKNOWN STEP	2025-10-06T19:07:10.3812098Z Prepare all required actions
Status Check - Keycloak CI	UNKNOWN STEP	2025-10-06T19:07:10.3849586Z Getting action download info
Status Check - Keycloak CI	UNKNOWN STEP	2025-10-06T19:07:10.6670063Z Download action repository 'actions/checkout@08c6903cd8c0fde910a37f88322edcfb5dd907a8' (SHA:08c6903cd8c0fde910a37f88322edcfb5dd907a8)
Status Check - Keycloak CI	UNKNOWN STEP	2025-10-06T19:07:10.8018880Z Complete job name: Status Check - Keycloak CI
Status Check - Keycloak CI	UNKNOWN STEP	2025-10-06T19:07:10.8700034Z ##[group]Run actions/checkout@08c6903cd8c0fde910a37f88322edcfb5dd907a8
Status Check - Keycloak CI	UNKNOWN STEP	2025-10-06T19:07:10.8701077Z with:
Status Check - Keycloak CI	UNKNOWN STEP	2025-10-06T19:07:10.8701519Z   repository: keycloak/keycloak
Status Check - Keycloak CI	UNKNOWN STEP	2025-10-06T19:07:10.8702188Z   token: ***
Status Check - Keycloak CI	UNKNOWN STEP	2025-10-06T19:07:10.8702602Z   ssh-strict: true
Status Check - Keycloak CI	UNKNOWN STEP	2025-10-06T19:07:10.8703035Z   ssh-user: git
Status Check - Keycloak CI	UNKNOWN STEP	2025-10-06T19:07:10.8703475Z   persist-credentials: true
Status Check - Keycloak CI	UNKNOWN STEP	2025-10-06T19:07:10.8703954Z   clean: true
Status Check - Keycloak CI	UNKNOWN STEP	2025-10-06T19:07:10.8704379Z   sparse-checkout-cone-mode: true
Status Check - Keycloak CI	UNKNOWN STEP	2025-10-06T19:07:10.8704882Z   fetch-depth: 1
Status Check - Keycloak CI	UNKNOWN STEP	2025-10-06T19:07:10.8705306Z   fetch-tags: false
Status Check - Keycloak CI	UNKNOWN STEP	2025-10-06T19:07:10.8705730Z   show-progress: true
Status Check - Keycloak CI	UNKNOWN STEP	2025-10-06T19:07:10.8706166Z   lfs: false
Status Check - Keycloak CI	UNKNOWN STEP	2025-10-06T19:07:10.8706556Z   submodules: false
Status Check - Keycloak CI	UNKNOWN STEP	2025-10-06T19:07:10.8707217Z   set-safe-directory: true
Status Check - Keycloak CI	UNKNOWN STEP	2025-10-06T19:07:10.8707953Z env:
Status Check - Keycloak CI	UNKNOWN STEP	2025-10-06T19:07:10.8708528Z   MAVEN_ARGS: -B -nsu -Daether.connector.http.connectionMaxTtl=25
Status Check - Keycloak CI	UNKNOWN STEP	2025-10-06T19:07:10.8709234Z   SUREFIRE_RERUN_FAILING_COUNT: 2
Status Check - Keycloak CI	UNKNOWN STEP	2025-10-06T19:07:10.8709865Z   SUREFIRE_RETRY: -Dsurefire.rerunFailingTestsCount=2
Status Check - Keycloak CI	UNKNOWN STEP	2025-10-06T19:07:10.8710477Z ##[endgroup]
Status Check - Keycloak CI	UNKNOWN STEP	2025-10-06T19:07:10.9633274Z Syncing repository: keycloak/keycloak
Status Check - Keycloak CI	UNKNOWN STEP	2025-10-06T19:07:10.9635330Z ##[group]Getting Git version info
Status Check - Keycloak CI	UNKNOWN STEP	2025-10-06T19:07:10.9636344Z Working directory is '/home/runner/work/keycloak/keycloak'
Status Check - Keycloak CI	UNKNOWN STEP	2025-10-06T19:07:10.9638193Z [command]/usr/bin/git version
Status Check - Keycloak CI	UNKNOWN STEP	2025-10-06T19:07:10.9642072Z git version 2.51.0
Status Check - Keycloak CI	UNKNOWN STEP	2025-10-06T19:07:10.9662820Z ##[endgroup]
Status Check - Keycloak CI	UNKNOWN STEP	2025-10-06T19:07:10.9676050Z Temporarily overriding HOME='/home/runner/work/_temp/44bf13ad-5461-42e2-9431-37407357d62b' before making global git config changes
Status Check - Keycloak CI	UNKNOWN STEP	2025-10-06T19:07:10.9678193Z Adding repository directory to the temporary git global config as a safe directory
Status Check - Keycloak CI	UNKNOWN STEP	2025-10-06T19:07:10.9680606Z [command]/usr/bin/git config --global --add safe.directory /home/runner/work/keycloak/keycloak
Status Check - Keycloak CI	UNKNOWN STEP	2025-10-06T19:07:10.9713963Z Deleting the contents of '/home/runner/work/keycloak/keycloak'
Status Check - Keycloak CI	UNKNOWN STEP	2025-10-06T19:07:10.9717730Z ##[group]Initializing the repository
Status Check - Keycloak CI	UNKNOWN STEP	2025-10-06T19:07:10.9722139Z [command]/usr/bin/git init /home/runner/work/keycloak/keycloak
Status Check - Keycloak CI	UNKNOWN STEP	2025-10-06T19:07:10.9775857Z hint: Using 'master' as the name for the initial branch. This default branch name
Status Check - Keycloak CI	UNKNOWN STEP	2025-10-06T19:07:10.9778234Z hint: is subject to change. To configure the initial branch name to use in all
Status Check - Keycloak CI	UNKNOWN STEP	2025-10-06T19:07:10.9779225Z hint: of your new repositories, which will suppress this warning, call:
Status Check - Keycloak CI	UNKNOWN STEP	2025-10-06T19:07:10.9780711Z hint:
Status Check - Keycloak CI	UNKNOWN STEP	2025-10-06T19:07:10.9781582Z hint: 	git config --global init.defaultBranch <name>
Status Check - Keycloak CI	UNKNOWN STEP	2025-10-06T19:07:10.9782614Z hint:
Status Check - Keycloak CI	UNKNOWN STEP	2025-10-06T19:07:10.9783618Z hint: Names commonly chosen instead of 'master' are 'main', 'trunk' and
Status Check - Keycloak CI	UNKNOWN STEP	2025-10-06T19:07:10.9785260Z hint: 'development'. The just-created branch can be renamed via this command:
Status Check - Keycloak CI	UNKNOWN STEP	2025-10-06T19:07:10.9786504Z hint:
Status Check - Keycloak CI	UNKNOWN STEP	2025-10-06T19:07:10.9787370Z hint: 	git branch -m <name>
Status Check - Keycloak CI	UNKNOWN STEP	2025-10-06T19:07:10.9788129Z hint:
Status Check - Keycloak CI	UNKNOWN STEP	2025-10-06T19:07:10.9789188Z hint: Disable this message with "git config set advice.defaultBranchName false"
Status Check - Keycloak CI	UNKNOWN STEP	2025-10-06T19:07:10.9791004Z Initialized empty Git repository in /home/runner/work/keycloak/keycloak/.git/
Status Check - Keycloak CI	UNKNOWN STEP	2025-10-06T19:07:10.9793586Z [command]/usr/bin/git remote add origin https://github.com/keycloak/keycloak
Status Check - Keycloak CI	UNKNOWN STEP	2025-10-06T19:07:10.9823219Z ##[endgroup]
Status Check - Keycloak CI	UNKNOWN STEP	2025-10-06T19:07:10.9824395Z ##[group]Disabling automatic garbage collection
Status Check - Keycloak CI	UNKNOWN STEP	2025-10-06T19:07:10.9827493Z [command]/usr/bin/git config --local gc.auto 0
Status Check - Keycloak CI	UNKNOWN STEP	2025-10-06T19:07:10.9854654Z ##[endgroup]
Status Check - Keycloak CI	UNKNOWN STEP	2025-10-06T19:07:10.9855371Z ##[group]Setting up auth
Status Check - Keycloak CI	UNKNOWN STEP	2025-10-06T19:07:10.9860869Z [command]/usr/bin/git config --local --name-only --get-regexp core\.sshCommand
Status Check - Keycloak CI	UNKNOWN STEP	2025-10-06T19:07:10.9891089Z [command]/usr/bin/git submodule foreach --recursive sh -c "git config --local --name-only --get-regexp 'core\.sshCommand' && git config --local --unset-all 'core.sshCommand' || :"
Status Check - Keycloak CI	UNKNOWN STEP	2025-10-06T19:07:11.0148311Z [command]/usr/bin/git config --local --name-only --get-regexp http\.https\:\/\/github\.com\/\.extraheader
Status Check - Keycloak CI	UNKNOWN STEP	2025-10-06T19:07:11.0178272Z [command]/usr/bin/git submodule foreach --recursive sh -c "git config --local --name-only --get-regexp 'http\.https\:\/\/github\.com\/\.extraheader' && git config --local --unset-all 'http.https://github.com/.extraheader' || :"
Status Check - Keycloak CI	UNKNOWN STEP	2025-10-06T19:07:11.0394585Z [command]/usr/bin/git config --local http.https://github.com/.extraheader AUTHORIZATION: basic ***
Status Check - Keycloak CI	UNKNOWN STEP	2025-10-06T19:07:11.0427311Z ##[endgroup]
Status Check - Keycloak CI	UNKNOWN STEP	2025-10-06T19:07:11.0428263Z ##[group]Fetching the repository
Status Check - Keycloak CI	UNKNOWN STEP	2025-10-06T19:07:11.0436229Z [command]/usr/bin/git -c protocol.version=2 fetch --no-tags --prune --no-recurse-submodules --depth=1 origin +d7f5f64428f3f013f5b12b38e8be8267656df49d:refs/remotes/pull/43024/merge
Status Check - Keycloak CI	UNKNOWN STEP	2025-10-06T19:07:13.9691671Z From https://github.com/keycloak/keycloak
Status Check - Keycloak CI	UNKNOWN STEP	2025-10-06T19:07:13.9693480Z  * [new ref]         d7f5f64428f3f013f5b12b38e8be8267656df49d -> pull/43024/merge
Status Check - Keycloak CI	UNKNOWN STEP	2025-10-06T19:07:13.9721717Z ##[endgroup]
Status Check - Keycloak CI	UNKNOWN STEP	2025-10-06T19:07:13.9722786Z ##[group]Determining the checkout info
Status Check - Keycloak CI	UNKNOWN STEP	2025-10-06T19:07:13.9724390Z ##[endgroup]
Status Check - Keycloak CI	UNKNOWN STEP	2025-10-06T19:07:13.9730047Z [command]/usr/bin/git sparse-checkout disable
Status Check - Keycloak CI	UNKNOWN STEP	2025-10-06T19:07:13.9770995Z [command]/usr/bin/git config --local --unset-all extensions.worktreeConfig
Status Check - Keycloak CI	UNKNOWN STEP	2025-10-06T19:07:13.9798589Z ##[group]Checking out the ref
Status Check - Keycloak CI	UNKNOWN STEP	2025-10-06T19:07:13.9802626Z [command]/usr/bin/git checkout --progress --force refs/remotes/pull/43024/merge
Status Check - Keycloak CI	UNKNOWN STEP	2025-10-06T19:07:14.7943634Z Note: switching to 'refs/remotes/pull/43024/merge'.
Status Check - Keycloak CI	UNKNOWN STEP	2025-10-06T19:07:14.7944273Z 
Status Check - Keycloak CI	UNKNOWN STEP	2025-10-06T19:07:14.7944645Z You are in 'detached HEAD' state. You can look around, make experimental
Status Check - Keycloak CI	UNKNOWN STEP	2025-10-06T19:07:14.7945424Z changes and commit them, and you can discard any commits you make in this
Status Check - Keycloak CI	UNKNOWN STEP	2025-10-06T19:07:14.7946197Z state without impacting any branches by switching back to a branch.
Status Check - Keycloak CI	UNKNOWN STEP	2025-10-06T19:07:14.7947020Z 
Status Check - Keycloak CI	UNKNOWN STEP	2025-10-06T19:07:14.7947344Z If you want to create a new branch to retain commits you create, you may
Status Check - Keycloak CI	UNKNOWN STEP	2025-10-06T19:07:14.7948040Z do so (now or later) by using -c with the switch command. Example:
Status Check - Keycloak CI	UNKNOWN STEP	2025-10-06T19:07:14.7948433Z 
Status Check - Keycloak CI	UNKNOWN STEP	2025-10-06T19:07:14.7948624Z   git switch -c <new-branch-name>
Status Check - Keycloak CI	UNKNOWN STEP	2025-10-06T19:07:14.7948915Z 
Status Check - Keycloak CI	UNKNOWN STEP	2025-10-06T19:07:14.7949155Z Or undo this operation with:
Status Check - Keycloak CI	UNKNOWN STEP	2025-10-06T19:07:14.7949443Z 
Status Check - Keycloak CI	UNKNOWN STEP	2025-10-06T19:07:14.7949602Z   git switch -
Status Check - Keycloak CI	UNKNOWN STEP	2025-10-06T19:07:14.7949846Z 
Status Check - Keycloak CI	UNKNOWN STEP	2025-10-06T19:07:14.7950327Z Turn off this advice by setting config variable advice.detachedHead to false
Status Check - Keycloak CI	UNKNOWN STEP	2025-10-06T19:07:14.7950839Z 
Status Check - Keycloak CI	UNKNOWN STEP	2025-10-06T19:07:14.7951447Z HEAD is now at d7f5f64 Merge a39881ff27156c3f4ee9848a0138d9eb49394447 into 7bfc33fd5fbbc7916ef002f787596e93b39838a6
Status Check - Keycloak CI	UNKNOWN STEP	2025-10-06T19:07:14.7979033Z ##[endgroup]
Status Check - Keycloak CI	UNKNOWN STEP	2025-10-06T19:07:14.8019521Z [command]/usr/bin/git log -1 --format=%H
Status Check - Keycloak CI	UNKNOWN STEP	2025-10-06T19:07:14.8042515Z d7f5f64428f3f013f5b12b38e8be8267656df49d
Status Check - Keycloak CI	UNKNOWN STEP	2025-10-06T19:07:14.8276216Z Prepare all required actions
Status Check - Keycloak CI	UNKNOWN STEP	2025-10-06T19:07:14.8349482Z ##[group]Run ./.github/actions/status-check
Status Check - Keycloak CI	UNKNOWN STEP	2025-10-06T19:07:14.8349821Z with:
Status Check - Keycloak CI	UNKNOWN STEP	2025-10-06T19:07:14.8354213Z   jobs: {
Status Check - Keycloak CI	UNKNOWN STEP	  "conditional": {
Status Check - Keycloak CI	UNKNOWN STEP	    "result": "success",
Status Check - Keycloak CI	UNKNOWN STEP	    "outputs": {
Status Check - Keycloak CI	UNKNOWN STEP	      "ci-sssd": "false",
Status Check - Keycloak CI	UNKNOWN STEP	      "ci-webauthn": "true",
Status Check - Keycloak CI	UNKNOWN STEP	      "ci-aurora": "false",
Status Check - Keycloak CI	UNKNOWN STEP	      "ci-additional-dbs": "false",
Status Check - Keycloak CI	UNKNOWN STEP	      "ci": "true",
Status Check - Keycloak CI	UNKNOWN STEP	      "ci-quarkus": "false",
Status Check - Keycloak CI	UNKNOWN STEP	      "ci-store": "true"
Status Check - Keycloak CI	UNKNOWN STEP	    }
Status Check - Keycloak CI	UNKNOWN STEP	  },
Status Check - Keycloak CI	UNKNOWN STEP	  "build": {
Status Check - Keycloak CI	UNKNOWN STEP	    "result": "success",
Status Check - Keycloak CI	UNKNOWN STEP	    "outputs": {}
Status Check - Keycloak CI	UNKNOWN STEP	  },
Status Check - Keycloak CI	UNKNOWN STEP	  "unit-tests": {
Status Check - Keycloak CI	UNKNOWN STEP	    "result": "success",
Status Check - Keycloak CI	UNKNOWN STEP	    "outputs": {}
Status Check - Keycloak CI	UNKNOWN STEP	  },
Status Check - Keycloak CI	UNKNOWN STEP	  "base-integration-tests": {
Status Check - Keycloak CI	UNKNOWN STEP	    "result": "failure",
Status Check - Keycloak CI	UNKNOWN STEP	    "outputs": {}
Status Check - Keycloak CI	UNKNOWN STEP	  },
Status Check - Keycloak CI	UNKNOWN STEP	  "adapter-integration-tests": {
Status Check - Keycloak CI	UNKNOWN STEP	    "result": "success",
Status Check - Keycloak CI	UNKNOWN STEP	    "outputs": {}
Status Check - Keycloak CI	UNKNOWN STEP	  },
Status Check - Keycloak CI	UNKNOWN STEP	  "adapter-integration-tests-strict-cookies": {
Status Check - Keycloak CI	UNKNOWN STEP	    "result": "success",
Status Check - Keycloak CI	UNKNOWN STEP	    "outputs": {}
Status Check - Keycloak CI	UNKNOWN STEP	  },
Status Check - Keycloak CI	UNKNOWN STEP	  "quarkus-unit-tests": {
Status Check - Keycloak CI	UNKNOWN STEP	    "result": "skipped",
Status Check - Keycloak CI	UNKNOWN STEP	    "outputs": {}
Status Check - Keycloak CI	UNKNOWN STEP	  },
Status Check - Keycloak CI	UNKNOWN STEP	  "quarkus-integration-tests": {
Status Check - Keycloak CI	UNKNOWN STEP	    "result": "success",
Status Check - Keycloak CI	UNKNOWN STEP	    "outputs": {}
Status Check - Keycloak CI	UNKNOWN STEP	  },
Status Check - Keycloak CI	UNKNOWN STEP	  "jdk-integration-tests": {
Status Check - Keycloak CI	UNKNOWN STEP	    "result": "success",
Status Check - Keycloak CI	UNKNOWN STEP	    "outputs": {}
Status Check - Keycloak CI	UNKNOWN STEP	  },
Status Check - Keycloak CI	UNKNOWN STEP	  "store-integration-tests": {
Status Check - Keycloak CI	UNKNOWN STEP	    "result": "success",
Status Check - Keycloak CI	UNKNOWN STEP	    "outputs": {}
Status Check - Keycloak CI	UNKNOWN STEP	  },
Status Check - Keycloak CI	UNKNOWN STEP	  "volatile-sessions-tests": {
Status Check - Keycloak CI	UNKNOWN STEP	    "result": "success",
Status Check - Keycloak CI	UNKNOWN STEP	    "outputs": {}
Status Check - Keycloak CI	UNKNOWN STEP	  },
Status Check - Keycloak CI	UNKNOWN STEP	  "store-model-tests": {
Status Check - Keycloak CI	UNKNOWN STEP	    "result": "success",
Status Check - Keycloak CI	UNKNOWN STEP	    "outputs": {}
Status Check - Keycloak CI	UNKNOWN STEP	  },
Status Check - Keycloak CI	UNKNOWN STEP	  "clustering-integration-tests": {
Status Check - Keycloak CI	UNKNOWN STEP	    "result": "success",
Status Check - Keycloak CI	UNKNOWN STEP	    "outputs": {}
Status Check - Keycloak CI	UNKNOWN STEP	  },
Status Check - Keycloak CI	UNKNOWN STEP	  "fips-unit-tests": {
Status Check - Keycloak CI	UNKNOWN STEP	    "result": "success",
Status Check - Keycloak CI	UNKNOWN STEP	    "outputs": {}
Status Check - Keycloak CI	UNKNOWN STEP	  },
Status Check - Keycloak CI	UNKNOWN STEP	  "fips-integration-tests": {
Status Check - Keycloak CI	UNKNOWN STEP	    "result": "success",
Status Check - Keycloak CI	UNKNOWN STEP	    "outputs": {}
Status Check - Keycloak CI	UNKNOWN STEP	  },
Status Check - Keycloak CI	UNKNOWN STEP	  "forms-integration-tests": {
Status Check - Keycloak CI	UNKNOWN STEP	    "result": "success",
Status Check - Keycloak CI	UNKNOWN STEP	    "outputs": {}
Status Check - Keycloak CI	UNKNOWN STEP	  },
Status Check - Keycloak CI	UNKNOWN STEP	  "webauthn-integration-tests": {
Status Check - Keycloak CI	UNKNOWN STEP	    "result": "success",
Status Check - Keycloak CI	UNKNOWN STEP	    "outputs": {}
Status Check - Keycloak CI	UNKNOWN STEP	  },
Status Check - Keycloak CI	UNKNOWN STEP	  "sssd-unit-tests": {
Status Check - Keycloak CI	UNKNOWN STEP	    "result": "skipped",
Status Check - Keycloak CI	UNKNOWN STEP	    "outputs": {}
Status Check - Keycloak CI	UNKNOWN STEP	  },
Status Check - Keycloak CI	UNKNOWN STEP	  "migration-tests": {
Status Check - Keycloak CI	UNKNOWN STEP	    "result": "success",
Status Check - Keycloak CI	UNKNOWN STEP	    "outputs": {}
Status Check - Keycloak CI	UNKNOWN STEP	  },
Status Check - Keycloak CI	UNKNOWN STEP	  "external-infinispan-tests": {
Status Check - Keycloak CI	UNKNOWN STEP	    "result": "success",
Status Check - Keycloak CI	UNKNOWN STEP	    "outputs": {}
Status Check - Keycloak CI	UNKNOWN STEP	  },
Status Check - Keycloak CI	UNKNOWN STEP	  "test-framework": {
Status Check - Keycloak CI	UNKNOWN STEP	    "result": "success",
Status Check - Keycloak CI	UNKNOWN STEP	    "outputs": {}
Status Check - Keycloak CI	UNKNOWN STEP	  },
Status Check - Keycloak CI	UNKNOWN STEP	  "base-new-integration-tests": {
Status Check - Keycloak CI	UNKNOWN STEP	    "result": "success",
Status Check - Keycloak CI	UNKNOWN STEP	    "outputs": {}
Status Check - Keycloak CI	UNKNOWN STEP	  },
Status Check - Keycloak CI	UNKNOWN STEP	  "mixed-cluster-compatibility-tests": {
Status Check - Keycloak CI	UNKNOWN STEP	    "result": "skipped",
Status Check - Keycloak CI	UNKNOWN STEP	    "outputs": {}
Status Check - Keycloak CI	UNKNOWN STEP	  }
Status Check - Keycloak CI	UNKNOWN STEP	}
Status Check - Keycloak CI	UNKNOWN STEP	2025-10-06T19:07:14.8358945Z env:
Status Check - Keycloak CI	UNKNOWN STEP	2025-10-06T19:07:14.8359258Z   MAVEN_ARGS: -B -nsu -Daether.connector.http.connectionMaxTtl=25
Status Check - Keycloak CI	UNKNOWN STEP	2025-10-06T19:07:14.8359628Z   SUREFIRE_RERUN_FAILING_COUNT: 2
Status Check - Keycloak CI	UNKNOWN STEP	2025-10-06T19:07:14.8359965Z   SUREFIRE_RETRY: -Dsurefire.rerunFailingTestsCount=2
Status Check - Keycloak CI	UNKNOWN STEP	2025-10-06T19:07:14.8360280Z ##[endgroup]
Status Check - Keycloak CI	UNKNOWN STEP	2025-10-06T19:07:14.8462400Z ##[group]Run JOBS='{
Status Check - Keycloak CI	UNKNOWN STEP	2025-10-06T19:07:14.8462806Z [36;1mJOBS='{[0m
Status Check - Keycloak CI	UNKNOWN STEP	2025-10-06T19:07:14.8463051Z [36;1m  "conditional": {[0m
Status Check - Keycloak CI	UNKNOWN STEP	2025-10-06T19:07:14.8463328Z [36;1m    "result": "success",[0m
Status Check - Keycloak CI	UNKNOWN STEP	2025-10-06T19:07:14.8463616Z [36;1m    "outputs": {[0m
Status Check - Keycloak CI	UNKNOWN STEP	2025-10-06T19:07:14.8463879Z [36;1m      "ci-sssd": "false",[0m
Status Check - Keycloak CI	UNKNOWN STEP	2025-10-06T19:07:14.8464192Z [36;1m      "ci-webauthn": "true",[0m
Status Check - Keycloak CI	UNKNOWN STEP	2025-10-06T19:07:14.8464476Z [36;1m      "ci-aurora": "false",[0m
Status Check - Keycloak CI	UNKNOWN STEP	2025-10-06T19:07:14.8464796Z [36;1m      "ci-additional-dbs": "false",[0m
Status Check - Keycloak CI	UNKNOWN STEP	2025-10-06T19:07:14.8465101Z [36;1m      "ci": "true",[0m
Status Check - Keycloak CI	UNKNOWN STEP	2025-10-06T19:07:14.8465363Z [36;1m      "ci-quarkus": "false",[0m
Status Check - Keycloak CI	UNKNOWN STEP	2025-10-06T19:07:14.8465637Z [36;1m      "ci-store": "true"[0m
Status Check - Keycloak CI	UNKNOWN STEP	2025-10-06T19:07:14.8465900Z [36;1m    }[0m
Status Check - Keycloak CI	UNKNOWN STEP	2025-10-06T19:07:14.8466117Z [36;1m  },[0m
Status Check - Keycloak CI	UNKNOWN STEP	2025-10-06T19:07:14.8466327Z [36;1m  "build": {[0m
Status Check - Keycloak CI	UNKNOWN STEP	2025-10-06T19:07:14.8466575Z [36;1m    "result": "success",[0m
Status Check - Keycloak CI	UNKNOWN STEP	2025-10-06T19:07:14.8467020Z [36;1m    "outputs": {}[0m
Status Check - Keycloak CI	UNKNOWN STEP	2025-10-06T19:07:14.8467270Z [36;1m  },[0m
Status Check - Keycloak CI	UNKNOWN STEP	2025-10-06T19:07:14.8467483Z [36;1m  "unit-tests": {[0m
Status Check - Keycloak CI	UNKNOWN STEP	2025-10-06T19:07:14.8467740Z [36;1m    "result": "success",[0m
Status Check - Keycloak CI	UNKNOWN STEP	2025-10-06T19:07:14.8468004Z [36;1m    "outputs": {}[0m
Status Check - Keycloak CI	UNKNOWN STEP	2025-10-06T19:07:14.8468241Z [36;1m  },[0m
Status Check - Keycloak CI	UNKNOWN STEP	2025-10-06T19:07:14.8468467Z [36;1m  "base-integration-tests": {[0m
Status Check - Keycloak CI	UNKNOWN STEP	2025-10-06T19:07:14.8468951Z [36;1m    "result": "failure",[0m
Status Check - Keycloak CI	UNKNOWN STEP	2025-10-06T19:07:14.8469214Z [36;1m    "outputs": {}[0m
Status Check - Keycloak CI	UNKNOWN STEP	2025-10-06T19:07:14.8469445Z [36;1m  },[0m
Status Check - Keycloak CI	UNKNOWN STEP	2025-10-06T19:07:14.8469682Z [36;1m  "adapter-integration-tests": {[0m
Status Check - Keycloak CI	UNKNOWN STEP	2025-10-06T19:07:14.8470131Z [36;1m    "result": "success",[0m
Status Check - Keycloak CI	UNKNOWN STEP	2025-10-06T19:07:14.8470403Z [36;1m    "outputs": {}[0m
Status Check - Keycloak CI	UNKNOWN STEP	2025-10-06T19:07:14.8470635Z [36;1m  },[0m
Status Check - Keycloak CI	UNKNOWN STEP	2025-10-06T19:07:14.8470922Z [36;1m  "adapter-integration-tests-strict-cookies": {[0m
Status Check - Keycloak CI	UNKNOWN STEP	2025-10-06T19:07:14.8471255Z [36;1m    "result": "success",[0m
Status Check - Keycloak CI	UNKNOWN STEP	2025-10-06T19:07:14.8471521Z [36;1m    "outputs": {}[0m
Status Check - Keycloak CI	UNKNOWN STEP	2025-10-06T19:07:14.8471758Z [36;1m  },[0m
Status Check - Keycloak CI	UNKNOWN STEP	2025-10-06T19:07:14.8471976Z [36;1m  "quarkus-unit-tests": {[0m
Status Check - Keycloak CI	UNKNOWN STEP	2025-10-06T19:07:14.8472254Z [36;1m    "result": "skipped",[0m
Status Check - Keycloak CI	UNKNOWN STEP	2025-10-06T19:07:14.8472508Z [36;1m    "outputs": {}[0m
Status Check - Keycloak CI	UNKNOWN STEP	2025-10-06T19:07:14.8472742Z [36;1m  },[0m
Status Check - Keycloak CI	UNKNOWN STEP	2025-10-06T19:07:14.8472976Z [36;1m  "quarkus-integration-tests": {[0m
Status Check - Keycloak CI	UNKNOWN STEP	2025-10-06T19:07:14.8473265Z [36;1m    "result": "success",[0m
Status Check - Keycloak CI	UNKNOWN STEP	2025-10-06T19:07:14.8473530Z [36;1m    "outputs": {}[0m
Status Check - Keycloak CI	UNKNOWN STEP	2025-10-06T19:07:14.8473767Z [36;1m  },[0m
Status Check - Keycloak CI	UNKNOWN STEP	2025-10-06T19:07:14.8473992Z [36;1m  "jdk-integration-tests": {[0m
Status Check - Keycloak CI	UNKNOWN STEP	2025-10-06T19:07:14.8474271Z [36;1m    "result": "success",[0m
Status Check - Keycloak CI	UNKNOWN STEP	2025-10-06T19:07:14.8474533Z [36;1m    "outputs": {}[0m
Status Check - Keycloak CI	UNKNOWN STEP	2025-10-06T19:07:14.8474763Z [36;1m  },[0m
Status Check - Keycloak CI	UNKNOWN STEP	2025-10-06T19:07:14.8474997Z [36;1m  "store-integration-tests": {[0m
Status Check - Keycloak CI	UNKNOWN STEP	2025-10-06T19:07:14.8475285Z [36;1m    "result": "success",[0m
Status Check - Keycloak CI	UNKNOWN STEP	2025-10-06T19:07:14.8475541Z [36;1m    "outputs": {}[0m
Status Check - Keycloak CI	UNKNOWN STEP	2025-10-06T19:07:14.8475770Z [36;1m  },[0m
Status Check - Keycloak CI	UNKNOWN STEP	2025-10-06T19:07:14.8476013Z [36;1m  "volatile-sessions-tests": {[0m
Status Check - Keycloak CI	UNKNOWN STEP	2025-10-06T19:07:14.8476299Z [36;1m    "result": "success",[0m
Status Check - Keycloak CI	UNKNOWN STEP	2025-10-06T19:07:14.8476562Z [36;1m    "outputs": {}[0m
Status Check - Keycloak CI	UNKNOWN STEP	2025-10-06T19:07:14.8476916Z [36;1m  },[0m
Status Check - Keycloak CI	UNKNOWN STEP	2025-10-06T19:07:14.8477135Z [36;1m  "store-model-tests": {[0m
Status Check - Keycloak CI	UNKNOWN STEP	2025-10-06T19:07:14.8477404Z [36;1m    "result": "success",[0m
Status Check - Keycloak CI	UNKNOWN STEP	2025-10-06T19:07:14.8477729Z [36;1m    "outputs": {}[0m
Status Check - Keycloak CI	UNKNOWN STEP	2025-10-06T19:07:14.8477971Z [36;1m  },[0m
Status Check - Keycloak CI	UNKNOWN STEP	2025-10-06T19:07:14.8478216Z [36;1m  "clustering-integration-tests": {[0m
Status Check - Keycloak CI	UNKNOWN STEP	2025-10-06T19:07:14.8478517Z [36;1m    "result": "success",[0m
Status Check - Keycloak CI	UNKNOWN STEP	2025-10-06T19:07:14.8478781Z [36;1m    "outputs": {}[0m
Status Check - Keycloak CI	UNKNOWN STEP	2025-10-06T19:07:14.8479016Z [36;1m  },[0m
Status Check - Keycloak CI	UNKNOWN STEP	2025-10-06T19:07:14.8479239Z [36;1m  "fips-unit-tests": {[0m
Status Check - Keycloak CI	UNKNOWN STEP	2025-10-06T19:07:14.8479496Z [36;1m    "result": "success",[0m
Status Check - Keycloak CI	UNKNOWN STEP	2025-10-06T19:07:14.8479754Z [36;1m    "outputs": {}[0m
Status Check - Keycloak CI	UNKNOWN STEP	2025-10-06T19:07:14.8479982Z [36;1m  },[0m
Status Check - Keycloak CI	UNKNOWN STEP	2025-10-06T19:07:14.8480209Z [36;1m  "fips-integration-tests": {[0m
Status Check - Keycloak CI	UNKNOWN STEP	2025-10-06T19:07:14.8480493Z [36;1m    "result": "success",[0m
Status Check - Keycloak CI	UNKNOWN STEP	2025-10-06T19:07:14.8480743Z [36;1m    "outputs": {}[0m
Status Check - Keycloak CI	UNKNOWN STEP	2025-10-06T19:07:14.8480975Z [36;1m  },[0m
Status Check - Keycloak CI	UNKNOWN STEP	2025-10-06T19:07:14.8481198Z [36;1m  "forms-integration-tests": {[0m
Status Check - Keycloak CI	UNKNOWN STEP	2025-10-06T19:07:14.8481485Z [36;1m    "result": "success",[0m
Status Check - Keycloak CI	UNKNOWN STEP	2025-10-06T19:07:14.8481734Z [36;1m    "outputs": {}[0m
Status Check - Keycloak CI	UNKNOWN STEP	2025-10-06T19:07:14.8481966Z [36;1m  },[0m
Status Check - Keycloak CI	UNKNOWN STEP	2025-10-06T19:07:14.8482209Z [36;1m  "webauthn-integration-tests": {[0m
Status Check - Keycloak CI	UNKNOWN STEP	2025-10-06T19:07:14.8482500Z [36;1m    "result": "success",[0m
Status Check - Keycloak CI	UNKNOWN STEP	2025-10-06T19:07:14.8482759Z [36;1m    "outputs": {}[0m
Status Check - Keycloak CI	UNKNOWN STEP	2025-10-06T19:07:14.8482985Z [36;1m  },[0m
Status Check - Keycloak CI	UNKNOWN STEP	2025-10-06T19:07:14.8483210Z [36;1m  "sssd-unit-tests": {[0m
Status Check - Keycloak CI	UNKNOWN STEP	2025-10-06T19:07:14.8483469Z [36;1m    "result": "skipped",[0m
Status Check - Keycloak CI	UNKNOWN STEP	2025-10-06T19:07:14.8483728Z [36;1m    "outputs": {}[0m
Status Check - Keycloak CI	UNKNOWN STEP	2025-10-06T19:07:14.8483955Z [36;1m  },[0m
Status Check - Keycloak CI	UNKNOWN STEP	2025-10-06T19:07:14.8484172Z [36;1m  "migration-tests": {[0m
Status Check - Keycloak CI	UNKNOWN STEP	2025-10-06T19:07:14.8484428Z [36;1m    "result": "success",[0m
Status Check - Keycloak CI	UNKNOWN STEP	2025-10-06T19:07:14.8484684Z [36;1m    "outputs": {}[0m
Status Check - Keycloak CI	UNKNOWN STEP	2025-10-06T19:07:14.8484915Z [36;1m  },[0m
Status Check - Keycloak CI	UNKNOWN STEP	2025-10-06T19:07:14.8485151Z [36;1m  "external-infinispan-tests": {[0m
Status Check - Keycloak CI	UNKNOWN STEP	2025-10-06T19:07:14.8485443Z [36;1m    "result": "success",[0m
Status Check - Keycloak CI	UNKNOWN STEP	2025-10-06T19:07:14.8485693Z [36;1m    "outputs": {}[0m
Status Check - Keycloak CI	UNKNOWN STEP	2025-10-06T19:07:14.8485926Z [36;1m  },[0m
Status Check - Keycloak CI	UNKNOWN STEP	2025-10-06T19:07:14.8486140Z [36;1m  "test-framework": {[0m
Status Check - Keycloak CI	UNKNOWN STEP	2025-10-06T19:07:14.8486533Z [36;1m    "result": "success",[0m
Status Check - Keycloak CI	UNKNOWN STEP	2025-10-06T19:07:14.8486971Z [36;1m    "outputs": {}[0m
Status Check - Keycloak CI	UNKNOWN STEP	2025-10-06T19:07:14.8487208Z [36;1m  },[0m
Status Check - Keycloak CI	UNKNOWN STEP	2025-10-06T19:07:14.8487444Z [36;1m  "base-new-integration-tests": {[0m
Status Check - Keycloak CI	UNKNOWN STEP	2025-10-06T19:07:14.8487866Z [36;1m    "result": "success",[0m
Status Check - Keycloak CI	UNKNOWN STEP	2025-10-06T19:07:14.8488135Z [36;1m    "outputs": {}[0m
Status Check - Keycloak CI	UNKNOWN STEP	2025-10-06T19:07:14.8488360Z [36;1m  },[0m
Status Check - Keycloak CI	UNKNOWN STEP	2025-10-06T19:07:14.8488615Z [36;1m  "mixed-cluster-compatibility-tests": {[0m
Status Check - Keycloak CI	UNKNOWN STEP	2025-10-06T19:07:14.8488923Z [36;1m    "result": "skipped",[0m
Status Check - Keycloak CI	UNKNOWN STEP	2025-10-06T19:07:14.8489185Z [36;1m    "outputs": {}[0m
Status Check - Keycloak CI	UNKNOWN STEP	2025-10-06T19:07:14.8489414Z [36;1m  }[0m
Status Check - Keycloak CI	UNKNOWN STEP	2025-10-06T19:07:14.8489621Z [36;1m}'[0m
Status Check - Keycloak CI	UNKNOWN STEP	2025-10-06T19:07:14.8489828Z [36;1m[0m
Status Check - Keycloak CI	UNKNOWN STEP	2025-10-06T19:07:14.8490053Z [36;1mecho "Job status:"[0m
Status Check - Keycloak CI	UNKNOWN STEP	2025-10-06T19:07:14.8490404Z [36;1mecho $JOBS | jq -r 'to_entries[] | " - \(.key): \(.value.result)"'[0m
Status Check - Keycloak CI	UNKNOWN STEP	2025-10-06T19:07:14.8490760Z [36;1m[0m
Status Check - Keycloak CI	UNKNOWN STEP	2025-10-06T19:07:14.8491048Z [36;1mfor i in $(echo $JOBS | jq -r 'to_entries[] | .value.result'); do[0m
Status Check - Keycloak CI	UNKNOWN STEP	2025-10-06T19:07:14.8491449Z [36;1m  if [ "$i" != "success" ] && [ "$i" != "skipped" ]; then[0m
Status Check - Keycloak CI	UNKNOWN STEP	2025-10-06T19:07:14.8491761Z [36;1m    echo ""[0m
Status Check - Keycloak CI	UNKNOWN STEP	2025-10-06T19:07:14.8492009Z [36;1m    echo "Status check not okay!"[0m
Status Check - Keycloak CI	UNKNOWN STEP	2025-10-06T19:07:14.8492292Z [36;1m    exit 1[0m
Status Check - Keycloak CI	UNKNOWN STEP	2025-10-06T19:07:14.8492507Z [36;1m  fi[0m
Status Check - Keycloak CI	UNKNOWN STEP	2025-10-06T19:07:14.8492715Z [36;1mdone[0m
Status Check - Keycloak CI	UNKNOWN STEP	2025-10-06T19:07:14.8529986Z shell: /usr/bin/bash --noprofile --norc -e -o pipefail {0}
Status Check - Keycloak CI	UNKNOWN STEP	2025-10-06T19:07:14.8530377Z env:
Status Check - Keycloak CI	UNKNOWN STEP	2025-10-06T19:07:14.8530702Z   MAVEN_ARGS: -B -nsu -Daether.connector.http.connectionMaxTtl=25
Status Check - Keycloak CI	UNKNOWN STEP	2025-10-06T19:07:14.8531094Z   SUREFIRE_RERUN_FAILING_COUNT: 2
Status Check - Keycloak CI	UNKNOWN STEP	2025-10-06T19:07:14.8531419Z   SUREFIRE_RETRY: -Dsurefire.rerunFailingTestsCount=2
Status Check - Keycloak CI	UNKNOWN STEP	2025-10-06T19:07:14.8531754Z ##[endgroup]
Status Check - Keycloak CI	UNKNOWN STEP	2025-10-06T19:07:14.8606364Z Job status:
Status Check - Keycloak CI	UNKNOWN STEP	2025-10-06T19:07:14.8645748Z  - conditional: success
Status Check - Keycloak CI	UNKNOWN STEP	2025-10-06T19:07:14.8646207Z  - build: success
Status Check - Keycloak CI	UNKNOWN STEP	2025-10-06T19:07:14.8646570Z  - unit-tests: success
Status Check - Keycloak CI	UNKNOWN STEP	2025-10-06T19:07:14.8647112Z  - base-integration-tests: failure
Status Check - Keycloak CI	UNKNOWN STEP	2025-10-06T19:07:14.8647450Z  - adapter-integration-tests: success
Status Check - Keycloak CI	UNKNOWN STEP	2025-10-06T19:07:14.8647991Z  - adapter-integration-tests-strict-cookies: success
Status Check - Keycloak CI	UNKNOWN STEP	2025-10-06T19:07:14.8648623Z  - quarkus-unit-tests: skipped
Status Check - Keycloak CI	UNKNOWN STEP	2025-10-06T19:07:14.8649144Z  - quarkus-integration-tests: success
Status Check - Keycloak CI	UNKNOWN STEP	2025-10-06T19:07:14.8649670Z  - jdk-integration-tests: success
Status Check - Keycloak CI	UNKNOWN STEP	2025-10-06T19:07:14.8650139Z  - store-integration-tests: success
Status Check - Keycloak CI	UNKNOWN STEP	2025-10-06T19:07:14.8650450Z  - volatile-sessions-tests: success
Status Check - Keycloak CI	UNKNOWN STEP	2025-10-06T19:07:14.8650738Z  - store-model-tests: success
Status Check - Keycloak CI	UNKNOWN STEP	2025-10-06T19:07:14.8651030Z  - clustering-integration-tests: success
Status Check - Keycloak CI	UNKNOWN STEP	2025-10-06T19:07:14.8651339Z  - fips-unit-tests: success
Status Check - Keycloak CI	UNKNOWN STEP	2025-10-06T19:07:14.8651598Z  - fips-integration-tests: success
Status Check - Keycloak CI	UNKNOWN STEP	2025-10-06T19:07:14.8651882Z  - forms-integration-tests: success
Status Check - Keycloak CI	UNKNOWN STEP	2025-10-06T19:07:14.8652163Z  - webauthn-integration-tests: success
Status Check - Keycloak CI	UNKNOWN STEP	2025-10-06T19:07:14.8652458Z  - sssd-unit-tests: skipped
Status Check - Keycloak CI	UNKNOWN STEP	2025-10-06T19:07:14.8652711Z  - migration-tests: success
Status Check - Keycloak CI	UNKNOWN STEP	2025-10-06T19:07:14.8652982Z  - external-infinispan-tests: success
Status Check - Keycloak CI	UNKNOWN STEP	2025-10-06T19:07:14.8653438Z  - test-framework: success
Status Check - Keycloak CI	UNKNOWN STEP	2025-10-06T19:07:14.8653969Z  - base-new-integration-tests: success
Status Check - Keycloak CI	UNKNOWN STEP	2025-10-06T19:07:14.8654556Z  - mixed-cluster-compatibility-tests: skipped
Status Check - Keycloak CI	UNKNOWN STEP	2025-10-06T19:07:14.8681554Z 
Status Check - Keycloak CI	UNKNOWN STEP	2025-10-06T19:07:14.8681985Z Status check not okay!
Status Check - Keycloak CI	UNKNOWN STEP	2025-10-06T19:07:14.8694328Z ##[error]Process completed with exit code 1.
Status Check - Keycloak CI	UNKNOWN STEP	2025-10-06T19:07:14.8883207Z Post job cleanup.
Status Check - Keycloak CI	UNKNOWN STEP	2025-10-06T19:07:14.9639489Z [command]/usr/bin/git version
Status Check - Keycloak CI	UNKNOWN STEP	2025-10-06T19:07:14.9705471Z git version 2.51.0
Status Check - Keycloak CI	UNKNOWN STEP	2025-10-06T19:07:14.9742686Z Temporarily overriding HOME='/home/runner/work/_temp/f695eb50-e8ef-4966-839f-8b8be75ad686' before making global git config changes
Status Check - Keycloak CI	UNKNOWN STEP	2025-10-06T19:07:14.9744220Z Adding repository directory to the temporary git global config as a safe directory
Status Check - Keycloak CI	UNKNOWN STEP	2025-10-06T19:07:14.9747640Z [command]/usr/bin/git config --global --add safe.directory /home/runner/work/keycloak/keycloak
Status Check - Keycloak CI	UNKNOWN STEP	2025-10-06T19:07:14.9782370Z [command]/usr/bin/git config --local --name-only --get-regexp core\.sshCommand
Status Check - Keycloak CI	UNKNOWN STEP	2025-10-06T19:07:14.9813750Z [command]/usr/bin/git submodule foreach --recursive sh -c "git config --local --name-only --get-regexp 'core\.sshCommand' && git config --local --unset-all 'core.sshCommand' || :"
Status Check - Keycloak CI	UNKNOWN STEP	2025-10-06T19:07:15.0052010Z [command]/usr/bin/git config --local --name-only --get-regexp http\.https\:\/\/github\.com\/\.extraheader
Status Check - Keycloak CI	UNKNOWN STEP	2025-10-06T19:07:15.0073447Z http.https://github.com/.extraheader
Status Check - Keycloak CI	UNKNOWN STEP	2025-10-06T19:07:15.0083463Z [command]/usr/bin/git config --local --unset-all http.https://github.com/.extraheader
Status Check - Keycloak CI	UNKNOWN STEP	2025-10-06T19:07:15.0114311Z [command]/usr/bin/git submodule foreach --recursive sh -c "git config --local --name-only --get-regexp 'http\.https\:\/\/github\.com\/\.extraheader' && git config --local --unset-all 'http.https://github.com/.extraheader' || :"
Status Check - Keycloak CI	UNKNOWN STEP	2025-10-06T19:07:15.0457986Z Cleaning up orphan processes
