Test remote (slow)	UNKNOWN STEP	ï»¿2025-10-27T18:37:01.3702978Z Current runner version: '2.328.0'
Test remote (slow)	UNKNOWN STEP	2025-10-27T18:37:01.3728173Z ##[group]Runner Image Provisioner
Test remote (slow)	UNKNOWN STEP	2025-10-27T18:37:01.3729007Z Hosted Compute Agent
Test remote (slow)	UNKNOWN STEP	2025-10-27T18:37:01.3729602Z Version: 20250912.392
Test remote (slow)	UNKNOWN STEP	2025-10-27T18:37:01.3730497Z Commit: d921fda672a98b64f4f82364647e2f10b2267d0b
Test remote (slow)	UNKNOWN STEP	2025-10-27T18:37:01.3731148Z Build Date: 2025-09-12T15:23:14Z
Test remote (slow)	UNKNOWN STEP	2025-10-27T18:37:01.3731794Z ##[endgroup]
Test remote (slow)	UNKNOWN STEP	2025-10-27T18:37:01.3732345Z ##[group]Operating System
Test remote (slow)	UNKNOWN STEP	2025-10-27T18:37:01.3732905Z Ubuntu
Test remote (slow)	UNKNOWN STEP	2025-10-27T18:37:01.3733342Z 24.04.3
Test remote (slow)	UNKNOWN STEP	2025-10-27T18:37:01.3733911Z LTS
Test remote (slow)	UNKNOWN STEP	2025-10-27T18:37:01.3734380Z ##[endgroup]
Test remote (slow)	UNKNOWN STEP	2025-10-27T18:37:01.3734871Z ##[group]Runner Image
Test remote (slow)	UNKNOWN STEP	2025-10-27T18:37:01.3735503Z Image: ubuntu-24.04
Test remote (slow)	UNKNOWN STEP	2025-10-27T18:37:01.3735988Z Version: 20250929.60.1
Test remote (slow)	UNKNOWN STEP	2025-10-27T18:37:01.3736988Z Included Software: https://github.com/actions/runner-images/blob/ubuntu24/20250929.60/images/ubuntu/Ubuntu2404-Readme.md
Test remote (slow)	UNKNOWN STEP	2025-10-27T18:37:01.3738555Z Image Release: https://github.com/actions/runner-images/releases/tag/ubuntu24%2F20250929.60
Test remote (slow)	UNKNOWN STEP	2025-10-27T18:37:01.3739580Z ##[endgroup]
Test remote (slow)	UNKNOWN STEP	2025-10-27T18:37:01.3740950Z ##[group]GITHUB_TOKEN Permissions
Test remote (slow)	UNKNOWN STEP	2025-10-27T18:37:01.3742810Z Contents: read
Test remote (slow)	UNKNOWN STEP	2025-10-27T18:37:01.3743442Z Metadata: read
Test remote (slow)	UNKNOWN STEP	2025-10-27T18:37:01.3743910Z ##[endgroup]
Test remote (slow)	UNKNOWN STEP	2025-10-27T18:37:01.3745957Z Secret source: None
Test remote (slow)	UNKNOWN STEP	2025-10-27T18:37:01.3746651Z Prepare workflow directory
Test remote (slow)	UNKNOWN STEP	2025-10-27T18:37:01.4215441Z Prepare all required actions
Test remote (slow)	UNKNOWN STEP	2025-10-27T18:37:01.4253716Z Getting action download info
Test remote (slow)	UNKNOWN STEP	2025-10-27T18:37:01.8582785Z Download action repository 'actions/checkout@v4' (SHA:08eba0b27e820071cde6df949e0beb9ba4906955)
Test remote (slow)	UNKNOWN STEP	2025-10-27T18:37:02.0304551Z Download action repository 'manusa/actions-setup-minikube@v2.13.1' (SHA:5d9440a1b535e8b4f541eaac559681a9022df29d)
Test remote (slow)	UNKNOWN STEP	2025-10-27T18:37:03.1460771Z Download action repository 'actions/download-artifact@v4' (SHA:d3f86a106a0bac45b974a628896c90dbdf5c8093)
Test remote (slow)	UNKNOWN STEP	2025-10-27T18:37:04.0921763Z Complete job name: Test remote (slow)
Test remote (slow)	UNKNOWN STEP	2025-10-27T18:37:04.1739955Z ##[group]Run actions/checkout@v4
Test remote (slow)	UNKNOWN STEP	2025-10-27T18:37:04.1741197Z with:
Test remote (slow)	UNKNOWN STEP	2025-10-27T18:37:04.1741912Z   repository: keycloak/keycloak
Test remote (slow)	UNKNOWN STEP	2025-10-27T18:37:04.1743092Z   token: ***
Test remote (slow)	UNKNOWN STEP	2025-10-27T18:37:04.1743767Z   ssh-strict: true
Test remote (slow)	UNKNOWN STEP	2025-10-27T18:37:04.1744455Z   ssh-user: git
Test remote (slow)	UNKNOWN STEP	2025-10-27T18:37:04.1745170Z   persist-credentials: true
Test remote (slow)	UNKNOWN STEP	2025-10-27T18:37:04.1745960Z   clean: true
Test remote (slow)	UNKNOWN STEP	2025-10-27T18:37:04.1746686Z   sparse-checkout-cone-mode: true
Test remote (slow)	UNKNOWN STEP	2025-10-27T18:37:04.1747536Z   fetch-depth: 1
Test remote (slow)	UNKNOWN STEP	2025-10-27T18:37:04.1748229Z   fetch-tags: false
Test remote (slow)	UNKNOWN STEP	2025-10-27T18:37:04.1748962Z   show-progress: true
Test remote (slow)	UNKNOWN STEP	2025-10-27T18:37:04.1749808Z   lfs: false
Test remote (slow)	UNKNOWN STEP	2025-10-27T18:37:04.1750476Z   submodules: false
Test remote (slow)	UNKNOWN STEP	2025-10-27T18:37:04.1751202Z   set-safe-directory: true
Test remote (slow)	UNKNOWN STEP	2025-10-27T18:37:04.1752215Z env:
Test remote (slow)	UNKNOWN STEP	2025-10-27T18:37:04.1753180Z   MAVEN_ARGS: -B -nsu -Daether.connector.http.connectionMaxTtl=25
Test remote (slow)	UNKNOWN STEP	2025-10-27T18:37:04.1754314Z   MINIKUBE_VERSION: v1.32.0
Test remote (slow)	UNKNOWN STEP	2025-10-27T18:37:04.1755115Z   KUBERNETES_VERSION: v1.27.10
Test remote (slow)	UNKNOWN STEP	2025-10-27T18:37:04.1755972Z   MINIKUBE_MEMORY: 4096
Test remote (slow)	UNKNOWN STEP	2025-10-27T18:37:04.1756684Z ##[endgroup]
Test remote (slow)	UNKNOWN STEP	2025-10-27T18:37:04.2906017Z Syncing repository: keycloak/keycloak
Test remote (slow)	UNKNOWN STEP	2025-10-27T18:37:04.2909988Z ##[group]Getting Git version info
Test remote (slow)	UNKNOWN STEP	2025-10-27T18:37:04.2911908Z Working directory is '/home/runner/work/keycloak/keycloak'
Test remote (slow)	UNKNOWN STEP	2025-10-27T18:37:04.2914695Z [command]/usr/bin/git version
Test remote (slow)	UNKNOWN STEP	2025-10-27T18:37:04.2992395Z git version 2.51.0
Test remote (slow)	UNKNOWN STEP	2025-10-27T18:37:04.3020635Z ##[endgroup]
Test remote (slow)	UNKNOWN STEP	2025-10-27T18:37:04.3035049Z Temporarily overriding HOME='/home/runner/work/_temp/0da59e9e-a8a6-499b-b1a3-e6bd47e33504' before making global git config changes
Test remote (slow)	UNKNOWN STEP	2025-10-27T18:37:04.3037377Z Adding repository directory to the temporary git global config as a safe directory
Test remote (slow)	UNKNOWN STEP	2025-10-27T18:37:04.3040870Z [command]/usr/bin/git config --global --add safe.directory /home/runner/work/keycloak/keycloak
Test remote (slow)	UNKNOWN STEP	2025-10-27T18:37:04.3083488Z Deleting the contents of '/home/runner/work/keycloak/keycloak'
Test remote (slow)	UNKNOWN STEP	2025-10-27T18:37:04.3087402Z ##[group]Initializing the repository
Test remote (slow)	UNKNOWN STEP	2025-10-27T18:37:04.3093012Z [command]/usr/bin/git init /home/runner/work/keycloak/keycloak
Test remote (slow)	UNKNOWN STEP	2025-10-27T18:37:04.3215307Z hint: Using 'master' as the name for the initial branch. This default branch name
Test remote (slow)	UNKNOWN STEP	2025-10-27T18:37:04.3217885Z hint: is subject to change. To configure the initial branch name to use in all
Test remote (slow)	UNKNOWN STEP	2025-10-27T18:37:04.3220018Z hint: of your new repositories, which will suppress this warning, call:
Test remote (slow)	UNKNOWN STEP	2025-10-27T18:37:04.3221938Z hint:
Test remote (slow)	UNKNOWN STEP	2025-10-27T18:37:04.3223259Z hint: 	git config --global init.defaultBranch <name>
Test remote (slow)	UNKNOWN STEP	2025-10-27T18:37:04.3224876Z hint:
Test remote (slow)	UNKNOWN STEP	2025-10-27T18:37:04.3226418Z hint: Names commonly chosen instead of 'master' are 'main', 'trunk' and
Test remote (slow)	UNKNOWN STEP	2025-10-27T18:37:04.3228865Z hint: 'development'. The just-created branch can be renamed via this command:
Test remote (slow)	UNKNOWN STEP	2025-10-27T18:37:04.3231073Z hint:
Test remote (slow)	UNKNOWN STEP	2025-10-27T18:37:04.3232175Z hint: 	git branch -m <name>
Test remote (slow)	UNKNOWN STEP	2025-10-27T18:37:04.3233477Z hint:
Test remote (slow)	UNKNOWN STEP	2025-10-27T18:37:04.3235174Z hint: Disable this message with "git config set advice.defaultBranchName false"
Test remote (slow)	UNKNOWN STEP	2025-10-27T18:37:04.3237729Z Initialized empty Git repository in /home/runner/work/keycloak/keycloak/.git/
Test remote (slow)	UNKNOWN STEP	2025-10-27T18:37:04.3242042Z [command]/usr/bin/git remote add origin https://github.com/keycloak/keycloak
Test remote (slow)	UNKNOWN STEP	2025-10-27T18:37:04.3282075Z ##[endgroup]
Test remote (slow)	UNKNOWN STEP	2025-10-27T18:37:04.3284092Z ##[group]Disabling automatic garbage collection
Test remote (slow)	UNKNOWN STEP	2025-10-27T18:37:04.3286088Z [command]/usr/bin/git config --local gc.auto 0
Test remote (slow)	UNKNOWN STEP	2025-10-27T18:37:04.3318241Z ##[endgroup]
Test remote (slow)	UNKNOWN STEP	2025-10-27T18:37:04.3320387Z ##[group]Setting up auth
Test remote (slow)	UNKNOWN STEP	2025-10-27T18:37:04.3326379Z [command]/usr/bin/git config --local --name-only --get-regexp core\.sshCommand
Test remote (slow)	UNKNOWN STEP	2025-10-27T18:37:04.3360975Z [command]/usr/bin/git submodule foreach --recursive sh -c "git config --local --name-only --get-regexp 'core\.sshCommand' && git config --local --unset-all 'core.sshCommand' || :"
Test remote (slow)	UNKNOWN STEP	2025-10-27T18:37:04.3737182Z [command]/usr/bin/git config --local --name-only --get-regexp http\.https\:\/\/github\.com\/\.extraheader
Test remote (slow)	UNKNOWN STEP	2025-10-27T18:37:04.3770834Z [command]/usr/bin/git submodule foreach --recursive sh -c "git config --local --name-only --get-regexp 'http\.https\:\/\/github\.com\/\.extraheader' && git config --local --unset-all 'http.https://github.com/.extraheader' || :"
Test remote (slow)	UNKNOWN STEP	2025-10-27T18:37:04.3996957Z [command]/usr/bin/git config --local http.https://github.com/.extraheader AUTHORIZATION: basic ***
Test remote (slow)	UNKNOWN STEP	2025-10-27T18:37:04.4033998Z ##[endgroup]
Test remote (slow)	UNKNOWN STEP	2025-10-27T18:37:04.4035272Z ##[group]Fetching the repository
Test remote (slow)	UNKNOWN STEP	2025-10-27T18:37:04.4042812Z [command]/usr/bin/git -c protocol.version=2 fetch --no-tags --prune --no-recurse-submodules --depth=1 origin +e27d925fb73c77dc421c82dc939b84b4a68068b7:refs/remotes/pull/43746/merge
Test remote (slow)	UNKNOWN STEP	2025-10-27T18:37:07.6804391Z From https://github.com/keycloak/keycloak
Test remote (slow)	UNKNOWN STEP	2025-10-27T18:37:07.6805408Z  * [new ref]         e27d925fb73c77dc421c82dc939b84b4a68068b7 -> pull/43746/merge
Test remote (slow)	UNKNOWN STEP	2025-10-27T18:37:07.6837728Z ##[endgroup]
Test remote (slow)	UNKNOWN STEP	2025-10-27T18:37:07.6838752Z ##[group]Determining the checkout info
Test remote (slow)	UNKNOWN STEP	2025-10-27T18:37:07.6840515Z ##[endgroup]
Test remote (slow)	UNKNOWN STEP	2025-10-27T18:37:07.6846160Z [command]/usr/bin/git sparse-checkout disable
Test remote (slow)	UNKNOWN STEP	2025-10-27T18:37:07.6889331Z [command]/usr/bin/git config --local --unset-all extensions.worktreeConfig
Test remote (slow)	UNKNOWN STEP	2025-10-27T18:37:07.6919386Z ##[group]Checking out the ref
Test remote (slow)	UNKNOWN STEP	2025-10-27T18:37:07.6924130Z [command]/usr/bin/git checkout --progress --force refs/remotes/pull/43746/merge
Test remote (slow)	UNKNOWN STEP	2025-10-27T18:37:08.4718024Z Note: switching to 'refs/remotes/pull/43746/merge'.
Test remote (slow)	UNKNOWN STEP	2025-10-27T18:37:08.4718866Z 
Test remote (slow)	UNKNOWN STEP	2025-10-27T18:37:08.4719350Z You are in 'detached HEAD' state. You can look around, make experimental
Test remote (slow)	UNKNOWN STEP	2025-10-27T18:37:08.4720775Z changes and commit them, and you can discard any commits you make in this
Test remote (slow)	UNKNOWN STEP	2025-10-27T18:37:08.4721804Z state without impacting any branches by switching back to a branch.
Test remote (slow)	UNKNOWN STEP	2025-10-27T18:37:08.4722765Z 
Test remote (slow)	UNKNOWN STEP	2025-10-27T18:37:08.4723312Z If you want to create a new branch to retain commits you create, you may
Test remote (slow)	UNKNOWN STEP	2025-10-27T18:37:08.4724112Z do so (now or later) by using -c with the switch command. Example:
Test remote (slow)	UNKNOWN STEP	2025-10-27T18:37:08.4724643Z 
Test remote (slow)	UNKNOWN STEP	2025-10-27T18:37:08.4724822Z   git switch -c <new-branch-name>
Test remote (slow)	UNKNOWN STEP	2025-10-27T18:37:08.4725459Z 
Test remote (slow)	UNKNOWN STEP	2025-10-27T18:37:08.4725746Z Or undo this operation with:
Test remote (slow)	UNKNOWN STEP	2025-10-27T18:37:08.4726109Z 
Test remote (slow)	UNKNOWN STEP	2025-10-27T18:37:08.4726290Z   git switch -
Test remote (slow)	UNKNOWN STEP	2025-10-27T18:37:08.4726876Z 
Test remote (slow)	UNKNOWN STEP	2025-10-27T18:37:08.4727301Z Turn off this advice by setting config variable advice.detachedHead to false
Test remote (slow)	UNKNOWN STEP	2025-10-27T18:37:08.4727958Z 
Test remote (slow)	UNKNOWN STEP	2025-10-27T18:37:08.4728595Z HEAD is now at e27d925 Merge ca8d4da68c6339c35dedcbe669e723d75897314c into e7938a7c22ad23034e4dace0d4e0e6a287454677
Test remote (slow)	UNKNOWN STEP	2025-10-27T18:37:08.4761879Z ##[endgroup]
Test remote (slow)	UNKNOWN STEP	2025-10-27T18:37:08.4805747Z [command]/usr/bin/git log -1 --format=%H
Test remote (slow)	UNKNOWN STEP	2025-10-27T18:37:08.4832693Z e27d925fb73c77dc421c82dc939b84b4a68068b7
Test remote (slow)	UNKNOWN STEP	2025-10-27T18:37:08.5023958Z ##[group]Run echo "version_remote=0.0.1-${GITHUB_SHA::6}" >> $GITHUB_ENV
Test remote (slow)	UNKNOWN STEP	2025-10-27T18:37:08.5024702Z [36;1mecho "version_remote=0.0.1-${GITHUB_SHA::6}" >> $GITHUB_ENV[0m
Test remote (slow)	UNKNOWN STEP	2025-10-27T18:37:08.5060998Z shell: /usr/bin/bash --noprofile --norc -e -o pipefail {0}
Test remote (slow)	UNKNOWN STEP	2025-10-27T18:37:08.5061484Z env:
Test remote (slow)	UNKNOWN STEP	2025-10-27T18:37:08.5061880Z   MAVEN_ARGS: -B -nsu -Daether.connector.http.connectionMaxTtl=25
Test remote (slow)	UNKNOWN STEP	2025-10-27T18:37:08.5062283Z   MINIKUBE_VERSION: v1.32.0
Test remote (slow)	UNKNOWN STEP	2025-10-27T18:37:08.5062652Z   KUBERNETES_VERSION: v1.27.10
Test remote (slow)	UNKNOWN STEP	2025-10-27T18:37:08.5063033Z   MINIKUBE_MEMORY: 4096
Test remote (slow)	UNKNOWN STEP	2025-10-27T18:37:08.5063321Z ##[endgroup]
Test remote (slow)	UNKNOWN STEP	2025-10-27T18:37:08.5316847Z Prepare all required actions
Test remote (slow)	UNKNOWN STEP	2025-10-27T18:37:08.5317277Z Getting action download info
Test remote (slow)	UNKNOWN STEP	2025-10-27T18:37:08.7098432Z Download action repository 'actions/setup-java@v4' (SHA:c5195efecf7bdfc987ee8bae7a71cb8b11521c00)
Test remote (slow)	UNKNOWN STEP	2025-10-27T18:37:09.7055266Z ##[group]Run ./.github/actions/java-setup
Test remote (slow)	UNKNOWN STEP	2025-10-27T18:37:09.7055529Z with:
Test remote (slow)	UNKNOWN STEP	2025-10-27T18:37:09.7055722Z   distribution: temurin
Test remote (slow)	UNKNOWN STEP	2025-10-27T18:37:09.7055925Z   java-version: 21
Test remote (slow)	UNKNOWN STEP	2025-10-27T18:37:09.7056096Z env:
Test remote (slow)	UNKNOWN STEP	2025-10-27T18:37:09.7056364Z   MAVEN_ARGS: -B -nsu -Daether.connector.http.connectionMaxTtl=25
Test remote (slow)	UNKNOWN STEP	2025-10-27T18:37:09.7056688Z   MINIKUBE_VERSION: v1.32.0
Test remote (slow)	UNKNOWN STEP	2025-10-27T18:37:09.7056912Z   KUBERNETES_VERSION: v1.27.10
Test remote (slow)	UNKNOWN STEP	2025-10-27T18:37:09.7057122Z   MINIKUBE_MEMORY: 4096
Test remote (slow)	UNKNOWN STEP	2025-10-27T18:37:09.7057322Z   version_remote: 0.0.1-e27d92
Test remote (slow)	UNKNOWN STEP	2025-10-27T18:37:09.7057525Z ##[endgroup]
Test remote (slow)	UNKNOWN STEP	2025-10-27T18:37:09.7201032Z ##[group]Run actions/setup-java@v4
Test remote (slow)	UNKNOWN STEP	2025-10-27T18:37:09.7201303Z with:
Test remote (slow)	UNKNOWN STEP	2025-10-27T18:37:09.7201465Z   distribution: temurin
Test remote (slow)	UNKNOWN STEP	2025-10-27T18:37:09.7201705Z   java-version: 21
Test remote (slow)	UNKNOWN STEP	2025-10-27T18:37:09.7201884Z   java-package: jdk
Test remote (slow)	UNKNOWN STEP	2025-10-27T18:37:09.7202070Z   check-latest: false
Test remote (slow)	UNKNOWN STEP	2025-10-27T18:37:09.7202250Z   server-id: github
Test remote (slow)	UNKNOWN STEP	2025-10-27T18:37:09.7202437Z   server-username: GITHUB_ACTOR
Test remote (slow)	UNKNOWN STEP	2025-10-27T18:37:09.7202660Z   server-password: GITHUB_TOKEN
Test remote (slow)	UNKNOWN STEP	2025-10-27T18:37:09.7202883Z   overwrite-settings: true
Test remote (slow)	UNKNOWN STEP	2025-10-27T18:37:09.7203084Z   job-status: success
Test remote (slow)	UNKNOWN STEP	2025-10-27T18:37:09.7203413Z   token: ***
Test remote (slow)	UNKNOWN STEP	2025-10-27T18:37:09.7203584Z env:
Test remote (slow)	UNKNOWN STEP	2025-10-27T18:37:09.7203844Z   MAVEN_ARGS: -B -nsu -Daether.connector.http.connectionMaxTtl=25
Test remote (slow)	UNKNOWN STEP	2025-10-27T18:37:09.7204174Z   MINIKUBE_VERSION: v1.32.0
Test remote (slow)	UNKNOWN STEP	2025-10-27T18:37:09.7204386Z   KUBERNETES_VERSION: v1.27.10
Test remote (slow)	UNKNOWN STEP	2025-10-27T18:37:09.7204596Z   MINIKUBE_MEMORY: 4096
Test remote (slow)	UNKNOWN STEP	2025-10-27T18:37:09.7204789Z   version_remote: 0.0.1-e27d92
Test remote (slow)	UNKNOWN STEP	2025-10-27T18:37:09.7204989Z ##[endgroup]
Test remote (slow)	UNKNOWN STEP	2025-10-27T18:37:09.9213130Z ##[group]Installed distributions
Test remote (slow)	UNKNOWN STEP	2025-10-27T18:37:09.9282497Z Resolved Java 21.0.8+9 from tool-cache
Test remote (slow)	UNKNOWN STEP	2025-10-27T18:37:09.9283649Z Setting Java 21.0.8+9 as the default
Test remote (slow)	UNKNOWN STEP	2025-10-27T18:37:09.9296599Z Creating toolchains.xml for JDK version 21 from temurin
Test remote (slow)	UNKNOWN STEP	2025-10-27T18:37:09.9373534Z Writing to /home/runner/.m2/toolchains.xml
Test remote (slow)	UNKNOWN STEP	2025-10-27T18:37:09.9374700Z 
Test remote (slow)	UNKNOWN STEP	2025-10-27T18:37:09.9374940Z Java configuration:
Test remote (slow)	UNKNOWN STEP	2025-10-27T18:37:09.9375291Z   Distribution: temurin
Test remote (slow)	UNKNOWN STEP	2025-10-27T18:37:09.9375639Z   Version: 21.0.8+9
Test remote (slow)	UNKNOWN STEP	2025-10-27T18:37:09.9376616Z   Path: /opt/hostedtoolcache/Java_Temurin-Hotspot_jdk/21.0.8-9/x64
Test remote (slow)	UNKNOWN STEP	2025-10-27T18:37:09.9377108Z 
Test remote (slow)	UNKNOWN STEP	2025-10-27T18:37:09.9377987Z ##[endgroup]
Test remote (slow)	UNKNOWN STEP	2025-10-27T18:37:09.9393825Z Creating settings.xml with server-id: github
Test remote (slow)	UNKNOWN STEP	2025-10-27T18:37:09.9398886Z Writing to /home/runner/.m2/settings.xml
Test remote (slow)	UNKNOWN STEP	2025-10-27T18:37:09.9558700Z ##[group]Run manusa/actions-setup-minikube@v2.13.1
Test remote (slow)	UNKNOWN STEP	2025-10-27T18:37:09.9559008Z with:
Test remote (slow)	UNKNOWN STEP	2025-10-27T18:37:09.9559176Z   minikube version: v1.32.0
Test remote (slow)	UNKNOWN STEP	2025-10-27T18:37:09.9559398Z   kubernetes version: v1.27.10
Test remote (slow)	UNKNOWN STEP	2025-10-27T18:37:09.9560126Z   github token: ***
Test remote (slow)	UNKNOWN STEP	2025-10-27T18:37:09.9560515Z   driver: docker
Test remote (slow)	UNKNOWN STEP	2025-10-27T18:37:09.9560788Z   start args: --addons=ingress --memory=4096 --cni cilium --cpus=max
Test remote (slow)	UNKNOWN STEP	2025-10-27T18:37:09.9561094Z env:
Test remote (slow)	UNKNOWN STEP	2025-10-27T18:37:09.9561344Z   MAVEN_ARGS: -B -nsu -Daether.connector.http.connectionMaxTtl=25
Test remote (slow)	UNKNOWN STEP	2025-10-27T18:37:09.9561655Z   MINIKUBE_VERSION: v1.32.0
Test remote (slow)	UNKNOWN STEP	2025-10-27T18:37:09.9561874Z   KUBERNETES_VERSION: v1.27.10
Test remote (slow)	UNKNOWN STEP	2025-10-27T18:37:09.9562083Z   MINIKUBE_MEMORY: 4096
Test remote (slow)	UNKNOWN STEP	2025-10-27T18:37:09.9562277Z   version_remote: 0.0.1-e27d92
Test remote (slow)	UNKNOWN STEP	2025-10-27T18:37:09.9562591Z   JAVA_HOME: /opt/hostedtoolcache/Java_Temurin-Hotspot_jdk/21.0.8-9/x64
Test remote (slow)	UNKNOWN STEP	2025-10-27T18:37:09.9563013Z   JAVA_HOME_21_X64: /opt/hostedtoolcache/Java_Temurin-Hotspot_jdk/21.0.8-9/x64
Test remote (slow)	UNKNOWN STEP	2025-10-27T18:37:09.9563371Z ##[endgroup]
Test remote (slow)	UNKNOWN STEP	2025-10-27T18:37:10.0758578Z Loading input variables
Test remote (slow)	UNKNOWN STEP	2025-10-27T18:37:10.0761282Z Updating Environment configuration to support Minikube
Test remote (slow)	UNKNOWN STEP	2025-10-27T18:37:10.1043613Z 
Test remote (slow)	UNKNOWN STEP	2025-10-27T18:37:10.1044226Z WARNING: apt does not have a stable CLI interface. Use with caution in scripts.
Test remote (slow)	UNKNOWN STEP	2025-10-27T18:37:10.1044593Z 
Test remote (slow)	UNKNOWN STEP	2025-10-27T18:37:10.2674016Z Get:1 file:/etc/apt/apt-mirrors.txt Mirrorlist [144 B]
Test remote (slow)	UNKNOWN STEP	2025-10-27T18:37:10.2873584Z Get:6 https://packages.microsoft.com/repos/azure-cli noble InRelease [3564 B]
Test remote (slow)	UNKNOWN STEP	2025-10-27T18:37:10.3143841Z Hit:2 http://azure.archive.ubuntu.com/ubuntu noble InRelease
Test remote (slow)	UNKNOWN STEP	2025-10-27T18:37:10.3146060Z Get:7 https://packages.microsoft.com/ubuntu/24.04/prod noble InRelease [3600 B]
Test remote (slow)	UNKNOWN STEP	2025-10-27T18:37:10.3203387Z Get:3 http://azure.archive.ubuntu.com/ubuntu noble-updates InRelease [126 kB]
Test remote (slow)	UNKNOWN STEP	2025-10-27T18:37:10.3296381Z Get:4 http://azure.archive.ubuntu.com/ubuntu noble-backports InRelease [126 kB]
Test remote (slow)	UNKNOWN STEP	2025-10-27T18:37:10.3362641Z Get:5 http://azure.archive.ubuntu.com/ubuntu noble-security InRelease [126 kB]
Test remote (slow)	UNKNOWN STEP	2025-10-27T18:37:10.4320450Z Get:8 https://packages.microsoft.com/repos/azure-cli noble/main amd64 Packages [1629 B]
Test remote (slow)	UNKNOWN STEP	2025-10-27T18:37:10.5492798Z Get:9 https://packages.microsoft.com/ubuntu/24.04/prod noble/main arm64 Packages [47.2 kB]
Test remote (slow)	UNKNOWN STEP	2025-10-27T18:37:10.5564839Z Get:10 https://packages.microsoft.com/ubuntu/24.04/prod noble/main armhf Packages [11.0 kB]
Test remote (slow)	UNKNOWN STEP	2025-10-27T18:37:10.5608504Z Get:11 https://packages.microsoft.com/ubuntu/24.04/prod noble/main amd64 Packages [65.0 kB]
Test remote (slow)	UNKNOWN STEP	2025-10-27T18:37:10.5974495Z Get:12 http://azure.archive.ubuntu.com/ubuntu noble-updates/main amd64 Packages [1543 kB]
Test remote (slow)	UNKNOWN STEP	2025-10-27T18:37:10.6080629Z Get:13 http://azure.archive.ubuntu.com/ubuntu noble-updates/main Translation-en [292 kB]
Test remote (slow)	UNKNOWN STEP	2025-10-27T18:37:10.6108880Z Get:14 http://azure.archive.ubuntu.com/ubuntu noble-updates/main amd64 Components [175 kB]
Test remote (slow)	UNKNOWN STEP	2025-10-27T18:37:10.6132656Z Get:15 http://azure.archive.ubuntu.com/ubuntu noble-updates/main amd64 c-n-f Metadata [15.4 kB]
Test remote (slow)	UNKNOWN STEP	2025-10-27T18:37:10.6152848Z Get:16 http://azure.archive.ubuntu.com/ubuntu noble-updates/universe amd64 Packages [1496 kB]
Test remote (slow)	UNKNOWN STEP	2025-10-27T18:37:10.6260637Z Get:17 http://azure.archive.ubuntu.com/ubuntu noble-updates/universe Translation-en [301 kB]
Test remote (slow)	UNKNOWN STEP	2025-10-27T18:37:10.6290005Z Get:18 http://azure.archive.ubuntu.com/ubuntu noble-updates/universe amd64 Components [377 kB]
Test remote (slow)	UNKNOWN STEP	2025-10-27T18:37:10.6324703Z Get:19 http://azure.archive.ubuntu.com/ubuntu noble-updates/universe amd64 c-n-f Metadata [31.3 kB]
Test remote (slow)	UNKNOWN STEP	2025-10-27T18:37:10.6340151Z Get:20 http://azure.archive.ubuntu.com/ubuntu noble-updates/restricted amd64 Packages [2175 kB]
Test remote (slow)	UNKNOWN STEP	2025-10-27T18:37:10.6488526Z Get:21 http://azure.archive.ubuntu.com/ubuntu noble-updates/restricted Translation-en [490 kB]
Test remote (slow)	UNKNOWN STEP	2025-10-27T18:37:10.6999589Z Get:22 http://azure.archive.ubuntu.com/ubuntu noble-updates/restricted amd64 Components [212 B]
Test remote (slow)	UNKNOWN STEP	2025-10-27T18:37:10.7001333Z Get:23 http://azure.archive.ubuntu.com/ubuntu noble-updates/restricted amd64 c-n-f Metadata [516 B]
Test remote (slow)	UNKNOWN STEP	2025-10-27T18:37:10.7002777Z Get:24 http://azure.archive.ubuntu.com/ubuntu noble-updates/multiverse amd64 Packages [30.3 kB]
Test remote (slow)	UNKNOWN STEP	2025-10-27T18:37:10.7015365Z Get:25 http://azure.archive.ubuntu.com/ubuntu noble-updates/multiverse Translation-en [5564 B]
Test remote (slow)	UNKNOWN STEP	2025-10-27T18:37:10.7027639Z Get:26 http://azure.archive.ubuntu.com/ubuntu noble-updates/multiverse amd64 Components [940 B]
Test remote (slow)	UNKNOWN STEP	2025-10-27T18:37:10.7040574Z Get:27 http://azure.archive.ubuntu.com/ubuntu noble-updates/multiverse amd64 c-n-f Metadata [484 B]
Test remote (slow)	UNKNOWN STEP	2025-10-27T18:37:10.7053608Z Get:28 http://azure.archive.ubuntu.com/ubuntu noble-backports/main amd64 Components [7168 B]
Test remote (slow)	UNKNOWN STEP	2025-10-27T18:37:10.7067049Z Get:29 http://azure.archive.ubuntu.com/ubuntu noble-backports/universe amd64 Components [11.0 kB]
Test remote (slow)	UNKNOWN STEP	2025-10-27T18:37:10.7082207Z Get:30 http://azure.archive.ubuntu.com/ubuntu noble-backports/restricted amd64 Components [212 B]
Test remote (slow)	UNKNOWN STEP	2025-10-27T18:37:10.7097086Z Get:31 http://azure.archive.ubuntu.com/ubuntu noble-backports/multiverse amd64 Components [212 B]
Test remote (slow)	UNKNOWN STEP	2025-10-27T18:37:10.7112092Z Get:32 http://azure.archive.ubuntu.com/ubuntu noble-security/main amd64 Packages [1267 kB]
Test remote (slow)	UNKNOWN STEP	2025-10-27T18:37:10.7193904Z Get:33 http://azure.archive.ubuntu.com/ubuntu noble-security/main Translation-en [209 kB]
Test remote (slow)	UNKNOWN STEP	2025-10-27T18:37:10.7220909Z Get:34 http://azure.archive.ubuntu.com/ubuntu noble-security/main amd64 Components [21.5 kB]
Test remote (slow)	UNKNOWN STEP	2025-10-27T18:37:10.7236442Z Get:35 http://azure.archive.ubuntu.com/ubuntu noble-security/main amd64 c-n-f Metadata [8984 B]
Test remote (slow)	UNKNOWN STEP	2025-10-27T18:37:10.7736289Z Get:36 http://azure.archive.ubuntu.com/ubuntu noble-security/universe amd64 Packages [904 kB]
Test remote (slow)	UNKNOWN STEP	2025-10-27T18:37:10.7820832Z Get:37 http://azure.archive.ubuntu.com/ubuntu noble-security/universe Translation-en [202 kB]
Test remote (slow)	UNKNOWN STEP	2025-10-27T18:37:10.7844546Z Get:38 http://azure.archive.ubuntu.com/ubuntu noble-security/universe amd64 Components [52.3 kB]
Test remote (slow)	UNKNOWN STEP	2025-10-27T18:37:10.7861453Z Get:39 http://azure.archive.ubuntu.com/ubuntu noble-security/universe amd64 c-n-f Metadata [19.3 kB]
Test remote (slow)	UNKNOWN STEP	2025-10-27T18:37:10.7875915Z Get:40 http://azure.archive.ubuntu.com/ubuntu noble-security/restricted amd64 Packages [2075 kB]
Test remote (slow)	UNKNOWN STEP	2025-10-27T18:37:10.7995492Z Get:41 http://azure.archive.ubuntu.com/ubuntu noble-security/restricted Translation-en [468 kB]
Test remote (slow)	UNKNOWN STEP	2025-10-27T18:37:10.8035987Z Get:42 http://azure.archive.ubuntu.com/ubuntu noble-security/restricted amd64 Components [212 B]
Test remote (slow)	UNKNOWN STEP	2025-10-27T18:37:10.8049547Z Get:43 http://azure.archive.ubuntu.com/ubuntu noble-security/restricted amd64 c-n-f Metadata [500 B]
Test remote (slow)	UNKNOWN STEP	2025-10-27T18:37:10.8063898Z Get:44 http://azure.archive.ubuntu.com/ubuntu noble-security/multiverse amd64 Packages [27.4 kB]
Test remote (slow)	UNKNOWN STEP	2025-10-27T18:37:10.8078651Z Get:45 http://azure.archive.ubuntu.com/ubuntu noble-security/multiverse Translation-en [5708 B]
Test remote (slow)	UNKNOWN STEP	2025-10-27T18:37:10.8092074Z Get:46 http://azure.archive.ubuntu.com/ubuntu noble-security/multiverse amd64 Components [212 B]
Test remote (slow)	UNKNOWN STEP	2025-10-27T18:37:10.8103532Z Get:47 http://azure.archive.ubuntu.com/ubuntu noble-security/multiverse amd64 c-n-f Metadata [384 B]
Test remote (slow)	UNKNOWN STEP	2025-10-27T18:37:21.5452932Z Fetched 12.7 MB in 2s (7799 kB/s)
Test remote (slow)	UNKNOWN STEP	2025-10-27T18:37:22.3010211Z Reading package lists...
Test remote (slow)	UNKNOWN STEP	2025-10-27T18:37:22.4784768Z Building dependency tree...
Test remote (slow)	UNKNOWN STEP	2025-10-27T18:37:22.4791179Z Reading state information...
Test remote (slow)	UNKNOWN STEP	2025-10-27T18:37:22.4951044Z 43 packages can be upgraded. Run 'apt list --upgradable' to see them.
Test remote (slow)	UNKNOWN STEP	2025-10-27T18:37:22.5298240Z Reading package lists...
Test remote (slow)	UNKNOWN STEP	2025-10-27T18:37:22.7188905Z Building dependency tree...
Test remote (slow)	UNKNOWN STEP	2025-10-27T18:37:22.7197045Z Reading state information...
Test remote (slow)	UNKNOWN STEP	2025-10-27T18:37:22.9125815Z The following NEW packages will be installed:
Test remote (slow)	UNKNOWN STEP	2025-10-27T18:37:22.9133409Z   conntrack
Test remote (slow)	UNKNOWN STEP	2025-10-27T18:37:22.9305623Z 0 upgraded, 1 newly installed, 0 to remove and 43 not upgraded.
Test remote (slow)	UNKNOWN STEP	2025-10-27T18:37:22.9306039Z Need to get 37.9 kB of archives.
Test remote (slow)	UNKNOWN STEP	2025-10-27T18:37:22.9306361Z After this operation, 119 kB of additional disk space will be used.
Test remote (slow)	UNKNOWN STEP	2025-10-27T18:37:22.9306961Z Get:1 file:/etc/apt/apt-mirrors.txt Mirrorlist [144 B]
Test remote (slow)	UNKNOWN STEP	2025-10-27T18:37:23.0301398Z Get:2 http://azure.archive.ubuntu.com/ubuntu noble/main amd64 conntrack amd64 1:1.4.8-1ubuntu1 [37.9 kB]
Test remote (slow)	UNKNOWN STEP	2025-10-27T18:37:23.3206079Z Fetched 37.9 kB in 0s (340 kB/s)
Test remote (slow)	UNKNOWN STEP	2025-10-27T18:37:23.3768534Z Selecting previously unselected package conntrack.
Test remote (slow)	UNKNOWN STEP	2025-10-27T18:37:23.5123351Z (Reading database ... 
Test remote (slow)	UNKNOWN STEP	2025-10-27T18:37:23.5123808Z (Reading database ... 5%
Test remote (slow)	UNKNOWN STEP	2025-10-27T18:37:23.5124128Z (Reading database ... 10%
Test remote (slow)	UNKNOWN STEP	2025-10-27T18:37:23.5124440Z (Reading database ... 15%
Test remote (slow)	UNKNOWN STEP	2025-10-27T18:37:23.5125131Z (Reading database ... 20%
Test remote (slow)	UNKNOWN STEP	2025-10-27T18:37:23.5125453Z (Reading database ... 25%
Test remote (slow)	UNKNOWN STEP	2025-10-27T18:37:23.5125766Z (Reading database ... 30%
Test remote (slow)	UNKNOWN STEP	2025-10-27T18:37:23.5126074Z (Reading database ... 35%
Test remote (slow)	UNKNOWN STEP	2025-10-27T18:37:23.5126385Z (Reading database ... 40%
Test remote (slow)	UNKNOWN STEP	2025-10-27T18:37:23.5126686Z (Reading database ... 45%
Test remote (slow)	UNKNOWN STEP	2025-10-27T18:37:23.5126981Z (Reading database ... 50%
Test remote (slow)	UNKNOWN STEP	2025-10-27T18:37:23.6438309Z (Reading database ... 55%
Test remote (slow)	UNKNOWN STEP	2025-10-27T18:37:24.2082052Z (Reading database ... 60%
Test remote (slow)	UNKNOWN STEP	2025-10-27T18:37:24.7696248Z (Reading database ... 65%
Test remote (slow)	UNKNOWN STEP	2025-10-27T18:37:25.3220768Z (Reading database ... 70%
Test remote (slow)	UNKNOWN STEP	2025-10-27T18:37:25.8466813Z (Reading database ... 75%
Test remote (slow)	UNKNOWN STEP	2025-10-27T18:37:26.4216926Z (Reading database ... 80%
Test remote (slow)	UNKNOWN STEP	2025-10-27T18:37:27.0512464Z (Reading database ... 85%
Test remote (slow)	UNKNOWN STEP	2025-10-27T18:37:27.6557286Z (Reading database ... 90%
Test remote (slow)	UNKNOWN STEP	2025-10-27T18:37:28.3648316Z (Reading database ... 95%
Test remote (slow)	UNKNOWN STEP	2025-10-27T18:37:28.3648693Z (Reading database ... 100%
Test remote (slow)	UNKNOWN STEP	2025-10-27T18:37:28.3649112Z (Reading database ... 214596 files and directories currently installed.)
Test remote (slow)	UNKNOWN STEP	2025-10-27T18:37:28.3710120Z Preparing to unpack .../conntrack_1%3a1.4.8-1ubuntu1_amd64.deb ...
Test remote (slow)	UNKNOWN STEP	2025-10-27T18:37:28.3743087Z Unpacking conntrack (1:1.4.8-1ubuntu1) ...
Test remote (slow)	UNKNOWN STEP	2025-10-27T18:37:28.4366665Z Setting up conntrack (1:1.4.8-1ubuntu1) ...
Test remote (slow)	UNKNOWN STEP	2025-10-27T18:37:28.4399535Z Processing triggers for man-db (2.12.0-4build2) ...
Test remote (slow)	UNKNOWN STEP	2025-10-27T18:37:34.8611900Z 
Test remote (slow)	UNKNOWN STEP	2025-10-27T18:37:34.8612365Z Running kernel seems to be up-to-date.
Test remote (slow)	UNKNOWN STEP	2025-10-27T18:37:34.8612726Z 
Test remote (slow)	UNKNOWN STEP	2025-10-27T18:37:34.8612811Z Restarting services...
Test remote (slow)	UNKNOWN STEP	2025-10-27T18:37:34.8684973Z 
Test remote (slow)	UNKNOWN STEP	2025-10-27T18:37:34.8685340Z Service restarts being deferred:
Test remote (slow)	UNKNOWN STEP	2025-10-27T18:37:34.8690896Z  systemctl restart hosted-compute-agent.service
Test remote (slow)	UNKNOWN STEP	2025-10-27T18:37:34.8691252Z 
Test remote (slow)	UNKNOWN STEP	2025-10-27T18:37:34.8691440Z No containers need to be restarted.
Test remote (slow)	UNKNOWN STEP	2025-10-27T18:37:34.8691711Z 
Test remote (slow)	UNKNOWN STEP	2025-10-27T18:37:34.8691893Z No user sessions are running outdated binaries.
Test remote (slow)	UNKNOWN STEP	2025-10-27T18:37:34.8692216Z 
Test remote (slow)	UNKNOWN STEP	2025-10-27T18:37:34.8692489Z No VM guests are running outdated hypervisor (qemu) binaries on this host.
Test remote (slow)	UNKNOWN STEP	2025-10-27T18:37:35.7667410Z fs.protected_regular = 0
Test remote (slow)	UNKNOWN STEP	2025-10-27T18:37:35.7677556Z Waiting for Docker to be ready
Test remote (slow)	UNKNOWN STEP	2025-10-27T18:37:35.8942209Z 28.0.4 - 28.0.4
Test remote (slow)	UNKNOWN STEP	2025-10-27T18:37:35.8959045Z Docker daemon is ready
Test remote (slow)	UNKNOWN STEP	2025-10-27T18:37:35.8963512Z Downloading Minikube  v1.32.0
Test remote (slow)	UNKNOWN STEP	2025-10-27T18:37:36.2306143Z Downloading from: https://github.com/kubernetes/minikube/releases/download/v1.32.0/minikube-linux-amd64
Test remote (slow)	UNKNOWN STEP	2025-10-27T18:37:37.3373504Z Installing Minikube
Test remote (slow)	UNKNOWN STEP	2025-10-27T18:37:37.3808841Z * minikube v1.32.0 on Ubuntu 24.04
Test remote (slow)	UNKNOWN STEP	2025-10-27T18:37:37.3817707Z   - MINIKUBE_VERSION=v1.32.0
Test remote (slow)	UNKNOWN STEP	2025-10-27T18:37:37.3827828Z   - MINIKUBE_MEMORY=4096
Test remote (slow)	UNKNOWN STEP	2025-10-27T18:37:37.3847988Z   - MINIKUBE_HOME=/home/runner/work/_temp
Test remote (slow)	UNKNOWN STEP	2025-10-27T18:37:37.4742263Z * minikube 1.37.0 is available! Download it: https://github.com/kubernetes/minikube/releases/tag/v1.37.0
Test remote (slow)	UNKNOWN STEP	2025-10-27T18:37:37.4750688Z * To disable this notice, run: 'minikube config set WantUpdateNotification false'
Test remote (slow)	UNKNOWN STEP	2025-10-27T18:37:37.4751215Z 
Test remote (slow)	UNKNOWN STEP	2025-10-27T18:37:37.8347119Z * Using the docker driver based on user configuration
Test remote (slow)	UNKNOWN STEP	2025-10-27T18:37:37.8782269Z * Using Docker driver with root privileges
Test remote (slow)	UNKNOWN STEP	2025-10-27T18:37:37.8794339Z * Starting control plane node minikube in cluster minikube
Test remote (slow)	UNKNOWN STEP	2025-10-27T18:37:37.8805820Z * Pulling base image ...
Test remote (slow)	UNKNOWN STEP	2025-10-27T18:37:37.9376455Z * Downloading Kubernetes v1.27.10 preload ...
Test remote (slow)	UNKNOWN STEP	2025-10-27T18:37:50.6954547Z * Creating docker container (CPUs=4, Memory=4096MB) ...
Test remote (slow)	UNKNOWN STEP	2025-10-27T18:38:03.3283478Z * Preparing Kubernetes v1.27.10 on Docker 24.0.7 ...
Test remote (slow)	UNKNOWN STEP	2025-10-27T18:38:07.2889234Z   - Generating certificates and keys ...
Test remote (slow)	UNKNOWN STEP	2025-10-27T18:38:09.2624592Z   - Booting up control plane ...
Test remote (slow)	UNKNOWN STEP	2025-10-27T18:38:14.8055893Z   - Configuring RBAC rules ...
Test remote (slow)	UNKNOWN STEP	2025-10-27T18:38:15.2285454Z * Configuring Cilium (Container Networking Interface) ...
Test remote (slow)	UNKNOWN STEP	2025-10-27T18:38:16.0311214Z   - Using image gcr.io/k8s-minikube/storage-provisioner:v5
Test remote (slow)	UNKNOWN STEP	2025-10-27T18:38:16.0345064Z   - Using image registry.k8s.io/ingress-nginx/kube-webhook-certgen:v20231011-8b53cabe0
Test remote (slow)	UNKNOWN STEP	2025-10-27T18:38:16.0347766Z   - Using image registry.k8s.io/ingress-nginx/controller:v1.9.4
Test remote (slow)	UNKNOWN STEP	2025-10-27T18:38:16.0361559Z   - Using image registry.k8s.io/ingress-nginx/kube-webhook-certgen:v20231011-8b53cabe0
Test remote (slow)	UNKNOWN STEP	2025-10-27T18:38:16.0386958Z * Verifying Kubernetes components...
Test remote (slow)	UNKNOWN STEP	2025-10-27T18:38:16.9981097Z * Verifying ingress addon...
Test remote (slow)	UNKNOWN STEP	2025-10-27T18:39:37.0066000Z * Enabled addons: storage-provisioner, default-storageclass, ingress
Test remote (slow)	UNKNOWN STEP	2025-10-27T18:39:37.3832792Z 
Test remote (slow)	UNKNOWN STEP	2025-10-27T18:39:37.3845602Z     > gcr.io/k8s-minikube/kicbase...:  0 B [_______________________] ?% ? p/s ?    > gcr.io/k8s-minikube/kicbase...:  1.62 KiB / 453.90 MiB [>_] 0.00% ? p/s ?    > gcr.io/k8s-minikube/kicbase...:  1.62 KiB / 453.90 MiB [>_] 0.00% ? p/s ?    > gcr.io/k8s-minikube/kicbase...:  8.00 MiB / 453.90 MiB  1.76% 13.34 MiB p    > gcr.io/k8s-minikube/kicbase...:  22.99 MiB / 453.90 MiB  5.06% 13.34 MiB     > gcr.io/k8s-minikube/kicbase...:  40.00 MiB / 453.90 MiB  8.81% 13.34 MiB     > gcr.io/k8s-minikube/kicbase...:  60.52 MiB / 453.90 MiB  13.33% 18.13 MiB    > gcr.io/k8s-minikube/kicbase...:  80.00 MiB / 453.90 MiB  17.63% 18.13 MiB    > gcr.io/k8s-minikube/kicbase...:  98.47 MiB / 453.90 MiB  21.69% 18.13 MiB    > gcr.io/k8s-minikube/kicbase...:  132.30 MiB / 453.90 MiB  29.15% 24.68 Mi    > gcr.io/k8s-minikube/kicbase...:  168.00 MiB / 453.90 MiB  37.01% 24.68 Mi    > gcr.io/k8s-minikube/kicbase...:  200.00 MiB / 453.90 MiB  44.06% 24.68 Mi    > gcr.io/k8s-minikube/kicbase...:  234.24 MiB / 453.90 MiB  51.61% 34.05 Mi    > gcr.io/k8s-minikube/kicbase...:  268.14 MiB / 453.90 MiB  59.08% 34.05 Mi    > gcr.io/k8s-minikube/kicbase...:  300.00 MiB / 453.90 MiB  66.09% 34.05 Mi    > gcr.io/k8s-minikube/kicbase...:  339.02 MiB / 453.90 MiB  74.69% 43.11 Mi    > gcr.io/k8s-minikube/kicbase...:  380.24 MiB / 453.90 MiB  83.77% 43.11 Mi    > gcr.io/k8s-minikube/kicbase...:  423.42 MiB / 453.90 MiB  93.29% 43.11 Mi    > gcr.io/k8s-minikube/kicbase...:  453.90 MiB / 453.90 MiB  100.00% 129.01 ! /usr/bin/kubectl is version 1.34.1, which may have incompatibilities with Kubernetes 1.27.10.
Test remote (slow)	UNKNOWN STEP	2025-10-27T18:39:37.3851022Z   - Want kubectl v1.27.10? Try 'minikube kubectl -- get pods -A'
Test remote (slow)	UNKNOWN STEP	2025-10-27T18:39:37.3851831Z * Done! kubectl is now configured to use "minikube" cluster and "default" namespace by default
Test remote (slow)	UNKNOWN STEP	2025-10-27T18:39:37.4655882Z minikube version: v1.32.0commit: 8220a6eb95f0a4d75f7f2d7b14cef975f050512d installed successfully
Test remote (slow)	UNKNOWN STEP	2025-10-27T18:39:37.4878092Z ##[group]Run actions/download-artifact@v4
Test remote (slow)	UNKNOWN STEP	2025-10-27T18:39:37.4878395Z with:
Test remote (slow)	UNKNOWN STEP	2025-10-27T18:39:37.4878567Z   name: keycloak-dist
Test remote (slow)	UNKNOWN STEP	2025-10-27T18:39:37.4878770Z   path: quarkus/container
Test remote (slow)	UNKNOWN STEP	2025-10-27T18:39:37.4878980Z   merge-multiple: false
Test remote (slow)	UNKNOWN STEP	2025-10-27T18:39:37.4879189Z   repository: keycloak/keycloak
Test remote (slow)	UNKNOWN STEP	2025-10-27T18:39:37.4879390Z   run-id: 18851955178
Test remote (slow)	UNKNOWN STEP	2025-10-27T18:39:37.4879554Z env:
Test remote (slow)	UNKNOWN STEP	2025-10-27T18:39:37.4880122Z   MAVEN_ARGS: -B -nsu -Daether.connector.http.connectionMaxTtl=25
Test remote (slow)	UNKNOWN STEP	2025-10-27T18:39:37.4880442Z   MINIKUBE_VERSION: v1.32.0
Test remote (slow)	UNKNOWN STEP	2025-10-27T18:39:37.4880659Z   KUBERNETES_VERSION: v1.27.10
Test remote (slow)	UNKNOWN STEP	2025-10-27T18:39:37.4880863Z   MINIKUBE_MEMORY: 4096
Test remote (slow)	UNKNOWN STEP	2025-10-27T18:39:37.4881064Z   version_remote: 0.0.1-e27d92
Test remote (slow)	UNKNOWN STEP	2025-10-27T18:39:37.4881366Z   JAVA_HOME: /opt/hostedtoolcache/Java_Temurin-Hotspot_jdk/21.0.8-9/x64
Test remote (slow)	UNKNOWN STEP	2025-10-27T18:39:37.4881806Z   JAVA_HOME_21_X64: /opt/hostedtoolcache/Java_Temurin-Hotspot_jdk/21.0.8-9/x64
Test remote (slow)	UNKNOWN STEP	2025-10-27T18:39:37.4882148Z   MINIKUBE_HOME: /home/runner/work/_temp
Test remote (slow)	UNKNOWN STEP	2025-10-27T18:39:37.4882391Z ##[endgroup]
Test remote (slow)	UNKNOWN STEP	2025-10-27T18:39:37.6881637Z Downloading single artifact
Test remote (slow)	UNKNOWN STEP	2025-10-27T18:39:37.9535252Z Preparing to download the following artifacts:
Test remote (slow)	UNKNOWN STEP	2025-10-27T18:39:37.9536294Z - keycloak-dist (ID: 4385497623, Size: 154104550, Expected Digest: sha256:a40e59edc299408b5a868461f1ac66868eb7431290c9cbd5c4b0808b727a2dee)
Test remote (slow)	UNKNOWN STEP	2025-10-27T18:39:38.1368050Z Redirecting to blob download url: https://productionresultssa1.blob.core.windows.net/actions-results/df916b71-2814-47ea-ad1e-b0dc4f0a0583/workflow-job-run-4700286d-4672-5f05-8994-ea28d4a81b6d/artifacts/8ec452859fe416bcecd39b267c69bfe76c7634fb13c33b71d912d2a8c0986080.zip
Test remote (slow)	UNKNOWN STEP	2025-10-27T18:39:38.1370102Z Starting download of artifact to: /home/runner/work/keycloak/keycloak/quarkus/container
Test remote (slow)	UNKNOWN STEP	2025-10-27T18:39:38.4193803Z (node:13484) [DEP0005] DeprecationWarning: Buffer() is deprecated due to security and usability issues. Please use the Buffer.alloc(), Buffer.allocUnsafe(), or Buffer.from() methods instead.
Test remote (slow)	UNKNOWN STEP	2025-10-27T18:39:38.4194719Z (Use `node --trace-deprecation ...` to show where the warning was created)
Test remote (slow)	UNKNOWN STEP	2025-10-27T18:39:44.0181854Z SHA256 digest of downloaded artifact is a40e59edc299408b5a868461f1ac66868eb7431290c9cbd5c4b0808b727a2dee
Test remote (slow)	UNKNOWN STEP	2025-10-27T18:39:44.0182545Z Artifact download completed successfully.
Test remote (slow)	UNKNOWN STEP	2025-10-27T18:39:44.0182841Z Total of 1 artifact(s) downloaded
Test remote (slow)	UNKNOWN STEP	2025-10-27T18:39:44.0193103Z Download artifact has finished successfully
Test remote (slow)	UNKNOWN STEP	2025-10-27T18:39:44.0316769Z ##[group]Run eval $(minikube -p minikube docker-env)
Test remote (slow)	UNKNOWN STEP	2025-10-27T18:39:44.0317164Z [36;1meval $(minikube -p minikube docker-env)[0m
Test remote (slow)	UNKNOWN STEP	2025-10-27T18:39:44.0317684Z [36;1m(cd quarkus/container && docker build --build-arg KEYCLOAK_DIST=$(ls keycloak-*.tar.gz) . -t keycloak:0.0.1-e27d92)[0m
Test remote (slow)	UNKNOWN STEP	2025-10-27T18:39:44.0318368Z [36;1m(cd operator && ./scripts/build-testing-docker-images.sh 0.0.1-e27d92 keycloak custom-keycloak)[0m
Test remote (slow)	UNKNOWN STEP	2025-10-27T18:39:44.0352426Z shell: /usr/bin/bash --noprofile --norc -e -o pipefail {0}
Test remote (slow)	UNKNOWN STEP	2025-10-27T18:39:44.0352731Z env:
Test remote (slow)	UNKNOWN STEP	2025-10-27T18:39:44.0352999Z   MAVEN_ARGS: -B -nsu -Daether.connector.http.connectionMaxTtl=25
Test remote (slow)	UNKNOWN STEP	2025-10-27T18:39:44.0353339Z   MINIKUBE_VERSION: v1.32.0
Test remote (slow)	UNKNOWN STEP	2025-10-27T18:39:44.0353559Z   KUBERNETES_VERSION: v1.27.10
Test remote (slow)	UNKNOWN STEP	2025-10-27T18:39:44.0353779Z   MINIKUBE_MEMORY: 4096
Test remote (slow)	UNKNOWN STEP	2025-10-27T18:39:44.0353977Z   version_remote: 0.0.1-e27d92
Test remote (slow)	UNKNOWN STEP	2025-10-27T18:39:44.0354282Z   JAVA_HOME: /opt/hostedtoolcache/Java_Temurin-Hotspot_jdk/21.0.8-9/x64
Test remote (slow)	UNKNOWN STEP	2025-10-27T18:39:44.0354790Z   JAVA_HOME_21_X64: /opt/hostedtoolcache/Java_Temurin-Hotspot_jdk/21.0.8-9/x64
Test remote (slow)	UNKNOWN STEP	2025-10-27T18:39:44.0355144Z   MINIKUBE_HOME: /home/runner/work/_temp
Test remote (slow)	UNKNOWN STEP	2025-10-27T18:39:44.0355378Z ##[endgroup]
Test remote (slow)	UNKNOWN STEP	2025-10-27T18:39:44.7311054Z #0 building with "default" instance using docker driver
Test remote (slow)	UNKNOWN STEP	2025-10-27T18:39:44.7311396Z 
Test remote (slow)	UNKNOWN STEP	2025-10-27T18:39:44.7311531Z #1 [internal] load build definition from Dockerfile
Test remote (slow)	UNKNOWN STEP	2025-10-27T18:39:44.7311854Z #1 transferring dockerfile: 2.72kB done
Test remote (slow)	UNKNOWN STEP	2025-10-27T18:39:44.7312114Z #1 DONE 0.0s
Test remote (slow)	UNKNOWN STEP	2025-10-27T18:39:44.7312222Z 
Test remote (slow)	UNKNOWN STEP	2025-10-27T18:39:44.7312312Z #2 [internal] load .dockerignore
Test remote (slow)	UNKNOWN STEP	2025-10-27T18:39:44.7312555Z #2 transferring context: 2B done
Test remote (slow)	UNKNOWN STEP	2025-10-27T18:39:44.7312775Z #2 DONE 0.0s
Test remote (slow)	UNKNOWN STEP	2025-10-27T18:39:44.7312874Z 
Test remote (slow)	UNKNOWN STEP	2025-10-27T18:39:44.7313056Z #3 [internal] load metadata for registry.access.redhat.com/ubi9:latest
Test remote (slow)	UNKNOWN STEP	2025-10-27T18:39:45.3103478Z #3 ...
Test remote (slow)	UNKNOWN STEP	2025-10-27T18:39:45.3103663Z 
Test remote (slow)	UNKNOWN STEP	2025-10-27T18:39:45.3103920Z #4 [internal] load metadata for registry.access.redhat.com/ubi9-micro:latest
Test remote (slow)	UNKNOWN STEP	2025-10-27T18:39:45.3104322Z #4 DONE 0.7s
Test remote (slow)	UNKNOWN STEP	2025-10-27T18:39:45.4340666Z 
Test remote (slow)	UNKNOWN STEP	2025-10-27T18:39:45.4341913Z #3 [internal] load metadata for registry.access.redhat.com/ubi9:latest
Test remote (slow)	UNKNOWN STEP	2025-10-27T18:39:45.4342932Z #3 DONE 0.7s
Test remote (slow)	UNKNOWN STEP	2025-10-27T18:39:45.4343460Z 
Test remote (slow)	UNKNOWN STEP	2025-10-27T18:39:45.4344417Z #5 [ubi-micro-build 1/8] FROM registry.access.redhat.com/ubi9@sha256:dec374e05cc13ebbc0975c9f521f3db6942d27f8ccdf06b180160490eef8bdbc
Test remote (slow)	UNKNOWN STEP	2025-10-27T18:39:45.4346001Z #5 resolve registry.access.redhat.com/ubi9@sha256:dec374e05cc13ebbc0975c9f521f3db6942d27f8ccdf06b180160490eef8bdbc done
Test remote (slow)	UNKNOWN STEP	2025-10-27T18:39:45.4347272Z #5 sha256:f3b9841ea7615b38fd271cf18ae235d8228d3369036eb175ded171c936808255 429B / 429B done
Test remote (slow)	UNKNOWN STEP	2025-10-27T18:39:45.4349105Z #5 sha256:4461e0f8948d70db7614912a1d3d4b0b180d4a3044a08058bec55dbbb941b1f3 5.94kB / 5.94kB done
Test remote (slow)	UNKNOWN STEP	2025-10-27T18:39:45.4350411Z #5 sha256:35d6a5cce6a146ea7213377edde7d1d27f34dda18ce9fac98ea2ab40a6b110f6 0B / 79.59MB 0.1s
Test remote (slow)	UNKNOWN STEP	2025-10-27T18:39:45.4351509Z #5 sha256:dec374e05cc13ebbc0975c9f521f3db6942d27f8ccdf06b180160490eef8bdbc 970B / 970B done
Test remote (slow)	UNKNOWN STEP	2025-10-27T18:39:45.6393278Z #5 sha256:35d6a5cce6a146ea7213377edde7d1d27f34dda18ce9fac98ea2ab40a6b110f6 13.63MB / 79.59MB 0.3s
Test remote (slow)	UNKNOWN STEP	2025-10-27T18:39:45.7405635Z #5 sha256:35d6a5cce6a146ea7213377edde7d1d27f34dda18ce9fac98ea2ab40a6b110f6 28.31MB / 79.59MB 0.4s
Test remote (slow)	UNKNOWN STEP	2025-10-27T18:39:45.8412179Z #5 sha256:35d6a5cce6a146ea7213377edde7d1d27f34dda18ce9fac98ea2ab40a6b110f6 44.04MB / 79.59MB 0.5s
Test remote (slow)	UNKNOWN STEP	2025-10-27T18:39:45.9414873Z #5 sha256:35d6a5cce6a146ea7213377edde7d1d27f34dda18ce9fac98ea2ab40a6b110f6 57.93MB / 79.59MB 0.6s
Test remote (slow)	UNKNOWN STEP	2025-10-27T18:39:46.0414905Z #5 sha256:35d6a5cce6a146ea7213377edde7d1d27f34dda18ce9fac98ea2ab40a6b110f6 70.25MB / 79.59MB 0.7s
Test remote (slow)	UNKNOWN STEP	2025-10-27T18:39:46.1416438Z #5 sha256:35d6a5cce6a146ea7213377edde7d1d27f34dda18ce9fac98ea2ab40a6b110f6 79.59MB / 79.59MB 0.8s done
Test remote (slow)	UNKNOWN STEP	2025-10-27T18:39:46.3141792Z #5 ...
Test remote (slow)	UNKNOWN STEP	2025-10-27T18:39:46.3150116Z 
Test remote (slow)	UNKNOWN STEP	2025-10-27T18:39:46.3150913Z #6 [stage-1 1/4] FROM registry.access.redhat.com/ubi9-micro@sha256:aff810919642215e15c993b9bbc110dbcc446608730ad24499dafd9df7a8f8f4
Test remote (slow)	UNKNOWN STEP	2025-10-27T18:39:46.3152906Z #6 resolve registry.access.redhat.com/ubi9-micro@sha256:aff810919642215e15c993b9bbc110dbcc446608730ad24499dafd9df7a8f8f4 done
Test remote (slow)	UNKNOWN STEP	2025-10-27T18:39:46.3154169Z #6 sha256:aff810919642215e15c993b9bbc110dbcc446608730ad24499dafd9df7a8f8f4 970B / 970B done
Test remote (slow)	UNKNOWN STEP	2025-10-27T18:39:46.3155164Z #6 sha256:558422e68b6b0f3cf96e61a295655c55be56b082bb51154b35884b93f37ce11f 428B / 428B done
Test remote (slow)	UNKNOWN STEP	2025-10-27T18:39:46.3156189Z #6 sha256:b75f920bd8141e2940d7c1abf2414b8b397189662c4dd4a12047fa265a495a36 4.97kB / 4.97kB done
Test remote (slow)	UNKNOWN STEP	2025-10-27T18:39:46.3157307Z #6 sha256:7d0737898ab0e39437d06df65284214e20726894f41190bad590568d64e5a15c 7.27MB / 7.27MB 0.2s done
Test remote (slow)	UNKNOWN STEP	2025-10-27T18:39:46.3158380Z #6 extracting sha256:7d0737898ab0e39437d06df65284214e20726894f41190bad590568d64e5a15c 0.6s done
Test remote (slow)	UNKNOWN STEP	2025-10-27T18:39:46.3159105Z #6 DONE 0.9s
Test remote (slow)	UNKNOWN STEP	2025-10-27T18:39:46.3159290Z 
Test remote (slow)	UNKNOWN STEP	2025-10-27T18:39:46.3160130Z #5 [ubi-micro-build 1/8] FROM registry.access.redhat.com/ubi9@sha256:dec374e05cc13ebbc0975c9f521f3db6942d27f8ccdf06b180160490eef8bdbc
Test remote (slow)	UNKNOWN STEP	2025-10-27T18:39:46.3161504Z #5 extracting sha256:35d6a5cce6a146ea7213377edde7d1d27f34dda18ce9fac98ea2ab40a6b110f6 0.1s
Test remote (slow)	UNKNOWN STEP	2025-10-27T18:39:46.6590199Z #5 ...
Test remote (slow)	UNKNOWN STEP	2025-10-27T18:39:46.6590463Z 
Test remote (slow)	UNKNOWN STEP	2025-10-27T18:39:46.6590618Z #7 [internal] load build context
Test remote (slow)	UNKNOWN STEP	2025-10-27T18:39:46.6591073Z #7 transferring context: 154.09MB 1.3s done
Test remote (slow)	UNKNOWN STEP	2025-10-27T18:39:46.6591510Z #7 DONE 1.3s
Test remote (slow)	UNKNOWN STEP	2025-10-27T18:39:46.6591685Z 
Test remote (slow)	UNKNOWN STEP	2025-10-27T18:39:46.6592343Z #5 [ubi-micro-build 1/8] FROM registry.access.redhat.com/ubi9@sha256:dec374e05cc13ebbc0975c9f521f3db6942d27f8ccdf06b180160490eef8bdbc
Test remote (slow)	UNKNOWN STEP	2025-10-27T18:39:49.4253251Z #5 extracting sha256:35d6a5cce6a146ea7213377edde7d1d27f34dda18ce9fac98ea2ab40a6b110f6 3.2s done
Test remote (slow)	UNKNOWN STEP	2025-10-27T18:39:49.4253909Z #5 DONE 4.1s
Test remote (slow)	UNKNOWN STEP	2025-10-27T18:39:49.5767446Z 
Test remote (slow)	UNKNOWN STEP	2025-10-27T18:39:49.5767897Z #8 [ubi-micro-build 2/8] RUN dnf install -y tar gzip
Test remote (slow)	UNKNOWN STEP	2025-10-27T18:39:50.1434352Z #8 0.714 Updating Subscription Management repositories.
Test remote (slow)	UNKNOWN STEP	2025-10-27T18:39:50.1434978Z #8 0.714 Unable to read consumer identity
Test remote (slow)	UNKNOWN STEP	2025-10-27T18:39:50.3823554Z #8 0.805 
Test remote (slow)	UNKNOWN STEP	2025-10-27T18:39:50.3824111Z #8 0.805 This system is not registered with an entitlement server. You can use subscription-manager to register.
Test remote (slow)	UNKNOWN STEP	2025-10-27T18:39:50.3824578Z #8 0.805 
Test remote (slow)	UNKNOWN STEP	2025-10-27T18:39:50.5815842Z #8 1.155 Red Hat Universal Base Image 9 (RPMs) - BaseOS  2.2 MB/s | 531 kB     00:00    
Test remote (slow)	UNKNOWN STEP	2025-10-27T18:39:50.8733806Z #8 1.447 Red Hat Universal Base Image 9 (RPMs) - AppStre  12 MB/s | 2.4 MB     00:00    
Test remote (slow)	UNKNOWN STEP	2025-10-27T18:39:51.3754625Z #8 1.949 Red Hat Universal Base Image 9 (RPMs) - CodeRea 2.2 MB/s | 287 kB     00:00    
Test remote (slow)	UNKNOWN STEP	2025-10-27T18:39:51.5059007Z #8 2.079 Package tar-2:1.34-7.el9.x86_64 is already installed.
Test remote (slow)	UNKNOWN STEP	2025-10-27T18:39:51.7237721Z #8 2.080 Package gzip-1.12-1.el9.x86_64 is already installed.
Test remote (slow)	UNKNOWN STEP	2025-10-27T18:39:51.7238852Z #8 2.094 Dependencies resolved.
Test remote (slow)	UNKNOWN STEP	2025-10-27T18:39:51.7239976Z #8 2.095 Nothing to do.
Test remote (slow)	UNKNOWN STEP	2025-10-27T18:39:51.7241011Z #8 2.095 Complete!
Test remote (slow)	UNKNOWN STEP	2025-10-27T18:39:51.7241368Z #8 DONE 2.1s
Test remote (slow)	UNKNOWN STEP	2025-10-27T18:39:51.7241650Z 
Test remote (slow)	UNKNOWN STEP	2025-10-27T18:39:51.7242283Z #9 [ubi-micro-build 3/8] ADD keycloak-999.0.0-SNAPSHOT.tar.gz /tmp/keycloak/
Test remote (slow)	UNKNOWN STEP	2025-10-27T18:39:52.4240873Z #9 DONE 0.8s
Test remote (slow)	UNKNOWN STEP	2025-10-27T18:39:52.5283204Z 
Test remote (slow)	UNKNOWN STEP	2025-10-27T18:39:52.5284761Z #10 [ubi-micro-build 4/8] RUN (cd /tmp/keycloak &&     tar -xvf /tmp/keycloak/keycloak-*.tar.gz &&     rm /tmp/keycloak/keycloak-*.tar.gz) || true
Test remote (slow)	UNKNOWN STEP	2025-10-27T18:39:52.5286019Z #10 0.104 tar: /tmp/keycloak/keycloak-*.tar.gz: Cannot open: No such file or directory
Test remote (slow)	UNKNOWN STEP	2025-10-27T18:39:52.5287080Z #10 0.104 tar: Error is not recoverable: exiting now
Test remote (slow)	UNKNOWN STEP	2025-10-27T18:39:52.6861600Z #10 DONE 0.1s
Test remote (slow)	UNKNOWN STEP	2025-10-27T18:39:52.6861859Z 
Test remote (slow)	UNKNOWN STEP	2025-10-27T18:39:52.6862345Z #11 [ubi-micro-build 5/8] RUN mv /tmp/keycloak/keycloak-* /opt/keycloak && mkdir -p /opt/keycloak/data
Test remote (slow)	UNKNOWN STEP	2025-10-27T18:39:52.6973566Z #11 DONE 0.2s
Test remote (slow)	UNKNOWN STEP	2025-10-27T18:39:52.8490954Z 
Test remote (slow)	UNKNOWN STEP	2025-10-27T18:39:52.8491490Z #12 [ubi-micro-build 6/8] RUN chmod -R g+rwX /opt/keycloak
Test remote (slow)	UNKNOWN STEP	2025-10-27T18:39:53.4188765Z #12 DONE 0.7s
Test remote (slow)	UNKNOWN STEP	2025-10-27T18:39:53.5420127Z 
Test remote (slow)	UNKNOWN STEP	2025-10-27T18:39:53.5420716Z #13 [ubi-micro-build 7/8] ADD ubi-null.sh /tmp/
Test remote (slow)	UNKNOWN STEP	2025-10-27T18:39:53.5421250Z #13 DONE 0.0s
Test remote (slow)	UNKNOWN STEP	2025-10-27T18:39:53.5421718Z 
Test remote (slow)	UNKNOWN STEP	2025-10-27T18:39:53.5422401Z #14 [ubi-micro-build 8/8] RUN bash /tmp/ubi-null.sh java-21-openjdk-headless glibc-langpack-en findutils
Test remote (slow)	UNKNOWN STEP	2025-10-27T18:39:53.5423359Z #14 0.108 ==> Installing packages into chroot
Test remote (slow)	UNKNOWN STEP	2025-10-27T18:39:53.5423678Z #14 0.108 + dnf install -y findutils diffutils
Test remote (slow)	UNKNOWN STEP	2025-10-27T18:39:53.7983152Z #14 0.364 Updating Subscription Management repositories.
Test remote (slow)	UNKNOWN STEP	2025-10-27T18:39:53.9622586Z #14 0.364 Unable to read consumer identity
Test remote (slow)	UNKNOWN STEP	2025-10-27T18:39:53.9623089Z #14 0.368 
Test remote (slow)	UNKNOWN STEP	2025-10-27T18:39:53.9623763Z #14 0.368 This system is not registered with an entitlement server. You can use subscription-manager to register.
Test remote (slow)	UNKNOWN STEP	2025-10-27T18:39:53.9624522Z #14 0.368 
Test remote (slow)	UNKNOWN STEP	2025-10-27T18:39:53.9624998Z #14 0.406 Last metadata expiration check: 0:00:02 ago on Mon Oct 27 18:39:51 2025.
Test remote (slow)	UNKNOWN STEP	2025-10-27T18:39:53.9625866Z #14 0.427 Package findutils-1:4.8.0-7.el9.x86_64 is already installed.
Test remote (slow)	UNKNOWN STEP	2025-10-27T18:39:53.9626455Z #14 0.443 Dependencies resolved.
Test remote (slow)	UNKNOWN STEP	2025-10-27T18:39:53.9626934Z #14 0.443 ================================================================================
Test remote (slow)	UNKNOWN STEP	2025-10-27T18:39:53.9627632Z #14 0.443  Package         Architecture Version             Repository               Size
Test remote (slow)	UNKNOWN STEP	2025-10-27T18:39:53.9628268Z #14 0.443 ================================================================================
Test remote (slow)	UNKNOWN STEP	2025-10-27T18:39:53.9628740Z #14 0.443 Installing:
Test remote (slow)	UNKNOWN STEP	2025-10-27T18:39:53.9629224Z #14 0.443  diffutils       x86_64       3.7-12.el9          ubi-9-baseos-rpms       402 k
Test remote (slow)	UNKNOWN STEP	2025-10-27T18:39:53.9629996Z #14 0.443 
Test remote (slow)	UNKNOWN STEP	2025-10-27T18:39:53.9630305Z #14 0.443 Transaction Summary
Test remote (slow)	UNKNOWN STEP	2025-10-27T18:39:53.9631813Z #14 0.443 ================================================================================
Test remote (slow)	UNKNOWN STEP	2025-10-27T18:39:53.9632389Z #14 0.443 Install  1 Package
Test remote (slow)	UNKNOWN STEP	2025-10-27T18:39:53.9632778Z #14 0.443 
Test remote (slow)	UNKNOWN STEP	2025-10-27T18:39:53.9633140Z #14 0.444 Total download size: 402 k
Test remote (slow)	UNKNOWN STEP	2025-10-27T18:39:53.9633559Z #14 0.444 Installed size: 1.4 M
Test remote (slow)	UNKNOWN STEP	2025-10-27T18:39:53.9633935Z #14 0.444 Downloading Packages:
Test remote (slow)	UNKNOWN STEP	2025-10-27T18:39:53.9634507Z #14 0.528 diffutils-3.7-12.el9.x86_64.rpm                 4.8 MB/s | 402 kB     00:00    
Test remote (slow)	UNKNOWN STEP	2025-10-27T18:39:54.0627355Z #14 0.529 --------------------------------------------------------------------------------
Test remote (slow)	UNKNOWN STEP	2025-10-27T18:39:54.0628143Z #14 0.530 Total                                           4.6 MB/s | 402 kB     00:00     
Test remote (slow)	UNKNOWN STEP	2025-10-27T18:39:54.0628748Z #14 0.542 Running transaction check
Test remote (slow)	UNKNOWN STEP	2025-10-27T18:39:54.0629121Z #14 0.545 Transaction check succeeded.
Test remote (slow)	UNKNOWN STEP	2025-10-27T18:39:54.0629382Z #14 0.545 Running transaction test
Test remote (slow)	UNKNOWN STEP	2025-10-27T18:39:54.0629616Z #14 0.570 Transaction test succeeded.
Test remote (slow)	UNKNOWN STEP	2025-10-27T18:39:54.0630107Z #14 0.571 Running transaction
Test remote (slow)	UNKNOWN STEP	2025-10-27T18:39:54.0630391Z #14 0.592   Preparing        :                                                        1/1 
Test remote (slow)	UNKNOWN STEP	2025-10-27T18:39:54.1648126Z #14 0.628   Installing       : diffutils-3.7-12.el9.x86_64                            1/1 
Test remote (slow)	UNKNOWN STEP	2025-10-27T18:39:54.1649012Z #14 0.639   Running scriptlet: diffutils-3.7-12.el9.x86_64                            1/1 
Test remote (slow)	UNKNOWN STEP	2025-10-27T18:39:54.1650156Z #14 0.676   Verifying        : diffutils-3.7-12.el9.x86_64                            1/1 
Test remote (slow)	UNKNOWN STEP	2025-10-27T18:39:54.1650803Z #14 0.702 Installed products updated.
Test remote (slow)	UNKNOWN STEP	2025-10-27T18:39:54.1651219Z #14 0.730 
Test remote (slow)	UNKNOWN STEP	2025-10-27T18:39:54.1651497Z #14 0.730 Installed:
Test remote (slow)	UNKNOWN STEP	2025-10-27T18:39:54.1652002Z #14 0.730   diffutils-3.7-12.el9.x86_64                                                   
Test remote (slow)	UNKNOWN STEP	2025-10-27T18:39:54.1652945Z #14 0.730 
Test remote (slow)	UNKNOWN STEP	2025-10-27T18:39:54.1653112Z #14 0.730 Complete!
Test remote (slow)	UNKNOWN STEP	2025-10-27T18:39:54.3674268Z #14 0.779 ++ realpath rootfs
Test remote (slow)	UNKNOWN STEP	2025-10-27T18:39:54.3674775Z #14 0.781 + rootfs=/tmp/null/rootfs
Test remote (slow)	UNKNOWN STEP	2025-10-27T18:39:54.3675231Z #14 0.781 + mkdir -p /tmp/null/rootfs
Test remote (slow)	UNKNOWN STEP	2025-10-27T18:39:54.3676088Z #14 0.782 + xargs dnf install -y --installroot /tmp/null/rootfs --releasever 9 --setopt install_weak_deps=false --nodocs
Test remote (slow)	UNKNOWN STEP	2025-10-27T18:39:54.4525815Z #14 1.018 Updating Subscription Management repositories.
Test remote (slow)	UNKNOWN STEP	2025-10-27T18:39:54.5993287Z #14 1.019 Unable to read consumer identity
Test remote (slow)	UNKNOWN STEP	2025-10-27T18:39:54.5993760Z #14 1.020 
Test remote (slow)	UNKNOWN STEP	2025-10-27T18:39:54.5995047Z #14 1.020 This system is not registered with an entitlement server. You can use subscription-manager to register.
Test remote (slow)	UNKNOWN STEP	2025-10-27T18:39:54.5995827Z #14 1.020 
Test remote (slow)	UNKNOWN STEP	2025-10-27T18:39:54.5996328Z #14 1.165 Red Hat Universal Base Image 9 (RPMs) - BaseOS  4.2 MB/s | 531 kB     00:00    
Test remote (slow)	UNKNOWN STEP	2025-10-27T18:39:54.8334199Z #14 1.399 Red Hat Universal Base Image 9 (RPMs) - AppStre  15 MB/s | 2.4 MB     00:00    
Test remote (slow)	UNKNOWN STEP	2025-10-27T18:39:55.3472014Z #14 1.913 Red Hat Universal Base Image 9 (RPMs) - CodeRea 2.1 MB/s | 287 kB     00:00    
Test remote (slow)	UNKNOWN STEP	2025-10-27T18:39:55.4854443Z #14 2.051 Dependencies resolved.
Test remote (slow)	UNKNOWN STEP	2025-10-27T18:39:55.6167129Z #14 2.056 =============================================================================================
Test remote (slow)	UNKNOWN STEP	2025-10-27T18:39:55.6167939Z #14 2.056  Package                    Arch    Version                       Repository             Size
Test remote (slow)	UNKNOWN STEP	2025-10-27T18:39:55.6168639Z #14 2.056 =============================================================================================
Test remote (slow)	UNKNOWN STEP	2025-10-27T18:39:55.6169182Z #14 2.056 Installing:
Test remote (slow)	UNKNOWN STEP	2025-10-27T18:39:55.6169953Z #14 2.056  bash                       x86_64  5.1.8-9.el9                   ubi-9-baseos-rpms     1.7 M
Test remote (slow)	UNKNOWN STEP	2025-10-27T18:39:55.6170758Z #14 2.056  coreutils-single           x86_64  8.32-39.el9                   ubi-9-baseos-rpms     625 k
Test remote (slow)	UNKNOWN STEP	2025-10-27T18:39:55.6172036Z #14 2.056  findutils                  x86_64  1:4.8.0-7.el9                 ubi-9-baseos-rpms     550 k
Test remote (slow)	UNKNOWN STEP	2025-10-27T18:39:55.6172931Z #14 2.056  glibc-langpack-en          x86_64  2.34-168.el9_6.23             ubi-9-baseos-rpms     656 k
Test remote (slow)	UNKNOWN STEP	2025-10-27T18:39:55.6173770Z #14 2.056  java-21-openjdk-headless   x86_64  1:21.0.9.0.10-1.el9           ubi-9-appstream-rpms   49 M
Test remote (slow)	UNKNOWN STEP	2025-10-27T18:39:55.6174428Z #14 2.056 Installing dependencies:
Test remote (slow)	UNKNOWN STEP	2025-10-27T18:39:55.6174964Z #14 2.056  alsa-lib                   x86_64  1.2.13-2.el9                  ubi-9-appstream-rpms  530 k
Test remote (slow)	UNKNOWN STEP	2025-10-27T18:39:55.6175674Z #14 2.056  alternatives               x86_64  1.24-2.el9                    ubi-9-baseos-rpms      42 k
Test remote (slow)	UNKNOWN STEP	2025-10-27T18:39:55.6176408Z #14 2.056  avahi-libs                 x86_64  0.8-22.el9_6.1                ubi-9-baseos-rpms      67 k
Test remote (slow)	UNKNOWN STEP	2025-10-27T18:39:55.6177132Z #14 2.056  basesystem                 noarch  11-13.el9                     ubi-9-baseos-rpms     8.0 k
Test remote (slow)	UNKNOWN STEP	2025-10-27T18:39:55.6177859Z #14 2.056  bzip2-libs                 x86_64  1.0.8-10.el9_5                ubi-9-baseos-rpms      42 k
Test remote (slow)	UNKNOWN STEP	2025-10-27T18:39:55.6178642Z #14 2.056  ca-certificates            noarch  2024.2.69_v8.0.303-91.4.el9_4 ubi-9-baseos-rpms     1.0 M
Test remote (slow)	UNKNOWN STEP	2025-10-27T18:39:55.6179500Z #14 2.056  copy-jdk-configs           noarch  4.0-3.el9                     ubi-9-appstream-rpms   29 k
Test remote (slow)	UNKNOWN STEP	2025-10-27T18:39:55.6180579Z #14 2.056  crypto-policies            noarch  20250128-1.git5269e22.el9     ubi-9-baseos-rpms      90 k
Test remote (slow)	UNKNOWN STEP	2025-10-27T18:39:55.6181161Z #14 2.056  crypto-policies-scripts    noarch  20250128-1.git5269e22.el9     ubi-9-baseos-rpms     101 k
Test remote (slow)	UNKNOWN STEP	2025-10-27T18:39:55.6181659Z #14 2.056  cups-libs                  x86_64  1:2.3.3op2-33.el9_6.1         ubi-9-baseos-rpms     260 k
Test remote (slow)	UNKNOWN STEP	2025-10-27T18:39:55.6182077Z #14 2.056  dbus-libs                  x86_64  1:1.12.20-8.el9               ubi-9-baseos-rpms     154 k
Test remote (slow)	UNKNOWN STEP	2025-10-27T18:39:55.6182478Z #14 2.056  expat                      x86_64  2.5.0-5.el9_6                 ubi-9-baseos-rpms     119 k
Test remote (slow)	UNKNOWN STEP	2025-10-27T18:39:55.6182884Z #14 2.056  filesystem                 x86_64  3.16-5.el9                    ubi-9-baseos-rpms     4.8 M
Test remote (slow)	UNKNOWN STEP	2025-10-27T18:39:55.6183531Z #14 2.056  gawk                       x86_64  5.1.0-6.el9                   ubi-9-baseos-rpms     1.0 M
Test remote (slow)	UNKNOWN STEP	2025-10-27T18:39:55.6183919Z #14 2.056  gdbm-libs                  x86_64  1:1.23-1.el9                  ubi-9-baseos-rpms      59 k
Test remote (slow)	UNKNOWN STEP	2025-10-27T18:39:55.6184321Z #14 2.056  glibc                      x86_64  2.34-168.el9_6.23             ubi-9-baseos-rpms     2.0 M
Test remote (slow)	UNKNOWN STEP	2025-10-27T18:39:55.6185071Z #14 2.056  glibc-common               x86_64  2.34-168.el9_6.23             ubi-9-baseos-rpms     303 k
Test remote (slow)	UNKNOWN STEP	2025-10-27T18:39:55.6186101Z #14 2.056  gmp                        x86_64  1:6.2.0-13.el9                ubi-9-baseos-rpms     319 k
Test remote (slow)	UNKNOWN STEP	2025-10-27T18:39:55.6186543Z #14 2.056  gnutls                     x86_64  3.8.3-6.el9_6.2               ubi-9-baseos-rpms     1.1 M
Test remote (slow)	UNKNOWN STEP	2025-10-27T18:39:55.6186959Z #14 2.056  grep                       x86_64  3.6-5.el9                     ubi-9-baseos-rpms     273 k
Test remote (slow)	UNKNOWN STEP	2025-10-27T18:39:55.6187423Z #14 2.056  javapackages-filesystem    noarch  6.4.0-1.el9                   ubi-9-appstream-rpms   17 k
Test remote (slow)	UNKNOWN STEP	2025-10-27T18:39:55.6188056Z #14 2.056  keyutils-libs              x86_64  1.6.3-1.el9                   ubi-9-baseos-rpms      34 k
Test remote (slow)	UNKNOWN STEP	2025-10-27T18:39:55.6188472Z #14 2.056  krb5-libs                  x86_64  1.21.1-8.el9_6                ubi-9-baseos-rpms     766 k
Test remote (slow)	UNKNOWN STEP	2025-10-27T18:39:55.6188869Z #14 2.056  libacl                     x86_64  2.3.1-4.el9                   ubi-9-baseos-rpms      24 k
Test remote (slow)	UNKNOWN STEP	2025-10-27T18:39:55.6189343Z #14 2.056  libattr                    x86_64  2.5.1-3.el9                   ubi-9-baseos-rpms      20 k
Test remote (slow)	UNKNOWN STEP	2025-10-27T18:39:55.6190111Z #14 2.056  libcap                     x86_64  2.48-9.el9_2                  ubi-9-baseos-rpms      74 k
Test remote (slow)	UNKNOWN STEP	2025-10-27T18:39:55.6190881Z #14 2.056  libcom_err                 x86_64  1.46.5-7.el9                  ubi-9-baseos-rpms      28 k
Test remote (slow)	UNKNOWN STEP	2025-10-27T18:39:55.6191687Z #14 2.056  libevent                   x86_64  2.1.12-8.el9_4                ubi-9-baseos-rpms     266 k
Test remote (slow)	UNKNOWN STEP	2025-10-27T18:39:55.6192490Z #14 2.056  libffi                     x86_64  3.4.2-8.el9                   ubi-9-baseos-rpms      40 k
Test remote (slow)	UNKNOWN STEP	2025-10-27T18:39:55.6193250Z #14 2.056  libgcc                     x86_64  11.5.0-5.el9_5                ubi-9-baseos-rpms      88 k
Test remote (slow)	UNKNOWN STEP	2025-10-27T18:39:55.6194023Z #14 2.056  libgcrypt                  x86_64  1.10.0-11.el9                 ubi-9-baseos-rpms     510 k
Test remote (slow)	UNKNOWN STEP	2025-10-27T18:39:55.6194845Z #14 2.056  libgpg-error               x86_64  1.42-5.el9                    ubi-9-baseos-rpms     220 k
Test remote (slow)	UNKNOWN STEP	2025-10-27T18:39:55.6195640Z #14 2.056  libidn2                    x86_64  2.3.0-7.el9                   ubi-9-baseos-rpms     105 k
Test remote (slow)	UNKNOWN STEP	2025-10-27T18:39:55.6196431Z #14 2.056  libselinux                 x86_64  3.6-3.el9                     ubi-9-baseos-rpms      88 k
Test remote (slow)	UNKNOWN STEP	2025-10-27T18:39:55.6197274Z #14 2.056  libsepol                   x86_64  3.6-2.el9                     ubi-9-baseos-rpms     331 k
Test remote (slow)	UNKNOWN STEP	2025-10-27T18:39:55.6198041Z #14 2.056  libsigsegv                 x86_64  2.13-4.el9                    ubi-9-baseos-rpms      30 k
Test remote (slow)	UNKNOWN STEP	2025-10-27T18:39:55.6198814Z #14 2.056  libtasn1                   x86_64  4.16.0-9.el9                  ubi-9-baseos-rpms      77 k
Test remote (slow)	UNKNOWN STEP	2025-10-27T18:39:55.6199863Z #14 2.056  libunistring               x86_64  0.9.10-15.el9                 ubi-9-baseos-rpms     499 k
Test remote (slow)	UNKNOWN STEP	2025-10-27T18:39:55.6200652Z #14 2.056  libuuid                    x86_64  2.37.4-21.el9                 ubi-9-baseos-rpms      30 k
Test remote (slow)	UNKNOWN STEP	2025-10-27T18:39:55.6201406Z #14 2.056  libverto                   x86_64  0.3.2-3.el9                   ubi-9-baseos-rpms      24 k
Test remote (slow)	UNKNOWN STEP	2025-10-27T18:39:55.6202186Z #14 2.056  libxcrypt                  x86_64  4.4.18-3.el9                  ubi-9-baseos-rpms     120 k
Test remote (slow)	UNKNOWN STEP	2025-10-27T18:39:55.6202942Z #14 2.056  libzstd                    x86_64  1.5.5-1.el9                   ubi-9-baseos-rpms     297 k
Test remote (slow)	UNKNOWN STEP	2025-10-27T18:39:55.6203722Z #14 2.056  lksctp-tools               x86_64  1.0.19-3.el9_4                ubi-9-baseos-rpms     104 k
Test remote (slow)	UNKNOWN STEP	2025-10-27T18:39:55.6204741Z #14 2.056  lua                        x86_64  5.4.4-4.el9                   ubi-9-appstream-rpms  192 k
Test remote (slow)	UNKNOWN STEP	2025-10-27T18:39:55.6205485Z #14 2.056  lua-libs                   x86_64  5.4.4-4.el9                   ubi-9-baseos-rpms     132 k
Test remote (slow)	UNKNOWN STEP	2025-10-27T18:39:55.6206244Z #14 2.056  lua-posix                  x86_64  35.0-8.el9                    ubi-9-appstream-rpms  155 k
Test remote (slow)	UNKNOWN STEP	2025-10-27T18:39:55.6206992Z #14 2.056  lz4-libs                   x86_64  1.9.3-5.el9                   ubi-9-baseos-rpms      69 k
Test remote (slow)	UNKNOWN STEP	2025-10-27T18:39:55.6207716Z #14 2.056  mpfr                       x86_64  4.1.0-7.el9                   ubi-9-baseos-rpms     329 k
Test remote (slow)	UNKNOWN STEP	2025-10-27T18:39:55.6208694Z #14 2.056  ncurses-base               noarch  6.2-10.20210508.el9_6.2       ubi-9-baseos-rpms      96 k
Test remote (slow)	UNKNOWN STEP	2025-10-27T18:39:55.6209552Z #14 2.056  ncurses-libs               x86_64  6.2-10.20210508.el9_6.2       ubi-9-baseos-rpms     329 k
Test remote (slow)	UNKNOWN STEP	2025-10-27T18:39:55.6210507Z #14 2.056  nettle                     x86_64  3.10.1-1.el9                  ubi-9-baseos-rpms     568 k
Test remote (slow)	UNKNOWN STEP	2025-10-27T18:39:55.6211250Z #14 2.056  nspr                       x86_64  4.36.0-4.el9_4                ubi-9-appstream-rpms  133 k
Test remote (slow)	UNKNOWN STEP	2025-10-27T18:39:55.6211965Z #14 2.056  nss                        x86_64  3.112.0-4.el9_4               ubi-9-appstream-rpms  723 k
Test remote (slow)	UNKNOWN STEP	2025-10-27T18:39:55.6212843Z #14 2.056  nss-softokn                x86_64  3.112.0-4.el9_4               ubi-9-appstream-rpms  400 k
Test remote (slow)	UNKNOWN STEP	2025-10-27T18:39:55.6213728Z #14 2.056  nss-softokn-freebl         x86_64  3.112.0-4.el9_4               ubi-9-appstream-rpms  413 k
Test remote (slow)	UNKNOWN STEP	2025-10-27T18:39:55.6214585Z #14 2.056  nss-sysinit                x86_64  3.112.0-4.el9_4               ubi-9-appstream-rpms   18 k
Test remote (slow)	UNKNOWN STEP	2025-10-27T18:39:55.6215377Z #14 2.056  nss-util                   x86_64  3.112.0-4.el9_4               ubi-9-appstream-rpms   89 k
Test remote (slow)	UNKNOWN STEP	2025-10-27T18:39:55.6216222Z #14 2.056  openssl-fips-provider      x86_64  3.0.7-6.el9_5                 ubi-9-baseos-rpms     9.4 k
Test remote (slow)	UNKNOWN STEP	2025-10-27T18:39:55.6217147Z #14 2.056  openssl-fips-provider-so   x86_64  3.0.7-6.el9_5                 ubi-9-baseos-rpms     577 k
Test remote (slow)	UNKNOWN STEP	2025-10-27T18:39:55.6218025Z #14 2.056  openssl-libs               x86_64  1:3.2.2-6.el9_5.1             ubi-9-baseos-rpms     2.1 M
Test remote (slow)	UNKNOWN STEP	2025-10-27T18:39:55.6218811Z #14 2.056  p11-kit                    x86_64  0.25.3-3.el9_5                ubi-9-baseos-rpms     536 k
Test remote (slow)	UNKNOWN STEP	2025-10-27T18:39:55.6219577Z #14 2.056  p11-kit-trust              x86_64  0.25.3-3.el9_5                ubi-9-baseos-rpms     144 k
Test remote (slow)	UNKNOWN STEP	2025-10-27T18:39:55.6220569Z #14 2.056  pcre                       x86_64  8.44-4.el9                    ubi-9-baseos-rpms     200 k
Test remote (slow)	UNKNOWN STEP	2025-10-27T18:39:55.6221296Z #14 2.056  pcre2                      x86_64  10.40-6.el9                   ubi-9-baseos-rpms     236 k
Test remote (slow)	UNKNOWN STEP	2025-10-27T18:39:55.6222066Z #14 2.056  pcre2-syntax               noarch  10.40-6.el9                   ubi-9-baseos-rpms     144 k
Test remote (slow)	UNKNOWN STEP	2025-10-27T18:39:55.6222849Z #14 2.056  python3                    x86_64  3.9.21-2.el9_6.2              ubi-9-baseos-rpms      26 k
Test remote (slow)	UNKNOWN STEP	2025-10-27T18:39:55.6223630Z #14 2.056  python3-libs               x86_64  3.9.21-2.el9_6.2              ubi-9-baseos-rpms     8.1 M
Test remote (slow)	UNKNOWN STEP	2025-10-27T18:39:55.6224472Z #14 2.056  python3-pip-wheel          noarch  21.3.1-1.el9                  ubi-9-baseos-rpms     1.1 M
Test remote (slow)	UNKNOWN STEP	2025-10-27T18:39:55.6225571Z #14 2.056  python3-setuptools-wheel   noarch  53.0.0-13.el9_6.1             ubi-9-baseos-rpms     468 k
Test remote (slow)	UNKNOWN STEP	2025-10-27T18:39:55.6226443Z #14 2.056  readline                   x86_64  8.1-4.el9                     ubi-9-baseos-rpms     215 k
Test remote (slow)	UNKNOWN STEP	2025-10-27T18:39:55.6227217Z #14 2.056  redhat-release             x86_64  9.6-0.1.el9                   ubi-9-baseos-rpms      44 k
Test remote (slow)	UNKNOWN STEP	2025-10-27T18:39:55.6227972Z #14 2.056  sed                        x86_64  4.8-9.el9                     ubi-9-baseos-rpms     309 k
Test remote (slow)	UNKNOWN STEP	2025-10-27T18:39:55.6228689Z #14 2.056  setup                      noarch  2.13.7-10.el9                 ubi-9-baseos-rpms     150 k
Test remote (slow)	UNKNOWN STEP	2025-10-27T18:39:55.6229482Z #14 2.056  sqlite-libs                x86_64  3.34.1-8.el9_6                ubi-9-baseos-rpms     618 k
Test remote (slow)	UNKNOWN STEP	2025-10-27T18:39:55.6230726Z #14 2.056  systemd-libs               x86_64  252-51.el9_6.2                ubi-9-baseos-rpms     672 k
Test remote (slow)	UNKNOWN STEP	2025-10-27T18:39:55.6231543Z #14 2.056  tzdata                     noarch  2025b-1.el9                   ubi-9-baseos-rpms     842 k
Test remote (slow)	UNKNOWN STEP	2025-10-27T18:39:55.6232358Z #14 2.056  tzdata-java                noarch  2025b-1.el9                   ubi-9-appstream-rpms  228 k
Test remote (slow)	UNKNOWN STEP	2025-10-27T18:39:55.6233147Z #14 2.056  xz-libs                    x86_64  5.2.5-8.el9_0                 ubi-9-baseos-rpms      94 k
Test remote (slow)	UNKNOWN STEP	2025-10-27T18:39:55.6233853Z #14 2.056  zlib                       x86_64  1.2.11-40.el9                 ubi-9-baseos-rpms      93 k
Test remote (slow)	UNKNOWN STEP	2025-10-27T18:39:55.6234414Z #14 2.056 
Test remote (slow)	UNKNOWN STEP	2025-10-27T18:39:55.6234903Z #14 2.056 Transaction Summary
Test remote (slow)	UNKNOWN STEP	2025-10-27T18:39:55.6235357Z #14 2.056 =============================================================================================
Test remote (slow)	UNKNOWN STEP	2025-10-27T18:39:55.6235851Z #14 2.056 Install  84 Packages
Test remote (slow)	UNKNOWN STEP	2025-10-27T18:39:55.6236218Z #14 2.056 
Test remote (slow)	UNKNOWN STEP	2025-10-27T18:39:55.6236522Z #14 2.059 Total download size: 89 M
Test remote (slow)	UNKNOWN STEP	2025-10-27T18:39:55.6236932Z #14 2.059 Installed size: 320 M
Test remote (slow)	UNKNOWN STEP	2025-10-27T18:39:55.6237312Z #14 2.060 Downloading Packages:
Test remote (slow)	UNKNOWN STEP	2025-10-27T18:39:55.6237895Z #14 2.117 (1/84): basesystem-11-13.el9.noarch.rpm         157 kB/s | 8.0 kB     00:00    
Test remote (slow)	UNKNOWN STEP	2025-10-27T18:39:55.6238713Z #14 2.119 (2/84): alternatives-1.24-2.el9.x86_64.rpm      783 kB/s |  42 kB     00:00    
Test remote (slow)	UNKNOWN STEP	2025-10-27T18:39:55.6239511Z #14 2.130 (3/84): avahi-libs-0.8-22.el9_6.1.x86_64.rpm    1.0 MB/s |  67 kB     00:00    
Test remote (slow)	UNKNOWN STEP	2025-10-27T18:39:55.6240470Z #14 2.138 (4/84): bzip2-libs-1.0.8-10.el9_5.x86_64.rpm    2.3 MB/s |  42 kB     00:00    
Test remote (slow)	UNKNOWN STEP	2025-10-27T18:39:55.6241261Z #14 2.182 (5/84): ca-certificates-2024.2.69_v8.0.303-91.4  19 MB/s | 1.0 MB     00:00    
Test remote (slow)	UNKNOWN STEP	2025-10-27T18:39:55.7210675Z #14 2.185 (6/84): coreutils-single-8.32-39.el9.x86_64.rpm  13 MB/s | 625 kB     00:00    
Test remote (slow)	UNKNOWN STEP	2025-10-27T18:39:55.7211514Z #14 2.194 (7/84): bash-5.1.8-9.el9.x86_64.rpm              22 MB/s | 1.7 MB     00:00    
Test remote (slow)	UNKNOWN STEP	2025-10-27T18:39:55.7212326Z #14 2.197 (8/84): crypto-policies-20250128-1.git5269e22.e 6.4 MB/s |  90 kB     00:00    
Test remote (slow)	UNKNOWN STEP	2025-10-27T18:39:55.7212907Z #14 2.198 (9/84): crypto-policies-scripts-20250128-1.git5 7.9 MB/s | 101 kB     00:00    
Test remote (slow)	UNKNOWN STEP	2025-10-27T18:39:55.7213553Z #14 2.207 (10/84): cups-libs-2.3.3op2-33.el9_6.1.x86_64.r  20 MB/s | 260 kB     00:00    
Test remote (slow)	UNKNOWN STEP	2025-10-27T18:39:55.7214027Z #14 2.210 (11/84): expat-2.5.0-5.el9_6.x86_64.rpm          10 MB/s | 119 kB     00:00    
Test remote (slow)	UNKNOWN STEP	2025-10-27T18:39:55.7214465Z #14 2.211 (12/84): dbus-libs-1.12.20-8.el9.x86_64.rpm      10 MB/s | 154 kB     00:00    
Test remote (slow)	UNKNOWN STEP	2025-10-27T18:39:55.7214913Z #14 2.236 (13/84): findutils-4.8.0-7.el9.x86_64.rpm        21 MB/s | 550 kB     00:00    
Test remote (slow)	UNKNOWN STEP	2025-10-27T18:39:55.7215376Z #14 2.248 (14/84): gdbm-libs-1.23-1.el9.x86_64.rpm        5.1 MB/s |  59 kB     00:00    
Test remote (slow)	UNKNOWN STEP	2025-10-27T18:39:55.7215805Z #14 2.251 (15/84): gawk-5.1.0-6.el9.x86_64.rpm             25 MB/s | 1.0 MB     00:00    
Test remote (slow)	UNKNOWN STEP	2025-10-27T18:39:55.7216234Z #14 2.267 (16/84): glibc-common-2.34-168.el9_6.23.x86_64.  19 MB/s | 303 kB     00:00    
Test remote (slow)	UNKNOWN STEP	2025-10-27T18:39:55.7216692Z #14 2.280 (17/84): filesystem-3.16-5.el9.x86_64.rpm        67 MB/s | 4.8 MB     00:00    
Test remote (slow)	UNKNOWN STEP	2025-10-27T18:39:55.7217151Z #14 2.287 (18/84): glibc-langpack-en-2.34-168.el9_6.23.x8  34 MB/s | 656 kB     00:00    
Test remote (slow)	UNKNOWN STEP	2025-10-27T18:39:55.8246087Z #14 2.293 (19/84): glibc-2.34-168.el9_6.23.x86_64.rpm      43 MB/s | 2.0 MB     00:00    
Test remote (slow)	UNKNOWN STEP	2025-10-27T18:39:55.8246922Z #14 2.297 (20/84): gmp-6.2.0-13.el9.x86_64.rpm             20 MB/s | 319 kB     00:00    
Test remote (slow)	UNKNOWN STEP	2025-10-27T18:39:55.8247601Z #14 2.306 (21/84): gnutls-3.8.3-6.el9_6.2.x86_64.rpm       57 MB/s | 1.1 MB     00:00    
Test remote (slow)	UNKNOWN STEP	2025-10-27T18:39:55.8248056Z #14 2.309 (22/84): grep-3.6-5.el9.x86_64.rpm               18 MB/s | 273 kB     00:00    
Test remote (slow)	UNKNOWN STEP	2025-10-27T18:39:55.8248471Z #14 2.310 (23/84): keyutils-libs-1.6.3-1.el9.x86_64.rpm   2.5 MB/s |  34 kB     00:00    
Test remote (slow)	UNKNOWN STEP	2025-10-27T18:39:55.8248871Z #14 2.323 (24/84): libacl-2.3.1-4.el9.x86_64.rpm          1.7 MB/s |  24 kB     00:00    
Test remote (slow)	UNKNOWN STEP	2025-10-27T18:39:55.8249264Z #14 2.324 (25/84): libattr-2.5.1-3.el9.x86_64.rpm         1.4 MB/s |  20 kB     00:00    
Test remote (slow)	UNKNOWN STEP	2025-10-27T18:39:55.8250174Z #14 2.329 (26/84): krb5-libs-1.21.1-8.el9_6.x86_64.rpm     33 MB/s | 766 kB     00:00    
Test remote (slow)	UNKNOWN STEP	2025-10-27T18:39:55.8250587Z #14 2.334 (27/84): libcap-2.48-9.el9_2.x86_64.rpm         6.8 MB/s |  74 kB     00:00    
Test remote (slow)	UNKNOWN STEP	2025-10-27T18:39:55.8250981Z #14 2.335 (28/84): libcom_err-1.46.5-7.el9.x86_64.rpm     2.5 MB/s |  28 kB     00:00    
Test remote (slow)	UNKNOWN STEP	2025-10-27T18:39:55.8251383Z #14 2.342 (29/84): libevent-2.1.12-8.el9_4.x86_64.rpm      20 MB/s | 266 kB     00:00    
Test remote (slow)	UNKNOWN STEP	2025-10-27T18:39:55.8251781Z #14 2.345 (30/84): libffi-3.4.2-8.el9.x86_64.rpm          3.8 MB/s |  40 kB     00:00    
Test remote (slow)	UNKNOWN STEP	2025-10-27T18:39:55.8252316Z #14 2.347 (31/84): libgcc-11.5.0-5.el9_5.x86_64.rpm       7.6 MB/s |  88 kB     00:00    
Test remote (slow)	UNKNOWN STEP	2025-10-27T18:39:55.8252729Z #14 2.361 (32/84): libgpg-error-1.42-5.el9.x86_64.rpm      13 MB/s | 220 kB     00:00    
Test remote (slow)	UNKNOWN STEP	2025-10-27T18:39:55.8253142Z #14 2.364 (33/84): libgcrypt-1.10.0-11.el9.x86_64.rpm      24 MB/s | 510 kB     00:00    
Test remote (slow)	UNKNOWN STEP	2025-10-27T18:39:55.8253549Z #14 2.365 (34/84): libidn2-2.3.0-7.el9.x86_64.rpm         5.6 MB/s | 105 kB     00:00    
Test remote (slow)	UNKNOWN STEP	2025-10-27T18:39:55.8253946Z #14 2.373 (35/84): libselinux-3.6-3.el9.x86_64.rpm        7.9 MB/s |  88 kB     00:00    
Test remote (slow)	UNKNOWN STEP	2025-10-27T18:39:55.8254391Z #14 2.377 (36/84): libsigsegv-2.13-4.el9.x86_64.rpm       2.7 MB/s |  30 kB     00:00    
Test remote (slow)	UNKNOWN STEP	2025-10-27T18:39:55.8254799Z #14 2.379 (37/84): libsepol-3.6-2.el9.x86_64.rpm           22 MB/s | 331 kB     00:00    
Test remote (slow)	UNKNOWN STEP	2025-10-27T18:39:55.8255328Z #14 2.384 (38/84): libtasn1-4.16.0-9.el9.x86_64.rpm       7.1 MB/s |  77 kB     00:00    
Test remote (slow)	UNKNOWN STEP	2025-10-27T18:39:55.8255773Z #14 2.390 (39/84): libuuid-2.37.4-21.el9.x86_64.rpm       2.5 MB/s |  30 kB     00:00    
Test remote (slow)	UNKNOWN STEP	2025-10-27T18:39:55.9357716Z #14 2.393 (40/84): libunistring-0.9.10-15.el9.x86_64.rpm   31 MB/s | 499 kB     00:00    
Test remote (slow)	UNKNOWN STEP	2025-10-27T18:39:55.9358417Z #14 2.394 (41/84): libverto-0.3.2-3.el9.x86_64.rpm        2.3 MB/s |  24 kB     00:00    
Test remote (slow)	UNKNOWN STEP	2025-10-27T18:39:55.9358964Z #14 2.404 (42/84): libxcrypt-4.4.18-3.el9.x86_64.rpm      8.7 MB/s | 120 kB     00:00    
Test remote (slow)	UNKNOWN STEP	2025-10-27T18:39:55.9359442Z #14 2.407 (43/84): lksctp-tools-1.0.19-3.el9_4.x86_64.rpm 8.0 MB/s | 104 kB     00:00    
Test remote (slow)	UNKNOWN STEP	2025-10-27T18:39:55.9360408Z #14 2.409 (44/84): libzstd-1.5.5-1.el9.x86_64.rpm          18 MB/s | 297 kB     00:00    
Test remote (slow)	UNKNOWN STEP	2025-10-27T18:39:55.9361383Z #14 2.417 (45/84): lua-libs-5.4.4-4.el9.x86_64.rpm         10 MB/s | 132 kB     00:00    
Test remote (slow)	UNKNOWN STEP	2025-10-27T18:39:55.9361815Z #14 2.419 (46/84): lz4-libs-1.9.3-5.el9.x86_64.rpm        6.0 MB/s |  69 kB     00:00    
Test remote (slow)	UNKNOWN STEP	2025-10-27T18:39:55.9362239Z #14 2.423 (47/84): mpfr-4.1.0-7.el9.x86_64.rpm             25 MB/s | 329 kB     00:00    
Test remote (slow)	UNKNOWN STEP	2025-10-27T18:39:55.9363143Z #14 2.430 (48/84): ncurses-base-6.2-10.20210508.el9_6.2.n 7.9 MB/s |  96 kB     00:00    
Test remote (slow)	UNKNOWN STEP	2025-10-27T18:39:55.9363606Z #14 2.432 (49/84): ncurses-libs-6.2-10.20210508.el9_6.2.x  24 MB/s | 329 kB     00:00    
Test remote (slow)	UNKNOWN STEP	2025-10-27T18:39:55.9364042Z #14 2.437 (50/84): nettle-3.10.1-1.el9.x86_64.rpm          39 MB/s | 568 kB     00:00    
Test remote (slow)	UNKNOWN STEP	2025-10-27T18:39:55.9365243Z #14 2.441 (51/84): openssl-fips-provider-3.0.7-6.el9_5.x8 803 kB/s | 9.4 kB     00:00    
Test remote (slow)	UNKNOWN STEP	2025-10-27T18:39:55.9365764Z #14 2.447 (52/84): openssl-fips-provider-so-3.0.7-6.el9_5  40 MB/s | 577 kB     00:00    
Test remote (slow)	UNKNOWN STEP	2025-10-27T18:39:55.9366226Z #14 2.458 (53/84): p11-kit-0.25.3-3.el9_5.x86_64.rpm       31 MB/s | 536 kB     00:00    
Test remote (slow)	UNKNOWN STEP	2025-10-27T18:39:55.9366826Z #14 2.461 (54/84): p11-kit-trust-0.25.3-3.el9_5.x86_64.rp  10 MB/s | 144 kB     00:00    
Test remote (slow)	UNKNOWN STEP	2025-10-27T18:39:55.9367275Z #14 2.466 (55/84): openssl-libs-3.2.2-6.el9_5.1.x86_64.rp  73 MB/s | 2.1 MB     00:00    
Test remote (slow)	UNKNOWN STEP	2025-10-27T18:39:55.9368615Z #14 2.472 (56/84): pcre-8.44-4.el9.x86_64.rpm              15 MB/s | 200 kB     00:00    
Test remote (slow)	UNKNOWN STEP	2025-10-27T18:39:55.9369041Z #14 2.474 (57/84): pcre2-10.40-6.el9.x86_64.rpm            18 MB/s | 236 kB     00:00    
Test remote (slow)	UNKNOWN STEP	2025-10-27T18:39:55.9369481Z #14 2.479 (58/84): pcre2-syntax-10.40-6.el9.noarch.rpm     12 MB/s | 144 kB     00:00    
Test remote (slow)	UNKNOWN STEP	2025-10-27T18:39:55.9370065Z #14 2.483 (59/84): python3-3.9.21-2.el9_6.2.x86_64.rpm    2.2 MB/s |  26 kB     00:00    
Test remote (slow)	UNKNOWN STEP	2025-10-27T18:39:55.9372035Z #14 2.501 (60/84): python3-setuptools-wheel-53.0.0-13.el9  26 MB/s | 468 kB     00:00    
Test remote (slow)	UNKNOWN STEP	2025-10-27T18:39:56.0367244Z #14 2.507 (61/84): python3-pip-wheel-21.3.1-1.el9.noarch.  41 MB/s | 1.1 MB     00:00    
Test remote (slow)	UNKNOWN STEP	2025-10-27T18:39:56.0367877Z #14 2.515 (62/84): readline-8.1-4.el9.x86_64.rpm           16 MB/s | 215 kB     00:00    
Test remote (slow)	UNKNOWN STEP	2025-10-27T18:39:56.0368378Z #14 2.518 (63/84): redhat-release-9.6-0.1.el9.x86_64.rpm  3.9 MB/s |  44 kB     00:00    
Test remote (slow)	UNKNOWN STEP	2025-10-27T18:39:56.0368956Z #14 2.529 (64/84): sed-4.8-9.el9.x86_64.rpm                22 MB/s | 309 kB     00:00    
Test remote (slow)	UNKNOWN STEP	2025-10-27T18:39:56.0370038Z #14 2.548 (65/84): python3-libs-3.9.21-2.el9_6.2.x86_64.r 110 MB/s | 8.1 MB     00:00    
Test remote (slow)	UNKNOWN STEP	2025-10-27T18:39:56.0370587Z #14 2.550 (66/84): setup-2.13.7-10.el9.noarch.rpm         4.6 MB/s | 150 kB     00:00    
Test remote (slow)	UNKNOWN STEP	2025-10-27T18:39:56.0371079Z #14 2.554 (67/84): sqlite-libs-3.34.1-8.el9_6.x86_64.rpm   25 MB/s | 618 kB     00:00    
Test remote (slow)	UNKNOWN STEP	2025-10-27T18:39:56.0371585Z #14 2.564 (68/84): systemd-libs-252-51.el9_6.2.x86_64.rpm  43 MB/s | 672 kB     00:00    
Test remote (slow)	UNKNOWN STEP	2025-10-27T18:39:56.0372081Z #14 2.566 (69/84): xz-libs-5.2.5-8.el9_0.x86_64.rpm       7.8 MB/s |  94 kB     00:00    
Test remote (slow)	UNKNOWN STEP	2025-10-27T18:39:56.0372548Z #14 2.571 (70/84): tzdata-2025b-1.el9.noarch.rpm           39 MB/s | 842 kB     00:00    
Test remote (slow)	UNKNOWN STEP	2025-10-27T18:39:56.0373017Z #14 2.575 (71/84): zlib-1.2.11-40.el9.x86_64.rpm          8.3 MB/s |  93 kB     00:00    
Test remote (slow)	UNKNOWN STEP	2025-10-27T18:39:56.0373494Z #14 2.578 (72/84): copy-jdk-configs-4.0-3.el9.noarch.rpm  2.5 MB/s |  29 kB     00:00    
Test remote (slow)	UNKNOWN STEP	2025-10-27T18:39:56.0373970Z #14 2.584 (73/84): lua-5.4.4-4.el9.x86_64.rpm              15 MB/s | 192 kB     00:00    
Test remote (slow)	UNKNOWN STEP	2025-10-27T18:39:56.0374450Z #14 2.588 (74/84): lua-posix-35.0-8.el9.x86_64.rpm         12 MB/s | 155 kB     00:00    
Test remote (slow)	UNKNOWN STEP	2025-10-27T18:39:56.0374926Z #14 2.594 (75/84): alsa-lib-1.2.13-2.el9.x86_64.rpm        33 MB/s | 530 kB     00:00    
Test remote (slow)	UNKNOWN STEP	2025-10-27T18:39:56.0375430Z #14 2.602 (76/84): javapackages-filesystem-6.4.0-1.el9.no 1.1 MB/s |  17 kB     00:00    
Test remote (slow)	UNKNOWN STEP	2025-10-27T18:39:56.2434296Z #14 2.607 (77/84): nspr-4.36.0-4.el9_4.x86_64.rpm          11 MB/s | 133 kB     00:00    
Test remote (slow)	UNKNOWN STEP	2025-10-27T18:39:56.2435134Z #14 2.622 (78/84): nss-3.112.0-4.el9_4.x86_64.rpm          38 MB/s | 723 kB     00:00    
Test remote (slow)	UNKNOWN STEP	2025-10-27T18:39:56.2436019Z #14 2.631 (79/84): nss-softokn-3.112.0-4.el9_4.x86_64.rpm  17 MB/s | 400 kB     00:00    
Test remote (slow)	UNKNOWN STEP	2025-10-27T18:39:56.2436841Z #14 2.639 (80/84): nss-softokn-freebl-3.112.0-4.el9_4.x86  25 MB/s | 413 kB     00:00    
Test remote (slow)	UNKNOWN STEP	2025-10-27T18:39:56.2438117Z #14 2.643 (81/84): nss-sysinit-3.112.0-4.el9_4.x86_64.rpm 1.5 MB/s |  18 kB     00:00    
Test remote (slow)	UNKNOWN STEP	2025-10-27T18:39:56.2439224Z #14 2.651 (82/84): nss-util-3.112.0-4.el9_4.x86_64.rpm    7.2 MB/s |  89 kB     00:00    
Test remote (slow)	UNKNOWN STEP	2025-10-27T18:39:56.2440370Z #14 2.658 (83/84): tzdata-java-2025b-1.el9.noarch.rpm      15 MB/s | 228 kB     00:00    
Test remote (slow)	UNKNOWN STEP	2025-10-27T18:39:56.3775371Z #14 2.943 (84/84): java-21-openjdk-headless-21.0.9.0.10-1 137 MB/s |  49 MB     00:00    
Test remote (slow)	UNKNOWN STEP	2025-10-27T18:39:56.6140341Z #14 2.947 --------------------------------------------------------------------------------
Test remote (slow)	UNKNOWN STEP	2025-10-27T18:39:56.6140931Z #14 2.947 Total                                           100 MB/s |  89 MB     00:00     
Test remote (slow)	UNKNOWN STEP	2025-10-27T18:39:56.6141361Z #14 2.959 Red Hat Universal Base Image 9 (RPMs) - BaseOS  3.5 MB/s | 3.6 kB     00:00    
Test remote (slow)	UNKNOWN STEP	2025-10-27T18:39:56.6141739Z #14 3.025 Importing GPG key 0xFD431D51:
Test remote (slow)	UNKNOWN STEP	2025-10-27T18:39:56.6142198Z #14 3.025  Userid     : "Red Hat, Inc. (release key 2) <security@redhat.com>"
Test remote (slow)	UNKNOWN STEP	2025-10-27T18:39:56.6142838Z #14 3.025  Fingerprint: 567E 347A D004 4ADE 55BA 8A5F 199E 2F91 FD43 1D51
Test remote (slow)	UNKNOWN STEP	2025-10-27T18:39:56.6143266Z #14 3.025  From       : /etc/pki/rpm-gpg/RPM-GPG-KEY-redhat-release
Test remote (slow)	UNKNOWN STEP	2025-10-27T18:39:56.6143590Z #14 3.028 Key imported successfully
Test remote (slow)	UNKNOWN STEP	2025-10-27T18:39:56.6143828Z #14 3.028 Importing GPG key 0x5A6340B3:
Test remote (slow)	UNKNOWN STEP	2025-10-27T18:39:56.6144139Z #14 3.028  Userid     : "Red Hat, Inc. (auxiliary key 3) <security@redhat.com>"
Test remote (slow)	UNKNOWN STEP	2025-10-27T18:39:56.6144526Z #14 3.028  Fingerprint: 7E46 2425 8C40 6535 D56D 6F13 5054 E4A4 5A63 40B3
Test remote (slow)	UNKNOWN STEP	2025-10-27T18:39:56.6145223Z #14 3.028  From       : /etc/pki/rpm-gpg/RPM-GPG-KEY-redhat-release
Test remote (slow)	UNKNOWN STEP	2025-10-27T18:39:56.6145511Z #14 3.029 Key imported successfully
Test remote (slow)	UNKNOWN STEP	2025-10-27T18:39:57.4757837Z #14 4.041 Running transaction check
Test remote (slow)	UNKNOWN STEP	2025-10-27T18:39:57.6773495Z #14 4.093 Transaction check succeeded.
Test remote (slow)	UNKNOWN STEP	2025-10-27T18:39:57.6774453Z #14 4.093 Running transaction test
Test remote (slow)	UNKNOWN STEP	2025-10-27T18:39:58.1208366Z #14 4.686 Transaction test succeeded.
Test remote (slow)	UNKNOWN STEP	2025-10-27T18:39:58.2719984Z #14 4.687 Running transaction
Test remote (slow)	UNKNOWN STEP	2025-10-27T18:39:58.7443631Z #14 5.157   Running scriptlet: filesystem-3.16-5.el9.x86_64                           1/1 
Test remote (slow)	UNKNOWN STEP	2025-10-27T18:39:58.7444540Z #14 5.158   Running scriptlet: copy-jdk-configs-4.0-3.el9.noarch                      1/1 
Test remote (slow)	UNKNOWN STEP	2025-10-27T18:39:58.8702037Z #14 5.160   Running scriptlet: java-21-openjdk-headless-1:21.0.9.0.10-1.el9.x86_64    1/1 
Test remote (slow)	UNKNOWN STEP	2025-10-27T18:39:59.0296829Z #14 5.436   Preparing        :                                                        1/1 
Test remote (slow)	UNKNOWN STEP	2025-10-27T18:39:59.0297524Z #14 5.443   Installing       : libgcc-11.5.0-5.el9_5.x86_64                          1/84 
Test remote (slow)	UNKNOWN STEP	2025-10-27T18:39:59.0685829Z #14 5.445   Running scriptlet: libgcc-11.5.0-5.el9_5.x86_64                          1/84 
Test remote (slow)	UNKNOWN STEP	2025-10-27T18:39:59.1810395Z #14 5.634   Installing       : tzdata-2025b-1.el9.noarch                             2/84 
Test remote (slow)	UNKNOWN STEP	2025-10-27T18:39:59.1811328Z #14 5.683   Installing       : tzdata-java-2025b-1.el9.noarch                        3/84 
Test remote (slow)	UNKNOWN STEP	2025-10-27T18:39:59.1812114Z #14 5.689   Installing       : javapackages-filesystem-6.4.0-1.el9.noarch            4/84 
Test remote (slow)	UNKNOWN STEP	2025-10-27T18:39:59.1812838Z #14 5.695   Installing       : redhat-release-9.6-0.1.el9.x86_64                     5/84 
Test remote (slow)	UNKNOWN STEP	2025-10-27T18:39:59.1813470Z #14 5.704   Installing       : setup-2.13.7-10.el9.noarch                            6/84 
Test remote (slow)	UNKNOWN STEP	2025-10-27T18:39:59.1814135Z #14 5.706   Running scriptlet: setup-2.13.7-10.el9.noarch                            6/84 
Test remote (slow)	UNKNOWN STEP	2025-10-27T18:39:59.3216113Z #14 5.747   Installing       : filesystem-3.16-5.el9.x86_64                          7/84 
Test remote (slow)	UNKNOWN STEP	2025-10-27T18:39:59.3217008Z #14 5.795   Installing       : basesystem-11-13.el9.noarch                           8/84 
Test remote (slow)	UNKNOWN STEP	2025-10-27T18:39:59.3217761Z #14 5.798   Installing       : python3-setuptools-wheel-53.0.0-13.el9_6.1.noarch     9/84 
Test remote (slow)	UNKNOWN STEP	2025-10-27T18:39:59.3218526Z #14 5.800   Installing       : pcre2-syntax-10.40-6.el9.noarch                      10/84 
Test remote (slow)	UNKNOWN STEP	2025-10-27T18:39:59.3219297Z #14 5.820   Installing       : ncurses-base-6.2-10.20210508.el9_6.2.noarch          11/84 
Test remote (slow)	UNKNOWN STEP	2025-10-27T18:39:59.5229908Z #14 5.887   Installing       : glibc-langpack-en-2.34-168.el9_6.23.x86_64           12/84 
Test remote (slow)	UNKNOWN STEP	2025-10-27T18:39:59.5230792Z #14 5.901   Installing       : glibc-common-2.34-168.el9_6.23.x86_64                13/84 
Test remote (slow)	UNKNOWN STEP	2025-10-27T18:39:59.5231415Z #14 5.904   Running scriptlet: glibc-2.34-168.el9_6.23.x86_64                       14/84 
Test remote (slow)	UNKNOWN STEP	2025-10-27T18:39:59.5231966Z #14 5.935   Installing       : glibc-2.34-168.el9_6.23.x86_64                       14/84 
Test remote (slow)	UNKNOWN STEP	2025-10-27T18:39:59.8715491Z #14 5.938   Running scriptlet: glibc-2.34-168.el9_6.23.x86_64                       14/84 
Test remote (slow)	UNKNOWN STEP	2025-10-27T18:39:59.9735937Z #14 6.437   Installing       : ncurses-libs-6.2-10.20210508.el9_6.2.x86_64          15/84 
Test remote (slow)	UNKNOWN STEP	2025-10-27T18:39:59.9738443Z #14 6.454   Installing       : bash-5.1.8-9.el9.x86_64                              16/84 
Test remote (slow)	UNKNOWN STEP	2025-10-27T18:39:59.9739421Z #14 6.456   Running scriptlet: bash-5.1.8-9.el9.x86_64                              16/84 
Test remote (slow)	UNKNOWN STEP	2025-10-27T18:39:59.9740596Z #14 6.472   Installing       : crypto-policies-20250128-1.git5269e22.el9.noarch     17/84 
Test remote (slow)	UNKNOWN STEP	2025-10-27T18:39:59.9741633Z #14 6.475   Running scriptlet: crypto-policies-20250128-1.git5269e22.el9.noarch     17/84 
Test remote (slow)	UNKNOWN STEP	2025-10-27T18:39:59.9742515Z #14 6.479   Installing       : nspr-4.36.0-4.el9_4.x86_64                           18/84 
Test remote (slow)	UNKNOWN STEP	2025-10-27T18:39:59.9743273Z #14 6.483   Installing       : nss-util-3.112.0-4.el9_4.x86_64                      19/84 
Test remote (slow)	UNKNOWN STEP	2025-10-27T18:39:59.9744026Z #14 6.486   Installing       : zlib-1.2.11-40.el9.x86_64                            20/84 
Test remote (slow)	UNKNOWN STEP	2025-10-27T18:39:59.9745071Z #14 6.491   Installing       : readline-8.1-4.el9.x86_64                            21/84 
Test remote (slow)	UNKNOWN STEP	2025-10-27T18:39:59.9745854Z #14 6.495   Installing       : libtasn1-4.16.0-9.el9.x86_64                         22/84 
Test remote (slow)	UNKNOWN STEP	2025-10-27T18:39:59.9746630Z #14 6.499   Installing       : libxcrypt-4.4.18-3.el9.x86_64                        23/84 
Test remote (slow)	UNKNOWN STEP	2025-10-27T18:39:59.9747297Z #14 6.506   Installing       : sqlite-libs-3.34.1-8.el9_6.x86_64                    24/84 
Test remote (slow)	UNKNOWN STEP	2025-10-27T18:39:59.9747742Z #14 6.509   Installing       : alternatives-1.24-2.el9.x86_64                       25/84 
Test remote (slow)	UNKNOWN STEP	2025-10-27T18:39:59.9748180Z #14 6.515   Installing       : gmp-1:6.2.0-13.el9.x86_64                            26/84 
Test remote (slow)	UNKNOWN STEP	2025-10-27T18:39:59.9748850Z #14 6.517   Installing       : libattr-2.5.1-3.el9.x86_64                           27/84 
Test remote (slow)	UNKNOWN STEP	2025-10-27T18:39:59.9749554Z #14 6.520   Installing       : libacl-2.3.1-4.el9.x86_64                            28/84 
Test remote (slow)	UNKNOWN STEP	2025-10-27T18:39:59.9750305Z #14 6.525   Installing       : libcap-2.48-9.el9_2.x86_64                           29/84 
Test remote (slow)	UNKNOWN STEP	2025-10-27T18:39:59.9750730Z #14 6.528   Installing       : libffi-3.4.2-8.el9.x86_64                            30/84 
Test remote (slow)	UNKNOWN STEP	2025-10-27T18:40:00.1315771Z #14 6.539   Installing       : p11-kit-0.25.3-3.el9_5.x86_64                        31/84 
Test remote (slow)	UNKNOWN STEP	2025-10-27T18:40:00.1316590Z #14 6.545   Installing       : p11-kit-trust-0.25.3-3.el9_5.x86_64                  32/84 
Test remote (slow)	UNKNOWN STEP	2025-10-27T18:40:00.2421424Z #14 6.547   Running scriptlet: p11-kit-trust-0.25.3-3.el9_5.x86_64                  32/84 
Test remote (slow)	UNKNOWN STEP	2025-10-27T18:40:00.3433707Z #14 6.808   Installing       : libsigsegv-2.13-4.el9.x86_64                         33/84 
Test remote (slow)	UNKNOWN STEP	2025-10-27T18:40:00.3434909Z #14 6.818   Installing       : libunistring-0.9.10-15.el9.x86_64                    34/84 
Test remote (slow)	UNKNOWN STEP	2025-10-27T18:40:00.3435406Z #14 6.822   Installing       : lua-libs-5.4.4-4.el9.x86_64                          35/84 
Test remote (slow)	UNKNOWN STEP	2025-10-27T18:40:00.3436049Z #14 6.827   Installing       : xz-libs-5.2.5-8.el9_0.x86_64                         36/84 
Test remote (slow)	UNKNOWN STEP	2025-10-27T18:40:00.3436502Z #14 6.832   Installing       : lua-5.4.4-4.el9.x86_64                               37/84 
Test remote (slow)	UNKNOWN STEP	2025-10-27T18:40:00.3437068Z #14 6.848   Installing       : lua-posix-35.0-8.el9.x86_64                          38/84 
Test remote (slow)	UNKNOWN STEP	2025-10-27T18:40:00.3437582Z #14 6.854   Installing       : libidn2-2.3.0-7.el9.x86_64                           39/84 
Test remote (slow)	UNKNOWN STEP	2025-10-27T18:40:00.3438102Z #14 6.860   Installing       : mpfr-4.1.0-7.el9.x86_64                              40/84 
Test remote (slow)	UNKNOWN STEP	2025-10-27T18:40:00.3438640Z #14 6.875   Installing       : gawk-5.1.0-6.el9.x86_64                              41/84 
Test remote (slow)	UNKNOWN STEP	2025-10-27T18:40:00.3439103Z #14 6.883   Installing       : nss-softokn-freebl-3.112.0-4.el9_4.x86_64            42/84 
Test remote (slow)	UNKNOWN STEP	2025-10-27T18:40:00.3439954Z #14 6.893   Installing       : nss-softokn-3.112.0-4.el9_4.x86_64                   43/84 
Test remote (slow)	UNKNOWN STEP	2025-10-27T18:40:00.3440505Z #14 6.898   Installing       : lksctp-tools-1.0.19-3.el9_4.x86_64                   44/84 
Test remote (slow)	UNKNOWN STEP	2025-10-27T18:40:00.3441087Z #14 6.901   Installing       : bzip2-libs-1.0.8-10.el9_5.x86_64                     45/84 
Test remote (slow)	UNKNOWN STEP	2025-10-27T18:40:00.3441608Z #14 6.905   Installing       : expat-2.5.0-5.el9_6.x86_64                           46/84 
Test remote (slow)	UNKNOWN STEP	2025-10-27T18:40:00.4515473Z #14 6.909   Installing       : gdbm-libs-1:1.23-1.el9.x86_64                        47/84 
Test remote (slow)	UNKNOWN STEP	2025-10-27T18:40:00.4516370Z #14 6.913   Installing       : keyutils-libs-1.6.3-1.el9.x86_64                     48/84 
Test remote (slow)	UNKNOWN STEP	2025-10-27T18:40:00.4517185Z #14 6.916   Installing       : libcom_err-1.46.5-7.el9.x86_64                       49/84 
Test remote (slow)	UNKNOWN STEP	2025-10-27T18:40:00.4518006Z #14 6.923   Installing       : libgpg-error-1.42-5.el9.x86_64                       50/84 
Test remote (slow)	UNKNOWN STEP	2025-10-27T18:40:00.4518838Z #14 6.931   Installing       : libgcrypt-1.10.0-11.el9.x86_64                       51/84 
Test remote (slow)	UNKNOWN STEP	2025-10-27T18:40:00.4519634Z #14 6.937   Installing       : libsepol-3.6-2.el9.x86_64                            52/84 
Test remote (slow)	UNKNOWN STEP	2025-10-27T18:40:00.4520644Z #14 6.941   Installing       : libuuid-2.37.4-21.el9.x86_64                         53/84 
Test remote (slow)	UNKNOWN STEP	2025-10-27T18:40:00.4521413Z #14 6.944   Installing       : libverto-0.3.2-3.el9.x86_64                          54/84 
Test remote (slow)	UNKNOWN STEP	2025-10-27T18:40:00.4522565Z #14 6.950   Installing       : libzstd-1.5.5-1.el9.x86_64                           55/84 
Test remote (slow)	UNKNOWN STEP	2025-10-27T18:40:00.4523320Z #14 6.953   Installing       : lz4-libs-1.9.3-5.el9.x86_64                          56/84 
Test remote (slow)	UNKNOWN STEP	2025-10-27T18:40:00.4524069Z #14 6.961   Installing       : nettle-3.10.1-1.el9.x86_64                           57/84 
Test remote (slow)	UNKNOWN STEP	2025-10-27T18:40:00.4524810Z #14 6.974   Installing       : gnutls-3.8.3-6.el9_6.2.x86_64                        58/84 
Test remote (slow)	UNKNOWN STEP	2025-10-27T18:40:00.4525552Z #14 6.980   Installing       : pcre-8.44-4.el9.x86_64                               59/84 
Test remote (slow)	UNKNOWN STEP	2025-10-27T18:40:00.4526459Z #14 6.985   Installing       : grep-3.6-5.el9.x86_64                                60/84 
Test remote (slow)	UNKNOWN STEP	2025-10-27T18:40:00.4527203Z #14 6.991   Installing       : pcre2-10.40-6.el9.x86_64                             61/84 
Test remote (slow)	UNKNOWN STEP	2025-10-27T18:40:00.4527967Z #14 6.995   Installing       : libselinux-3.6-3.el9.x86_64                          62/84 
Test remote (slow)	UNKNOWN STEP	2025-10-27T18:40:00.6107792Z #14 7.017   Installing       : coreutils-single-8.32-39.el9.x86_64                  63/84 
Test remote (slow)	UNKNOWN STEP	2025-10-27T18:40:00.6108413Z #14 7.023   Installing       : sed-4.8-9.el9.x86_64                                 64/84 
Test remote (slow)	UNKNOWN STEP	2025-10-27T18:40:00.7167823Z #14 7.026   Running scriptlet: ca-certificates-2024.2.69_v8.0.303-91.4.el9_4.noar   65/84 
Test remote (slow)	UNKNOWN STEP	2025-10-27T18:40:00.8711863Z #14 7.282   Installing       : ca-certificates-2024.2.69_v8.0.303-91.4.el9_4.noar   65/84 
Test remote (slow)	UNKNOWN STEP	2025-10-27T18:40:02.1672532Z #14 7.286   Running scriptlet: ca-certificates-2024.2.69_v8.0.303-91.4.el9_4.noar   65/84 
Test remote (slow)	UNKNOWN STEP	2025-10-27T18:40:02.3812555Z #14 8.733   Installing       : python3-pip-wheel-21.3.1-1.el9.noarch                66/84 
Test remote (slow)	UNKNOWN STEP	2025-10-27T18:40:02.3814355Z #14 8.740   Installing       : openssl-fips-provider-so-3.0.7-6.el9_5.x86_64        67/84 
Test remote (slow)	UNKNOWN STEP	2025-10-27T18:40:02.3815226Z #14 8.742   Installing       : openssl-fips-provider-3.0.7-6.el9_5.x86_64           68/84 
Test remote (slow)	UNKNOWN STEP	2025-10-27T18:40:02.3816014Z #14 8.768   Installing       : openssl-libs-1:3.2.2-6.el9_5.1.x86_64                69/84 
Test remote (slow)	UNKNOWN STEP	2025-10-27T18:40:02.3816796Z #14 8.784   Installing       : krb5-libs-1.21.1-8.el9_6.x86_64                      70/84 
Test remote (slow)	UNKNOWN STEP	2025-10-27T18:40:02.3817523Z #14 8.793   Installing       : libevent-2.1.12-8.el9_4.x86_64                       71/84 
Test remote (slow)	UNKNOWN STEP	2025-10-27T18:40:02.5855844Z #14 8.797   Installing       : python3-3.9.21-2.el9_6.2.x86_64                      72/84 
Test remote (slow)	UNKNOWN STEP	2025-10-27T18:40:02.7740125Z #14 9.151   Installing       : python3-libs-3.9.21-2.el9_6.2.x86_64                 73/84 
Test remote (slow)	UNKNOWN STEP	2025-10-27T18:40:02.7741090Z #14 9.172   Installing       : crypto-policies-scripts-20250128-1.git5269e22.el9.   74/84 
Test remote (slow)	UNKNOWN STEP	2025-10-27T18:40:02.7741999Z #14 9.176   Installing       : nss-sysinit-3.112.0-4.el9_4.x86_64                   75/84 
Test remote (slow)	UNKNOWN STEP	2025-10-27T18:40:02.7742796Z #14 9.187   Installing       : nss-3.112.0-4.el9_4.x86_64                           76/84 
Test remote (slow)	UNKNOWN STEP	2025-10-27T18:40:02.8831027Z #14 9.189   Running scriptlet: nss-3.112.0-4.el9_4.x86_64                           76/84 
Test remote (slow)	UNKNOWN STEP	2025-10-27T18:40:03.0367288Z #14 9.449   Installing       : systemd-libs-252-51.el9_6.2.x86_64                   77/84 
Test remote (slow)	UNKNOWN STEP	2025-10-27T18:40:03.1484191Z #14 9.452   Running scriptlet: systemd-libs-252-51.el9_6.2.x86_64                   77/84 
Test remote (slow)	UNKNOWN STEP	2025-10-27T18:40:03.3401729Z #14 9.714   Installing       : dbus-libs-1:1.12.20-8.el9.x86_64                     78/84 
Test remote (slow)	UNKNOWN STEP	2025-10-27T18:40:03.3402266Z #14 9.722   Installing       : avahi-libs-0.8-22.el9_6.1.x86_64                     79/84 
Test remote (slow)	UNKNOWN STEP	2025-10-27T18:40:03.3402757Z #14 9.728   Installing       : cups-libs-1:2.3.3op2-33.el9_6.1.x86_64               80/84 
Test remote (slow)	UNKNOWN STEP	2025-10-27T18:40:03.3403269Z #14 9.734   Installing       : findutils-1:4.8.0-7.el9.x86_64                       81/84 
Test remote (slow)	UNKNOWN STEP	2025-10-27T18:40:03.3403763Z #14 9.738   Installing       : copy-jdk-configs-4.0-3.el9.noarch                    82/84 
Test remote (slow)	UNKNOWN STEP	2025-10-27T18:40:03.8797741Z #14 9.755   Installing       : alsa-lib-1.2.13-2.el9.x86_64                         83/84 
Test remote (slow)	UNKNOWN STEP	2025-10-27T18:40:04.0355412Z #14 10.45   Installing       : java-21-openjdk-headless-1:21.0.9.0.10-1.el9.x86_6   84/84 
Test remote (slow)	UNKNOWN STEP	2025-10-27T18:40:04.1420511Z #14 10.45   Running scriptlet: java-21-openjdk-headless-1:21.0.9.0.10-1.el9.x86_6   84/84 
Test remote (slow)	UNKNOWN STEP	2025-10-27T18:40:04.3933617Z #14 10.71   Running scriptlet: filesystem-3.16-5.el9.x86_64                         84/84 
Test remote (slow)	UNKNOWN STEP	2025-10-27T18:40:05.7126222Z #14 10.96   Running scriptlet: ca-certificates-2024.2.69_v8.0.303-91.4.el9_4.noar   84/84 
Test remote (slow)	UNKNOWN STEP	2025-10-27T18:40:06.3034014Z #14 12.28   Running scriptlet: crypto-policies-scripts-20250128-1.git5269e22.el9.   84/84 
Test remote (slow)	UNKNOWN STEP	2025-10-27T18:40:06.8918144Z #14 12.87   Running scriptlet: nss-3.112.0-4.el9_4.x86_64                           84/84 
Test remote (slow)	UNKNOWN STEP	2025-10-27T18:40:07.1405119Z #14 13.46   Running scriptlet: copy-jdk-configs-4.0-3.el9.noarch                    84/84 
Test remote (slow)	UNKNOWN STEP	2025-10-27T18:40:07.6833346Z #14 13.71   Running scriptlet: java-21-openjdk-headless-1:21.0.9.0.10-1.el9.x86_6   84/84 
Test remote (slow)	UNKNOWN STEP	2025-10-27T18:40:07.8748058Z #14 14.25   Verifying        : alternatives-1.24-2.el9.x86_64                        1/84 
Test remote (slow)	UNKNOWN STEP	2025-10-27T18:40:07.8749562Z #14 14.25   Verifying        : avahi-libs-0.8-22.el9_6.1.x86_64                      2/84 
Test remote (slow)	UNKNOWN STEP	2025-10-27T18:40:07.8750747Z #14 14.25   Verifying        : basesystem-11-13.el9.noarch                           3/84 
Test remote (slow)	UNKNOWN STEP	2025-10-27T18:40:07.8751489Z #14 14.25   Verifying        : bash-5.1.8-9.el9.x86_64                               4/84 
Test remote (slow)	UNKNOWN STEP	2025-10-27T18:40:07.8752034Z #14 14.25   Verifying        : bzip2-libs-1.0.8-10.el9_5.x86_64                      5/84 
Test remote (slow)	UNKNOWN STEP	2025-10-27T18:40:07.8752553Z #14 14.25   Verifying        : ca-certificates-2024.2.69_v8.0.303-91.4.el9_4.noar    6/84 
Test remote (slow)	UNKNOWN STEP	2025-10-27T18:40:07.8753088Z #14 14.25   Verifying        : coreutils-single-8.32-39.el9.x86_64                   7/84 
Test remote (slow)	UNKNOWN STEP	2025-10-27T18:40:07.8753634Z #14 14.25   Verifying        : crypto-policies-20250128-1.git5269e22.el9.noarch      8/84 
Test remote (slow)	UNKNOWN STEP	2025-10-27T18:40:07.8754176Z #14 14.25   Verifying        : crypto-policies-scripts-20250128-1.git5269e22.el9.    9/84 
Test remote (slow)	UNKNOWN STEP	2025-10-27T18:40:07.8754677Z #14 14.25   Verifying        : cups-libs-1:2.3.3op2-33.el9_6.1.x86_64               10/84 
Test remote (slow)	UNKNOWN STEP	2025-10-27T18:40:07.8755083Z #14 14.25   Verifying        : dbus-libs-1:1.12.20-8.el9.x86_64                     11/84 
Test remote (slow)	UNKNOWN STEP	2025-10-27T18:40:07.8755486Z #14 14.25   Verifying        : expat-2.5.0-5.el9_6.x86_64                           12/84 
Test remote (slow)	UNKNOWN STEP	2025-10-27T18:40:07.8755892Z #14 14.25   Verifying        : filesystem-3.16-5.el9.x86_64                         13/84 
Test remote (slow)	UNKNOWN STEP	2025-10-27T18:40:07.8756306Z #14 14.25   Verifying        : findutils-1:4.8.0-7.el9.x86_64                       14/84 
Test remote (slow)	UNKNOWN STEP	2025-10-27T18:40:07.8756697Z #14 14.25   Verifying        : gawk-5.1.0-6.el9.x86_64                              15/84 
Test remote (slow)	UNKNOWN STEP	2025-10-27T18:40:07.8757101Z #14 14.25   Verifying        : gdbm-libs-1:1.23-1.el9.x86_64                        16/84 
Test remote (slow)	UNKNOWN STEP	2025-10-27T18:40:07.8757504Z #14 14.25   Verifying        : glibc-2.34-168.el9_6.23.x86_64                       17/84 
Test remote (slow)	UNKNOWN STEP	2025-10-27T18:40:07.8757917Z #14 14.25   Verifying        : glibc-common-2.34-168.el9_6.23.x86_64                18/84 
Test remote (slow)	UNKNOWN STEP	2025-10-27T18:40:07.8758339Z #14 14.25   Verifying        : glibc-langpack-en-2.34-168.el9_6.23.x86_64           19/84 
Test remote (slow)	UNKNOWN STEP	2025-10-27T18:40:07.8758750Z #14 14.25   Verifying        : gmp-1:6.2.0-13.el9.x86_64                            20/84 
Test remote (slow)	UNKNOWN STEP	2025-10-27T18:40:07.8759144Z #14 14.25   Verifying        : gnutls-3.8.3-6.el9_6.2.x86_64                        21/84 
Test remote (slow)	UNKNOWN STEP	2025-10-27T18:40:07.8759536Z #14 14.25   Verifying        : grep-3.6-5.el9.x86_64                                22/84 
Test remote (slow)	UNKNOWN STEP	2025-10-27T18:40:07.8760203Z #14 14.25   Verifying        : keyutils-libs-1.6.3-1.el9.x86_64                     23/84 
Test remote (slow)	UNKNOWN STEP	2025-10-27T18:40:07.8760614Z #14 14.25   Verifying        : krb5-libs-1.21.1-8.el9_6.x86_64                      24/84 
Test remote (slow)	UNKNOWN STEP	2025-10-27T18:40:07.8761018Z #14 14.25   Verifying        : libacl-2.3.1-4.el9.x86_64                            25/84 
Test remote (slow)	UNKNOWN STEP	2025-10-27T18:40:07.8761412Z #14 14.25   Verifying        : libattr-2.5.1-3.el9.x86_64                           26/84 
Test remote (slow)	UNKNOWN STEP	2025-10-27T18:40:07.8761813Z #14 14.25   Verifying        : libcap-2.48-9.el9_2.x86_64                           27/84 
Test remote (slow)	UNKNOWN STEP	2025-10-27T18:40:07.8762599Z #14 14.25   Verifying        : libcom_err-1.46.5-7.el9.x86_64                       28/84 
Test remote (slow)	UNKNOWN STEP	2025-10-27T18:40:07.8763006Z #14 14.25   Verifying        : libevent-2.1.12-8.el9_4.x86_64                       29/84 
Test remote (slow)	UNKNOWN STEP	2025-10-27T18:40:07.8763408Z #14 14.25   Verifying        : libffi-3.4.2-8.el9.x86_64                            30/84 
Test remote (slow)	UNKNOWN STEP	2025-10-27T18:40:07.8763805Z #14 14.25   Verifying        : libgcc-11.5.0-5.el9_5.x86_64                         31/84 
Test remote (slow)	UNKNOWN STEP	2025-10-27T18:40:07.8764211Z #14 14.25   Verifying        : libgcrypt-1.10.0-11.el9.x86_64                       32/84 
Test remote (slow)	UNKNOWN STEP	2025-10-27T18:40:07.8764771Z #14 14.25   Verifying        : libgpg-error-1.42-5.el9.x86_64                       33/84 
Test remote (slow)	UNKNOWN STEP	2025-10-27T18:40:07.8765182Z #14 14.25   Verifying        : libidn2-2.3.0-7.el9.x86_64                           34/84 
Test remote (slow)	UNKNOWN STEP	2025-10-27T18:40:07.8765593Z #14 14.25   Verifying        : libselinux-3.6-3.el9.x86_64                          35/84 
Test remote (slow)	UNKNOWN STEP	2025-10-27T18:40:07.8766014Z #14 14.25   Verifying        : libsepol-3.6-2.el9.x86_64                            36/84 
Test remote (slow)	UNKNOWN STEP	2025-10-27T18:40:07.8766418Z #14 14.25   Verifying        : libsigsegv-2.13-4.el9.x86_64                         37/84 
Test remote (slow)	UNKNOWN STEP	2025-10-27T18:40:07.8766828Z #14 14.25   Verifying        : libtasn1-4.16.0-9.el9.x86_64                         38/84 
Test remote (slow)	UNKNOWN STEP	2025-10-27T18:40:07.8767239Z #14 14.25   Verifying        : libunistring-0.9.10-15.el9.x86_64                    39/84 
Test remote (slow)	UNKNOWN STEP	2025-10-27T18:40:07.8767653Z #14 14.25   Verifying        : libuuid-2.37.4-21.el9.x86_64                         40/84 
Test remote (slow)	UNKNOWN STEP	2025-10-27T18:40:07.8768062Z #14 14.25   Verifying        : libverto-0.3.2-3.el9.x86_64                          41/84 
Test remote (slow)	UNKNOWN STEP	2025-10-27T18:40:07.8768484Z #14 14.25   Verifying        : libxcrypt-4.4.18-3.el9.x86_64                        42/84 
Test remote (slow)	UNKNOWN STEP	2025-10-27T18:40:07.8768891Z #14 14.25   Verifying        : libzstd-1.5.5-1.el9.x86_64                           43/84 
Test remote (slow)	UNKNOWN STEP	2025-10-27T18:40:07.8769302Z #14 14.25   Verifying        : lksctp-tools-1.0.19-3.el9_4.x86_64                   44/84 
Test remote (slow)	UNKNOWN STEP	2025-10-27T18:40:07.8769905Z #14 14.25   Verifying        : lua-libs-5.4.4-4.el9.x86_64                          45/84 
Test remote (slow)	UNKNOWN STEP	2025-10-27T18:40:07.8770306Z #14 14.25   Verifying        : lz4-libs-1.9.3-5.el9.x86_64                          46/84 
Test remote (slow)	UNKNOWN STEP	2025-10-27T18:40:07.8770697Z #14 14.25   Verifying        : mpfr-4.1.0-7.el9.x86_64                              47/84 
Test remote (slow)	UNKNOWN STEP	2025-10-27T18:40:07.8771101Z #14 14.25   Verifying        : ncurses-base-6.2-10.20210508.el9_6.2.noarch          48/84 
Test remote (slow)	UNKNOWN STEP	2025-10-27T18:40:07.8771513Z #14 14.25   Verifying        : ncurses-libs-6.2-10.20210508.el9_6.2.x86_64          49/84 
Test remote (slow)	UNKNOWN STEP	2025-10-27T18:40:07.8771920Z #14 14.25   Verifying        : nettle-3.10.1-1.el9.x86_64                           50/84 
Test remote (slow)	UNKNOWN STEP	2025-10-27T18:40:07.8772338Z #14 14.25   Verifying        : openssl-fips-provider-3.0.7-6.el9_5.x86_64           51/84 
Test remote (slow)	UNKNOWN STEP	2025-10-27T18:40:07.8772770Z #14 14.25   Verifying        : openssl-fips-provider-so-3.0.7-6.el9_5.x86_64        52/84 
Test remote (slow)	UNKNOWN STEP	2025-10-27T18:40:07.8773200Z #14 14.25   Verifying        : openssl-libs-1:3.2.2-6.el9_5.1.x86_64                53/84 
Test remote (slow)	UNKNOWN STEP	2025-10-27T18:40:07.8773603Z #14 14.25   Verifying        : p11-kit-0.25.3-3.el9_5.x86_64                        54/84 
Test remote (slow)	UNKNOWN STEP	2025-10-27T18:40:07.8774014Z #14 14.25   Verifying        : p11-kit-trust-0.25.3-3.el9_5.x86_64                  55/84 
Test remote (slow)	UNKNOWN STEP	2025-10-27T18:40:07.8774411Z #14 14.25   Verifying        : pcre-8.44-4.el9.x86_64                               56/84 
Test remote (slow)	UNKNOWN STEP	2025-10-27T18:40:07.8774804Z #14 14.25   Verifying        : pcre2-10.40-6.el9.x86_64                             57/84 
Test remote (slow)	UNKNOWN STEP	2025-10-27T18:40:07.8775213Z #14 14.25   Verifying        : pcre2-syntax-10.40-6.el9.noarch                      58/84 
Test remote (slow)	UNKNOWN STEP	2025-10-27T18:40:07.8786577Z #14 14.25   Verifying        : python3-3.9.21-2.el9_6.2.x86_64                      59/84 
Test remote (slow)	UNKNOWN STEP	2025-10-27T18:40:07.8787120Z #14 14.25   Verifying        : python3-libs-3.9.21-2.el9_6.2.x86_64                 60/84 
Test remote (slow)	UNKNOWN STEP	2025-10-27T18:40:07.8787664Z #14 14.25   Verifying        : python3-pip-wheel-21.3.1-1.el9.noarch                61/84 
Test remote (slow)	UNKNOWN STEP	2025-10-27T18:40:07.8788405Z #14 14.25   Verifying        : python3-setuptools-wheel-53.0.0-13.el9_6.1.noarch    62/84 
Test remote (slow)	UNKNOWN STEP	2025-10-27T18:40:07.8788866Z #14 14.25   Verifying        : readline-8.1-4.el9.x86_64                            63/84 
Test remote (slow)	UNKNOWN STEP	2025-10-27T18:40:07.8789304Z #14 14.25   Verifying        : redhat-release-9.6-0.1.el9.x86_64                    64/84 
Test remote (slow)	UNKNOWN STEP	2025-10-27T18:40:07.8790156Z #14 14.25   Verifying        : sed-4.8-9.el9.x86_64                                 65/84 
Test remote (slow)	UNKNOWN STEP	2025-10-27T18:40:07.8790650Z #14 14.25   Verifying        : setup-2.13.7-10.el9.noarch                           66/84 
Test remote (slow)	UNKNOWN STEP	2025-10-27T18:40:07.8791549Z #14 14.25   Verifying        : sqlite-libs-3.34.1-8.el9_6.x86_64                    67/84 
Test remote (slow)	UNKNOWN STEP	2025-10-27T18:40:07.8792239Z #14 14.25   Verifying        : systemd-libs-252-51.el9_6.2.x86_64                   68/84 
Test remote (slow)	UNKNOWN STEP	2025-10-27T18:40:07.8792925Z #14 14.25   Verifying        : tzdata-2025b-1.el9.noarch                            69/84 
Test remote (slow)	UNKNOWN STEP	2025-10-27T18:40:07.8793615Z #14 14.25   Verifying        : xz-libs-5.2.5-8.el9_0.x86_64                         70/84 
Test remote (slow)	UNKNOWN STEP	2025-10-27T18:40:07.8794261Z #14 14.26   Verifying        : zlib-1.2.11-40.el9.x86_64                            71/84 
Test remote (slow)	UNKNOWN STEP	2025-10-27T18:40:07.8795041Z #14 14.26   Verifying        : copy-jdk-configs-4.0-3.el9.noarch                    72/84 
Test remote (slow)	UNKNOWN STEP	2025-10-27T18:40:07.8795474Z #14 14.26   Verifying        : lua-5.4.4-4.el9.x86_64                               73/84 
Test remote (slow)	UNKNOWN STEP	2025-10-27T18:40:07.8795876Z #14 14.26   Verifying        : lua-posix-35.0-8.el9.x86_64                          74/84 
Test remote (slow)	UNKNOWN STEP	2025-10-27T18:40:07.8796276Z #14 14.26   Verifying        : alsa-lib-1.2.13-2.el9.x86_64                         75/84 
Test remote (slow)	UNKNOWN STEP	2025-10-27T18:40:07.8796705Z #14 14.26   Verifying        : java-21-openjdk-headless-1:21.0.9.0.10-1.el9.x86_6   76/84 
Test remote (slow)	UNKNOWN STEP	2025-10-27T18:40:07.8797157Z #14 14.26   Verifying        : javapackages-filesystem-6.4.0-1.el9.noarch           77/84 
Test remote (slow)	UNKNOWN STEP	2025-10-27T18:40:07.8797589Z #14 14.26   Verifying        : nspr-4.36.0-4.el9_4.x86_64                           78/84 
Test remote (slow)	UNKNOWN STEP	2025-10-27T18:40:07.8797980Z #14 14.26   Verifying        : nss-3.112.0-4.el9_4.x86_64                           79/84 
Test remote (slow)	UNKNOWN STEP	2025-10-27T18:40:07.8798380Z #14 14.26   Verifying        : nss-softokn-3.112.0-4.el9_4.x86_64                   80/84 
Test remote (slow)	UNKNOWN STEP	2025-10-27T18:40:07.8798806Z #14 14.26   Verifying        : nss-softokn-freebl-3.112.0-4.el9_4.x86_64            81/84 
Test remote (slow)	UNKNOWN STEP	2025-10-27T18:40:07.8799406Z #14 14.26   Verifying        : nss-sysinit-3.112.0-4.el9_4.x86_64                   82/84 
Test remote (slow)	UNKNOWN STEP	2025-10-27T18:40:07.8800238Z #14 14.26   Verifying        : nss-util-3.112.0-4.el9_4.x86_64                      83/84 
Test remote (slow)	UNKNOWN STEP	2025-10-27T18:40:07.8800658Z #14 14.26   Verifying        : tzdata-java-2025b-1.el9.noarch                       84/84 
Test remote (slow)	UNKNOWN STEP	2025-10-27T18:40:07.8801010Z #14 14.31 Installed products updated.
Test remote (slow)	UNKNOWN STEP	2025-10-27T18:40:07.8801248Z #14 14.34 
Test remote (slow)	UNKNOWN STEP	2025-10-27T18:40:07.8801412Z #14 14.34 Installed:
Test remote (slow)	UNKNOWN STEP	2025-10-27T18:40:07.8801694Z #14 14.34   alsa-lib-1.2.13-2.el9.x86_64                                                  
Test remote (slow)	UNKNOWN STEP	2025-10-27T18:40:07.8802099Z #14 14.34   alternatives-1.24-2.el9.x86_64                                                
Test remote (slow)	UNKNOWN STEP	2025-10-27T18:40:07.8802497Z #14 14.34   avahi-libs-0.8-22.el9_6.1.x86_64                                              
Test remote (slow)	UNKNOWN STEP	2025-10-27T18:40:07.8802895Z #14 14.34   basesystem-11-13.el9.noarch                                                   
Test remote (slow)	UNKNOWN STEP	2025-10-27T18:40:07.8803278Z #14 14.34   bash-5.1.8-9.el9.x86_64                                                       
Test remote (slow)	UNKNOWN STEP	2025-10-27T18:40:07.8803645Z #14 14.34   bzip2-libs-1.0.8-10.el9_5.x86_64                                              
Test remote (slow)	UNKNOWN STEP	2025-10-27T18:40:07.8804086Z #14 14.34   ca-certificates-2024.2.69_v8.0.303-91.4.el9_4.noarch                          
Test remote (slow)	UNKNOWN STEP	2025-10-27T18:40:07.8804544Z #14 14.34   copy-jdk-configs-4.0-3.el9.noarch                                             
Test remote (slow)	UNKNOWN STEP	2025-10-27T18:40:07.8804984Z #14 14.34   coreutils-single-8.32-39.el9.x86_64                                           
Test remote (slow)	UNKNOWN STEP	2025-10-27T18:40:07.8805473Z #14 14.34   crypto-policies-20250128-1.git5269e22.el9.noarch                              
Test remote (slow)	UNKNOWN STEP	2025-10-27T18:40:07.8806155Z #14 14.34   crypto-policies-scripts-20250128-1.git5269e22.el9.noarch                      
Test remote (slow)	UNKNOWN STEP	2025-10-27T18:40:07.8806620Z #14 14.34   cups-libs-1:2.3.3op2-33.el9_6.1.x86_64                                        
Test remote (slow)	UNKNOWN STEP	2025-10-27T18:40:07.8807015Z #14 14.34   dbus-libs-1:1.12.20-8.el9.x86_64                                              
Test remote (slow)	UNKNOWN STEP	2025-10-27T18:40:07.8807436Z #14 14.34   expat-2.5.0-5.el9_6.x86_64                                                    
Test remote (slow)	UNKNOWN STEP	2025-10-27T18:40:07.8807993Z #14 14.34   filesystem-3.16-5.el9.x86_64                                                  
Test remote (slow)	UNKNOWN STEP	2025-10-27T18:40:07.8808509Z #14 14.34   findutils-1:4.8.0-7.el9.x86_64                                                
Test remote (slow)	UNKNOWN STEP	2025-10-27T18:40:07.8808885Z #14 14.34   gawk-5.1.0-6.el9.x86_64                                                       
Test remote (slow)	UNKNOWN STEP	2025-10-27T18:40:07.8809250Z #14 14.34   gdbm-libs-1:1.23-1.el9.x86_64                                                 
Test remote (slow)	UNKNOWN STEP	2025-10-27T18:40:07.8809629Z #14 14.34   glibc-2.34-168.el9_6.23.x86_64                                                
Test remote (slow)	UNKNOWN STEP	2025-10-27T18:40:07.8810491Z #14 14.34   glibc-common-2.34-168.el9_6.23.x86_64                                         
Test remote (slow)	UNKNOWN STEP	2025-10-27T18:40:07.8811059Z #14 14.34   glibc-langpack-en-2.34-168.el9_6.23.x86_64                                    
Test remote (slow)	UNKNOWN STEP	2025-10-27T18:40:07.8811458Z #14 14.34   gmp-1:6.2.0-13.el9.x86_64                                                     
Test remote (slow)	UNKNOWN STEP	2025-10-27T18:40:07.8811814Z #14 14.34   gnutls-3.8.3-6.el9_6.2.x86_64                                                 
Test remote (slow)	UNKNOWN STEP	2025-10-27T18:40:07.8812172Z #14 14.34   grep-3.6-5.el9.x86_64                                                         
Test remote (slow)	UNKNOWN STEP	2025-10-27T18:40:07.8812579Z #14 14.34   java-21-openjdk-headless-1:21.0.9.0.10-1.el9.x86_64                           
Test remote (slow)	UNKNOWN STEP	2025-10-27T18:40:07.8813040Z #14 14.34   javapackages-filesystem-6.4.0-1.el9.noarch                                    
Test remote (slow)	UNKNOWN STEP	2025-10-27T18:40:07.8813486Z #14 14.34   keyutils-libs-1.6.3-1.el9.x86_64                                              
Test remote (slow)	UNKNOWN STEP	2025-10-27T18:40:07.8813890Z #14 14.34   krb5-libs-1.21.1-8.el9_6.x86_64                                               
Test remote (slow)	UNKNOWN STEP	2025-10-27T18:40:07.8814261Z #14 14.34   libacl-2.3.1-4.el9.x86_64                                                     
Test remote (slow)	UNKNOWN STEP	2025-10-27T18:40:07.8814624Z #14 14.34   libattr-2.5.1-3.el9.x86_64                                                    
Test remote (slow)	UNKNOWN STEP	2025-10-27T18:40:07.8815002Z #14 14.34   libcap-2.48-9.el9_2.x86_64                                                    
Test remote (slow)	UNKNOWN STEP	2025-10-27T18:40:07.8815376Z #14 14.34   libcom_err-1.46.5-7.el9.x86_64                                                
Test remote (slow)	UNKNOWN STEP	2025-10-27T18:40:07.8815760Z #14 14.34   libevent-2.1.12-8.el9_4.x86_64                                                
Test remote (slow)	UNKNOWN STEP	2025-10-27T18:40:07.8816127Z #14 14.34   libffi-3.4.2-8.el9.x86_64                                                     
Test remote (slow)	UNKNOWN STEP	2025-10-27T18:40:07.8816495Z #14 14.34   libgcc-11.5.0-5.el9_5.x86_64                                                  
Test remote (slow)	UNKNOWN STEP	2025-10-27T18:40:07.8816882Z #14 14.34   libgcrypt-1.10.0-11.el9.x86_64                                                
Test remote (slow)	UNKNOWN STEP	2025-10-27T18:40:07.8817271Z #14 14.34   libgpg-error-1.42-5.el9.x86_64                                                
Test remote (slow)	UNKNOWN STEP	2025-10-27T18:40:07.8817653Z #14 14.34   libidn2-2.3.0-7.el9.x86_64                                                    
Test remote (slow)	UNKNOWN STEP	2025-10-27T18:40:07.8818036Z #14 14.34   libselinux-3.6-3.el9.x86_64                                                   
Test remote (slow)	UNKNOWN STEP	2025-10-27T18:40:07.8818417Z #14 14.34   libsepol-3.6-2.el9.x86_64                                                     
Test remote (slow)	UNKNOWN STEP	2025-10-27T18:40:07.8818798Z #14 14.34   libsigsegv-2.13-4.el9.x86_64                                                  
Test remote (slow)	UNKNOWN STEP	2025-10-27T18:40:07.8819215Z #14 14.34   libtasn1-4.16.0-9.el9.x86_64                                                  
Test remote (slow)	UNKNOWN STEP	2025-10-27T18:40:07.8819612Z #14 14.34   libunistring-0.9.10-15.el9.x86_64                                             
Test remote (slow)	UNKNOWN STEP	2025-10-27T18:40:07.8820368Z #14 14.34   libuuid-2.37.4-21.el9.x86_64                                                  
Test remote (slow)	UNKNOWN STEP	2025-10-27T18:40:07.8820905Z #14 14.34   libverto-0.3.2-3.el9.x86_64                                                   
Test remote (slow)	UNKNOWN STEP	2025-10-27T18:40:07.8821295Z #14 14.34   libxcrypt-4.4.18-3.el9.x86_64                                                 
Test remote (slow)	UNKNOWN STEP	2025-10-27T18:40:07.8821672Z #14 14.34   libzstd-1.5.5-1.el9.x86_64                                                    
Test remote (slow)	UNKNOWN STEP	2025-10-27T18:40:07.8822068Z #14 14.34   lksctp-tools-1.0.19-3.el9_4.x86_64                                            
Test remote (slow)	UNKNOWN STEP	2025-10-27T18:40:07.8822444Z #14 14.34   lua-5.4.4-4.el9.x86_64                                                        
Test remote (slow)	UNKNOWN STEP	2025-10-27T18:40:07.8822912Z #14 14.34   lua-libs-5.4.4-4.el9.x86_64                                                   
Test remote (slow)	UNKNOWN STEP	2025-10-27T18:40:07.8823295Z #14 14.34   lua-posix-35.0-8.el9.x86_64                                                   
Test remote (slow)	UNKNOWN STEP	2025-10-27T18:40:07.8823674Z #14 14.34   lz4-libs-1.9.3-5.el9.x86_64                                                   
Test remote (slow)	UNKNOWN STEP	2025-10-27T18:40:07.8824050Z #14 14.34   mpfr-4.1.0-7.el9.x86_64                                                       
Test remote (slow)	UNKNOWN STEP	2025-10-27T18:40:07.8824449Z #14 14.34   ncurses-base-6.2-10.20210508.el9_6.2.noarch                                   
Test remote (slow)	UNKNOWN STEP	2025-10-27T18:40:07.8824878Z #14 14.34   ncurses-libs-6.2-10.20210508.el9_6.2.x86_64                                   
Test remote (slow)	UNKNOWN STEP	2025-10-27T18:40:07.8825280Z #14 14.34   nettle-3.10.1-1.el9.x86_64                                                    
Test remote (slow)	UNKNOWN STEP	2025-10-27T18:40:07.8825683Z #14 14.34   nspr-4.36.0-4.el9_4.x86_64                                                    
Test remote (slow)	UNKNOWN STEP	2025-10-27T18:40:07.8826040Z #14 14.34   nss-3.112.0-4.el9_4.x86_64                                                    
Test remote (slow)	UNKNOWN STEP	2025-10-27T18:40:07.8826425Z #14 14.34   nss-softokn-3.112.0-4.el9_4.x86_64                                            
Test remote (slow)	UNKNOWN STEP	2025-10-27T18:40:07.8826849Z #14 14.34   nss-softokn-freebl-3.112.0-4.el9_4.x86_64                                     
Test remote (slow)	UNKNOWN STEP	2025-10-27T18:40:07.8827273Z #14 14.34   nss-sysinit-3.112.0-4.el9_4.x86_64                                            
Test remote (slow)	UNKNOWN STEP	2025-10-27T18:40:07.8827666Z #14 14.34   nss-util-3.112.0-4.el9_4.x86_64                                               
Test remote (slow)	UNKNOWN STEP	2025-10-27T18:40:07.8828087Z #14 14.34   openssl-fips-provider-3.0.7-6.el9_5.x86_64                                    
Test remote (slow)	UNKNOWN STEP	2025-10-27T18:40:07.8828545Z #14 14.34   openssl-fips-provider-so-3.0.7-6.el9_5.x86_64                                 
Test remote (slow)	UNKNOWN STEP	2025-10-27T18:40:07.8828981Z #14 14.34   openssl-libs-1:3.2.2-6.el9_5.1.x86_64                                         
Test remote (slow)	UNKNOWN STEP	2025-10-27T18:40:07.8829365Z #14 14.34   p11-kit-0.25.3-3.el9_5.x86_64                                                 
Test remote (slow)	UNKNOWN STEP	2025-10-27T18:40:07.8829931Z #14 14.34   p11-kit-trust-0.25.3-3.el9_5.x86_64                                           
Test remote (slow)	UNKNOWN STEP	2025-10-27T18:40:07.8830318Z #14 14.34   pcre-8.44-4.el9.x86_64                                                        
Test remote (slow)	UNKNOWN STEP	2025-10-27T18:40:07.8830678Z #14 14.34   pcre2-10.40-6.el9.x86_64                                                      
Test remote (slow)	UNKNOWN STEP	2025-10-27T18:40:07.8831070Z #14 14.34   pcre2-syntax-10.40-6.el9.noarch                                               
Test remote (slow)	UNKNOWN STEP	2025-10-27T18:40:07.8831481Z #14 14.34   python3-3.9.21-2.el9_6.2.x86_64                                               
Test remote (slow)	UNKNOWN STEP	2025-10-27T18:40:07.8831872Z #14 14.34   python3-libs-3.9.21-2.el9_6.2.x86_64                                          
Test remote (slow)	UNKNOWN STEP	2025-10-27T18:40:07.8832292Z #14 14.34   python3-pip-wheel-21.3.1-1.el9.noarch                                         
Test remote (slow)	UNKNOWN STEP	2025-10-27T18:40:07.8832751Z #14 14.34   python3-setuptools-wheel-53.0.0-13.el9_6.1.noarch                             
Test remote (slow)	UNKNOWN STEP	2025-10-27T18:40:07.8833179Z #14 14.34   readline-8.1-4.el9.x86_64                                                     
Test remote (slow)	UNKNOWN STEP	2025-10-27T18:40:07.8833578Z #14 14.34   redhat-release-9.6-0.1.el9.x86_64                                             
Test remote (slow)	UNKNOWN STEP	2025-10-27T18:40:07.8833957Z #14 14.34   sed-4.8-9.el9.x86_64                                                          
Test remote (slow)	UNKNOWN STEP	2025-10-27T18:40:07.8834328Z #14 14.34   setup-2.13.7-10.el9.noarch                                                    
Test remote (slow)	UNKNOWN STEP	2025-10-27T18:40:07.8834849Z #14 14.34   sqlite-libs-3.34.1-8.el9_6.x86_64                                             
Test remote (slow)	UNKNOWN STEP	2025-10-27T18:40:07.8835252Z #14 14.34   systemd-libs-252-51.el9_6.2.x86_64                                            
Test remote (slow)	UNKNOWN STEP	2025-10-27T18:40:07.8835654Z #14 14.34   tzdata-2025b-1.el9.noarch                                                     
Test remote (slow)	UNKNOWN STEP	2025-10-27T18:40:07.8836068Z #14 14.34   tzdata-java-2025b-1.el9.noarch                                                
Test remote (slow)	UNKNOWN STEP	2025-10-27T18:40:07.8836464Z #14 14.34   xz-libs-5.2.5-8.el9_0.x86_64                                                  
Test remote (slow)	UNKNOWN STEP	2025-10-27T18:40:07.8836933Z #14 14.34   zlib-1.2.11-40.el9.x86_64                                                     
Test remote (slow)	UNKNOWN STEP	2025-10-27T18:40:07.8837223Z #14 14.34 
Test remote (slow)	UNKNOWN STEP	2025-10-27T18:40:07.8837395Z #14 14.34 Complete!
Test remote (slow)	UNKNOWN STEP	2025-10-27T18:40:07.8837663Z #14 14.44 + dnf --installroot /tmp/null/rootfs clean all
Test remote (slow)	UNKNOWN STEP	2025-10-27T18:40:08.1098398Z #14 14.68 Updating Subscription Management repositories.
Test remote (slow)	UNKNOWN STEP	2025-10-27T18:40:08.3165948Z #14 14.68 Unable to read consumer identity
Test remote (slow)	UNKNOWN STEP	2025-10-27T18:40:08.3166454Z #14 14.68 
Test remote (slow)	UNKNOWN STEP	2025-10-27T18:40:08.3167116Z #14 14.68 This system is not registered with an entitlement server. You can use subscription-manager to register.
Test remote (slow)	UNKNOWN STEP	2025-10-27T18:40:08.3167993Z #14 14.68 
Test remote (slow)	UNKNOWN STEP	2025-10-27T18:40:08.3168284Z #14 14.69 26 files removed
Test remote (slow)	UNKNOWN STEP	2025-10-27T18:40:08.3170280Z #14 14.73 + rm -rf /tmp/null/rootfs/var/cache/bpf /tmp/null/rootfs/var/cache/dnf /tmp/null/rootfs/var/cache/ldconfig /tmp/null/rootfs/var/log/dnf.librepo.log /tmp/null/rootfs/var/log/dnf.log /tmp/null/rootfs/var/log/dnf.rpm.log '/tmp/null/rootfs/var/log/yum.*'
Test remote (slow)	UNKNOWN STEP	2025-10-27T18:40:08.3172238Z #14 14.73 ==> Building dependency tree
Test remote (slow)	UNKNOWN STEP	2025-10-27T18:40:08.5699885Z #14 15.14 ==> 42 packages to erase:
Test remote (slow)	UNKNOWN STEP	2025-10-27T18:40:08.7252139Z #14 15.14 alsa-lib
Test remote (slow)	UNKNOWN STEP	2025-10-27T18:40:08.7252524Z #14 15.14 avahi-libs
Test remote (slow)	UNKNOWN STEP	2025-10-27T18:40:08.7252857Z #14 15.14 bzip2-libs
Test remote (slow)	UNKNOWN STEP	2025-10-27T18:40:08.7253187Z #14 15.14 copy-jdk-configs
Test remote (slow)	UNKNOWN STEP	2025-10-27T18:40:08.7253558Z #14 15.14 cups-libs
Test remote (slow)	UNKNOWN STEP	2025-10-27T18:40:08.7253889Z #14 15.14 dbus-libs
Test remote (slow)	UNKNOWN STEP	2025-10-27T18:40:08.7254174Z #14 15.14 expat
Test remote (slow)	UNKNOWN STEP	2025-10-27T18:40:08.7254462Z #14 15.14 gawk
Test remote (slow)	UNKNOWN STEP	2025-10-27T18:40:08.7254750Z #14 15.14 gdbm-libs
Test remote (slow)	UNKNOWN STEP	2025-10-27T18:40:08.7255044Z #14 15.14 gmp
Test remote (slow)	UNKNOWN STEP	2025-10-27T18:40:08.7255327Z #14 15.14 gnutls
Test remote (slow)	UNKNOWN STEP	2025-10-27T18:40:08.7255629Z #14 15.14 gpg-pubkey
Test remote (slow)	UNKNOWN STEP	2025-10-27T18:40:08.7255949Z #14 15.14 keyutils-libs
Test remote (slow)	UNKNOWN STEP	2025-10-27T18:40:08.7256272Z #14 15.14 krb5-libs
Test remote (slow)	UNKNOWN STEP	2025-10-27T18:40:08.7256570Z #14 15.14 libcom_err
Test remote (slow)	UNKNOWN STEP	2025-10-27T18:40:08.7256869Z #14 15.14 libevent
Test remote (slow)	UNKNOWN STEP	2025-10-27T18:40:08.7257155Z #14 15.14 libffi
Test remote (slow)	UNKNOWN STEP	2025-10-27T18:40:08.7257442Z #14 15.14 libgcrypt
Test remote (slow)	UNKNOWN STEP	2025-10-27T18:40:08.7257750Z #14 15.14 libgpg-error
Test remote (slow)	UNKNOWN STEP	2025-10-27T18:40:08.7258056Z #14 15.14 libidn2
Test remote (slow)	UNKNOWN STEP	2025-10-27T18:40:08.7258358Z #14 15.14 libunistring
Test remote (slow)	UNKNOWN STEP	2025-10-27T18:40:08.7258665Z #14 15.14 libuuid
Test remote (slow)	UNKNOWN STEP	2025-10-27T18:40:08.7258943Z #14 15.14 libverto
Test remote (slow)	UNKNOWN STEP	2025-10-27T18:40:08.7259235Z #14 15.14 libxcrypt
Test remote (slow)	UNKNOWN STEP	2025-10-27T18:40:08.7259585Z #14 15.14 libzstd
Test remote (slow)	UNKNOWN STEP	2025-10-27T18:40:08.7260081Z #14 15.14 lua
Test remote (slow)	UNKNOWN STEP	2025-10-27T18:40:08.7260366Z #14 15.14 lua-libs
Test remote (slow)	UNKNOWN STEP	2025-10-27T18:40:08.7260667Z #14 15.14 lua-posix
Test remote (slow)	UNKNOWN STEP	2025-10-27T18:40:08.7260967Z #14 15.14 lz4-libs
Test remote (slow)	UNKNOWN STEP	2025-10-27T18:40:08.7261251Z #14 15.14 mpfr
Test remote (slow)	UNKNOWN STEP	2025-10-27T18:40:08.7261517Z #14 15.14 nettle
Test remote (slow)	UNKNOWN STEP	2025-10-27T18:40:08.7261832Z #14 15.14 openssl-fips-provider
Test remote (slow)	UNKNOWN STEP	2025-10-27T18:40:08.7262234Z #14 15.14 openssl-fips-provider-so
Test remote (slow)	UNKNOWN STEP	2025-10-27T18:40:08.7262631Z #14 15.14 openssl-libs
Test remote (slow)	UNKNOWN STEP	2025-10-27T18:40:08.7262936Z #14 15.14 p11-kit
Test remote (slow)	UNKNOWN STEP	2025-10-27T18:40:08.7263221Z #14 15.14 python3
Test remote (slow)	UNKNOWN STEP	2025-10-27T18:40:08.7263537Z #14 15.14 python3-libs
Test remote (slow)	UNKNOWN STEP	2025-10-27T18:40:08.7263860Z #14 15.14 python3-pip-wheel
Test remote (slow)	UNKNOWN STEP	2025-10-27T18:40:08.7264236Z #14 15.14 python3-setuptools-wheel
Test remote (slow)	UNKNOWN STEP	2025-10-27T18:40:08.7264616Z #14 15.14 readline
Test remote (slow)	UNKNOWN STEP	2025-10-27T18:40:08.7264911Z #14 15.14 systemd-libs
Test remote (slow)	UNKNOWN STEP	2025-10-27T18:40:08.7265213Z #14 15.14 xz-libs
Test remote (slow)	UNKNOWN STEP	2025-10-27T18:40:08.7265523Z #14 15.14 ==> 43 packages to keep:
Test remote (slow)	UNKNOWN STEP	2025-10-27T18:40:08.7265892Z #14 15.14 alternatives
Test remote (slow)	UNKNOWN STEP	2025-10-27T18:40:08.7266193Z #14 15.14 basesystem
Test remote (slow)	UNKNOWN STEP	2025-10-27T18:40:08.7266489Z #14 15.14 bash
Test remote (slow)	UNKNOWN STEP	2025-10-27T18:40:08.7267080Z #14 15.14 ca-certificates
Test remote (slow)	UNKNOWN STEP	2025-10-27T18:40:08.7267431Z #14 15.14 coreutils-single
Test remote (slow)	UNKNOWN STEP	2025-10-27T18:40:08.7267788Z #14 15.14 crypto-policies
Test remote (slow)	UNKNOWN STEP	2025-10-27T18:40:08.7268170Z #14 15.14 crypto-policies-scripts
Test remote (slow)	UNKNOWN STEP	2025-10-27T18:40:08.7268554Z #14 15.14 filesystem
Test remote (slow)	UNKNOWN STEP	2025-10-27T18:40:08.7268857Z #14 15.14 findutils
Test remote (slow)	UNKNOWN STEP	2025-10-27T18:40:08.7269149Z #14 15.14 glibc
Test remote (slow)	UNKNOWN STEP	2025-10-27T18:40:08.7269432Z #14 15.14 glibc-common
Test remote (slow)	UNKNOWN STEP	2025-10-27T18:40:08.7269924Z #14 15.14 glibc-langpack-en
Test remote (slow)	UNKNOWN STEP	2025-10-27T18:40:08.7270274Z #14 15.14 grep
Test remote (slow)	UNKNOWN STEP	2025-10-27T18:40:08.7270580Z #14 15.14 java-21-openjdk-headless
Test remote (slow)	UNKNOWN STEP	2025-10-27T18:40:08.7270986Z #14 15.14 javapackages-filesystem
Test remote (slow)	UNKNOWN STEP	2025-10-27T18:40:08.7271359Z #14 15.14 libacl
Test remote (slow)	UNKNOWN STEP	2025-10-27T18:40:08.7271638Z #14 15.14 libattr
Test remote (slow)	UNKNOWN STEP	2025-10-27T18:40:08.7272132Z #14 15.14 libcap
Test remote (slow)	UNKNOWN STEP	2025-10-27T18:40:08.7272437Z #14 15.14 libgcc
Test remote (slow)	UNKNOWN STEP	2025-10-27T18:40:08.7272721Z #14 15.14 libselinux
Test remote (slow)	UNKNOWN STEP	2025-10-27T18:40:08.7273016Z #14 15.14 libsepol
Test remote (slow)	UNKNOWN STEP	2025-10-27T18:40:08.7273308Z #14 15.14 libsigsegv
Test remote (slow)	UNKNOWN STEP	2025-10-27T18:40:08.7273604Z #14 15.14 libtasn1
Test remote (slow)	UNKNOWN STEP	2025-10-27T18:40:08.7273898Z #14 15.14 lksctp-tools
Test remote (slow)	UNKNOWN STEP	2025-10-27T18:40:08.7274216Z #14 15.14 ncurses-base
Test remote (slow)	UNKNOWN STEP	2025-10-27T18:40:08.7274529Z #14 15.14 ncurses-libs
Test remote (slow)	UNKNOWN STEP	2025-10-27T18:40:08.7274826Z #14 15.14 nspr
Test remote (slow)	UNKNOWN STEP	2025-10-27T18:40:08.7275101Z #14 15.14 nss
Test remote (slow)	UNKNOWN STEP	2025-10-27T18:40:08.7275377Z #14 15.14 nss-softokn
Test remote (slow)	UNKNOWN STEP	2025-10-27T18:40:08.7275740Z #14 15.14 nss-softokn-freebl
Test remote (slow)	UNKNOWN STEP	2025-10-27T18:40:08.7276099Z #14 15.14 nss-sysinit
Test remote (slow)	UNKNOWN STEP	2025-10-27T18:40:08.7276403Z #14 15.14 nss-util
Test remote (slow)	UNKNOWN STEP	2025-10-27T18:40:08.7276692Z #14 15.14 p11-kit-trust
Test remote (slow)	UNKNOWN STEP	2025-10-27T18:40:08.7277009Z #14 15.14 pcre
Test remote (slow)	UNKNOWN STEP	2025-10-27T18:40:08.7277290Z #14 15.14 pcre2
Test remote (slow)	UNKNOWN STEP	2025-10-27T18:40:08.7277573Z #14 15.14 pcre2-syntax
Test remote (slow)	UNKNOWN STEP	2025-10-27T18:40:08.7277894Z #14 15.14 redhat-release
Test remote (slow)	UNKNOWN STEP	2025-10-27T18:40:08.7278221Z #14 15.14 sed
Test remote (slow)	UNKNOWN STEP	2025-10-27T18:40:08.7278486Z #14 15.14 setup
Test remote (slow)	UNKNOWN STEP	2025-10-27T18:40:08.7278773Z #14 15.14 sqlite-libs
Test remote (slow)	UNKNOWN STEP	2025-10-27T18:40:08.7279074Z #14 15.14 tzdata
Test remote (slow)	UNKNOWN STEP	2025-10-27T18:40:08.7279353Z #14 15.14 tzdata-java
Test remote (slow)	UNKNOWN STEP	2025-10-27T18:40:08.7279861Z #14 15.14 zlib
Test remote (slow)	UNKNOWN STEP	2025-10-27T18:40:08.7280152Z #14 15.14 
Test remote (slow)	UNKNOWN STEP	2025-10-27T18:40:08.7280445Z #14 15.14 ==> Erasing packages
Test remote (slow)	UNKNOWN STEP	2025-10-27T18:40:08.7280967Z #14 15.14 + xargs rpm -r /tmp/null/rootfs --erase --nodeps --allmatches
Test remote (slow)	UNKNOWN STEP	2025-10-27T18:40:08.8832531Z #14 15.45 
Test remote (slow)	UNKNOWN STEP	2025-10-27T18:40:08.8832907Z #14 15.45 ==> Packages erased ok!
Test remote (slow)	UNKNOWN STEP	2025-10-27T18:40:09.0478202Z #14 DONE 15.5s
Test remote (slow)	UNKNOWN STEP	2025-10-27T18:40:10.3540932Z 
Test remote (slow)	UNKNOWN STEP	2025-10-27T18:40:10.3541553Z #15 [stage-1 2/4] COPY --from=ubi-micro-build /tmp/null/rootfs/ /
Test remote (slow)	UNKNOWN STEP	2025-10-27T18:40:11.5792306Z #15 DONE 1.2s
Test remote (slow)	UNKNOWN STEP	2025-10-27T18:40:11.7328568Z 
Test remote (slow)	UNKNOWN STEP	2025-10-27T18:40:11.7329320Z #16 [stage-1 3/4] COPY --from=ubi-micro-build --chown=1000:0 /opt/keycloak /opt/keycloak
Test remote (slow)	UNKNOWN STEP	2025-10-27T18:40:12.1945550Z #16 DONE 0.6s
Test remote (slow)	UNKNOWN STEP	2025-10-27T18:40:12.3097962Z 
Test remote (slow)	UNKNOWN STEP	2025-10-27T18:40:12.3099492Z #17 [stage-1 4/4] RUN echo "keycloak:x:0:root" >> /etc/group &&     echo "keycloak:x:1000:0:keycloak user:/opt/keycloak:/sbin/nologin" >> /etc/passwd
Test remote (slow)	UNKNOWN STEP	2025-10-27T18:40:12.3100333Z #17 DONE 0.1s
Test remote (slow)	UNKNOWN STEP	2025-10-27T18:40:12.4614174Z 
Test remote (slow)	UNKNOWN STEP	2025-10-27T18:40:12.4615621Z #18 exporting to image
Test remote (slow)	UNKNOWN STEP	2025-10-27T18:40:12.4616404Z #18 exporting layers
Test remote (slow)	UNKNOWN STEP	2025-10-27T18:40:13.7423122Z #18 exporting layers 1.4s done
Test remote (slow)	UNKNOWN STEP	2025-10-27T18:40:13.7624914Z #18 writing image sha256:37e4d618d48b2d234e3adf777d84e5d57574791f0a7cdc88851ae463a5fe2e98 done
Test remote (slow)	UNKNOWN STEP	2025-10-27T18:40:13.7625778Z #18 naming to docker.io/library/keycloak:0.0.1-e27d92 done
Test remote (slow)	UNKNOWN STEP	2025-10-27T18:40:13.7626249Z #18 DONE 1.4s
Test remote (slow)	UNKNOWN STEP	2025-10-27T18:40:13.7692731Z + VERSION=0.0.1-e27d92
Test remote (slow)	UNKNOWN STEP	2025-10-27T18:40:13.7693129Z + KEYCLOAK_IMAGE=keycloak
Test remote (slow)	UNKNOWN STEP	2025-10-27T18:40:13.7693521Z + KEYCLOAK_CUSTOM_IMAGE=custom-keycloak
Test remote (slow)	UNKNOWN STEP	2025-10-27T18:40:13.7693950Z + echo 'Using version: 0.0.1-e27d92'
Test remote (slow)	UNKNOWN STEP	2025-10-27T18:40:13.7695923Z Using version: 0.0.1-e27d92
Test remote (slow)	UNKNOWN STEP	2025-10-27T18:40:13.7700792Z +++ dirname -- ./scripts/build-testing-docker-images.sh
Test remote (slow)	UNKNOWN STEP	2025-10-27T18:40:13.7712965Z ++ cd -- ./scripts
Test remote (slow)	UNKNOWN STEP	2025-10-27T18:40:13.7713305Z ++ pwd
Test remote (slow)	UNKNOWN STEP	2025-10-27T18:40:13.7715909Z + SCRIPT_DIR=/home/runner/work/keycloak/keycloak/operator/scripts
Test remote (slow)	UNKNOWN STEP	2025-10-27T18:40:13.7717845Z + docker build -f /home/runner/work/keycloak/keycloak/operator/scripts/Dockerfile-custom-image --build-arg IMAGE=keycloak --build-arg VERSION=0.0.1-e27d92 -t custom-keycloak:0.0.1-e27d92 /home/runner/work/keycloak/keycloak/operator/scripts
Test remote (slow)	UNKNOWN STEP	2025-10-27T18:40:14.1727460Z #0 building with "default" instance using docker driver
Test remote (slow)	UNKNOWN STEP	2025-10-27T18:40:14.1728723Z 
Test remote (slow)	UNKNOWN STEP	2025-10-27T18:40:14.1729138Z #1 [internal] load .dockerignore
Test remote (slow)	UNKNOWN STEP	2025-10-27T18:40:14.1729589Z #1 transferring context: 2B done
Test remote (slow)	UNKNOWN STEP	2025-10-27T18:40:14.1730257Z #1 DONE 0.0s
Test remote (slow)	UNKNOWN STEP	2025-10-27T18:40:14.1730437Z 
Test remote (slow)	UNKNOWN STEP	2025-10-27T18:40:14.1730706Z #2 [internal] load build definition from Dockerfile-custom-image
Test remote (slow)	UNKNOWN STEP	2025-10-27T18:40:14.1731277Z #2 transferring dockerfile: 209B done
Test remote (slow)	UNKNOWN STEP	2025-10-27T18:40:14.1731682Z #2 DONE 0.0s
Test remote (slow)	UNKNOWN STEP	2025-10-27T18:40:14.1731864Z 
Test remote (slow)	UNKNOWN STEP	2025-10-27T18:40:14.1732684Z #3 [internal] load metadata for docker.io/library/keycloak:0.0.1-e27d92
Test remote (slow)	UNKNOWN STEP	2025-10-27T18:40:14.1733317Z #3 DONE 0.0s
Test remote (slow)	UNKNOWN STEP	2025-10-27T18:40:14.1733496Z 
Test remote (slow)	UNKNOWN STEP	2025-10-27T18:40:14.1733701Z #4 [1/2] FROM docker.io/library/keycloak:0.0.1-e27d92
Test remote (slow)	UNKNOWN STEP	2025-10-27T18:40:14.1734153Z #4 DONE 0.0s
Test remote (slow)	UNKNOWN STEP	2025-10-27T18:40:14.1734331Z 
Test remote (slow)	UNKNOWN STEP	2025-10-27T18:40:14.1734837Z #5 [2/2] RUN /opt/keycloak/bin/kc.sh build --db=postgres --health-enabled=true --features=rolling-updates
Test remote (slow)	UNKNOWN STEP	2025-10-27T18:40:14.9070586Z #5 0.885 Updating the configuration and installing your custom providers, if any. Please wait.
Test remote (slow)	UNKNOWN STEP	2025-10-27T18:40:23.3306120Z #5 9.306 2025-10-27 18:40:23,327 INFO  [io.quarkus.deployment.QuarkusAugmentor] (main) Quarkus augmentation completed in 7535ms
Test remote (slow)	UNKNOWN STEP	2025-10-27T18:40:23.5463325Z #5 9.330 Server configuration updated and persisted. Run the following command to review the configuration:
Test remote (slow)	UNKNOWN STEP	2025-10-27T18:40:23.5464165Z #5 9.330 
Test remote (slow)	UNKNOWN STEP	2025-10-27T18:40:23.5464480Z #5 9.330 	kc.sh show-config
Test remote (slow)	UNKNOWN STEP	2025-10-27T18:40:23.5464830Z #5 9.330 
Test remote (slow)	UNKNOWN STEP	2025-10-27T18:40:23.5465094Z #5 DONE 9.4s
Test remote (slow)	UNKNOWN STEP	2025-10-27T18:40:23.5465300Z 
Test remote (slow)	UNKNOWN STEP	2025-10-27T18:40:23.5465438Z #6 exporting to image
Test remote (slow)	UNKNOWN STEP	2025-10-27T18:40:23.5465790Z #6 exporting layers
Test remote (slow)	UNKNOWN STEP	2025-10-27T18:40:24.0074518Z #6 exporting layers 0.6s done
Test remote (slow)	UNKNOWN STEP	2025-10-27T18:40:24.0271073Z #6 writing image sha256:83e1b9042eb0f6049a8b22249ed5f77a4980236cdd973f27ca447f56dc707f1d done
Test remote (slow)	UNKNOWN STEP	2025-10-27T18:40:24.0272060Z #6 naming to docker.io/library/custom-keycloak:0.0.1-e27d92 done
Test remote (slow)	UNKNOWN STEP	2025-10-27T18:40:24.0272639Z #6 DONE 0.6s
Test remote (slow)	UNKNOWN STEP	2025-10-27T18:40:24.0367266Z ##[group]Run declare -A PARAMS
Test remote (slow)	UNKNOWN STEP	2025-10-27T18:40:24.0367928Z [36;1mdeclare -A PARAMS[0m
Test remote (slow)	UNKNOWN STEP	2025-10-27T18:40:24.0368402Z [36;1mPARAMS["slow"]="-Dkc.quarkus.tests.groups=slow"[0m
Test remote (slow)	UNKNOWN STEP	2025-10-27T18:40:24.0369013Z [36;1mPARAMS["fast"]='-Dkc.quarkus.tests.groups=!slow'[0m
Test remote (slow)	UNKNOWN STEP	2025-10-27T18:40:24.0369504Z [36;1m[0m
Test remote (slow)	UNKNOWN STEP	2025-10-27T18:40:24.0370525Z [36;1meval $(minikube -p minikube docker-env)[0m
Test remote (slow)	UNKNOWN STEP	2025-10-27T18:40:24.0371136Z [36;1m./mvnw install -Poperator -pl :keycloak-operator -am \[0m
Test remote (slow)	UNKNOWN STEP	2025-10-27T18:40:24.0371767Z [36;1m    -Dquarkus.container-image.build=true \[0m
Test remote (slow)	UNKNOWN STEP	2025-10-27T18:40:24.0372420Z [36;1m    -Dquarkus.kubernetes.image-pull-policy=IfNotPresent \[0m
Test remote (slow)	UNKNOWN STEP	2025-10-27T18:40:24.0373123Z [36;1m    -Dkc.operator.keycloak.image=keycloak:0.0.1-e27d92 \[0m
Test remote (slow)	UNKNOWN STEP	2025-10-27T18:40:24.0373994Z [36;1m    -Dquarkus.kubernetes.env.vars.kc-operator-keycloak-image-pull-policy=Never \[0m
Test remote (slow)	UNKNOWN STEP	2025-10-27T18:40:24.0374915Z [36;1m    -Dtest.operator.custom.image=custom-keycloak:0.0.1-e27d92 \[0m
Test remote (slow)	UNKNOWN STEP	2025-10-27T18:40:24.0375809Z [36;1m    --no-transfer-progress -Dtest.operator.deployment=remote ${PARAMS["slow"]}[0m
Test remote (slow)	UNKNOWN STEP	2025-10-27T18:40:24.0422167Z shell: /usr/bin/bash --noprofile --norc -e -o pipefail {0}
Test remote (slow)	UNKNOWN STEP	2025-10-27T18:40:24.0422721Z env:
Test remote (slow)	UNKNOWN STEP	2025-10-27T18:40:24.0423189Z   MAVEN_ARGS: -B -nsu -Daether.connector.http.connectionMaxTtl=25
Test remote (slow)	UNKNOWN STEP	2025-10-27T18:40:24.0423801Z   MINIKUBE_VERSION: v1.32.0
Test remote (slow)	UNKNOWN STEP	2025-10-27T18:40:24.0424228Z   KUBERNETES_VERSION: v1.27.10
Test remote (slow)	UNKNOWN STEP	2025-10-27T18:40:24.0424642Z   MINIKUBE_MEMORY: 4096
Test remote (slow)	UNKNOWN STEP	2025-10-27T18:40:24.0425009Z   version_remote: 0.0.1-e27d92
Test remote (slow)	UNKNOWN STEP	2025-10-27T18:40:24.0425591Z   JAVA_HOME: /opt/hostedtoolcache/Java_Temurin-Hotspot_jdk/21.0.8-9/x64
Test remote (slow)	UNKNOWN STEP	2025-10-27T18:40:24.0426461Z   JAVA_HOME_21_X64: /opt/hostedtoolcache/Java_Temurin-Hotspot_jdk/21.0.8-9/x64
Test remote (slow)	UNKNOWN STEP	2025-10-27T18:40:24.0427172Z   MINIKUBE_HOME: /home/runner/work/_temp
Test remote (slow)	UNKNOWN STEP	2025-10-27T18:40:24.0427608Z ##[endgroup]
Test remote (slow)	UNKNOWN STEP	2025-10-27T18:40:46.1432109Z [INFO] Loading cache configuration from /home/runner/work/keycloak/keycloak/.mvn/maven-build-cache-config.xml
Test remote (slow)	UNKNOWN STEP	2025-10-27T18:40:46.1568365Z [INFO] Scanning for projects...
Test remote (slow)	UNKNOWN STEP	2025-10-27T18:40:47.8481329Z [INFO] ------------------------------------------------------------------------
Test remote (slow)	UNKNOWN STEP	2025-10-27T18:40:47.8511844Z [INFO] Reactor Build Order:
Test remote (slow)	UNKNOWN STEP	2025-10-27T18:40:47.8512244Z [INFO] 
Test remote (slow)	UNKNOWN STEP	2025-10-27T18:40:47.8512634Z [INFO] Keycloak                                                           [pom]
Test remote (slow)	UNKNOWN STEP	2025-10-27T18:40:47.8513307Z [INFO] Keycloak Common                                                    [jar]
Test remote (slow)	UNKNOWN STEP	2025-10-27T18:40:47.8514000Z [INFO] Keycloak Core                                                      [jar]
Test remote (slow)	UNKNOWN STEP	2025-10-27T18:40:47.8514673Z [INFO] Keycloak Operator                                                  [jar]
Test remote (slow)	UNKNOWN STEP	2025-10-27T18:40:47.8546365Z [INFO] 
Test remote (slow)	UNKNOWN STEP	2025-10-27T18:40:47.8550645Z [INFO] --------------------< org.keycloak:keycloak-parent >--------------------
Test remote (slow)	UNKNOWN STEP	2025-10-27T18:40:47.8551435Z [INFO] Building Keycloak 999.0.0-SNAPSHOT                                 [1/4]
Test remote (slow)	UNKNOWN STEP	2025-10-27T18:40:47.8552145Z [INFO]   from pom.xml
Test remote (slow)	UNKNOWN STEP	2025-10-27T18:40:47.8552688Z [INFO] --------------------------------[ pom ]---------------------------------
Test remote (slow)	UNKNOWN STEP	2025-10-27T18:40:53.5312224Z [INFO] 
Test remote (slow)	UNKNOWN STEP	2025-10-27T18:40:53.5314126Z [INFO] --- enforcer:3.0.0-M3:enforce (enforce-java-version) @ keycloak-parent ---
Test remote (slow)	UNKNOWN STEP	2025-10-27T18:41:16.0875893Z [INFO] 
Test remote (slow)	UNKNOWN STEP	2025-10-27T18:41:16.0880115Z [INFO] --- enforcer:3.0.0-M3:enforce (enforce-maven-version) @ keycloak-parent ---
Test remote (slow)	UNKNOWN STEP	2025-10-27T18:41:16.0910565Z [INFO] 
Test remote (slow)	UNKNOWN STEP	2025-10-27T18:41:16.0911328Z [INFO] --- buildnumber:1.4:create (get-scm-revision) @ keycloak-parent ---
Test remote (slow)	UNKNOWN STEP	2025-10-27T18:41:54.9121926Z [INFO] Executing: /bin/sh -c cd '/home/runner/work/keycloak/keycloak' && 'git' 'rev-parse' '--verify' 'HEAD'
Test remote (slow)	UNKNOWN STEP	2025-10-27T18:41:54.9123328Z [INFO] Working directory: /home/runner/work/keycloak/keycloak
Test remote (slow)	UNKNOWN STEP	2025-10-27T18:41:54.9883547Z [INFO] Storing buildNumber: e27d925fb73c77dc421c82dc939b84b4a68068b7 at timestamp: 1761590514898
Test remote (slow)	UNKNOWN STEP	2025-10-27T18:41:54.9943923Z [WARNING] Cannot get the branch information from the git repository: 
Test remote (slow)	UNKNOWN STEP	2025-10-27T18:41:54.9945574Z Detecting the current branch failed: fatal: ref HEAD is not a symbolic ref
Test remote (slow)	UNKNOWN STEP	2025-10-27T18:41:54.9946465Z 
Test remote (slow)	UNKNOWN STEP	2025-10-27T18:41:54.9957859Z [INFO] Executing: /bin/sh -c cd '/home/runner/work/keycloak/keycloak' && 'git' 'rev-parse' '--verify' 'HEAD'
Test remote (slow)	UNKNOWN STEP	2025-10-27T18:41:54.9959318Z [INFO] Working directory: /home/runner/work/keycloak/keycloak
Test remote (slow)	UNKNOWN STEP	2025-10-27T18:41:54.9986994Z [INFO] Storing buildScmBranch: UNKNOWN
Test remote (slow)	UNKNOWN STEP	2025-10-27T18:41:54.9992564Z [INFO] 
Test remote (slow)	UNKNOWN STEP	2025-10-27T18:41:54.9996384Z [INFO] --- source:3.1.0:jar-no-fork (attach-sources) @ keycloak-parent ---
Test remote (slow)	UNKNOWN STEP	2025-10-27T18:41:58.4678034Z [INFO] 
Test remote (slow)	UNKNOWN STEP	2025-10-27T18:41:58.4679084Z [INFO] --- install:2.5.2:install (default-install) @ keycloak-parent ---
Test remote (slow)	UNKNOWN STEP	2025-10-27T18:42:00.7738787Z [INFO] Installing /home/runner/work/keycloak/keycloak/pom.xml to /home/runner/.m2/repository/org/keycloak/keycloak-parent/999.0.0-SNAPSHOT/keycloak-parent-999.0.0-SNAPSHOT.pom
Test remote (slow)	UNKNOWN STEP	2025-10-27T18:42:00.7864046Z [INFO] 
Test remote (slow)	UNKNOWN STEP	2025-10-27T18:42:00.7864699Z [INFO] --------------------< org.keycloak:keycloak-common >--------------------
Test remote (slow)	UNKNOWN STEP	2025-10-27T18:42:00.7865583Z [INFO] Building Keycloak Common 999.0.0-SNAPSHOT                          [2/4]
Test remote (slow)	UNKNOWN STEP	2025-10-27T18:42:00.7866226Z [INFO]   from common/pom.xml
Test remote (slow)	UNKNOWN STEP	2025-10-27T18:42:00.7866738Z [INFO] --------------------------------[ jar ]---------------------------------
Test remote (slow)	UNKNOWN STEP	2025-10-27T18:42:05.1957040Z [INFO] 
Test remote (slow)	UNKNOWN STEP	2025-10-27T18:42:05.1957679Z [INFO] --- enforcer:3.0.0-M3:enforce (enforce-java-version) @ keycloak-common ---
Test remote (slow)	UNKNOWN STEP	2025-10-27T18:42:05.1973854Z [INFO] 
Test remote (slow)	UNKNOWN STEP	2025-10-27T18:42:05.1974422Z [INFO] --- enforcer:3.0.0-M3:enforce (enforce-maven-version) @ keycloak-common ---
Test remote (slow)	UNKNOWN STEP	2025-10-27T18:42:05.1981603Z [INFO] 
Test remote (slow)	UNKNOWN STEP	2025-10-27T18:42:05.1982130Z [INFO] --- buildnumber:1.4:create (get-scm-revision) @ keycloak-common ---
Test remote (slow)	UNKNOWN STEP	2025-10-27T18:42:05.1995156Z [INFO] 
Test remote (slow)	UNKNOWN STEP	2025-10-27T18:42:05.1995795Z [INFO] --- resources:3.2.0:resources (default-resources) @ keycloak-common ---
Test remote (slow)	UNKNOWN STEP	2025-10-27T18:42:22.4823529Z [INFO] Using 'UTF-8' encoding to copy filtered resources.
Test remote (slow)	UNKNOWN STEP	2025-10-27T18:42:22.4825534Z [INFO] Using 'UTF-8' encoding to copy filtered properties files.
Test remote (slow)	UNKNOWN STEP	2025-10-27T18:42:22.4848601Z [INFO] Copying 1 resource
Test remote (slow)	UNKNOWN STEP	2025-10-27T18:42:22.5026597Z [INFO] The encoding used to copy filtered properties files have not been set. This means that the same encoding will be used to copy filtered properties files as when copying other filtered resources. This might not be what you want! Run your build with --debug to see which files might be affected. Read more at https://maven.apache.org/plugins/maven-resources-plugin/examples/filtering-properties-files.html
Test remote (slow)	UNKNOWN STEP	2025-10-27T18:42:22.5029474Z [INFO] 
Test remote (slow)	UNKNOWN STEP	2025-10-27T18:42:22.5033136Z [INFO] --- compiler:3.8.1:compile (default-compile) @ keycloak-common ---
Test remote (slow)	UNKNOWN STEP	2025-10-27T18:42:28.1984737Z [INFO] Changes detected - recompiling the module!
Test remote (slow)	UNKNOWN STEP	2025-10-27T18:42:28.2003255Z [INFO] Compiling 71 source files to /home/runner/work/keycloak/keycloak/common/target/classes
Test remote (slow)	UNKNOWN STEP	2025-10-27T18:42:31.2407033Z [WARNING] source value 8 is obsolete and will be removed in a future release
Test remote (slow)	UNKNOWN STEP	2025-10-27T18:42:31.2407931Z [WARNING] target value 8 is obsolete and will be removed in a future release
Test remote (slow)	UNKNOWN STEP	2025-10-27T18:42:31.2408772Z [WARNING] To suppress warnings about obsolete options, use -Xlint:-options.
Test remote (slow)	UNKNOWN STEP	2025-10-27T18:42:31.2410809Z [WARNING] /home/runner/work/keycloak/keycloak/common/src/main/java/org/keycloak/common/util/reflections/Types.java:[84,38] unchecked call to isAssignableFrom(java.lang.Class<?>) as a member of the raw type java.lang.Class
Test remote (slow)	UNKNOWN STEP	2025-10-27T18:42:31.2413681Z [WARNING] /home/runner/work/keycloak/keycloak/common/src/main/java/org/keycloak/common/util/reflections/Types.java:[172,44] unchecked call to isAssignableFrom(java.lang.Class<?>) as a member of the raw type java.lang.Class
Test remote (slow)	UNKNOWN STEP	2025-10-27T18:42:31.2420790Z [WARNING] /home/runner/work/keycloak/keycloak/common/src/main/java/org/keycloak/common/util/reflections/Types.java:[233,35] unchecked call to getMethod(java.lang.String,java.lang.Class<?>...) as a member of the raw type java.lang.Class
Test remote (slow)	UNKNOWN STEP	2025-10-27T18:42:31.2429907Z [WARNING] /home/runner/work/keycloak/keycloak/common/src/main/java/org/keycloak/common/util/reflections/Types.java:[241,41] unchecked call to getMethod(java.lang.String,java.lang.Class<?>...) as a member of the raw type java.lang.Class
Test remote (slow)	UNKNOWN STEP	2025-10-27T18:42:31.2432483Z [WARNING] /home/runner/work/keycloak/keycloak/common/src/main/java/org/keycloak/common/util/reflections/Reflections.java:[267,48] unchecked cast
Test remote (slow)	UNKNOWN STEP	2025-10-27T18:42:31.2433689Z   required: java.lang.Class<T>
Test remote (slow)	UNKNOWN STEP	2025-10-27T18:42:31.2434144Z   found:    java.lang.Class<capture#1 of ?>
Test remote (slow)	UNKNOWN STEP	2025-10-27T18:42:31.2435386Z [WARNING] /home/runner/work/keycloak/keycloak/common/src/main/java/org/keycloak/common/util/reflections/Reflections.java:[269,48] unchecked cast
Test remote (slow)	UNKNOWN STEP	2025-10-27T18:42:31.2436604Z   required: java.lang.Class<T>
Test remote (slow)	UNKNOWN STEP	2025-10-27T18:42:31.2437016Z   found:    java.lang.Class<capture#2 of ?>
Test remote (slow)	UNKNOWN STEP	2025-10-27T18:42:31.2438210Z [WARNING] /home/runner/work/keycloak/keycloak/common/src/main/java/org/keycloak/common/util/reflections/Reflections.java:[274,52] unchecked cast
Test remote (slow)	UNKNOWN STEP	2025-10-27T18:42:31.2439421Z   required: java.lang.Class<T>
Test remote (slow)	UNKNOWN STEP	2025-10-27T18:42:31.2439997Z   found:    java.lang.Class<capture#3 of ?>
Test remote (slow)	UNKNOWN STEP	2025-10-27T18:42:31.2441206Z [WARNING] /home/runner/work/keycloak/keycloak/common/src/main/java/org/keycloak/common/util/reflections/Reflections.java:[1013,86] unchecked cast
Test remote (slow)	UNKNOWN STEP	2025-10-27T18:42:31.2442471Z   required: T
Test remote (slow)	UNKNOWN STEP	2025-10-27T18:42:31.2443462Z   found:    java.lang.Object
Test remote (slow)	UNKNOWN STEP	2025-10-27T18:42:31.2444834Z [WARNING] /home/runner/work/keycloak/keycloak/common/src/main/java/org/keycloak/common/util/MultivaluedMap.java:[34,34] Possible heap pollution from parameterized vararg type V
Test remote (slow)	UNKNOWN STEP	2025-10-27T18:42:31.2447451Z [WARNING] /home/runner/work/keycloak/keycloak/common/src/main/java/org/keycloak/common/util/Encode.java:[210,48] encode(java.lang.String) in java.net.URLEncoder has been deprecated
Test remote (slow)	UNKNOWN STEP	2025-10-27T18:42:31.2450025Z [WARNING] /home/runner/work/keycloak/keycloak/common/src/main/java/org/keycloak/common/util/Resteasy.java:[48,44] unchecked cast
Test remote (slow)	UNKNOWN STEP	2025-10-27T18:42:31.2451342Z   required: R
Test remote (slow)	UNKNOWN STEP	2025-10-27T18:42:31.2451648Z   found:    java.lang.Object
Test remote (slow)	UNKNOWN STEP	2025-10-27T18:42:31.2452648Z [WARNING] /home/runner/work/keycloak/keycloak/common/src/main/java/org/keycloak/common/util/Resteasy.java:[67,44] unchecked cast
Test remote (slow)	UNKNOWN STEP	2025-10-27T18:42:31.2453655Z   required: R
Test remote (slow)	UNKNOWN STEP	2025-10-27T18:42:31.2453960Z   found:    java.lang.Object
Test remote (slow)	UNKNOWN STEP	2025-10-27T18:42:31.2455526Z [WARNING] /home/runner/work/keycloak/keycloak/common/src/main/java/org/keycloak/common/util/Resteasy.java:[78,20] unchecked method invocation: method pushContext in class org.keycloak.common.util.Resteasy is applied to given types
Test remote (slow)	UNKNOWN STEP	2025-10-27T18:42:31.2457234Z   required: java.lang.Class<R>,R
Test remote (slow)	UNKNOWN STEP	2025-10-27T18:42:31.2457683Z   found:    java.lang.Class,java.lang.Object
Test remote (slow)	UNKNOWN STEP	2025-10-27T18:42:31.2458807Z [WARNING] /home/runner/work/keycloak/keycloak/common/src/main/java/org/keycloak/common/util/Resteasy.java:[78,21] unchecked conversion
Test remote (slow)	UNKNOWN STEP	2025-10-27T18:42:31.2460088Z   required: java.lang.Class<R>
Test remote (slow)	UNKNOWN STEP	2025-10-27T18:42:31.2460490Z   found:    java.lang.Class
Test remote (slow)	UNKNOWN STEP	2025-10-27T18:42:31.2460858Z [INFO] 
Test remote (slow)	UNKNOWN STEP	2025-10-27T18:42:31.2461414Z [INFO] --- resources:3.2.0:testResources (default-testResources) @ keycloak-common ---
Test remote (slow)	UNKNOWN STEP	2025-10-27T18:42:31.2462219Z [INFO] Using 'UTF-8' encoding to copy filtered resources.
Test remote (slow)	UNKNOWN STEP	2025-10-27T18:42:31.2462860Z [INFO] Using 'UTF-8' encoding to copy filtered properties files.
Test remote (slow)	UNKNOWN STEP	2025-10-27T18:42:31.2463797Z [INFO] skip non existing resourceDirectory /home/runner/work/keycloak/keycloak/common/src/test/resources
Test remote (slow)	UNKNOWN STEP	2025-10-27T18:42:31.2464606Z [INFO] 
Test remote (slow)	UNKNOWN STEP	2025-10-27T18:42:31.2465109Z [INFO] --- compiler:3.8.1:testCompile (default-testCompile) @ keycloak-common ---
Test remote (slow)	UNKNOWN STEP	2025-10-27T18:42:31.2504545Z [INFO] Changes detected - recompiling the module!
Test remote (slow)	UNKNOWN STEP	2025-10-27T18:42:31.2519197Z [INFO] Compiling 15 source files to /home/runner/work/keycloak/keycloak/common/target/test-classes
Test remote (slow)	UNKNOWN STEP	2025-10-27T18:42:31.5545205Z [WARNING] source value 8 is obsolete and will be removed in a future release
Test remote (slow)	UNKNOWN STEP	2025-10-27T18:42:31.5548775Z [WARNING] target value 8 is obsolete and will be removed in a future release
Test remote (slow)	UNKNOWN STEP	2025-10-27T18:42:31.5570575Z [WARNING] To suppress warnings about obsolete options, use -Xlint:-options.
Test remote (slow)	UNKNOWN STEP	2025-10-27T18:42:31.5572094Z [INFO] 
Test remote (slow)	UNKNOWN STEP	2025-10-27T18:42:31.5572882Z [INFO] --- surefire:3.5.2:test (default-test) @ keycloak-common ---
Test remote (slow)	UNKNOWN STEP	2025-10-27T18:42:38.3024292Z [INFO] Using auto detected provider org.apache.maven.surefire.junit4.JUnit4Provider
Test remote (slow)	UNKNOWN STEP	2025-10-27T18:42:40.6479079Z [INFO] 
Test remote (slow)	UNKNOWN STEP	2025-10-27T18:42:40.6479615Z [INFO] -------------------------------------------------------
Test remote (slow)	UNKNOWN STEP	2025-10-27T18:42:40.6511657Z [INFO]  T E S T S
Test remote (slow)	UNKNOWN STEP	2025-10-27T18:42:40.6512076Z [INFO] -------------------------------------------------------
Test remote (slow)	UNKNOWN STEP	2025-10-27T18:42:41.3462917Z [INFO] Running org.keycloak.common.ProfileTest
Test remote (slow)	UNKNOWN STEP	2025-10-27T18:42:41.6226460Z Oct 27, 2025 6:42:41 PM org.keycloak.common.Profile logUnsupportedFeatures
Test remote (slow)	UNKNOWN STEP	2025-10-27T18:42:41.6230511Z INFO: Preview features enabled: token-exchange:v1
Test remote (slow)	UNKNOWN STEP	2025-10-27T18:42:41.6231236Z Oct 27, 2025 6:42:41 PM org.keycloak.common.Profile logUnsupportedFeatures
Test remote (slow)	UNKNOWN STEP	2025-10-27T18:42:41.6232003Z WARN: Experimental features enabled: dynamic-scopes:v1
Test remote (slow)	UNKNOWN STEP	2025-10-27T18:42:41.6232756Z Oct 27, 2025 6:42:41 PM org.keycloak.common.Profile logUnsupportedFeatures
Test remote (slow)	UNKNOWN STEP	2025-10-27T18:42:41.6233432Z WARN: Deprecated features enabled: login:v1
Test remote (slow)	UNKNOWN STEP	2025-10-27T18:42:41.6352878Z Oct 27, 2025 6:42:41 PM org.keycloak.common.Profile logUnsupportedFeatures
Test remote (slow)	UNKNOWN STEP	2025-10-27T18:42:41.6360910Z INFO: Preview features enabled: client-secret-rotation:v1, dpop:v1, passkeys:v1, recovery-codes:v1, scripts:v1, token-exchange:v1, update-email:v1
Test remote (slow)	UNKNOWN STEP	2025-10-27T18:42:41.6395585Z Oct 27, 2025 6:42:41 PM org.keycloak.common.Profile logUnsupportedFeatures
Test remote (slow)	UNKNOWN STEP	2025-10-27T18:42:41.6398454Z INFO: Preview features enabled: token-exchange:v1
Test remote (slow)	UNKNOWN STEP	2025-10-27T18:42:41.6401179Z Oct 27, 2025 6:42:41 PM org.keycloak.common.Profile logUnsupportedFeatures
Test remote (slow)	UNKNOWN STEP	2025-10-27T18:42:41.6402185Z WARN: Experimental features enabled: dynamic-scopes:v1
Test remote (slow)	UNKNOWN STEP	2025-10-27T18:42:41.6403141Z Oct 27, 2025 6:42:41 PM org.keycloak.common.Profile logUnsupportedFeatures
Test remote (slow)	UNKNOWN STEP	2025-10-27T18:42:41.6404633Z WARN: Deprecated features enabled: login:v1
Test remote (slow)	UNKNOWN STEP	2025-10-27T18:42:41.6438516Z Oct 27, 2025 6:42:41 PM org.keycloak.common.Profile logUnsupportedFeatures
Test remote (slow)	UNKNOWN STEP	2025-10-27T18:42:41.6439193Z INFO: Preview features enabled: token-exchange:v1
Test remote (slow)	UNKNOWN STEP	2025-10-27T18:42:41.6462343Z Oct 27, 2025 6:42:41 PM org.keycloak.common.Profile logUnsupportedFeatures
Test remote (slow)	UNKNOWN STEP	2025-10-27T18:42:41.6465064Z INFO: Preview features enabled: client-secret-rotation:v1, dpop:v1, passkeys:v1, recovery-codes:v1, scripts:v1, token-exchange:v1, update-email:v1
Test remote (slow)	UNKNOWN STEP	2025-10-27T18:42:41.6568437Z Oct 27, 2025 6:42:41 PM org.keycloak.common.util.KerberosJdkProvider isKerberosAvailable
Test remote (slow)	UNKNOWN STEP	2025-10-27T18:42:41.6574388Z WARN: Kerberos feature not supported by JDK. Check security providers for your JDK in java.security. Supported mechanisms: []
Test remote (slow)	UNKNOWN STEP	2025-10-27T18:42:41.6577860Z Oct 27, 2025 6:42:41 PM org.keycloak.common.util.KerberosJdkProvider isKerberosAvailable
Test remote (slow)	UNKNOWN STEP	2025-10-27T18:42:41.6580508Z WARN: Kerberos feature not supported by JDK. Check security providers for your JDK in java.security. Supported mechanisms: []
Test remote (slow)	UNKNOWN STEP	2025-10-27T18:42:41.6600623Z Oct 27, 2025 6:42:41 PM org.keycloak.common.util.KerberosJdkProvider isKerberosAvailable
Test remote (slow)	UNKNOWN STEP	2025-10-27T18:42:41.6603169Z WARN: Kerberos feature not supported by JDK. Check security providers for your JDK in java.security. Supported mechanisms: []
Test remote (slow)	UNKNOWN STEP	2025-10-27T18:42:41.6616093Z Oct 27, 2025 6:42:41 PM org.keycloak.common.util.KerberosJdkProvider isKerberosAvailable
Test remote (slow)	UNKNOWN STEP	2025-10-27T18:42:41.6617494Z WARN: Kerberos feature not supported by JDK. Check security providers for your JDK in java.security. Supported mechanisms: []
Test remote (slow)	UNKNOWN STEP	2025-10-27T18:42:41.6618552Z Oct 27, 2025 6:42:41 PM org.keycloak.common.Profile logUnsupportedFeatures
Test remote (slow)	UNKNOWN STEP	2025-10-27T18:42:41.6619219Z INFO: Preview features enabled: token-exchange:v1
Test remote (slow)	UNKNOWN STEP	2025-10-27T18:42:41.6620026Z Oct 27, 2025 6:42:41 PM org.keycloak.common.Profile logUnsupportedFeatures
Test remote (slow)	UNKNOWN STEP	2025-10-27T18:42:41.6620697Z WARN: Experimental features enabled: dynamic-scopes:v1
Test remote (slow)	UNKNOWN STEP	2025-10-27T18:42:41.6621355Z Oct 27, 2025 6:42:41 PM org.keycloak.common.Profile logUnsupportedFeatures
Test remote (slow)	UNKNOWN STEP	2025-10-27T18:42:41.6621998Z WARN: Deprecated features enabled: login:v1
Test remote (slow)	UNKNOWN STEP	2025-10-27T18:42:41.6991793Z [INFO] Tests run: 16, Failures: 0, Errors: 0, Skipped: 0, Time elapsed: 0.321 s -- in org.keycloak.common.ProfileTest
Test remote (slow)	UNKNOWN STEP	2025-10-27T18:42:41.6993190Z [INFO] Running org.keycloak.common.crypto.CryptoIntegrationTest
Test remote (slow)	UNKNOWN STEP	2025-10-27T18:42:41.7167141Z [INFO] Tests run: 1, Failures: 0, Errors: 0, Skipped: 0, Time elapsed: 0 s -- in org.keycloak.common.crypto.CryptoIntegrationTest
Test remote (slow)	UNKNOWN STEP	2025-10-27T18:42:41.7168258Z [INFO] Running org.keycloak.common.enums.SslRequiredTest
Test remote (slow)	UNKNOWN STEP	2025-10-27T18:42:41.7184642Z [INFO] Tests run: 1, Failures: 0, Errors: 0, Skipped: 0, Time elapsed: 0 s -- in org.keycloak.common.enums.SslRequiredTest
Test remote (slow)	UNKNOWN STEP	2025-10-27T18:42:41.7185647Z [INFO] Running org.keycloak.common.util.Base64DecodeTest
Test remote (slow)	UNKNOWN STEP	2025-10-27T18:42:41.7291244Z [INFO] Tests run: 5, Failures: 0, Errors: 0, Skipped: 0, Time elapsed: 0.001 s -- in org.keycloak.common.util.Base64DecodeTest
Test remote (slow)	UNKNOWN STEP	2025-10-27T18:42:41.7326065Z [INFO] Running org.keycloak.common.util.CollectionUtilTest
Test remote (slow)	UNKNOWN STEP	2025-10-27T18:42:41.7327178Z [INFO] Tests run: 6, Failures: 0, Errors: 0, Skipped: 0, Time elapsed: 0 s -- in org.keycloak.common.util.CollectionUtilTest
Test remote (slow)	UNKNOWN STEP	2025-10-27T18:42:41.7340125Z [INFO] Running org.keycloak.common.util.HtmlUtilsTest
Test remote (slow)	UNKNOWN STEP	2025-10-27T18:42:41.7361359Z [INFO] Tests run: 1, Failures: 0, Errors: 0, Skipped: 0, Time elapsed: 0 s -- in org.keycloak.common.util.HtmlUtilsTest
Test remote (slow)	UNKNOWN STEP	2025-10-27T18:42:41.7362402Z [INFO] Running org.keycloak.common.util.KeyUtilsTest
Test remote (slow)	UNKNOWN STEP	2025-10-27T18:42:41.7421050Z [INFO] Tests run: 1, Failures: 0, Errors: 0, Skipped: 0, Time elapsed: 0.001 s -- in org.keycloak.common.util.KeyUtilsTest
Test remote (slow)	UNKNOWN STEP	2025-10-27T18:42:41.7424302Z [INFO] Running org.keycloak.common.util.KeycloakUriBuilderTest
Test remote (slow)	UNKNOWN STEP	2025-10-27T18:42:41.7486599Z [INFO] Tests run: 5, Failures: 0, Errors: 0, Skipped: 0, Time elapsed: 0.001 s -- in org.keycloak.common.util.KeycloakUriBuilderTest
Test remote (slow)	UNKNOWN STEP	2025-10-27T18:42:41.7490153Z [INFO] Running org.keycloak.common.util.KeystoreUtilTest
Test remote (slow)	UNKNOWN STEP	2025-10-27T18:42:41.7560882Z [INFO] Tests run: 2, Failures: 0, Errors: 0, Skipped: 0, Time elapsed: 0.001 s -- in org.keycloak.common.util.KeystoreUtilTest
Test remote (slow)	UNKNOWN STEP	2025-10-27T18:42:41.7562139Z [INFO] Running org.keycloak.common.util.MultivaluedHashMapTest
Test remote (slow)	UNKNOWN STEP	2025-10-27T18:42:41.7608623Z [INFO] Tests run: 5, Failures: 0, Errors: 0, Skipped: 0, Time elapsed: 0.001 s -- in org.keycloak.common.util.MultivaluedHashMapTest
Test remote (slow)	UNKNOWN STEP	2025-10-27T18:42:41.7632719Z [INFO] Running org.keycloak.common.util.PaddingUtilsTest
Test remote (slow)	UNKNOWN STEP	2025-10-27T18:42:41.7651117Z [INFO] Tests run: 1, Failures: 0, Errors: 0, Skipped: 0, Time elapsed: 0.001 s -- in org.keycloak.common.util.PaddingUtilsTest
Test remote (slow)	UNKNOWN STEP	2025-10-27T18:42:41.7660564Z [INFO] Running org.keycloak.common.util.PathMatcherTest
Test remote (slow)	UNKNOWN STEP	2025-10-27T18:42:41.7720870Z [INFO] Tests run: 1, Failures: 0, Errors: 0, Skipped: 0, Time elapsed: 0 s -- in org.keycloak.common.util.PathMatcherTest
Test remote (slow)	UNKNOWN STEP	2025-10-27T18:42:41.7722239Z [INFO] Running org.keycloak.common.util.StringPropertyReplacerTest
Test remote (slow)	UNKNOWN STEP	2025-10-27T18:42:41.7772969Z [INFO] Tests run: 3, Failures: 0, Errors: 0, Skipped: 0, Time elapsed: 0.001 s -- in org.keycloak.common.util.StringPropertyReplacerTest
Test remote (slow)	UNKNOWN STEP	2025-10-27T18:42:41.7780149Z [INFO] Running org.keycloak.common.util.StringSerializationTest
Test remote (slow)	UNKNOWN STEP	2025-10-27T18:42:41.7808446Z [INFO] Tests run: 3, Failures: 0, Errors: 0, Skipped: 0, Time elapsed: 0.001 s -- in org.keycloak.common.util.StringSerializationTest
Test remote (slow)	UNKNOWN STEP	2025-10-27T18:42:41.7810100Z [INFO] Running org.keycloak.common.util.URLEncodingTest
Test remote (slow)	UNKNOWN STEP	2025-10-27T18:42:41.7856706Z [INFO] Tests run: 2, Failures: 0, Errors: 0, Skipped: 0, Time elapsed: 0.003 s -- in org.keycloak.common.util.URLEncodingTest
Test remote (slow)	UNKNOWN STEP	2025-10-27T18:42:41.8008465Z [INFO] 
Test remote (slow)	UNKNOWN STEP	2025-10-27T18:42:41.8009333Z [INFO] Results:
Test remote (slow)	UNKNOWN STEP	2025-10-27T18:42:41.8010696Z [INFO] 
Test remote (slow)	UNKNOWN STEP	2025-10-27T18:42:41.8012228Z [INFO] Tests run: 53, Failures: 0, Errors: 0, Skipped: 0
Test remote (slow)	UNKNOWN STEP	2025-10-27T18:42:41.8013191Z [INFO] 
Test remote (slow)	UNKNOWN STEP	2025-10-27T18:42:41.8033219Z [INFO] 
Test remote (slow)	UNKNOWN STEP	2025-10-27T18:42:41.8033687Z [INFO] --- jar:3.1.2:jar (default-jar) @ keycloak-common ---
Test remote (slow)	UNKNOWN STEP	2025-10-27T18:42:46.2997108Z [INFO] Building jar: /home/runner/work/keycloak/keycloak/common/target/keycloak-common-999.0.0-SNAPSHOT.jar
Test remote (slow)	UNKNOWN STEP	2025-10-27T18:42:46.3450832Z [INFO] 
Test remote (slow)	UNKNOWN STEP	2025-10-27T18:42:46.3458654Z [INFO] --- source:3.1.0:jar-no-fork (attach-sources) @ keycloak-common ---
Test remote (slow)	UNKNOWN STEP	2025-10-27T18:42:46.3869452Z [INFO] Building jar: /home/runner/work/keycloak/keycloak/common/target/keycloak-common-999.0.0-SNAPSHOT-sources.jar
Test remote (slow)	UNKNOWN STEP	2025-10-27T18:42:46.4206390Z [INFO] 
Test remote (slow)	UNKNOWN STEP	2025-10-27T18:42:46.4208531Z [INFO] --- install:2.5.2:install (default-install) @ keycloak-common ---
Test remote (slow)	UNKNOWN STEP	2025-10-27T18:42:46.4263972Z [INFO] Installing /home/runner/work/keycloak/keycloak/common/target/keycloak-common-999.0.0-SNAPSHOT.jar to /home/runner/.m2/repository/org/keycloak/keycloak-common/999.0.0-SNAPSHOT/keycloak-common-999.0.0-SNAPSHOT.jar
Test remote (slow)	UNKNOWN STEP	2025-10-27T18:42:46.4277147Z [INFO] Installing /home/runner/work/keycloak/keycloak/common/pom.xml to /home/runner/.m2/repository/org/keycloak/keycloak-common/999.0.0-SNAPSHOT/keycloak-common-999.0.0-SNAPSHOT.pom
Test remote (slow)	UNKNOWN STEP	2025-10-27T18:42:46.4298916Z [INFO] Installing /home/runner/work/keycloak/keycloak/common/target/keycloak-common-999.0.0-SNAPSHOT-sources.jar to /home/runner/.m2/repository/org/keycloak/keycloak-common/999.0.0-SNAPSHOT/keycloak-common-999.0.0-SNAPSHOT-sources.jar
Test remote (slow)	UNKNOWN STEP	2025-10-27T18:42:46.4332674Z [INFO] 
Test remote (slow)	UNKNOWN STEP	2025-10-27T18:42:46.4334423Z [INFO] ---------------------< org.keycloak:keycloak-core >---------------------
Test remote (slow)	UNKNOWN STEP	2025-10-27T18:42:46.4340274Z [INFO] Building Keycloak Core 999.0.0-SNAPSHOT                            [3/4]
Test remote (slow)	UNKNOWN STEP	2025-10-27T18:42:46.4341265Z [INFO]   from core/pom.xml
Test remote (slow)	UNKNOWN STEP	2025-10-27T18:42:46.4342098Z [INFO] --------------------------------[ jar ]---------------------------------
Test remote (slow)	UNKNOWN STEP	2025-10-27T18:42:47.6481935Z [INFO] 
Test remote (slow)	UNKNOWN STEP	2025-10-27T18:42:47.6483087Z [INFO] --- enforcer:3.0.0-M3:enforce (enforce-java-version) @ keycloak-core ---
Test remote (slow)	UNKNOWN STEP	2025-10-27T18:42:47.6504237Z [INFO] 
Test remote (slow)	UNKNOWN STEP	2025-10-27T18:42:47.6504838Z [INFO] --- enforcer:3.0.0-M3:enforce (enforce-maven-version) @ keycloak-core ---
Test remote (slow)	UNKNOWN STEP	2025-10-27T18:42:47.6505474Z [INFO] 
Test remote (slow)	UNKNOWN STEP	2025-10-27T18:42:47.6505969Z [INFO] --- buildnumber:1.4:create (get-scm-revision) @ keycloak-core ---
Test remote (slow)	UNKNOWN STEP	2025-10-27T18:42:47.6515461Z [INFO] 
Test remote (slow)	UNKNOWN STEP	2025-10-27T18:42:47.6516203Z [INFO] --- resources:3.2.0:resources (default-resources) @ keycloak-core ---
Test remote (slow)	UNKNOWN STEP	2025-10-27T18:42:47.6527661Z [INFO] Using 'UTF-8' encoding to copy filtered resources.
Test remote (slow)	UNKNOWN STEP	2025-10-27T18:42:47.6528759Z [INFO] Using 'UTF-8' encoding to copy filtered properties files.
Test remote (slow)	UNKNOWN STEP	2025-10-27T18:42:47.6534535Z [INFO] Copying 1 resource
Test remote (slow)	UNKNOWN STEP	2025-10-27T18:42:47.6555757Z [INFO] 
Test remote (slow)	UNKNOWN STEP	2025-10-27T18:42:47.6557300Z [INFO] --- compiler:3.8.1:compile (default-compile) @ keycloak-core ---
Test remote (slow)	UNKNOWN STEP	2025-10-27T18:42:47.6841922Z [INFO] Changes detected - recompiling the module!
Test remote (slow)	UNKNOWN STEP	2025-10-27T18:42:47.6848037Z [INFO] Compiling 302 source files to /home/runner/work/keycloak/keycloak/core/target/classes
Test remote (slow)	UNKNOWN STEP	2025-10-27T18:42:48.8508749Z [WARNING] source value 8 is obsolete and will be removed in a future release
Test remote (slow)	UNKNOWN STEP	2025-10-27T18:42:48.8516732Z [WARNING] target value 8 is obsolete and will be removed in a future release
Test remote (slow)	UNKNOWN STEP	2025-10-27T18:42:48.8517760Z [WARNING] To suppress warnings about obsolete options, use -Xlint:-options.
Test remote (slow)	UNKNOWN STEP	2025-10-27T18:42:48.8519921Z [WARNING] /home/runner/work/keycloak/keycloak/core/src/main/java/org/keycloak/jose/jws/crypto/HMACProvider.java:[22,29] org.keycloak.jose.jws.Algorithm in org.keycloak.jose.jws has been deprecated
Test remote (slow)	UNKNOWN STEP	2025-10-27T18:42:48.8522660Z [WARNING] /home/runner/work/keycloak/keycloak/core/src/main/java/org/keycloak/jose/jws/crypto/RSAProvider.java:[22,29] org.keycloak.jose.jws.Algorithm in org.keycloak.jose.jws has been deprecated
Test remote (slow)	UNKNOWN STEP	2025-10-27T18:42:48.8525664Z [WARNING] /home/runner/work/keycloak/keycloak/core/src/main/java/org/keycloak/TokenVerifier.java:[360,28] unchecked generic array creation for varargs parameter of type org.keycloak.TokenVerifier.Predicate<org.keycloak.representations.JsonWebToken>[]
Test remote (slow)	UNKNOWN STEP	2025-10-27T18:42:48.8528923Z [WARNING] /home/runner/work/keycloak/keycloak/core/src/main/java/org/keycloak/jose/jws/JWSInput.java:[82,22] getHeader() in org.keycloak.jose.jws.JWSInput implements <H>getHeader() in org.keycloak.jose.JOSE
Test remote (slow)	UNKNOWN STEP	2025-10-27T18:42:48.8533720Z   return type requires unchecked conversion from org.keycloak.jose.jws.JWSHeader to H
Test remote (slow)	UNKNOWN STEP	2025-10-27T18:42:48.8536007Z [WARNING] /home/runner/work/keycloak/keycloak/core/src/main/java/org/keycloak/jose/jws/JWSHeader.java:[39,13] org.keycloak.jose.jws.Algorithm in org.keycloak.jose.jws has been deprecated
Test remote (slow)	UNKNOWN STEP	2025-10-27T18:42:48.8539113Z [WARNING] /home/runner/work/keycloak/keycloak/core/src/main/java/org/keycloak/jose/jws/JWSHeader.java:[59,22] org.keycloak.jose.jws.Algorithm in org.keycloak.jose.jws has been deprecated
Test remote (slow)	UNKNOWN STEP	2025-10-27T18:42:48.8542197Z [WARNING] /home/runner/work/keycloak/keycloak/core/src/main/java/org/keycloak/jose/jws/JWSHeader.java:[65,22] org.keycloak.jose.jws.Algorithm in org.keycloak.jose.jws has been deprecated
Test remote (slow)	UNKNOWN STEP	2025-10-27T18:42:48.8544958Z [WARNING] /home/runner/work/keycloak/keycloak/core/src/main/java/org/keycloak/jose/jws/JWSHeader.java:[72,12] org.keycloak.jose.jws.Algorithm in org.keycloak.jose.jws has been deprecated
Test remote (slow)	UNKNOWN STEP	2025-10-27T18:42:48.8555344Z [WARNING] /home/runner/work/keycloak/keycloak/core/src/main/java/org/keycloak/jose/jwe/JWE.java:[61,23] getHeader() in org.keycloak.jose.jwe.JWE implements <H>getHeader() in org.keycloak.jose.JOSE
Test remote (slow)	UNKNOWN STEP	2025-10-27T18:42:48.8557067Z   return type requires unchecked conversion from org.keycloak.jose.JOSEHeader to H
Test remote (slow)	UNKNOWN STEP	2025-10-27T18:42:48.8558744Z [WARNING] /home/runner/work/keycloak/keycloak/core/src/main/java/org/keycloak/representations/idm/authorization/PolicyRepresentation.java:[27,42] unchecked conversion
Test remote (slow)	UNKNOWN STEP	2025-10-27T18:42:48.8560497Z   required: java.util.Map<java.lang.String,java.lang.String>
Test remote (slow)	UNKNOWN STEP	2025-10-27T18:42:48.8561060Z   found:    java.util.HashMap
Test remote (slow)	UNKNOWN STEP	2025-10-27T18:42:48.8562381Z [WARNING] /home/runner/work/keycloak/keycloak/core/src/main/java/org/keycloak/representations/ClaimsRepresentation.java:[103,62] unchecked cast
Test remote (slow)	UNKNOWN STEP	2025-10-27T18:42:48.8563888Z   required: org.keycloak.representations.ClaimsRepresentation.ClaimValue<CLAIM_TYPE>
Test remote (slow)	UNKNOWN STEP	2025-10-27T18:42:48.8564835Z   found:    org.keycloak.representations.ClaimsRepresentation.ClaimValue
Test remote (slow)	UNKNOWN STEP	2025-10-27T18:42:48.8566533Z [WARNING] /home/runner/work/keycloak/keycloak/core/src/main/java/org/keycloak/representations/ClaimsRepresentation.java:[105,63] unchecked cast
Test remote (slow)	UNKNOWN STEP	2025-10-27T18:42:48.8568029Z   required: org.keycloak.representations.ClaimsRepresentation.ClaimValue<CLAIM_TYPE>
Test remote (slow)	UNKNOWN STEP	2025-10-27T18:42:48.8590898Z   found:    org.keycloak.representations.ClaimsRepresentation.ClaimValue
Test remote (slow)	UNKNOWN STEP	2025-10-27T18:42:48.8592626Z [WARNING] /home/runner/work/keycloak/keycloak/core/src/main/java/org/keycloak/jose/jws/JWSBuilder.java:[143,27] org.keycloak.jose.jws.Algorithm in org.keycloak.jose.jws has been deprecated
Test remote (slow)	UNKNOWN STEP	2025-10-27T18:42:48.8595090Z [WARNING] /home/runner/work/keycloak/keycloak/core/src/main/java/org/keycloak/jose/jws/JWSBuilder.java:[177,20] org.keycloak.jose.jws.Algorithm in org.keycloak.jose.jws has been deprecated
Test remote (slow)	UNKNOWN STEP	2025-10-27T18:42:48.8597464Z [WARNING] /home/runner/work/keycloak/keycloak/core/src/main/java/org/keycloak/representations/AuthorizationDetailsJSONRepresentation.java:[131,73] unchecked cast
Test remote (slow)	UNKNOWN STEP	2025-10-27T18:42:48.8598891Z   required: java.util.List<java.lang.String>
Test remote (slow)	UNKNOWN STEP	2025-10-27T18:42:48.8599351Z   found:    java.lang.Object
Test remote (slow)	UNKNOWN STEP	2025-10-27T18:42:48.8600929Z [WARNING] /home/runner/work/keycloak/keycloak/core/src/main/java/org/keycloak/protocol/oidc/client/authentication/JWTClientCredentialsProvider.java:[114,57] unchecked cast
Test remote (slow)	UNKNOWN STEP	2025-10-27T18:42:48.8602516Z   required: java.util.Map<java.lang.String,java.lang.Object>
Test remote (slow)	UNKNOWN STEP	2025-10-27T18:42:48.8603075Z   found:    java.lang.Object
Test remote (slow)	UNKNOWN STEP	2025-10-27T18:42:48.8604518Z [WARNING] /home/runner/work/keycloak/keycloak/core/src/main/java/org/keycloak/protocol/oidc/client/authentication/JWTClientSecretCredentialsProvider.java:[61,57] unchecked cast
Test remote (slow)	UNKNOWN STEP	2025-10-27T18:42:48.8606100Z   required: java.util.Map<java.lang.String,java.lang.Object>
Test remote (slow)	UNKNOWN STEP	2025-10-27T18:42:48.8606638Z   found:    java.lang.Object
Test remote (slow)	UNKNOWN STEP	2025-10-27T18:42:48.8608559Z [WARNING] /home/runner/work/keycloak/keycloak/core/src/main/java/org/keycloak/protocol/oidc/client/authentication/JWTClientSecretCredentialsProvider.java:[115,67] hmac512(javax.crypto.SecretKey) in org.keycloak.jose.jws.JWSBuilder.EncodingBuilder has been deprecated
Test remote (slow)	UNKNOWN STEP	2025-10-27T18:42:48.8612550Z [WARNING] /home/runner/work/keycloak/keycloak/core/src/main/java/org/keycloak/protocol/oidc/client/authentication/JWTClientSecretCredentialsProvider.java:[117,67] hmac384(javax.crypto.SecretKey) in org.keycloak.jose.jws.JWSBuilder.EncodingBuilder has been deprecated
Test remote (slow)	UNKNOWN STEP	2025-10-27T18:42:48.8616148Z [WARNING] /home/runner/work/keycloak/keycloak/core/src/main/java/org/keycloak/protocol/oidc/client/authentication/JWTClientSecretCredentialsProvider.java:[119,67] hmac256(javax.crypto.SecretKey) in org.keycloak.jose.jws.JWSBuilder.EncodingBuilder has been deprecated
Test remote (slow)	UNKNOWN STEP	2025-10-27T18:42:48.8619510Z [WARNING] /home/runner/work/keycloak/keycloak/core/src/main/java/org/keycloak/representations/idm/authorization/PermissionRequest.java:[51,20] non-varargs call of varargs method with inexact argument type for last parameter;
Test remote (slow)	UNKNOWN STEP	2025-10-27T18:42:48.8621482Z   cast to java.lang.String for a varargs call
Test remote (slow)	UNKNOWN STEP	2025-10-27T18:42:48.8622153Z   cast to java.lang.String[] for a non-varargs call and to suppress this warning
Test remote (slow)	UNKNOWN STEP	2025-10-27T18:42:48.8623781Z [WARNING] /home/runner/work/keycloak/keycloak/core/src/main/java/org/keycloak/AbstractOAuthClient.java:[131,58] non-varargs call of varargs method with inexact argument type for last parameter;
Test remote (slow)	UNKNOWN STEP	2025-10-27T18:42:48.8625303Z   cast to java.lang.Object for a varargs call
Test remote (slow)	UNKNOWN STEP	2025-10-27T18:42:48.8625942Z   cast to java.lang.Object[] for a non-varargs call and to suppress this warning
Test remote (slow)	UNKNOWN STEP	2025-10-27T18:42:48.8627599Z [WARNING] /home/runner/work/keycloak/keycloak/core/src/main/java/org/keycloak/AbstractOAuthClient.java:[132,59] non-varargs call of varargs method with inexact argument type for last parameter;
Test remote (slow)	UNKNOWN STEP	2025-10-27T18:42:48.8629131Z   cast to java.lang.Object for a varargs call
Test remote (slow)	UNKNOWN STEP	2025-10-27T18:42:48.8629955Z   cast to java.lang.Object[] for a non-varargs call and to suppress this warning
Test remote (slow)	UNKNOWN STEP	2025-10-27T18:42:48.8631690Z [WARNING] /home/runner/work/keycloak/keycloak/core/src/main/java/org/keycloak/jose/jws/crypto/HMACProvider.java:[38,44] org.keycloak.jose.jws.Algorithm in org.keycloak.jose.jws has been deprecated
Test remote (slow)	UNKNOWN STEP	2025-10-27T18:42:48.8634579Z [WARNING] /home/runner/work/keycloak/keycloak/core/src/main/java/org/keycloak/jose/jws/crypto/HMACProvider.java:[51,37] org.keycloak.jose.jws.Algorithm in org.keycloak.jose.jws has been deprecated
Test remote (slow)	UNKNOWN STEP	2025-10-27T18:42:48.8637149Z [WARNING] /home/runner/work/keycloak/keycloak/core/src/main/java/org/keycloak/jose/jws/crypto/HMACProvider.java:[62,44] org.keycloak.jose.jws.Algorithm in org.keycloak.jose.jws has been deprecated
Test remote (slow)	UNKNOWN STEP	2025-10-27T18:42:48.8639839Z [WARNING] /home/runner/work/keycloak/keycloak/core/src/main/java/org/keycloak/jose/jws/crypto/HMACProvider.java:[73,44] org.keycloak.jose.jws.Algorithm in org.keycloak.jose.jws has been deprecated
Test remote (slow)	UNKNOWN STEP	2025-10-27T18:42:48.8642213Z [WARNING] /home/runner/work/keycloak/keycloak/core/src/main/java/org/keycloak/jose/jws/crypto/RSAProvider.java:[36,43] org.keycloak.jose.jws.Algorithm in org.keycloak.jose.jws has been deprecated
Test remote (slow)	UNKNOWN STEP	2025-10-27T18:42:48.8644727Z [WARNING] /home/runner/work/keycloak/keycloak/core/src/main/java/org/keycloak/jose/jws/crypto/RSAProvider.java:[49,42] org.keycloak.jose.jws.Algorithm in org.keycloak.jose.jws has been deprecated
Test remote (slow)	UNKNOWN STEP	2025-10-27T18:42:48.8647234Z [WARNING] /home/runner/work/keycloak/keycloak/core/src/main/java/org/keycloak/jose/jws/crypto/RSAProvider.java:[57,44] org.keycloak.jose.jws.Algorithm in org.keycloak.jose.jws has been deprecated
Test remote (slow)	UNKNOWN STEP	2025-10-27T18:42:48.8649927Z [WARNING] /home/runner/work/keycloak/keycloak/core/src/main/java/org/keycloak/KeyPairVerifier.java:[50,72] rsa256(java.security.PrivateKey) in org.keycloak.jose.jws.JWSBuilder.EncodingBuilder has been deprecated
Test remote (slow)	UNKNOWN STEP	2025-10-27T18:42:48.8652810Z [WARNING] /home/runner/work/keycloak/keycloak/core/src/main/java/org/keycloak/representations/idm/RealmRepresentation.java:[277,17] org.keycloak.representations.idm.ApplicationRepresentation in org.keycloak.representations.idm has been deprecated
Test remote (slow)	UNKNOWN STEP	2025-10-27T18:42:48.8655431Z [WARNING] /home/runner/work/keycloak/keycloak/core/src/main/java/org/keycloak/representations/idm/RealmRepresentation.java:[1474,38] unchecked cast
Test remote (slow)	UNKNOWN STEP	2025-10-27T18:42:48.8657060Z   required: java.util.Map<java.lang.String,java.lang.String>
Test remote (slow)	UNKNOWN STEP	2025-10-27T18:42:48.8657895Z   found:    java.util.Map<? extends java.lang.Object,? extends java.lang.Object>
Test remote (slow)	UNKNOWN STEP	2025-10-27T18:42:48.8658796Z [INFO] 
Test remote (slow)	UNKNOWN STEP	2025-10-27T18:42:48.8659363Z [INFO] --- compiler:3.8.1:compile (compile-java15) @ keycloak-core ---
Test remote (slow)	UNKNOWN STEP	2025-10-27T18:42:48.8660423Z [WARNING]  Parameter 'compileSourceRoots' is read-only, must not be used in configuration
Test remote (slow)	UNKNOWN STEP	2025-10-27T18:42:48.8661390Z [INFO] Changes detected - recompiling the module!
Test remote (slow)	UNKNOWN STEP	2025-10-27T18:42:48.8722510Z [INFO] Compiling 1 source file to /home/runner/work/keycloak/keycloak/core/target/classes
Test remote (slow)	UNKNOWN STEP	2025-10-27T18:42:49.6880451Z [INFO] 
Test remote (slow)	UNKNOWN STEP	2025-10-27T18:42:49.6881298Z [INFO] --- resources:3.2.0:testResources (default-testResources) @ keycloak-core ---
Test remote (slow)	UNKNOWN STEP	2025-10-27T18:42:49.6916679Z [INFO] Using 'UTF-8' encoding to copy filtered resources.
Test remote (slow)	UNKNOWN STEP	2025-10-27T18:42:49.6920136Z [INFO] Using 'UTF-8' encoding to copy filtered properties files.
Test remote (slow)	UNKNOWN STEP	2025-10-27T18:42:49.6944317Z [INFO] Copying 50 resources
Test remote (slow)	UNKNOWN STEP	2025-10-27T18:42:49.7052670Z [INFO] 
Test remote (slow)	UNKNOWN STEP	2025-10-27T18:42:49.7055590Z [INFO] --- compiler:3.8.1:testCompile (default-testCompile) @ keycloak-core ---
Test remote (slow)	UNKNOWN STEP	2025-10-27T18:42:49.7112248Z [INFO] Changes detected - recompiling the module!
Test remote (slow)	UNKNOWN STEP	2025-10-27T18:42:49.7121328Z [INFO] Compiling 41 source files to /home/runner/work/keycloak/keycloak/core/target/test-classes
Test remote (slow)	UNKNOWN STEP	2025-10-27T18:42:50.1422096Z [WARNING] source value 8 is obsolete and will be removed in a future release
Test remote (slow)	UNKNOWN STEP	2025-10-27T18:42:50.1423631Z [WARNING] target value 8 is obsolete and will be removed in a future release
Test remote (slow)	UNKNOWN STEP	2025-10-27T18:42:50.1425209Z [WARNING] To suppress warnings about obsolete options, use -Xlint:-options.
Test remote (slow)	UNKNOWN STEP	2025-10-27T18:42:50.1426964Z [WARNING] /home/runner/work/keycloak/keycloak/core/src/test/java/org/keycloak/JsonParserTest.java:[94,64] unchecked cast
Test remote (slow)	UNKNOWN STEP	2025-10-27T18:42:50.1428434Z   required: java.util.Map<java.lang.String,java.lang.String>
Test remote (slow)	UNKNOWN STEP	2025-10-27T18:42:50.1429643Z   found:    java.lang.Object
Test remote (slow)	UNKNOWN STEP	2025-10-27T18:42:50.1452828Z [WARNING] /home/runner/work/keycloak/keycloak/core/src/test/java/org/keycloak/JsonParserTest.java:[156,35] unchecked conversion
Test remote (slow)	UNKNOWN STEP	2025-10-27T18:42:50.1453966Z   required: java.util.Collection<java.lang.String>
Test remote (slow)	UNKNOWN STEP	2025-10-27T18:42:50.1454992Z   found:    java.util.Collection
Test remote (slow)	UNKNOWN STEP	2025-10-27T18:42:50.1457135Z [WARNING] /home/runner/work/keycloak/keycloak/core/src/test/java/org/keycloak/JsonParserTest.java:[165,16] unchecked conversion
Test remote (slow)	UNKNOWN STEP	2025-10-27T18:42:50.1458978Z   required: java.util.Collection<java.lang.String>
Test remote (slow)	UNKNOWN STEP	2025-10-27T18:42:50.1459625Z   found:    java.util.Collection
Test remote (slow)	UNKNOWN STEP	2025-10-27T18:42:50.1469613Z [WARNING] /home/runner/work/keycloak/keycloak/core/src/test/java/org/keycloak/JsonParserTest.java:[173,43] unchecked conversion
Test remote (slow)	UNKNOWN STEP	2025-10-27T18:42:50.1471217Z   required: java.util.Map<java.lang.String,java.lang.Object>
Test remote (slow)	UNKNOWN STEP	2025-10-27T18:42:50.1471899Z   found:    java.util.Map
Test remote (slow)	UNKNOWN STEP	2025-10-27T18:42:50.1473334Z [WARNING] /home/runner/work/keycloak/keycloak/core/src/test/java/org/keycloak/JsonParserTest.java:[228,74] Possible heap pollution from parameterized vararg type T
Test remote (slow)	UNKNOWN STEP	2025-10-27T18:42:50.1491055Z [WARNING] /home/runner/work/keycloak/keycloak/core/src/test/java/org/keycloak/SkeletonKeyTokenTest.java:[65,17] rsa256(java.security.PrivateKey) in org.keycloak.jose.jws.JWSBuilder.EncodingBuilder has been deprecated
Test remote (slow)	UNKNOWN STEP	2025-10-27T18:42:50.1494427Z [WARNING] /home/runner/work/keycloak/keycloak/core/src/test/java/org/keycloak/SkeletonKeyTokenTest.java:[85,17] rsa256(java.security.PrivateKey) in org.keycloak.jose.jws.JWSBuilder.EncodingBuilder has been deprecated
Test remote (slow)	UNKNOWN STEP	2025-10-27T18:42:50.1497523Z [WARNING] /home/runner/work/keycloak/keycloak/core/src/test/java/org/keycloak/SkeletonKeyTokenTest.java:[88,17] rsa256(java.security.PrivateKey) in org.keycloak.jose.jws.JWSBuilder.EncodingBuilder has been deprecated
Test remote (slow)	UNKNOWN STEP	2025-10-27T18:42:50.1501375Z [WARNING] /home/runner/work/keycloak/keycloak/core/src/test/java/org/keycloak/SkeletonKeyTokenTest.java:[91,39] unchecked call to KeycloakPrincipal(java.lang.String,T) as a member of the raw type org.keycloak.KeycloakPrincipal
Test remote (slow)	UNKNOWN STEP	2025-10-27T18:42:50.1511349Z [WARNING] /home/runner/work/keycloak/keycloak/core/src/test/java/org/keycloak/jose/HmacTest.java:[59,17] hmac256(javax.crypto.SecretKey) in org.keycloak.jose.jws.JWSBuilder.EncodingBuilder has been deprecated
Test remote (slow)	UNKNOWN STEP	2025-10-27T18:42:50.1514007Z [WARNING] /home/runner/work/keycloak/keycloak/core/src/test/java/org/keycloak/RSAVerifierTest.java:[81,17] rsa256(java.security.PrivateKey) in org.keycloak.jose.jws.JWSBuilder.EncodingBuilder has been deprecated
Test remote (slow)	UNKNOWN STEP	2025-10-27T18:42:50.1516748Z [WARNING] /home/runner/work/keycloak/keycloak/core/src/test/java/org/keycloak/RSAVerifierTest.java:[102,17] rsa256(java.security.PrivateKey) in org.keycloak.jose.jws.JWSBuilder.EncodingBuilder has been deprecated
Test remote (slow)	UNKNOWN STEP	2025-10-27T18:42:50.1520687Z [WARNING] /home/runner/work/keycloak/keycloak/core/src/test/java/org/keycloak/RSAVerifierTest.java:[117,16] org.keycloak.RSATokenVerifier in org.keycloak has been deprecated
Test remote (slow)	UNKNOWN STEP	2025-10-27T18:42:50.1523270Z [WARNING] /home/runner/work/keycloak/keycloak/core/src/test/java/org/keycloak/RSAVerifierTest.java:[130,21] rsa256(java.security.PrivateKey) in org.keycloak.jose.jws.JWSBuilder.EncodingBuilder has been deprecated
Test remote (slow)	UNKNOWN STEP	2025-10-27T18:42:50.1526031Z [WARNING] /home/runner/work/keycloak/keycloak/core/src/test/java/org/keycloak/RSAVerifierTest.java:[144,17] rsa256(java.security.PrivateKey) in org.keycloak.jose.jws.JWSBuilder.EncodingBuilder has been deprecated
Test remote (slow)	UNKNOWN STEP	2025-10-27T18:42:50.1528794Z [WARNING] /home/runner/work/keycloak/keycloak/core/src/test/java/org/keycloak/RSAVerifierTest.java:[160,17] rsa256(java.security.PrivateKey) in org.keycloak.jose.jws.JWSBuilder.EncodingBuilder has been deprecated
Test remote (slow)	UNKNOWN STEP	2025-10-27T18:42:50.1561332Z [WARNING] /home/runner/work/keycloak/keycloak/core/src/test/java/org/keycloak/RSAVerifierTest.java:[176,17] rsa256(java.security.PrivateKey) in org.keycloak.jose.jws.JWSBuilder.EncodingBuilder has been deprecated
Test remote (slow)	UNKNOWN STEP	2025-10-27T18:42:50.1564149Z [WARNING] /home/runner/work/keycloak/keycloak/core/src/test/java/org/keycloak/RSAVerifierTest.java:[193,17] rsa256(java.security.PrivateKey) in org.keycloak.jose.jws.JWSBuilder.EncodingBuilder has been deprecated
Test remote (slow)	UNKNOWN STEP	2025-10-27T18:42:50.1567285Z [WARNING] /home/runner/work/keycloak/keycloak/core/src/test/java/org/keycloak/RSAVerifierTest.java:[209,17] rsa256(java.security.PrivateKey) in org.keycloak.jose.jws.JWSBuilder.EncodingBuilder has been deprecated
Test remote (slow)	UNKNOWN STEP	2025-10-27T18:42:50.1570208Z [WARNING] /home/runner/work/keycloak/keycloak/core/src/test/java/org/keycloak/RSAVerifierTest.java:[229,17] rsa256(java.security.PrivateKey) in org.keycloak.jose.jws.JWSBuilder.EncodingBuilder has been deprecated
Test remote (slow)	UNKNOWN STEP	2025-10-27T18:42:50.1572930Z [WARNING] /home/runner/work/keycloak/keycloak/core/src/test/java/org/keycloak/RSAVerifierTest.java:[248,17] rsa256(java.security.PrivateKey) in org.keycloak.jose.jws.JWSBuilder.EncodingBuilder has been deprecated
Test remote (slow)	UNKNOWN STEP	2025-10-27T18:42:50.1575472Z [WARNING] /home/runner/work/keycloak/keycloak/core/src/test/java/org/keycloak/RSAVerifierTest.java:[271,22] realmUrl(java.lang.String) in org.keycloak.TokenVerifier has been deprecated
Test remote (slow)	UNKNOWN STEP	2025-10-27T18:42:50.1576858Z [INFO] 
Test remote (slow)	UNKNOWN STEP	2025-10-27T18:42:50.1577273Z [INFO] --- surefire:3.5.2:test (default-test) @ keycloak-core ---
Test remote (slow)	UNKNOWN STEP	2025-10-27T18:42:50.1578077Z [INFO] Using auto detected provider org.apache.maven.surefire.junit4.JUnit4Provider
Test remote (slow)	UNKNOWN STEP	2025-10-27T18:42:50.1578747Z [INFO] 
Test remote (slow)	UNKNOWN STEP	2025-10-27T18:42:50.1579093Z [INFO] -------------------------------------------------------
Test remote (slow)	UNKNOWN STEP	2025-10-27T18:42:50.1579547Z [INFO]  T E S T S
Test remote (slow)	UNKNOWN STEP	2025-10-27T18:42:50.1580073Z [INFO] -------------------------------------------------------
Test remote (slow)	UNKNOWN STEP	2025-10-27T18:42:50.3968145Z [INFO] Running org.keycloak.AtHashTest
Test remote (slow)	UNKNOWN STEP	2025-10-27T18:42:50.4746010Z [INFO] Tests run: 2, Failures: 0, Errors: 0, Skipped: 0, Time elapsed: 0.074 s -- in org.keycloak.AtHashTest
Test remote (slow)	UNKNOWN STEP	2025-10-27T18:42:50.4750426Z [INFO] Running org.keycloak.HashTest
Test remote (slow)	UNKNOWN STEP	2025-10-27T18:42:50.4771040Z [INFO] Tests run: 1, Failures: 0, Errors: 0, Skipped: 0, Time elapsed: 0.002 s -- in org.keycloak.HashTest
Test remote (slow)	UNKNOWN STEP	2025-10-27T18:42:50.4775878Z [INFO] Running org.keycloak.JsonParserTest
Test remote (slow)	UNKNOWN STEP	2025-10-27T18:42:50.7851389Z GROUP: ALIAS
Test remote (slow)	UNKNOWN STEP	2025-10-27T18:42:50.7853667Z GROUP: CRAP
Test remote (slow)	UNKNOWN STEP	2025-10-27T18:42:50.7856373Z ALIAS.CRAP
Test remote (slow)	UNKNOWN STEP	2025-10-27T18:42:50.8437356Z .pdf no match
Test remote (slow)	UNKNOWN STEP	2025-10-27T18:42:50.8437728Z foo.txt matches
Test remote (slow)	UNKNOWN STEP	2025-10-27T18:42:50.8632935Z java.lang.Double
Test remote (slow)	UNKNOWN STEP	2025-10-27T18:42:50.8637969Z java.lang.Boolean
Test remote (slow)	UNKNOWN STEP	2025-10-27T18:42:50.8640629Z java.lang.Integer
Test remote (slow)	UNKNOWN STEP	2025-10-27T18:42:50.8643206Z java.util.ArrayList
Test remote (slow)	UNKNOWN STEP	2025-10-27T18:42:50.8781233Z {
Test remote (slow)	UNKNOWN STEP	2025-10-27T18:42:50.8784430Z   "email_verified" : "true",
Test remote (slow)	UNKNOWN STEP	2025-10-27T18:42:50.8784838Z   "yo" : "true",
Test remote (slow)	UNKNOWN STEP	2025-10-27T18:42:50.8785164Z   "phone_number" : "978-666-0000",
Test remote (slow)	UNKNOWN STEP	2025-10-27T18:42:50.8785543Z   "nested" : {
Test remote (slow)	UNKNOWN STEP	2025-10-27T18:42:50.8785831Z     "foo" : "bar"
Test remote (slow)	UNKNOWN STEP	2025-10-27T18:42:50.8786067Z   }
Test remote (slow)	UNKNOWN STEP	2025-10-27T18:42:50.8786223Z }
Test remote (slow)	UNKNOWN STEP	2025-10-27T18:42:50.8786392Z email_verified property: true
Test remote (slow)	UNKNOWN STEP	2025-10-27T18:42:50.8786628Z property: 978-666-0000
Test remote (slow)	UNKNOWN STEP	2025-10-27T18:42:50.8786869Z map: null
Test remote (slow)	UNKNOWN STEP	2025-10-27T18:42:50.8838898Z [INFO] Tests run: 10, Failures: 0, Errors: 0, Skipped: 0, Time elapsed: 0.402 s -- in org.keycloak.JsonParserTest
Test remote (slow)	UNKNOWN STEP	2025-10-27T18:42:50.8840536Z [INFO] Running org.keycloak.SkeletonKeyTokenTest
Test remote (slow)	UNKNOWN STEP	2025-10-27T18:42:51.7537048Z Oct 27, 2025 6:42:51 PM org.keycloak.common.util.DelegatingSerializationFilter createOnJavaAfter8Adapter
Test remote (slow)	UNKNOWN STEP	2025-10-27T18:42:51.7537950Z Size of serialized principal: 1502
Test remote (slow)	UNKNOWN STEP	2025-10-27T18:42:51.7561618Z INFO: Using OnJavaAfter8 serialization filter adapter
Test remote (slow)	UNKNOWN STEP	2025-10-27T18:42:51.7570261Z Oct 27, 2025 6:42:51 PM org.keycloak.common.util.DelegatingSerializationFilter$OnJavaAfter8 setObjectInputFilter
Test remote (slow)	UNKNOWN STEP	2025-10-27T18:42:51.7571137Z WARN: Could not set ObjectFilter: null
Test remote (slow)	UNKNOWN STEP	2025-10-27T18:42:51.7572025Z Oct 27, 2025 6:42:51 PM org.keycloak.common.util.DelegatingSerializationFilter$OnJavaAfter8 setObjectInputFilter
Test remote (slow)	UNKNOWN STEP	2025-10-27T18:42:51.7572912Z WARN: Could not set ObjectFilter: null
Test remote (slow)	UNKNOWN STEP	2025-10-27T18:42:52.0563175Z [INFO] Tests run: 5, Failures: 0, Errors: 0, Skipped: 0, Time elapsed: 1.168 s -- in org.keycloak.SkeletonKeyTokenTest
Test remote (slow)	UNKNOWN STEP	2025-10-27T18:42:52.0564848Z [INFO] Running org.keycloak.jose.JsonWebTokenTest
Test remote (slow)	UNKNOWN STEP	2025-10-27T18:42:52.0847735Z [INFO] Tests run: 9, Failures: 0, Errors: 0, Skipped: 0, Time elapsed: 0.024 s -- in org.keycloak.jose.JsonWebTokenTest
Test remote (slow)	UNKNOWN STEP	2025-10-27T18:42:52.0851086Z [INFO] Running org.keycloak.jose.jwk.JWKUtilTest
Test remote (slow)	UNKNOWN STEP	2025-10-27T18:42:52.0895873Z [INFO] Tests run: 6, Failures: 0, Errors: 0, Skipped: 0, Time elapsed: 0.006 s -- in org.keycloak.jose.jwk.JWKUtilTest
Test remote (slow)	UNKNOWN STEP	2025-10-27T18:42:52.0948653Z [INFO] Running org.keycloak.json.StringListMapDeserializerTest
Test remote (slow)	UNKNOWN STEP	2025-10-27T18:42:52.1271964Z [INFO] Tests run: 4, Failures: 0, Errors: 0, Skipped: 0, Time elapsed: 0.027 s -- in org.keycloak.json.StringListMapDeserializerTest
Test remote (slow)	UNKNOWN STEP	2025-10-27T18:42:52.1287653Z [INFO] Running org.keycloak.sdjwt.ArrayElementDisclosureTest
Test remote (slow)	UNKNOWN STEP	2025-10-27T18:42:52.2245469Z [INFO] Tests run: 2, Failures: 0, Errors: 0, Skipped: 0, Time elapsed: 0.092 s -- in org.keycloak.sdjwt.ArrayElementDisclosureTest
Test remote (slow)	UNKNOWN STEP	2025-10-27T18:42:52.2246486Z [INFO] Running org.keycloak.sdjwt.ArrayElementSerializationTest
Test remote (slow)	UNKNOWN STEP	2025-10-27T18:42:52.2313485Z [INFO] Tests run: 1, Failures: 0, Errors: 0, Skipped: 0, Time elapsed: 0.005 s -- in org.keycloak.sdjwt.ArrayElementSerializationTest
Test remote (slow)	UNKNOWN STEP	2025-10-27T18:42:52.2318152Z [INFO] Running org.keycloak.sdjwt.DisclosureRedListTest
Test remote (slow)	UNKNOWN STEP	2025-10-27T18:42:52.2371398Z [INFO] Tests run: 7, Failures: 0, Errors: 0, Skipped: 0, Time elapsed: 0.006 s -- in org.keycloak.sdjwt.DisclosureRedListTest
Test remote (slow)	UNKNOWN STEP	2025-10-27T18:42:52.2372483Z [INFO] Running org.keycloak.sdjwt.IssuerSignedJWTTest
Test remote (slow)	UNKNOWN STEP	2025-10-27T18:42:52.2531167Z [INFO] Tests run: 4, Failures: 0, Errors: 0, Skipped: 0, Time elapsed: 0.013 s -- in org.keycloak.sdjwt.IssuerSignedJWTTest
Test remote (slow)	UNKNOWN STEP	2025-10-27T18:42:52.2532732Z [INFO] Running org.keycloak.sdjwt.JsonClaimsetTest
Test remote (slow)	UNKNOWN STEP	2025-10-27T18:42:52.2637393Z [INFO] Tests run: 1, Failures: 0, Errors: 0, Skipped: 0, Time elapsed: 0.003 s -- in org.keycloak.sdjwt.JsonClaimsetTest
Test remote (slow)	UNKNOWN STEP	2025-10-27T18:42:52.2652683Z [INFO] Running org.keycloak.sdjwt.JsonNodeComparisonTest
Test remote (slow)	UNKNOWN STEP	2025-10-27T18:42:52.2677571Z [INFO] Tests run: 1, Failures: 0, Errors: 0, Skipped: 0, Time elapsed: 0 s -- in org.keycloak.sdjwt.JsonNodeComparisonTest
Test remote (slow)	UNKNOWN STEP	2025-10-27T18:42:52.2681497Z [INFO] Running org.keycloak.sdjwt.SdJWTSamplesTest
Test remote (slow)	UNKNOWN STEP	2025-10-27T18:42:52.2895595Z [INFO] Tests run: 4, Failures: 0, Errors: 0, Skipped: 0, Time elapsed: 0.015 s -- in org.keycloak.sdjwt.SdJWTSamplesTest
Test remote (slow)	UNKNOWN STEP	2025-10-27T18:42:52.2902752Z [INFO] Running org.keycloak.sdjwt.SdJwtTest
Test remote (slow)	UNKNOWN STEP	2025-10-27T18:42:52.3963052Z [INFO] Tests run: 2, Failures: 0, Errors: 0, Skipped: 0, Time elapsed: 0.100 s -- in org.keycloak.sdjwt.SdJwtTest
Test remote (slow)	UNKNOWN STEP	2025-10-27T18:42:52.3973410Z [INFO] Running org.keycloak.sdjwt.SdJwtUtilsTest
Test remote (slow)	UNKNOWN STEP	2025-10-27T18:42:52.4015974Z [INFO] Tests run: 6, Failures: 0, Errors: 0, Skipped: 0, Time elapsed: 0.001 s -- in org.keycloak.sdjwt.SdJwtUtilsTest
Test remote (slow)	UNKNOWN STEP	2025-10-27T18:42:52.4017292Z [INFO] Running org.keycloak.sdjwt.UndisclosedClaimTest
Test remote (slow)	UNKNOWN STEP	2025-10-27T18:42:52.4057706Z [INFO] Tests run: 1, Failures: 0, Errors: 0, Skipped: 0, Time elapsed: 0 s -- in org.keycloak.sdjwt.UndisclosedClaimTest
Test remote (slow)	UNKNOWN STEP	2025-10-27T18:42:52.4060633Z [INFO] Running org.keycloak.sdjwt.consumer.SimplePresentationDefinitionTest
Test remote (slow)	UNKNOWN STEP	2025-10-27T18:42:52.4191012Z [INFO] Tests run: 3, Failures: 0, Errors: 0, Skipped: 0, Time elapsed: 0.008 s -- in org.keycloak.sdjwt.consumer.SimplePresentationDefinitionTest
Test remote (slow)	UNKNOWN STEP	2025-10-27T18:42:52.4196032Z [INFO] Running org.keycloak.sdjwt.sdjwtvp.KeyBindingJwtVerificationOptsTest
Test remote (slow)	UNKNOWN STEP	2025-10-27T18:42:52.4223582Z [INFO] Tests run: 3, Failures: 0, Errors: 0, Skipped: 0, Time elapsed: 0.005 s -- in org.keycloak.sdjwt.sdjwtvp.KeyBindingJwtVerificationOptsTest
Test remote (slow)	UNKNOWN STEP	2025-10-27T18:42:52.4224923Z [INFO] Running org.keycloak.util.BasicAuthHelperTest
Test remote (slow)	UNKNOWN STEP	2025-10-27T18:42:52.4291533Z [INFO] Tests run: 4, Failures: 0, Errors: 0, Skipped: 0, Time elapsed: 0.005 s -- in org.keycloak.util.BasicAuthHelperTest
Test remote (slow)	UNKNOWN STEP	2025-10-27T18:42:52.4292951Z [INFO] Running org.keycloak.util.UriUtilsTest
Test remote (slow)	UNKNOWN STEP	2025-10-27T18:42:52.4341872Z [INFO] Tests run: 2, Failures: 0, Errors: 0, Skipped: 0, Time elapsed: 0.003 s -- in org.keycloak.util.UriUtilsTest
Test remote (slow)	UNKNOWN STEP	2025-10-27T18:42:52.4560317Z [INFO] 
Test remote (slow)	UNKNOWN STEP	2025-10-27T18:42:52.4568012Z [INFO] Results:
Test remote (slow)	UNKNOWN STEP	2025-10-27T18:42:52.4568522Z [INFO] 
Test remote (slow)	UNKNOWN STEP	2025-10-27T18:42:52.4568945Z [INFO] Tests run: 78, Failures: 0, Errors: 0, Skipped: 0
Test remote (slow)	UNKNOWN STEP	2025-10-27T18:42:52.4569585Z [INFO] 
Test remote (slow)	UNKNOWN STEP	2025-10-27T18:42:52.4570033Z [INFO] 
Test remote (slow)	UNKNOWN STEP	2025-10-27T18:42:52.4570439Z [INFO] --- jar:3.1.2:jar (default-jar) @ keycloak-core ---
Test remote (slow)	UNKNOWN STEP	2025-10-27T18:42:52.4991919Z [INFO] Building jar: /home/runner/work/keycloak/keycloak/core/target/keycloak-core-999.0.0-SNAPSHOT.jar
Test remote (slow)	UNKNOWN STEP	2025-10-27T18:42:52.5419185Z [INFO] 
Test remote (slow)	UNKNOWN STEP	2025-10-27T18:42:52.5430833Z [INFO] --- source:3.1.0:jar-no-fork (attach-sources) @ keycloak-core ---
Test remote (slow)	UNKNOWN STEP	2025-10-27T18:42:52.6253102Z [INFO] Building jar: /home/runner/work/keycloak/keycloak/core/target/keycloak-core-999.0.0-SNAPSHOT-sources.jar
Test remote (slow)	UNKNOWN STEP	2025-10-27T18:42:52.6650764Z [INFO] 
Test remote (slow)	UNKNOWN STEP	2025-10-27T18:42:52.6651442Z [INFO] --- jar:3.1.2:test-jar (default) @ keycloak-core ---
Test remote (slow)	UNKNOWN STEP	2025-10-27T18:42:52.6800082Z [INFO] Building jar: /home/runner/work/keycloak/keycloak/core/target/keycloak-core-999.0.0-SNAPSHOT-tests.jar
Test remote (slow)	UNKNOWN STEP	2025-10-27T18:42:52.7011174Z [INFO] 
Test remote (slow)	UNKNOWN STEP	2025-10-27T18:42:52.7012137Z [INFO] --- install:2.5.2:install (default-install) @ keycloak-core ---
Test remote (slow)	UNKNOWN STEP	2025-10-27T18:42:52.7019260Z [INFO] Installing /home/runner/work/keycloak/keycloak/core/target/keycloak-core-999.0.0-SNAPSHOT.jar to /home/runner/.m2/repository/org/keycloak/keycloak-core/999.0.0-SNAPSHOT/keycloak-core-999.0.0-SNAPSHOT.jar
Test remote (slow)	UNKNOWN STEP	2025-10-27T18:42:52.7034416Z [INFO] Installing /home/runner/work/keycloak/keycloak/core/pom.xml to /home/runner/.m2/repository/org/keycloak/keycloak-core/999.0.0-SNAPSHOT/keycloak-core-999.0.0-SNAPSHOT.pom
Test remote (slow)	UNKNOWN STEP	2025-10-27T18:42:52.7064610Z [INFO] Installing /home/runner/work/keycloak/keycloak/core/target/keycloak-core-999.0.0-SNAPSHOT-sources.jar to /home/runner/.m2/repository/org/keycloak/keycloak-core/999.0.0-SNAPSHOT/keycloak-core-999.0.0-SNAPSHOT-sources.jar
Test remote (slow)	UNKNOWN STEP	2025-10-27T18:42:52.7095592Z [INFO] Installing /home/runner/work/keycloak/keycloak/core/target/keycloak-core-999.0.0-SNAPSHOT-tests.jar to /home/runner/.m2/repository/org/keycloak/keycloak-core/999.0.0-SNAPSHOT/keycloak-core-999.0.0-SNAPSHOT-tests.jar
Test remote (slow)	UNKNOWN STEP	2025-10-27T18:42:52.7120491Z [INFO] 
Test remote (slow)	UNKNOWN STEP	2025-10-27T18:42:52.7122408Z [INFO] -------------------< org.keycloak:keycloak-operator >-------------------
Test remote (slow)	UNKNOWN STEP	2025-10-27T18:42:52.7123710Z [INFO] Building Keycloak Operator 999.0.0-SNAPSHOT                        [4/4]
Test remote (slow)	UNKNOWN STEP	2025-10-27T18:42:52.7124333Z [INFO]   from operator/pom.xml
Test remote (slow)	UNKNOWN STEP	2025-10-27T18:42:52.7124816Z [INFO] --------------------------------[ jar ]---------------------------------
Test remote (slow)	UNKNOWN STEP	2025-10-27T18:43:19.7832736Z [INFO] ------------------------------------------------------------------------
Test remote (slow)	UNKNOWN STEP	2025-10-27T18:43:19.7834584Z [INFO] Reactor Summary for Keycloak 999.0.0-SNAPSHOT:
Test remote (slow)	UNKNOWN STEP	2025-10-27T18:43:19.7835368Z [INFO] 
Test remote (slow)	UNKNOWN STEP	2025-10-27T18:43:19.7836135Z [INFO] Keycloak ........................................... SUCCESS [01:12 min]
Test remote (slow)	UNKNOWN STEP	2025-10-27T18:43:19.7836992Z [INFO] Keycloak Common .................................... SUCCESS [ 45.646 s]
Test remote (slow)	UNKNOWN STEP	2025-10-27T18:43:19.7837664Z [INFO] Keycloak Core ...................................... SUCCESS [  6.278 s]
Test remote (slow)	UNKNOWN STEP	2025-10-27T18:43:19.7838430Z [INFO] Keycloak Operator .................................. FAILURE [ 27.071 s]
Test remote (slow)	UNKNOWN STEP	2025-10-27T18:43:19.7839161Z [INFO] ------------------------------------------------------------------------
Test remote (slow)	UNKNOWN STEP	2025-10-27T18:43:19.7839899Z [INFO] BUILD FAILURE
Test remote (slow)	UNKNOWN STEP	2025-10-27T18:43:19.7841437Z [INFO] ------------------------------------------------------------------------
Test remote (slow)	UNKNOWN STEP	2025-10-27T18:43:19.7842052Z [INFO] Total time:  02:33 min
Test remote (slow)	UNKNOWN STEP	2025-10-27T18:43:19.7842467Z [INFO] Finished at: 2025-10-27T18:43:19Z
Test remote (slow)	UNKNOWN STEP	2025-10-27T18:43:19.7843029Z [INFO] ------------------------------------------------------------------------
Test remote (slow)	UNKNOWN STEP	2025-10-27T18:43:19.7849453Z [ERROR] Failed to execute goal on project keycloak-operator: Could not resolve dependencies for project org.keycloak:keycloak-operator:jar:999.0.0-SNAPSHOT
Test remote (slow)	UNKNOWN STEP	2025-10-27T18:43:19.7851476Z [ERROR] dependency: io.sundr:sundr-adapter-reflect:jar:0.200.0 (provided)
Test remote (slow)	UNKNOWN STEP	2025-10-27T18:43:19.7857766Z [ERROR] 	Could not transfer artifact io.sundr:sundr-adapter-reflect:jar:0.200.0 from/to central (https://repo.maven.apache.org/maven2): status code: 502, reason phrase: Bad Gateway (502)
Test remote (slow)	UNKNOWN STEP	2025-10-27T18:43:19.7859360Z [ERROR] -> [Help 1]
Test remote (slow)	UNKNOWN STEP	2025-10-27T18:43:19.7859926Z [ERROR] 
Test remote (slow)	UNKNOWN STEP	2025-10-27T18:43:19.7860443Z [ERROR] To see the full stack trace of the errors, re-run Maven with the -e switch.
Test remote (slow)	UNKNOWN STEP	2025-10-27T18:43:19.7861241Z [ERROR] Re-run Maven using the -X switch to enable full debug logging.
Test remote (slow)	UNKNOWN STEP	2025-10-27T18:43:19.7861751Z [ERROR] 
Test remote (slow)	UNKNOWN STEP	2025-10-27T18:43:19.7862344Z [ERROR] For more information about the errors and possible solutions, please read the following articles:
Test remote (slow)	UNKNOWN STEP	2025-10-27T18:43:19.7863453Z [ERROR] [Help 1] http://cwiki.apache.org/confluence/display/MAVEN/DependencyResolutionException
Test remote (slow)	UNKNOWN STEP	2025-10-27T18:43:19.7864137Z [ERROR] 
Test remote (slow)	UNKNOWN STEP	2025-10-27T18:43:19.7864654Z [ERROR] After correcting the problems, you can resume the build with the command
Test remote (slow)	UNKNOWN STEP	2025-10-27T18:43:19.7865272Z [ERROR]   mvn <args> -rf :keycloak-operator
Test remote (slow)	UNKNOWN STEP	2025-10-27T18:43:19.8232730Z ##[error]Process completed with exit code 1.
Test remote (slow)	UNKNOWN STEP	2025-10-27T18:43:19.8289000Z Post job cleanup.
Test remote (slow)	UNKNOWN STEP	2025-10-27T18:43:19.8330653Z Post job cleanup.
Test remote (slow)	UNKNOWN STEP	2025-10-27T18:43:20.0066576Z Post job cleanup.
Test remote (slow)	UNKNOWN STEP	2025-10-27T18:43:20.1028447Z [command]/usr/bin/git version
Test remote (slow)	UNKNOWN STEP	2025-10-27T18:43:20.1065222Z git version 2.51.0
Test remote (slow)	UNKNOWN STEP	2025-10-27T18:43:20.1116187Z Temporarily overriding HOME='/home/runner/work/_temp/ac6ee73d-008c-479c-a777-329f1ff3c5ab' before making global git config changes
Test remote (slow)	UNKNOWN STEP	2025-10-27T18:43:20.1117513Z Adding repository directory to the temporary git global config as a safe directory
Test remote (slow)	UNKNOWN STEP	2025-10-27T18:43:20.1122380Z [command]/usr/bin/git config --global --add safe.directory /home/runner/work/keycloak/keycloak
Test remote (slow)	UNKNOWN STEP	2025-10-27T18:43:20.1158071Z [command]/usr/bin/git config --local --name-only --get-regexp core\.sshCommand
Test remote (slow)	UNKNOWN STEP	2025-10-27T18:43:20.1194455Z [command]/usr/bin/git submodule foreach --recursive sh -c "git config --local --name-only --get-regexp 'core\.sshCommand' && git config --local --unset-all 'core.sshCommand' || :"
Test remote (slow)	UNKNOWN STEP	2025-10-27T18:43:20.1453688Z [command]/usr/bin/git config --local --name-only --get-regexp http\.https\:\/\/github\.com\/\.extraheader
Test remote (slow)	UNKNOWN STEP	2025-10-27T18:43:20.1476322Z http.https://github.com/.extraheader
Test remote (slow)	UNKNOWN STEP	2025-10-27T18:43:20.1489608Z [command]/usr/bin/git config --local --unset-all http.https://github.com/.extraheader
Test remote (slow)	UNKNOWN STEP	2025-10-27T18:43:20.1519356Z [command]/usr/bin/git submodule foreach --recursive sh -c "git config --local --name-only --get-regexp 'http\.https\:\/\/github\.com\/\.extraheader' && git config --local --unset-all 'http.https://github.com/.extraheader' || :"
Test remote (slow)	UNKNOWN STEP	2025-10-27T18:43:20.1866268Z Cleaning up orphan processes
Status Check - Keycloak Operator CI	UNKNOWN STEP	ï»¿2025-10-27T19:07:56.0247577Z Current runner version: '2.328.0'
Status Check - Keycloak Operator CI	UNKNOWN STEP	2025-10-27T19:07:56.0280678Z ##[group]Runner Image Provisioner
Status Check - Keycloak Operator CI	UNKNOWN STEP	2025-10-27T19:07:56.0282090Z Hosted Compute Agent
Status Check - Keycloak Operator CI	UNKNOWN STEP	2025-10-27T19:07:56.0282983Z Version: 20250912.392
Status Check - Keycloak Operator CI	UNKNOWN STEP	2025-10-27T19:07:56.0284164Z Commit: d921fda672a98b64f4f82364647e2f10b2267d0b
Status Check - Keycloak Operator CI	UNKNOWN STEP	2025-10-27T19:07:56.0285390Z Build Date: 2025-09-12T15:23:14Z
Status Check - Keycloak Operator CI	UNKNOWN STEP	2025-10-27T19:07:56.0286401Z ##[endgroup]
Status Check - Keycloak Operator CI	UNKNOWN STEP	2025-10-27T19:07:56.0287242Z ##[group]Operating System
Status Check - Keycloak Operator CI	UNKNOWN STEP	2025-10-27T19:07:56.0288543Z Ubuntu
Status Check - Keycloak Operator CI	UNKNOWN STEP	2025-10-27T19:07:56.0289288Z 24.04.3
Status Check - Keycloak Operator CI	UNKNOWN STEP	2025-10-27T19:07:56.0290124Z LTS
Status Check - Keycloak Operator CI	UNKNOWN STEP	2025-10-27T19:07:56.0290943Z ##[endgroup]
Status Check - Keycloak Operator CI	UNKNOWN STEP	2025-10-27T19:07:56.0291795Z ##[group]Runner Image
Status Check - Keycloak Operator CI	UNKNOWN STEP	2025-10-27T19:07:56.0292850Z Image: ubuntu-24.04
Status Check - Keycloak Operator CI	UNKNOWN STEP	2025-10-27T19:07:56.0293751Z Version: 20250929.60.1
Status Check - Keycloak Operator CI	UNKNOWN STEP	2025-10-27T19:07:56.0295557Z Included Software: https://github.com/actions/runner-images/blob/ubuntu24/20250929.60/images/ubuntu/Ubuntu2404-Readme.md
Status Check - Keycloak Operator CI	UNKNOWN STEP	2025-10-27T19:07:56.0298731Z Image Release: https://github.com/actions/runner-images/releases/tag/ubuntu24%2F20250929.60
Status Check - Keycloak Operator CI	UNKNOWN STEP	2025-10-27T19:07:56.0300635Z ##[endgroup]
Status Check - Keycloak Operator CI	UNKNOWN STEP	2025-10-27T19:07:56.0302313Z ##[group]GITHUB_TOKEN Permissions
Status Check - Keycloak Operator CI	UNKNOWN STEP	2025-10-27T19:07:56.0304703Z Contents: read
Status Check - Keycloak Operator CI	UNKNOWN STEP	2025-10-27T19:07:56.0305674Z Metadata: read
Status Check - Keycloak Operator CI	UNKNOWN STEP	2025-10-27T19:07:56.0306477Z ##[endgroup]
Status Check - Keycloak Operator CI	UNKNOWN STEP	2025-10-27T19:07:56.0309591Z Secret source: None
Status Check - Keycloak Operator CI	UNKNOWN STEP	2025-10-27T19:07:56.0310825Z Prepare workflow directory
Status Check - Keycloak Operator CI	UNKNOWN STEP	2025-10-27T19:07:56.0900259Z Prepare all required actions
Status Check - Keycloak Operator CI	UNKNOWN STEP	2025-10-27T19:07:56.0957560Z Getting action download info
Status Check - Keycloak Operator CI	UNKNOWN STEP	2025-10-27T19:07:56.3392974Z Download action repository 'actions/checkout@v4' (SHA:08eba0b27e820071cde6df949e0beb9ba4906955)
Status Check - Keycloak Operator CI	UNKNOWN STEP	2025-10-27T19:07:56.4835406Z Complete job name: Status Check - Keycloak Operator CI
Status Check - Keycloak Operator CI	UNKNOWN STEP	2025-10-27T19:07:56.5595499Z ##[group]Run actions/checkout@v4
Status Check - Keycloak Operator CI	UNKNOWN STEP	2025-10-27T19:07:56.5596325Z with:
Status Check - Keycloak Operator CI	UNKNOWN STEP	2025-10-27T19:07:56.5596733Z   repository: keycloak/keycloak
Status Check - Keycloak Operator CI	UNKNOWN STEP	2025-10-27T19:07:56.5597385Z   token: ***
Status Check - Keycloak Operator CI	UNKNOWN STEP	2025-10-27T19:07:56.5597779Z   ssh-strict: true
Status Check - Keycloak Operator CI	UNKNOWN STEP	2025-10-27T19:07:56.5598379Z   ssh-user: git
Status Check - Keycloak Operator CI	UNKNOWN STEP	2025-10-27T19:07:56.5598796Z   persist-credentials: true
Status Check - Keycloak Operator CI	UNKNOWN STEP	2025-10-27T19:07:56.5599273Z   clean: true
Status Check - Keycloak Operator CI	UNKNOWN STEP	2025-10-27T19:07:56.5599681Z   sparse-checkout-cone-mode: true
Status Check - Keycloak Operator CI	UNKNOWN STEP	2025-10-27T19:07:56.5600171Z   fetch-depth: 1
Status Check - Keycloak Operator CI	UNKNOWN STEP	2025-10-27T19:07:56.5600563Z   fetch-tags: false
Status Check - Keycloak Operator CI	UNKNOWN STEP	2025-10-27T19:07:56.5600963Z   show-progress: true
Status Check - Keycloak Operator CI	UNKNOWN STEP	2025-10-27T19:07:56.5601446Z   lfs: false
Status Check - Keycloak Operator CI	UNKNOWN STEP	2025-10-27T19:07:56.5601812Z   submodules: false
Status Check - Keycloak Operator CI	UNKNOWN STEP	2025-10-27T19:07:56.5602218Z   set-safe-directory: true
Status Check - Keycloak Operator CI	UNKNOWN STEP	2025-10-27T19:07:56.5602911Z env:
Status Check - Keycloak Operator CI	UNKNOWN STEP	2025-10-27T19:07:56.5603453Z   MAVEN_ARGS: -B -nsu -Daether.connector.http.connectionMaxTtl=25
Status Check - Keycloak Operator CI	UNKNOWN STEP	2025-10-27T19:07:56.5604123Z   MINIKUBE_VERSION: v1.32.0
Status Check - Keycloak Operator CI	UNKNOWN STEP	2025-10-27T19:07:56.5604583Z   KUBERNETES_VERSION: v1.27.10
Status Check - Keycloak Operator CI	UNKNOWN STEP	2025-10-27T19:07:56.5605084Z   MINIKUBE_MEMORY: 4096
Status Check - Keycloak Operator CI	UNKNOWN STEP	2025-10-27T19:07:56.5605514Z ##[endgroup]
Status Check - Keycloak Operator CI	UNKNOWN STEP	2025-10-27T19:07:56.6662397Z Syncing repository: keycloak/keycloak
Status Check - Keycloak Operator CI	UNKNOWN STEP	2025-10-27T19:07:56.6664075Z ##[group]Getting Git version info
Status Check - Keycloak Operator CI	UNKNOWN STEP	2025-10-27T19:07:56.6664790Z Working directory is '/home/runner/work/keycloak/keycloak'
Status Check - Keycloak Operator CI	UNKNOWN STEP	2025-10-27T19:07:56.6665748Z [command]/usr/bin/git version
Status Check - Keycloak Operator CI	UNKNOWN STEP	2025-10-27T19:07:56.6729564Z git version 2.51.0
Status Check - Keycloak Operator CI	UNKNOWN STEP	2025-10-27T19:07:56.6755235Z ##[endgroup]
Status Check - Keycloak Operator CI	UNKNOWN STEP	2025-10-27T19:07:56.6769765Z Temporarily overriding HOME='/home/runner/work/_temp/dba7d7b3-7a78-469e-bc57-a2adff8b5f13' before making global git config changes
Status Check - Keycloak Operator CI	UNKNOWN STEP	2025-10-27T19:07:56.6771227Z Adding repository directory to the temporary git global config as a safe directory
Status Check - Keycloak Operator CI	UNKNOWN STEP	2025-10-27T19:07:56.6775033Z [command]/usr/bin/git config --global --add safe.directory /home/runner/work/keycloak/keycloak
Status Check - Keycloak Operator CI	UNKNOWN STEP	2025-10-27T19:07:56.6809055Z Deleting the contents of '/home/runner/work/keycloak/keycloak'
Status Check - Keycloak Operator CI	UNKNOWN STEP	2025-10-27T19:07:56.6812625Z ##[group]Initializing the repository
Status Check - Keycloak Operator CI	UNKNOWN STEP	2025-10-27T19:07:56.6817063Z [command]/usr/bin/git init /home/runner/work/keycloak/keycloak
Status Check - Keycloak Operator CI	UNKNOWN STEP	2025-10-27T19:07:56.6903004Z hint: Using 'master' as the name for the initial branch. This default branch name
Status Check - Keycloak Operator CI	UNKNOWN STEP	2025-10-27T19:07:56.6904699Z hint: is subject to change. To configure the initial branch name to use in all
Status Check - Keycloak Operator CI	UNKNOWN STEP	2025-10-27T19:07:56.6905948Z hint: of your new repositories, which will suppress this warning, call:
Status Check - Keycloak Operator CI	UNKNOWN STEP	2025-10-27T19:07:56.6907663Z hint:
Status Check - Keycloak Operator CI	UNKNOWN STEP	2025-10-27T19:07:56.6908922Z hint: 	git config --global init.defaultBranch <name>
Status Check - Keycloak Operator CI	UNKNOWN STEP	2025-10-27T19:07:56.6909958Z hint:
Status Check - Keycloak Operator CI	UNKNOWN STEP	2025-10-27T19:07:56.6910935Z hint: Names commonly chosen instead of 'master' are 'main', 'trunk' and
Status Check - Keycloak Operator CI	UNKNOWN STEP	2025-10-27T19:07:56.6912550Z hint: 'development'. The just-created branch can be renamed via this command:
Status Check - Keycloak Operator CI	UNKNOWN STEP	2025-10-27T19:07:56.6913803Z hint:
Status Check - Keycloak Operator CI	UNKNOWN STEP	2025-10-27T19:07:56.6914450Z hint: 	git branch -m <name>
Status Check - Keycloak Operator CI	UNKNOWN STEP	2025-10-27T19:07:56.6915194Z hint:
Status Check - Keycloak Operator CI	UNKNOWN STEP	2025-10-27T19:07:56.6916212Z hint: Disable this message with "git config set advice.defaultBranchName false"
Status Check - Keycloak Operator CI	UNKNOWN STEP	2025-10-27T19:07:56.6918224Z Initialized empty Git repository in /home/runner/work/keycloak/keycloak/.git/
Status Check - Keycloak Operator CI	UNKNOWN STEP	2025-10-27T19:07:56.6920994Z [command]/usr/bin/git remote add origin https://github.com/keycloak/keycloak
Status Check - Keycloak Operator CI	UNKNOWN STEP	2025-10-27T19:07:56.6953996Z ##[endgroup]
Status Check - Keycloak Operator CI	UNKNOWN STEP	2025-10-27T19:07:56.6955184Z ##[group]Disabling automatic garbage collection
Status Check - Keycloak Operator CI	UNKNOWN STEP	2025-10-27T19:07:56.6958880Z [command]/usr/bin/git config --local gc.auto 0
Status Check - Keycloak Operator CI	UNKNOWN STEP	2025-10-27T19:07:56.6987574Z ##[endgroup]
Status Check - Keycloak Operator CI	UNKNOWN STEP	2025-10-27T19:07:56.6989008Z ##[group]Setting up auth
Status Check - Keycloak Operator CI	UNKNOWN STEP	2025-10-27T19:07:56.6995260Z [command]/usr/bin/git config --local --name-only --get-regexp core\.sshCommand
Status Check - Keycloak Operator CI	UNKNOWN STEP	2025-10-27T19:07:56.7025972Z [command]/usr/bin/git submodule foreach --recursive sh -c "git config --local --name-only --get-regexp 'core\.sshCommand' && git config --local --unset-all 'core.sshCommand' || :"
Status Check - Keycloak Operator CI	UNKNOWN STEP	2025-10-27T19:07:56.7317048Z [command]/usr/bin/git config --local --name-only --get-regexp http\.https\:\/\/github\.com\/\.extraheader
Status Check - Keycloak Operator CI	UNKNOWN STEP	2025-10-27T19:07:56.7345967Z [command]/usr/bin/git submodule foreach --recursive sh -c "git config --local --name-only --get-regexp 'http\.https\:\/\/github\.com\/\.extraheader' && git config --local --unset-all 'http.https://github.com/.extraheader' || :"
Status Check - Keycloak Operator CI	UNKNOWN STEP	2025-10-27T19:07:56.7571364Z [command]/usr/bin/git config --local http.https://github.com/.extraheader AUTHORIZATION: basic ***
Status Check - Keycloak Operator CI	UNKNOWN STEP	2025-10-27T19:07:56.7606130Z ##[endgroup]
Status Check - Keycloak Operator CI	UNKNOWN STEP	2025-10-27T19:07:56.7607774Z ##[group]Fetching the repository
Status Check - Keycloak Operator CI	UNKNOWN STEP	2025-10-27T19:07:56.7616654Z [command]/usr/bin/git -c protocol.version=2 fetch --no-tags --prune --no-recurse-submodules --depth=1 origin +e27d925fb73c77dc421c82dc939b84b4a68068b7:refs/remotes/pull/43746/merge
Status Check - Keycloak Operator CI	UNKNOWN STEP	2025-10-27T19:07:59.7501278Z From https://github.com/keycloak/keycloak
Status Check - Keycloak Operator CI	UNKNOWN STEP	2025-10-27T19:07:59.7503105Z  * [new ref]         e27d925fb73c77dc421c82dc939b84b4a68068b7 -> pull/43746/merge
Status Check - Keycloak Operator CI	UNKNOWN STEP	2025-10-27T19:07:59.7533270Z ##[endgroup]
Status Check - Keycloak Operator CI	UNKNOWN STEP	2025-10-27T19:07:59.7534743Z ##[group]Determining the checkout info
Status Check - Keycloak Operator CI	UNKNOWN STEP	2025-10-27T19:07:59.7536238Z ##[endgroup]
Status Check - Keycloak Operator CI	UNKNOWN STEP	2025-10-27T19:07:59.7540216Z [command]/usr/bin/git sparse-checkout disable
Status Check - Keycloak Operator CI	UNKNOWN STEP	2025-10-27T19:07:59.7578991Z [command]/usr/bin/git config --local --unset-all extensions.worktreeConfig
Status Check - Keycloak Operator CI	UNKNOWN STEP	2025-10-27T19:07:59.7607874Z ##[group]Checking out the ref
Status Check - Keycloak Operator CI	UNKNOWN STEP	2025-10-27T19:07:59.7611795Z [command]/usr/bin/git checkout --progress --force refs/remotes/pull/43746/merge
Status Check - Keycloak Operator CI	UNKNOWN STEP	2025-10-27T19:08:00.5365433Z Note: switching to 'refs/remotes/pull/43746/merge'.
Status Check - Keycloak Operator CI	UNKNOWN STEP	2025-10-27T19:08:00.5368527Z 
Status Check - Keycloak Operator CI	UNKNOWN STEP	2025-10-27T19:08:00.5368963Z You are in 'detached HEAD' state. You can look around, make experimental
Status Check - Keycloak Operator CI	UNKNOWN STEP	2025-10-27T19:08:00.5369848Z changes and commit them, and you can discard any commits you make in this
Status Check - Keycloak Operator CI	UNKNOWN STEP	2025-10-27T19:08:00.5370645Z state without impacting any branches by switching back to a branch.
Status Check - Keycloak Operator CI	UNKNOWN STEP	2025-10-27T19:08:00.5371129Z 
Status Check - Keycloak Operator CI	UNKNOWN STEP	2025-10-27T19:08:00.5371465Z If you want to create a new branch to retain commits you create, you may
Status Check - Keycloak Operator CI	UNKNOWN STEP	2025-10-27T19:08:00.5373220Z do so (now or later) by using -c with the switch command. Example:
Status Check - Keycloak Operator CI	UNKNOWN STEP	2025-10-27T19:08:00.5373758Z 
Status Check - Keycloak Operator CI	UNKNOWN STEP	2025-10-27T19:08:00.5373972Z   git switch -c <new-branch-name>
Status Check - Keycloak Operator CI	UNKNOWN STEP	2025-10-27T19:08:00.5374281Z 
Status Check - Keycloak Operator CI	UNKNOWN STEP	2025-10-27T19:08:00.5374501Z Or undo this operation with:
Status Check - Keycloak Operator CI	UNKNOWN STEP	2025-10-27T19:08:00.5374798Z 
Status Check - Keycloak Operator CI	UNKNOWN STEP	2025-10-27T19:08:00.5374983Z   git switch -
Status Check - Keycloak Operator CI	UNKNOWN STEP	2025-10-27T19:08:00.5375224Z 
Status Check - Keycloak Operator CI	UNKNOWN STEP	2025-10-27T19:08:00.5375639Z Turn off this advice by setting config variable advice.detachedHead to false
Status Check - Keycloak Operator CI	UNKNOWN STEP	2025-10-27T19:08:00.5376158Z 
Status Check - Keycloak Operator CI	UNKNOWN STEP	2025-10-27T19:08:00.5376784Z HEAD is now at e27d925 Merge ca8d4da68c6339c35dedcbe669e723d75897314c into e7938a7c22ad23034e4dace0d4e0e6a287454677
Status Check - Keycloak Operator CI	UNKNOWN STEP	2025-10-27T19:08:00.5402667Z ##[endgroup]
Status Check - Keycloak Operator CI	UNKNOWN STEP	2025-10-27T19:08:00.5449373Z [command]/usr/bin/git log -1 --format=%H
Status Check - Keycloak Operator CI	UNKNOWN STEP	2025-10-27T19:08:00.5474748Z e27d925fb73c77dc421c82dc939b84b4a68068b7
Status Check - Keycloak Operator CI	UNKNOWN STEP	2025-10-27T19:08:00.5722874Z Prepare all required actions
Status Check - Keycloak Operator CI	UNKNOWN STEP	2025-10-27T19:08:00.5794713Z ##[group]Run ./.github/actions/status-check
Status Check - Keycloak Operator CI	UNKNOWN STEP	2025-10-27T19:08:00.5795083Z with:
Status Check - Keycloak Operator CI	UNKNOWN STEP	2025-10-27T19:08:00.5795916Z   jobs: {
Status Check - Keycloak Operator CI	UNKNOWN STEP	  "conditional": {
Status Check - Keycloak Operator CI	UNKNOWN STEP	    "result": "success",
Status Check - Keycloak Operator CI	UNKNOWN STEP	    "outputs": {
Status Check - Keycloak Operator CI	UNKNOWN STEP	      "operator": "true"
Status Check - Keycloak Operator CI	UNKNOWN STEP	    }
Status Check - Keycloak Operator CI	UNKNOWN STEP	  },
Status Check - Keycloak Operator CI	UNKNOWN STEP	  "build": {
Status Check - Keycloak Operator CI	UNKNOWN STEP	    "result": "success",
Status Check - Keycloak Operator CI	UNKNOWN STEP	    "outputs": {}
Status Check - Keycloak Operator CI	UNKNOWN STEP	  },
Status Check - Keycloak Operator CI	UNKNOWN STEP	  "test-local": {
Status Check - Keycloak Operator CI	UNKNOWN STEP	    "result": "success",
Status Check - Keycloak Operator CI	UNKNOWN STEP	    "outputs": {}
Status Check - Keycloak Operator CI	UNKNOWN STEP	  },
Status Check - Keycloak Operator CI	UNKNOWN STEP	  "test-remote": {
Status Check - Keycloak Operator CI	UNKNOWN STEP	    "result": "failure",
Status Check - Keycloak Operator CI	UNKNOWN STEP	    "outputs": {}
Status Check - Keycloak Operator CI	UNKNOWN STEP	  },
Status Check - Keycloak Operator CI	UNKNOWN STEP	  "test-olm": {
Status Check - Keycloak Operator CI	UNKNOWN STEP	    "result": "success",
Status Check - Keycloak Operator CI	UNKNOWN STEP	    "outputs": {}
Status Check - Keycloak Operator CI	UNKNOWN STEP	  }
Status Check - Keycloak Operator CI	UNKNOWN STEP	}
Status Check - Keycloak Operator CI	UNKNOWN STEP	2025-10-27T19:08:00.5796811Z env:
Status Check - Keycloak Operator CI	UNKNOWN STEP	2025-10-27T19:08:00.5797130Z   MAVEN_ARGS: -B -nsu -Daether.connector.http.connectionMaxTtl=25
Status Check - Keycloak Operator CI	UNKNOWN STEP	2025-10-27T19:08:00.5797534Z   MINIKUBE_VERSION: v1.32.0
Status Check - Keycloak Operator CI	UNKNOWN STEP	2025-10-27T19:08:00.5797887Z   KUBERNETES_VERSION: v1.27.10
Status Check - Keycloak Operator CI	UNKNOWN STEP	2025-10-27T19:08:00.5798331Z   MINIKUBE_MEMORY: 4096
Status Check - Keycloak Operator CI	UNKNOWN STEP	2025-10-27T19:08:00.5798578Z ##[endgroup]
Status Check - Keycloak Operator CI	UNKNOWN STEP	2025-10-27T19:08:00.5902562Z ##[group]Run JOBS='{
Status Check - Keycloak Operator CI	UNKNOWN STEP	2025-10-27T19:08:00.5902929Z [36;1mJOBS='{[0m
Status Check - Keycloak Operator CI	UNKNOWN STEP	2025-10-27T19:08:00.5903243Z [36;1m  "conditional": {[0m
Status Check - Keycloak Operator CI	UNKNOWN STEP	2025-10-27T19:08:00.5903518Z [36;1m    "result": "success",[0m
Status Check - Keycloak Operator CI	UNKNOWN STEP	2025-10-27T19:08:00.5903810Z [36;1m    "outputs": {[0m
Status Check - Keycloak Operator CI	UNKNOWN STEP	2025-10-27T19:08:00.5904072Z [36;1m      "operator": "true"[0m
Status Check - Keycloak Operator CI	UNKNOWN STEP	2025-10-27T19:08:00.5904337Z [36;1m    }[0m
Status Check - Keycloak Operator CI	UNKNOWN STEP	2025-10-27T19:08:00.5904551Z [36;1m  },[0m
Status Check - Keycloak Operator CI	UNKNOWN STEP	2025-10-27T19:08:00.5904773Z [36;1m  "build": {[0m
Status Check - Keycloak Operator CI	UNKNOWN STEP	2025-10-27T19:08:00.5905018Z [36;1m    "result": "success",[0m
Status Check - Keycloak Operator CI	UNKNOWN STEP	2025-10-27T19:08:00.5905295Z [36;1m    "outputs": {}[0m
Status Check - Keycloak Operator CI	UNKNOWN STEP	2025-10-27T19:08:00.5905542Z [36;1m  },[0m
Status Check - Keycloak Operator CI	UNKNOWN STEP	2025-10-27T19:08:00.5905760Z [36;1m  "test-local": {[0m
Status Check - Keycloak Operator CI	UNKNOWN STEP	2025-10-27T19:08:00.5906025Z [36;1m    "result": "success",[0m
Status Check - Keycloak Operator CI	UNKNOWN STEP	2025-10-27T19:08:00.5906293Z [36;1m    "outputs": {}[0m
Status Check - Keycloak Operator CI	UNKNOWN STEP	2025-10-27T19:08:00.5906542Z [36;1m  },[0m
Status Check - Keycloak Operator CI	UNKNOWN STEP	2025-10-27T19:08:00.5906763Z [36;1m  "test-remote": {[0m
Status Check - Keycloak Operator CI	UNKNOWN STEP	2025-10-27T19:08:00.5907040Z [36;1m    "result": "failure",[0m
Status Check - Keycloak Operator CI	UNKNOWN STEP	2025-10-27T19:08:00.5907301Z [36;1m    "outputs": {}[0m
Status Check - Keycloak Operator CI	UNKNOWN STEP	2025-10-27T19:08:00.5907540Z [36;1m  },[0m
Status Check - Keycloak Operator CI	UNKNOWN STEP	2025-10-27T19:08:00.5907759Z [36;1m  "test-olm": {[0m
Status Check - Keycloak Operator CI	UNKNOWN STEP	2025-10-27T19:08:00.5908148Z [36;1m    "result": "success",[0m
Status Check - Keycloak Operator CI	UNKNOWN STEP	2025-10-27T19:08:00.5908416Z [36;1m    "outputs": {}[0m
Status Check - Keycloak Operator CI	UNKNOWN STEP	2025-10-27T19:08:00.5908653Z [36;1m  }[0m
Status Check - Keycloak Operator CI	UNKNOWN STEP	2025-10-27T19:08:00.5908863Z [36;1m}'[0m
Status Check - Keycloak Operator CI	UNKNOWN STEP	2025-10-27T19:08:00.5909082Z [36;1m[0m
Status Check - Keycloak Operator CI	UNKNOWN STEP	2025-10-27T19:08:00.5909303Z [36;1mecho "Job status:"[0m
Status Check - Keycloak Operator CI	UNKNOWN STEP	2025-10-27T19:08:00.5909676Z [36;1mecho $JOBS | jq -r 'to_entries[] | " - \(.key): \(.value.result)"'[0m
Status Check - Keycloak Operator CI	UNKNOWN STEP	2025-10-27T19:08:00.5910043Z [36;1m[0m
Status Check - Keycloak Operator CI	UNKNOWN STEP	2025-10-27T19:08:00.5910336Z [36;1mfor i in $(echo $JOBS | jq -r 'to_entries[] | .value.result'); do[0m
Status Check - Keycloak Operator CI	UNKNOWN STEP	2025-10-27T19:08:00.5910745Z [36;1m  if [ "$i" != "success" ] && [ "$i" != "skipped" ]; then[0m
Status Check - Keycloak Operator CI	UNKNOWN STEP	2025-10-27T19:08:00.5911063Z [36;1m    echo ""[0m
Status Check - Keycloak Operator CI	UNKNOWN STEP	2025-10-27T19:08:00.5911310Z [36;1m    echo "Status check not okay!"[0m
Status Check - Keycloak Operator CI	UNKNOWN STEP	2025-10-27T19:08:00.5911604Z [36;1m    exit 1[0m
Status Check - Keycloak Operator CI	UNKNOWN STEP	2025-10-27T19:08:00.5911822Z [36;1m  fi[0m
Status Check - Keycloak Operator CI	UNKNOWN STEP	2025-10-27T19:08:00.5912035Z [36;1mdone[0m
Status Check - Keycloak Operator CI	UNKNOWN STEP	2025-10-27T19:08:00.5950216Z shell: /usr/bin/bash --noprofile --norc -e -o pipefail {0}
Status Check - Keycloak Operator CI	UNKNOWN STEP	2025-10-27T19:08:00.5950602Z env:
Status Check - Keycloak Operator CI	UNKNOWN STEP	2025-10-27T19:08:00.5950925Z   MAVEN_ARGS: -B -nsu -Daether.connector.http.connectionMaxTtl=25
Status Check - Keycloak Operator CI	UNKNOWN STEP	2025-10-27T19:08:00.5951316Z   MINIKUBE_VERSION: v1.32.0
Status Check - Keycloak Operator CI	UNKNOWN STEP	2025-10-27T19:08:00.5951597Z   KUBERNETES_VERSION: v1.27.10
Status Check - Keycloak Operator CI	UNKNOWN STEP	2025-10-27T19:08:00.5951908Z   MINIKUBE_MEMORY: 4096
Status Check - Keycloak Operator CI	UNKNOWN STEP	2025-10-27T19:08:00.5952152Z ##[endgroup]
Status Check - Keycloak Operator CI	UNKNOWN STEP	2025-10-27T19:08:00.6026722Z Job status:
Status Check - Keycloak Operator CI	UNKNOWN STEP	2025-10-27T19:08:00.6131244Z  - conditional: success
Status Check - Keycloak Operator CI	UNKNOWN STEP	2025-10-27T19:08:00.6131729Z  - build: success
Status Check - Keycloak Operator CI	UNKNOWN STEP	2025-10-27T19:08:00.6132147Z  - test-local: success
Status Check - Keycloak Operator CI	UNKNOWN STEP	2025-10-27T19:08:00.6132573Z  - test-remote: failure
Status Check - Keycloak Operator CI	UNKNOWN STEP	2025-10-27T19:08:00.6133020Z  - test-olm: success
Status Check - Keycloak Operator CI	UNKNOWN STEP	2025-10-27T19:08:00.6168444Z 
Status Check - Keycloak Operator CI	UNKNOWN STEP	2025-10-27T19:08:00.6171335Z Status check not okay!
Status Check - Keycloak Operator CI	UNKNOWN STEP	2025-10-27T19:08:00.6182516Z ##[error]Process completed with exit code 1.
Status Check - Keycloak Operator CI	UNKNOWN STEP	2025-10-27T19:08:00.6302901Z Post job cleanup.
Status Check - Keycloak Operator CI	UNKNOWN STEP	2025-10-27T19:08:00.7227551Z [command]/usr/bin/git version
Status Check - Keycloak Operator CI	UNKNOWN STEP	2025-10-27T19:08:00.7265499Z git version 2.51.0
Status Check - Keycloak Operator CI	UNKNOWN STEP	2025-10-27T19:08:00.7313532Z Temporarily overriding HOME='/home/runner/work/_temp/53575e19-a955-4707-8c9d-1486bc6a6a76' before making global git config changes
Status Check - Keycloak Operator CI	UNKNOWN STEP	2025-10-27T19:08:00.7314848Z Adding repository directory to the temporary git global config as a safe directory
Status Check - Keycloak Operator CI	UNKNOWN STEP	2025-10-27T19:08:00.7318559Z [command]/usr/bin/git config --global --add safe.directory /home/runner/work/keycloak/keycloak
Status Check - Keycloak Operator CI	UNKNOWN STEP	2025-10-27T19:08:00.7353422Z [command]/usr/bin/git config --local --name-only --get-regexp core\.sshCommand
Status Check - Keycloak Operator CI	UNKNOWN STEP	2025-10-27T19:08:00.7409639Z [command]/usr/bin/git submodule foreach --recursive sh -c "git config --local --name-only --get-regexp 'core\.sshCommand' && git config --local --unset-all 'core.sshCommand' || :"
Status Check - Keycloak Operator CI	UNKNOWN STEP	2025-10-27T19:08:00.7666458Z [command]/usr/bin/git config --local --name-only --get-regexp http\.https\:\/\/github\.com\/\.extraheader
Status Check - Keycloak Operator CI	UNKNOWN STEP	2025-10-27T19:08:00.7688381Z http.https://github.com/.extraheader
Status Check - Keycloak Operator CI	UNKNOWN STEP	2025-10-27T19:08:00.7700874Z [command]/usr/bin/git config --local --unset-all http.https://github.com/.extraheader
Status Check - Keycloak Operator CI	UNKNOWN STEP	2025-10-27T19:08:00.7733267Z [command]/usr/bin/git submodule foreach --recursive sh -c "git config --local --name-only --get-regexp 'http\.https\:\/\/github\.com\/\.extraheader' && git config --local --unset-all 'http.https://github.com/.extraheader' || :"
Status Check - Keycloak Operator CI	UNKNOWN STEP	2025-10-27T19:08:00.8086621Z Cleaning up orphan processes
