Adapter IT	UNKNOWN STEP	ï»¿2026-01-23T09:05:29.8358517Z Current runner version: '2.331.0'
Adapter IT	UNKNOWN STEP	2026-01-23T09:05:29.8382720Z ##[group]Runner Image Provisioner
Adapter IT	UNKNOWN STEP	2026-01-23T09:05:29.8383519Z Hosted Compute Agent
Adapter IT	UNKNOWN STEP	2026-01-23T09:05:29.8384049Z Version: 20260115.477
Adapter IT	UNKNOWN STEP	2026-01-23T09:05:29.8384697Z Commit: 4b342d620503cbe250a3154040964899ea7c9b00
Adapter IT	UNKNOWN STEP	2026-01-23T09:05:29.8385390Z Build Date: 2026-01-15T22:32:41Z
Adapter IT	UNKNOWN STEP	2026-01-23T09:05:29.8386018Z Worker ID: {48016cb9-9b50-4a34-ac27-993e23be3d98}
Adapter IT	UNKNOWN STEP	2026-01-23T09:05:29.8386779Z Azure Region: northcentralus
Adapter IT	UNKNOWN STEP	2026-01-23T09:05:29.8387356Z ##[endgroup]
Adapter IT	UNKNOWN STEP	2026-01-23T09:05:29.8389103Z ##[group]Operating System
Adapter IT	UNKNOWN STEP	2026-01-23T09:05:29.8389807Z Ubuntu
Adapter IT	UNKNOWN STEP	2026-01-23T09:05:29.8390234Z 24.04.3
Adapter IT	UNKNOWN STEP	2026-01-23T09:05:29.8390677Z LTS
Adapter IT	UNKNOWN STEP	2026-01-23T09:05:29.8391125Z ##[endgroup]
Adapter IT	UNKNOWN STEP	2026-01-23T09:05:29.8391669Z ##[group]Runner Image
Adapter IT	UNKNOWN STEP	2026-01-23T09:05:29.8392203Z Image: ubuntu-24.04
Adapter IT	UNKNOWN STEP	2026-01-23T09:05:29.8392696Z Version: 20260119.4.1
Adapter IT	UNKNOWN STEP	2026-01-23T09:05:29.8393861Z Included Software: https://github.com/actions/runner-images/blob/ubuntu24/20260119.4/images/ubuntu/Ubuntu2404-Readme.md
Adapter IT	UNKNOWN STEP	2026-01-23T09:05:29.8395653Z Image Release: https://github.com/actions/runner-images/releases/tag/ubuntu24%2F20260119.4
Adapter IT	UNKNOWN STEP	2026-01-23T09:05:29.8397230Z ##[endgroup]
Adapter IT	UNKNOWN STEP	2026-01-23T09:05:29.8399125Z ##[group]GITHUB_TOKEN Permissions
Adapter IT	UNKNOWN STEP	2026-01-23T09:05:29.8402107Z Contents: read
Adapter IT	UNKNOWN STEP	2026-01-23T09:05:29.8403051Z Metadata: read
Adapter IT	UNKNOWN STEP	2026-01-23T09:05:29.8403844Z ##[endgroup]
Adapter IT	UNKNOWN STEP	2026-01-23T09:05:29.8406676Z Secret source: None
Adapter IT	UNKNOWN STEP	2026-01-23T09:05:29.8408298Z Prepare workflow directory
Adapter IT	UNKNOWN STEP	2026-01-23T09:05:29.8968470Z Prepare all required actions
Adapter IT	UNKNOWN STEP	2026-01-23T09:05:29.9023309Z Getting action download info
Adapter IT	UNKNOWN STEP	2026-01-23T09:05:30.2167171Z Download action repository 'actions/checkout@08c6903cd8c0fde910a37f88322edcfb5dd907a8' (SHA:08c6903cd8c0fde910a37f88322edcfb5dd907a8)
Adapter IT	UNKNOWN STEP	2026-01-23T09:05:30.8249640Z Complete job name: Adapter IT
Adapter IT	UNKNOWN STEP	2026-01-23T09:05:30.9098649Z ##[group]Run actions/checkout@08c6903cd8c0fde910a37f88322edcfb5dd907a8
Adapter IT	UNKNOWN STEP	2026-01-23T09:05:30.9100459Z with:
Adapter IT	UNKNOWN STEP	2026-01-23T09:05:30.9101261Z   repository: keycloak/keycloak
Adapter IT	UNKNOWN STEP	2026-01-23T09:05:30.9102561Z   token: ***
Adapter IT	UNKNOWN STEP	2026-01-23T09:05:30.9103369Z   ssh-strict: true
Adapter IT	UNKNOWN STEP	2026-01-23T09:05:30.9104193Z   ssh-user: git
Adapter IT	UNKNOWN STEP	2026-01-23T09:05:30.9105036Z   persist-credentials: true
Adapter IT	UNKNOWN STEP	2026-01-23T09:05:30.9105981Z   clean: true
Adapter IT	UNKNOWN STEP	2026-01-23T09:05:30.9106816Z   sparse-checkout-cone-mode: true
Adapter IT	UNKNOWN STEP	2026-01-23T09:05:30.9108231Z   fetch-depth: 1
Adapter IT	UNKNOWN STEP	2026-01-23T09:05:30.9109085Z   fetch-tags: false
Adapter IT	UNKNOWN STEP	2026-01-23T09:05:30.9109938Z   show-progress: true
Adapter IT	UNKNOWN STEP	2026-01-23T09:05:30.9110793Z   lfs: false
Adapter IT	UNKNOWN STEP	2026-01-23T09:05:30.9111572Z   submodules: false
Adapter IT	UNKNOWN STEP	2026-01-23T09:05:30.9112433Z   set-safe-directory: true
Adapter IT	UNKNOWN STEP	2026-01-23T09:05:30.9113641Z env:
Adapter IT	UNKNOWN STEP	2026-01-23T09:05:30.9114760Z   MAVEN_ARGS: -B -nsu -Daether.connector.http.connectionMaxTtl=25
Adapter IT	UNKNOWN STEP	2026-01-23T09:05:30.9116211Z   SUREFIRE_RERUN_FAILING_COUNT: 2
Adapter IT	UNKNOWN STEP	2026-01-23T09:05:30.9117456Z   SUREFIRE_RETRY: -Dsurefire.rerunFailingTestsCount=2
Adapter IT	UNKNOWN STEP	2026-01-23T09:05:30.9118854Z ##[endgroup]
Adapter IT	UNKNOWN STEP	2026-01-23T09:05:31.0044749Z Syncing repository: keycloak/keycloak
Adapter IT	UNKNOWN STEP	2026-01-23T09:05:31.0048096Z ##[group]Getting Git version info
Adapter IT	UNKNOWN STEP	2026-01-23T09:05:31.0049590Z Working directory is '/home/runner/work/keycloak/keycloak'
Adapter IT	UNKNOWN STEP	2026-01-23T09:05:31.0051807Z [command]/usr/bin/git version
Adapter IT	UNKNOWN STEP	2026-01-23T09:05:31.1152501Z git version 2.52.0
Adapter IT	UNKNOWN STEP	2026-01-23T09:05:31.1176342Z ##[endgroup]
Adapter IT	UNKNOWN STEP	2026-01-23T09:05:31.1192213Z Temporarily overriding HOME='/home/runner/work/_temp/21cc1435-4071-479d-b73d-c0a5b521e639' before making global git config changes
Adapter IT	UNKNOWN STEP	2026-01-23T09:05:31.1195435Z Adding repository directory to the temporary git global config as a safe directory
Adapter IT	UNKNOWN STEP	2026-01-23T09:05:31.1199049Z [command]/usr/bin/git config --global --add safe.directory /home/runner/work/keycloak/keycloak
Adapter IT	UNKNOWN STEP	2026-01-23T09:05:31.1281653Z Deleting the contents of '/home/runner/work/keycloak/keycloak'
Adapter IT	UNKNOWN STEP	2026-01-23T09:05:31.1285425Z ##[group]Initializing the repository
Adapter IT	UNKNOWN STEP	2026-01-23T09:05:31.1290249Z [command]/usr/bin/git init /home/runner/work/keycloak/keycloak
Adapter IT	UNKNOWN STEP	2026-01-23T09:05:31.1881578Z hint: Using 'master' as the name for the initial branch. This default branch name
Adapter IT	UNKNOWN STEP	2026-01-23T09:05:31.1884354Z hint: will change to "main" in Git 3.0. To configure the initial branch name
Adapter IT	UNKNOWN STEP	2026-01-23T09:05:31.1886782Z hint: to use in all of your new repositories, which will suppress this warning,
Adapter IT	UNKNOWN STEP	2026-01-23T09:05:31.1888636Z hint: call:
Adapter IT	UNKNOWN STEP	2026-01-23T09:05:31.1889450Z hint:
Adapter IT	UNKNOWN STEP	2026-01-23T09:05:31.1890502Z hint: 	git config --global init.defaultBranch <name>
Adapter IT	UNKNOWN STEP	2026-01-23T09:05:31.1891810Z hint:
Adapter IT	UNKNOWN STEP	2026-01-23T09:05:31.1893052Z hint: Names commonly chosen instead of 'master' are 'main', 'trunk' and
Adapter IT	UNKNOWN STEP	2026-01-23T09:05:31.1895052Z hint: 'development'. The just-created branch can be renamed via this command:
Adapter IT	UNKNOWN STEP	2026-01-23T09:05:31.1896570Z hint:
Adapter IT	UNKNOWN STEP	2026-01-23T09:05:31.1897384Z hint: 	git branch -m <name>
Adapter IT	UNKNOWN STEP	2026-01-23T09:05:31.1898438Z hint:
Adapter IT	UNKNOWN STEP	2026-01-23T09:05:31.1899754Z hint: Disable this message with "git config set advice.defaultBranchName false"
Adapter IT	UNKNOWN STEP	2026-01-23T09:05:31.1929291Z Initialized empty Git repository in /home/runner/work/keycloak/keycloak/.git/
Adapter IT	UNKNOWN STEP	2026-01-23T09:05:31.1942770Z [command]/usr/bin/git remote add origin https://github.com/keycloak/keycloak
Adapter IT	UNKNOWN STEP	2026-01-23T09:05:31.2021657Z ##[endgroup]
Adapter IT	UNKNOWN STEP	2026-01-23T09:05:31.2023562Z ##[group]Disabling automatic garbage collection
Adapter IT	UNKNOWN STEP	2026-01-23T09:05:31.2025180Z [command]/usr/bin/git config --local gc.auto 0
Adapter IT	UNKNOWN STEP	2026-01-23T09:05:31.2053976Z ##[endgroup]
Adapter IT	UNKNOWN STEP	2026-01-23T09:05:31.2055691Z ##[group]Setting up auth
Adapter IT	UNKNOWN STEP	2026-01-23T09:05:31.2060400Z [command]/usr/bin/git config --local --name-only --get-regexp core\.sshCommand
Adapter IT	UNKNOWN STEP	2026-01-23T09:05:31.2092613Z [command]/usr/bin/git submodule foreach --recursive sh -c "git config --local --name-only --get-regexp 'core\.sshCommand' && git config --local --unset-all 'core.sshCommand' || :"
Adapter IT	UNKNOWN STEP	2026-01-23T09:05:31.4286702Z [command]/usr/bin/git config --local --name-only --get-regexp http\.https\:\/\/github\.com\/\.extraheader
Adapter IT	UNKNOWN STEP	2026-01-23T09:05:31.4319992Z [command]/usr/bin/git submodule foreach --recursive sh -c "git config --local --name-only --get-regexp 'http\.https\:\/\/github\.com\/\.extraheader' && git config --local --unset-all 'http.https://github.com/.extraheader' || :"
Adapter IT	UNKNOWN STEP	2026-01-23T09:05:31.4538534Z [command]/usr/bin/git config --local http.https://github.com/.extraheader AUTHORIZATION: basic ***
Adapter IT	UNKNOWN STEP	2026-01-23T09:05:31.4574362Z ##[endgroup]
Adapter IT	UNKNOWN STEP	2026-01-23T09:05:31.4576782Z ##[group]Fetching the repository
Adapter IT	UNKNOWN STEP	2026-01-23T09:05:31.4585777Z [command]/usr/bin/git -c protocol.version=2 fetch --no-tags --prune --no-recurse-submodules --depth=1 origin +940751b4d381e692c631ffb5a609e0519aa853ac:refs/remotes/pull/45011/merge
Adapter IT	UNKNOWN STEP	2026-01-23T09:05:33.7089305Z From https://github.com/keycloak/keycloak
Adapter IT	UNKNOWN STEP	2026-01-23T09:05:33.7090374Z  * [new ref]         940751b4d381e692c631ffb5a609e0519aa853ac -> pull/45011/merge
Adapter IT	UNKNOWN STEP	2026-01-23T09:05:33.7170144Z ##[endgroup]
Adapter IT	UNKNOWN STEP	2026-01-23T09:05:33.7170949Z ##[group]Determining the checkout info
Adapter IT	UNKNOWN STEP	2026-01-23T09:05:33.7172473Z ##[endgroup]
Adapter IT	UNKNOWN STEP	2026-01-23T09:05:33.7180403Z [command]/usr/bin/git sparse-checkout disable
Adapter IT	UNKNOWN STEP	2026-01-23T09:05:33.7269595Z [command]/usr/bin/git config --local --unset-all extensions.worktreeConfig
Adapter IT	UNKNOWN STEP	2026-01-23T09:05:33.7296881Z ##[group]Checking out the ref
Adapter IT	UNKNOWN STEP	2026-01-23T09:05:33.7301394Z [command]/usr/bin/git checkout --progress --force refs/remotes/pull/45011/merge
Adapter IT	UNKNOWN STEP	2026-01-23T09:05:34.5788238Z Note: switching to 'refs/remotes/pull/45011/merge'.
Adapter IT	UNKNOWN STEP	2026-01-23T09:05:34.5788723Z 
Adapter IT	UNKNOWN STEP	2026-01-23T09:05:34.5789113Z You are in 'detached HEAD' state. You can look around, make experimental
Adapter IT	UNKNOWN STEP	2026-01-23T09:05:34.5789975Z changes and commit them, and you can discard any commits you make in this
Adapter IT	UNKNOWN STEP	2026-01-23T09:05:34.5791103Z state without impacting any branches by switching back to a branch.
Adapter IT	UNKNOWN STEP	2026-01-23T09:05:34.5791589Z 
Adapter IT	UNKNOWN STEP	2026-01-23T09:05:34.5791929Z If you want to create a new branch to retain commits you create, you may
Adapter IT	UNKNOWN STEP	2026-01-23T09:05:34.5792668Z do so (now or later) by using -c with the switch command. Example:
Adapter IT	UNKNOWN STEP	2026-01-23T09:05:34.5793101Z 
Adapter IT	UNKNOWN STEP	2026-01-23T09:05:34.5793324Z   git switch -c <new-branch-name>
Adapter IT	UNKNOWN STEP	2026-01-23T09:05:34.5793644Z 
Adapter IT	UNKNOWN STEP	2026-01-23T09:05:34.5793814Z Or undo this operation with:
Adapter IT	UNKNOWN STEP	2026-01-23T09:05:34.5794083Z 
Adapter IT	UNKNOWN STEP	2026-01-23T09:05:34.5794215Z   git switch -
Adapter IT	UNKNOWN STEP	2026-01-23T09:05:34.5794425Z 
Adapter IT	UNKNOWN STEP	2026-01-23T09:05:34.5794779Z Turn off this advice by setting config variable advice.detachedHead to false
Adapter IT	UNKNOWN STEP	2026-01-23T09:05:34.5795698Z 
Adapter IT	UNKNOWN STEP	2026-01-23T09:05:34.5796271Z HEAD is now at 940751b Merge c77755c8f64aa21604d2b19c01e2e9bffe623360 into a24183a34478bbf6a725522598ab3331b9cc8d93
Adapter IT	UNKNOWN STEP	2026-01-23T09:05:34.5817786Z ##[endgroup]
Adapter IT	UNKNOWN STEP	2026-01-23T09:05:34.5856791Z [command]/usr/bin/git log -1 --format=%H
Adapter IT	UNKNOWN STEP	2026-01-23T09:05:34.5881653Z 940751b4d381e692c631ffb5a609e0519aa853ac
Adapter IT	UNKNOWN STEP	2026-01-23T09:05:34.6126873Z Prepare all required actions
Adapter IT	UNKNOWN STEP	2026-01-23T09:05:34.6127345Z Getting action download info
Adapter IT	UNKNOWN STEP	2026-01-23T09:05:34.7524147Z Download action repository 'actions/download-artifact@d3f86a106a0bac45b974a628896c90dbdf5c8093' (SHA:d3f86a106a0bac45b974a628896c90dbdf5c8093)
Adapter IT	UNKNOWN STEP	2026-01-23T09:05:35.1514951Z ##[group]Run ./.github/actions/integration-test-setup
Adapter IT	UNKNOWN STEP	2026-01-23T09:05:35.1515283Z with:
Adapter IT	UNKNOWN STEP	2026-01-23T09:05:35.1515467Z   jdk-dist: temurin
Adapter IT	UNKNOWN STEP	2026-01-23T09:05:35.1515670Z   jdk-version: 21
Adapter IT	UNKNOWN STEP	2026-01-23T09:05:35.1515883Z env:
Adapter IT	UNKNOWN STEP	2026-01-23T09:05:35.1516165Z   MAVEN_ARGS: -B -nsu -Daether.connector.http.connectionMaxTtl=25
Adapter IT	UNKNOWN STEP	2026-01-23T09:05:35.1516542Z   SUREFIRE_RERUN_FAILING_COUNT: 2
Adapter IT	UNKNOWN STEP	2026-01-23T09:05:35.1516841Z   SUREFIRE_RETRY: -Dsurefire.rerunFailingTestsCount=2
Adapter IT	UNKNOWN STEP	2026-01-23T09:05:35.1517137Z ##[endgroup]
Adapter IT	UNKNOWN STEP	2026-01-23T09:05:35.1609007Z Prepare all required actions
Adapter IT	UNKNOWN STEP	2026-01-23T09:05:35.1725261Z ##[group]Run ./.github/actions/update-hosts
Adapter IT	UNKNOWN STEP	2026-01-23T09:05:35.1725545Z env:
Adapter IT	UNKNOWN STEP	2026-01-23T09:05:35.1725873Z   MAVEN_ARGS: -B -nsu -Daether.connector.http.connectionMaxTtl=25
Adapter IT	UNKNOWN STEP	2026-01-23T09:05:35.1726235Z   SUREFIRE_RERUN_FAILING_COUNT: 2
Adapter IT	UNKNOWN STEP	2026-01-23T09:05:35.1726534Z   SUREFIRE_RETRY: -Dsurefire.rerunFailingTestsCount=2
Adapter IT	UNKNOWN STEP	2026-01-23T09:05:35.1726870Z ##[endgroup]
Adapter IT	UNKNOWN STEP	2026-01-23T09:05:35.1781014Z ##[group]Run printf "\n\n$(cat .github/actions/update-hosts/hosts)" | sudo tee -a /etc/hosts
Adapter IT	UNKNOWN STEP	2026-01-23T09:05:35.1781695Z [36;1mprintf "\n\n$(cat .github/actions/update-hosts/hosts)" | sudo tee -a /etc/hosts[0m
Adapter IT	UNKNOWN STEP	2026-01-23T09:05:35.1818945Z shell: /usr/bin/bash --noprofile --norc -e -o pipefail {0}
Adapter IT	UNKNOWN STEP	2026-01-23T09:05:35.1819307Z env:
Adapter IT	UNKNOWN STEP	2026-01-23T09:05:35.1819589Z   MAVEN_ARGS: -B -nsu -Daether.connector.http.connectionMaxTtl=25
Adapter IT	UNKNOWN STEP	2026-01-23T09:05:35.1819939Z   SUREFIRE_RERUN_FAILING_COUNT: 2
Adapter IT	UNKNOWN STEP	2026-01-23T09:05:35.1820235Z   SUREFIRE_RETRY: -Dsurefire.rerunFailingTestsCount=2
Adapter IT	UNKNOWN STEP	2026-01-23T09:05:35.1820532Z ##[endgroup]
Adapter IT	UNKNOWN STEP	2026-01-23T09:05:35.1959890Z 
Adapter IT	UNKNOWN STEP	2026-01-23T09:05:35.1959911Z 
Adapter IT	UNKNOWN STEP	2026-01-23T09:05:35.1960818Z 127.0.0.1 localtest.me admin.localtest.me localhost-myapp.localtest.me localhost-sso.localtest.me realmFrontend.localtest.me proxy.kc.localtest.me
Adapter IT	UNKNOWN STEP	2026-01-23T09:05:35.1974380Z ::1 localtest.me admin.localtest.me localhost-myapp.localtest.me localhost-sso.localtest.me realmFrontend.localtest.me proxy.kc.localtest.me
Adapter IT	UNKNOWN STEP	2026-01-23T09:05:35.2025120Z Prepare all required actions
Adapter IT	UNKNOWN STEP	2026-01-23T09:05:35.2025426Z Getting action download info
Adapter IT	UNKNOWN STEP	2026-01-23T09:05:35.3486420Z Download action repository 'actions/setup-java@c5195efecf7bdfc987ee8bae7a71cb8b11521c00' (SHA:c5195efecf7bdfc987ee8bae7a71cb8b11521c00)
Adapter IT	UNKNOWN STEP	2026-01-23T09:05:35.8419850Z ##[group]Run ./.github/actions/java-setup
Adapter IT	UNKNOWN STEP	2026-01-23T09:05:35.8420135Z with:
Adapter IT	UNKNOWN STEP	2026-01-23T09:05:35.8420315Z   distribution: temurin
Adapter IT	UNKNOWN STEP	2026-01-23T09:05:35.8420524Z   java-version: 21
Adapter IT	UNKNOWN STEP	2026-01-23T09:05:35.8420700Z env:
Adapter IT	UNKNOWN STEP	2026-01-23T09:05:35.8420978Z   MAVEN_ARGS: -B -nsu -Daether.connector.http.connectionMaxTtl=25
Adapter IT	UNKNOWN STEP	2026-01-23T09:05:35.8421334Z   SUREFIRE_RERUN_FAILING_COUNT: 2
Adapter IT	UNKNOWN STEP	2026-01-23T09:05:35.8421654Z   SUREFIRE_RETRY: -Dsurefire.rerunFailingTestsCount=2
Adapter IT	UNKNOWN STEP	2026-01-23T09:05:35.8421942Z ##[endgroup]
Adapter IT	UNKNOWN STEP	2026-01-23T09:05:35.8510772Z ##[group]Run actions/setup-java@c5195efecf7bdfc987ee8bae7a71cb8b11521c00
Adapter IT	UNKNOWN STEP	2026-01-23T09:05:35.8511160Z with:
Adapter IT	UNKNOWN STEP	2026-01-23T09:05:35.8511346Z   distribution: temurin
Adapter IT	UNKNOWN STEP	2026-01-23T09:05:35.8511569Z   java-version: 21
Adapter IT	UNKNOWN STEP	2026-01-23T09:05:35.8511768Z   java-package: jdk
Adapter IT	UNKNOWN STEP	2026-01-23T09:05:35.8511978Z   check-latest: false
Adapter IT	UNKNOWN STEP	2026-01-23T09:05:35.8512176Z   server-id: github
Adapter IT	UNKNOWN STEP	2026-01-23T09:05:35.8512380Z   server-username: GITHUB_ACTOR
Adapter IT	UNKNOWN STEP	2026-01-23T09:05:35.8512620Z   server-password: GITHUB_TOKEN
Adapter IT	UNKNOWN STEP	2026-01-23T09:05:35.8512864Z   overwrite-settings: true
Adapter IT	UNKNOWN STEP	2026-01-23T09:05:35.8513297Z   job-status: success
Adapter IT	UNKNOWN STEP	2026-01-23T09:05:35.8513628Z   token: ***
Adapter IT	UNKNOWN STEP	2026-01-23T09:05:35.8513815Z env:
Adapter IT	UNKNOWN STEP	2026-01-23T09:05:35.8514089Z   MAVEN_ARGS: -B -nsu -Daether.connector.http.connectionMaxTtl=25
Adapter IT	UNKNOWN STEP	2026-01-23T09:05:35.8514451Z   SUREFIRE_RERUN_FAILING_COUNT: 2
Adapter IT	UNKNOWN STEP	2026-01-23T09:05:35.8514737Z   SUREFIRE_RETRY: -Dsurefire.rerunFailingTestsCount=2
Adapter IT	UNKNOWN STEP	2026-01-23T09:05:35.8515217Z ##[endgroup]
Adapter IT	UNKNOWN STEP	2026-01-23T09:05:36.0439626Z ##[group]Installed distributions
Adapter IT	UNKNOWN STEP	2026-01-23T09:05:36.1084011Z Resolved Java 21.0.9+10 from tool-cache
Adapter IT	UNKNOWN STEP	2026-01-23T09:05:36.1085216Z Setting Java 21.0.9+10 as the default
Adapter IT	UNKNOWN STEP	2026-01-23T09:05:36.1099208Z Creating toolchains.xml for JDK version 21 from temurin
Adapter IT	UNKNOWN STEP	2026-01-23T09:05:36.1176487Z Writing to /home/runner/.m2/toolchains.xml
Adapter IT	UNKNOWN STEP	2026-01-23T09:05:36.1176884Z 
Adapter IT	UNKNOWN STEP	2026-01-23T09:05:36.1177041Z Java configuration:
Adapter IT	UNKNOWN STEP	2026-01-23T09:05:36.1178073Z   Distribution: temurin
Adapter IT	UNKNOWN STEP	2026-01-23T09:05:36.1178481Z   Version: 21.0.9+10
Adapter IT	UNKNOWN STEP	2026-01-23T09:05:36.1180477Z   Path: /opt/hostedtoolcache/Java_Temurin-Hotspot_jdk/21.0.9-10/x64
Adapter IT	UNKNOWN STEP	2026-01-23T09:05:36.1181275Z 
Adapter IT	UNKNOWN STEP	2026-01-23T09:05:36.1181726Z ##[endgroup]
Adapter IT	UNKNOWN STEP	2026-01-23T09:05:36.1193000Z Creating settings.xml with server-id: github
Adapter IT	UNKNOWN STEP	2026-01-23T09:05:36.1203348Z Writing to /home/runner/.m2/settings.xml
Adapter IT	UNKNOWN STEP	2026-01-23T09:05:36.1362550Z Prepare all required actions
Adapter IT	UNKNOWN STEP	2026-01-23T09:05:36.1362887Z Getting action download info
Adapter IT	UNKNOWN STEP	2026-01-23T09:05:36.3599859Z Download action repository 'actions/cache@5a3ec84eff668545956fd18022155c47e93e2684' (SHA:5a3ec84eff668545956fd18022155c47e93e2684)
Adapter IT	UNKNOWN STEP	2026-01-23T09:05:36.6520000Z ##[group]Run ./.github/actions/maven-cache
Adapter IT	UNKNOWN STEP	2026-01-23T09:05:36.6520259Z with:
Adapter IT	UNKNOWN STEP	2026-01-23T09:05:36.6520459Z   create-cache-if-it-doesnt-exist: false
Adapter IT	UNKNOWN STEP	2026-01-23T09:05:36.6520707Z env:
Adapter IT	UNKNOWN STEP	2026-01-23T09:05:36.6520973Z   MAVEN_ARGS: -B -nsu -Daether.connector.http.connectionMaxTtl=25
Adapter IT	UNKNOWN STEP	2026-01-23T09:05:36.6521328Z   SUREFIRE_RERUN_FAILING_COUNT: 2
Adapter IT	UNKNOWN STEP	2026-01-23T09:05:36.6521609Z   SUREFIRE_RETRY: -Dsurefire.rerunFailingTestsCount=2
Adapter IT	UNKNOWN STEP	2026-01-23T09:05:36.6522007Z   JAVA_HOME: /opt/hostedtoolcache/Java_Temurin-Hotspot_jdk/21.0.9-10/x64
Adapter IT	UNKNOWN STEP	2026-01-23T09:05:36.6522476Z   JAVA_HOME_21_X64: /opt/hostedtoolcache/Java_Temurin-Hotspot_jdk/21.0.9-10/x64
Adapter IT	UNKNOWN STEP	2026-01-23T09:05:36.6522830Z ##[endgroup]
Adapter IT	UNKNOWN STEP	2026-01-23T09:05:36.6541478Z ##[group]Run echo "key=mvn-`date -u "+%Y-%U"`" >> $GITHUB_OUTPUT
Adapter IT	UNKNOWN STEP	2026-01-23T09:05:36.6541885Z [36;1mecho "key=mvn-`date -u "+%Y-%U"`" >> $GITHUB_OUTPUT[0m
Adapter IT	UNKNOWN STEP	2026-01-23T09:05:36.6575085Z shell: /usr/bin/bash --noprofile --norc -e -o pipefail {0}
Adapter IT	UNKNOWN STEP	2026-01-23T09:05:36.6575397Z env:
Adapter IT	UNKNOWN STEP	2026-01-23T09:05:36.6575672Z   MAVEN_ARGS: -B -nsu -Daether.connector.http.connectionMaxTtl=25
Adapter IT	UNKNOWN STEP	2026-01-23T09:05:36.6576032Z   SUREFIRE_RERUN_FAILING_COUNT: 2
Adapter IT	UNKNOWN STEP	2026-01-23T09:05:36.6576323Z   SUREFIRE_RETRY: -Dsurefire.rerunFailingTestsCount=2
Adapter IT	UNKNOWN STEP	2026-01-23T09:05:36.6576728Z   JAVA_HOME: /opt/hostedtoolcache/Java_Temurin-Hotspot_jdk/21.0.9-10/x64
Adapter IT	UNKNOWN STEP	2026-01-23T09:05:36.6577176Z   JAVA_HOME_21_X64: /opt/hostedtoolcache/Java_Temurin-Hotspot_jdk/21.0.9-10/x64
Adapter IT	UNKNOWN STEP	2026-01-23T09:05:36.6577635Z ##[endgroup]
Adapter IT	UNKNOWN STEP	2026-01-23T09:05:36.6728501Z ##[group]Run actions/cache/restore@5a3ec84eff668545956fd18022155c47e93e2684
Adapter IT	UNKNOWN STEP	2026-01-23T09:05:36.6728848Z with:
Adapter IT	UNKNOWN STEP	2026-01-23T09:05:36.6729093Z   path: ~/.m2/repository/*/*
Adapter IT	UNKNOWN STEP	!~/.m2/repository/org/keycloak
Adapter IT	UNKNOWN STEP	
Adapter IT	UNKNOWN STEP	2026-01-23T09:05:36.6729414Z   key: mvn-Linux-mvn-2026-03
Adapter IT	UNKNOWN STEP	2026-01-23T09:05:36.6729644Z   restore-keys: mvn--mvn-2026-03
Adapter IT	UNKNOWN STEP	
Adapter IT	UNKNOWN STEP	2026-01-23T09:05:36.6729889Z   enableCrossOsArchive: true
Adapter IT	UNKNOWN STEP	2026-01-23T09:05:36.6730118Z   fail-on-cache-miss: false
Adapter IT	UNKNOWN STEP	2026-01-23T09:05:36.6730339Z   lookup-only: false
Adapter IT	UNKNOWN STEP	2026-01-23T09:05:36.6730520Z env:
Adapter IT	UNKNOWN STEP	2026-01-23T09:05:36.6730798Z   MAVEN_ARGS: -B -nsu -Daether.connector.http.connectionMaxTtl=25
Adapter IT	UNKNOWN STEP	2026-01-23T09:05:36.6731141Z   SUREFIRE_RERUN_FAILING_COUNT: 2
Adapter IT	UNKNOWN STEP	2026-01-23T09:05:36.6731430Z   SUREFIRE_RETRY: -Dsurefire.rerunFailingTestsCount=2
Adapter IT	UNKNOWN STEP	2026-01-23T09:05:36.6731829Z   JAVA_HOME: /opt/hostedtoolcache/Java_Temurin-Hotspot_jdk/21.0.9-10/x64
Adapter IT	UNKNOWN STEP	2026-01-23T09:05:36.6732354Z   JAVA_HOME_21_X64: /opt/hostedtoolcache/Java_Temurin-Hotspot_jdk/21.0.9-10/x64
Adapter IT	UNKNOWN STEP	2026-01-23T09:05:36.6732925Z ##[endgroup]
Adapter IT	UNKNOWN STEP	2026-01-23T09:05:36.9541648Z Cache hit for: mvn-Linux-mvn-2026-03
Adapter IT	UNKNOWN STEP	2026-01-23T09:05:38.0661681Z Received 167772160 of 685349107 (24.5%), 160.2 MBs/sec
Adapter IT	UNKNOWN STEP	2026-01-23T09:05:39.0671765Z Received 402653184 of 685349107 (58.8%), 192.0 MBs/sec
Adapter IT	UNKNOWN STEP	2026-01-23T09:05:40.1125442Z Received 671088640 of 685349107 (97.9%), 210.1 MBs/sec
Adapter IT	UNKNOWN STEP	2026-01-23T09:05:40.2382921Z Received 685349107 of 685349107 (100.0%), 206.1 MBs/sec
Adapter IT	UNKNOWN STEP	2026-01-23T09:05:40.2385783Z Cache Size: ~654 MB (685349107 B)
Adapter IT	UNKNOWN STEP	2026-01-23T09:05:40.2492506Z [command]/usr/bin/tar -xf /home/runner/work/_temp/2402b794-43a5-4f62-9146-9901f9123b20/cache.tzst -P -C /home/runner/work/keycloak/keycloak --use-compress-program unzstd
Adapter IT	UNKNOWN STEP	2026-01-23T09:05:42.2746322Z Cache restored successfully
Adapter IT	UNKNOWN STEP	2026-01-23T09:05:42.4095005Z Cache restored from key: mvn-Linux-mvn-2026-03
Adapter IT	UNKNOWN STEP	2026-01-23T09:05:42.4233525Z Prepare all required actions
Adapter IT	UNKNOWN STEP	2026-01-23T09:05:42.4233834Z Getting action download info
Adapter IT	UNKNOWN STEP	2026-01-23T09:05:42.5846909Z ##[group]Run ./.github/actions/node-cache
Adapter IT	UNKNOWN STEP	2026-01-23T09:05:42.5847198Z env:
Adapter IT	UNKNOWN STEP	2026-01-23T09:05:42.5847476Z   MAVEN_ARGS: -B -nsu -Daether.connector.http.connectionMaxTtl=25
Adapter IT	UNKNOWN STEP	2026-01-23T09:05:42.5847998Z   SUREFIRE_RERUN_FAILING_COUNT: 2
Adapter IT	UNKNOWN STEP	2026-01-23T09:05:42.5848301Z   SUREFIRE_RETRY: -Dsurefire.rerunFailingTestsCount=2
Adapter IT	UNKNOWN STEP	2026-01-23T09:05:42.5848713Z   JAVA_HOME: /opt/hostedtoolcache/Java_Temurin-Hotspot_jdk/21.0.9-10/x64
Adapter IT	UNKNOWN STEP	2026-01-23T09:05:42.5849197Z   JAVA_HOME_21_X64: /opt/hostedtoolcache/Java_Temurin-Hotspot_jdk/21.0.9-10/x64
Adapter IT	UNKNOWN STEP	2026-01-23T09:05:42.5849567Z ##[endgroup]
Adapter IT	UNKNOWN STEP	2026-01-23T09:05:42.5866305Z ##[group]Run echo "node=$(cat js/pom.xml | grep '<node.version>' | cut -d '>' -f 2 | cut -d '<' -f 1 | cut -c 2-)" >> $GITHUB_OUTPUT
Adapter IT	UNKNOWN STEP	2026-01-23T09:05:42.5867073Z [36;1mecho "node=$(cat js/pom.xml | grep '<node.version>' | cut -d '>' -f 2 | cut -d '<' -f 1 | cut -c 2-)" >> $GITHUB_OUTPUT[0m
Adapter IT	UNKNOWN STEP	2026-01-23T09:05:42.5867932Z [36;1mecho "pnpm=$(cat js/pom.xml | grep '<pnpm.version>' | cut -d '>' -f 2 | cut -d '<' -f 1 | cut -c 1-)" >> $GITHUB_OUTPUT[0m
Adapter IT	UNKNOWN STEP	2026-01-23T09:05:42.5899351Z shell: /usr/bin/bash --noprofile --norc -e -o pipefail {0}
Adapter IT	UNKNOWN STEP	2026-01-23T09:05:42.5899697Z env:
Adapter IT	UNKNOWN STEP	2026-01-23T09:05:42.5899982Z   MAVEN_ARGS: -B -nsu -Daether.connector.http.connectionMaxTtl=25
Adapter IT	UNKNOWN STEP	2026-01-23T09:05:42.5900362Z   SUREFIRE_RERUN_FAILING_COUNT: 2
Adapter IT	UNKNOWN STEP	2026-01-23T09:05:42.5900665Z   SUREFIRE_RETRY: -Dsurefire.rerunFailingTestsCount=2
Adapter IT	UNKNOWN STEP	2026-01-23T09:05:42.5901085Z   JAVA_HOME: /opt/hostedtoolcache/Java_Temurin-Hotspot_jdk/21.0.9-10/x64
Adapter IT	UNKNOWN STEP	2026-01-23T09:05:42.5901558Z   JAVA_HOME_21_X64: /opt/hostedtoolcache/Java_Temurin-Hotspot_jdk/21.0.9-10/x64
Adapter IT	UNKNOWN STEP	2026-01-23T09:05:42.5901923Z ##[endgroup]
Adapter IT	UNKNOWN STEP	2026-01-23T09:05:42.6329312Z ##[group]Run actions/cache@5a3ec84eff668545956fd18022155c47e93e2684
Adapter IT	UNKNOWN STEP	2026-01-23T09:05:42.6329647Z with:
Adapter IT	UNKNOWN STEP	2026-01-23T09:05:42.6330004Z   path: ~/.m2/repository/com/github/eirslett/node
Adapter IT	UNKNOWN STEP	~/.m2/repository/com/github/eirslett/pnpm
Adapter IT	UNKNOWN STEP	
Adapter IT	UNKNOWN STEP	2026-01-23T09:05:42.6330499Z   key: Linux-frontend-plugin-artifacts-24.9.0-10.14.0
Adapter IT	UNKNOWN STEP	2026-01-23T09:05:42.6330823Z   enableCrossOsArchive: false
Adapter IT	UNKNOWN STEP	2026-01-23T09:05:42.6331067Z   fail-on-cache-miss: false
Adapter IT	UNKNOWN STEP	2026-01-23T09:05:42.6331298Z   lookup-only: false
Adapter IT	UNKNOWN STEP	2026-01-23T09:05:42.6331504Z   save-always: false
Adapter IT	UNKNOWN STEP	2026-01-23T09:05:42.6331695Z env:
Adapter IT	UNKNOWN STEP	2026-01-23T09:05:42.6331966Z   MAVEN_ARGS: -B -nsu -Daether.connector.http.connectionMaxTtl=25
Adapter IT	UNKNOWN STEP	2026-01-23T09:05:42.6332324Z   SUREFIRE_RERUN_FAILING_COUNT: 2
Adapter IT	UNKNOWN STEP	2026-01-23T09:05:42.6332625Z   SUREFIRE_RETRY: -Dsurefire.rerunFailingTestsCount=2
Adapter IT	UNKNOWN STEP	2026-01-23T09:05:42.6333031Z   JAVA_HOME: /opt/hostedtoolcache/Java_Temurin-Hotspot_jdk/21.0.9-10/x64
Adapter IT	UNKNOWN STEP	2026-01-23T09:05:42.6333493Z   JAVA_HOME_21_X64: /opt/hostedtoolcache/Java_Temurin-Hotspot_jdk/21.0.9-10/x64
Adapter IT	UNKNOWN STEP	2026-01-23T09:05:42.6333857Z ##[endgroup]
Adapter IT	UNKNOWN STEP	2026-01-23T09:05:42.8908508Z Cache hit for: Linux-frontend-plugin-artifacts-24.9.0-10.14.0
Adapter IT	UNKNOWN STEP	2026-01-23T09:05:44.0575506Z Received 134217728 of 178075408 (75.4%), 121.6 MBs/sec
Adapter IT	UNKNOWN STEP	2026-01-23T09:05:44.3616720Z Received 178075408 of 178075408 (100.0%), 124.8 MBs/sec
Adapter IT	UNKNOWN STEP	2026-01-23T09:05:44.3618070Z Cache Size: ~170 MB (178075408 B)
Adapter IT	UNKNOWN STEP	2026-01-23T09:05:44.3646493Z [command]/usr/bin/tar -xf /home/runner/work/_temp/a79b31b2-9a78-439b-b5ce-ed79f58c78c7/cache.tzst -P -C /home/runner/work/keycloak/keycloak --use-compress-program unzstd
Adapter IT	UNKNOWN STEP	2026-01-23T09:05:44.8344225Z Cache restored successfully
Adapter IT	UNKNOWN STEP	2026-01-23T09:05:44.8764248Z Cache restored from key: Linux-frontend-plugin-artifacts-24.9.0-10.14.0
Adapter IT	UNKNOWN STEP	2026-01-23T09:05:44.8902026Z Prepare all required actions
Adapter IT	UNKNOWN STEP	2026-01-23T09:05:44.8902365Z Getting action download info
Adapter IT	UNKNOWN STEP	2026-01-23T09:05:45.0755320Z ##[group]Run ./.github/actions/pnpm-store-cache
Adapter IT	UNKNOWN STEP	2026-01-23T09:05:45.0755640Z env:
Adapter IT	UNKNOWN STEP	2026-01-23T09:05:45.0755955Z   MAVEN_ARGS: -B -nsu -Daether.connector.http.connectionMaxTtl=25
Adapter IT	UNKNOWN STEP	2026-01-23T09:05:45.0756349Z   SUREFIRE_RERUN_FAILING_COUNT: 2
Adapter IT	UNKNOWN STEP	2026-01-23T09:05:45.0756675Z   SUREFIRE_RETRY: -Dsurefire.rerunFailingTestsCount=2
Adapter IT	UNKNOWN STEP	2026-01-23T09:05:45.0757106Z   JAVA_HOME: /opt/hostedtoolcache/Java_Temurin-Hotspot_jdk/21.0.9-10/x64
Adapter IT	UNKNOWN STEP	2026-01-23T09:05:45.0757751Z   JAVA_HOME_21_X64: /opt/hostedtoolcache/Java_Temurin-Hotspot_jdk/21.0.9-10/x64
Adapter IT	UNKNOWN STEP	2026-01-23T09:05:45.0758131Z ##[endgroup]
Adapter IT	UNKNOWN STEP	2026-01-23T09:05:45.0774016Z ##[group]Run echo "key=pnpm-store-`date -u "+%Y-%U"`" >> $GITHUB_OUTPUT
Adapter IT	UNKNOWN STEP	2026-01-23T09:05:45.0774490Z [36;1mecho "key=pnpm-store-`date -u "+%Y-%U"`" >> $GITHUB_OUTPUT[0m
Adapter IT	UNKNOWN STEP	2026-01-23T09:05:45.0805410Z shell: /usr/bin/bash --noprofile --norc -e -o pipefail {0}
Adapter IT	UNKNOWN STEP	2026-01-23T09:05:45.0805755Z env:
Adapter IT	UNKNOWN STEP	2026-01-23T09:05:45.0806057Z   MAVEN_ARGS: -B -nsu -Daether.connector.http.connectionMaxTtl=25
Adapter IT	UNKNOWN STEP	2026-01-23T09:05:45.0806451Z   SUREFIRE_RERUN_FAILING_COUNT: 2
Adapter IT	UNKNOWN STEP	2026-01-23T09:05:45.0806775Z   SUREFIRE_RETRY: -Dsurefire.rerunFailingTestsCount=2
Adapter IT	UNKNOWN STEP	2026-01-23T09:05:45.0807211Z   JAVA_HOME: /opt/hostedtoolcache/Java_Temurin-Hotspot_jdk/21.0.9-10/x64
Adapter IT	UNKNOWN STEP	2026-01-23T09:05:45.0807820Z   JAVA_HOME_21_X64: /opt/hostedtoolcache/Java_Temurin-Hotspot_jdk/21.0.9-10/x64
Adapter IT	UNKNOWN STEP	2026-01-23T09:05:45.0808205Z ##[endgroup]
Adapter IT	UNKNOWN STEP	2026-01-23T09:05:45.0914380Z ##[group]Run actions/cache@5a3ec84eff668545956fd18022155c47e93e2684
Adapter IT	UNKNOWN STEP	2026-01-23T09:05:45.0914719Z with:
Adapter IT	UNKNOWN STEP	2026-01-23T09:05:45.0915046Z   path: ~/.local/share/pnpm/store
Adapter IT	UNKNOWN STEP	~/AppData/Local/pnpm/store
Adapter IT	UNKNOWN STEP	~/Library/pnpm/store
Adapter IT	UNKNOWN STEP	
Adapter IT	UNKNOWN STEP	2026-01-23T09:05:45.0915469Z   key: Linux-pnpm-store-2026-03
Adapter IT	UNKNOWN STEP	2026-01-23T09:05:45.0915726Z   enableCrossOsArchive: false
Adapter IT	UNKNOWN STEP	2026-01-23T09:05:45.0915975Z   fail-on-cache-miss: false
Adapter IT	UNKNOWN STEP	2026-01-23T09:05:45.0916209Z   lookup-only: false
Adapter IT	UNKNOWN STEP	2026-01-23T09:05:45.0916419Z   save-always: false
Adapter IT	UNKNOWN STEP	2026-01-23T09:05:45.0916615Z env:
Adapter IT	UNKNOWN STEP	2026-01-23T09:05:45.0916901Z   MAVEN_ARGS: -B -nsu -Daether.connector.http.connectionMaxTtl=25
Adapter IT	UNKNOWN STEP	2026-01-23T09:05:45.0917266Z   SUREFIRE_RERUN_FAILING_COUNT: 2
Adapter IT	UNKNOWN STEP	2026-01-23T09:05:45.0917797Z   SUREFIRE_RETRY: -Dsurefire.rerunFailingTestsCount=2
Adapter IT	UNKNOWN STEP	2026-01-23T09:05:45.0918321Z   JAVA_HOME: /opt/hostedtoolcache/Java_Temurin-Hotspot_jdk/21.0.9-10/x64
Adapter IT	UNKNOWN STEP	2026-01-23T09:05:45.0918798Z   JAVA_HOME_21_X64: /opt/hostedtoolcache/Java_Temurin-Hotspot_jdk/21.0.9-10/x64
Adapter IT	UNKNOWN STEP	2026-01-23T09:05:45.0919170Z ##[endgroup]
Adapter IT	UNKNOWN STEP	2026-01-23T09:05:45.3294431Z Cache hit for: Linux-pnpm-store-2026-03
Adapter IT	UNKNOWN STEP	2026-01-23T09:05:46.4662022Z Received 129527106 of 129527106 (100.0%), 124.6 MBs/sec
Adapter IT	UNKNOWN STEP	2026-01-23T09:05:46.4662769Z Cache Size: ~124 MB (129527106 B)
Adapter IT	UNKNOWN STEP	2026-01-23T09:05:46.4694492Z [command]/usr/bin/tar -xf /home/runner/work/_temp/f600b7b9-3fc9-4b01-9fa8-0552946f912f/cache.tzst -P -C /home/runner/work/keycloak/keycloak --use-compress-program unzstd
Adapter IT	UNKNOWN STEP	2026-01-23T09:05:49.3279046Z Cache restored successfully
Adapter IT	UNKNOWN STEP	2026-01-23T09:05:49.3601446Z Cache restored from key: Linux-pnpm-store-2026-03
Adapter IT	UNKNOWN STEP	2026-01-23T09:05:49.3734039Z ##[group]Run actions/download-artifact@d3f86a106a0bac45b974a628896c90dbdf5c8093
Adapter IT	UNKNOWN STEP	2026-01-23T09:05:49.3734461Z with:
Adapter IT	UNKNOWN STEP	2026-01-23T09:05:49.3734669Z   name: m2-keycloak.tzts
Adapter IT	UNKNOWN STEP	2026-01-23T09:05:49.3734923Z   merge-multiple: false
Adapter IT	UNKNOWN STEP	2026-01-23T09:05:49.3735172Z   repository: keycloak/keycloak
Adapter IT	UNKNOWN STEP	2026-01-23T09:05:49.3735430Z   run-id: 21280490945
Adapter IT	UNKNOWN STEP	2026-01-23T09:05:49.3735653Z env:
Adapter IT	UNKNOWN STEP	2026-01-23T09:05:49.3735959Z   MAVEN_ARGS: -B -nsu -Daether.connector.http.connectionMaxTtl=25
Adapter IT	UNKNOWN STEP	2026-01-23T09:05:49.3736356Z   SUREFIRE_RERUN_FAILING_COUNT: 2
Adapter IT	UNKNOWN STEP	2026-01-23T09:05:49.3736687Z   SUREFIRE_RETRY: -Dsurefire.rerunFailingTestsCount=2
Adapter IT	UNKNOWN STEP	2026-01-23T09:05:49.3737314Z   JAVA_HOME: /opt/hostedtoolcache/Java_Temurin-Hotspot_jdk/21.0.9-10/x64
Adapter IT	UNKNOWN STEP	2026-01-23T09:05:49.3738001Z   JAVA_HOME_21_X64: /opt/hostedtoolcache/Java_Temurin-Hotspot_jdk/21.0.9-10/x64
Adapter IT	UNKNOWN STEP	2026-01-23T09:05:49.3738390Z ##[endgroup]
Adapter IT	UNKNOWN STEP	2026-01-23T09:05:49.5712089Z Downloading single artifact
Adapter IT	UNKNOWN STEP	2026-01-23T09:05:49.7016076Z Preparing to download the following artifacts:
Adapter IT	UNKNOWN STEP	2026-01-23T09:05:49.7018031Z - m2-keycloak.tzts (ID: 5231311271, Size: 411016510, Expected Digest: sha256:0a1ddbac63951910cb0c7bb5043c279d0f14c7db3621b7ff212700042056585f)
Adapter IT	UNKNOWN STEP	2026-01-23T09:05:49.8139741Z Redirecting to blob download url: https://productionresultssa1.blob.core.windows.net/actions-results/76ecff2d-91f4-4c2f-aa0b-79e04a513ffc/workflow-job-run-5e2add5b-6320-54a7-95c6-1debd186fe52/artifacts/edc4cfb0355d37e325eaae6eb235756b36f79720f66ece617babf28220e9d051.zip
Adapter IT	UNKNOWN STEP	2026-01-23T09:05:49.8142859Z Starting download of artifact to: /home/runner/work/keycloak/keycloak
Adapter IT	UNKNOWN STEP	2026-01-23T09:05:49.9202095Z (node:2251) [DEP0005] DeprecationWarning: Buffer() is deprecated due to security and usability issues. Please use the Buffer.alloc(), Buffer.allocUnsafe(), or Buffer.from() methods instead.
Adapter IT	UNKNOWN STEP	2026-01-23T09:05:49.9203804Z (Use `node --trace-deprecation ...` to show where the warning was created)
Adapter IT	UNKNOWN STEP	2026-01-23T09:05:54.5383988Z SHA256 digest of downloaded artifact is 0a1ddbac63951910cb0c7bb5043c279d0f14c7db3621b7ff212700042056585f
Adapter IT	UNKNOWN STEP	2026-01-23T09:05:54.5385257Z Artifact download completed successfully.
Adapter IT	UNKNOWN STEP	2026-01-23T09:05:54.5385843Z Total of 1 artifact(s) downloaded
Adapter IT	UNKNOWN STEP	2026-01-23T09:05:54.5391607Z Download artifact has finished successfully
Adapter IT	UNKNOWN STEP	2026-01-23T09:05:54.5532261Z ##[group]Run if [ "$RUNNER_OS" == "Windows" ]; then
Adapter IT	UNKNOWN STEP	2026-01-23T09:05:54.5532650Z [36;1mif [ "$RUNNER_OS" == "Windows" ]; then[0m
Adapter IT	UNKNOWN STEP	2026-01-23T09:05:54.5533090Z [36;1m  # zstd binary might be missing in older versions, install only when necessary[0m
Adapter IT	UNKNOWN STEP	2026-01-23T09:05:54.5533558Z [36;1m  which zstd > /dev/null || choco install zstandard[0m
Adapter IT	UNKNOWN STEP	2026-01-23T09:05:54.5533878Z [36;1mfi[0m
Adapter IT	UNKNOWN STEP	2026-01-23T09:05:54.5534201Z [36;1mtar -C ~/ --use-compress-program="zstd -d" -xf m2-keycloak.tzts[0m
Adapter IT	UNKNOWN STEP	2026-01-23T09:05:54.5565942Z shell: /usr/bin/bash --noprofile --norc -e -o pipefail {0}
Adapter IT	UNKNOWN STEP	2026-01-23T09:05:54.5566301Z env:
Adapter IT	UNKNOWN STEP	2026-01-23T09:05:54.5566606Z   MAVEN_ARGS: -B -nsu -Daether.connector.http.connectionMaxTtl=25
Adapter IT	UNKNOWN STEP	2026-01-23T09:05:54.5567000Z   SUREFIRE_RERUN_FAILING_COUNT: 2
Adapter IT	UNKNOWN STEP	2026-01-23T09:05:54.5567327Z   SUREFIRE_RETRY: -Dsurefire.rerunFailingTestsCount=2
Adapter IT	UNKNOWN STEP	2026-01-23T09:05:54.5567927Z   JAVA_HOME: /opt/hostedtoolcache/Java_Temurin-Hotspot_jdk/21.0.9-10/x64
Adapter IT	UNKNOWN STEP	2026-01-23T09:05:54.5568435Z   JAVA_HOME_21_X64: /opt/hostedtoolcache/Java_Temurin-Hotspot_jdk/21.0.9-10/x64
Adapter IT	UNKNOWN STEP	2026-01-23T09:05:54.5568826Z ##[endgroup]
Adapter IT	UNKNOWN STEP	2026-01-23T09:05:55.2088485Z ##[group]Run ./mvnw install -DskipTests -f distribution/pom.xml
Adapter IT	UNKNOWN STEP	2026-01-23T09:05:55.2089336Z [36;1m./mvnw install -DskipTests -f distribution/pom.xml[0m
Adapter IT	UNKNOWN STEP	2026-01-23T09:05:55.2136155Z shell: /usr/bin/bash --noprofile --norc -e -o pipefail {0}
Adapter IT	UNKNOWN STEP	2026-01-23T09:05:55.2136762Z env:
Adapter IT	UNKNOWN STEP	2026-01-23T09:05:55.2137294Z   MAVEN_ARGS: -B -nsu -Daether.connector.http.connectionMaxTtl=25
Adapter IT	UNKNOWN STEP	2026-01-23T09:05:55.2138262Z   SUREFIRE_RERUN_FAILING_COUNT: 2
Adapter IT	UNKNOWN STEP	2026-01-23T09:05:55.2138839Z   SUREFIRE_RETRY: -Dsurefire.rerunFailingTestsCount=2
Adapter IT	UNKNOWN STEP	2026-01-23T09:05:55.2139653Z   JAVA_HOME: /opt/hostedtoolcache/Java_Temurin-Hotspot_jdk/21.0.9-10/x64
Adapter IT	UNKNOWN STEP	2026-01-23T09:05:55.2140564Z   JAVA_HOME_21_X64: /opt/hostedtoolcache/Java_Temurin-Hotspot_jdk/21.0.9-10/x64
Adapter IT	UNKNOWN STEP	2026-01-23T09:05:55.2141247Z ##[endgroup]
Adapter IT	UNKNOWN STEP	2026-01-23T09:06:02.5445869Z [INFO] Loading cache configuration from /home/runner/work/keycloak/keycloak/.mvn/maven-build-cache-config.xml
Adapter IT	UNKNOWN STEP	2026-01-23T09:06:02.5595983Z [INFO] Scanning for projects...
Adapter IT	UNKNOWN STEP	2026-01-23T09:06:02.7988705Z [INFO] ------------------------------------------------------------------------
Adapter IT	UNKNOWN STEP	2026-01-23T09:06:02.7990111Z [INFO] Reactor Build Order:
Adapter IT	UNKNOWN STEP	2026-01-23T09:06:02.7990542Z [INFO] 
Adapter IT	UNKNOWN STEP	2026-01-23T09:06:02.7991074Z [INFO] Distribution Parent                                                [pom]
Adapter IT	UNKNOWN STEP	2026-01-23T09:06:02.7991956Z [INFO] Galleon Feature Pack Builds                                        [pom]
Adapter IT	UNKNOWN STEP	2026-01-23T09:06:02.7993318Z [INFO] Keycloak Galleon Feature Pack: SAML Adapter                        [pom]
Adapter IT	UNKNOWN STEP	2026-01-23T09:06:02.7994236Z [INFO] Keycloak Distribution Licenses Common                              [jar]
Adapter IT	UNKNOWN STEP	2026-01-23T09:06:02.7995080Z [INFO] Keycloak Distribution Maven Plugins Parent                         [pom]
Adapter IT	UNKNOWN STEP	2026-01-23T09:06:02.7996042Z [INFO] Keycloak Licenses Processor Maven Plugin                  [maven-plugin]
Adapter IT	UNKNOWN STEP	2026-01-23T09:06:02.7996974Z [INFO] Keycloak SAML Wildfly Modules                                      [pom]
Adapter IT	UNKNOWN STEP	2026-01-23T09:06:02.7998090Z [INFO] Keycloak SAML Wildfly Adapter Distro                               [pom]
Adapter IT	UNKNOWN STEP	2026-01-23T09:06:02.7998994Z [INFO] Keycloak Wildfly SAML Adapter                                      [pom]
Adapter IT	UNKNOWN STEP	2026-01-23T09:06:02.7999912Z [INFO] SAML Adapters Distribution Parent                                  [pom]
Adapter IT	UNKNOWN STEP	2026-01-23T09:06:02.8000850Z [INFO] Keycloak Galleon Feature Pack: SAML Adapter Layer Metadata Tests   [jar]
Adapter IT	UNKNOWN STEP	2026-01-23T09:06:02.8040088Z [INFO] 
Adapter IT	UNKNOWN STEP	2026-01-23T09:06:02.8040508Z [INFO] -------------< org.keycloak:keycloak-distribution-parent >--------------
Adapter IT	UNKNOWN STEP	2026-01-23T09:06:02.8041416Z [INFO] Building Distribution Parent 999.0.0-SNAPSHOT                     [1/11]
Adapter IT	UNKNOWN STEP	2026-01-23T09:06:02.8042154Z [INFO]   from pom.xml
Adapter IT	UNKNOWN STEP	2026-01-23T09:06:02.8042916Z [INFO] --------------------------------[ pom ]---------------------------------
Adapter IT	UNKNOWN STEP	2026-01-23T09:06:02.8786083Z [INFO] 
Adapter IT	UNKNOWN STEP	2026-01-23T09:06:02.8789110Z [INFO] --- enforcer:3.0.0-M3:enforce (enforce-java-version) @ keycloak-distribution-parent ---
Adapter IT	UNKNOWN STEP	2026-01-23T09:06:03.1857118Z [INFO] 
Adapter IT	UNKNOWN STEP	2026-01-23T09:06:03.1858494Z [INFO] --- enforcer:3.0.0-M3:enforce (enforce-maven-version) @ keycloak-distribution-parent ---
Adapter IT	UNKNOWN STEP	2026-01-23T09:06:03.1866889Z [INFO] 
Adapter IT	UNKNOWN STEP	2026-01-23T09:06:03.1867983Z [INFO] --- buildnumber:1.4:create (get-scm-revision) @ keycloak-distribution-parent ---
Adapter IT	UNKNOWN STEP	2026-01-23T09:06:03.4716110Z [INFO] Executing: /bin/sh -c cd '/home/runner/work/keycloak/keycloak/distribution' && 'git' 'rev-parse' '--verify' 'HEAD'
Adapter IT	UNKNOWN STEP	2026-01-23T09:06:03.4719984Z [INFO] Working directory: /home/runner/work/keycloak/keycloak/distribution
Adapter IT	UNKNOWN STEP	2026-01-23T09:06:03.5521291Z [INFO] Storing buildNumber: 940751b4d381e692c631ffb5a609e0519aa853ac at timestamp: 1769159163456
Adapter IT	UNKNOWN STEP	2026-01-23T09:06:03.5618884Z [WARNING] Cannot get the branch information from the git repository: 
Adapter IT	UNKNOWN STEP	2026-01-23T09:06:03.5619827Z Detecting the current branch failed: fatal: ref HEAD is not a symbolic ref
Adapter IT	UNKNOWN STEP	2026-01-23T09:06:03.5620408Z 
Adapter IT	UNKNOWN STEP	2026-01-23T09:06:03.5621119Z [INFO] Executing: /bin/sh -c cd '/home/runner/work/keycloak/keycloak/distribution' && 'git' 'rev-parse' '--verify' 'HEAD'
Adapter IT	UNKNOWN STEP	2026-01-23T09:06:03.5622790Z [INFO] Working directory: /home/runner/work/keycloak/keycloak/distribution
Adapter IT	UNKNOWN STEP	2026-01-23T09:06:03.5659883Z [INFO] Storing buildScmBranch: UNKNOWN
Adapter IT	UNKNOWN STEP	2026-01-23T09:06:03.5661567Z [INFO] 
Adapter IT	UNKNOWN STEP	2026-01-23T09:06:03.5663143Z [INFO] --- source:3.1.0:jar-no-fork (attach-sources) @ keycloak-distribution-parent ---
Adapter IT	UNKNOWN STEP	2026-01-23T09:06:03.7109433Z [INFO] 
Adapter IT	UNKNOWN STEP	2026-01-23T09:06:03.7119442Z [INFO] --- install:2.5.2:install (default-install) @ keycloak-distribution-parent ---
Adapter IT	UNKNOWN STEP	2026-01-23T09:06:03.7520809Z [INFO] Installing /home/runner/work/keycloak/keycloak/distribution/pom.xml to /home/runner/.m2/repository/org/keycloak/keycloak-distribution-parent/999.0.0-SNAPSHOT/keycloak-distribution-parent-999.0.0-SNAPSHOT.pom
Adapter IT	UNKNOWN STEP	2026-01-23T09:06:03.8566568Z [INFO] 
Adapter IT	UNKNOWN STEP	2026-01-23T09:06:03.8567730Z [INFO] -------------< org.keycloak:galleon-feature-packs-parent >--------------
Adapter IT	UNKNOWN STEP	2026-01-23T09:06:03.8568914Z [INFO] Building Galleon Feature Pack Builds 999.0.0-SNAPSHOT             [2/11]
Adapter IT	UNKNOWN STEP	2026-01-23T09:06:03.8569831Z [INFO]   from galleon-feature-packs/pom.xml
Adapter IT	UNKNOWN STEP	2026-01-23T09:06:03.8570712Z [INFO] --------------------------------[ pom ]---------------------------------
Adapter IT	UNKNOWN STEP	2026-01-23T09:06:03.8658684Z [INFO] 
Adapter IT	UNKNOWN STEP	2026-01-23T09:06:03.8664474Z [INFO] --- enforcer:3.0.0-M3:enforce (enforce-java-version) @ galleon-feature-packs-parent ---
Adapter IT	UNKNOWN STEP	2026-01-23T09:06:03.8676629Z [INFO] 
Adapter IT	UNKNOWN STEP	2026-01-23T09:06:03.8689922Z [INFO] --- enforcer:3.0.0-M3:enforce (enforce-maven-version) @ galleon-feature-packs-parent ---
Adapter IT	UNKNOWN STEP	2026-01-23T09:06:03.8692050Z [INFO] 
Adapter IT	UNKNOWN STEP	2026-01-23T09:06:03.8692671Z [INFO] --- buildnumber:1.4:create (get-scm-revision) @ galleon-feature-packs-parent ---
Adapter IT	UNKNOWN STEP	2026-01-23T09:06:03.8702258Z [INFO] 
Adapter IT	UNKNOWN STEP	2026-01-23T09:06:03.8704111Z [INFO] --- source:3.1.0:jar-no-fork (attach-sources) @ galleon-feature-packs-parent ---
Adapter IT	UNKNOWN STEP	2026-01-23T09:06:03.8715026Z [INFO] 
Adapter IT	UNKNOWN STEP	2026-01-23T09:06:03.8717320Z [INFO] --- install:2.5.2:install (default-install) @ galleon-feature-packs-parent ---
Adapter IT	UNKNOWN STEP	2026-01-23T09:06:03.8732198Z [INFO] Installing /home/runner/work/keycloak/keycloak/distribution/galleon-feature-packs/pom.xml to /home/runner/.m2/repository/org/keycloak/galleon-feature-packs-parent/999.0.0-SNAPSHOT/galleon-feature-packs-parent-999.0.0-SNAPSHOT.pom
Adapter IT	UNKNOWN STEP	2026-01-23T09:06:03.8768090Z [INFO] 
Adapter IT	UNKNOWN STEP	2026-01-23T09:06:03.8768951Z [INFO] ----------< org.keycloak:keycloak-saml-adapter-galleon-pack >-----------
Adapter IT	UNKNOWN STEP	2026-01-23T09:06:03.8770874Z [INFO] Building Keycloak Galleon Feature Pack: SAML Adapter 999.0.0-SNAPSHOT [3/11]
Adapter IT	UNKNOWN STEP	2026-01-23T09:06:03.8771819Z [INFO]   from galleon-feature-packs/saml-adapter-galleon-pack/pom.xml
Adapter IT	UNKNOWN STEP	2026-01-23T09:06:03.8772660Z [INFO] --------------------------------[ pom ]---------------------------------
Adapter IT	UNKNOWN STEP	2026-01-23T09:06:04.8078989Z [INFO] Downloading from jboss-public-repository: https://repository.jboss.org/nexus/content/groups/public/org/wildfly/maven/plugins/licenses-plugin/2.3.1.Final/licenses-plugin-2.3.1.Final.pom
Adapter IT	UNKNOWN STEP	2026-01-23T09:06:05.9159968Z [INFO] Downloaded from jboss-public-repository: https://repository.jboss.org/nexus/content/groups/public/org/wildfly/maven/plugins/licenses-plugin/2.3.1.Final/licenses-plugin-2.3.1.Final.pom (7.5 kB at 6.8 kB/s)
Adapter IT	UNKNOWN STEP	2026-01-23T09:06:05.9201778Z [INFO] Downloading from jboss-public-repository: https://repository.jboss.org/nexus/content/groups/public/org/wildfly/maven/plugins/plugin-parent/2.3.1.Final/plugin-parent-2.3.1.Final.pom
Adapter IT	UNKNOWN STEP	2026-01-23T09:06:05.9658027Z [INFO] Downloaded from jboss-public-repository: https://repository.jboss.org/nexus/content/groups/public/org/wildfly/maven/plugins/plugin-parent/2.3.1.Final/plugin-parent-2.3.1.Final.pom (4.2 kB at 94 kB/s)
Adapter IT	UNKNOWN STEP	2026-01-23T09:06:05.9681774Z [INFO] Downloading from jboss-public-repository: https://repository.jboss.org/nexus/content/groups/public/org/jboss/jboss-parent/26/jboss-parent-26.pom
Adapter IT	UNKNOWN STEP	2026-01-23T09:06:06.0360923Z [INFO] Downloaded from jboss-public-repository: https://repository.jboss.org/nexus/content/groups/public/org/jboss/jboss-parent/26/jboss-parent-26.pom (35 kB at 511 kB/s)
Adapter IT	UNKNOWN STEP	2026-01-23T09:06:06.0415047Z [INFO] Downloading from jboss-public-repository: https://repository.jboss.org/nexus/content/groups/public/org/wildfly/maven/plugins/licenses-plugin/2.3.1.Final/licenses-plugin-2.3.1.Final.jar
Adapter IT	UNKNOWN STEP	2026-01-23T09:06:06.1039625Z [INFO] Downloaded from jboss-public-repository: https://repository.jboss.org/nexus/content/groups/public/org/wildfly/maven/plugins/licenses-plugin/2.3.1.Final/licenses-plugin-2.3.1.Final.jar (27 kB at 440 kB/s)
Adapter IT	UNKNOWN STEP	2026-01-23T09:06:06.2481611Z [INFO] Downloading from central: https://repo.maven.apache.org/maven2/org/wildfly/wildfly-ee-galleon-pack/29.0.0.Final/wildfly-ee-galleon-pack-29.0.0.Final.pom
Adapter IT	UNKNOWN STEP	2026-01-23T09:06:06.3131215Z [INFO] Downloaded from central: https://repo.maven.apache.org/maven2/org/wildfly/wildfly-ee-galleon-pack/29.0.0.Final/wildfly-ee-galleon-pack-29.0.0.Final.pom (20 kB at 311 kB/s)
Adapter IT	UNKNOWN STEP	2026-01-23T09:06:06.3159238Z [INFO] Downloading from central: https://repo.maven.apache.org/maven2/org/wildfly/wildfly-ee-feature-pack-parent/29.0.0.Final/wildfly-ee-feature-pack-parent-29.0.0.Final.pom
Adapter IT	UNKNOWN STEP	2026-01-23T09:06:06.3393669Z [INFO] Downloaded from central: https://repo.maven.apache.org/maven2/org/wildfly/wildfly-ee-feature-pack-parent/29.0.0.Final/wildfly-ee-feature-pack-parent-29.0.0.Final.pom (3.0 kB at 129 kB/s)
Adapter IT	UNKNOWN STEP	2026-01-23T09:06:06.3741338Z [INFO] Downloading from central: https://repo.maven.apache.org/maven2/org/wildfly/wildfly-ee-galleon-pack/29.0.0.Final/wildfly-ee-galleon-pack-29.0.0.Final.zip
Adapter IT	UNKNOWN STEP	2026-01-23T09:06:06.5292227Z [INFO] Downloaded from central: https://repo.maven.apache.org/maven2/org/wildfly/wildfly-ee-galleon-pack/29.0.0.Final/wildfly-ee-galleon-pack-29.0.0.Final.zip (3.9 MB at 25 MB/s)
Adapter IT	UNKNOWN STEP	2026-01-23T09:06:06.5304039Z [INFO] 
Adapter IT	UNKNOWN STEP	2026-01-23T09:06:06.5304869Z [INFO] --- enforcer:3.0.0-M3:enforce (enforce-java-version) @ keycloak-saml-adapter-galleon-pack ---
Adapter IT	UNKNOWN STEP	2026-01-23T09:06:06.5322633Z [INFO] 
Adapter IT	UNKNOWN STEP	2026-01-23T09:06:06.5323555Z [INFO] --- enforcer:3.0.0-M3:enforce (enforce-maven-version) @ keycloak-saml-adapter-galleon-pack ---
Adapter IT	UNKNOWN STEP	2026-01-23T09:06:06.5328543Z [INFO] 
Adapter IT	UNKNOWN STEP	2026-01-23T09:06:06.5329337Z [INFO] --- buildnumber:1.4:create (get-scm-revision) @ keycloak-saml-adapter-galleon-pack ---
Adapter IT	UNKNOWN STEP	2026-01-23T09:06:06.5348210Z [INFO] 
Adapter IT	UNKNOWN STEP	2026-01-23T09:06:06.5369912Z [INFO] --- resources:3.2.0:copy-resources (copy-resources) @ keycloak-saml-adapter-galleon-pack ---
Adapter IT	UNKNOWN STEP	2026-01-23T09:06:06.6489343Z [INFO] Using 'UTF-8' encoding to copy filtered resources.
Adapter IT	UNKNOWN STEP	2026-01-23T09:06:06.6490134Z [INFO] Using 'UTF-8' encoding to copy filtered properties files.
Adapter IT	UNKNOWN STEP	2026-01-23T09:06:06.6551674Z [INFO] Copying 14 resources
Adapter IT	UNKNOWN STEP	2026-01-23T09:06:06.6689913Z [INFO] Copying 3 resources
Adapter IT	UNKNOWN STEP	2026-01-23T09:06:06.6703870Z [INFO] 
Adapter IT	UNKNOWN STEP	2026-01-23T09:06:06.6708593Z [INFO] --- licenses:2.3.1.Final:insert-versions (update-licenses-xml) @ keycloak-saml-adapter-galleon-pack ---
Adapter IT	UNKNOWN STEP	2026-01-23T09:06:06.6740264Z [INFO] Downloading from jboss-public-repository: https://repository.jboss.org/nexus/content/groups/public/org/apache/maven/maven-compat/3.3.1/maven-compat-3.3.1.pom
Adapter IT	UNKNOWN STEP	2026-01-23T09:06:06.7068453Z [INFO] Downloading from central: https://repo.maven.apache.org/maven2/org/apache/maven/maven-compat/3.3.1/maven-compat-3.3.1.pom
Adapter IT	UNKNOWN STEP	2026-01-23T09:06:06.7310556Z [INFO] Downloaded from central: https://repo.maven.apache.org/maven2/org/apache/maven/maven-compat/3.3.1/maven-compat-3.3.1.pom (4.2 kB at 167 kB/s)
Adapter IT	UNKNOWN STEP	2026-01-23T09:06:06.7354307Z [INFO] Downloading from jboss-public-repository: https://repository.jboss.org/nexus/content/groups/public/org/apache/maven/maven-model/3.3.1/maven-model-3.3.1.pom
Adapter IT	UNKNOWN STEP	2026-01-23T09:06:06.7548606Z [INFO] Downloading from central: https://repo.maven.apache.org/maven2/org/apache/maven/maven-model/3.3.1/maven-model-3.3.1.pom
Adapter IT	UNKNOWN STEP	2026-01-23T09:06:06.7769473Z [INFO] Downloaded from central: https://repo.maven.apache.org/maven2/org/apache/maven/maven-model/3.3.1/maven-model-3.3.1.pom (4.2 kB at 193 kB/s)
Adapter IT	UNKNOWN STEP	2026-01-23T09:06:06.7811058Z [INFO] Downloading from jboss-public-repository: https://repository.jboss.org/nexus/content/groups/public/org/apache/maven/maven-model-builder/3.3.1/maven-model-builder-3.3.1.pom
Adapter IT	UNKNOWN STEP	2026-01-23T09:06:06.8169842Z [INFO] Downloading from central: https://repo.maven.apache.org/maven2/org/apache/maven/maven-model-builder/3.3.1/maven-model-builder-3.3.1.pom
Adapter IT	UNKNOWN STEP	2026-01-23T09:06:06.8472226Z [INFO] Downloaded from central: https://repo.maven.apache.org/maven2/org/apache/maven/maven-model-builder/3.3.1/maven-model-builder-3.3.1.pom (3.2 kB at 108 kB/s)
Adapter IT	UNKNOWN STEP	2026-01-23T09:06:06.8501560Z [INFO] Downloading from jboss-public-repository: https://repository.jboss.org/nexus/content/groups/public/org/codehaus/plexus/plexus-interpolation/1.21/plexus-interpolation-1.21.pom
Adapter IT	UNKNOWN STEP	2026-01-23T09:06:06.8688386Z [INFO] Downloading from central: https://repo.maven.apache.org/maven2/org/codehaus/plexus/plexus-interpolation/1.21/plexus-interpolation-1.21.pom
Adapter IT	UNKNOWN STEP	2026-01-23T09:06:06.8918803Z [INFO] Downloaded from central: https://repo.maven.apache.org/maven2/org/codehaus/plexus/plexus-interpolation/1.21/plexus-interpolation-1.21.pom (1.5 kB at 67 kB/s)
Adapter IT	UNKNOWN STEP	2026-01-23T09:06:06.8968972Z [INFO] Downloading from jboss-public-repository: https://repository.jboss.org/nexus/content/groups/public/org/apache/maven/maven-builder-support/3.3.1/maven-builder-support-3.3.1.pom
Adapter IT	UNKNOWN STEP	2026-01-23T09:06:06.9239909Z [INFO] Downloading from central: https://repo.maven.apache.org/maven2/org/apache/maven/maven-builder-support/3.3.1/maven-builder-support-3.3.1.pom
Adapter IT	UNKNOWN STEP	2026-01-23T09:06:06.9479131Z [INFO] Downloaded from central: https://repo.maven.apache.org/maven2/org/apache/maven/maven-builder-support/3.3.1/maven-builder-support-3.3.1.pom (1.9 kB at 85 kB/s)
Adapter IT	UNKNOWN STEP	2026-01-23T09:06:06.9498277Z [INFO] Downloading from jboss-public-repository: https://repository.jboss.org/nexus/content/groups/public/com/google/guava/guava/18.0/guava-18.0.pom
Adapter IT	UNKNOWN STEP	2026-01-23T09:06:06.9676164Z [INFO] Downloading from central: https://repo.maven.apache.org/maven2/com/google/guava/guava/18.0/guava-18.0.pom
Adapter IT	UNKNOWN STEP	2026-01-23T09:06:06.9910152Z [INFO] Downloaded from central: https://repo.maven.apache.org/maven2/com/google/guava/guava/18.0/guava-18.0.pom (5.7 kB at 246 kB/s)
Adapter IT	UNKNOWN STEP	2026-01-23T09:06:06.9925589Z [INFO] Downloading from jboss-public-repository: https://repository.jboss.org/nexus/content/groups/public/com/google/guava/guava-parent/18.0/guava-parent-18.0.pom
Adapter IT	UNKNOWN STEP	2026-01-23T09:06:07.0182392Z [INFO] Downloading from central: https://repo.maven.apache.org/maven2/com/google/guava/guava-parent/18.0/guava-parent-18.0.pom
Adapter IT	UNKNOWN STEP	2026-01-23T09:06:07.0392759Z [INFO] Downloaded from central: https://repo.maven.apache.org/maven2/com/google/guava/guava-parent/18.0/guava-parent-18.0.pom (7.7 kB at 349 kB/s)
Adapter IT	UNKNOWN STEP	2026-01-23T09:06:07.0412917Z [INFO] Downloading from jboss-public-repository: https://repository.jboss.org/nexus/content/groups/public/org/apache/maven/maven-settings/3.3.1/maven-settings-3.3.1.pom
Adapter IT	UNKNOWN STEP	2026-01-23T09:06:07.0744086Z [INFO] Downloading from central: https://repo.maven.apache.org/maven2/org/apache/maven/maven-settings/3.3.1/maven-settings-3.3.1.pom
Adapter IT	UNKNOWN STEP	2026-01-23T09:06:07.0963455Z [INFO] Downloaded from central: https://repo.maven.apache.org/maven2/org/apache/maven/maven-settings/3.3.1/maven-settings-3.3.1.pom (2.2 kB at 99 kB/s)
Adapter IT	UNKNOWN STEP	2026-01-23T09:06:07.0986941Z [INFO] Downloading from jboss-public-repository: https://repository.jboss.org/nexus/content/groups/public/org/apache/maven/maven-artifact/3.3.1/maven-artifact-3.3.1.pom
Adapter IT	UNKNOWN STEP	2026-01-23T09:06:07.1155033Z [INFO] Downloading from central: https://repo.maven.apache.org/maven2/org/apache/maven/maven-artifact/3.3.1/maven-artifact-3.3.1.pom
Adapter IT	UNKNOWN STEP	2026-01-23T09:06:07.1397255Z [INFO] Downloaded from central: https://repo.maven.apache.org/maven2/org/apache/maven/maven-artifact/3.3.1/maven-artifact-3.3.1.pom (2.3 kB at 98 kB/s)
Adapter IT	UNKNOWN STEP	2026-01-23T09:06:07.1424420Z [INFO] Downloading from jboss-public-repository: https://repository.jboss.org/nexus/content/groups/public/org/apache/maven/maven-core/3.3.1/maven-core-3.3.1.pom
Adapter IT	UNKNOWN STEP	2026-01-23T09:06:07.1604923Z [INFO] Downloading from central: https://repo.maven.apache.org/maven2/org/apache/maven/maven-core/3.3.1/maven-core-3.3.1.pom
Adapter IT	UNKNOWN STEP	2026-01-23T09:06:07.1838864Z [INFO] Downloaded from central: https://repo.maven.apache.org/maven2/org/apache/maven/maven-core/3.3.1/maven-core-3.3.1.pom (8.5 kB at 370 kB/s)
Adapter IT	UNKNOWN STEP	2026-01-23T09:06:07.1874494Z [INFO] Downloading from jboss-public-repository: https://repository.jboss.org/nexus/content/groups/public/org/apache/maven/maven-settings-builder/3.3.1/maven-settings-builder-3.3.1.pom
Adapter IT	UNKNOWN STEP	2026-01-23T09:06:07.2071927Z [INFO] Downloading from central: https://repo.maven.apache.org/maven2/org/apache/maven/maven-settings-builder/3.3.1/maven-settings-builder-3.3.1.pom
Adapter IT	UNKNOWN STEP	2026-01-23T09:06:07.2303995Z [INFO] Downloaded from central: https://repo.maven.apache.org/maven2/org/apache/maven/maven-settings-builder/3.3.1/maven-settings-builder-3.3.1.pom (2.7 kB at 114 kB/s)
Adapter IT	UNKNOWN STEP	2026-01-23T09:06:07.2331021Z [INFO] Downloading from jboss-public-repository: https://repository.jboss.org/nexus/content/groups/public/org/apache/maven/maven-repository-metadata/3.3.1/maven-repository-metadata-3.3.1.pom
Adapter IT	UNKNOWN STEP	2026-01-23T09:06:07.2634462Z [INFO] Downloading from central: https://repo.maven.apache.org/maven2/org/apache/maven/maven-repository-metadata/3.3.1/maven-repository-metadata-3.3.1.pom
Adapter IT	UNKNOWN STEP	2026-01-23T09:06:07.2865330Z [INFO] Downloaded from central: https://repo.maven.apache.org/maven2/org/apache/maven/maven-repository-metadata/3.3.1/maven-repository-metadata-3.3.1.pom (2.2 kB at 97 kB/s)
Adapter IT	UNKNOWN STEP	2026-01-23T09:06:07.2894690Z [INFO] Downloading from jboss-public-repository: https://repository.jboss.org/nexus/content/groups/public/org/apache/maven/maven-plugin-api/3.3.1/maven-plugin-api-3.3.1.pom
Adapter IT	UNKNOWN STEP	2026-01-23T09:06:07.3068664Z [INFO] Downloading from central: https://repo.maven.apache.org/maven2/org/apache/maven/maven-plugin-api/3.3.1/maven-plugin-api-3.3.1.pom
Adapter IT	UNKNOWN STEP	2026-01-23T09:06:07.3288237Z [INFO] Downloaded from central: https://repo.maven.apache.org/maven2/org/apache/maven/maven-plugin-api/3.3.1/maven-plugin-api-3.3.1.pom (3.0 kB at 138 kB/s)
Adapter IT	UNKNOWN STEP	2026-01-23T09:06:07.3320487Z [INFO] Downloading from jboss-public-repository: https://repository.jboss.org/nexus/content/groups/public/org/eclipse/sisu/org.eclipse.sisu.plexus/0.3.0/org.eclipse.sisu.plexus-0.3.0.pom
Adapter IT	UNKNOWN STEP	2026-01-23T09:06:07.3524804Z [INFO] Downloading from central: https://repo.maven.apache.org/maven2/org/eclipse/sisu/org.eclipse.sisu.plexus/0.3.0/org.eclipse.sisu.plexus-0.3.0.pom
Adapter IT	UNKNOWN STEP	2026-01-23T09:06:07.3762569Z [INFO] Downloaded from central: https://repo.maven.apache.org/maven2/org/eclipse/sisu/org.eclipse.sisu.plexus/0.3.0/org.eclipse.sisu.plexus-0.3.0.pom (4.2 kB at 181 kB/s)
Adapter IT	UNKNOWN STEP	2026-01-23T09:06:07.3778092Z [INFO] Downloading from jboss-public-repository: https://repository.jboss.org/nexus/content/groups/public/org/eclipse/sisu/sisu-plexus/0.3.0/sisu-plexus-0.3.0.pom
Adapter IT	UNKNOWN STEP	2026-01-23T09:06:07.4067270Z [INFO] Downloading from central: https://repo.maven.apache.org/maven2/org/eclipse/sisu/sisu-plexus/0.3.0/sisu-plexus-0.3.0.pom
Adapter IT	UNKNOWN STEP	2026-01-23T09:06:07.4272229Z [INFO] Downloaded from central: https://repo.maven.apache.org/maven2/org/eclipse/sisu/sisu-plexus/0.3.0/sisu-plexus-0.3.0.pom (14 kB at 654 kB/s)
Adapter IT	UNKNOWN STEP	2026-01-23T09:06:07.4305044Z [INFO] Downloading from jboss-public-repository: https://repository.jboss.org/nexus/content/groups/public/org/eclipse/sisu/org.eclipse.sisu.inject/0.3.0/org.eclipse.sisu.inject-0.3.0.pom
Adapter IT	UNKNOWN STEP	2026-01-23T09:06:07.4500056Z [INFO] Downloading from central: https://repo.maven.apache.org/maven2/org/eclipse/sisu/org.eclipse.sisu.inject/0.3.0/org.eclipse.sisu.inject-0.3.0.pom
Adapter IT	UNKNOWN STEP	2026-01-23T09:06:07.4714266Z [INFO] Downloaded from central: https://repo.maven.apache.org/maven2/org/eclipse/sisu/org.eclipse.sisu.inject/0.3.0/org.eclipse.sisu.inject-0.3.0.pom (2.6 kB at 119 kB/s)
Adapter IT	UNKNOWN STEP	2026-01-23T09:06:07.4732035Z [INFO] Downloading from jboss-public-repository: https://repository.jboss.org/nexus/content/groups/public/org/eclipse/sisu/sisu-inject/0.3.0/sisu-inject-0.3.0.pom
Adapter IT	UNKNOWN STEP	2026-01-23T09:06:07.4916063Z [INFO] Downloading from central: https://repo.maven.apache.org/maven2/org/eclipse/sisu/sisu-inject/0.3.0/sisu-inject-0.3.0.pom
Adapter IT	UNKNOWN STEP	2026-01-23T09:06:07.5141357Z [INFO] Downloaded from central: https://repo.maven.apache.org/maven2/org/eclipse/sisu/sisu-inject/0.3.0/sisu-inject-0.3.0.pom (14 kB at 655 kB/s)
Adapter IT	UNKNOWN STEP	2026-01-23T09:06:07.5178545Z [INFO] Downloading from jboss-public-repository: https://repository.jboss.org/nexus/content/groups/public/org/codehaus/plexus/plexus-utils/3.0.17/plexus-utils-3.0.17.pom
Adapter IT	UNKNOWN STEP	2026-01-23T09:06:07.5467417Z [INFO] Downloading from central: https://repo.maven.apache.org/maven2/org/codehaus/plexus/plexus-utils/3.0.17/plexus-utils-3.0.17.pom
Adapter IT	UNKNOWN STEP	2026-01-23T09:06:07.5722328Z [INFO] Downloaded from central: https://repo.maven.apache.org/maven2/org/codehaus/plexus/plexus-utils/3.0.17/plexus-utils-3.0.17.pom (3.4 kB at 136 kB/s)
Adapter IT	UNKNOWN STEP	2026-01-23T09:06:07.5748587Z [INFO] Downloading from jboss-public-repository: https://repository.jboss.org/nexus/content/groups/public/org/apache/maven/maven-aether-provider/3.3.1/maven-aether-provider-3.3.1.pom
Adapter IT	UNKNOWN STEP	2026-01-23T09:06:07.6221346Z [INFO] Downloading from central: https://repo.maven.apache.org/maven2/org/apache/maven/maven-aether-provider/3.3.1/maven-aether-provider-3.3.1.pom
Adapter IT	UNKNOWN STEP	2026-01-23T09:06:07.6495336Z [INFO] Downloaded from central: https://repo.maven.apache.org/maven2/org/apache/maven/maven-aether-provider/3.3.1/maven-aether-provider-3.3.1.pom (4.2 kB at 152 kB/s)
Adapter IT	UNKNOWN STEP	2026-01-23T09:06:07.6535370Z [INFO] Downloading from jboss-public-repository: https://repository.jboss.org/nexus/content/groups/public/org/eclipse/aether/aether-api/1.0.2.v20150114/aether-api-1.0.2.v20150114.pom
Adapter IT	UNKNOWN STEP	2026-01-23T09:06:07.6709269Z [INFO] Downloading from central: https://repo.maven.apache.org/maven2/org/eclipse/aether/aether-api/1.0.2.v20150114/aether-api-1.0.2.v20150114.pom
Adapter IT	UNKNOWN STEP	2026-01-23T09:06:07.6951876Z [INFO] Downloaded from central: https://repo.maven.apache.org/maven2/org/eclipse/aether/aether-api/1.0.2.v20150114/aether-api-1.0.2.v20150114.pom (1.8 kB at 76 kB/s)
Adapter IT	UNKNOWN STEP	2026-01-23T09:06:07.6971710Z [INFO] Downloading from jboss-public-repository: https://repository.jboss.org/nexus/content/groups/public/org/eclipse/aether/aether/1.0.2.v20150114/aether-1.0.2.v20150114.pom
Adapter IT	UNKNOWN STEP	2026-01-23T09:06:07.7154404Z [INFO] Downloading from central: https://repo.maven.apache.org/maven2/org/eclipse/aether/aether/1.0.2.v20150114/aether-1.0.2.v20150114.pom
Adapter IT	UNKNOWN STEP	2026-01-23T09:06:07.7409078Z [INFO] Downloaded from central: https://repo.maven.apache.org/maven2/org/eclipse/aether/aether/1.0.2.v20150114/aether-1.0.2.v20150114.pom (29 kB at 1.3 MB/s)
Adapter IT	UNKNOWN STEP	2026-01-23T09:06:07.7415644Z [INFO] Downloading from jboss-public-repository: https://repository.jboss.org/nexus/content/groups/public/org/eclipse/aether/aether-spi/1.0.2.v20150114/aether-spi-1.0.2.v20150114.pom
Adapter IT	UNKNOWN STEP	2026-01-23T09:06:07.7672847Z [INFO] Downloading from central: https://repo.maven.apache.org/maven2/org/eclipse/aether/aether-spi/1.0.2.v20150114/aether-spi-1.0.2.v20150114.pom
Adapter IT	UNKNOWN STEP	2026-01-23T09:06:07.7882256Z [INFO] Downloaded from central: https://repo.maven.apache.org/maven2/org/eclipse/aether/aether-spi/1.0.2.v20150114/aether-spi-1.0.2.v20150114.pom (2.0 kB at 99 kB/s)
Adapter IT	UNKNOWN STEP	2026-01-23T09:06:07.7909490Z [INFO] Downloading from jboss-public-repository: https://repository.jboss.org/nexus/content/groups/public/org/eclipse/aether/aether-util/1.0.2.v20150114/aether-util-1.0.2.v20150114.pom
Adapter IT	UNKNOWN STEP	2026-01-23T09:06:07.8185185Z [INFO] Downloading from central: https://repo.maven.apache.org/maven2/org/eclipse/aether/aether-util/1.0.2.v20150114/aether-util-1.0.2.v20150114.pom
Adapter IT	UNKNOWN STEP	2026-01-23T09:06:07.8385199Z [INFO] Downloaded from central: https://repo.maven.apache.org/maven2/org/eclipse/aether/aether-util/1.0.2.v20150114/aether-util-1.0.2.v20150114.pom (2.1 kB at 106 kB/s)
Adapter IT	UNKNOWN STEP	2026-01-23T09:06:07.8402273Z [INFO] Downloading from jboss-public-repository: https://repository.jboss.org/nexus/content/groups/public/org/eclipse/aether/aether-impl/1.0.2.v20150114/aether-impl-1.0.2.v20150114.pom
Adapter IT	UNKNOWN STEP	2026-01-23T09:06:07.8565636Z [INFO] Downloading from central: https://repo.maven.apache.org/maven2/org/eclipse/aether/aether-impl/1.0.2.v20150114/aether-impl-1.0.2.v20150114.pom
Adapter IT	UNKNOWN STEP	2026-01-23T09:06:07.8748417Z [INFO] Downloaded from central: https://repo.maven.apache.org/maven2/org/eclipse/aether/aether-impl/1.0.2.v20150114/aether-impl-1.0.2.v20150114.pom (3.4 kB at 187 kB/s)
Adapter IT	UNKNOWN STEP	2026-01-23T09:06:07.8767865Z [INFO] Downloading from jboss-public-repository: https://repository.jboss.org/nexus/content/groups/public/org/sonatype/sisu/sisu-guice/3.2.5/sisu-guice-3.2.5.pom
Adapter IT	UNKNOWN STEP	2026-01-23T09:06:07.8948237Z [INFO] Downloading from central: https://repo.maven.apache.org/maven2/org/sonatype/sisu/sisu-guice/3.2.5/sisu-guice-3.2.5.pom
Adapter IT	UNKNOWN STEP	2026-01-23T09:06:07.9178940Z [INFO] Downloaded from central: https://repo.maven.apache.org/maven2/org/sonatype/sisu/sisu-guice/3.2.5/sisu-guice-3.2.5.pom (11 kB at 475 kB/s)
Adapter IT	UNKNOWN STEP	2026-01-23T09:06:07.9197854Z [INFO] Downloading from jboss-public-repository: https://repository.jboss.org/nexus/content/groups/public/org/sonatype/sisu/inject/guice-parent/3.2.5/guice-parent-3.2.5.pom
Adapter IT	UNKNOWN STEP	2026-01-23T09:06:07.9674867Z [INFO] Downloading from central: https://repo.maven.apache.org/maven2/org/sonatype/sisu/inject/guice-parent/3.2.5/guice-parent-3.2.5.pom
Adapter IT	UNKNOWN STEP	2026-01-23T09:06:07.9915269Z [INFO] Downloaded from central: https://repo.maven.apache.org/maven2/org/sonatype/sisu/inject/guice-parent/3.2.5/guice-parent-3.2.5.pom (15 kB at 625 kB/s)
Adapter IT	UNKNOWN STEP	2026-01-23T09:06:07.9930025Z [INFO] Downloading from jboss-public-repository: https://repository.jboss.org/nexus/content/groups/public/org/sonatype/forge/forge-parent/38/forge-parent-38.pom
Adapter IT	UNKNOWN STEP	2026-01-23T09:06:08.0112889Z [INFO] Downloading from central: https://repo.maven.apache.org/maven2/org/sonatype/forge/forge-parent/38/forge-parent-38.pom
Adapter IT	UNKNOWN STEP	2026-01-23T09:06:08.0373541Z [INFO] Downloaded from central: https://repo.maven.apache.org/maven2/org/sonatype/forge/forge-parent/38/forge-parent-38.pom (19 kB at 721 kB/s)
Adapter IT	UNKNOWN STEP	2026-01-23T09:06:08.0398412Z [INFO] Downloading from jboss-public-repository: https://repository.jboss.org/nexus/content/groups/public/com/google/guava/guava/16.0.1/guava-16.0.1.pom
Adapter IT	UNKNOWN STEP	2026-01-23T09:06:08.0643992Z [INFO] Downloading from central: https://repo.maven.apache.org/maven2/com/google/guava/guava/16.0.1/guava-16.0.1.pom
Adapter IT	UNKNOWN STEP	2026-01-23T09:06:08.0855992Z [INFO] Downloaded from central: https://repo.maven.apache.org/maven2/com/google/guava/guava/16.0.1/guava-16.0.1.pom (6.1 kB at 291 kB/s)
Adapter IT	UNKNOWN STEP	2026-01-23T09:06:08.0871109Z [INFO] Downloading from jboss-public-repository: https://repository.jboss.org/nexus/content/groups/public/com/google/guava/guava-parent/16.0.1/guava-parent-16.0.1.pom
Adapter IT	UNKNOWN STEP	2026-01-23T09:06:08.1246223Z [INFO] Downloading from central: https://repo.maven.apache.org/maven2/com/google/guava/guava-parent/16.0.1/guava-parent-16.0.1.pom
Adapter IT	UNKNOWN STEP	2026-01-23T09:06:08.1454992Z [INFO] Downloaded from central: https://repo.maven.apache.org/maven2/com/google/guava/guava-parent/16.0.1/guava-parent-16.0.1.pom (7.3 kB at 349 kB/s)
Adapter IT	UNKNOWN STEP	2026-01-23T09:06:08.1474426Z [INFO] Downloading from jboss-public-repository: https://repository.jboss.org/nexus/content/groups/public/org/apache/maven/wagon/wagon-provider-api/2.8/wagon-provider-api-2.8.pom
Adapter IT	UNKNOWN STEP	2026-01-23T09:06:08.1683810Z [INFO] Downloading from central: https://repo.maven.apache.org/maven2/org/apache/maven/wagon/wagon-provider-api/2.8/wagon-provider-api-2.8.pom
Adapter IT	UNKNOWN STEP	2026-01-23T09:06:08.1953546Z [INFO] Downloaded from central: https://repo.maven.apache.org/maven2/org/apache/maven/wagon/wagon-provider-api/2.8/wagon-provider-api-2.8.pom (1.7 kB at 64 kB/s)
Adapter IT	UNKNOWN STEP	2026-01-23T09:06:08.1965600Z [INFO] Downloading from jboss-public-repository: https://repository.jboss.org/nexus/content/groups/public/org/apache/maven/wagon/wagon/2.8/wagon-2.8.pom
Adapter IT	UNKNOWN STEP	2026-01-23T09:06:08.2144395Z [INFO] Downloading from central: https://repo.maven.apache.org/maven2/org/apache/maven/wagon/wagon/2.8/wagon-2.8.pom
Adapter IT	UNKNOWN STEP	2026-01-23T09:06:08.2383431Z [INFO] Downloaded from central: https://repo.maven.apache.org/maven2/org/apache/maven/wagon/wagon/2.8/wagon-2.8.pom (19 kB at 789 kB/s)
Adapter IT	UNKNOWN STEP	2026-01-23T09:06:08.2407094Z [INFO] Downloading from jboss-public-repository: https://repository.jboss.org/nexus/content/groups/public/org/apache/maven/plugin-testing/maven-plugin-testing-harness/3.3.0/maven-plugin-testing-harness-3.3.0.pom
Adapter IT	UNKNOWN STEP	2026-01-23T09:06:08.2608192Z [INFO] Downloading from central: https://repo.maven.apache.org/maven2/org/apache/maven/plugin-testing/maven-plugin-testing-harness/3.3.0/maven-plugin-testing-harness-3.3.0.pom
Adapter IT	UNKNOWN STEP	2026-01-23T09:06:08.2875945Z [INFO] Downloaded from central: https://repo.maven.apache.org/maven2/org/apache/maven/plugin-testing/maven-plugin-testing-harness/3.3.0/maven-plugin-testing-harness-3.3.0.pom (2.9 kB at 108 kB/s)
Adapter IT	UNKNOWN STEP	2026-01-23T09:06:08.2890895Z [INFO] Downloading from jboss-public-repository: https://repository.jboss.org/nexus/content/groups/public/org/apache/maven/plugin-testing/maven-plugin-testing/3.3.0/maven-plugin-testing-3.3.0.pom
Adapter IT	UNKNOWN STEP	2026-01-23T09:06:08.3051249Z [INFO] Downloading from central: https://repo.maven.apache.org/maven2/org/apache/maven/plugin-testing/maven-plugin-testing/3.3.0/maven-plugin-testing-3.3.0.pom
Adapter IT	UNKNOWN STEP	2026-01-23T09:06:08.3349607Z [INFO] Downloaded from central: https://repo.maven.apache.org/maven2/org/apache/maven/plugin-testing/maven-plugin-testing/3.3.0/maven-plugin-testing-3.3.0.pom (11 kB at 354 kB/s)
Adapter IT	UNKNOWN STEP	2026-01-23T09:06:08.3369103Z [INFO] Downloading from jboss-public-repository: https://repository.jboss.org/nexus/content/groups/public/org/codehaus/plexus/plexus-archiver/2.2/plexus-archiver-2.2.pom
Adapter IT	UNKNOWN STEP	2026-01-23T09:06:08.3565617Z [INFO] Downloading from central: https://repo.maven.apache.org/maven2/org/codehaus/plexus/plexus-archiver/2.2/plexus-archiver-2.2.pom
Adapter IT	UNKNOWN STEP	2026-01-23T09:06:08.3762404Z [INFO] Downloaded from central: https://repo.maven.apache.org/maven2/org/codehaus/plexus/plexus-archiver/2.2/plexus-archiver-2.2.pom (3.2 kB at 169 kB/s)
Adapter IT	UNKNOWN STEP	2026-01-23T09:06:08.3773743Z [INFO] Downloading from jboss-public-repository: https://repository.jboss.org/nexus/content/groups/public/org/codehaus/plexus/plexus-components/1.1.20/plexus-components-1.1.20.pom
Adapter IT	UNKNOWN STEP	2026-01-23T09:06:08.4033948Z [INFO] Downloading from central: https://repo.maven.apache.org/maven2/org/codehaus/plexus/plexus-components/1.1.20/plexus-components-1.1.20.pom
Adapter IT	UNKNOWN STEP	2026-01-23T09:06:08.4286898Z [INFO] Downloaded from central: https://repo.maven.apache.org/maven2/org/codehaus/plexus/plexus-components/1.1.20/plexus-components-1.1.20.pom (3.0 kB at 121 kB/s)
Adapter IT	UNKNOWN STEP	2026-01-23T09:06:08.4361098Z [INFO] Downloading from jboss-public-repository: https://repository.jboss.org/nexus/content/groups/public/org/codehaus/plexus/plexus-utils/3.0.7/plexus-utils-3.0.7.pom
Adapter IT	UNKNOWN STEP	2026-01-23T09:06:08.4569043Z [INFO] Downloading from central: https://repo.maven.apache.org/maven2/org/codehaus/plexus/plexus-utils/3.0.7/plexus-utils-3.0.7.pom
Adapter IT	UNKNOWN STEP	2026-01-23T09:06:08.4770602Z [INFO] Downloaded from central: https://repo.maven.apache.org/maven2/org/codehaus/plexus/plexus-utils/3.0.7/plexus-utils-3.0.7.pom (2.5 kB at 126 kB/s)
Adapter IT	UNKNOWN STEP	2026-01-23T09:06:08.4785428Z [INFO] Downloading from jboss-public-repository: https://repository.jboss.org/nexus/content/groups/public/org/codehaus/plexus/plexus-io/2.0.4/plexus-io-2.0.4.pom
Adapter IT	UNKNOWN STEP	2026-01-23T09:06:08.5158215Z [INFO] Downloading from central: https://repo.maven.apache.org/maven2/org/codehaus/plexus/plexus-io/2.0.4/plexus-io-2.0.4.pom
Adapter IT	UNKNOWN STEP	2026-01-23T09:06:08.5356728Z [INFO] Downloaded from central: https://repo.maven.apache.org/maven2/org/codehaus/plexus/plexus-io/2.0.4/plexus-io-2.0.4.pom (1.7 kB at 87 kB/s)
Adapter IT	UNKNOWN STEP	2026-01-23T09:06:08.5370108Z [INFO] Downloading from jboss-public-repository: https://repository.jboss.org/nexus/content/groups/public/org/codehaus/plexus/plexus-components/1.1.19/plexus-components-1.1.19.pom
Adapter IT	UNKNOWN STEP	2026-01-23T09:06:08.5553627Z [INFO] Downloading from central: https://repo.maven.apache.org/maven2/org/codehaus/plexus/plexus-components/1.1.19/plexus-components-1.1.19.pom
Adapter IT	UNKNOWN STEP	2026-01-23T09:06:08.5767178Z [INFO] Downloaded from central: https://repo.maven.apache.org/maven2/org/codehaus/plexus/plexus-components/1.1.19/plexus-components-1.1.19.pom (2.7 kB at 128 kB/s)
Adapter IT	UNKNOWN STEP	2026-01-23T09:06:08.5786912Z [INFO] Downloading from jboss-public-repository: https://repository.jboss.org/nexus/content/groups/public/org/codehaus/plexus/plexus-utils/3.0/plexus-utils-3.0.pom
Adapter IT	UNKNOWN STEP	2026-01-23T09:06:08.5958038Z [INFO] Downloading from central: https://repo.maven.apache.org/maven2/org/codehaus/plexus/plexus-utils/3.0/plexus-utils-3.0.pom
Adapter IT	UNKNOWN STEP	2026-01-23T09:06:08.6158803Z [INFO] Downloaded from central: https://repo.maven.apache.org/maven2/org/codehaus/plexus/plexus-utils/3.0/plexus-utils-3.0.pom (4.1 kB at 203 kB/s)
Adapter IT	UNKNOWN STEP	2026-01-23T09:06:08.6173589Z [INFO] Downloading from jboss-public-repository: https://repository.jboss.org/nexus/content/groups/public/org/apache/maven/plugin-tools/maven-plugin-annotations/3.5/maven-plugin-annotations-3.5.pom
Adapter IT	UNKNOWN STEP	2026-01-23T09:06:08.6496392Z [INFO] Downloading from central: https://repo.maven.apache.org/maven2/org/apache/maven/plugin-tools/maven-plugin-annotations/3.5/maven-plugin-annotations-3.5.pom
Adapter IT	UNKNOWN STEP	2026-01-23T09:06:08.6729949Z [INFO] Downloaded from central: https://repo.maven.apache.org/maven2/org/apache/maven/plugin-tools/maven-plugin-annotations/3.5/maven-plugin-annotations-3.5.pom (1.7 kB at 73 kB/s)
Adapter IT	UNKNOWN STEP	2026-01-23T09:06:08.6740640Z [INFO] Downloading from jboss-public-repository: https://repository.jboss.org/nexus/content/groups/public/org/apache/maven/plugin-tools/maven-plugin-tools/3.5/maven-plugin-tools-3.5.pom
Adapter IT	UNKNOWN STEP	2026-01-23T09:06:08.6916793Z [INFO] Downloading from central: https://repo.maven.apache.org/maven2/org/apache/maven/plugin-tools/maven-plugin-tools/3.5/maven-plugin-tools-3.5.pom
Adapter IT	UNKNOWN STEP	2026-01-23T09:06:08.7161531Z [INFO] Downloaded from central: https://repo.maven.apache.org/maven2/org/apache/maven/plugin-tools/maven-plugin-tools/3.5/maven-plugin-tools-3.5.pom (16 kB at 675 kB/s)
Adapter IT	UNKNOWN STEP	2026-01-23T09:06:08.7257464Z [INFO] Downloading from jboss-public-repository: https://repository.jboss.org/nexus/content/groups/public/org/apache/maven/maven-compat/3.3.1/maven-compat-3.3.1.jar
Adapter IT	UNKNOWN STEP	2026-01-23T09:06:08.7446904Z [INFO] Downloading from jboss-public-repository: https://repository.jboss.org/nexus/content/groups/public/org/apache/maven/maven-model/3.3.1/maven-model-3.3.1.jar
Adapter IT	UNKNOWN STEP	2026-01-23T09:06:08.7451825Z [INFO] Downloading from jboss-public-repository: https://repository.jboss.org/nexus/content/groups/public/org/apache/maven/maven-model-builder/3.3.1/maven-model-builder-3.3.1.jar
Adapter IT	UNKNOWN STEP	2026-01-23T09:06:08.7455967Z [INFO] Downloading from jboss-public-repository: https://repository.jboss.org/nexus/content/groups/public/com/google/guava/guava/18.0/guava-18.0.jar
Adapter IT	UNKNOWN STEP	2026-01-23T09:06:08.7463525Z [INFO] Downloading from jboss-public-repository: https://repository.jboss.org/nexus/content/groups/public/org/apache/maven/maven-settings/3.3.1/maven-settings-3.3.1.jar
Adapter IT	UNKNOWN STEP	2026-01-23T09:06:08.7474648Z [INFO] Downloading from jboss-public-repository: https://repository.jboss.org/nexus/content/groups/public/org/apache/maven/maven-artifact/3.3.1/maven-artifact-3.3.1.jar
Adapter IT	UNKNOWN STEP	2026-01-23T09:06:08.7669427Z [INFO] Downloading from jboss-public-repository: https://repository.jboss.org/nexus/content/groups/public/org/apache/maven/maven-core/3.3.1/maven-core-3.3.1.jar
Adapter IT	UNKNOWN STEP	2026-01-23T09:06:08.7826279Z [INFO] Downloading from jboss-public-repository: https://repository.jboss.org/nexus/content/groups/public/org/apache/maven/maven-repository-metadata/3.3.1/maven-repository-metadata-3.3.1.jar
Adapter IT	UNKNOWN STEP	2026-01-23T09:06:08.7838855Z [INFO] Downloading from jboss-public-repository: https://repository.jboss.org/nexus/content/groups/public/org/apache/maven/maven-plugin-api/3.3.1/maven-plugin-api-3.3.1.jar
Adapter IT	UNKNOWN STEP	2026-01-23T09:06:08.7846871Z [INFO] Downloading from jboss-public-repository: https://repository.jboss.org/nexus/content/groups/public/org/apache/maven/maven-aether-provider/3.3.1/maven-aether-provider-3.3.1.jar
Adapter IT	UNKNOWN STEP	2026-01-23T09:06:08.8032248Z [INFO] Downloading from jboss-public-repository: https://repository.jboss.org/nexus/content/groups/public/org/eclipse/aether/aether-spi/1.0.2.v20150114/aether-spi-1.0.2.v20150114.jar
Adapter IT	UNKNOWN STEP	2026-01-23T09:06:08.8103154Z [INFO] Downloading from jboss-public-repository: https://repository.jboss.org/nexus/content/groups/public/org/eclipse/aether/aether-impl/1.0.2.v20150114/aether-impl-1.0.2.v20150114.jar
Adapter IT	UNKNOWN STEP	2026-01-23T09:06:08.8114632Z [INFO] Downloading from jboss-public-repository: https://repository.jboss.org/nexus/content/groups/public/org/eclipse/aether/aether-api/1.0.2.v20150114/aether-api-1.0.2.v20150114.jar
Adapter IT	UNKNOWN STEP	2026-01-23T09:06:08.8125426Z [INFO] Downloading from jboss-public-repository: https://repository.jboss.org/nexus/content/groups/public/org/eclipse/aether/aether-util/1.0.2.v20150114/aether-util-1.0.2.v20150114.jar
Adapter IT	UNKNOWN STEP	2026-01-23T09:06:08.8301811Z [INFO] Downloading from jboss-public-repository: https://repository.jboss.org/nexus/content/groups/public/org/sonatype/sisu/sisu-guice/3.2.5/sisu-guice-3.2.5-no_aop.jar
Adapter IT	UNKNOWN STEP	2026-01-23T09:06:08.8444495Z [INFO] Downloading from jboss-public-repository: https://repository.jboss.org/nexus/content/groups/public/org/codehaus/plexus/plexus-classworlds/2.5.2/plexus-classworlds-2.5.2.jar
Adapter IT	UNKNOWN STEP	2026-01-23T09:06:08.8465110Z [INFO] Downloading from jboss-public-repository: https://repository.jboss.org/nexus/content/groups/public/org/codehaus/plexus/plexus-interpolation/1.21/plexus-interpolation-1.21.jar
Adapter IT	UNKNOWN STEP	2026-01-23T09:06:08.8532792Z [INFO] Downloading from jboss-public-repository: https://repository.jboss.org/nexus/content/groups/public/org/eclipse/sisu/org.eclipse.sisu.plexus/0.3.0/org.eclipse.sisu.plexus-0.3.0.jar
Adapter IT	UNKNOWN STEP	2026-01-23T09:06:08.8625509Z [INFO] Downloading from jboss-public-repository: https://repository.jboss.org/nexus/content/groups/public/org/eclipse/sisu/org.eclipse.sisu.inject/0.3.0/org.eclipse.sisu.inject-0.3.0.jar
Adapter IT	UNKNOWN STEP	2026-01-23T09:06:08.8640730Z [INFO] Downloading from jboss-public-repository: https://repository.jboss.org/nexus/content/groups/public/org/apache/maven/wagon/wagon-provider-api/2.8/wagon-provider-api-2.8.jar
Adapter IT	UNKNOWN STEP	2026-01-23T09:06:08.8661899Z [INFO] Downloading from jboss-public-repository: https://repository.jboss.org/nexus/content/groups/public/org/apache/maven/maven-settings-builder/3.3.1/maven-settings-builder-3.3.1.jar
Adapter IT	UNKNOWN STEP	2026-01-23T09:06:08.8838296Z [INFO] Downloading from jboss-public-repository: https://repository.jboss.org/nexus/content/groups/public/org/apache/maven/maven-builder-support/3.3.1/maven-builder-support-3.3.1.jar
Adapter IT	UNKNOWN STEP	2026-01-23T09:06:08.9016797Z [INFO] Downloading from jboss-public-repository: https://repository.jboss.org/nexus/content/groups/public/org/apache/maven/plugin-testing/maven-plugin-testing-harness/3.3.0/maven-plugin-testing-harness-3.3.0.jar
Adapter IT	UNKNOWN STEP	2026-01-23T09:06:08.9023663Z [INFO] Downloading from jboss-public-repository: https://repository.jboss.org/nexus/content/groups/public/org/codehaus/plexus/plexus-archiver/2.2/plexus-archiver-2.2.jar
Adapter IT	UNKNOWN STEP	2026-01-23T09:06:08.9084289Z [INFO] Downloading from jboss-public-repository: https://repository.jboss.org/nexus/content/groups/public/org/codehaus/plexus/plexus-io/2.0.4/plexus-io-2.0.4.jar
Adapter IT	UNKNOWN STEP	2026-01-23T09:06:08.9092699Z [INFO] Downloading from jboss-public-repository: https://repository.jboss.org/nexus/content/groups/public/org/apache/maven/plugin-tools/maven-plugin-annotations/3.5/maven-plugin-annotations-3.5.jar
Adapter IT	UNKNOWN STEP	2026-01-23T09:06:09.1187483Z [INFO] Downloading from central: https://repo.maven.apache.org/maven2/org/apache/maven/maven-compat/3.3.1/maven-compat-3.3.1.jar
Adapter IT	UNKNOWN STEP	2026-01-23T09:06:09.1448260Z [INFO] Downloaded from central: https://repo.maven.apache.org/maven2/org/apache/maven/maven-compat/3.3.1/maven-compat-3.3.1.jar (287 kB at 11 MB/s)
Adapter IT	UNKNOWN STEP	2026-01-23T09:06:09.1456368Z [INFO] Downloading from central: https://repo.maven.apache.org/maven2/org/apache/maven/maven-model/3.3.1/maven-model-3.3.1.jar
Adapter IT	UNKNOWN STEP	2026-01-23T09:06:09.1458990Z [INFO] Downloading from central: https://repo.maven.apache.org/maven2/org/apache/maven/maven-model-builder/3.3.1/maven-model-builder-3.3.1.jar
Adapter IT	UNKNOWN STEP	2026-01-23T09:06:09.1461152Z [INFO] Downloading from central: https://repo.maven.apache.org/maven2/com/google/guava/guava/18.0/guava-18.0.jar
Adapter IT	UNKNOWN STEP	2026-01-23T09:06:09.1464934Z [INFO] Downloading from central: https://repo.maven.apache.org/maven2/org/apache/maven/maven-settings/3.3.1/maven-settings-3.3.1.jar
Adapter IT	UNKNOWN STEP	2026-01-23T09:06:09.1467748Z [INFO] Downloading from central: https://repo.maven.apache.org/maven2/org/apache/maven/maven-artifact/3.3.1/maven-artifact-3.3.1.jar
Adapter IT	UNKNOWN STEP	2026-01-23T09:06:09.1710714Z [INFO] Downloaded from central: https://repo.maven.apache.org/maven2/org/apache/maven/maven-model/3.3.1/maven-model-3.3.1.jar (161 kB at 6.2 MB/s)
Adapter IT	UNKNOWN STEP	2026-01-23T09:06:09.1714774Z [INFO] Downloading from central: https://repo.maven.apache.org/maven2/org/apache/maven/maven-core/3.3.1/maven-core-3.3.1.jar
Adapter IT	UNKNOWN STEP	2026-01-23T09:06:09.1754827Z [INFO] Downloaded from central: https://repo.maven.apache.org/maven2/org/apache/maven/maven-settings/3.3.1/maven-settings-3.3.1.jar (43 kB at 1.4 MB/s)
Adapter IT	UNKNOWN STEP	2026-01-23T09:06:09.1756792Z [INFO] Downloading from central: https://repo.maven.apache.org/maven2/org/apache/maven/maven-repository-metadata/3.3.1/maven-repository-metadata-3.3.1.jar
Adapter IT	UNKNOWN STEP	2026-01-23T09:06:09.1871548Z [INFO] Downloaded from central: https://repo.maven.apache.org/maven2/org/apache/maven/maven-artifact/3.3.1/maven-artifact-3.3.1.jar (55 kB at 1.3 MB/s)
Adapter IT	UNKNOWN STEP	2026-01-23T09:06:09.1875444Z [INFO] Downloading from central: https://repo.maven.apache.org/maven2/org/apache/maven/maven-plugin-api/3.3.1/maven-plugin-api-3.3.1.jar
Adapter IT	UNKNOWN STEP	2026-01-23T09:06:09.1936405Z [INFO] Downloaded from central: https://repo.maven.apache.org/maven2/org/apache/maven/maven-repository-metadata/3.3.1/maven-repository-metadata-3.3.1.jar (26 kB at 552 kB/s)
Adapter IT	UNKNOWN STEP	2026-01-23T09:06:09.1940065Z [INFO] Downloading from central: https://repo.maven.apache.org/maven2/org/apache/maven/maven-aether-provider/3.3.1/maven-aether-provider-3.3.1.jar
Adapter IT	UNKNOWN STEP	2026-01-23T09:06:09.2054292Z [INFO] Downloaded from central: https://repo.maven.apache.org/maven2/org/apache/maven/maven-model-builder/3.3.1/maven-model-builder-3.3.1.jar (176 kB at 2.9 MB/s)
Adapter IT	UNKNOWN STEP	2026-01-23T09:06:09.2094584Z [INFO] Downloading from central: https://repo.maven.apache.org/maven2/org/eclipse/aether/aether-spi/1.0.2.v20150114/aether-spi-1.0.2.v20150114.jar
Adapter IT	UNKNOWN STEP	2026-01-23T09:06:09.2096806Z [INFO] Downloaded from central: https://repo.maven.apache.org/maven2/org/apache/maven/maven-plugin-api/3.3.1/maven-plugin-api-3.3.1.jar (46 kB at 732 kB/s)
Adapter IT	UNKNOWN STEP	2026-01-23T09:06:09.2129782Z [INFO] Downloading from central: https://repo.maven.apache.org/maven2/org/eclipse/aether/aether-impl/1.0.2.v20150114/aether-impl-1.0.2.v20150114.jar
Adapter IT	UNKNOWN STEP	2026-01-23T09:06:09.2223132Z [INFO] Downloaded from central: https://repo.maven.apache.org/maven2/org/apache/maven/maven-core/3.3.1/maven-core-3.3.1.jar (632 kB at 8.4 MB/s)
Adapter IT	UNKNOWN STEP	2026-01-23T09:06:09.2225150Z [INFO] Downloading from central: https://repo.maven.apache.org/maven2/org/eclipse/aether/aether-api/1.0.2.v20150114/aether-api-1.0.2.v20150114.jar
Adapter IT	UNKNOWN STEP	2026-01-23T09:06:09.2227185Z [INFO] Downloaded from central: https://repo.maven.apache.org/maven2/org/apache/maven/maven-aether-provider/3.3.1/maven-aether-provider-3.3.1.jar (66 kB at 885 kB/s)
Adapter IT	UNKNOWN STEP	2026-01-23T09:06:09.2229407Z [INFO] Downloading from central: https://repo.maven.apache.org/maven2/org/eclipse/aether/aether-util/1.0.2.v20150114/aether-util-1.0.2.v20150114.jar
Adapter IT	UNKNOWN STEP	2026-01-23T09:06:09.2247214Z [INFO] Downloaded from central: https://repo.maven.apache.org/maven2/org/eclipse/aether/aether-spi/1.0.2.v20150114/aether-spi-1.0.2.v20150114.jar (31 kB at 394 kB/s)
Adapter IT	UNKNOWN STEP	2026-01-23T09:06:09.2249382Z [INFO] Downloading from central: https://repo.maven.apache.org/maven2/org/sonatype/sisu/sisu-guice/3.2.5/sisu-guice-3.2.5-no_aop.jar
Adapter IT	UNKNOWN STEP	2026-01-23T09:06:09.2375748Z [INFO] Downloaded from central: https://repo.maven.apache.org/maven2/org/eclipse/aether/aether-impl/1.0.2.v20150114/aether-impl-1.0.2.v20150114.jar (173 kB at 1.9 MB/s)
Adapter IT	UNKNOWN STEP	2026-01-23T09:06:09.2379467Z [INFO] Downloading from central: https://repo.maven.apache.org/maven2/org/codehaus/plexus/plexus-classworlds/2.5.2/plexus-classworlds-2.5.2.jar
Adapter IT	UNKNOWN STEP	2026-01-23T09:06:09.2431665Z [INFO] Downloaded from central: https://repo.maven.apache.org/maven2/com/google/guava/guava/18.0/guava-18.0.jar (2.3 MB at 23 MB/s)
Adapter IT	UNKNOWN STEP	2026-01-23T09:06:09.2433548Z [INFO] Downloading from central: https://repo.maven.apache.org/maven2/org/codehaus/plexus/plexus-interpolation/1.21/plexus-interpolation-1.21.jar
Adapter IT	UNKNOWN STEP	2026-01-23T09:06:09.2441975Z [INFO] Downloaded from central: https://repo.maven.apache.org/maven2/org/eclipse/aether/aether-util/1.0.2.v20150114/aether-util-1.0.2.v20150114.jar (147 kB at 1.5 MB/s)
Adapter IT	UNKNOWN STEP	2026-01-23T09:06:09.2445936Z [INFO] Downloading from central: https://repo.maven.apache.org/maven2/org/eclipse/sisu/org.eclipse.sisu.plexus/0.3.0/org.eclipse.sisu.plexus-0.3.0.jar
Adapter IT	UNKNOWN STEP	2026-01-23T09:06:09.2454136Z [INFO] Downloaded from central: https://repo.maven.apache.org/maven2/org/eclipse/aether/aether-api/1.0.2.v20150114/aether-api-1.0.2.v20150114.jar (136 kB at 1.4 MB/s)
Adapter IT	UNKNOWN STEP	2026-01-23T09:06:09.2456103Z [INFO] Downloading from central: https://repo.maven.apache.org/maven2/org/eclipse/sisu/org.eclipse.sisu.inject/0.3.0/org.eclipse.sisu.inject-0.3.0.jar
Adapter IT	UNKNOWN STEP	2026-01-23T09:06:09.2462814Z [INFO] Downloaded from central: https://repo.maven.apache.org/maven2/org/sonatype/sisu/sisu-guice/3.2.5/sisu-guice-3.2.5-no_aop.jar (400 kB at 4.0 MB/s)
Adapter IT	UNKNOWN STEP	2026-01-23T09:06:09.2464065Z [INFO] Downloading from central: https://repo.maven.apache.org/maven2/org/apache/maven/wagon/wagon-provider-api/2.8/wagon-provider-api-2.8.jar
Adapter IT	UNKNOWN STEP	2026-01-23T09:06:09.2543795Z [INFO] Downloaded from central: https://repo.maven.apache.org/maven2/org/codehaus/plexus/plexus-classworlds/2.5.2/plexus-classworlds-2.5.2.jar (53 kB at 488 kB/s)
Adapter IT	UNKNOWN STEP	2026-01-23T09:06:09.2551439Z [INFO] Downloading from central: https://repo.maven.apache.org/maven2/org/apache/maven/maven-settings-builder/3.3.1/maven-settings-builder-3.3.1.jar
Adapter IT	UNKNOWN STEP	2026-01-23T09:06:09.2586755Z [INFO] Downloaded from central: https://repo.maven.apache.org/maven2/org/codehaus/plexus/plexus-interpolation/1.21/plexus-interpolation-1.21.jar (62 kB at 558 kB/s)
Adapter IT	UNKNOWN STEP	2026-01-23T09:06:09.2590168Z [INFO] Downloading from central: https://repo.maven.apache.org/maven2/org/apache/maven/maven-builder-support/3.3.1/maven-builder-support-3.3.1.jar
Adapter IT	UNKNOWN STEP	2026-01-23T09:06:09.2630211Z [INFO] Downloaded from central: https://repo.maven.apache.org/maven2/org/apache/maven/wagon/wagon-provider-api/2.8/wagon-provider-api-2.8.jar (53 kB at 453 kB/s)
Adapter IT	UNKNOWN STEP	2026-01-23T09:06:09.2633036Z [INFO] Downloading from central: https://repo.maven.apache.org/maven2/org/apache/maven/plugin-testing/maven-plugin-testing-harness/3.3.0/maven-plugin-testing-harness-3.3.0.jar
Adapter IT	UNKNOWN STEP	2026-01-23T09:06:09.2664443Z [INFO] Downloaded from central: https://repo.maven.apache.org/maven2/org/eclipse/sisu/org.eclipse.sisu.plexus/0.3.0/org.eclipse.sisu.plexus-0.3.0.jar (205 kB at 1.7 MB/s)
Adapter IT	UNKNOWN STEP	2026-01-23T09:06:09.2666640Z [INFO] Downloading from central: https://repo.maven.apache.org/maven2/org/codehaus/plexus/plexus-archiver/2.2/plexus-archiver-2.2.jar
Adapter IT	UNKNOWN STEP	2026-01-23T09:06:09.2691324Z [INFO] Downloaded from central: https://repo.maven.apache.org/maven2/org/eclipse/sisu/org.eclipse.sisu.inject/0.3.0/org.eclipse.sisu.inject-0.3.0.jar (375 kB at 3.1 MB/s)
Adapter IT	UNKNOWN STEP	2026-01-23T09:06:09.2693638Z [INFO] Downloading from central: https://repo.maven.apache.org/maven2/org/codehaus/plexus/plexus-io/2.0.4/plexus-io-2.0.4.jar
Adapter IT	UNKNOWN STEP	2026-01-23T09:06:09.2728015Z [INFO] Downloaded from central: https://repo.maven.apache.org/maven2/org/apache/maven/maven-settings-builder/3.3.1/maven-settings-builder-3.3.1.jar (43 kB at 341 kB/s)
Adapter IT	UNKNOWN STEP	2026-01-23T09:06:09.2730524Z [INFO] Downloading from central: https://repo.maven.apache.org/maven2/org/apache/maven/plugin-tools/maven-plugin-annotations/3.5/maven-plugin-annotations-3.5.jar
Adapter IT	UNKNOWN STEP	2026-01-23T09:06:09.2742018Z [INFO] Downloaded from central: https://repo.maven.apache.org/maven2/org/apache/maven/maven-builder-support/3.3.1/maven-builder-support-3.3.1.jar (15 kB at 117 kB/s)
Adapter IT	UNKNOWN STEP	2026-01-23T09:06:09.2855233Z [INFO] Downloaded from central: https://repo.maven.apache.org/maven2/org/apache/maven/plugin-testing/maven-plugin-testing-harness/3.3.0/maven-plugin-testing-harness-3.3.0.jar (51 kB at 369 kB/s)
Adapter IT	UNKNOWN STEP	2026-01-23T09:06:09.2869349Z [INFO] Downloaded from central: https://repo.maven.apache.org/maven2/org/codehaus/plexus/plexus-archiver/2.2/plexus-archiver-2.2.jar (185 kB at 1.3 MB/s)
Adapter IT	UNKNOWN STEP	2026-01-23T09:06:09.2881014Z [INFO] Downloaded from central: https://repo.maven.apache.org/maven2/org/codehaus/plexus/plexus-io/2.0.4/plexus-io-2.0.4.jar (58 kB at 416 kB/s)
Adapter IT	UNKNOWN STEP	2026-01-23T09:06:09.2916043Z [INFO] Downloaded from central: https://repo.maven.apache.org/maven2/org/apache/maven/plugin-tools/maven-plugin-annotations/3.5/maven-plugin-annotations-3.5.jar (14 kB at 99 kB/s)
Adapter IT	UNKNOWN STEP	2026-01-23T09:06:10.1673047Z [INFO] Sort licenses true
Adapter IT	UNKNOWN STEP	2026-01-23T09:06:10.5880656Z [INFO] 
Adapter IT	UNKNOWN STEP	2026-01-23T09:06:10.5881885Z [INFO] --- wfgp:6.5.2.Final:build-feature-pack (keycloak-saml-adapter-galleon-pack-build) @ keycloak-saml-adapter-galleon-pack ---
Adapter IT	UNKNOWN STEP	2026-01-23T09:06:10.5917477Z [INFO] Downloading from jboss-public-repository: https://repository.jboss.org/nexus/content/groups/public/org/wildfly/core/wildfly-embedded/21.1.0.Final/wildfly-embedded-21.1.0.Final.pom
Adapter IT	UNKNOWN STEP	2026-01-23T09:06:10.6310016Z [INFO] Downloaded from jboss-public-repository: https://repository.jboss.org/nexus/content/groups/public/org/wildfly/core/wildfly-embedded/21.1.0.Final/wildfly-embedded-21.1.0.Final.pom (8.0 kB at 206 kB/s)
Adapter IT	UNKNOWN STEP	2026-01-23T09:06:10.6359221Z [INFO] Downloading from jboss-public-repository: https://repository.jboss.org/nexus/content/groups/public/org/jboss/logging/jboss-logging/3.4.3.Final/jboss-logging-3.4.3.Final.pom
Adapter IT	UNKNOWN STEP	2026-01-23T09:06:10.6709400Z [INFO] Downloaded from jboss-public-repository: https://repository.jboss.org/nexus/content/groups/public/org/jboss/logging/jboss-logging/3.4.3.Final/jboss-logging-3.4.3.Final.pom (15 kB at 437 kB/s)
Adapter IT	UNKNOWN STEP	2026-01-23T09:06:10.6750482Z [INFO] Downloading from jboss-public-repository: https://repository.jboss.org/nexus/content/groups/public/org/jboss/jboss-dmr/1.5.0.Final/jboss-dmr-1.5.0.Final.pom
Adapter IT	UNKNOWN STEP	2026-01-23T09:06:10.7179460Z [INFO] Downloaded from jboss-public-repository: https://repository.jboss.org/nexus/content/groups/public/org/jboss/jboss-dmr/1.5.0.Final/jboss-dmr-1.5.0.Final.pom (6.8 kB at 158 kB/s)
Adapter IT	UNKNOWN STEP	2026-01-23T09:06:10.7202395Z [INFO] Downloading from jboss-public-repository: https://repository.jboss.org/nexus/content/groups/public/org/jboss/threads/jboss-threads/2.4.0.Final/jboss-threads-2.4.0.Final.pom
Adapter IT	UNKNOWN STEP	2026-01-23T09:06:10.7512781Z [INFO] Downloaded from jboss-public-repository: https://repository.jboss.org/nexus/content/groups/public/org/jboss/threads/jboss-threads/2.4.0.Final/jboss-threads-2.4.0.Final.pom (4.6 kB at 144 kB/s)
Adapter IT	UNKNOWN STEP	2026-01-23T09:06:10.7524089Z [INFO] Downloading from jboss-public-repository: https://repository.jboss.org/nexus/content/groups/public/org/jboss/jboss-parent/20/jboss-parent-20.pom
Adapter IT	UNKNOWN STEP	2026-01-23T09:06:10.8318172Z [INFO] Downloaded from jboss-public-repository: https://repository.jboss.org/nexus/content/groups/public/org/jboss/jboss-parent/20/jboss-parent-20.pom (34 kB at 430 kB/s)
Adapter IT	UNKNOWN STEP	2026-01-23T09:06:10.8343326Z [INFO] Downloading from jboss-public-repository: https://repository.jboss.org/nexus/content/groups/public/org/wildfly/galleon-plugins/wildfly-galleon-plugins/6.5.2.Final/wildfly-galleon-plugins-6.5.2.Final.pom
Adapter IT	UNKNOWN STEP	2026-01-23T09:06:10.8669613Z [INFO] Downloaded from jboss-public-repository: https://repository.jboss.org/nexus/content/groups/public/org/wildfly/galleon-plugins/wildfly-galleon-plugins/6.5.2.Final/wildfly-galleon-plugins-6.5.2.Final.pom (5.2 kB at 161 kB/s)
Adapter IT	UNKNOWN STEP	2026-01-23T09:06:10.8702594Z [INFO] Downloading from jboss-public-repository: https://repository.jboss.org/nexus/content/groups/public/org/jboss/galleon/galleon-core/5.2.2.Final/galleon-core-5.2.2.Final.pom
Adapter IT	UNKNOWN STEP	2026-01-23T09:06:10.9064483Z [INFO] Downloaded from jboss-public-repository: https://repository.jboss.org/nexus/content/groups/public/org/jboss/galleon/galleon-core/5.2.2.Final/galleon-core-5.2.2.Final.pom (2.0 kB at 56 kB/s)
Adapter IT	UNKNOWN STEP	2026-01-23T09:06:10.9085516Z [INFO] Downloading from jboss-public-repository: https://repository.jboss.org/nexus/content/groups/public/org/jboss/staxmapper/1.1.0.Final/staxmapper-1.1.0.Final.pom
Adapter IT	UNKNOWN STEP	2026-01-23T09:06:10.9675354Z [INFO] Downloaded from jboss-public-repository: https://repository.jboss.org/nexus/content/groups/public/org/jboss/staxmapper/1.1.0.Final/staxmapper-1.1.0.Final.pom (3.0 kB at 51 kB/s)
Adapter IT	UNKNOWN STEP	2026-01-23T09:06:10.9695150Z [INFO] Downloading from jboss-public-repository: https://repository.jboss.org/nexus/content/groups/public/org/jboss/galleon/galleon-maven-universe/5.2.2.Final/galleon-maven-universe-5.2.2.Final.pom
Adapter IT	UNKNOWN STEP	2026-01-23T09:06:11.0024789Z [INFO] Downloaded from jboss-public-repository: https://repository.jboss.org/nexus/content/groups/public/org/jboss/galleon/galleon-maven-universe/5.2.2.Final/galleon-maven-universe-5.2.2.Final.pom (3.6 kB at 109 kB/s)
Adapter IT	UNKNOWN STEP	2026-01-23T09:06:11.0048385Z [INFO] Downloading from jboss-public-repository: https://repository.jboss.org/nexus/content/groups/public/org/eclipse/aether/aether-api/1.1.0/aether-api-1.1.0.pom
Adapter IT	UNKNOWN STEP	2026-01-23T09:06:11.1158533Z [INFO] Downloading from central: https://repo.maven.apache.org/maven2/org/eclipse/aether/aether-api/1.1.0/aether-api-1.1.0.pom
Adapter IT	UNKNOWN STEP	2026-01-23T09:06:11.1350463Z [INFO] Downloaded from central: https://repo.maven.apache.org/maven2/org/eclipse/aether/aether-api/1.1.0/aether-api-1.1.0.pom (1.8 kB at 96 kB/s)
Adapter IT	UNKNOWN STEP	2026-01-23T09:06:11.1365422Z [INFO] Downloading from jboss-public-repository: https://repository.jboss.org/nexus/content/groups/public/org/eclipse/aether/aether/1.1.0/aether-1.1.0.pom
Adapter IT	UNKNOWN STEP	2026-01-23T09:06:11.3377245Z [INFO] Downloading from central: https://repo.maven.apache.org/maven2/org/eclipse/aether/aether/1.1.0/aether-1.1.0.pom
Adapter IT	UNKNOWN STEP	2026-01-23T09:06:11.3567329Z [INFO] Downloaded from central: https://repo.maven.apache.org/maven2/org/eclipse/aether/aether/1.1.0/aether-1.1.0.pom (26 kB at 1.4 MB/s)
Adapter IT	UNKNOWN STEP	2026-01-23T09:06:11.3587768Z [INFO] Downloading from jboss-public-repository: https://repository.jboss.org/nexus/content/groups/public/org/eclipse/aether/aether-util/1.1.0/aether-util-1.1.0.pom
Adapter IT	UNKNOWN STEP	2026-01-23T09:06:11.3860237Z [INFO] Downloading from central: https://repo.maven.apache.org/maven2/org/eclipse/aether/aether-util/1.1.0/aether-util-1.1.0.pom
Adapter IT	UNKNOWN STEP	2026-01-23T09:06:11.4072919Z [INFO] Downloaded from central: https://repo.maven.apache.org/maven2/org/eclipse/aether/aether-util/1.1.0/aether-util-1.1.0.pom (2.1 kB at 96 kB/s)
Adapter IT	UNKNOWN STEP	2026-01-23T09:06:11.4100662Z [INFO] Downloading from jboss-public-repository: https://repository.jboss.org/nexus/content/groups/public/org/wildfly/galleon-plugins/wildfly-config-gen/6.5.2.Final/wildfly-config-gen-6.5.2.Final.pom
Adapter IT	UNKNOWN STEP	2026-01-23T09:06:11.4431466Z [INFO] Downloaded from jboss-public-repository: https://repository.jboss.org/nexus/content/groups/public/org/wildfly/galleon-plugins/wildfly-config-gen/6.5.2.Final/wildfly-config-gen-6.5.2.Final.pom (2.2 kB at 68 kB/s)
Adapter IT	UNKNOWN STEP	2026-01-23T09:06:11.4447904Z [INFO] Downloading from jboss-public-repository: https://repository.jboss.org/nexus/content/groups/public/org/wildfly/galleon-plugins/wildfly-feature-spec-gen/6.5.2.Final/wildfly-feature-spec-gen-6.5.2.Final.pom
Adapter IT	UNKNOWN STEP	2026-01-23T09:06:11.4791377Z [INFO] Downloaded from jboss-public-repository: https://repository.jboss.org/nexus/content/groups/public/org/wildfly/galleon-plugins/wildfly-feature-spec-gen/6.5.2.Final/wildfly-feature-spec-gen-6.5.2.Final.pom (1.8 kB at 52 kB/s)
Adapter IT	UNKNOWN STEP	2026-01-23T09:06:11.4806965Z [INFO] Downloading from jboss-public-repository: https://repository.jboss.org/nexus/content/groups/public/org/apache/maven/maven-core/3.8.4/maven-core-3.8.4.pom
Adapter IT	UNKNOWN STEP	2026-01-23T09:06:11.5078857Z [INFO] Downloading from central: https://repo.maven.apache.org/maven2/org/apache/maven/maven-core/3.8.4/maven-core-3.8.4.pom
Adapter IT	UNKNOWN STEP	2026-01-23T09:06:11.5320098Z [INFO] Downloaded from central: https://repo.maven.apache.org/maven2/org/apache/maven/maven-core/3.8.4/maven-core-3.8.4.pom (7.6 kB at 316 kB/s)
Adapter IT	UNKNOWN STEP	2026-01-23T09:06:11.5349253Z [INFO] Downloading from jboss-public-repository: https://repository.jboss.org/nexus/content/groups/public/org/apache/maven/maven-settings/3.8.4/maven-settings-3.8.4.pom
Adapter IT	UNKNOWN STEP	2026-01-23T09:06:11.6661443Z [INFO] Downloading from central: https://repo.maven.apache.org/maven2/org/apache/maven/maven-settings/3.8.4/maven-settings-3.8.4.pom
Adapter IT	UNKNOWN STEP	2026-01-23T09:06:11.6834415Z [INFO] Downloaded from central: https://repo.maven.apache.org/maven2/org/apache/maven/maven-settings/3.8.4/maven-settings-3.8.4.pom (1.9 kB at 105 kB/s)
Adapter IT	UNKNOWN STEP	2026-01-23T09:06:11.6860749Z [INFO] Downloading from jboss-public-repository: https://repository.jboss.org/nexus/content/groups/public/org/apache/maven/maven-settings-builder/3.8.4/maven-settings-builder-3.8.4.pom
Adapter IT	UNKNOWN STEP	2026-01-23T09:06:11.8770246Z [INFO] Downloading from central: https://repo.maven.apache.org/maven2/org/apache/maven/maven-settings-builder/3.8.4/maven-settings-builder-3.8.4.pom
Adapter IT	UNKNOWN STEP	2026-01-23T09:06:11.8954767Z [INFO] Downloaded from central: https://repo.maven.apache.org/maven2/org/apache/maven/maven-settings-builder/3.8.4/maven-settings-builder-3.8.4.pom (2.5 kB at 134 kB/s)
Adapter IT	UNKNOWN STEP	2026-01-23T09:06:11.8978416Z [INFO] Downloading from jboss-public-repository: https://repository.jboss.org/nexus/content/groups/public/org/apache/maven/maven-builder-support/3.8.4/maven-builder-support-3.8.4.pom
Adapter IT	UNKNOWN STEP	2026-01-23T09:06:11.9270349Z [INFO] Downloading from central: https://repo.maven.apache.org/maven2/org/apache/maven/maven-builder-support/3.8.4/maven-builder-support-3.8.4.pom
Adapter IT	UNKNOWN STEP	2026-01-23T09:06:11.9431738Z [INFO] Downloaded from central: https://repo.maven.apache.org/maven2/org/apache/maven/maven-builder-support/3.8.4/maven-builder-support-3.8.4.pom (1.4 kB at 88 kB/s)
Adapter IT	UNKNOWN STEP	2026-01-23T09:06:11.9574540Z [INFO] Downloading from jboss-public-repository: https://repository.jboss.org/nexus/content/groups/public/org/apache/maven/maven-resolver-provider/3.8.4/maven-resolver-provider-3.8.4.pom
Adapter IT	UNKNOWN STEP	2026-01-23T09:06:12.1007932Z [INFO] Downloading from central: https://repo.maven.apache.org/maven2/org/apache/maven/maven-resolver-provider/3.8.4/maven-resolver-provider-3.8.4.pom
Adapter IT	UNKNOWN STEP	2026-01-23T09:06:12.1217862Z [INFO] Downloaded from central: https://repo.maven.apache.org/maven2/org/apache/maven/maven-resolver-provider/3.8.4/maven-resolver-provider-3.8.4.pom (4.2 kB at 201 kB/s)
Adapter IT	UNKNOWN STEP	2026-01-23T09:06:12.1240157Z [INFO] Downloading from jboss-public-repository: https://repository.jboss.org/nexus/content/groups/public/org/apache/maven/resolver/maven-resolver-api/1.6.3/maven-resolver-api-1.6.3.pom
Adapter IT	UNKNOWN STEP	2026-01-23T09:06:12.2952635Z [INFO] Downloading from central: https://repo.maven.apache.org/maven2/org/apache/maven/resolver/maven-resolver-api/1.6.3/maven-resolver-api-1.6.3.pom
Adapter IT	UNKNOWN STEP	2026-01-23T09:06:12.3139714Z [INFO] Downloaded from central: https://repo.maven.apache.org/maven2/org/apache/maven/resolver/maven-resolver-api/1.6.3/maven-resolver-api-1.6.3.pom (2.6 kB at 138 kB/s)
Adapter IT	UNKNOWN STEP	2026-01-23T09:06:12.3151425Z [INFO] Downloading from jboss-public-repository: https://repository.jboss.org/nexus/content/groups/public/org/apache/maven/resolver/maven-resolver/1.6.3/maven-resolver-1.6.3.pom
Adapter IT	UNKNOWN STEP	2026-01-23T09:06:12.5226848Z [INFO] Downloading from central: https://repo.maven.apache.org/maven2/org/apache/maven/resolver/maven-resolver/1.6.3/maven-resolver-1.6.3.pom
Adapter IT	UNKNOWN STEP	2026-01-23T09:06:12.5395509Z [INFO] Downloaded from central: https://repo.maven.apache.org/maven2/org/apache/maven/resolver/maven-resolver/1.6.3/maven-resolver-1.6.3.pom (19 kB at 1.1 MB/s)
Adapter IT	UNKNOWN STEP	2026-01-23T09:06:12.5415787Z [INFO] Downloading from jboss-public-repository: https://repository.jboss.org/nexus/content/groups/public/org/apache/maven/resolver/maven-resolver-spi/1.6.3/maven-resolver-spi-1.6.3.pom
Adapter IT	UNKNOWN STEP	2026-01-23T09:06:12.6828447Z [INFO] Downloading from central: https://repo.maven.apache.org/maven2/org/apache/maven/resolver/maven-resolver-spi/1.6.3/maven-resolver-spi-1.6.3.pom
Adapter IT	UNKNOWN STEP	2026-01-23T09:06:12.7019347Z [INFO] Downloaded from central: https://repo.maven.apache.org/maven2/org/apache/maven/resolver/maven-resolver-spi/1.6.3/maven-resolver-spi-1.6.3.pom (2.7 kB at 140 kB/s)
Adapter IT	UNKNOWN STEP	2026-01-23T09:06:12.7031422Z [INFO] Downloading from jboss-public-repository: https://repository.jboss.org/nexus/content/groups/public/org/apache/maven/resolver/maven-resolver-util/1.6.3/maven-resolver-util-1.6.3.pom
Adapter IT	UNKNOWN STEP	2026-01-23T09:06:12.8196611Z [INFO] Downloading from central: https://repo.maven.apache.org/maven2/org/apache/maven/resolver/maven-resolver-util/1.6.3/maven-resolver-util-1.6.3.pom
Adapter IT	UNKNOWN STEP	2026-01-23T09:06:12.8396833Z [INFO] Downloaded from central: https://repo.maven.apache.org/maven2/org/apache/maven/resolver/maven-resolver-util/1.6.3/maven-resolver-util-1.6.3.pom (2.8 kB at 140 kB/s)
Adapter IT	UNKNOWN STEP	2026-01-23T09:06:12.8416831Z [INFO] Downloading from jboss-public-repository: https://repository.jboss.org/nexus/content/groups/public/org/apache/maven/resolver/maven-resolver-impl/1.6.3/maven-resolver-impl-1.6.3.pom
Adapter IT	UNKNOWN STEP	2026-01-23T09:06:12.8672165Z [INFO] Downloading from central: https://repo.maven.apache.org/maven2/org/apache/maven/resolver/maven-resolver-impl/1.6.3/maven-resolver-impl-1.6.3.pom
Adapter IT	UNKNOWN STEP	2026-01-23T09:06:12.8874689Z [INFO] Downloaded from central: https://repo.maven.apache.org/maven2/org/apache/maven/resolver/maven-resolver-impl/1.6.3/maven-resolver-impl-1.6.3.pom (4.2 kB at 211 kB/s)
Adapter IT	UNKNOWN STEP	2026-01-23T09:06:12.8889860Z [INFO] Downloading from jboss-public-repository: https://repository.jboss.org/nexus/content/groups/public/org/slf4j/slf4j-api/1.7.30/slf4j-api-1.7.30.pom
Adapter IT	UNKNOWN STEP	2026-01-23T09:06:12.9945340Z [INFO] Downloading from central: https://repo.maven.apache.org/maven2/org/slf4j/slf4j-api/1.7.30/slf4j-api-1.7.30.pom
Adapter IT	UNKNOWN STEP	2026-01-23T09:06:13.0150180Z [INFO] Downloaded from central: https://repo.maven.apache.org/maven2/org/slf4j/slf4j-api/1.7.30/slf4j-api-1.7.30.pom (3.8 kB at 192 kB/s)
Adapter IT	UNKNOWN STEP	2026-01-23T09:06:13.0182272Z [INFO] Downloading from jboss-public-repository: https://repository.jboss.org/nexus/content/groups/public/com/google/inject/guice/4.2.2/guice-4.2.2.pom
Adapter IT	UNKNOWN STEP	2026-01-23T09:06:13.0537901Z [INFO] Downloading from central: https://repo.maven.apache.org/maven2/com/google/inject/guice/4.2.2/guice-4.2.2.pom
Adapter IT	UNKNOWN STEP	2026-01-23T09:06:13.0764561Z [INFO] Downloaded from central: https://repo.maven.apache.org/maven2/com/google/inject/guice/4.2.2/guice-4.2.2.pom (11 kB at 476 kB/s)
Adapter IT	UNKNOWN STEP	2026-01-23T09:06:13.0778041Z [INFO] Downloading from jboss-public-repository: https://repository.jboss.org/nexus/content/groups/public/com/google/inject/guice-parent/4.2.2/guice-parent-4.2.2.pom
Adapter IT	UNKNOWN STEP	2026-01-23T09:06:13.2011397Z [INFO] Downloading from central: https://repo.maven.apache.org/maven2/com/google/inject/guice-parent/4.2.2/guice-parent-4.2.2.pom
Adapter IT	UNKNOWN STEP	2026-01-23T09:06:13.2196977Z [INFO] Downloaded from central: https://repo.maven.apache.org/maven2/com/google/inject/guice-parent/4.2.2/guice-parent-4.2.2.pom (16 kB at 848 kB/s)
Adapter IT	UNKNOWN STEP	2026-01-23T09:06:13.2256235Z [INFO] Downloading from jboss-public-repository: https://repository.jboss.org/nexus/content/groups/public/com/google/guava/guava/25.1-android/guava-25.1-android.pom
Adapter IT	UNKNOWN STEP	2026-01-23T09:06:13.3587512Z [INFO] Downloading from central: https://repo.maven.apache.org/maven2/com/google/guava/guava/25.1-android/guava-25.1-android.pom
Adapter IT	UNKNOWN STEP	2026-01-23T09:06:13.3764484Z [INFO] Downloaded from central: https://repo.maven.apache.org/maven2/com/google/guava/guava/25.1-android/guava-25.1-android.pom (7.8 kB at 433 kB/s)
Adapter IT	UNKNOWN STEP	2026-01-23T09:06:13.3775903Z [INFO] Downloading from jboss-public-repository: https://repository.jboss.org/nexus/content/groups/public/com/google/guava/guava-parent/25.1-android/guava-parent-25.1-android.pom
Adapter IT	UNKNOWN STEP	2026-01-23T09:06:13.4575190Z [INFO] Downloading from central: https://repo.maven.apache.org/maven2/com/google/guava/guava-parent/25.1-android/guava-parent-25.1-android.pom
Adapter IT	UNKNOWN STEP	2026-01-23T09:06:13.4754178Z [INFO] Downloaded from central: https://repo.maven.apache.org/maven2/com/google/guava/guava-parent/25.1-android/guava-parent-25.1-android.pom (10 kB at 566 kB/s)
Adapter IT	UNKNOWN STEP	2026-01-23T09:06:13.4772581Z [INFO] Downloading from jboss-public-repository: https://repository.jboss.org/nexus/content/groups/public/org/checkerframework/checker-compat-qual/2.0.0/checker-compat-qual-2.0.0.pom
Adapter IT	UNKNOWN STEP	2026-01-23T09:06:13.6508792Z [INFO] Downloading from central: https://repo.maven.apache.org/maven2/org/checkerframework/checker-compat-qual/2.0.0/checker-compat-qual-2.0.0.pom
Adapter IT	UNKNOWN STEP	2026-01-23T09:06:13.6691762Z [INFO] Downloaded from central: https://repo.maven.apache.org/maven2/org/checkerframework/checker-compat-qual/2.0.0/checker-compat-qual-2.0.0.pom (4.2 kB at 221 kB/s)
Adapter IT	UNKNOWN STEP	2026-01-23T09:06:13.6803170Z [INFO] Downloading from jboss-public-repository: https://repository.jboss.org/nexus/content/groups/public/org/wildfly/maven/plugins/licenses-plugin/2.0.0.Final/licenses-plugin-2.0.0.Final.pom
Adapter IT	UNKNOWN STEP	2026-01-23T09:06:13.7309316Z [INFO] Downloaded from jboss-public-repository: https://repository.jboss.org/nexus/content/groups/public/org/wildfly/maven/plugins/licenses-plugin/2.0.0.Final/licenses-plugin-2.0.0.Final.pom (7.5 kB at 151 kB/s)
Adapter IT	UNKNOWN STEP	2026-01-23T09:06:13.7322110Z [INFO] Downloading from jboss-public-repository: https://repository.jboss.org/nexus/content/groups/public/org/wildfly/maven/plugins/plugin-parent/2.0.0.Final/plugin-parent-2.0.0.Final.pom
Adapter IT	UNKNOWN STEP	2026-01-23T09:06:13.7646314Z [INFO] Downloaded from jboss-public-repository: https://repository.jboss.org/nexus/content/groups/public/org/wildfly/maven/plugins/plugin-parent/2.0.0.Final/plugin-parent-2.0.0.Final.pom (4.2 kB at 128 kB/s)
Adapter IT	UNKNOWN STEP	2026-01-23T09:06:13.7660216Z [INFO] Downloading from jboss-public-repository: https://repository.jboss.org/nexus/content/groups/public/org/apache/maven/maven-compat/3.8.4/maven-compat-3.8.4.pom
Adapter IT	UNKNOWN STEP	2026-01-23T09:06:13.8748650Z [INFO] Downloading from central: https://repo.maven.apache.org/maven2/org/apache/maven/maven-compat/3.8.4/maven-compat-3.8.4.pom
Adapter IT	UNKNOWN STEP	2026-01-23T09:06:13.8919495Z [INFO] Downloaded from central: https://repo.maven.apache.org/maven2/org/apache/maven/maven-compat/3.8.4/maven-compat-3.8.4.pom (4.6 kB at 273 kB/s)
Adapter IT	UNKNOWN STEP	2026-01-23T09:06:13.8935282Z [INFO] Downloading from jboss-public-repository: https://repository.jboss.org/nexus/content/groups/public/org/apache/maven/maven-model-builder/3.8.4/maven-model-builder-3.8.4.pom
Adapter IT	UNKNOWN STEP	2026-01-23T09:06:13.9314320Z [INFO] Downloading from central: https://repo.maven.apache.org/maven2/org/apache/maven/maven-model-builder/3.8.4/maven-model-builder-3.8.4.pom
Adapter IT	UNKNOWN STEP	2026-01-23T09:06:13.9494078Z [INFO] Downloaded from central: https://repo.maven.apache.org/maven2/org/apache/maven/maven-model-builder/3.8.4/maven-model-builder-3.8.4.pom (3.4 kB at 188 kB/s)
Adapter IT	UNKNOWN STEP	2026-01-23T09:06:13.9516177Z [INFO] Downloading from jboss-public-repository: https://repository.jboss.org/nexus/content/groups/public/org/apache/maven/maven-repository-metadata/3.8.4/maven-repository-metadata-3.8.4.pom
Adapter IT	UNKNOWN STEP	2026-01-23T09:06:13.9771960Z [INFO] Downloading from central: https://repo.maven.apache.org/maven2/org/apache/maven/maven-repository-metadata/3.8.4/maven-repository-metadata-3.8.4.pom
Adapter IT	UNKNOWN STEP	2026-01-23T09:06:13.9972840Z [INFO] Downloaded from central: https://repo.maven.apache.org/maven2/org/apache/maven/maven-repository-metadata/3.8.4/maven-repository-metadata-3.8.4.pom (1.9 kB at 93 kB/s)
Adapter IT	UNKNOWN STEP	2026-01-23T09:06:13.9990273Z [INFO] Downloading from jboss-public-repository: https://repository.jboss.org/nexus/content/groups/public/org/apache/maven/wagon/wagon-provider-api/3.4.3/wagon-provider-api-3.4.3.pom
Adapter IT	UNKNOWN STEP	2026-01-23T09:06:14.0266442Z [INFO] Downloading from central: https://repo.maven.apache.org/maven2/org/apache/maven/wagon/wagon-provider-api/3.4.3/wagon-provider-api-3.4.3.pom
Adapter IT	UNKNOWN STEP	2026-01-23T09:06:14.0487147Z [INFO] Downloaded from central: https://repo.maven.apache.org/maven2/org/apache/maven/wagon/wagon-provider-api/3.4.3/wagon-provider-api-3.4.3.pom (1.9 kB at 87 kB/s)
Adapter IT	UNKNOWN STEP	2026-01-23T09:06:14.0496355Z [INFO] Downloading from jboss-public-repository: https://repository.jboss.org/nexus/content/groups/public/org/apache/maven/wagon/wagon/3.4.3/wagon-3.4.3.pom
Adapter IT	UNKNOWN STEP	2026-01-23T09:06:14.1193630Z [INFO] Downloading from central: https://repo.maven.apache.org/maven2/org/apache/maven/wagon/wagon/3.4.3/wagon-3.4.3.pom
Adapter IT	UNKNOWN STEP	2026-01-23T09:06:14.1392275Z [INFO] Downloaded from central: https://repo.maven.apache.org/maven2/org/apache/maven/wagon/wagon/3.4.3/wagon-3.4.3.pom (21 kB at 1.1 MB/s)
Adapter IT	UNKNOWN STEP	2026-01-23T09:06:14.1426698Z [INFO] Downloading from jboss-public-repository: https://repository.jboss.org/nexus/content/groups/public/org/apache/maven/plugin-tools/maven-plugin-annotations/3.6.4/maven-plugin-annotations-3.6.4.pom
Adapter IT	UNKNOWN STEP	2026-01-23T09:06:14.1678941Z [INFO] Downloading from central: https://repo.maven.apache.org/maven2/org/apache/maven/plugin-tools/maven-plugin-annotations/3.6.4/maven-plugin-annotations-3.6.4.pom
Adapter IT	UNKNOWN STEP	2026-01-23T09:06:14.1864240Z [INFO] Downloaded from central: https://repo.maven.apache.org/maven2/org/apache/maven/plugin-tools/maven-plugin-annotations/3.6.4/maven-plugin-annotations-3.6.4.pom (1.4 kB at 76 kB/s)
Adapter IT	UNKNOWN STEP	2026-01-23T09:06:14.1872635Z [INFO] Downloading from jboss-public-repository: https://repository.jboss.org/nexus/content/groups/public/org/apache/maven/plugin-tools/maven-plugin-tools/3.6.4/maven-plugin-tools-3.6.4.pom
Adapter IT	UNKNOWN STEP	2026-01-23T09:06:14.2371980Z [INFO] Downloading from central: https://repo.maven.apache.org/maven2/org/apache/maven/plugin-tools/maven-plugin-tools/3.6.4/maven-plugin-tools-3.6.4.pom
Adapter IT	UNKNOWN STEP	2026-01-23T09:06:14.2568020Z [INFO] Downloaded from central: https://repo.maven.apache.org/maven2/org/apache/maven/plugin-tools/maven-plugin-tools/3.6.4/maven-plugin-tools-3.6.4.pom (15 kB at 734 kB/s)
Adapter IT	UNKNOWN STEP	2026-01-23T09:06:14.2583623Z [INFO] Downloading from jboss-public-repository: https://repository.jboss.org/nexus/content/groups/public/org/wildfly/channel/channel-core/1.0.5.Final/channel-core-1.0.5.Final.pom
Adapter IT	UNKNOWN STEP	2026-01-23T09:06:14.3373299Z [INFO] Downloaded from jboss-public-repository: https://repository.jboss.org/nexus/content/groups/public/org/wildfly/channel/channel-core/1.0.5.Final/channel-core-1.0.5.Final.pom (2.5 kB at 32 kB/s)
Adapter IT	UNKNOWN STEP	2026-01-23T09:06:14.3384139Z [INFO] Downloading from jboss-public-repository: https://repository.jboss.org/nexus/content/groups/public/org/wildfly/channel/channel-parent/1.0.5.Final/channel-parent-1.0.5.Final.pom
Adapter IT	UNKNOWN STEP	2026-01-23T09:06:14.4302410Z [INFO] Downloaded from jboss-public-repository: https://repository.jboss.org/nexus/content/groups/public/org/wildfly/channel/channel-parent/1.0.5.Final/channel-parent-1.0.5.Final.pom (7.9 kB at 87 kB/s)
Adapter IT	UNKNOWN STEP	2026-01-23T09:06:14.4402066Z [INFO] Downloading from jboss-public-repository: https://repository.jboss.org/nexus/content/groups/public/com/networknt/json-schema-validator/1.0.82/json-schema-validator-1.0.82.pom
Adapter IT	UNKNOWN STEP	2026-01-23T09:06:14.4723341Z [INFO] Downloading from central: https://repo.maven.apache.org/maven2/com/networknt/json-schema-validator/1.0.82/json-schema-validator-1.0.82.pom
Adapter IT	UNKNOWN STEP	2026-01-23T09:06:14.4900562Z [INFO] Downloaded from central: https://repo.maven.apache.org/maven2/com/networknt/json-schema-validator/1.0.82/json-schema-validator-1.0.82.pom (13 kB at 775 kB/s)
Adapter IT	UNKNOWN STEP	2026-01-23T09:06:14.4912951Z [INFO] Downloading from jboss-public-repository: https://repository.jboss.org/nexus/content/groups/public/com/ethlo/time/itu/1.7.0/itu-1.7.0.pom
Adapter IT	UNKNOWN STEP	2026-01-23T09:06:14.5170374Z [INFO] Downloading from central: https://repo.maven.apache.org/maven2/com/ethlo/time/itu/1.7.0/itu-1.7.0.pom
Adapter IT	UNKNOWN STEP	2026-01-23T09:06:14.5372609Z [INFO] Downloaded from central: https://repo.maven.apache.org/maven2/com/ethlo/time/itu/1.7.0/itu-1.7.0.pom (12 kB at 550 kB/s)
Adapter IT	UNKNOWN STEP	2026-01-23T09:06:14.5390649Z [INFO] Downloading from jboss-public-repository: https://repository.jboss.org/nexus/content/groups/public/com/fasterxml/jackson/core/jackson-databind/2.14.2/jackson-databind-2.14.2.pom
Adapter IT	UNKNOWN STEP	2026-01-23T09:06:14.7289052Z [INFO] Downloading from central: https://repo.maven.apache.org/maven2/com/fasterxml/jackson/core/jackson-databind/2.14.2/jackson-databind-2.14.2.pom
Adapter IT	UNKNOWN STEP	2026-01-23T09:06:14.7496580Z [INFO] Downloaded from central: https://repo.maven.apache.org/maven2/com/fasterxml/jackson/core/jackson-databind/2.14.2/jackson-databind-2.14.2.pom (19 kB at 928 kB/s)
Adapter IT	UNKNOWN STEP	2026-01-23T09:06:14.7510449Z [INFO] Downloading from jboss-public-repository: https://repository.jboss.org/nexus/content/groups/public/com/fasterxml/jackson/jackson-base/2.14.2/jackson-base-2.14.2.pom
Adapter IT	UNKNOWN STEP	2026-01-23T09:06:14.7753812Z [INFO] Downloading from central: https://repo.maven.apache.org/maven2/com/fasterxml/jackson/jackson-base/2.14.2/jackson-base-2.14.2.pom
Adapter IT	UNKNOWN STEP	2026-01-23T09:06:14.7944564Z [INFO] Downloaded from central: https://repo.maven.apache.org/maven2/com/fasterxml/jackson/jackson-base/2.14.2/jackson-base-2.14.2.pom (10 kB at 538 kB/s)
Adapter IT	UNKNOWN STEP	2026-01-23T09:06:14.7954043Z [INFO] Downloading from jboss-public-repository: https://repository.jboss.org/nexus/content/groups/public/com/fasterxml/jackson/jackson-bom/2.14.2/jackson-bom-2.14.2.pom
Adapter IT	UNKNOWN STEP	2026-01-23T09:06:14.8211152Z [INFO] Downloading from central: https://repo.maven.apache.org/maven2/com/fasterxml/jackson/jackson-bom/2.14.2/jackson-bom-2.14.2.pom
Adapter IT	UNKNOWN STEP	2026-01-23T09:06:14.8408638Z [INFO] Downloaded from central: https://repo.maven.apache.org/maven2/com/fasterxml/jackson/jackson-bom/2.14.2/jackson-bom-2.14.2.pom (17 kB at 874 kB/s)
Adapter IT	UNKNOWN STEP	2026-01-23T09:06:14.8418848Z [INFO] Downloading from jboss-public-repository: https://repository.jboss.org/nexus/content/groups/public/com/fasterxml/jackson/jackson-parent/2.14/jackson-parent-2.14.pom
Adapter IT	UNKNOWN STEP	2026-01-23T09:06:15.0168297Z [INFO] Downloading from central: https://repo.maven.apache.org/maven2/com/fasterxml/jackson/jackson-parent/2.14/jackson-parent-2.14.pom
Adapter IT	UNKNOWN STEP	2026-01-23T09:06:15.0331910Z [INFO] Downloaded from central: https://repo.maven.apache.org/maven2/com/fasterxml/jackson/jackson-parent/2.14/jackson-parent-2.14.pom (7.7 kB at 479 kB/s)
Adapter IT	UNKNOWN STEP	2026-01-23T09:06:15.0341632Z [INFO] Downloading from jboss-public-repository: https://repository.jboss.org/nexus/content/groups/public/com/fasterxml/oss-parent/48/oss-parent-48.pom
Adapter IT	UNKNOWN STEP	2026-01-23T09:06:15.2137041Z [INFO] Downloading from central: https://repo.maven.apache.org/maven2/com/fasterxml/oss-parent/48/oss-parent-48.pom
Adapter IT	UNKNOWN STEP	2026-01-23T09:06:15.2318505Z [INFO] Downloaded from central: https://repo.maven.apache.org/maven2/com/fasterxml/oss-parent/48/oss-parent-48.pom (24 kB at 1.3 MB/s)
Adapter IT	UNKNOWN STEP	2026-01-23T09:06:15.2338525Z [INFO] Downloading from jboss-public-repository: https://repository.jboss.org/nexus/content/groups/public/com/fasterxml/jackson/core/jackson-annotations/2.14.2/jackson-annotations-2.14.2.pom
Adapter IT	UNKNOWN STEP	2026-01-23T09:06:15.2770931Z [INFO] Downloading from central: https://repo.maven.apache.org/maven2/com/fasterxml/jackson/core/jackson-annotations/2.14.2/jackson-annotations-2.14.2.pom
Adapter IT	UNKNOWN STEP	2026-01-23T09:06:15.2962029Z [INFO] Downloaded from central: https://repo.maven.apache.org/maven2/com/fasterxml/jackson/core/jackson-annotations/2.14.2/jackson-annotations-2.14.2.pom (6.2 kB at 327 kB/s)
Adapter IT	UNKNOWN STEP	2026-01-23T09:06:15.2977332Z [INFO] Downloading from jboss-public-repository: https://repository.jboss.org/nexus/content/groups/public/com/fasterxml/jackson/core/jackson-core/2.14.2/jackson-core-2.14.2.pom
Adapter IT	UNKNOWN STEP	2026-01-23T09:06:15.4387939Z [INFO] Downloading from central: https://repo.maven.apache.org/maven2/com/fasterxml/jackson/core/jackson-core/2.14.2/jackson-core-2.14.2.pom
Adapter IT	UNKNOWN STEP	2026-01-23T09:06:15.4557815Z [INFO] Downloaded from central: https://repo.maven.apache.org/maven2/com/fasterxml/jackson/core/jackson-core/2.14.2/jackson-core-2.14.2.pom (7.0 kB at 413 kB/s)
Adapter IT	UNKNOWN STEP	2026-01-23T09:06:15.4574001Z [INFO] Downloading from jboss-public-repository: https://repository.jboss.org/nexus/content/groups/public/com/fasterxml/jackson/dataformat/jackson-dataformat-yaml/2.14.2/jackson-dataformat-yaml-2.14.2.pom
Adapter IT	UNKNOWN STEP	2026-01-23T09:06:15.4818059Z [INFO] Downloading from central: https://repo.maven.apache.org/maven2/com/fasterxml/jackson/dataformat/jackson-dataformat-yaml/2.14.2/jackson-dataformat-yaml-2.14.2.pom
Adapter IT	UNKNOWN STEP	2026-01-23T09:06:15.5013716Z [INFO] Downloaded from central: https://repo.maven.apache.org/maven2/com/fasterxml/jackson/dataformat/jackson-dataformat-yaml/2.14.2/jackson-dataformat-yaml-2.14.2.pom (2.6 kB at 132 kB/s)
Adapter IT	UNKNOWN STEP	2026-01-23T09:06:15.5023953Z [INFO] Downloading from jboss-public-repository: https://repository.jboss.org/nexus/content/groups/public/com/fasterxml/jackson/dataformat/jackson-dataformats-text/2.14.2/jackson-dataformats-text-2.14.2.pom
Adapter IT	UNKNOWN STEP	2026-01-23T09:06:15.6576803Z [INFO] Downloading from central: https://repo.maven.apache.org/maven2/com/fasterxml/jackson/dataformat/jackson-dataformats-text/2.14.2/jackson-dataformats-text-2.14.2.pom
Adapter IT	UNKNOWN STEP	2026-01-23T09:06:15.6749644Z [INFO] Downloaded from central: https://repo.maven.apache.org/maven2/com/fasterxml/jackson/dataformat/jackson-dataformats-text/2.14.2/jackson-dataformats-text-2.14.2.pom (3.4 kB at 197 kB/s)
Adapter IT	UNKNOWN STEP	2026-01-23T09:06:15.6768821Z [INFO] Downloading from jboss-public-repository: https://repository.jboss.org/nexus/content/groups/public/org/yaml/snakeyaml/1.33/snakeyaml-1.33.pom
Adapter IT	UNKNOWN STEP	2026-01-23T09:06:15.8271512Z [INFO] Downloading from central: https://repo.maven.apache.org/maven2/org/yaml/snakeyaml/1.33/snakeyaml-1.33.pom
Adapter IT	UNKNOWN STEP	2026-01-23T09:06:15.8476101Z [INFO] Downloaded from central: https://repo.maven.apache.org/maven2/org/yaml/snakeyaml/1.33/snakeyaml-1.33.pom (39 kB at 1.8 MB/s)
Adapter IT	UNKNOWN STEP	2026-01-23T09:06:15.8496106Z [INFO] Downloading from jboss-public-repository: https://repository.jboss.org/nexus/content/groups/public/org/slf4j/slf4j-api/2.0.7/slf4j-api-2.0.7.pom
Adapter IT	UNKNOWN STEP	2026-01-23T09:06:16.1591365Z [INFO] Downloading from central: https://repo.maven.apache.org/maven2/org/slf4j/slf4j-api/2.0.7/slf4j-api-2.0.7.pom
Adapter IT	UNKNOWN STEP	2026-01-23T09:06:16.1831775Z [INFO] Downloaded from central: https://repo.maven.apache.org/maven2/org/slf4j/slf4j-api/2.0.7/slf4j-api-2.0.7.pom (2.7 kB at 112 kB/s)
Adapter IT	UNKNOWN STEP	2026-01-23T09:06:16.1844600Z [INFO] Downloading from jboss-public-repository: https://repository.jboss.org/nexus/content/groups/public/org/slf4j/slf4j-parent/2.0.7/slf4j-parent-2.0.7.pom
Adapter IT	UNKNOWN STEP	2026-01-23T09:06:16.3496085Z [INFO] Downloading from central: https://repo.maven.apache.org/maven2/org/slf4j/slf4j-parent/2.0.7/slf4j-parent-2.0.7.pom
Adapter IT	UNKNOWN STEP	2026-01-23T09:06:16.3673489Z [INFO] Downloaded from central: https://repo.maven.apache.org/maven2/org/slf4j/slf4j-parent/2.0.7/slf4j-parent-2.0.7.pom (17 kB at 949 kB/s)
Adapter IT	UNKNOWN STEP	2026-01-23T09:06:16.3789702Z [INFO] Downloading from jboss-public-repository: https://repository.jboss.org/nexus/content/groups/public/org/wildfly/core/wildfly-embedded/21.1.0.Final/wildfly-embedded-21.1.0.Final.jar
Adapter IT	UNKNOWN STEP	2026-01-23T09:06:16.4577467Z [INFO] Downloaded from jboss-public-repository: https://repository.jboss.org/nexus/content/groups/public/org/wildfly/core/wildfly-embedded/21.1.0.Final/wildfly-embedded-21.1.0.Final.jar (66 kB at 840 kB/s)
Adapter IT	UNKNOWN STEP	2026-01-23T09:06:16.4583722Z [INFO] Downloading from jboss-public-repository: https://repository.jboss.org/nexus/content/groups/public/org/jboss/logging/jboss-logging/3.4.3.Final/jboss-logging-3.4.3.Final.jar
Adapter IT	UNKNOWN STEP	2026-01-23T09:06:16.4589730Z [INFO] Downloading from jboss-public-repository: https://repository.jboss.org/nexus/content/groups/public/org/jboss/jboss-dmr/1.5.0.Final/jboss-dmr-1.5.0.Final.jar
Adapter IT	UNKNOWN STEP	2026-01-23T09:06:16.4596911Z [INFO] Downloading from jboss-public-repository: https://repository.jboss.org/nexus/content/groups/public/org/jboss/threads/jboss-threads/2.4.0.Final/jboss-threads-2.4.0.Final.jar
Adapter IT	UNKNOWN STEP	2026-01-23T09:06:16.4599733Z [INFO] Downloading from jboss-public-repository: https://repository.jboss.org/nexus/content/groups/public/org/wildfly/galleon-plugins/wildfly-galleon-plugins/6.5.2.Final/wildfly-galleon-plugins-6.5.2.Final.jar
Adapter IT	UNKNOWN STEP	2026-01-23T09:06:16.4606822Z [INFO] Downloading from jboss-public-repository: https://repository.jboss.org/nexus/content/groups/public/org/jboss/galleon/galleon-core/5.2.2.Final/galleon-core-5.2.2.Final.jar
Adapter IT	UNKNOWN STEP	2026-01-23T09:06:16.4958234Z [INFO] Downloaded from jboss-public-repository: https://repository.jboss.org/nexus/content/groups/public/org/jboss/logging/jboss-logging/3.4.3.Final/jboss-logging-3.4.3.Final.jar (61 kB at 1.6 MB/s)
Adapter IT	UNKNOWN STEP	2026-01-23T09:06:16.4960144Z [INFO] Downloading from jboss-public-repository: https://repository.jboss.org/nexus/content/groups/public/org/jboss/staxmapper/1.1.0.Final/staxmapper-1.1.0.Final.jar
Adapter IT	UNKNOWN STEP	2026-01-23T09:06:16.5013532Z [INFO] Downloaded from jboss-public-repository: https://repository.jboss.org/nexus/content/groups/public/org/jboss/jboss-dmr/1.5.0.Final/jboss-dmr-1.5.0.Final.jar (141 kB at 3.2 MB/s)
Adapter IT	UNKNOWN STEP	2026-01-23T09:06:16.5016382Z [INFO] Downloading from jboss-public-repository: https://repository.jboss.org/nexus/content/groups/public/org/eclipse/aether/aether-api/1.1.0/aether-api-1.1.0.jar
Adapter IT	UNKNOWN STEP	2026-01-23T09:06:16.5022362Z [INFO] Downloaded from jboss-public-repository: https://repository.jboss.org/nexus/content/groups/public/org/jboss/galleon/galleon-core/5.2.2.Final/galleon-core-5.2.2.Final.jar (674 kB at 16 MB/s)
Adapter IT	UNKNOWN STEP	2026-01-23T09:06:16.5024759Z [INFO] Downloading from jboss-public-repository: https://repository.jboss.org/nexus/content/groups/public/org/eclipse/aether/aether-util/1.1.0/aether-util-1.1.0.jar
Adapter IT	UNKNOWN STEP	2026-01-23T09:06:16.5055517Z [INFO] Downloaded from jboss-public-repository: https://repository.jboss.org/nexus/content/groups/public/org/wildfly/galleon-plugins/wildfly-galleon-plugins/6.5.2.Final/wildfly-galleon-plugins-6.5.2.Final.jar (960 kB at 21 MB/s)
Adapter IT	UNKNOWN STEP	2026-01-23T09:06:16.5058537Z [INFO] Downloading from jboss-public-repository: https://repository.jboss.org/nexus/content/groups/public/org/jboss/galleon/galleon-maven-universe/5.2.2.Final/galleon-maven-universe-5.2.2.Final.jar
Adapter IT	UNKNOWN STEP	2026-01-23T09:06:16.5172606Z [INFO] Downloaded from jboss-public-repository: https://repository.jboss.org/nexus/content/groups/public/org/jboss/threads/jboss-threads/2.4.0.Final/jboss-threads-2.4.0.Final.jar (170 kB at 2.9 MB/s)
Adapter IT	UNKNOWN STEP	2026-01-23T09:06:16.5174517Z [INFO] Downloading from jboss-public-repository: https://repository.jboss.org/nexus/content/groups/public/org/wildfly/galleon-plugins/wildfly-config-gen/6.5.2.Final/wildfly-config-gen-6.5.2.Final.jar
Adapter IT	UNKNOWN STEP	2026-01-23T09:06:16.5320099Z [INFO] Downloading from jboss-public-repository: https://repository.jboss.org/nexus/content/groups/public/org/wildfly/galleon-plugins/wildfly-feature-spec-gen/6.5.2.Final/wildfly-feature-spec-gen-6.5.2.Final.jar
Adapter IT	UNKNOWN STEP	2026-01-23T09:06:16.5325603Z [INFO] Downloading from jboss-public-repository: https://repository.jboss.org/nexus/content/groups/public/org/apache/maven/maven-core/3.8.4/maven-core-3.8.4.jar
Adapter IT	UNKNOWN STEP	2026-01-23T09:06:16.5395420Z [INFO] Downloaded from jboss-public-repository: https://repository.jboss.org/nexus/content/groups/public/org/jboss/staxmapper/1.1.0.Final/staxmapper-1.1.0.Final.jar (36 kB at 450 kB/s)
Adapter IT	UNKNOWN STEP	2026-01-23T09:06:16.5397921Z [INFO] Downloading from jboss-public-repository: https://repository.jboss.org/nexus/content/groups/public/org/apache/maven/maven-builder-support/3.8.4/maven-builder-support-3.8.4.jar
Adapter IT	UNKNOWN STEP	2026-01-23T09:06:16.5406268Z [INFO] Downloaded from jboss-public-repository: https://repository.jboss.org/nexus/content/groups/public/org/jboss/galleon/galleon-maven-universe/5.2.2.Final/galleon-maven-universe-5.2.2.Final.jar (97 kB at 1.2 MB/s)
Adapter IT	UNKNOWN STEP	2026-01-23T09:06:16.5408021Z [INFO] Downloading from jboss-public-repository: https://repository.jboss.org/nexus/content/groups/public/org/apache/maven/maven-plugin-api/3.8.4/maven-plugin-api-3.8.4.jar
Adapter IT	UNKNOWN STEP	2026-01-23T09:06:16.5473058Z [INFO] Downloading from jboss-public-repository: https://repository.jboss.org/nexus/content/groups/public/org/apache/maven/maven-resolver-provider/3.8.4/maven-resolver-provider-3.8.4.jar
Adapter IT	UNKNOWN STEP	2026-01-23T09:06:16.5546698Z [INFO] Downloading from jboss-public-repository: https://repository.jboss.org/nexus/content/groups/public/org/apache/maven/resolver/maven-resolver-impl/1.6.3/maven-resolver-impl-1.6.3.jar
Adapter IT	UNKNOWN STEP	2026-01-23T09:06:16.5556026Z [INFO] Downloaded from jboss-public-repository: https://repository.jboss.org/nexus/content/groups/public/org/wildfly/galleon-plugins/wildfly-config-gen/6.5.2.Final/wildfly-config-gen-6.5.2.Final.jar (62 kB at 645 kB/s)
Adapter IT	UNKNOWN STEP	2026-01-23T09:06:16.5557935Z [INFO] Downloading from jboss-public-repository: https://repository.jboss.org/nexus/content/groups/public/org/apache/maven/resolver/maven-resolver-api/1.6.3/maven-resolver-api-1.6.3.jar
Adapter IT	UNKNOWN STEP	2026-01-23T09:06:16.5674121Z [INFO] Downloading from jboss-public-repository: https://repository.jboss.org/nexus/content/groups/public/org/apache/maven/resolver/maven-resolver-spi/1.6.3/maven-resolver-spi-1.6.3.jar
Adapter IT	UNKNOWN STEP	2026-01-23T09:06:16.5705358Z [INFO] Downloaded from jboss-public-repository: https://repository.jboss.org/nexus/content/groups/public/org/wildfly/galleon-plugins/wildfly-feature-spec-gen/6.5.2.Final/wildfly-feature-spec-gen-6.5.2.Final.jar (26 kB at 234 kB/s)
Adapter IT	UNKNOWN STEP	2026-01-23T09:06:16.5708316Z [INFO] Downloading from jboss-public-repository: https://repository.jboss.org/nexus/content/groups/public/org/apache/maven/resolver/maven-resolver-util/1.6.3/maven-resolver-util-1.6.3.jar
Adapter IT	UNKNOWN STEP	2026-01-23T09:06:16.5756842Z [INFO] Downloading from jboss-public-repository: https://repository.jboss.org/nexus/content/groups/public/com/google/inject/guice/4.2.2/guice-4.2.2-no_aop.jar
Adapter IT	UNKNOWN STEP	2026-01-23T09:06:16.5790266Z [INFO] Downloading from jboss-public-repository: https://repository.jboss.org/nexus/content/groups/public/org/apache/maven/maven-model/3.8.4/maven-model-3.8.4.jar
Adapter IT	UNKNOWN STEP	2026-01-23T09:06:16.5896168Z [INFO] Downloading from jboss-public-repository: https://repository.jboss.org/nexus/content/groups/public/org/apache/maven/maven-settings/3.8.4/maven-settings-3.8.4.jar
Adapter IT	UNKNOWN STEP	2026-01-23T09:06:16.5920697Z [INFO] Downloading from jboss-public-repository: https://repository.jboss.org/nexus/content/groups/public/org/apache/maven/maven-artifact/3.8.4/maven-artifact-3.8.4.jar
Adapter IT	UNKNOWN STEP	2026-01-23T09:06:16.5941388Z [INFO] Downloading from jboss-public-repository: https://repository.jboss.org/nexus/content/groups/public/org/wildfly/maven/plugins/licenses-plugin/2.0.0.Final/licenses-plugin-2.0.0.Final.jar
Adapter IT	UNKNOWN STEP	2026-01-23T09:06:16.6150117Z [INFO] Downloading from jboss-public-repository: https://repository.jboss.org/nexus/content/groups/public/org/apache/maven/maven-compat/3.8.4/maven-compat-3.8.4.jar
Adapter IT	UNKNOWN STEP	2026-01-23T09:06:16.6262174Z [INFO] Downloading from jboss-public-repository: https://repository.jboss.org/nexus/content/groups/public/org/apache/maven/maven-model-builder/3.8.4/maven-model-builder-3.8.4.jar
Adapter IT	UNKNOWN STEP	2026-01-23T09:06:16.6272474Z [INFO] Downloaded from jboss-public-repository: https://repository.jboss.org/nexus/content/groups/public/org/wildfly/maven/plugins/licenses-plugin/2.0.0.Final/licenses-plugin-2.0.0.Final.jar (27 kB at 160 kB/s)
Adapter IT	UNKNOWN STEP	2026-01-23T09:06:16.6275604Z [INFO] Downloading from jboss-public-repository: https://repository.jboss.org/nexus/content/groups/public/org/apache/maven/maven-repository-metadata/3.8.4/maven-repository-metadata-3.8.4.jar
Adapter IT	UNKNOWN STEP	2026-01-23T09:06:16.6407254Z [INFO] Downloading from jboss-public-repository: https://repository.jboss.org/nexus/content/groups/public/org/apache/maven/wagon/wagon-provider-api/3.4.3/wagon-provider-api-3.4.3.jar
Adapter IT	UNKNOWN STEP	2026-01-23T09:06:16.6511627Z [INFO] Downloading from jboss-public-repository: https://repository.jboss.org/nexus/content/groups/public/org/apache/maven/maven-settings-builder/3.8.4/maven-settings-builder-3.8.4.jar
Adapter IT	UNKNOWN STEP	2026-01-23T09:06:16.6563742Z [INFO] Downloading from jboss-public-repository: https://repository.jboss.org/nexus/content/groups/public/org/apache/maven/plugin-tools/maven-plugin-annotations/3.6.4/maven-plugin-annotations-3.6.4.jar
Adapter IT	UNKNOWN STEP	2026-01-23T09:06:16.6776600Z [INFO] Downloading from jboss-public-repository: https://repository.jboss.org/nexus/content/groups/public/org/wildfly/channel/channel-core/1.0.5.Final/channel-core-1.0.5.Final.jar
Adapter IT	UNKNOWN STEP	2026-01-23T09:06:16.6790854Z [INFO] Downloading from jboss-public-repository: https://repository.jboss.org/nexus/content/groups/public/com/networknt/json-schema-validator/1.0.82/json-schema-validator-1.0.82.jar
Adapter IT	UNKNOWN STEP	2026-01-23T09:06:16.6821214Z [INFO] Downloading from jboss-public-repository: https://repository.jboss.org/nexus/content/groups/public/com/ethlo/time/itu/1.7.0/itu-1.7.0.jar
Adapter IT	UNKNOWN STEP	2026-01-23T09:06:16.7622227Z [INFO] Downloaded from jboss-public-repository: https://repository.jboss.org/nexus/content/groups/public/org/wildfly/channel/channel-core/1.0.5.Final/channel-core-1.0.5.Final.jar (78 kB at 259 kB/s)
Adapter IT	UNKNOWN STEP	2026-01-23T09:06:16.8015279Z [INFO] Downloading from central: https://repo.maven.apache.org/maven2/org/eclipse/aether/aether-api/1.1.0/aether-api-1.1.0.jar
Adapter IT	UNKNOWN STEP	2026-01-23T09:06:16.8202096Z [INFO] Downloaded from central: https://repo.maven.apache.org/maven2/org/eclipse/aether/aether-api/1.1.0/aether-api-1.1.0.jar (136 kB at 7.6 MB/s)
Adapter IT	UNKNOWN STEP	2026-01-23T09:06:16.8208188Z [INFO] Downloading from central: https://repo.maven.apache.org/maven2/org/eclipse/aether/aether-util/1.1.0/aether-util-1.1.0.jar
Adapter IT	UNKNOWN STEP	2026-01-23T09:06:16.8209815Z [INFO] Downloading from central: https://repo.maven.apache.org/maven2/org/apache/maven/maven-core/3.8.4/maven-core-3.8.4.jar
Adapter IT	UNKNOWN STEP	2026-01-23T09:06:16.8217201Z [INFO] Downloading from central: https://repo.maven.apache.org/maven2/org/apache/maven/maven-builder-support/3.8.4/maven-builder-support-3.8.4.jar
Adapter IT	UNKNOWN STEP	2026-01-23T09:06:16.8222219Z [INFO] Downloading from central: https://repo.maven.apache.org/maven2/org/apache/maven/maven-plugin-api/3.8.4/maven-plugin-api-3.8.4.jar
Adapter IT	UNKNOWN STEP	2026-01-23T09:06:16.8224067Z [INFO] Downloading from central: https://repo.maven.apache.org/maven2/org/apache/maven/maven-resolver-provider/3.8.4/maven-resolver-provider-3.8.4.jar
Adapter IT	UNKNOWN STEP	2026-01-23T09:06:16.8418315Z [INFO] Downloaded from central: https://repo.maven.apache.org/maven2/org/eclipse/aether/aether-util/1.1.0/aether-util-1.1.0.jar (150 kB at 7.5 MB/s)
Adapter IT	UNKNOWN STEP	2026-01-23T09:06:16.8420298Z [INFO] Downloading from central: https://repo.maven.apache.org/maven2/org/apache/maven/resolver/maven-resolver-impl/1.6.3/maven-resolver-impl-1.6.3.jar
Adapter IT	UNKNOWN STEP	2026-01-23T09:06:16.8422426Z [INFO] Downloaded from central: https://repo.maven.apache.org/maven2/org/apache/maven/maven-resolver-provider/3.8.4/maven-resolver-provider-3.8.4.jar (67 kB at 3.4 MB/s)
Adapter IT	UNKNOWN STEP	2026-01-23T09:06:16.8424486Z [INFO] Downloading from central: https://repo.maven.apache.org/maven2/org/apache/maven/resolver/maven-resolver-api/1.6.3/maven-resolver-api-1.6.3.jar
Adapter IT	UNKNOWN STEP	2026-01-23T09:06:16.8426335Z [INFO] Downloaded from central: https://repo.maven.apache.org/maven2/org/apache/maven/maven-plugin-api/3.8.4/maven-plugin-api-3.8.4.jar (47 kB at 2.1 MB/s)
Adapter IT	UNKNOWN STEP	2026-01-23T09:06:16.8428377Z [INFO] Downloading from central: https://repo.maven.apache.org/maven2/org/apache/maven/resolver/maven-resolver-spi/1.6.3/maven-resolver-spi-1.6.3.jar
Adapter IT	UNKNOWN STEP	2026-01-23T09:06:16.8447924Z [INFO] Downloaded from central: https://repo.maven.apache.org/maven2/org/apache/maven/maven-builder-support/3.8.4/maven-builder-support-3.8.4.jar (14 kB at 596 kB/s)
Adapter IT	UNKNOWN STEP	2026-01-23T09:06:16.8451057Z [INFO] Downloading from central: https://repo.maven.apache.org/maven2/org/apache/maven/resolver/maven-resolver-util/1.6.3/maven-resolver-util-1.6.3.jar
Adapter IT	UNKNOWN STEP	2026-01-23T09:06:16.8482110Z [INFO] Downloaded from central: https://repo.maven.apache.org/maven2/org/apache/maven/maven-core/3.8.4/maven-core-3.8.4.jar (637 kB at 24 MB/s)
Adapter IT	UNKNOWN STEP	2026-01-23T09:06:16.8483439Z [INFO] Downloading from central: https://repo.maven.apache.org/maven2/com/google/inject/guice/4.2.2/guice-4.2.2-no_aop.jar
Adapter IT	UNKNOWN STEP	2026-01-23T09:06:16.8595161Z [INFO] Downloaded from central: https://repo.maven.apache.org/maven2/org/apache/maven/resolver/maven-resolver-spi/1.6.3/maven-resolver-spi-1.6.3.jar (38 kB at 1.0 MB/s)
Adapter IT	UNKNOWN STEP	2026-01-23T09:06:16.8598320Z [INFO] Downloading from central: https://repo.maven.apache.org/maven2/org/apache/maven/maven-model/3.8.4/maven-model-3.8.4.jar
Adapter IT	UNKNOWN STEP	2026-01-23T09:06:16.8601890Z [INFO] Downloaded from central: https://repo.maven.apache.org/maven2/org/apache/maven/resolver/maven-resolver-api/1.6.3/maven-resolver-api-1.6.3.jar (149 kB at 3.9 MB/s)
Adapter IT	UNKNOWN STEP	2026-01-23T09:06:16.8603843Z [INFO] Downloading from central: https://repo.maven.apache.org/maven2/org/apache/maven/maven-settings/3.8.4/maven-settings-3.8.4.jar
Adapter IT	UNKNOWN STEP	2026-01-23T09:06:16.8618621Z [INFO] Downloaded from central: https://repo.maven.apache.org/maven2/org/apache/maven/resolver/maven-resolver-impl/1.6.3/maven-resolver-impl-1.6.3.jar (180 kB at 4.5 MB/s)
Adapter IT	UNKNOWN STEP	2026-01-23T09:06:16.8620008Z [INFO] Downloading from central: https://repo.maven.apache.org/maven2/org/apache/maven/maven-artifact/3.8.4/maven-artifact-3.8.4.jar
Adapter IT	UNKNOWN STEP	2026-01-23T09:06:16.8659418Z [INFO] Downloaded from central: https://repo.maven.apache.org/maven2/org/apache/maven/resolver/maven-resolver-util/1.6.3/maven-resolver-util-1.6.3.jar (169 kB at 3.8 MB/s)
Adapter IT	UNKNOWN STEP	2026-01-23T09:06:16.8660988Z [INFO] Downloading from central: https://repo.maven.apache.org/maven2/org/apache/maven/maven-compat/3.8.4/maven-compat-3.8.4.jar
Adapter IT	UNKNOWN STEP	2026-01-23T09:06:16.8769891Z [INFO] Downloaded from central: https://repo.maven.apache.org/maven2/com/google/inject/guice/4.2.2/guice-4.2.2-no_aop.jar (521 kB at 9.5 MB/s)
Adapter IT	UNKNOWN STEP	2026-01-23T09:06:16.8771794Z [INFO] Downloading from central: https://repo.maven.apache.org/maven2/org/apache/maven/maven-model-builder/3.8.4/maven-model-builder-3.8.4.jar
Adapter IT	UNKNOWN STEP	2026-01-23T09:06:16.8811976Z [INFO] Downloaded from central: https://repo.maven.apache.org/maven2/org/apache/maven/maven-settings/3.8.4/maven-settings-3.8.4.jar (44 kB at 764 kB/s)
Adapter IT	UNKNOWN STEP	2026-01-23T09:06:16.8814061Z [INFO] Downloading from central: https://repo.maven.apache.org/maven2/org/apache/maven/maven-repository-metadata/3.8.4/maven-repository-metadata-3.8.4.jar
Adapter IT	UNKNOWN STEP	2026-01-23T09:06:16.8816035Z [INFO] Downloaded from central: https://repo.maven.apache.org/maven2/org/apache/maven/maven-artifact/3.8.4/maven-artifact-3.8.4.jar (58 kB at 984 kB/s)
Adapter IT	UNKNOWN STEP	2026-01-23T09:06:16.8818100Z [INFO] Downloading from central: https://repo.maven.apache.org/maven2/org/apache/maven/wagon/wagon-provider-api/3.4.3/wagon-provider-api-3.4.3.jar
Adapter IT	UNKNOWN STEP	2026-01-23T09:06:16.8820012Z [INFO] Downloaded from central: https://repo.maven.apache.org/maven2/org/apache/maven/maven-model/3.8.4/maven-model-3.8.4.jar (215 kB at 3.6 MB/s)
Adapter IT	UNKNOWN STEP	2026-01-23T09:06:16.8821895Z [INFO] Downloading from central: https://repo.maven.apache.org/maven2/org/apache/maven/maven-settings-builder/3.8.4/maven-settings-builder-3.8.4.jar
Adapter IT	UNKNOWN STEP	2026-01-23T09:06:16.8873448Z [INFO] Downloaded from central: https://repo.maven.apache.org/maven2/org/apache/maven/maven-compat/3.8.4/maven-compat-3.8.4.jar (288 kB at 4.4 MB/s)
Adapter IT	UNKNOWN STEP	2026-01-23T09:06:16.8876325Z [INFO] Downloading from central: https://repo.maven.apache.org/maven2/org/apache/maven/plugin-tools/maven-plugin-annotations/3.6.4/maven-plugin-annotations-3.6.4.jar
Adapter IT	UNKNOWN STEP	2026-01-23T09:06:16.8966680Z [INFO] Downloaded from central: https://repo.maven.apache.org/maven2/org/apache/maven/wagon/wagon-provider-api/3.4.3/wagon-provider-api-3.4.3.jar (55 kB at 735 kB/s)
Adapter IT	UNKNOWN STEP	2026-01-23T09:06:16.8974497Z [INFO] Downloading from central: https://repo.maven.apache.org/maven2/com/networknt/json-schema-validator/1.0.82/json-schema-validator-1.0.82.jar
Adapter IT	UNKNOWN STEP	2026-01-23T09:06:16.8977340Z [INFO] Downloaded from central: https://repo.maven.apache.org/maven2/org/apache/maven/maven-repository-metadata/3.8.4/maven-repository-metadata-3.8.4.jar (27 kB at 357 kB/s)
Adapter IT	UNKNOWN STEP	2026-01-23T09:06:16.8979302Z [INFO] Downloading from central: https://repo.maven.apache.org/maven2/com/ethlo/time/itu/1.7.0/itu-1.7.0.jar
Adapter IT	UNKNOWN STEP	2026-01-23T09:06:16.9009029Z [INFO] Downloaded from central: https://repo.maven.apache.org/maven2/org/apache/maven/maven-model-builder/3.8.4/maven-model-builder-3.8.4.jar (192 kB at 2.4 MB/s)
Adapter IT	UNKNOWN STEP	2026-01-23T09:06:16.9021589Z [INFO] Downloaded from central: https://repo.maven.apache.org/maven2/org/apache/maven/maven-settings-builder/3.8.4/maven-settings-builder-3.8.4.jar (42 kB at 526 kB/s)
Adapter IT	UNKNOWN STEP	2026-01-23T09:06:16.9098742Z [INFO] Downloaded from central: https://repo.maven.apache.org/maven2/org/apache/maven/plugin-tools/maven-plugin-annotations/3.6.4/maven-plugin-annotations-3.6.4.jar (14 kB at 156 kB/s)
Adapter IT	UNKNOWN STEP	2026-01-23T09:06:16.9149251Z [INFO] Downloaded from central: https://repo.maven.apache.org/maven2/com/ethlo/time/itu/1.7.0/itu-1.7.0.jar (29 kB at 313 kB/s)
Adapter IT	UNKNOWN STEP	2026-01-23T09:06:16.9178927Z [INFO] Downloaded from central: https://repo.maven.apache.org/maven2/com/networknt/json-schema-validator/1.0.82/json-schema-validator-1.0.82.jar (333 kB at 3.5 MB/s)
Adapter IT	UNKNOWN STEP	2026-01-23T09:06:17.2240020Z [INFO] Downloading from central: https://repo.maven.apache.org/maven2/org/wildfly/galleon-plugins/wildfly-galleon-plugins/6.4.2.Final/wildfly-galleon-plugins-6.4.2.Final.jar
Adapter IT	UNKNOWN STEP	2026-01-23T09:06:17.2520128Z [INFO] Downloaded from central: https://repo.maven.apache.org/maven2/org/wildfly/galleon-plugins/wildfly-galleon-plugins/6.4.2.Final/wildfly-galleon-plugins-6.4.2.Final.jar (959 kB at 34 MB/s)
Adapter IT	UNKNOWN STEP	2026-01-23T09:06:17.2647953Z [INFO] Downloading from central: https://repo.maven.apache.org/maven2/org/apache/wss4j/wss4j-ws-security-dom/3.0.0/wss4j-ws-security-dom-3.0.0.pom
Adapter IT	UNKNOWN STEP	2026-01-23T09:06:17.2822076Z [INFO] Downloaded from central: https://repo.maven.apache.org/maven2/org/apache/wss4j/wss4j-ws-security-dom/3.0.0/wss4j-ws-security-dom-3.0.0.pom (5.0 kB at 276 kB/s)
Adapter IT	UNKNOWN STEP	2026-01-23T09:06:17.2833913Z [INFO] Downloading from central: https://repo.maven.apache.org/maven2/org/apache/wss4j/wss4j-parent/3.0.0/wss4j-parent-3.0.0.pom
Adapter IT	UNKNOWN STEP	2026-01-23T09:06:17.3009406Z [INFO] Downloaded from central: https://repo.maven.apache.org/maven2/org/apache/wss4j/wss4j-parent/3.0.0/wss4j-parent-3.0.0.pom (15 kB at 906 kB/s)
Adapter IT	UNKNOWN STEP	2026-01-23T09:06:17.3020013Z [INFO] Downloading from central: https://repo.maven.apache.org/maven2/org/apache/wss4j/wss4j/3.0.0/wss4j-3.0.0.pom
Adapter IT	UNKNOWN STEP	2026-01-23T09:06:17.3224594Z [INFO] Downloaded from central: https://repo.maven.apache.org/maven2/org/apache/wss4j/wss4j/3.0.0/wss4j-3.0.0.pom (21 kB at 980 kB/s)
Adapter IT	UNKNOWN STEP	2026-01-23T09:06:17.3236904Z [INFO] Downloading from central: https://repo.maven.apache.org/maven2/org/apache/apache/24/apache-24.pom
Adapter IT	UNKNOWN STEP	2026-01-23T09:06:17.3403930Z [INFO] Downloaded from central: https://repo.maven.apache.org/maven2/org/apache/apache/24/apache-24.pom (20 kB at 1.2 MB/s)
Adapter IT	UNKNOWN STEP	2026-01-23T09:06:17.3419047Z [INFO] Downloading from central: https://repo.maven.apache.org/maven2/org/apache/wss4j/wss4j-ws-security-dom/3.0.0/wss4j-ws-security-dom-3.0.0.jar
Adapter IT	UNKNOWN STEP	2026-01-23T09:06:17.3580956Z [INFO] Downloaded from central: https://repo.maven.apache.org/maven2/org/apache/wss4j/wss4j-ws-security-dom/3.0.0/wss4j-ws-security-dom-3.0.0.jar (337 kB at 21 MB/s)
Adapter IT	UNKNOWN STEP	2026-01-23T09:06:17.3590113Z [INFO] Downloading from central: https://repo.maven.apache.org/maven2/software/amazon/awssdk/http-client-spi/2.20.77/http-client-spi-2.20.77.pom
Adapter IT	UNKNOWN STEP	2026-01-23T09:06:17.3740659Z [INFO] Downloaded from central: https://repo.maven.apache.org/maven2/software/amazon/awssdk/http-client-spi/2.20.77/http-client-spi-2.20.77.pom (3.8 kB at 255 kB/s)
Adapter IT	UNKNOWN STEP	2026-01-23T09:06:17.3752510Z [INFO] Downloading from central: https://repo.maven.apache.org/maven2/software/amazon/awssdk/aws-sdk-java-pom/2.20.77/aws-sdk-java-pom-2.20.77.pom
Adapter IT	UNKNOWN STEP	2026-01-23T09:06:17.3939416Z [INFO] Downloaded from central: https://repo.maven.apache.org/maven2/software/amazon/awssdk/aws-sdk-java-pom/2.20.77/aws-sdk-java-pom-2.20.77.pom (77 kB at 4.3 MB/s)
Adapter IT	UNKNOWN STEP	2026-01-23T09:06:17.3957185Z [INFO] Downloading from central: https://repo.maven.apache.org/maven2/software/amazon/awssdk/bom-internal/2.20.77/bom-internal-2.20.77.pom
Adapter IT	UNKNOWN STEP	2026-01-23T09:06:17.4118829Z [INFO] Downloaded from central: https://repo.maven.apache.org/maven2/software/amazon/awssdk/bom-internal/2.20.77/bom-internal-2.20.77.pom (20 kB at 1.3 MB/s)
Adapter IT	UNKNOWN STEP	2026-01-23T09:06:17.4134786Z [INFO] Downloading from central: https://repo.maven.apache.org/maven2/software/amazon/awssdk/http-client-spi/2.20.77/http-client-spi-2.20.77.jar
Adapter IT	UNKNOWN STEP	2026-01-23T09:06:17.4275103Z [INFO] Downloaded from central: https://repo.maven.apache.org/maven2/software/amazon/awssdk/http-client-spi/2.20.77/http-client-spi-2.20.77.jar (81 kB at 5.8 MB/s)
Adapter IT	UNKNOWN STEP	2026-01-23T09:06:17.4303281Z [INFO] Downloading from central: https://repo.maven.apache.org/maven2/org/jboss/weld/module/weld-ejb/5.1.1.SP1/weld-ejb-5.1.1.SP1.pom
Adapter IT	UNKNOWN STEP	2026-01-23T09:06:17.4472646Z [INFO] Downloaded from central: https://repo.maven.apache.org/maven2/org/jboss/weld/module/weld-ejb/5.1.1.SP1/weld-ejb-5.1.1.SP1.pom (3.1 kB at 172 kB/s)
Adapter IT	UNKNOWN STEP	2026-01-23T09:06:17.4484637Z [INFO] Downloading from central: https://repo.maven.apache.org/maven2/org/jboss/weld/weld-core-parent/5.1.1.SP1/weld-core-parent-5.1.1.SP1.pom
Adapter IT	UNKNOWN STEP	2026-01-23T09:06:17.4674515Z [INFO] Downloaded from central: https://repo.maven.apache.org/maven2/org/jboss/weld/weld-core-parent/5.1.1.SP1/weld-core-parent-5.1.1.SP1.pom (30 kB at 1.6 MB/s)
Adapter IT	UNKNOWN STEP	2026-01-23T09:06:17.4716669Z [INFO] Downloading from central: https://repo.maven.apache.org/maven2/org/jboss/weld/weld-parent/46/weld-parent-46.pom
Adapter IT	UNKNOWN STEP	2026-01-23T09:06:17.4884684Z [INFO] Downloaded from central: https://repo.maven.apache.org/maven2/org/jboss/weld/weld-parent/46/weld-parent-46.pom (54 kB at 3.2 MB/s)
Adapter IT	UNKNOWN STEP	2026-01-23T09:06:17.4913105Z [INFO] Downloading from central: https://repo.maven.apache.org/maven2/org/jboss/arquillian/arquillian-bom/1.7.0.Alpha12/arquillian-bom-1.7.0.Alpha12.pom
Adapter IT	UNKNOWN STEP	2026-01-23T09:06:17.5065002Z [INFO] Downloaded from central: https://repo.maven.apache.org/maven2/org/jboss/arquillian/arquillian-bom/1.7.0.Alpha12/arquillian-bom-1.7.0.Alpha12.pom (11 kB at 707 kB/s)
Adapter IT	UNKNOWN STEP	2026-01-23T09:06:17.5165249Z [INFO] Downloading from central: https://repo.maven.apache.org/maven2/org/jboss/weld/weld-api-bom/5.0.SP3/weld-api-bom-5.0.SP3.pom
Adapter IT	UNKNOWN STEP	2026-01-23T09:06:17.5368311Z [INFO] Downloaded from central: https://repo.maven.apache.org/maven2/org/jboss/weld/weld-api-bom/5.0.SP3/weld-api-bom-5.0.SP3.pom (5.2 kB at 261 kB/s)
Adapter IT	UNKNOWN STEP	2026-01-23T09:06:17.5382725Z [INFO] Downloading from central: https://repo.maven.apache.org/maven2/org/jboss/weld/weld-api-parent/5.0.SP3/weld-api-parent-5.0.SP3.pom
Adapter IT	UNKNOWN STEP	2026-01-23T09:06:17.5556058Z [INFO] Downloaded from central: https://repo.maven.apache.org/maven2/org/jboss/weld/weld-api-parent/5.0.SP3/weld-api-parent-5.0.SP3.pom (7.6 kB at 448 kB/s)
Adapter IT	UNKNOWN STEP	2026-01-23T09:06:17.5574163Z [INFO] Downloading from central: https://repo.maven.apache.org/maven2/org/jboss/weld/module/weld-ejb/5.1.1.SP1/weld-ejb-5.1.1.SP1.jar
Adapter IT	UNKNOWN STEP	2026-01-23T09:06:17.5727299Z [INFO] Downloaded from central: https://repo.maven.apache.org/maven2/org/jboss/weld/module/weld-ejb/5.1.1.SP1/weld-ejb-5.1.1.SP1.jar (62 kB at 4.1 MB/s)
Adapter IT	UNKNOWN STEP	2026-01-23T09:06:17.5736194Z [INFO] Downloading from central: https://repo.maven.apache.org/maven2/org/wildfly/wildfly-clustering-server-spi/29.0.0.Final/wildfly-clustering-server-spi-29.0.0.Final.pom
Adapter IT	UNKNOWN STEP	2026-01-23T09:06:17.5893828Z [INFO] Downloaded from central: https://repo.maven.apache.org/maven2/org/wildfly/wildfly-clustering-server-spi/29.0.0.Final/wildfly-clustering-server-spi-29.0.0.Final.pom (2.8 kB at 173 kB/s)
Adapter IT	UNKNOWN STEP	2026-01-23T09:06:17.5902806Z [INFO] Downloading from central: https://repo.maven.apache.org/maven2/org/wildfly/wildfly-clustering-server/29.0.0.Final/wildfly-clustering-server-29.0.0.Final.pom
Adapter IT	UNKNOWN STEP	2026-01-23T09:06:17.6079057Z [INFO] Downloaded from central: https://repo.maven.apache.org/maven2/org/wildfly/wildfly-clustering-server/29.0.0.Final/wildfly-clustering-server-29.0.0.Final.pom (2.1 kB at 126 kB/s)
Adapter IT	UNKNOWN STEP	2026-01-23T09:06:17.6136507Z [INFO] Downloading from central: https://repo.maven.apache.org/maven2/org/wildfly/wildfly-clustering-server-spi/29.0.0.Final/wildfly-clustering-server-spi-29.0.0.Final.jar
Adapter IT	UNKNOWN STEP	2026-01-23T09:06:17.6291211Z [INFO] Downloaded from central: https://repo.maven.apache.org/maven2/org/wildfly/wildfly-clustering-server-spi/29.0.0.Final/wildfly-clustering-server-spi-29.0.0.Final.jar (5.0 kB at 336 kB/s)
Adapter IT	UNKNOWN STEP	2026-01-23T09:06:17.6301058Z [INFO] Downloading from central: https://repo.maven.apache.org/maven2/org/apache/cxf/cxf-rt-frontend-jaxws/4.0.0/cxf-rt-frontend-jaxws-4.0.0.pom
Adapter IT	UNKNOWN STEP	2026-01-23T09:06:17.6474158Z [INFO] Downloaded from central: https://repo.maven.apache.org/maven2/org/apache/cxf/cxf-rt-frontend-jaxws/4.0.0/cxf-rt-frontend-jaxws-4.0.0.pom (6.8 kB at 380 kB/s)
Adapter IT	UNKNOWN STEP	2026-01-23T09:06:17.6484699Z [INFO] Downloading from central: https://repo.maven.apache.org/maven2/org/apache/cxf/cxf-parent/4.0.0/cxf-parent-4.0.0.pom
Adapter IT	UNKNOWN STEP	2026-01-23T09:06:17.6718421Z [INFO] Downloaded from central: https://repo.maven.apache.org/maven2/org/apache/cxf/cxf-parent/4.0.0/cxf-parent-4.0.0.pom (104 kB at 4.5 MB/s)
Adapter IT	UNKNOWN STEP	2026-01-23T09:06:17.6738969Z [INFO] Downloading from central: https://repo.maven.apache.org/maven2/org/apache/cxf/cxf/4.0.0/cxf-4.0.0.pom
Adapter IT	UNKNOWN STEP	2026-01-23T09:06:17.6923073Z [INFO] Downloaded from central: https://repo.maven.apache.org/maven2/org/apache/cxf/cxf/4.0.0/cxf-4.0.0.pom (40 kB at 2.1 MB/s)
Adapter IT	UNKNOWN STEP	2026-01-23T09:06:17.6948284Z [INFO] Downloading from central: https://repo.maven.apache.org/maven2/org/apache/cxf/cxf-bom/4.0.0/cxf-bom-4.0.0.pom
Adapter IT	UNKNOWN STEP	2026-01-23T09:06:17.7135620Z [INFO] Downloaded from central: https://repo.maven.apache.org/maven2/org/apache/cxf/cxf-bom/4.0.0/cxf-bom-4.0.0.pom (26 kB at 1.4 MB/s)
Adapter IT	UNKNOWN STEP	2026-01-23T09:06:17.7164017Z [INFO] Downloading from central: https://repo.maven.apache.org/maven2/org/apache/cxf/cxf-rt-frontend-jaxws/4.0.0/cxf-rt-frontend-jaxws-4.0.0.jar
Adapter IT	UNKNOWN STEP	2026-01-23T09:06:17.7353115Z [INFO] Downloaded from central: https://repo.maven.apache.org/maven2/org/apache/cxf/cxf-rt-frontend-jaxws/4.0.0/cxf-rt-frontend-jaxws-4.0.0.jar (371 kB at 20 MB/s)
Adapter IT	UNKNOWN STEP	2026-01-23T09:06:17.7362852Z [INFO] Downloading from central: https://repo.maven.apache.org/maven2/org/wildfly/wildfly-clustering-server-infinispan/29.0.0.Final/wildfly-clustering-server-infinispan-29.0.0.Final.pom
Adapter IT	UNKNOWN STEP	2026-01-23T09:06:17.7533027Z [INFO] Downloaded from central: https://repo.maven.apache.org/maven2/org/wildfly/wildfly-clustering-server-infinispan/29.0.0.Final/wildfly-clustering-server-infinispan-29.0.0.Final.pom (8.4 kB at 496 kB/s)
Adapter IT	UNKNOWN STEP	2026-01-23T09:06:17.7593358Z [INFO] Downloading from central: https://repo.maven.apache.org/maven2/org/wildfly/wildfly-clustering-server-infinispan/29.0.0.Final/wildfly-clustering-server-infinispan-29.0.0.Final.jar
Adapter IT	UNKNOWN STEP	2026-01-23T09:06:17.7742624Z [INFO] Downloaded from central: https://repo.maven.apache.org/maven2/org/wildfly/wildfly-clustering-server-infinispan/29.0.0.Final/wildfly-clustering-server-infinispan-29.0.0.Final.jar (116 kB at 8.3 MB/s)
Adapter IT	UNKNOWN STEP	2026-01-23T09:06:17.7752246Z [INFO] Downloading from central: https://repo.maven.apache.org/maven2/org/jboss/ironjacamar/ironjacamar-common-impl/3.0.3.Final/ironjacamar-common-impl-3.0.3.Final.pom
Adapter IT	UNKNOWN STEP	2026-01-23T09:06:17.7962020Z [INFO] Downloaded from central: https://repo.maven.apache.org/maven2/org/jboss/ironjacamar/ironjacamar-common-impl/3.0.3.Final/ironjacamar-common-impl-3.0.3.Final.pom (3.8 kB at 224 kB/s)
Adapter IT	UNKNOWN STEP	2026-01-23T09:06:17.7965663Z [INFO] Downloading from central: https://repo.maven.apache.org/maven2/org/jboss/ironjacamar/ironjacamar-common-parent/3.0.3.Final/ironjacamar-common-parent-3.0.3.Final.pom
Adapter IT	UNKNOWN STEP	2026-01-23T09:06:17.8108722Z [INFO] Downloaded from central: https://repo.maven.apache.org/maven2/org/jboss/ironjacamar/ironjacamar-common-parent/3.0.3.Final/ironjacamar-common-parent-3.0.3.Final.pom (1.9 kB at 109 kB/s)
Adapter IT	UNKNOWN STEP	2026-01-23T09:06:17.8128749Z [INFO] Downloading from central: https://repo.maven.apache.org/maven2/org/jboss/ironjacamar/ironjacamar-parent/3.0.3.Final/ironjacamar-parent-3.0.3.Final.pom
Adapter IT	UNKNOWN STEP	2026-01-23T09:06:17.8292685Z [INFO] Downloaded from central: https://repo.maven.apache.org/maven2/org/jboss/ironjacamar/ironjacamar-parent/3.0.3.Final/ironjacamar-parent-3.0.3.Final.pom (29 kB at 1.8 MB/s)
Adapter IT	UNKNOWN STEP	2026-01-23T09:06:17.8313607Z [INFO] Downloading from central: https://repo.maven.apache.org/maven2/org/jboss/ironjacamar/ironjacamar-common-impl/3.0.3.Final/ironjacamar-common-impl-3.0.3.Final.jar
Adapter IT	UNKNOWN STEP	2026-01-23T09:06:17.8520095Z [INFO] Downloaded from central: https://repo.maven.apache.org/maven2/org/jboss/ironjacamar/ironjacamar-common-impl/3.0.3.Final/ironjacamar-common-impl-3.0.3.Final.jar (262 kB at 13 MB/s)
Adapter IT	UNKNOWN STEP	2026-01-23T09:06:17.8530692Z [INFO] Downloading from central: https://repo.maven.apache.org/maven2/org/wildfly/wildfly-clustering-web-undertow/29.0.0.Final/wildfly-clustering-web-undertow-29.0.0.Final.pom
Adapter IT	UNKNOWN STEP	2026-01-23T09:06:17.8701506Z [INFO] Downloaded from central: https://repo.maven.apache.org/maven2/org/wildfly/wildfly-clustering-web-undertow/29.0.0.Final/wildfly-clustering-web-undertow-29.0.0.Final.pom (7.7 kB at 452 kB/s)
Adapter IT	UNKNOWN STEP	2026-01-23T09:06:17.8743881Z [INFO] Downloading from central: https://repo.maven.apache.org/maven2/org/wildfly/wildfly-clustering-web-undertow/29.0.0.Final/wildfly-clustering-web-undertow-29.0.0.Final.jar
Adapter IT	UNKNOWN STEP	2026-01-23T09:06:17.8898121Z [INFO] Downloaded from central: https://repo.maven.apache.org/maven2/org/wildfly/wildfly-clustering-web-undertow/29.0.0.Final/wildfly-clustering-web-undertow-29.0.0.Final.jar (92 kB at 6.1 MB/s)
Adapter IT	UNKNOWN STEP	2026-01-23T09:06:17.8908993Z [INFO] Downloading from central: https://repo.maven.apache.org/maven2/org/jboss/narayana/jbosstxbridge/6.0.1.Final/jbosstxbridge-6.0.1.Final.pom
Adapter IT	UNKNOWN STEP	2026-01-23T09:06:17.9089341Z [INFO] Downloaded from central: https://repo.maven.apache.org/maven2/org/jboss/narayana/jbosstxbridge/6.0.1.Final/jbosstxbridge-6.0.1.Final.pom (24 kB at 1.3 MB/s)
Adapter IT	UNKNOWN STEP	2026-01-23T09:06:17.9103450Z [INFO] Downloading from central: https://repo.maven.apache.org/maven2/org/jboss/narayana/narayana-all/6.0.1.Final/narayana-all-6.0.1.Final.pom
Adapter IT	UNKNOWN STEP	2026-01-23T09:06:17.9304490Z [INFO] Downloaded from central: https://repo.maven.apache.org/maven2/org/jboss/narayana/narayana-all/6.0.1.Final/narayana-all-6.0.1.Final.pom (37 kB at 1.8 MB/s)
Adapter IT	UNKNOWN STEP	2026-01-23T09:06:17.9331069Z [INFO] Downloading from central: https://repo.maven.apache.org/maven2/org/jboss/narayana/narayana-bom/6.0.1.Final/narayana-bom-6.0.1.Final.pom
Adapter IT	UNKNOWN STEP	2026-01-23T09:06:17.9502284Z [INFO] Downloaded from central: https://repo.maven.apache.org/maven2/org/jboss/narayana/narayana-bom/6.0.1.Final/narayana-bom-6.0.1.Final.pom (35 kB at 1.9 MB/s)
Adapter IT	UNKNOWN STEP	2026-01-23T09:06:17.9530630Z [INFO] Downloading from central: https://repo.maven.apache.org/maven2/org/jboss/narayana/jbosstxbridge/6.0.1.Final/jbosstxbridge-6.0.1.Final.jar
Adapter IT	UNKNOWN STEP	2026-01-23T09:06:17.9692503Z [INFO] Downloaded from central: https://repo.maven.apache.org/maven2/org/jboss/narayana/jbosstxbridge/6.0.1.Final/jbosstxbridge-6.0.1.Final.jar (46 kB at 2.7 MB/s)
Adapter IT	UNKNOWN STEP	2026-01-23T09:06:17.9701590Z [INFO] Downloading from central: https://repo.maven.apache.org/maven2/org/wildfly/security/wildfly-elytron-sasl-entity/2.2.1.Final/wildfly-elytron-sasl-entity-2.2.1.Final.pom
Adapter IT	UNKNOWN STEP	2026-01-23T09:06:17.9932833Z [INFO] Downloaded from central: https://repo.maven.apache.org/maven2/org/wildfly/security/wildfly-elytron-sasl-entity/2.2.1.Final/wildfly-elytron-sasl-entity-2.2.1.Final.pom (2.8 kB at 121 kB/s)
Adapter IT	UNKNOWN STEP	2026-01-23T09:06:17.9962953Z [INFO] Downloading from central: https://repo.maven.apache.org/maven2/org/wildfly/security/wildfly-elytron-sasl-entity/2.2.1.Final/wildfly-elytron-sasl-entity-2.2.1.Final.jar
Adapter IT	UNKNOWN STEP	2026-01-23T09:06:18.0138448Z [INFO] Downloaded from central: https://repo.maven.apache.org/maven2/org/wildfly/security/wildfly-elytron-sasl-entity/2.2.1.Final/wildfly-elytron-sasl-entity-2.2.1.Final.jar (26 kB at 1.5 MB/s)
Adapter IT	UNKNOWN STEP	2026-01-23T09:06:18.0147400Z [INFO] Downloading from central: https://repo.maven.apache.org/maven2/org/hornetq/hornetq-jakarta-client/2.4.9.Final/hornetq-jakarta-client-2.4.9.Final.pom
Adapter IT	UNKNOWN STEP	2026-01-23T09:06:18.0326093Z [INFO] Downloaded from central: https://repo.maven.apache.org/maven2/org/hornetq/hornetq-jakarta-client/2.4.9.Final/hornetq-jakarta-client-2.4.9.Final.pom (3.8 kB at 212 kB/s)
Adapter IT	UNKNOWN STEP	2026-01-23T09:06:18.0335342Z [INFO] Downloading from central: https://repo.maven.apache.org/maven2/org/hornetq/hornetq-pom/2.4.9.Final/hornetq-pom-2.4.9.Final.pom
Adapter IT	UNKNOWN STEP	2026-01-23T09:06:18.0507342Z [INFO] Downloaded from central: https://repo.maven.apache.org/maven2/org/hornetq/hornetq-pom/2.4.9.Final/hornetq-pom-2.4.9.Final.pom (40 kB at 2.4 MB/s)
Adapter IT	UNKNOWN STEP	2026-01-23T09:06:18.0521938Z [INFO] Downloading from central: https://repo.maven.apache.org/maven2/org/hornetq/hornetq-jakarta-client/2.4.9.Final/hornetq-jakarta-client-2.4.9.Final.jar
Adapter IT	UNKNOWN STEP	2026-01-23T09:06:18.0688801Z [INFO] Downloaded from central: https://repo.maven.apache.org/maven2/org/hornetq/hornetq-jakarta-client/2.4.9.Final/hornetq-jakarta-client-2.4.9.Final.jar (140 kB at 8.2 MB/s)
Adapter IT	UNKNOWN STEP	2026-01-23T09:06:18.0696571Z [INFO] Downloading from central: https://repo.maven.apache.org/maven2/org/jboss/weld/module/weld-jta/5.1.1.SP1/weld-jta-5.1.1.SP1.pom
Adapter IT	UNKNOWN STEP	2026-01-23T09:06:18.0879252Z [INFO] Downloaded from central: https://repo.maven.apache.org/maven2/org/jboss/weld/module/weld-jta/5.1.1.SP1/weld-jta-5.1.1.SP1.pom (3.0 kB at 165 kB/s)
Adapter IT	UNKNOWN STEP	2026-01-23T09:06:18.0903344Z [INFO] Downloading from central: https://repo.maven.apache.org/maven2/org/jboss/weld/module/weld-jta/5.1.1.SP1/weld-jta-5.1.1.SP1.jar
Adapter IT	UNKNOWN STEP	2026-01-23T09:06:18.1057774Z [INFO] Downloaded from central: https://repo.maven.apache.org/maven2/org/jboss/weld/module/weld-jta/5.1.1.SP1/weld-jta-5.1.1.SP1.jar (22 kB at 1.5 MB/s)
Adapter IT	UNKNOWN STEP	2026-01-23T09:06:18.1065834Z [INFO] Downloading from central: https://repo.maven.apache.org/maven2/org/ow2/asm/asm/9.5/asm-9.5.pom
Adapter IT	UNKNOWN STEP	2026-01-23T09:06:18.1243344Z [INFO] Downloaded from central: https://repo.maven.apache.org/maven2/org/ow2/asm/asm/9.5/asm-9.5.pom (2.4 kB at 132 kB/s)
Adapter IT	UNKNOWN STEP	2026-01-23T09:06:18.1256638Z [INFO] Downloading from central: https://repo.maven.apache.org/maven2/org/ow2/asm/asm/9.5/asm-9.5.jar
Adapter IT	UNKNOWN STEP	2026-01-23T09:06:18.1420551Z [INFO] Downloaded from central: https://repo.maven.apache.org/maven2/org/ow2/asm/asm/9.5/asm-9.5.jar (122 kB at 7.6 MB/s)
Adapter IT	UNKNOWN STEP	2026-01-23T09:06:18.1429087Z [INFO] Downloading from central: https://repo.maven.apache.org/maven2/jakarta/json/jakarta.json-api/2.1.2/jakarta.json-api-2.1.2.pom
Adapter IT	UNKNOWN STEP	2026-01-23T09:06:18.1623984Z [INFO] Downloaded from central: https://repo.maven.apache.org/maven2/jakarta/json/jakarta.json-api/2.1.2/jakarta.json-api-2.1.2.pom (18 kB at 898 kB/s)
Adapter IT	UNKNOWN STEP	2026-01-23T09:06:18.1640280Z [INFO] Downloading from central: https://repo.maven.apache.org/maven2/jakarta/json/jakarta.json-api/2.1.2/jakarta.json-api-2.1.2.jar
Adapter IT	UNKNOWN STEP	2026-01-23T09:06:18.1782473Z [INFO] Downloaded from central: https://repo.maven.apache.org/maven2/jakarta/json/jakarta.json-api/2.1.2/jakarta.json-api-2.1.2.jar (49 kB at 3.3 MB/s)
Adapter IT	UNKNOWN STEP	2026-01-23T09:06:18.1791990Z [INFO] Downloading from central: https://repo.maven.apache.org/maven2/org/infinispan/infinispan-remote-query-client/14.0.12.Final/infinispan-remote-query-client-14.0.12.Final.pom
Adapter IT	UNKNOWN STEP	2026-01-23T09:06:18.1954543Z [INFO] Downloaded from central: https://repo.maven.apache.org/maven2/org/infinispan/infinispan-remote-query-client/14.0.12.Final/infinispan-remote-query-client-14.0.12.Final.pom (2.7 kB at 158 kB/s)
Adapter IT	UNKNOWN STEP	2026-01-23T09:06:18.1963919Z [INFO] Downloading from central: https://repo.maven.apache.org/maven2/org/infinispan/infinispan-parent/14.0.12.Final/infinispan-parent-14.0.12.Final.pom
Adapter IT	UNKNOWN STEP	2026-01-23T09:06:18.2171588Z [INFO] Downloaded from central: https://repo.maven.apache.org/maven2/org/infinispan/infinispan-parent/14.0.12.Final/infinispan-parent-14.0.12.Final.pom (162 kB at 8.1 MB/s)
Adapter IT	UNKNOWN STEP	2026-01-23T09:06:18.2191595Z [INFO] Downloading from central: https://repo.maven.apache.org/maven2/org/infinispan/infinispan-build-configuration-parent/14.0.12.Final/infinispan-build-configuration-parent-14.0.12.Final.pom
Adapter IT	UNKNOWN STEP	2026-01-23T09:06:18.2378551Z [INFO] Downloaded from central: https://repo.maven.apache.org/maven2/org/infinispan/infinispan-build-configuration-parent/14.0.12.Final/infinispan-build-configuration-parent-14.0.12.Final.pom (24 kB at 1.2 MB/s)
Adapter IT	UNKNOWN STEP	2026-01-23T09:06:18.2405634Z [INFO] Downloading from central: https://repo.maven.apache.org/maven2/org/infinispan/infinispan-bom/14.0.12.Final/infinispan-bom-14.0.12.Final.pom
Adapter IT	UNKNOWN STEP	2026-01-23T09:06:18.2563312Z [INFO] Downloaded from central: https://repo.maven.apache.org/maven2/org/infinispan/infinispan-bom/14.0.12.Final/infinispan-bom-14.0.12.Final.pom (24 kB at 1.5 MB/s)
Adapter IT	UNKNOWN STEP	2026-01-23T09:06:18.2594162Z [INFO] Downloading from central: https://repo.maven.apache.org/maven2/org/infinispan/infinispan-remote-query-client/14.0.12.Final/infinispan-remote-query-client-14.0.12.Final.jar
Adapter IT	UNKNOWN STEP	2026-01-23T09:06:18.2769344Z [INFO] Downloaded from central: https://repo.maven.apache.org/maven2/org/infinispan/infinispan-remote-query-client/14.0.12.Final/infinispan-remote-query-client-14.0.12.Final.jar (35 kB at 2.0 MB/s)
Adapter IT	UNKNOWN STEP	2026-01-23T09:06:18.2798107Z [INFO] Downloading from central: https://repo.maven.apache.org/maven2/com/google/guava/guava/32.1.1-jre/guava-32.1.1-jre.pom
Adapter IT	UNKNOWN STEP	2026-01-23T09:06:18.2972807Z [INFO] Downloaded from central: https://repo.maven.apache.org/maven2/com/google/guava/guava/32.1.1-jre/guava-32.1.1-jre.pom (13 kB at 711 kB/s)
Adapter IT	UNKNOWN STEP	2026-01-23T09:06:18.2987990Z [INFO] Downloading from central: https://repo.maven.apache.org/maven2/com/google/guava/guava-parent/32.1.1-jre/guava-parent-32.1.1-jre.pom
Adapter IT	UNKNOWN STEP	2026-01-23T09:06:18.3184082Z [INFO] Downloaded from central: https://repo.maven.apache.org/maven2/com/google/guava/guava-parent/32.1.1-jre/guava-parent-32.1.1-jre.pom (22 kB at 1.1 MB/s)
Adapter IT	UNKNOWN STEP	2026-01-23T09:06:18.3203596Z [INFO] Downloading from central: https://repo.maven.apache.org/maven2/com/google/guava/guava/32.1.1-jre/guava-32.1.1-jre.jar
Adapter IT	UNKNOWN STEP	2026-01-23T09:06:18.3507861Z [INFO] Downloaded from central: https://repo.maven.apache.org/maven2/com/google/guava/guava/32.1.1-jre/guava-32.1.1-jre.jar (3.0 MB at 101 MB/s)
Adapter IT	UNKNOWN STEP	2026-01-23T09:06:18.3520322Z [INFO] Downloading from central: https://repo.maven.apache.org/maven2/org/bitbucket/b_c/jose4j/0.9.3/jose4j-0.9.3.pom
Adapter IT	UNKNOWN STEP	2026-01-23T09:06:18.3692682Z [INFO] Downloaded from central: https://repo.maven.apache.org/maven2/org/bitbucket/b_c/jose4j/0.9.3/jose4j-0.9.3.pom (8.9 kB at 492 kB/s)
Adapter IT	UNKNOWN STEP	2026-01-23T09:06:18.3708315Z [INFO] Downloading from central: https://repo.maven.apache.org/maven2/org/bitbucket/b_c/jose4j/0.9.3/jose4j-0.9.3.jar
Adapter IT	UNKNOWN STEP	2026-01-23T09:06:18.3873573Z [INFO] Downloaded from central: https://repo.maven.apache.org/maven2/org/bitbucket/b_c/jose4j/0.9.3/jose4j-0.9.3.jar (298 kB at 18 MB/s)
Adapter IT	UNKNOWN STEP	2026-01-23T09:06:18.3884090Z [INFO] Downloading from central: https://repo.maven.apache.org/maven2/org/wildfly/openssl/wildfly-openssl-linux-x86_64/2.2.2.SP01/wildfly-openssl-linux-x86_64-2.2.2.SP01.pom
Adapter IT	UNKNOWN STEP	2026-01-23T09:06:18.4065260Z [INFO] Downloaded from central: https://repo.maven.apache.org/maven2/org/wildfly/openssl/wildfly-openssl-linux-x86_64/2.2.2.SP01/wildfly-openssl-linux-x86_64-2.2.2.SP01.pom (3.0 kB at 169 kB/s)
Adapter IT	UNKNOWN STEP	2026-01-23T09:06:18.4077408Z [INFO] Downloading from central: https://repo.maven.apache.org/maven2/org/wildfly/openssl/wildfly-openssl-natives-parent/2.2.2.SP01/wildfly-openssl-natives-parent-2.2.2.SP01.pom
Adapter IT	UNKNOWN STEP	2026-01-23T09:06:18.4248882Z [INFO] Downloaded from central: https://repo.maven.apache.org/maven2/org/wildfly/openssl/wildfly-openssl-natives-parent/2.2.2.SP01/wildfly-openssl-natives-parent-2.2.2.SP01.pom (8.0 kB at 469 kB/s)
Adapter IT	UNKNOWN STEP	2026-01-23T09:06:18.4318380Z [INFO] Downloading from central: https://repo.maven.apache.org/maven2/org/wildfly/openssl/wildfly-openssl-linux-x86_64/2.2.2.SP01/wildfly-openssl-linux-x86_64-2.2.2.SP01.jar
Adapter IT	UNKNOWN STEP	2026-01-23T09:06:18.4477213Z [INFO] Downloaded from central: https://repo.maven.apache.org/maven2/org/wildfly/openssl/wildfly-openssl-linux-x86_64/2.2.2.SP01/wildfly-openssl-linux-x86_64-2.2.2.SP01.jar (29 kB at 1.8 MB/s)
Adapter IT	UNKNOWN STEP	2026-01-23T09:06:18.4489004Z [INFO] Downloading from central: https://repo.maven.apache.org/maven2/org/wildfly/wildfly-clustering-infinispan-client-api/29.0.0.Final/wildfly-clustering-infinispan-client-api-29.0.0.Final.pom
Adapter IT	UNKNOWN STEP	2026-01-23T09:06:18.4635387Z [INFO] Downloaded from central: https://repo.maven.apache.org/maven2/org/wildfly/wildfly-clustering-infinispan-client-api/29.0.0.Final/wildfly-clustering-infinispan-client-api-29.0.0.Final.pom (2.6 kB at 173 kB/s)
Adapter IT	UNKNOWN STEP	2026-01-23T09:06:18.4646293Z [INFO] Downloading from central: https://repo.maven.apache.org/maven2/org/wildfly/wildfly-clustering-infinispan-client/29.0.0.Final/wildfly-clustering-infinispan-client-29.0.0.Final.pom
Adapter IT	UNKNOWN STEP	2026-01-23T09:06:18.4814750Z [INFO] Downloaded from central: https://repo.maven.apache.org/maven2/org/wildfly/wildfly-clustering-infinispan-client/29.0.0.Final/wildfly-clustering-infinispan-client-29.0.0.Final.pom (2.1 kB at 123 kB/s)
Adapter IT	UNKNOWN STEP	2026-01-23T09:06:18.4823986Z [INFO] Downloading from central: https://repo.maven.apache.org/maven2/org/wildfly/wildfly-clustering-infinispan/29.0.0.Final/wildfly-clustering-infinispan-29.0.0.Final.pom
Adapter IT	UNKNOWN STEP	2026-01-23T09:06:18.4970842Z [INFO] Downloaded from central: https://repo.maven.apache.org/maven2/org/wildfly/wildfly-clustering-infinispan/29.0.0.Final/wildfly-clustering-infinispan-29.0.0.Final.pom (2.1 kB at 151 kB/s)
Adapter IT	UNKNOWN STEP	2026-01-23T09:06:18.5020625Z [INFO] Downloading from central: https://repo.maven.apache.org/maven2/org/wildfly/wildfly-clustering-infinispan-client-api/29.0.0.Final/wildfly-clustering-infinispan-client-api-29.0.0.Final.jar
Adapter IT	UNKNOWN STEP	2026-01-23T09:06:18.5164555Z [INFO] Downloaded from central: https://repo.maven.apache.org/maven2/org/wildfly/wildfly-clustering-infinispan-client-api/29.0.0.Final/wildfly-clustering-infinispan-client-api-29.0.0.Final.jar (4.7 kB at 310 kB/s)
Adapter IT	UNKNOWN STEP	2026-01-23T09:06:18.5173512Z [INFO] Downloading from central: https://repo.maven.apache.org/maven2/org/wildfly/wildfly-jaxrs/29.0.0.Final/wildfly-jaxrs-29.0.0.Final.pom
Adapter IT	UNKNOWN STEP	2026-01-23T09:06:18.5341881Z [INFO] Downloaded from central: https://repo.maven.apache.org/maven2/org/wildfly/wildfly-jaxrs/29.0.0.Final/wildfly-jaxrs-29.0.0.Final.pom (7.4 kB at 460 kB/s)
Adapter IT	UNKNOWN STEP	2026-01-23T09:06:18.5372289Z [INFO] Downloading from central: https://repo.maven.apache.org/maven2/org/wildfly/wildfly-jaxrs/29.0.0.Final/wildfly-jaxrs-29.0.0.Final.jar
Adapter IT	UNKNOWN STEP	2026-01-23T09:06:18.5526365Z [INFO] Downloaded from central: https://repo.maven.apache.org/maven2/org/wildfly/wildfly-jaxrs/29.0.0.Final/wildfly-jaxrs-29.0.0.Final.jar (145 kB at 9.6 MB/s)
Adapter IT	UNKNOWN STEP	2026-01-23T09:06:18.5539924Z [INFO] Downloading from central: https://repo.maven.apache.org/maven2/org/infinispan/infinispan-core-jakarta/14.0.12.Final/infinispan-core-jakarta-14.0.12.Final.pom
Adapter IT	UNKNOWN STEP	2026-01-23T09:06:18.5714483Z [INFO] Downloaded from central: https://repo.maven.apache.org/maven2/org/infinispan/infinispan-core-jakarta/14.0.12.Final/infinispan-core-jakarta-14.0.12.Final.pom (4.0 kB at 224 kB/s)
Adapter IT	UNKNOWN STEP	2026-01-23T09:06:18.5760883Z [INFO] Downloading from central: https://repo.maven.apache.org/maven2/org/infinispan/infinispan-core-jakarta/14.0.12.Final/infinispan-core-jakarta-14.0.12.Final.jar
Adapter IT	UNKNOWN STEP	2026-01-23T09:06:18.6178969Z [INFO] Downloaded from central: https://repo.maven.apache.org/maven2/org/infinispan/infinispan-core-jakarta/14.0.12.Final/infinispan-core-jakarta-14.0.12.Final.jar (5.5 MB at 132 MB/s)
Adapter IT	UNKNOWN STEP	2026-01-23T09:06:18.6204938Z [INFO] Downloading from central: https://repo.maven.apache.org/maven2/commons-cli/commons-cli/1.4/commons-cli-1.4.pom
Adapter IT	UNKNOWN STEP	2026-01-23T09:06:18.6374022Z [INFO] Downloaded from central: https://repo.maven.apache.org/maven2/commons-cli/commons-cli/1.4/commons-cli-1.4.pom (11 kB at 630 kB/s)
Adapter IT	UNKNOWN STEP	2026-01-23T09:06:18.6398434Z [INFO] Downloading from central: https://repo.maven.apache.org/maven2/commons-cli/commons-cli/1.4/commons-cli-1.4.jar
Adapter IT	UNKNOWN STEP	2026-01-23T09:06:18.6531595Z [INFO] Downloaded from central: https://repo.maven.apache.org/maven2/commons-cli/commons-cli/1.4/commons-cli-1.4.jar (54 kB at 4.1 MB/s)
Adapter IT	UNKNOWN STEP	2026-01-23T09:06:18.6542294Z [INFO] Downloading from central: https://repo.maven.apache.org/maven2/org/wildfly/security/wildfly-elytron-base/2.2.1.Final/wildfly-elytron-base-2.2.1.Final.pom
Adapter IT	UNKNOWN STEP	2026-01-23T09:06:18.6740208Z [INFO] Downloaded from central: https://repo.maven.apache.org/maven2/org/wildfly/security/wildfly-elytron-base/2.2.1.Final/wildfly-elytron-base-2.2.1.Final.pom (2.4 kB at 119 kB/s)
Adapter IT	UNKNOWN STEP	2026-01-23T09:06:18.6766333Z [INFO] Downloading from central: https://repo.maven.apache.org/maven2/org/wildfly/security/wildfly-elytron-base/2.2.1.Final/wildfly-elytron-base-2.2.1.Final.jar
Adapter IT	UNKNOWN STEP	2026-01-23T09:06:18.6919780Z [INFO] Downloaded from central: https://repo.maven.apache.org/maven2/org/wildfly/security/wildfly-elytron-base/2.2.1.Final/wildfly-elytron-base-2.2.1.Final.jar (32 kB at 2.1 MB/s)
Adapter IT	UNKNOWN STEP	2026-01-23T09:06:18.6930777Z [INFO] Downloading from central: https://repo.maven.apache.org/maven2/software/amazon/awssdk/s3/2.20.77/s3-2.20.77.pom
Adapter IT	UNKNOWN STEP	2026-01-23T09:06:18.7073330Z [INFO] Downloaded from central: https://repo.maven.apache.org/maven2/software/amazon/awssdk/s3/2.20.77/s3-2.20.77.pom (6.1 kB at 406 kB/s)
Adapter IT	UNKNOWN STEP	2026-01-23T09:06:18.7089121Z [INFO] Downloading from central: https://repo.maven.apache.org/maven2/software/amazon/awssdk/services/2.20.77/services-2.20.77.pom
Adapter IT	UNKNOWN STEP	2026-01-23T09:06:18.7268246Z [INFO] Downloaded from central: https://repo.maven.apache.org/maven2/software/amazon/awssdk/services/2.20.77/services-2.20.77.pom (21 kB at 1.2 MB/s)
Adapter IT	UNKNOWN STEP	2026-01-23T09:06:18.7288793Z [INFO] Downloading from central: https://repo.maven.apache.org/maven2/software/amazon/awssdk/s3/2.20.77/s3-2.20.77.jar
Adapter IT	UNKNOWN STEP	2026-01-23T09:06:18.7606557Z [INFO] Downloaded from central: https://repo.maven.apache.org/maven2/software/amazon/awssdk/s3/2.20.77/s3-2.20.77.jar (3.3 MB at 103 MB/s)
Adapter IT	UNKNOWN STEP	2026-01-23T09:06:18.7619733Z [INFO] Downloading from central: https://repo.maven.apache.org/maven2/software/amazon/awssdk/protocol-core/2.20.77/protocol-core-2.20.77.pom
Adapter IT	UNKNOWN STEP	2026-01-23T09:06:18.7788480Z [INFO] Downloaded from central: https://repo.maven.apache.org/maven2/software/amazon/awssdk/protocol-core/2.20.77/protocol-core-2.20.77.pom (3.2 kB at 190 kB/s)
Adapter IT	UNKNOWN STEP	2026-01-23T09:06:18.7797092Z [INFO] Downloading from central: https://repo.maven.apache.org/maven2/software/amazon/awssdk/protocols/2.20.77/protocols-2.20.77.pom
Adapter IT	UNKNOWN STEP	2026-01-23T09:06:18.7954977Z [INFO] Downloaded from central: https://repo.maven.apache.org/maven2/software/amazon/awssdk/protocols/2.20.77/protocols-2.20.77.pom (1.6 kB at 97 kB/s)
Adapter IT	UNKNOWN STEP	2026-01-23T09:06:18.7962891Z [INFO] Downloading from central: https://repo.maven.apache.org/maven2/software/amazon/awssdk/core/2.20.77/core-2.20.77.pom
Adapter IT	UNKNOWN STEP	2026-01-23T09:06:18.8143947Z [INFO] Downloaded from central: https://repo.maven.apache.org/maven2/software/amazon/awssdk/core/2.20.77/core-2.20.77.pom (2.2 kB at 124 kB/s)
Adapter IT	UNKNOWN STEP	2026-01-23T09:06:18.8158729Z [INFO] Downloading from central: https://repo.maven.apache.org/maven2/software/amazon/awssdk/protocol-core/2.20.77/protocol-core-2.20.77.jar
Adapter IT	UNKNOWN STEP	2026-01-23T09:06:18.8295820Z [INFO] Downloaded from central: https://repo.maven.apache.org/maven2/software/amazon/awssdk/protocol-core/2.20.77/protocol-core-2.20.77.jar (35 kB at 2.5 MB/s)
Adapter IT	UNKNOWN STEP	2026-01-23T09:06:18.8304621Z [INFO] Downloading from central: https://repo.maven.apache.org/maven2/org/apache/lucene/lucene-facet/8.11.2/lucene-facet-8.11.2.pom
Adapter IT	UNKNOWN STEP	2026-01-23T09:06:18.8467395Z [INFO] Downloaded from central: https://repo.maven.apache.org/maven2/org/apache/lucene/lucene-facet/8.11.2/lucene-facet-8.11.2.pom (2.0 kB at 127 kB/s)
Adapter IT	UNKNOWN STEP	2026-01-23T09:06:18.8476429Z [INFO] Downloading from central: https://repo.maven.apache.org/maven2/org/apache/lucene/lucene-parent/8.11.2/lucene-parent-8.11.2.pom
Adapter IT	UNKNOWN STEP	2026-01-23T09:06:18.8657096Z [INFO] Downloaded from central: https://repo.maven.apache.org/maven2/org/apache/lucene/lucene-parent/8.11.2/lucene-parent-8.11.2.pom (2.5 kB at 137 kB/s)
Adapter IT	UNKNOWN STEP	2026-01-23T09:06:18.8665369Z [INFO] Downloading from central: https://repo.maven.apache.org/maven2/org/apache/lucene/lucene-solr-grandparent/8.11.2/lucene-solr-grandparent-8.11.2.pom
Adapter IT	UNKNOWN STEP	2026-01-23T09:06:18.8897276Z [INFO] Downloaded from central: https://repo.maven.apache.org/maven2/org/apache/lucene/lucene-solr-grandparent/8.11.2/lucene-solr-grandparent-8.11.2.pom (505 kB at 22 MB/s)
Adapter IT	UNKNOWN STEP	2026-01-23T09:06:18.8950370Z [INFO] Downloading from central: https://repo.maven.apache.org/maven2/org/apache/lucene/lucene-facet/8.11.2/lucene-facet-8.11.2.jar
Adapter IT	UNKNOWN STEP	2026-01-23T09:06:18.9107088Z [INFO] Downloaded from central: https://repo.maven.apache.org/maven2/org/apache/lucene/lucene-facet/8.11.2/lucene-facet-8.11.2.jar (235 kB at 15 MB/s)
Adapter IT	UNKNOWN STEP	2026-01-23T09:06:18.9118127Z [INFO] Downloading from central: https://repo.maven.apache.org/maven2/org/jboss/weld/module/weld-jsf/5.1.1.SP1/weld-jsf-5.1.1.SP1.pom
Adapter IT	UNKNOWN STEP	2026-01-23T09:06:18.9282480Z [INFO] Downloaded from central: https://repo.maven.apache.org/maven2/org/jboss/weld/module/weld-jsf/5.1.1.SP1/weld-jsf-5.1.1.SP1.pom (3.4 kB at 198 kB/s)
Adapter IT	UNKNOWN STEP	2026-01-23T09:06:18.9298888Z [INFO] Downloading from central: https://repo.maven.apache.org/maven2/org/jboss/weld/module/weld-jsf/5.1.1.SP1/weld-jsf-5.1.1.SP1.jar
Adapter IT	UNKNOWN STEP	2026-01-23T09:06:18.9459454Z [INFO] Downloaded from central: https://repo.maven.apache.org/maven2/org/jboss/weld/module/weld-jsf/5.1.1.SP1/weld-jsf-5.1.1.SP1.jar (18 kB at 1.1 MB/s)
Adapter IT	UNKNOWN STEP	2026-01-23T09:06:18.9467079Z [INFO] Downloading from central: https://repo.maven.apache.org/maven2/org/wildfly/wildfly-weld-jpa/29.0.0.Final/wildfly-weld-jpa-29.0.0.Final.pom
Adapter IT	UNKNOWN STEP	2026-01-23T09:06:18.9659731Z [INFO] Downloaded from central: https://repo.maven.apache.org/maven2/org/wildfly/wildfly-weld-jpa/29.0.0.Final/wildfly-weld-jpa-29.0.0.Final.pom (2.6 kB at 135 kB/s)
Adapter IT	UNKNOWN STEP	2026-01-23T09:06:18.9668347Z [INFO] Downloading from central: https://repo.maven.apache.org/maven2/org/wildfly/wildfly-weld-parent/29.0.0.Final/wildfly-weld-parent-29.0.0.Final.pom
Adapter IT	UNKNOWN STEP	2026-01-23T09:06:18.9937353Z [INFO] Downloaded from central: https://repo.maven.apache.org/maven2/org/wildfly/wildfly-weld-parent/29.0.0.Final/wildfly-weld-parent-29.0.0.Final.pom (2.6 kB at 95 kB/s)
Adapter IT	UNKNOWN STEP	2026-01-23T09:06:18.9968719Z [INFO] Downloading from central: https://repo.maven.apache.org/maven2/org/wildfly/wildfly-weld-jpa/29.0.0.Final/wildfly-weld-jpa-29.0.0.Final.jar
Adapter IT	UNKNOWN STEP	2026-01-23T09:06:19.0129070Z [INFO] Downloaded from central: https://repo.maven.apache.org/maven2/org/wildfly/wildfly-weld-jpa/29.0.0.Final/wildfly-weld-jpa-29.0.0.Final.jar (28 kB at 1.8 MB/s)
Adapter IT	UNKNOWN STEP	2026-01-23T09:06:19.0175346Z [INFO] Downloading from central: https://repo.maven.apache.org/maven2/org/bouncycastle/bcutil-jdk18on/1.75/bcutil-jdk18on-1.75.pom
Adapter IT	UNKNOWN STEP	2026-01-23T09:06:19.0327518Z [INFO] Downloaded from central: https://repo.maven.apache.org/maven2/org/bouncycastle/bcutil-jdk18on/1.75/bcutil-jdk18on-1.75.pom (1.3 kB at 88 kB/s)
Adapter IT	UNKNOWN STEP	2026-01-23T09:06:19.0341611Z [INFO] Downloading from central: https://repo.maven.apache.org/maven2/org/bouncycastle/bcutil-jdk18on/1.75/bcutil-jdk18on-1.75.jar
Adapter IT	UNKNOWN STEP	2026-01-23T09:06:19.0531246Z [INFO] Downloaded from central: https://repo.maven.apache.org/maven2/org/bouncycastle/bcutil-jdk18on/1.75/bcutil-jdk18on-1.75.jar (677 kB at 36 MB/s)
Adapter IT	UNKNOWN STEP	2026-01-23T09:06:19.0535631Z [INFO] Downloading from central: https://repo.maven.apache.org/maven2/org/wildfly/core/wildfly-core-management-subsystem/21.1.0.Final/wildfly-core-management-subsystem-21.1.0.Final.pom
Adapter IT	UNKNOWN STEP	2026-01-23T09:06:19.0704837Z [INFO] Downloaded from central: https://repo.maven.apache.org/maven2/org/wildfly/core/wildfly-core-management-subsystem/21.1.0.Final/wildfly-core-management-subsystem-21.1.0.Final.pom (4.2 kB at 247 kB/s)
Adapter IT	UNKNOWN STEP	2026-01-23T09:06:19.0742087Z [INFO] Downloading from central: https://repo.maven.apache.org/maven2/org/wildfly/core/wildfly-core-management-subsystem/21.1.0.Final/wildfly-core-management-subsystem-21.1.0.Final.jar
Adapter IT	UNKNOWN STEP	2026-01-23T09:06:19.0870459Z [INFO] Downloaded from central: https://repo.maven.apache.org/maven2/org/wildfly/core/wildfly-core-management-subsystem/21.1.0.Final/wildfly-core-management-subsystem-21.1.0.Final.jar (38 kB at 3.0 MB/s)
Adapter IT	UNKNOWN STEP	2026-01-23T09:06:19.0882955Z [INFO] Downloading from central: https://repo.maven.apache.org/maven2/org/wildfly/security/wildfly-elytron-sasl-gssapi/2.2.1.Final/wildfly-elytron-sasl-gssapi-2.2.1.Final.pom
Adapter IT	UNKNOWN STEP	2026-01-23T09:06:19.1048364Z [INFO] Downloaded from central: https://repo.maven.apache.org/maven2/org/wildfly/security/wildfly-elytron-sasl-gssapi/2.2.1.Final/wildfly-elytron-sasl-gssapi-2.2.1.Final.pom (3.4 kB at 212 kB/s)
Adapter IT	UNKNOWN STEP	2026-01-23T09:06:19.1067255Z [INFO] Downloading from central: https://repo.maven.apache.org/maven2/org/wildfly/security/wildfly-elytron-sasl-gssapi/2.2.1.Final/wildfly-elytron-sasl-gssapi-2.2.1.Final.jar
Adapter IT	UNKNOWN STEP	2026-01-23T09:06:19.1233330Z [INFO] Downloaded from central: https://repo.maven.apache.org/maven2/org/wildfly/security/wildfly-elytron-sasl-gssapi/2.2.1.Final/wildfly-elytron-sasl-gssapi-2.2.1.Final.jar (28 kB at 1.6 MB/s)
Adapter IT	UNKNOWN STEP	2026-01-23T09:06:19.1243240Z [INFO] Downloading from central: https://repo.maven.apache.org/maven2/org/wildfly/security/wildfly-elytron-x500-cert-acme/2.2.1.Final/wildfly-elytron-x500-cert-acme-2.2.1.Final.pom
Adapter IT	UNKNOWN STEP	2026-01-23T09:06:19.1407299Z [INFO] Downloaded from central: https://repo.maven.apache.org/maven2/org/wildfly/security/wildfly-elytron-x500-cert-acme/2.2.1.Final/wildfly-elytron-x500-cert-acme-2.2.1.Final.pom (4.1 kB at 240 kB/s)
Adapter IT	UNKNOWN STEP	2026-01-23T09:06:19.1430005Z [INFO] Downloading from central: https://repo.maven.apache.org/maven2/org/wildfly/security/wildfly-elytron-x500-cert-acme/2.2.1.Final/wildfly-elytron-x500-cert-acme-2.2.1.Final.jar
Adapter IT	UNKNOWN STEP	2026-01-23T09:06:19.1589865Z [INFO] Downloaded from central: https://repo.maven.apache.org/maven2/org/wildfly/security/wildfly-elytron-x500-cert-acme/2.2.1.Final/wildfly-elytron-x500-cert-acme-2.2.1.Final.jar (48 kB at 3.0 MB/s)
Adapter IT	UNKNOWN STEP	2026-01-23T09:06:19.1600732Z [INFO] Downloading from central: https://repo.maven.apache.org/maven2/org/wildfly/wildfly-http-client/wildfly-http-naming-client/2.0.2.Final/wildfly-http-naming-client-2.0.2.Final.pom
Adapter IT	UNKNOWN STEP	2026-01-23T09:06:19.1765812Z [INFO] Downloaded from central: https://repo.maven.apache.org/maven2/org/wildfly/wildfly-http-client/wildfly-http-naming-client/2.0.2.Final/wildfly-http-naming-client-2.0.2.Final.pom (3.9 kB at 230 kB/s)
Adapter IT	UNKNOWN STEP	2026-01-23T09:06:19.1792167Z [INFO] Downloading from central: https://repo.maven.apache.org/maven2/org/wildfly/wildfly-http-client/wildfly-http-naming-client/2.0.2.Final/wildfly-http-naming-client-2.0.2.Final.jar
Adapter IT	UNKNOWN STEP	2026-01-23T09:06:19.1943593Z [INFO] Downloaded from central: https://repo.maven.apache.org/maven2/org/wildfly/wildfly-http-client/wildfly-http-naming-client/2.0.2.Final/wildfly-http-naming-client-2.0.2.Final.jar (43 kB at 2.7 MB/s)
Adapter IT	UNKNOWN STEP	2026-01-23T09:06:19.1953590Z [INFO] Downloading from central: https://repo.maven.apache.org/maven2/org/wildfly/wildfly-clustering-infinispan-embedded-spi/29.0.0.Final/wildfly-clustering-infinispan-embedded-spi-29.0.0.Final.pom
Adapter IT	UNKNOWN STEP	2026-01-23T09:06:19.2101210Z [INFO] Downloaded from central: https://repo.maven.apache.org/maven2/org/wildfly/wildfly-clustering-infinispan-embedded-spi/29.0.0.Final/wildfly-clustering-infinispan-embedded-spi-29.0.0.Final.pom (7.8 kB at 557 kB/s)
Adapter IT	UNKNOWN STEP	2026-01-23T09:06:19.2110810Z [INFO] Downloading from central: https://repo.maven.apache.org/maven2/org/wildfly/wildfly-clustering-infinispan-embedded/29.0.0.Final/wildfly-clustering-infinispan-embedded-29.0.0.Final.pom
Adapter IT	UNKNOWN STEP	2026-01-23T09:06:19.2273172Z [INFO] Downloaded from central: https://repo.maven.apache.org/maven2/org/wildfly/wildfly-clustering-infinispan-embedded/29.0.0.Final/wildfly-clustering-infinispan-embedded-29.0.0.Final.pom (2.1 kB at 124 kB/s)
Adapter IT	UNKNOWN STEP	2026-01-23T09:06:19.2359843Z [INFO] Downloading from central: https://repo.maven.apache.org/maven2/org/wildfly/wildfly-clustering-infinispan-embedded-spi/29.0.0.Final/wildfly-clustering-infinispan-embedded-spi-29.0.0.Final.jar
Adapter IT	UNKNOWN STEP	2026-01-23T09:06:19.2561716Z [INFO] Downloaded from central: https://repo.maven.apache.org/maven2/org/wildfly/wildfly-clustering-infinispan-embedded-spi/29.0.0.Final/wildfly-clustering-infinispan-embedded-spi-29.0.0.Final.jar (106 kB at 5.3 MB/s)
Adapter IT	UNKNOWN STEP	2026-01-23T09:06:19.2581445Z [INFO] Downloading from central: https://repo.maven.apache.org/maven2/org/bouncycastle/bcprov-jdk18on/1.75/bcprov-jdk18on-1.75.pom
Adapter IT	UNKNOWN STEP	2026-01-23T09:06:19.2762973Z [INFO] Downloaded from central: https://repo.maven.apache.org/maven2/org/bouncycastle/bcprov-jdk18on/1.75/bcprov-jdk18on-1.75.pom (1.1 kB at 63 kB/s)
Adapter IT	UNKNOWN STEP	2026-01-23T09:06:19.2812087Z [INFO] Downloading from central: https://repo.maven.apache.org/maven2/org/bouncycastle/bcprov-jdk18on/1.75/bcprov-jdk18on-1.75.jar
Adapter IT	UNKNOWN STEP	2026-01-23T09:06:19.3448477Z [INFO] Downloaded from central: https://repo.maven.apache.org/maven2/org/bouncycastle/bcprov-jdk18on/1.75/bcprov-jdk18on-1.75.jar (8.3 MB at 132 MB/s)
Adapter IT	UNKNOWN STEP	2026-01-23T09:06:19.3475591Z [INFO] Downloading from central: https://repo.maven.apache.org/maven2/org/hibernate/search/hibernate-search-mapper-pojo-base/6.2.0.Final/hibernate-search-mapper-pojo-base-6.2.0.Final.pom
Adapter IT	UNKNOWN STEP	2026-01-23T09:06:19.3650580Z [INFO] Downloaded from central: https://repo.maven.apache.org/maven2/org/hibernate/search/hibernate-search-mapper-pojo-base/6.2.0.Final/hibernate-search-mapper-pojo-base-6.2.0.Final.pom (2.2 kB at 129 kB/s)
Adapter IT	UNKNOWN STEP	2026-01-23T09:06:19.3664403Z [INFO] Downloading from central: https://repo.maven.apache.org/maven2/org/hibernate/search/hibernate-search-parent-public/6.2.0.Final/hibernate-search-parent-public-6.2.0.Final.pom
Adapter IT	UNKNOWN STEP	2026-01-23T09:06:19.3826929Z [INFO] Downloaded from central: https://repo.maven.apache.org/maven2/org/hibernate/search/hibernate-search-parent-public/6.2.0.Final/hibernate-search-parent-public-6.2.0.Final.pom (20 kB at 1.3 MB/s)
Adapter IT	UNKNOWN STEP	2026-01-23T09:06:19.3840518Z [INFO] Downloading from central: https://repo.maven.apache.org/maven2/org/hibernate/search/hibernate-search-parent/6.2.0.Final/hibernate-search-parent-6.2.0.Final.pom
Adapter IT	UNKNOWN STEP	2026-01-23T09:06:19.4048144Z [INFO] Downloaded from central: https://repo.maven.apache.org/maven2/org/hibernate/search/hibernate-search-parent/6.2.0.Final/hibernate-search-parent-6.2.0.Final.pom (172 kB at 8.2 MB/s)
Adapter IT	UNKNOWN STEP	2026-01-23T09:06:19.4095520Z [INFO] Downloading from central: https://repo.maven.apache.org/maven2/org/hibernate/search/hibernate-search-mapper-pojo-base/6.2.0.Final/hibernate-search-mapper-pojo-base-6.2.0.Final.jar
Adapter IT	UNKNOWN STEP	2026-01-23T09:06:19.4337021Z [INFO] Downloaded from central: https://repo.maven.apache.org/maven2/org/hibernate/search/hibernate-search-mapper-pojo-base/6.2.0.Final/hibernate-search-mapper-pojo-base-6.2.0.Final.jar (1.1 MB at 45 MB/s)
Adapter IT	UNKNOWN STEP	2026-01-23T09:06:19.4370487Z [INFO] Downloading from central: https://repo.maven.apache.org/maven2/org/glassfish/jaxb/jaxb-xjc/4.0.1/jaxb-xjc-4.0.1.pom
Adapter IT	UNKNOWN STEP	2026-01-23T09:06:19.4585476Z [INFO] Downloaded from central: https://repo.maven.apache.org/maven2/org/glassfish/jaxb/jaxb-xjc/4.0.1/jaxb-xjc-4.0.1.pom (8.5 kB at 388 kB/s)
Adapter IT	UNKNOWN STEP	2026-01-23T09:06:19.4598223Z [INFO] Downloading from central: https://repo.maven.apache.org/maven2/com/sun/xml/bind/mvn/jaxb-parent/4.0.1/jaxb-parent-4.0.1.pom
Adapter IT	UNKNOWN STEP	2026-01-23T09:06:19.4776851Z [INFO] Downloaded from central: https://repo.maven.apache.org/maven2/com/sun/xml/bind/mvn/jaxb-parent/4.0.1/jaxb-parent-4.0.1.pom (33 kB at 1.8 MB/s)
Adapter IT	UNKNOWN STEP	2026-01-23T09:06:19.4793927Z [INFO] Downloading from central: https://repo.maven.apache.org/maven2/com/sun/xml/bind/jaxb-bom-ext/4.0.1/jaxb-bom-ext-4.0.1.pom
Adapter IT	UNKNOWN STEP	2026-01-23T09:06:19.4940613Z [INFO] Downloaded from central: https://repo.maven.apache.org/maven2/com/sun/xml/bind/jaxb-bom-ext/4.0.1/jaxb-bom-ext-4.0.1.pom (3.5 kB at 248 kB/s)
Adapter IT	UNKNOWN STEP	2026-01-23T09:06:19.4952028Z [INFO] Downloading from central: https://repo.maven.apache.org/maven2/org/glassfish/jaxb/jaxb-bom/4.0.1/jaxb-bom-4.0.1.pom
Adapter IT	UNKNOWN STEP	2026-01-23T09:06:19.5109911Z [INFO] Downloaded from central: https://repo.maven.apache.org/maven2/org/glassfish/jaxb/jaxb-bom/4.0.1/jaxb-bom-4.0.1.pom (11 kB at 706 kB/s)
Adapter IT	UNKNOWN STEP	2026-01-23T09:06:19.5124858Z [INFO] Downloading from central: https://repo.maven.apache.org/maven2/org/glassfish/jaxb/jaxb-xjc/4.0.1/jaxb-xjc-4.0.1.jar
Adapter IT	UNKNOWN STEP	2026-01-23T09:06:19.5318150Z [INFO] Downloaded from central: https://repo.maven.apache.org/maven2/org/glassfish/jaxb/jaxb-xjc/4.0.1/jaxb-xjc-4.0.1.jar (918 kB at 48 MB/s)
Adapter IT	UNKNOWN STEP	2026-01-23T09:06:19.5327863Z [INFO] Downloading from central: https://repo.maven.apache.org/maven2/org/infinispan/infinispan-hibernate-cache-spi/14.0.12.Final/infinispan-hibernate-cache-spi-14.0.12.Final.pom
Adapter IT	UNKNOWN STEP	2026-01-23T09:06:19.5481558Z [INFO] Downloaded from central: https://repo.maven.apache.org/maven2/org/infinispan/infinispan-hibernate-cache-spi/14.0.12.Final/infinispan-hibernate-cache-spi-14.0.12.Final.pom (1.0 kB at 67 kB/s)
Adapter IT	UNKNOWN STEP	2026-01-23T09:06:19.5490212Z [INFO] Downloading from central: https://repo.maven.apache.org/maven2/org/infinispan/infinispan-hibernate-parent/14.0.12.Final/infinispan-hibernate-parent-14.0.12.Final.pom
Adapter IT	UNKNOWN STEP	2026-01-23T09:06:19.5675822Z [INFO] Downloaded from central: https://repo.maven.apache.org/maven2/org/infinispan/infinispan-hibernate-parent/14.0.12.Final/infinispan-hibernate-parent-14.0.12.Final.pom (7.3 kB at 384 kB/s)
Adapter IT	UNKNOWN STEP	2026-01-23T09:06:19.5713395Z [INFO] Downloading from central: https://repo.maven.apache.org/maven2/org/infinispan/infinispan-hibernate-cache-spi/14.0.12.Final/infinispan-hibernate-cache-spi-14.0.12.Final.jar
Adapter IT	UNKNOWN STEP	2026-01-23T09:06:19.5879700Z [INFO] Downloaded from central: https://repo.maven.apache.org/maven2/org/infinispan/infinispan-hibernate-cache-spi/14.0.12.Final/infinispan-hibernate-cache-spi-14.0.12.Final.jar (5.5 kB at 323 kB/s)
Adapter IT	UNKNOWN STEP	2026-01-23T09:06:19.5888488Z [INFO] Downloading from central: https://repo.maven.apache.org/maven2/org/infinispan/infinispan-hibernate-cache-v62/14.0.12.Final/infinispan-hibernate-cache-v62-14.0.12.Final.pom
Adapter IT	UNKNOWN STEP	2026-01-23T09:06:19.6044672Z [INFO] Downloaded from central: https://repo.maven.apache.org/maven2/org/infinispan/infinispan-hibernate-cache-v62/14.0.12.Final/infinispan-hibernate-cache-v62-14.0.12.Final.pom (2.7 kB at 168 kB/s)
Adapter IT	UNKNOWN STEP	2026-01-23T09:06:19.6070859Z [INFO] Downloading from central: https://repo.maven.apache.org/maven2/org/infinispan/infinispan-hibernate-cache-v62/14.0.12.Final/infinispan-hibernate-cache-v62-14.0.12.Final.jar
Adapter IT	UNKNOWN STEP	2026-01-23T09:06:19.6206116Z [INFO] Downloaded from central: https://repo.maven.apache.org/maven2/org/infinispan/infinispan-hibernate-cache-v62/14.0.12.Final/infinispan-hibernate-cache-v62-14.0.12.Final.jar (60 kB at 4.3 MB/s)
Adapter IT	UNKNOWN STEP	2026-01-23T09:06:19.6214234Z [INFO] Downloading from central: https://repo.maven.apache.org/maven2/org/opensaml/opensaml-profile-api/4.2.0/opensaml-profile-api-4.2.0.pom
Adapter IT	UNKNOWN STEP	2026-01-23T09:06:19.6651736Z [INFO] Downloading from jboss-public-repository: https://repository.jboss.org/nexus/content/groups/public/org/opensaml/opensaml-profile-api/4.2.0/opensaml-profile-api-4.2.0.pom
Adapter IT	UNKNOWN STEP	2026-01-23T09:06:19.6777837Z [INFO] Downloading from redhat-enterprise-maven-repository: https://maven.repository.redhat.com/ga/org/opensaml/opensaml-profile-api/4.2.0/opensaml-profile-api-4.2.0.pom
Adapter IT	UNKNOWN STEP	2026-01-23T09:06:19.8664398Z [INFO] ------------------------------------------------------------------------
Adapter IT	UNKNOWN STEP	2026-01-23T09:06:19.8665309Z [INFO] Reactor Summary for Distribution Parent 999.0.0-SNAPSHOT:
Adapter IT	UNKNOWN STEP	2026-01-23T09:06:19.8665994Z [INFO] 
Adapter IT	UNKNOWN STEP	2026-01-23T09:06:19.8666617Z [INFO] Distribution Parent ................................ SUCCESS [  1.053 s]
Adapter IT	UNKNOWN STEP	2026-01-23T09:06:19.8667778Z [INFO] Galleon Feature Pack Builds ........................ SUCCESS [  0.020 s]
Adapter IT	UNKNOWN STEP	2026-01-23T09:06:19.8668769Z [INFO] Keycloak Galleon Feature Pack: SAML Adapter ........ FAILURE [ 15.989 s]
Adapter IT	UNKNOWN STEP	2026-01-23T09:06:19.8669673Z [INFO] Keycloak Distribution Licenses Common .............. SKIPPED
Adapter IT	UNKNOWN STEP	2026-01-23T09:06:19.8670500Z [INFO] Keycloak Distribution Maven Plugins Parent ......... SKIPPED
Adapter IT	UNKNOWN STEP	2026-01-23T09:06:19.8671346Z [INFO] Keycloak Licenses Processor Maven Plugin ........... SKIPPED
Adapter IT	UNKNOWN STEP	2026-01-23T09:06:19.8672181Z [INFO] Keycloak SAML Wildfly Modules ...................... SKIPPED
Adapter IT	UNKNOWN STEP	2026-01-23T09:06:19.8673015Z [INFO] Keycloak SAML Wildfly Adapter Distro ............... SKIPPED
Adapter IT	UNKNOWN STEP	2026-01-23T09:06:19.8673778Z [INFO] Keycloak Wildfly SAML Adapter ...................... SKIPPED
Adapter IT	UNKNOWN STEP	2026-01-23T09:06:19.8674552Z [INFO] SAML Adapters Distribution Parent .................. SKIPPED
Adapter IT	UNKNOWN STEP	2026-01-23T09:06:19.8675301Z [INFO] Keycloak Galleon Feature Pack: SAML Adapter Layer Metadata Tests SKIPPED
Adapter IT	UNKNOWN STEP	2026-01-23T09:06:19.8676168Z [INFO] ------------------------------------------------------------------------
Adapter IT	UNKNOWN STEP	2026-01-23T09:06:19.8676859Z [INFO] BUILD FAILURE
Adapter IT	UNKNOWN STEP	2026-01-23T09:06:19.8677379Z [INFO] ------------------------------------------------------------------------
Adapter IT	UNKNOWN STEP	2026-01-23T09:06:19.8678271Z [INFO] Total time:  17.344 s
Adapter IT	UNKNOWN STEP	2026-01-23T09:06:19.8678744Z [INFO] Finished at: 2026-01-23T09:06:19Z
Adapter IT	UNKNOWN STEP	2026-01-23T09:06:19.8679384Z [INFO] ------------------------------------------------------------------------
Adapter IT	UNKNOWN STEP	2026-01-23T09:06:19.8688008Z [ERROR] Failed to execute goal org.wildfly.galleon-plugins:wildfly-galleon-maven-plugin:6.5.2.Final:build-feature-pack (keycloak-saml-adapter-galleon-pack-build) on project keycloak-saml-adapter-galleon-pack: Failed to resolve artifact org.opensaml:opensaml-profile-api:jar:4.2.0 as a dependency of wildfly-ee@maven(org.jboss.universe:community-universe):current#29.0.0.Final (persisted as org.opensaml:opensaml-profile-api:4.2.0::jar): Couldn't resolve artifact: Failed to read artifact descriptor for org.opensaml:opensaml-profile-api:jar:4.2.0: The following artifacts could not be resolved: org.opensaml:opensaml-profile-api:pom:4.2.0 (absent): Could not transfer artifact org.opensaml:opensaml-profile-api:pom:4.2.0 from/to jboss-public-repository (https://repository.jboss.org/nexus/content/groups/public/): status code: 403, reason phrase: Forbidden (403) -> [Help 1]
Adapter IT	UNKNOWN STEP	2026-01-23T09:06:19.8691964Z [ERROR] 
Adapter IT	UNKNOWN STEP	2026-01-23T09:06:19.8692336Z [ERROR] To see the full stack trace of the errors, re-run Maven with the -e switch.
Adapter IT	UNKNOWN STEP	2026-01-23T09:06:19.8692886Z [ERROR] Re-run Maven using the -X switch to enable full debug logging.
Adapter IT	UNKNOWN STEP	2026-01-23T09:06:19.8693273Z [ERROR] 
Adapter IT	UNKNOWN STEP	2026-01-23T09:06:19.8693714Z [ERROR] For more information about the errors and possible solutions, please read the following articles:
Adapter IT	UNKNOWN STEP	2026-01-23T09:06:19.8694397Z [ERROR] [Help 1] http://cwiki.apache.org/confluence/display/MAVEN/MojoExecutionException
Adapter IT	UNKNOWN STEP	2026-01-23T09:06:19.8694858Z [ERROR] 
Adapter IT	UNKNOWN STEP	2026-01-23T09:06:19.8695208Z [ERROR] After correcting the problems, you can resume the build with the command
Adapter IT	UNKNOWN STEP	2026-01-23T09:06:19.8695717Z [ERROR]   mvn <args> -rf :keycloak-saml-adapter-galleon-pack
Adapter IT	UNKNOWN STEP	2026-01-23T09:06:19.9005082Z ##[error]Process completed with exit code 1.
Adapter IT	UNKNOWN STEP	2026-01-23T09:06:19.9091434Z Post job cleanup.
Adapter IT	UNKNOWN STEP	2026-01-23T09:06:19.9145046Z Post job cleanup.
Adapter IT	UNKNOWN STEP	2026-01-23T09:06:20.0855897Z Post job cleanup.
Adapter IT	UNKNOWN STEP	2026-01-23T09:06:20.1619643Z [command]/usr/bin/git version
Adapter IT	UNKNOWN STEP	2026-01-23T09:06:20.1655697Z git version 2.52.0
Adapter IT	UNKNOWN STEP	2026-01-23T09:06:20.1692717Z Temporarily overriding HOME='/home/runner/work/_temp/1e645257-e466-4c6b-b829-195429d950f9' before making global git config changes
Adapter IT	UNKNOWN STEP	2026-01-23T09:06:20.1694088Z Adding repository directory to the temporary git global config as a safe directory
Adapter IT	UNKNOWN STEP	2026-01-23T09:06:20.1698511Z [command]/usr/bin/git config --global --add safe.directory /home/runner/work/keycloak/keycloak
Adapter IT	UNKNOWN STEP	2026-01-23T09:06:20.1732156Z [command]/usr/bin/git config --local --name-only --get-regexp core\.sshCommand
Adapter IT	UNKNOWN STEP	2026-01-23T09:06:20.1765065Z [command]/usr/bin/git submodule foreach --recursive sh -c "git config --local --name-only --get-regexp 'core\.sshCommand' && git config --local --unset-all 'core.sshCommand' || :"
Adapter IT	UNKNOWN STEP	2026-01-23T09:06:20.2048147Z [command]/usr/bin/git config --local --name-only --get-regexp http\.https\:\/\/github\.com\/\.extraheader
Adapter IT	UNKNOWN STEP	2026-01-23T09:06:20.2069060Z http.https://github.com/.extraheader
Adapter IT	UNKNOWN STEP	2026-01-23T09:06:20.2079246Z [command]/usr/bin/git config --local --unset-all http.https://github.com/.extraheader
Adapter IT	UNKNOWN STEP	2026-01-23T09:06:20.2110410Z [command]/usr/bin/git submodule foreach --recursive sh -c "git config --local --name-only --get-regexp 'http\.https\:\/\/github\.com\/\.extraheader' && git config --local --unset-all 'http.https://github.com/.extraheader' || :"
Adapter IT	UNKNOWN STEP	2026-01-23T09:06:20.2462770Z Cleaning up orphan processes
Status Check - Keycloak CI	UNKNOWN STEP	ï»¿2026-01-23T09:57:24.5575183Z Current runner version: '2.331.0'
Status Check - Keycloak CI	UNKNOWN STEP	2026-01-23T09:57:24.5597498Z ##[group]Runner Image Provisioner
Status Check - Keycloak CI	UNKNOWN STEP	2026-01-23T09:57:24.5598201Z Hosted Compute Agent
Status Check - Keycloak CI	UNKNOWN STEP	2026-01-23T09:57:24.5598761Z Version: 20260115.477
Status Check - Keycloak CI	UNKNOWN STEP	2026-01-23T09:57:24.5599266Z Commit: 4b342d620503cbe250a3154040964899ea7c9b00
Status Check - Keycloak CI	UNKNOWN STEP	2026-01-23T09:57:24.5599877Z Build Date: 2026-01-15T22:32:41Z
Status Check - Keycloak CI	UNKNOWN STEP	2026-01-23T09:57:24.5600418Z Worker ID: {f1853d4f-35df-4a8f-ad7b-e44132c8693a}
Status Check - Keycloak CI	UNKNOWN STEP	2026-01-23T09:57:24.5601103Z Azure Region: westus3
Status Check - Keycloak CI	UNKNOWN STEP	2026-01-23T09:57:24.5601580Z ##[endgroup]
Status Check - Keycloak CI	UNKNOWN STEP	2026-01-23T09:57:24.5603005Z ##[group]Operating System
Status Check - Keycloak CI	UNKNOWN STEP	2026-01-23T09:57:24.5603593Z Ubuntu
Status Check - Keycloak CI	UNKNOWN STEP	2026-01-23T09:57:24.5603980Z 24.04.3
Status Check - Keycloak CI	UNKNOWN STEP	2026-01-23T09:57:24.5604375Z LTS
Status Check - Keycloak CI	UNKNOWN STEP	2026-01-23T09:57:24.5604806Z ##[endgroup]
Status Check - Keycloak CI	UNKNOWN STEP	2026-01-23T09:57:24.5605252Z ##[group]Runner Image
Status Check - Keycloak CI	UNKNOWN STEP	2026-01-23T09:57:24.5605695Z Image: ubuntu-24.04
Status Check - Keycloak CI	UNKNOWN STEP	2026-01-23T09:57:24.5606160Z Version: 20260119.4.1
Status Check - Keycloak CI	UNKNOWN STEP	2026-01-23T09:57:24.5607164Z Included Software: https://github.com/actions/runner-images/blob/ubuntu24/20260119.4/images/ubuntu/Ubuntu2404-Readme.md
Status Check - Keycloak CI	UNKNOWN STEP	2026-01-23T09:57:24.5608459Z Image Release: https://github.com/actions/runner-images/releases/tag/ubuntu24%2F20260119.4
Status Check - Keycloak CI	UNKNOWN STEP	2026-01-23T09:57:24.5609192Z ##[endgroup]
Status Check - Keycloak CI	UNKNOWN STEP	2026-01-23T09:57:24.5610074Z ##[group]GITHUB_TOKEN Permissions
Status Check - Keycloak CI	UNKNOWN STEP	2026-01-23T09:57:24.5611867Z Contents: read
Status Check - Keycloak CI	UNKNOWN STEP	2026-01-23T09:57:24.5612477Z Metadata: read
Status Check - Keycloak CI	UNKNOWN STEP	2026-01-23T09:57:24.5612961Z ##[endgroup]
Status Check - Keycloak CI	UNKNOWN STEP	2026-01-23T09:57:24.5614914Z Secret source: None
Status Check - Keycloak CI	UNKNOWN STEP	2026-01-23T09:57:24.5615468Z Prepare workflow directory
Status Check - Keycloak CI	UNKNOWN STEP	2026-01-23T09:57:24.5986904Z Prepare all required actions
Status Check - Keycloak CI	UNKNOWN STEP	2026-01-23T09:57:24.6024516Z Getting action download info
Status Check - Keycloak CI	UNKNOWN STEP	2026-01-23T09:57:25.0000547Z Download action repository 'actions/checkout@08c6903cd8c0fde910a37f88322edcfb5dd907a8' (SHA:08c6903cd8c0fde910a37f88322edcfb5dd907a8)
Status Check - Keycloak CI	UNKNOWN STEP	2026-01-23T09:57:25.1771619Z Complete job name: Status Check - Keycloak CI
Status Check - Keycloak CI	UNKNOWN STEP	2026-01-23T09:57:25.2384857Z ##[group]Run actions/checkout@08c6903cd8c0fde910a37f88322edcfb5dd907a8
Status Check - Keycloak CI	UNKNOWN STEP	2026-01-23T09:57:25.2385804Z with:
Status Check - Keycloak CI	UNKNOWN STEP	2026-01-23T09:57:25.2386257Z   repository: keycloak/keycloak
Status Check - Keycloak CI	UNKNOWN STEP	2026-01-23T09:57:25.2386990Z   token: ***
Status Check - Keycloak CI	UNKNOWN STEP	2026-01-23T09:57:25.2387368Z   ssh-strict: true
Status Check - Keycloak CI	UNKNOWN STEP	2026-01-23T09:57:25.2387819Z   ssh-user: git
Status Check - Keycloak CI	UNKNOWN STEP	2026-01-23T09:57:25.2388285Z   persist-credentials: true
Status Check - Keycloak CI	UNKNOWN STEP	2026-01-23T09:57:25.2388725Z   clean: true
Status Check - Keycloak CI	UNKNOWN STEP	2026-01-23T09:57:25.2389164Z   sparse-checkout-cone-mode: true
Status Check - Keycloak CI	UNKNOWN STEP	2026-01-23T09:57:25.2389632Z   fetch-depth: 1
Status Check - Keycloak CI	UNKNOWN STEP	2026-01-23T09:57:25.2390036Z   fetch-tags: false
Status Check - Keycloak CI	UNKNOWN STEP	2026-01-23T09:57:25.2390411Z   show-progress: true
Status Check - Keycloak CI	UNKNOWN STEP	2026-01-23T09:57:25.2390893Z   lfs: false
Status Check - Keycloak CI	UNKNOWN STEP	2026-01-23T09:57:25.2391458Z   submodules: false
Status Check - Keycloak CI	UNKNOWN STEP	2026-01-23T09:57:25.2391867Z   set-safe-directory: true
Status Check - Keycloak CI	UNKNOWN STEP	2026-01-23T09:57:25.2392741Z env:
Status Check - Keycloak CI	UNKNOWN STEP	2026-01-23T09:57:25.2393259Z   MAVEN_ARGS: -B -nsu -Daether.connector.http.connectionMaxTtl=25
Status Check - Keycloak CI	UNKNOWN STEP	2026-01-23T09:57:25.2393907Z   SUREFIRE_RERUN_FAILING_COUNT: 2
Status Check - Keycloak CI	UNKNOWN STEP	2026-01-23T09:57:25.2394608Z   SUREFIRE_RETRY: -Dsurefire.rerunFailingTestsCount=2
Status Check - Keycloak CI	UNKNOWN STEP	2026-01-23T09:57:25.2395151Z ##[endgroup]
Status Check - Keycloak CI	UNKNOWN STEP	2026-01-23T09:57:25.3286104Z Syncing repository: keycloak/keycloak
Status Check - Keycloak CI	UNKNOWN STEP	2026-01-23T09:57:25.3287910Z ##[group]Getting Git version info
Status Check - Keycloak CI	UNKNOWN STEP	2026-01-23T09:57:25.3288648Z Working directory is '/home/runner/work/keycloak/keycloak'
Status Check - Keycloak CI	UNKNOWN STEP	2026-01-23T09:57:25.3289591Z [command]/usr/bin/git version
Status Check - Keycloak CI	UNKNOWN STEP	2026-01-23T09:57:25.3330266Z git version 2.52.0
Status Check - Keycloak CI	UNKNOWN STEP	2026-01-23T09:57:25.3347345Z ##[endgroup]
Status Check - Keycloak CI	UNKNOWN STEP	2026-01-23T09:57:25.3360670Z Temporarily overriding HOME='/home/runner/work/_temp/ffd0f5a7-c150-47da-b32b-588049145600' before making global git config changes
Status Check - Keycloak CI	UNKNOWN STEP	2026-01-23T09:57:25.3361983Z Adding repository directory to the temporary git global config as a safe directory
Status Check - Keycloak CI	UNKNOWN STEP	2026-01-23T09:57:25.3365265Z [command]/usr/bin/git config --global --add safe.directory /home/runner/work/keycloak/keycloak
Status Check - Keycloak CI	UNKNOWN STEP	2026-01-23T09:57:25.3398839Z Deleting the contents of '/home/runner/work/keycloak/keycloak'
Status Check - Keycloak CI	UNKNOWN STEP	2026-01-23T09:57:25.3401992Z ##[group]Initializing the repository
Status Check - Keycloak CI	UNKNOWN STEP	2026-01-23T09:57:25.3406250Z [command]/usr/bin/git init /home/runner/work/keycloak/keycloak
Status Check - Keycloak CI	UNKNOWN STEP	2026-01-23T09:57:25.3490174Z hint: Using 'master' as the name for the initial branch. This default branch name
Status Check - Keycloak CI	UNKNOWN STEP	2026-01-23T09:57:25.3491914Z hint: will change to "main" in Git 3.0. To configure the initial branch name
Status Check - Keycloak CI	UNKNOWN STEP	2026-01-23T09:57:25.3493781Z hint: to use in all of your new repositories, which will suppress this warning,
Status Check - Keycloak CI	UNKNOWN STEP	2026-01-23T09:57:25.3494493Z hint: call:
Status Check - Keycloak CI	UNKNOWN STEP	2026-01-23T09:57:25.3494893Z hint:
Status Check - Keycloak CI	UNKNOWN STEP	2026-01-23T09:57:25.3495355Z hint: 	git config --global init.defaultBranch <name>
Status Check - Keycloak CI	UNKNOWN STEP	2026-01-23T09:57:25.3495923Z hint:
Status Check - Keycloak CI	UNKNOWN STEP	2026-01-23T09:57:25.3496458Z hint: Names commonly chosen instead of 'master' are 'main', 'trunk' and
Status Check - Keycloak CI	UNKNOWN STEP	2026-01-23T09:57:25.3497289Z hint: 'development'. The just-created branch can be renamed via this command:
Status Check - Keycloak CI	UNKNOWN STEP	2026-01-23T09:57:25.3497954Z hint:
Status Check - Keycloak CI	UNKNOWN STEP	2026-01-23T09:57:25.3498438Z hint: 	git branch -m <name>
Status Check - Keycloak CI	UNKNOWN STEP	2026-01-23T09:57:25.3498887Z hint:
Status Check - Keycloak CI	UNKNOWN STEP	2026-01-23T09:57:25.3499615Z hint: Disable this message with "git config set advice.defaultBranchName false"
Status Check - Keycloak CI	UNKNOWN STEP	2026-01-23T09:57:25.3500607Z Initialized empty Git repository in /home/runner/work/keycloak/keycloak/.git/
Status Check - Keycloak CI	UNKNOWN STEP	2026-01-23T09:57:25.3504044Z [command]/usr/bin/git remote add origin https://github.com/keycloak/keycloak
Status Check - Keycloak CI	UNKNOWN STEP	2026-01-23T09:57:25.3645365Z ##[endgroup]
Status Check - Keycloak CI	UNKNOWN STEP	2026-01-23T09:57:25.3646955Z ##[group]Disabling automatic garbage collection
Status Check - Keycloak CI	UNKNOWN STEP	2026-01-23T09:57:25.3647986Z [command]/usr/bin/git config --local gc.auto 0
Status Check - Keycloak CI	UNKNOWN STEP	2026-01-23T09:57:25.3649507Z ##[endgroup]
Status Check - Keycloak CI	UNKNOWN STEP	2026-01-23T09:57:25.3650256Z ##[group]Setting up auth
Status Check - Keycloak CI	UNKNOWN STEP	2026-01-23T09:57:25.3650862Z [command]/usr/bin/git config --local --name-only --get-regexp core\.sshCommand
Status Check - Keycloak CI	UNKNOWN STEP	2026-01-23T09:57:25.3653390Z [command]/usr/bin/git submodule foreach --recursive sh -c "git config --local --name-only --get-regexp 'core\.sshCommand' && git config --local --unset-all 'core.sshCommand' || :"
Status Check - Keycloak CI	UNKNOWN STEP	2026-01-23T09:57:25.3874121Z [command]/usr/bin/git config --local --name-only --get-regexp http\.https\:\/\/github\.com\/\.extraheader
Status Check - Keycloak CI	UNKNOWN STEP	2026-01-23T09:57:25.3900494Z [command]/usr/bin/git submodule foreach --recursive sh -c "git config --local --name-only --get-regexp 'http\.https\:\/\/github\.com\/\.extraheader' && git config --local --unset-all 'http.https://github.com/.extraheader' || :"
Status Check - Keycloak CI	UNKNOWN STEP	2026-01-23T09:57:25.4074754Z [command]/usr/bin/git config --local http.https://github.com/.extraheader AUTHORIZATION: basic ***
Status Check - Keycloak CI	UNKNOWN STEP	2026-01-23T09:57:25.4103379Z ##[endgroup]
Status Check - Keycloak CI	UNKNOWN STEP	2026-01-23T09:57:25.4104036Z ##[group]Fetching the repository
Status Check - Keycloak CI	UNKNOWN STEP	2026-01-23T09:57:25.4115581Z [command]/usr/bin/git -c protocol.version=2 fetch --no-tags --prune --no-recurse-submodules --depth=1 origin +940751b4d381e692c631ffb5a609e0519aa853ac:refs/remotes/pull/45011/merge
Status Check - Keycloak CI	UNKNOWN STEP	2026-01-23T09:57:29.9766663Z From https://github.com/keycloak/keycloak
Status Check - Keycloak CI	UNKNOWN STEP	2026-01-23T09:57:29.9768156Z  * [new ref]         940751b4d381e692c631ffb5a609e0519aa853ac -> pull/45011/merge
Status Check - Keycloak CI	UNKNOWN STEP	2026-01-23T09:57:29.9798480Z ##[endgroup]
Status Check - Keycloak CI	UNKNOWN STEP	2026-01-23T09:57:29.9799708Z ##[group]Determining the checkout info
Status Check - Keycloak CI	UNKNOWN STEP	2026-01-23T09:57:29.9801070Z ##[endgroup]
Status Check - Keycloak CI	UNKNOWN STEP	2026-01-23T09:57:29.9805703Z [command]/usr/bin/git sparse-checkout disable
Status Check - Keycloak CI	UNKNOWN STEP	2026-01-23T09:57:29.9840376Z [command]/usr/bin/git config --local --unset-all extensions.worktreeConfig
Status Check - Keycloak CI	UNKNOWN STEP	2026-01-23T09:57:29.9864892Z ##[group]Checking out the ref
Status Check - Keycloak CI	UNKNOWN STEP	2026-01-23T09:57:29.9869214Z [command]/usr/bin/git checkout --progress --force refs/remotes/pull/45011/merge
Status Check - Keycloak CI	UNKNOWN STEP	2026-01-23T09:57:30.6172990Z Note: switching to 'refs/remotes/pull/45011/merge'.
Status Check - Keycloak CI	UNKNOWN STEP	2026-01-23T09:57:30.6173672Z 
Status Check - Keycloak CI	UNKNOWN STEP	2026-01-23T09:57:30.6174208Z You are in 'detached HEAD' state. You can look around, make experimental
Status Check - Keycloak CI	UNKNOWN STEP	2026-01-23T09:57:30.6175314Z changes and commit them, and you can discard any commits you make in this
Status Check - Keycloak CI	UNKNOWN STEP	2026-01-23T09:57:30.6176440Z state without impacting any branches by switching back to a branch.
Status Check - Keycloak CI	UNKNOWN STEP	2026-01-23T09:57:30.6177056Z 
Status Check - Keycloak CI	UNKNOWN STEP	2026-01-23T09:57:30.6177699Z If you want to create a new branch to retain commits you create, you may
Status Check - Keycloak CI	UNKNOWN STEP	2026-01-23T09:57:30.6178741Z do so (now or later) by using -c with the switch command. Example:
Status Check - Keycloak CI	UNKNOWN STEP	2026-01-23T09:57:30.6179296Z 
Status Check - Keycloak CI	UNKNOWN STEP	2026-01-23T09:57:30.6179623Z   git switch -c <new-branch-name>
Status Check - Keycloak CI	UNKNOWN STEP	2026-01-23T09:57:30.6180023Z 
Status Check - Keycloak CI	UNKNOWN STEP	2026-01-23T09:57:30.6180273Z Or undo this operation with:
Status Check - Keycloak CI	UNKNOWN STEP	2026-01-23T09:57:30.6180667Z 
Status Check - Keycloak CI	UNKNOWN STEP	2026-01-23T09:57:30.6180900Z   git switch -
Status Check - Keycloak CI	UNKNOWN STEP	2026-01-23T09:57:30.6181233Z 
Status Check - Keycloak CI	UNKNOWN STEP	2026-01-23T09:57:30.6182146Z Turn off this advice by setting config variable advice.detachedHead to false
Status Check - Keycloak CI	UNKNOWN STEP	2026-01-23T09:57:30.6183107Z 
Status Check - Keycloak CI	UNKNOWN STEP	2026-01-23T09:57:30.6183748Z HEAD is now at 940751b Merge c77755c8f64aa21604d2b19c01e2e9bffe623360 into a24183a34478bbf6a725522598ab3331b9cc8d93
Status Check - Keycloak CI	UNKNOWN STEP	2026-01-23T09:57:30.6192612Z ##[endgroup]
Status Check - Keycloak CI	UNKNOWN STEP	2026-01-23T09:57:30.6226792Z [command]/usr/bin/git log -1 --format=%H
Status Check - Keycloak CI	UNKNOWN STEP	2026-01-23T09:57:30.6250735Z 940751b4d381e692c631ffb5a609e0519aa853ac
Status Check - Keycloak CI	UNKNOWN STEP	2026-01-23T09:57:30.6459610Z Prepare all required actions
Status Check - Keycloak CI	UNKNOWN STEP	2026-01-23T09:57:30.6532735Z ##[group]Run ./.github/actions/status-check
Status Check - Keycloak CI	UNKNOWN STEP	2026-01-23T09:57:30.6533060Z with:
Status Check - Keycloak CI	UNKNOWN STEP	2026-01-23T09:57:30.6538488Z   jobs: {
Status Check - Keycloak CI	UNKNOWN STEP	  "conditional": {
Status Check - Keycloak CI	UNKNOWN STEP	    "result": "success",
Status Check - Keycloak CI	UNKNOWN STEP	    "outputs": {
Status Check - Keycloak CI	UNKNOWN STEP	      "ci-sssd": "false",
Status Check - Keycloak CI	UNKNOWN STEP	      "ci-webauthn": "true",
Status Check - Keycloak CI	UNKNOWN STEP	      "ci-aurora": "false",
Status Check - Keycloak CI	UNKNOWN STEP	      "ci-additional-dbs": "false",
Status Check - Keycloak CI	UNKNOWN STEP	      "ci-admin-v2": "false",
Status Check - Keycloak CI	UNKNOWN STEP	      "ci": "true",
Status Check - Keycloak CI	UNKNOWN STEP	      "ci-azure": "false",
Status Check - Keycloak CI	UNKNOWN STEP	      "ci-compatibility-matrix": "skip",
Status Check - Keycloak CI	UNKNOWN STEP	      "ci-quarkus": "false",
Status Check - Keycloak CI	UNKNOWN STEP	      "ci-store": "false"
Status Check - Keycloak CI	UNKNOWN STEP	    }
Status Check - Keycloak CI	UNKNOWN STEP	  },
Status Check - Keycloak CI	UNKNOWN STEP	  "build": {
Status Check - Keycloak CI	UNKNOWN STEP	    "result": "success",
Status Check - Keycloak CI	UNKNOWN STEP	    "outputs": {}
Status Check - Keycloak CI	UNKNOWN STEP	  },
Status Check - Keycloak CI	UNKNOWN STEP	  "unit-tests": {
Status Check - Keycloak CI	UNKNOWN STEP	    "result": "success",
Status Check - Keycloak CI	UNKNOWN STEP	    "outputs": {}
Status Check - Keycloak CI	UNKNOWN STEP	  },
Status Check - Keycloak CI	UNKNOWN STEP	  "base-integration-tests": {
Status Check - Keycloak CI	UNKNOWN STEP	    "result": "success",
Status Check - Keycloak CI	UNKNOWN STEP	    "outputs": {}
Status Check - Keycloak CI	UNKNOWN STEP	  },
Status Check - Keycloak CI	UNKNOWN STEP	  "adapter-integration-tests": {
Status Check - Keycloak CI	UNKNOWN STEP	    "result": "failure",
Status Check - Keycloak CI	UNKNOWN STEP	    "outputs": {}
Status Check - Keycloak CI	UNKNOWN STEP	  },
Status Check - Keycloak CI	UNKNOWN STEP	  "adapter-integration-tests-strict-cookies": {
Status Check - Keycloak CI	UNKNOWN STEP	    "result": "success",
Status Check - Keycloak CI	UNKNOWN STEP	    "outputs": {}
Status Check - Keycloak CI	UNKNOWN STEP	  },
Status Check - Keycloak CI	UNKNOWN STEP	  "quarkus-unit-tests": {
Status Check - Keycloak CI	UNKNOWN STEP	    "result": "skipped",
Status Check - Keycloak CI	UNKNOWN STEP	    "outputs": {}
Status Check - Keycloak CI	UNKNOWN STEP	  },
Status Check - Keycloak CI	UNKNOWN STEP	  "quarkus-integration-tests": {
Status Check - Keycloak CI	UNKNOWN STEP	    "result": "success",
Status Check - Keycloak CI	UNKNOWN STEP	    "outputs": {}
Status Check - Keycloak CI	UNKNOWN STEP	  },
Status Check - Keycloak CI	UNKNOWN STEP	  "jdk-integration-tests": {
Status Check - Keycloak CI	UNKNOWN STEP	    "result": "success",
Status Check - Keycloak CI	UNKNOWN STEP	    "outputs": {}
Status Check - Keycloak CI	UNKNOWN STEP	  },
Status Check - Keycloak CI	UNKNOWN STEP	  "store-integration-tests": {
Status Check - Keycloak CI	UNKNOWN STEP	    "result": "success",
Status Check - Keycloak CI	UNKNOWN STEP	    "outputs": {}
Status Check - Keycloak CI	UNKNOWN STEP	  },
Status Check - Keycloak CI	UNKNOWN STEP	  "volatile-sessions-tests": {
Status Check - Keycloak CI	UNKNOWN STEP	    "result": "skipped",
Status Check - Keycloak CI	UNKNOWN STEP	    "outputs": {}
Status Check - Keycloak CI	UNKNOWN STEP	  },
Status Check - Keycloak CI	UNKNOWN STEP	  "store-model-tests": {
Status Check - Keycloak CI	UNKNOWN STEP	    "result": "skipped",
Status Check - Keycloak CI	UNKNOWN STEP	    "outputs": {}
Status Check - Keycloak CI	UNKNOWN STEP	  },
Status Check - Keycloak CI	UNKNOWN STEP	  "clustering-integration-tests": {
Status Check - Keycloak CI	UNKNOWN STEP	    "result": "success",
Status Check - Keycloak CI	UNKNOWN STEP	    "outputs": {}
Status Check - Keycloak CI	UNKNOWN STEP	  },
Status Check - Keycloak CI	UNKNOWN STEP	  "fips-unit-tests": {
Status Check - Keycloak CI	UNKNOWN STEP	    "result": "success",
Status Check - Keycloak CI	UNKNOWN STEP	    "outputs": {}
Status Check - Keycloak CI	UNKNOWN STEP	  },
Status Check - Keycloak CI	UNKNOWN STEP	  "fips-integration-tests": {
Status Check - Keycloak CI	UNKNOWN STEP	    "result": "success",
Status Check - Keycloak CI	UNKNOWN STEP	    "outputs": {}
Status Check - Keycloak CI	UNKNOWN STEP	  },
Status Check - Keycloak CI	UNKNOWN STEP	  "forms-integration-tests": {
Status Check - Keycloak CI	UNKNOWN STEP	    "result": "success",
Status Check - Keycloak CI	UNKNOWN STEP	    "outputs": {}
Status Check - Keycloak CI	UNKNOWN STEP	  },
Status Check - Keycloak CI	UNKNOWN STEP	  "webauthn-integration-tests": {
Status Check - Keycloak CI	UNKNOWN STEP	    "result": "success",
Status Check - Keycloak CI	UNKNOWN STEP	    "outputs": {}
Status Check - Keycloak CI	UNKNOWN STEP	  },
Status Check - Keycloak CI	UNKNOWN STEP	  "sssd-unit-tests": {
Status Check - Keycloak CI	UNKNOWN STEP	    "result": "skipped",
Status Check - Keycloak CI	UNKNOWN STEP	    "outputs": {}
Status Check - Keycloak CI	UNKNOWN STEP	  },
Status Check - Keycloak CI	UNKNOWN STEP	  "migration-tests": {
Status Check - Keycloak CI	UNKNOWN STEP	    "result": "success",
Status Check - Keycloak CI	UNKNOWN STEP	    "outputs": {}
Status Check - Keycloak CI	UNKNOWN STEP	  },
Status Check - Keycloak CI	UNKNOWN STEP	  "external-infinispan-tests": {
Status Check - Keycloak CI	UNKNOWN STEP	    "result": "skipped",
Status Check - Keycloak CI	UNKNOWN STEP	    "outputs": {}
Status Check - Keycloak CI	UNKNOWN STEP	  },
Status Check - Keycloak CI	UNKNOWN STEP	  "test-framework": {
Status Check - Keycloak CI	UNKNOWN STEP	    "result": "success",
Status Check - Keycloak CI	UNKNOWN STEP	    "outputs": {}
Status Check - Keycloak CI	UNKNOWN STEP	  },
Status Check - Keycloak CI	UNKNOWN STEP	  "base-new-integration-tests": {
Status Check - Keycloak CI	UNKNOWN STEP	    "result": "success",
Status Check - Keycloak CI	UNKNOWN STEP	    "outputs": {}
Status Check - Keycloak CI	UNKNOWN STEP	  },
Status Check - Keycloak CI	UNKNOWN STEP	  "mixed-cluster-compatibility-tests": {
Status Check - Keycloak CI	UNKNOWN STEP	    "result": "skipped",
Status Check - Keycloak CI	UNKNOWN STEP	    "outputs": {}
Status Check - Keycloak CI	UNKNOWN STEP	  },
Status Check - Keycloak CI	UNKNOWN STEP	  "admin-v2-tests": {
Status Check - Keycloak CI	UNKNOWN STEP	    "result": "skipped",
Status Check - Keycloak CI	UNKNOWN STEP	    "outputs": {}
Status Check - Keycloak CI	UNKNOWN STEP	  }
Status Check - Keycloak CI	UNKNOWN STEP	}
Status Check - Keycloak CI	UNKNOWN STEP	2026-01-23T09:57:30.6544247Z env:
Status Check - Keycloak CI	UNKNOWN STEP	2026-01-23T09:57:30.6544575Z   MAVEN_ARGS: -B -nsu -Daether.connector.http.connectionMaxTtl=25
Status Check - Keycloak CI	UNKNOWN STEP	2026-01-23T09:57:30.6544962Z   SUREFIRE_RERUN_FAILING_COUNT: 2
Status Check - Keycloak CI	UNKNOWN STEP	2026-01-23T09:57:30.6545299Z   SUREFIRE_RETRY: -Dsurefire.rerunFailingTestsCount=2
Status Check - Keycloak CI	UNKNOWN STEP	2026-01-23T09:57:30.6545633Z ##[endgroup]
Status Check - Keycloak CI	UNKNOWN STEP	2026-01-23T09:57:30.6649449Z ##[group]Run JOBS='{
Status Check - Keycloak CI	UNKNOWN STEP	2026-01-23T09:57:30.6649901Z [36;1mJOBS='{[0m
Status Check - Keycloak CI	UNKNOWN STEP	2026-01-23T09:57:30.6650147Z [36;1m  "conditional": {[0m
Status Check - Keycloak CI	UNKNOWN STEP	2026-01-23T09:57:30.6650436Z [36;1m    "result": "success",[0m
Status Check - Keycloak CI	UNKNOWN STEP	2026-01-23T09:57:30.6650711Z [36;1m    "outputs": {[0m
Status Check - Keycloak CI	UNKNOWN STEP	2026-01-23T09:57:30.6650963Z [36;1m      "ci-sssd": "false",[0m
Status Check - Keycloak CI	UNKNOWN STEP	2026-01-23T09:57:30.6651256Z [36;1m      "ci-webauthn": "true",[0m
Status Check - Keycloak CI	UNKNOWN STEP	2026-01-23T09:57:30.6651532Z [36;1m      "ci-aurora": "false",[0m
Status Check - Keycloak CI	UNKNOWN STEP	2026-01-23T09:57:30.6651823Z [36;1m      "ci-additional-dbs": "false",[0m
Status Check - Keycloak CI	UNKNOWN STEP	2026-01-23T09:57:30.6652115Z [36;1m      "ci-admin-v2": "false",[0m
Status Check - Keycloak CI	UNKNOWN STEP	2026-01-23T09:57:30.6652510Z [36;1m      "ci": "true",[0m
Status Check - Keycloak CI	UNKNOWN STEP	2026-01-23T09:57:30.6652770Z [36;1m      "ci-azure": "false",[0m
Status Check - Keycloak CI	UNKNOWN STEP	2026-01-23T09:57:30.6653070Z [36;1m      "ci-compatibility-matrix": "skip",[0m
Status Check - Keycloak CI	UNKNOWN STEP	2026-01-23T09:57:30.6653375Z [36;1m      "ci-quarkus": "false",[0m
Status Check - Keycloak CI	UNKNOWN STEP	2026-01-23T09:57:30.6653654Z [36;1m      "ci-store": "false"[0m
Status Check - Keycloak CI	UNKNOWN STEP	2026-01-23T09:57:30.6654090Z [36;1m    }[0m
Status Check - Keycloak CI	UNKNOWN STEP	2026-01-23T09:57:30.6654299Z [36;1m  },[0m
Status Check - Keycloak CI	UNKNOWN STEP	2026-01-23T09:57:30.6654508Z [36;1m  "build": {[0m
Status Check - Keycloak CI	UNKNOWN STEP	2026-01-23T09:57:30.6654741Z [36;1m    "result": "success",[0m
Status Check - Keycloak CI	UNKNOWN STEP	2026-01-23T09:57:30.6654994Z [36;1m    "outputs": {}[0m
Status Check - Keycloak CI	UNKNOWN STEP	2026-01-23T09:57:30.6655235Z [36;1m  },[0m
Status Check - Keycloak CI	UNKNOWN STEP	2026-01-23T09:57:30.6655451Z [36;1m  "unit-tests": {[0m
Status Check - Keycloak CI	UNKNOWN STEP	2026-01-23T09:57:30.6655700Z [36;1m    "result": "success",[0m
Status Check - Keycloak CI	UNKNOWN STEP	2026-01-23T09:57:30.6656076Z [36;1m    "outputs": {}[0m
Status Check - Keycloak CI	UNKNOWN STEP	2026-01-23T09:57:30.6656305Z [36;1m  },[0m
Status Check - Keycloak CI	UNKNOWN STEP	2026-01-23T09:57:30.6656534Z [36;1m  "base-integration-tests": {[0m
Status Check - Keycloak CI	UNKNOWN STEP	2026-01-23T09:57:30.6656807Z [36;1m    "result": "success",[0m
Status Check - Keycloak CI	UNKNOWN STEP	2026-01-23T09:57:30.6657070Z [36;1m    "outputs": {}[0m
Status Check - Keycloak CI	UNKNOWN STEP	2026-01-23T09:57:30.6657297Z [36;1m  },[0m
Status Check - Keycloak CI	UNKNOWN STEP	2026-01-23T09:57:30.6657537Z [36;1m  "adapter-integration-tests": {[0m
Status Check - Keycloak CI	UNKNOWN STEP	2026-01-23T09:57:30.6657817Z [36;1m    "result": "failure",[0m
Status Check - Keycloak CI	UNKNOWN STEP	2026-01-23T09:57:30.6658079Z [36;1m    "outputs": {}[0m
Status Check - Keycloak CI	UNKNOWN STEP	2026-01-23T09:57:30.6658313Z [36;1m  },[0m
Status Check - Keycloak CI	UNKNOWN STEP	2026-01-23T09:57:30.6658619Z [36;1m  "adapter-integration-tests-strict-cookies": {[0m
Status Check - Keycloak CI	UNKNOWN STEP	2026-01-23T09:57:30.6658965Z [36;1m    "result": "success",[0m
Status Check - Keycloak CI	UNKNOWN STEP	2026-01-23T09:57:30.6659216Z [36;1m    "outputs": {}[0m
Status Check - Keycloak CI	UNKNOWN STEP	2026-01-23T09:57:30.6659446Z [36;1m  },[0m
Status Check - Keycloak CI	UNKNOWN STEP	2026-01-23T09:57:30.6659667Z [36;1m  "quarkus-unit-tests": {[0m
Status Check - Keycloak CI	UNKNOWN STEP	2026-01-23T09:57:30.6659937Z [36;1m    "result": "skipped",[0m
Status Check - Keycloak CI	UNKNOWN STEP	2026-01-23T09:57:30.6660188Z [36;1m    "outputs": {}[0m
Status Check - Keycloak CI	UNKNOWN STEP	2026-01-23T09:57:30.6660427Z [36;1m  },[0m
Status Check - Keycloak CI	UNKNOWN STEP	2026-01-23T09:57:30.6660661Z [36;1m  "quarkus-integration-tests": {[0m
Status Check - Keycloak CI	UNKNOWN STEP	2026-01-23T09:57:30.6660945Z [36;1m    "result": "success",[0m
Status Check - Keycloak CI	UNKNOWN STEP	2026-01-23T09:57:30.6661206Z [36;1m    "outputs": {}[0m
Status Check - Keycloak CI	UNKNOWN STEP	2026-01-23T09:57:30.6661435Z [36;1m  },[0m
Status Check - Keycloak CI	UNKNOWN STEP	2026-01-23T09:57:30.6661661Z [36;1m  "jdk-integration-tests": {[0m
Status Check - Keycloak CI	UNKNOWN STEP	2026-01-23T09:57:30.6661928Z [36;1m    "result": "success",[0m
Status Check - Keycloak CI	UNKNOWN STEP	2026-01-23T09:57:30.6662183Z [36;1m    "outputs": {}[0m
Status Check - Keycloak CI	UNKNOWN STEP	2026-01-23T09:57:30.6662572Z [36;1m  },[0m
Status Check - Keycloak CI	UNKNOWN STEP	2026-01-23T09:57:30.6662810Z [36;1m  "store-integration-tests": {[0m
Status Check - Keycloak CI	UNKNOWN STEP	2026-01-23T09:57:30.6663090Z [36;1m    "result": "success",[0m
Status Check - Keycloak CI	UNKNOWN STEP	2026-01-23T09:57:30.6663346Z [36;1m    "outputs": {}[0m
Status Check - Keycloak CI	UNKNOWN STEP	2026-01-23T09:57:30.6663583Z [36;1m  },[0m
Status Check - Keycloak CI	UNKNOWN STEP	2026-01-23T09:57:30.6663805Z [36;1m  "volatile-sessions-tests": {[0m
Status Check - Keycloak CI	UNKNOWN STEP	2026-01-23T09:57:30.6664095Z [36;1m    "result": "skipped",[0m
Status Check - Keycloak CI	UNKNOWN STEP	2026-01-23T09:57:30.6664347Z [36;1m    "outputs": {}[0m
Status Check - Keycloak CI	UNKNOWN STEP	2026-01-23T09:57:30.6664604Z [36;1m  },[0m
Status Check - Keycloak CI	UNKNOWN STEP	2026-01-23T09:57:30.6664827Z [36;1m  "store-model-tests": {[0m
Status Check - Keycloak CI	UNKNOWN STEP	2026-01-23T09:57:30.6665088Z [36;1m    "result": "skipped",[0m
Status Check - Keycloak CI	UNKNOWN STEP	2026-01-23T09:57:30.6665345Z [36;1m    "outputs": {}[0m
Status Check - Keycloak CI	UNKNOWN STEP	2026-01-23T09:57:30.6665571Z [36;1m  },[0m
Status Check - Keycloak CI	UNKNOWN STEP	2026-01-23T09:57:30.6665816Z [36;1m  "clustering-integration-tests": {[0m
Status Check - Keycloak CI	UNKNOWN STEP	2026-01-23T09:57:30.6666099Z [36;1m    "result": "success",[0m
Status Check - Keycloak CI	UNKNOWN STEP	2026-01-23T09:57:30.6666351Z [36;1m    "outputs": {}[0m
Status Check - Keycloak CI	UNKNOWN STEP	2026-01-23T09:57:30.6666573Z [36;1m  },[0m
Status Check - Keycloak CI	UNKNOWN STEP	2026-01-23T09:57:30.6666791Z [36;1m  "fips-unit-tests": {[0m
Status Check - Keycloak CI	UNKNOWN STEP	2026-01-23T09:57:30.6667051Z [36;1m    "result": "success",[0m
Status Check - Keycloak CI	UNKNOWN STEP	2026-01-23T09:57:30.6667298Z [36;1m    "outputs": {}[0m
Status Check - Keycloak CI	UNKNOWN STEP	2026-01-23T09:57:30.6667533Z [36;1m  },[0m
Status Check - Keycloak CI	UNKNOWN STEP	2026-01-23T09:57:30.6667753Z [36;1m  "fips-integration-tests": {[0m
Status Check - Keycloak CI	UNKNOWN STEP	2026-01-23T09:57:30.6668027Z [36;1m    "result": "success",[0m
Status Check - Keycloak CI	UNKNOWN STEP	2026-01-23T09:57:30.6668274Z [36;1m    "outputs": {}[0m
Status Check - Keycloak CI	UNKNOWN STEP	2026-01-23T09:57:30.6668504Z [36;1m  },[0m
Status Check - Keycloak CI	UNKNOWN STEP	2026-01-23T09:57:30.6668730Z [36;1m  "forms-integration-tests": {[0m
Status Check - Keycloak CI	UNKNOWN STEP	2026-01-23T09:57:30.6669013Z [36;1m    "result": "success",[0m
Status Check - Keycloak CI	UNKNOWN STEP	2026-01-23T09:57:30.6669267Z [36;1m    "outputs": {}[0m
Status Check - Keycloak CI	UNKNOWN STEP	2026-01-23T09:57:30.6669499Z [36;1m  },[0m
Status Check - Keycloak CI	UNKNOWN STEP	2026-01-23T09:57:30.6669734Z [36;1m  "webauthn-integration-tests": {[0m
Status Check - Keycloak CI	UNKNOWN STEP	2026-01-23T09:57:30.6670015Z [36;1m    "result": "success",[0m
Status Check - Keycloak CI	UNKNOWN STEP	2026-01-23T09:57:30.6670268Z [36;1m    "outputs": {}[0m
Status Check - Keycloak CI	UNKNOWN STEP	2026-01-23T09:57:30.6670487Z [36;1m  },[0m
Status Check - Keycloak CI	UNKNOWN STEP	2026-01-23T09:57:30.6670704Z [36;1m  "sssd-unit-tests": {[0m
Status Check - Keycloak CI	UNKNOWN STEP	2026-01-23T09:57:30.6670956Z [36;1m    "result": "skipped",[0m
Status Check - Keycloak CI	UNKNOWN STEP	2026-01-23T09:57:30.6671213Z [36;1m    "outputs": {}[0m
Status Check - Keycloak CI	UNKNOWN STEP	2026-01-23T09:57:30.6671443Z [36;1m  },[0m
Status Check - Keycloak CI	UNKNOWN STEP	2026-01-23T09:57:30.6671769Z [36;1m  "migration-tests": {[0m
Status Check - Keycloak CI	UNKNOWN STEP	2026-01-23T09:57:30.6672038Z [36;1m    "result": "success",[0m
Status Check - Keycloak CI	UNKNOWN STEP	2026-01-23T09:57:30.6672367Z [36;1m    "outputs": {}[0m
Status Check - Keycloak CI	UNKNOWN STEP	2026-01-23T09:57:30.6672608Z [36;1m  },[0m
Status Check - Keycloak CI	UNKNOWN STEP	2026-01-23T09:57:30.6672836Z [36;1m  "external-infinispan-tests": {[0m
Status Check - Keycloak CI	UNKNOWN STEP	2026-01-23T09:57:30.6673126Z [36;1m    "result": "skipped",[0m
Status Check - Keycloak CI	UNKNOWN STEP	2026-01-23T09:57:30.6673375Z [36;1m    "outputs": {}[0m
Status Check - Keycloak CI	UNKNOWN STEP	2026-01-23T09:57:30.6673706Z [36;1m  },[0m
Status Check - Keycloak CI	UNKNOWN STEP	2026-01-23T09:57:30.6673919Z [36;1m  "test-framework": {[0m
Status Check - Keycloak CI	UNKNOWN STEP	2026-01-23T09:57:30.6674176Z [36;1m    "result": "success",[0m
Status Check - Keycloak CI	UNKNOWN STEP	2026-01-23T09:57:30.6674435Z [36;1m    "outputs": {}[0m
Status Check - Keycloak CI	UNKNOWN STEP	2026-01-23T09:57:30.6674659Z [36;1m  },[0m
Status Check - Keycloak CI	UNKNOWN STEP	2026-01-23T09:57:30.6674902Z [36;1m  "base-new-integration-tests": {[0m
Status Check - Keycloak CI	UNKNOWN STEP	2026-01-23T09:57:30.6675189Z [36;1m    "result": "success",[0m
Status Check - Keycloak CI	UNKNOWN STEP	2026-01-23T09:57:30.6675451Z [36;1m    "outputs": {}[0m
Status Check - Keycloak CI	UNKNOWN STEP	2026-01-23T09:57:30.6675685Z [36;1m  },[0m
Status Check - Keycloak CI	UNKNOWN STEP	2026-01-23T09:57:30.6675940Z [36;1m  "mixed-cluster-compatibility-tests": {[0m
Status Check - Keycloak CI	UNKNOWN STEP	2026-01-23T09:57:30.6676253Z [36;1m    "result": "skipped",[0m
Status Check - Keycloak CI	UNKNOWN STEP	2026-01-23T09:57:30.6676507Z [36;1m    "outputs": {}[0m
Status Check - Keycloak CI	UNKNOWN STEP	2026-01-23T09:57:30.6676740Z [36;1m  },[0m
Status Check - Keycloak CI	UNKNOWN STEP	2026-01-23T09:57:30.6676947Z [36;1m  "admin-v2-tests": {[0m
Status Check - Keycloak CI	UNKNOWN STEP	2026-01-23T09:57:30.6677204Z [36;1m    "result": "skipped",[0m
Status Check - Keycloak CI	UNKNOWN STEP	2026-01-23T09:57:30.6677448Z [36;1m    "outputs": {}[0m
Status Check - Keycloak CI	UNKNOWN STEP	2026-01-23T09:57:30.6677683Z [36;1m  }[0m
Status Check - Keycloak CI	UNKNOWN STEP	2026-01-23T09:57:30.6677882Z [36;1m}'[0m
Status Check - Keycloak CI	UNKNOWN STEP	2026-01-23T09:57:30.6678102Z [36;1m[0m
Status Check - Keycloak CI	UNKNOWN STEP	2026-01-23T09:57:30.6678299Z [36;1mecho "Job status:"[0m
Status Check - Keycloak CI	UNKNOWN STEP	2026-01-23T09:57:30.6678643Z [36;1mecho $JOBS | jq -r 'to_entries[] | " - \(.key): \(.value.result)"'[0m
Status Check - Keycloak CI	UNKNOWN STEP	2026-01-23T09:57:30.6678987Z [36;1m[0m
Status Check - Keycloak CI	UNKNOWN STEP	2026-01-23T09:57:30.6679263Z [36;1mfor i in $(echo $JOBS | jq -r 'to_entries[] | .value.result'); do[0m
Status Check - Keycloak CI	UNKNOWN STEP	2026-01-23T09:57:30.6679668Z [36;1m  if [ "$i" != "success" ] && [ "$i" != "skipped" ]; then[0m
Status Check - Keycloak CI	UNKNOWN STEP	2026-01-23T09:57:30.6679975Z [36;1m    echo ""[0m
Status Check - Keycloak CI	UNKNOWN STEP	2026-01-23T09:57:30.6680220Z [36;1m    echo "Status check not okay!"[0m
Status Check - Keycloak CI	UNKNOWN STEP	2026-01-23T09:57:30.6680482Z [36;1m    exit 1[0m
Status Check - Keycloak CI	UNKNOWN STEP	2026-01-23T09:57:30.6680697Z [36;1m  fi[0m
Status Check - Keycloak CI	UNKNOWN STEP	2026-01-23T09:57:30.6680888Z [36;1mdone[0m
Status Check - Keycloak CI	UNKNOWN STEP	2026-01-23T09:57:30.6704549Z shell: /usr/bin/bash --noprofile --norc -e -o pipefail {0}
Status Check - Keycloak CI	UNKNOWN STEP	2026-01-23T09:57:30.6704990Z env:
Status Check - Keycloak CI	UNKNOWN STEP	2026-01-23T09:57:30.6705331Z   MAVEN_ARGS: -B -nsu -Daether.connector.http.connectionMaxTtl=25
Status Check - Keycloak CI	UNKNOWN STEP	2026-01-23T09:57:30.6705764Z   SUREFIRE_RERUN_FAILING_COUNT: 2
Status Check - Keycloak CI	UNKNOWN STEP	2026-01-23T09:57:30.6706158Z   SUREFIRE_RETRY: -Dsurefire.rerunFailingTestsCount=2
Status Check - Keycloak CI	UNKNOWN STEP	2026-01-23T09:57:30.6706507Z ##[endgroup]
Status Check - Keycloak CI	UNKNOWN STEP	2026-01-23T09:57:30.6769198Z Job status:
Status Check - Keycloak CI	UNKNOWN STEP	2026-01-23T09:57:30.6794368Z  - conditional: success
Status Check - Keycloak CI	UNKNOWN STEP	2026-01-23T09:57:30.6794713Z  - build: success
Status Check - Keycloak CI	UNKNOWN STEP	2026-01-23T09:57:30.6794957Z  - unit-tests: success
Status Check - Keycloak CI	UNKNOWN STEP	2026-01-23T09:57:30.6795247Z  - base-integration-tests: success
Status Check - Keycloak CI	UNKNOWN STEP	2026-01-23T09:57:30.6795555Z  - adapter-integration-tests: failure
Status Check - Keycloak CI	UNKNOWN STEP	2026-01-23T09:57:30.6795931Z  - adapter-integration-tests-strict-cookies: success
Status Check - Keycloak CI	UNKNOWN STEP	2026-01-23T09:57:30.6796283Z  - quarkus-unit-tests: skipped
Status Check - Keycloak CI	UNKNOWN STEP	2026-01-23T09:57:30.6796623Z  - quarkus-integration-tests: success
Status Check - Keycloak CI	UNKNOWN STEP	2026-01-23T09:57:30.6796921Z  - jdk-integration-tests: success
Status Check - Keycloak CI	UNKNOWN STEP	2026-01-23T09:57:30.6797211Z  - store-integration-tests: success
Status Check - Keycloak CI	UNKNOWN STEP	2026-01-23T09:57:30.6797503Z  - volatile-sessions-tests: skipped
Status Check - Keycloak CI	UNKNOWN STEP	2026-01-23T09:57:30.6797791Z  - store-model-tests: skipped
Status Check - Keycloak CI	UNKNOWN STEP	2026-01-23T09:57:30.6798079Z  - clustering-integration-tests: success
Status Check - Keycloak CI	UNKNOWN STEP	2026-01-23T09:57:30.6798391Z  - fips-unit-tests: success
Status Check - Keycloak CI	UNKNOWN STEP	2026-01-23T09:57:30.6798683Z  - fips-integration-tests: success
Status Check - Keycloak CI	UNKNOWN STEP	2026-01-23T09:57:30.6798975Z  - forms-integration-tests: success
Status Check - Keycloak CI	UNKNOWN STEP	2026-01-23T09:57:30.6799315Z  - webauthn-integration-tests: success
Status Check - Keycloak CI	UNKNOWN STEP	2026-01-23T09:57:30.6799603Z  - sssd-unit-tests: skipped
Status Check - Keycloak CI	UNKNOWN STEP	2026-01-23T09:57:30.6799978Z  - migration-tests: success
Status Check - Keycloak CI	UNKNOWN STEP	2026-01-23T09:57:30.6800407Z  - external-infinispan-tests: skipped
Status Check - Keycloak CI	UNKNOWN STEP	2026-01-23T09:57:30.6800867Z  - test-framework: success
Status Check - Keycloak CI	UNKNOWN STEP	2026-01-23T09:57:30.6801310Z  - base-new-integration-tests: success
Status Check - Keycloak CI	UNKNOWN STEP	2026-01-23T09:57:30.6801876Z  - mixed-cluster-compatibility-tests: skipped
Status Check - Keycloak CI	UNKNOWN STEP	2026-01-23T09:57:30.6802682Z  - admin-v2-tests: skipped
Status Check - Keycloak CI	UNKNOWN STEP	2026-01-23T09:57:30.6826134Z 
Status Check - Keycloak CI	UNKNOWN STEP	2026-01-23T09:57:30.6826481Z Status check not okay!
Status Check - Keycloak CI	UNKNOWN STEP	2026-01-23T09:57:30.6839387Z ##[error]Process completed with exit code 1.
Status Check - Keycloak CI	UNKNOWN STEP	2026-01-23T09:57:30.6963003Z Post job cleanup.
Status Check - Keycloak CI	UNKNOWN STEP	2026-01-23T09:57:30.7705738Z [command]/usr/bin/git version
Status Check - Keycloak CI	UNKNOWN STEP	2026-01-23T09:57:30.7738323Z git version 2.52.0
Status Check - Keycloak CI	UNKNOWN STEP	2026-01-23T09:57:30.7771960Z Temporarily overriding HOME='/home/runner/work/_temp/9fc547be-e4fd-40e5-a73d-df393f0592ad' before making global git config changes
Status Check - Keycloak CI	UNKNOWN STEP	2026-01-23T09:57:30.7773556Z Adding repository directory to the temporary git global config as a safe directory
Status Check - Keycloak CI	UNKNOWN STEP	2026-01-23T09:57:30.7778051Z [command]/usr/bin/git config --global --add safe.directory /home/runner/work/keycloak/keycloak
Status Check - Keycloak CI	UNKNOWN STEP	2026-01-23T09:57:30.7807951Z [command]/usr/bin/git config --local --name-only --get-regexp core\.sshCommand
Status Check - Keycloak CI	UNKNOWN STEP	2026-01-23T09:57:30.7837486Z [command]/usr/bin/git submodule foreach --recursive sh -c "git config --local --name-only --get-regexp 'core\.sshCommand' && git config --local --unset-all 'core.sshCommand' || :"
Status Check - Keycloak CI	UNKNOWN STEP	2026-01-23T09:57:30.8041693Z [command]/usr/bin/git config --local --name-only --get-regexp http\.https\:\/\/github\.com\/\.extraheader
Status Check - Keycloak CI	UNKNOWN STEP	2026-01-23T09:57:30.8061975Z http.https://github.com/.extraheader
Status Check - Keycloak CI	UNKNOWN STEP	2026-01-23T09:57:30.8071463Z [command]/usr/bin/git config --local --unset-all http.https://github.com/.extraheader
Status Check - Keycloak CI	UNKNOWN STEP	2026-01-23T09:57:30.8098183Z [command]/usr/bin/git submodule foreach --recursive sh -c "git config --local --name-only --get-regexp 'http\.https\:\/\/github\.com\/\.extraheader' && git config --local --unset-all 'http.https://github.com/.extraheader' || :"
Status Check - Keycloak CI	UNKNOWN STEP	2026-01-23T09:57:30.8382641Z Cleaning up orphan processes
