FIPS IT (strict)	UNKNOWN STEP	ï»¿2025-11-12T12:47:03.6801262Z Current runner version: '2.329.0'
FIPS IT (strict)	UNKNOWN STEP	2025-11-12T12:47:03.6824358Z ##[group]Runner Image Provisioner
FIPS IT (strict)	UNKNOWN STEP	2025-11-12T12:47:03.6825190Z Hosted Compute Agent
FIPS IT (strict)	UNKNOWN STEP	2025-11-12T12:47:03.6825801Z Version: 20251016.436
FIPS IT (strict)	UNKNOWN STEP	2025-11-12T12:47:03.6826422Z Commit: 8ab8ac8bfd662a3739dab9fe09456aba92132568
FIPS IT (strict)	UNKNOWN STEP	2025-11-12T12:47:03.6827104Z Build Date: 2025-10-15T20:44:12Z
FIPS IT (strict)	UNKNOWN STEP	2025-11-12T12:47:03.6828039Z ##[endgroup]
FIPS IT (strict)	UNKNOWN STEP	2025-11-12T12:47:03.6828629Z ##[group]Operating System
FIPS IT (strict)	UNKNOWN STEP	2025-11-12T12:47:03.6829180Z Ubuntu
FIPS IT (strict)	UNKNOWN STEP	2025-11-12T12:47:03.6829732Z 24.04.3
FIPS IT (strict)	UNKNOWN STEP	2025-11-12T12:47:03.6830176Z LTS
FIPS IT (strict)	UNKNOWN STEP	2025-11-12T12:47:03.6830648Z ##[endgroup]
FIPS IT (strict)	UNKNOWN STEP	2025-11-12T12:47:03.6831144Z ##[group]Runner Image
FIPS IT (strict)	UNKNOWN STEP	2025-11-12T12:47:03.6831735Z Image: ubuntu-24.04
FIPS IT (strict)	UNKNOWN STEP	2025-11-12T12:47:03.6832216Z Version: 20251102.99.1
FIPS IT (strict)	UNKNOWN STEP	2025-11-12T12:47:03.6833254Z Included Software: https://github.com/actions/runner-images/blob/ubuntu24/20251102.99/images/ubuntu/Ubuntu2404-Readme.md
FIPS IT (strict)	UNKNOWN STEP	2025-11-12T12:47:03.6834820Z Image Release: https://github.com/actions/runner-images/releases/tag/ubuntu24%2F20251102.99
FIPS IT (strict)	UNKNOWN STEP	2025-11-12T12:47:03.6835868Z ##[endgroup]
FIPS IT (strict)	UNKNOWN STEP	2025-11-12T12:47:03.6836876Z ##[group]GITHUB_TOKEN Permissions
FIPS IT (strict)	UNKNOWN STEP	2025-11-12T12:47:03.6838838Z Contents: read
FIPS IT (strict)	UNKNOWN STEP	2025-11-12T12:47:03.6839506Z Metadata: read
FIPS IT (strict)	UNKNOWN STEP	2025-11-12T12:47:03.6840013Z ##[endgroup]
FIPS IT (strict)	UNKNOWN STEP	2025-11-12T12:47:03.6841924Z Secret source: None
FIPS IT (strict)	UNKNOWN STEP	2025-11-12T12:47:03.6842741Z Prepare workflow directory
FIPS IT (strict)	UNKNOWN STEP	2025-11-12T12:47:03.7382875Z Prepare all required actions
FIPS IT (strict)	UNKNOWN STEP	2025-11-12T12:47:03.7437190Z Getting action download info
FIPS IT (strict)	UNKNOWN STEP	2025-11-12T12:47:04.0326403Z Download action repository 'actions/checkout@08c6903cd8c0fde910a37f88322edcfb5dd907a8' (SHA:08c6903cd8c0fde910a37f88322edcfb5dd907a8)
FIPS IT (strict)	UNKNOWN STEP	2025-11-12T12:47:04.1987853Z Complete job name: FIPS IT (strict)
FIPS IT (strict)	UNKNOWN STEP	2025-11-12T12:47:04.2670879Z ##[group]Run actions/checkout@08c6903cd8c0fde910a37f88322edcfb5dd907a8
FIPS IT (strict)	UNKNOWN STEP	2025-11-12T12:47:04.2671904Z with:
FIPS IT (strict)	UNKNOWN STEP	2025-11-12T12:47:04.2672336Z   repository: keycloak/keycloak
FIPS IT (strict)	UNKNOWN STEP	2025-11-12T12:47:04.2673013Z   token: ***
FIPS IT (strict)	UNKNOWN STEP	2025-11-12T12:47:04.2673426Z   ssh-strict: true
FIPS IT (strict)	UNKNOWN STEP	2025-11-12T12:47:04.2673846Z   ssh-user: git
FIPS IT (strict)	UNKNOWN STEP	2025-11-12T12:47:04.2674302Z   persist-credentials: true
FIPS IT (strict)	UNKNOWN STEP	2025-11-12T12:47:04.2674770Z   clean: true
FIPS IT (strict)	UNKNOWN STEP	2025-11-12T12:47:04.2675208Z   sparse-checkout-cone-mode: true
FIPS IT (strict)	UNKNOWN STEP	2025-11-12T12:47:04.2675715Z   fetch-depth: 1
FIPS IT (strict)	UNKNOWN STEP	2025-11-12T12:47:04.2676155Z   fetch-tags: false
FIPS IT (strict)	UNKNOWN STEP	2025-11-12T12:47:04.2676593Z   show-progress: true
FIPS IT (strict)	UNKNOWN STEP	2025-11-12T12:47:04.2677040Z   lfs: false
FIPS IT (strict)	UNKNOWN STEP	2025-11-12T12:47:04.2677599Z   submodules: false
FIPS IT (strict)	UNKNOWN STEP	2025-11-12T12:47:04.2678041Z   set-safe-directory: true
FIPS IT (strict)	UNKNOWN STEP	2025-11-12T12:47:04.2678720Z env:
FIPS IT (strict)	UNKNOWN STEP	2025-11-12T12:47:04.2679299Z   MAVEN_ARGS: -B -nsu -Daether.connector.http.connectionMaxTtl=25
FIPS IT (strict)	UNKNOWN STEP	2025-11-12T12:47:04.2679982Z   SUREFIRE_RERUN_FAILING_COUNT: 2
FIPS IT (strict)	UNKNOWN STEP	2025-11-12T12:47:04.2680590Z   SUREFIRE_RETRY: -Dsurefire.rerunFailingTestsCount=2
FIPS IT (strict)	UNKNOWN STEP	2025-11-12T12:47:04.2681181Z ##[endgroup]
FIPS IT (strict)	UNKNOWN STEP	2025-11-12T12:47:04.3583792Z Syncing repository: keycloak/keycloak
FIPS IT (strict)	UNKNOWN STEP	2025-11-12T12:47:04.3585556Z ##[group]Getting Git version info
FIPS IT (strict)	UNKNOWN STEP	2025-11-12T12:47:04.3586273Z Working directory is '/home/runner/work/keycloak/keycloak'
FIPS IT (strict)	UNKNOWN STEP	2025-11-12T12:47:04.3587287Z [command]/usr/bin/git version
FIPS IT (strict)	UNKNOWN STEP	2025-11-12T12:47:04.3644303Z git version 2.51.2
FIPS IT (strict)	UNKNOWN STEP	2025-11-12T12:47:04.3697070Z ##[endgroup]
FIPS IT (strict)	UNKNOWN STEP	2025-11-12T12:47:04.3711157Z Temporarily overriding HOME='/home/runner/work/_temp/afeb8752-f274-4557-96bd-93dfa63bf4b1' before making global git config changes
FIPS IT (strict)	UNKNOWN STEP	2025-11-12T12:47:04.3713392Z Adding repository directory to the temporary git global config as a safe directory
FIPS IT (strict)	UNKNOWN STEP	2025-11-12T12:47:04.3716268Z [command]/usr/bin/git config --global --add safe.directory /home/runner/work/keycloak/keycloak
FIPS IT (strict)	UNKNOWN STEP	2025-11-12T12:47:04.3753192Z Deleting the contents of '/home/runner/work/keycloak/keycloak'
FIPS IT (strict)	UNKNOWN STEP	2025-11-12T12:47:04.3756870Z ##[group]Initializing the repository
FIPS IT (strict)	UNKNOWN STEP	2025-11-12T12:47:04.3761474Z [command]/usr/bin/git init /home/runner/work/keycloak/keycloak
FIPS IT (strict)	UNKNOWN STEP	2025-11-12T12:47:04.3865338Z hint: Using 'master' as the name for the initial branch. This default branch name
FIPS IT (strict)	UNKNOWN STEP	2025-11-12T12:47:04.3866829Z hint: is subject to change. To configure the initial branch name to use in all
FIPS IT (strict)	UNKNOWN STEP	2025-11-12T12:47:04.3868333Z hint: of your new repositories, which will suppress this warning, call:
FIPS IT (strict)	UNKNOWN STEP	2025-11-12T12:47:04.3869279Z hint:
FIPS IT (strict)	UNKNOWN STEP	2025-11-12T12:47:04.3869966Z hint: 	git config --global init.defaultBranch <name>
FIPS IT (strict)	UNKNOWN STEP	2025-11-12T12:47:04.3870871Z hint:
FIPS IT (strict)	UNKNOWN STEP	2025-11-12T12:47:04.3871710Z hint: Names commonly chosen instead of 'master' are 'main', 'trunk' and
FIPS IT (strict)	UNKNOWN STEP	2025-11-12T12:47:04.3873106Z hint: 'development'. The just-created branch can be renamed via this command:
FIPS IT (strict)	UNKNOWN STEP	2025-11-12T12:47:04.3873809Z hint:
FIPS IT (strict)	UNKNOWN STEP	2025-11-12T12:47:04.3874196Z hint: 	git branch -m <name>
FIPS IT (strict)	UNKNOWN STEP	2025-11-12T12:47:04.3874658Z hint:
FIPS IT (strict)	UNKNOWN STEP	2025-11-12T12:47:04.3875230Z hint: Disable this message with "git config set advice.defaultBranchName false"
FIPS IT (strict)	UNKNOWN STEP	2025-11-12T12:47:04.3876492Z Initialized empty Git repository in /home/runner/work/keycloak/keycloak/.git/
FIPS IT (strict)	UNKNOWN STEP	2025-11-12T12:47:04.3881350Z [command]/usr/bin/git remote add origin https://github.com/keycloak/keycloak
FIPS IT (strict)	UNKNOWN STEP	2025-11-12T12:47:04.3913320Z ##[endgroup]
FIPS IT (strict)	UNKNOWN STEP	2025-11-12T12:47:04.3914029Z ##[group]Disabling automatic garbage collection
FIPS IT (strict)	UNKNOWN STEP	2025-11-12T12:47:04.3918290Z [command]/usr/bin/git config --local gc.auto 0
FIPS IT (strict)	UNKNOWN STEP	2025-11-12T12:47:04.3945953Z ##[endgroup]
FIPS IT (strict)	UNKNOWN STEP	2025-11-12T12:47:04.3947116Z ##[group]Setting up auth
FIPS IT (strict)	UNKNOWN STEP	2025-11-12T12:47:04.3953376Z [command]/usr/bin/git config --local --name-only --get-regexp core\.sshCommand
FIPS IT (strict)	UNKNOWN STEP	2025-11-12T12:47:04.3983771Z [command]/usr/bin/git submodule foreach --recursive sh -c "git config --local --name-only --get-regexp 'core\.sshCommand' && git config --local --unset-all 'core.sshCommand' || :"
FIPS IT (strict)	UNKNOWN STEP	2025-11-12T12:47:04.4298234Z [command]/usr/bin/git config --local --name-only --get-regexp http\.https\:\/\/github\.com\/\.extraheader
FIPS IT (strict)	UNKNOWN STEP	2025-11-12T12:47:04.4329936Z [command]/usr/bin/git submodule foreach --recursive sh -c "git config --local --name-only --get-regexp 'http\.https\:\/\/github\.com\/\.extraheader' && git config --local --unset-all 'http.https://github.com/.extraheader' || :"
FIPS IT (strict)	UNKNOWN STEP	2025-11-12T12:47:04.4546890Z [command]/usr/bin/git config --local http.https://github.com/.extraheader AUTHORIZATION: basic ***
FIPS IT (strict)	UNKNOWN STEP	2025-11-12T12:47:04.4581162Z ##[endgroup]
FIPS IT (strict)	UNKNOWN STEP	2025-11-12T12:47:04.4582229Z ##[group]Fetching the repository
FIPS IT (strict)	UNKNOWN STEP	2025-11-12T12:47:04.4590741Z [command]/usr/bin/git -c protocol.version=2 fetch --no-tags --prune --no-recurse-submodules --depth=1 origin +ccb700f55947f6093d93061e862f56e05b87aa42:refs/remotes/pull/44167/merge
FIPS IT (strict)	UNKNOWN STEP	2025-11-12T12:47:06.5791617Z From https://github.com/keycloak/keycloak
FIPS IT (strict)	UNKNOWN STEP	2025-11-12T12:47:06.5793142Z  * [new ref]         ccb700f55947f6093d93061e862f56e05b87aa42 -> pull/44167/merge
FIPS IT (strict)	UNKNOWN STEP	2025-11-12T12:47:06.5823439Z ##[endgroup]
FIPS IT (strict)	UNKNOWN STEP	2025-11-12T12:47:06.5824610Z ##[group]Determining the checkout info
FIPS IT (strict)	UNKNOWN STEP	2025-11-12T12:47:06.5826240Z ##[endgroup]
FIPS IT (strict)	UNKNOWN STEP	2025-11-12T12:47:06.5831477Z [command]/usr/bin/git sparse-checkout disable
FIPS IT (strict)	UNKNOWN STEP	2025-11-12T12:47:06.5874781Z [command]/usr/bin/git config --local --unset-all extensions.worktreeConfig
FIPS IT (strict)	UNKNOWN STEP	2025-11-12T12:47:06.5902703Z ##[group]Checking out the ref
FIPS IT (strict)	UNKNOWN STEP	2025-11-12T12:47:06.5906747Z [command]/usr/bin/git checkout --progress --force refs/remotes/pull/44167/merge
FIPS IT (strict)	UNKNOWN STEP	2025-11-12T12:47:07.4174801Z Note: switching to 'refs/remotes/pull/44167/merge'.
FIPS IT (strict)	UNKNOWN STEP	2025-11-12T12:47:07.4176308Z 
FIPS IT (strict)	UNKNOWN STEP	2025-11-12T12:47:07.4176702Z You are in 'detached HEAD' state. You can look around, make experimental
FIPS IT (strict)	UNKNOWN STEP	2025-11-12T12:47:07.4177805Z changes and commit them, and you can discard any commits you make in this
FIPS IT (strict)	UNKNOWN STEP	2025-11-12T12:47:07.4178617Z state without impacting any branches by switching back to a branch.
FIPS IT (strict)	UNKNOWN STEP	2025-11-12T12:47:07.4179093Z 
FIPS IT (strict)	UNKNOWN STEP	2025-11-12T12:47:07.4179430Z If you want to create a new branch to retain commits you create, you may
FIPS IT (strict)	UNKNOWN STEP	2025-11-12T12:47:07.4180152Z do so (now or later) by using -c with the switch command. Example:
FIPS IT (strict)	UNKNOWN STEP	2025-11-12T12:47:07.4180568Z 
FIPS IT (strict)	UNKNOWN STEP	2025-11-12T12:47:07.4180757Z   git switch -c <new-branch-name>
FIPS IT (strict)	UNKNOWN STEP	2025-11-12T12:47:07.4181073Z 
FIPS IT (strict)	UNKNOWN STEP	2025-11-12T12:47:07.4181287Z Or undo this operation with:
FIPS IT (strict)	UNKNOWN STEP	2025-11-12T12:47:07.4181593Z 
FIPS IT (strict)	UNKNOWN STEP	2025-11-12T12:47:07.4181758Z   git switch -
FIPS IT (strict)	UNKNOWN STEP	2025-11-12T12:47:07.4182003Z 
FIPS IT (strict)	UNKNOWN STEP	2025-11-12T12:47:07.4182404Z Turn off this advice by setting config variable advice.detachedHead to false
FIPS IT (strict)	UNKNOWN STEP	2025-11-12T12:47:07.4182919Z 
FIPS IT (strict)	UNKNOWN STEP	2025-11-12T12:47:07.4183489Z HEAD is now at ccb700f Merge d348570978c8c80616c19af0e20f25f36cb24a82 into 2a196cb3736728a019d3093f9b432825fba438ca
FIPS IT (strict)	UNKNOWN STEP	2025-11-12T12:47:07.4211482Z ##[endgroup]
FIPS IT (strict)	UNKNOWN STEP	2025-11-12T12:47:07.4251411Z [command]/usr/bin/git log -1 --format=%H
FIPS IT (strict)	UNKNOWN STEP	2025-11-12T12:47:07.4275103Z ccb700f55947f6093d93061e862f56e05b87aa42
FIPS IT (strict)	UNKNOWN STEP	2025-11-12T12:47:07.4525086Z Prepare all required actions
FIPS IT (strict)	UNKNOWN STEP	2025-11-12T12:47:07.4525602Z Getting action download info
FIPS IT (strict)	UNKNOWN STEP	2025-11-12T12:47:07.6140132Z Download action repository 'actions/download-artifact@d3f86a106a0bac45b974a628896c90dbdf5c8093' (SHA:d3f86a106a0bac45b974a628896c90dbdf5c8093)
FIPS IT (strict)	UNKNOWN STEP	2025-11-12T12:47:08.0251276Z ##[group]Run ./.github/actions/integration-test-setup
FIPS IT (strict)	UNKNOWN STEP	2025-11-12T12:47:08.0251650Z with:
FIPS IT (strict)	UNKNOWN STEP	2025-11-12T12:47:08.0251862Z   jdk-version: 21
FIPS IT (strict)	UNKNOWN STEP	2025-11-12T12:47:08.0252088Z   jdk-dist: temurin
FIPS IT (strict)	UNKNOWN STEP	2025-11-12T12:47:08.0252318Z env:
FIPS IT (strict)	UNKNOWN STEP	2025-11-12T12:47:08.0252619Z   MAVEN_ARGS: -B -nsu -Daether.connector.http.connectionMaxTtl=25
FIPS IT (strict)	UNKNOWN STEP	2025-11-12T12:47:08.0252989Z   SUREFIRE_RERUN_FAILING_COUNT: 2
FIPS IT (strict)	UNKNOWN STEP	2025-11-12T12:47:08.0253316Z   SUREFIRE_RETRY: -Dsurefire.rerunFailingTestsCount=2
FIPS IT (strict)	UNKNOWN STEP	2025-11-12T12:47:08.0253670Z ##[endgroup]
FIPS IT (strict)	UNKNOWN STEP	2025-11-12T12:47:08.0343245Z Prepare all required actions
FIPS IT (strict)	UNKNOWN STEP	2025-11-12T12:47:08.0380073Z ##[group]Run ./.github/actions/update-hosts
FIPS IT (strict)	UNKNOWN STEP	2025-11-12T12:47:08.0380388Z env:
FIPS IT (strict)	UNKNOWN STEP	2025-11-12T12:47:08.0380732Z   MAVEN_ARGS: -B -nsu -Daether.connector.http.connectionMaxTtl=25
FIPS IT (strict)	UNKNOWN STEP	2025-11-12T12:47:08.0381111Z   SUREFIRE_RERUN_FAILING_COUNT: 2
FIPS IT (strict)	UNKNOWN STEP	2025-11-12T12:47:08.0381436Z   SUREFIRE_RETRY: -Dsurefire.rerunFailingTestsCount=2
FIPS IT (strict)	UNKNOWN STEP	2025-11-12T12:47:08.0381747Z ##[endgroup]
FIPS IT (strict)	UNKNOWN STEP	2025-11-12T12:47:08.0430209Z ##[group]Run printf "\n\n$(cat .github/actions/update-hosts/hosts)" | sudo tee -a /etc/hosts
FIPS IT (strict)	UNKNOWN STEP	2025-11-12T12:47:08.0430901Z [36;1mprintf "\n\n$(cat .github/actions/update-hosts/hosts)" | sudo tee -a /etc/hosts[0m
FIPS IT (strict)	UNKNOWN STEP	2025-11-12T12:47:08.0468545Z shell: /usr/bin/bash --noprofile --norc -e -o pipefail {0}
FIPS IT (strict)	UNKNOWN STEP	2025-11-12T12:47:08.0468922Z env:
FIPS IT (strict)	UNKNOWN STEP	2025-11-12T12:47:08.0469230Z   MAVEN_ARGS: -B -nsu -Daether.connector.http.connectionMaxTtl=25
FIPS IT (strict)	UNKNOWN STEP	2025-11-12T12:47:08.0469600Z   SUREFIRE_RERUN_FAILING_COUNT: 2
FIPS IT (strict)	UNKNOWN STEP	2025-11-12T12:47:08.0469952Z   SUREFIRE_RETRY: -Dsurefire.rerunFailingTestsCount=2
FIPS IT (strict)	UNKNOWN STEP	2025-11-12T12:47:08.0470284Z ##[endgroup]
FIPS IT (strict)	UNKNOWN STEP	2025-11-12T12:47:08.0682644Z 
FIPS IT (strict)	UNKNOWN STEP	2025-11-12T12:47:08.0682668Z 
FIPS IT (strict)	UNKNOWN STEP	2025-11-12T12:47:08.0683615Z 127.0.0.1 localtest.me admin.localtest.me localhost-myapp.localtest.me localhost-sso.localtest.me realmFrontend.localtest.me proxy.kc.localtest.me
FIPS IT (strict)	UNKNOWN STEP	2025-11-12T12:47:08.0697258Z ::1 localtest.me admin.localtest.me localhost-myapp.localtest.me localhost-sso.localtest.me realmFrontend.localtest.me proxy.kc.localtest.me
FIPS IT (strict)	UNKNOWN STEP	2025-11-12T12:47:08.0749162Z Prepare all required actions
FIPS IT (strict)	UNKNOWN STEP	2025-11-12T12:47:08.0749502Z Getting action download info
FIPS IT (strict)	UNKNOWN STEP	2025-11-12T12:47:08.2320056Z Download action repository 'actions/setup-java@c5195efecf7bdfc987ee8bae7a71cb8b11521c00' (SHA:c5195efecf7bdfc987ee8bae7a71cb8b11521c00)
FIPS IT (strict)	UNKNOWN STEP	2025-11-12T12:47:08.7069018Z ##[group]Run ./.github/actions/java-setup
FIPS IT (strict)	UNKNOWN STEP	2025-11-12T12:47:08.7069315Z with:
FIPS IT (strict)	UNKNOWN STEP	2025-11-12T12:47:08.7069504Z   distribution: temurin
FIPS IT (strict)	UNKNOWN STEP	2025-11-12T12:47:08.7069713Z   java-version: 21
FIPS IT (strict)	UNKNOWN STEP	2025-11-12T12:47:08.7069906Z env:
FIPS IT (strict)	UNKNOWN STEP	2025-11-12T12:47:08.7070174Z   MAVEN_ARGS: -B -nsu -Daether.connector.http.connectionMaxTtl=25
FIPS IT (strict)	UNKNOWN STEP	2025-11-12T12:47:08.7070517Z   SUREFIRE_RERUN_FAILING_COUNT: 2
FIPS IT (strict)	UNKNOWN STEP	2025-11-12T12:47:08.7070814Z   SUREFIRE_RETRY: -Dsurefire.rerunFailingTestsCount=2
FIPS IT (strict)	UNKNOWN STEP	2025-11-12T12:47:08.7071112Z ##[endgroup]
FIPS IT (strict)	UNKNOWN STEP	2025-11-12T12:47:08.7158827Z ##[group]Run actions/setup-java@c5195efecf7bdfc987ee8bae7a71cb8b11521c00
FIPS IT (strict)	UNKNOWN STEP	2025-11-12T12:47:08.7159225Z with:
FIPS IT (strict)	UNKNOWN STEP	2025-11-12T12:47:08.7159420Z   distribution: temurin
FIPS IT (strict)	UNKNOWN STEP	2025-11-12T12:47:08.7159638Z   java-version: 21
FIPS IT (strict)	UNKNOWN STEP	2025-11-12T12:47:08.7159832Z   java-package: jdk
FIPS IT (strict)	UNKNOWN STEP	2025-11-12T12:47:08.7160065Z   check-latest: false
FIPS IT (strict)	UNKNOWN STEP	2025-11-12T12:47:08.7160283Z   server-id: github
FIPS IT (strict)	UNKNOWN STEP	2025-11-12T12:47:08.7160500Z   server-username: GITHUB_ACTOR
FIPS IT (strict)	UNKNOWN STEP	2025-11-12T12:47:08.7160753Z   server-password: GITHUB_TOKEN
FIPS IT (strict)	UNKNOWN STEP	2025-11-12T12:47:08.7160989Z   overwrite-settings: true
FIPS IT (strict)	UNKNOWN STEP	2025-11-12T12:47:08.7161213Z   job-status: success
FIPS IT (strict)	UNKNOWN STEP	2025-11-12T12:47:08.7161542Z   token: ***
FIPS IT (strict)	UNKNOWN STEP	2025-11-12T12:47:08.7161729Z env:
FIPS IT (strict)	UNKNOWN STEP	2025-11-12T12:47:08.7162228Z   MAVEN_ARGS: -B -nsu -Daether.connector.http.connectionMaxTtl=25
FIPS IT (strict)	UNKNOWN STEP	2025-11-12T12:47:08.7162580Z   SUREFIRE_RERUN_FAILING_COUNT: 2
FIPS IT (strict)	UNKNOWN STEP	2025-11-12T12:47:08.7162876Z   SUREFIRE_RETRY: -Dsurefire.rerunFailingTestsCount=2
FIPS IT (strict)	UNKNOWN STEP	2025-11-12T12:47:08.7163336Z ##[endgroup]
FIPS IT (strict)	UNKNOWN STEP	2025-11-12T12:47:08.9154860Z ##[group]Installed distributions
FIPS IT (strict)	UNKNOWN STEP	2025-11-12T12:47:08.9245555Z Resolved Java 21.0.9+10 from tool-cache
FIPS IT (strict)	UNKNOWN STEP	2025-11-12T12:47:08.9246103Z Setting Java 21.0.9+10 as the default
FIPS IT (strict)	UNKNOWN STEP	2025-11-12T12:47:08.9264923Z Creating toolchains.xml for JDK version 21 from temurin
FIPS IT (strict)	UNKNOWN STEP	2025-11-12T12:47:08.9390761Z Writing to /home/runner/.m2/toolchains.xml
FIPS IT (strict)	UNKNOWN STEP	2025-11-12T12:47:08.9391544Z 
FIPS IT (strict)	UNKNOWN STEP	2025-11-12T12:47:08.9391750Z Java configuration:
FIPS IT (strict)	UNKNOWN STEP	2025-11-12T12:47:08.9392713Z   Distribution: temurin
FIPS IT (strict)	UNKNOWN STEP	2025-11-12T12:47:08.9393061Z   Version: 21.0.9+10
FIPS IT (strict)	UNKNOWN STEP	2025-11-12T12:47:08.9394388Z   Path: /opt/hostedtoolcache/Java_Temurin-Hotspot_jdk/21.0.9-10/x64
FIPS IT (strict)	UNKNOWN STEP	2025-11-12T12:47:08.9395940Z 
FIPS IT (strict)	UNKNOWN STEP	2025-11-12T12:47:08.9396408Z ##[endgroup]
FIPS IT (strict)	UNKNOWN STEP	2025-11-12T12:47:08.9409427Z Creating settings.xml with server-id: github
FIPS IT (strict)	UNKNOWN STEP	2025-11-12T12:47:08.9418793Z Writing to /home/runner/.m2/settings.xml
FIPS IT (strict)	UNKNOWN STEP	2025-11-12T12:47:08.9557084Z Prepare all required actions
FIPS IT (strict)	UNKNOWN STEP	2025-11-12T12:47:08.9557392Z Getting action download info
FIPS IT (strict)	UNKNOWN STEP	2025-11-12T12:47:09.1137189Z Download action repository 'actions/cache@5a3ec84eff668545956fd18022155c47e93e2684' (SHA:5a3ec84eff668545956fd18022155c47e93e2684)
FIPS IT (strict)	UNKNOWN STEP	2025-11-12T12:47:09.2336949Z ##[group]Run ./.github/actions/maven-cache
FIPS IT (strict)	UNKNOWN STEP	2025-11-12T12:47:09.2337240Z with:
FIPS IT (strict)	UNKNOWN STEP	2025-11-12T12:47:09.2337599Z   create-cache-if-it-doesnt-exist: false
FIPS IT (strict)	UNKNOWN STEP	2025-11-12T12:47:09.2337865Z env:
FIPS IT (strict)	UNKNOWN STEP	2025-11-12T12:47:09.2338127Z   MAVEN_ARGS: -B -nsu -Daether.connector.http.connectionMaxTtl=25
FIPS IT (strict)	UNKNOWN STEP	2025-11-12T12:47:09.2338477Z   SUREFIRE_RERUN_FAILING_COUNT: 2
FIPS IT (strict)	UNKNOWN STEP	2025-11-12T12:47:09.2338771Z   SUREFIRE_RETRY: -Dsurefire.rerunFailingTestsCount=2
FIPS IT (strict)	UNKNOWN STEP	2025-11-12T12:47:09.2339170Z   JAVA_HOME: /opt/hostedtoolcache/Java_Temurin-Hotspot_jdk/21.0.9-10/x64
FIPS IT (strict)	UNKNOWN STEP	2025-11-12T12:47:09.2339631Z   JAVA_HOME_21_X64: /opt/hostedtoolcache/Java_Temurin-Hotspot_jdk/21.0.9-10/x64
FIPS IT (strict)	UNKNOWN STEP	2025-11-12T12:47:09.2339991Z ##[endgroup]
FIPS IT (strict)	UNKNOWN STEP	2025-11-12T12:47:09.2360491Z ##[group]Run echo "key=mvn-`date -u "+%Y-%U"`" >> $GITHUB_OUTPUT
FIPS IT (strict)	UNKNOWN STEP	2025-11-12T12:47:09.2360887Z [36;1mecho "key=mvn-`date -u "+%Y-%U"`" >> $GITHUB_OUTPUT[0m
FIPS IT (strict)	UNKNOWN STEP	2025-11-12T12:47:09.2395670Z shell: /usr/bin/bash --noprofile --norc -e -o pipefail {0}
FIPS IT (strict)	UNKNOWN STEP	2025-11-12T12:47:09.2396002Z env:
FIPS IT (strict)	UNKNOWN STEP	2025-11-12T12:47:09.2396274Z   MAVEN_ARGS: -B -nsu -Daether.connector.http.connectionMaxTtl=25
FIPS IT (strict)	UNKNOWN STEP	2025-11-12T12:47:09.2396616Z   SUREFIRE_RERUN_FAILING_COUNT: 2
FIPS IT (strict)	UNKNOWN STEP	2025-11-12T12:47:09.2396904Z   SUREFIRE_RETRY: -Dsurefire.rerunFailingTestsCount=2
FIPS IT (strict)	UNKNOWN STEP	2025-11-12T12:47:09.2397304Z   JAVA_HOME: /opt/hostedtoolcache/Java_Temurin-Hotspot_jdk/21.0.9-10/x64
FIPS IT (strict)	UNKNOWN STEP	2025-11-12T12:47:09.2397880Z   JAVA_HOME_21_X64: /opt/hostedtoolcache/Java_Temurin-Hotspot_jdk/21.0.9-10/x64
FIPS IT (strict)	UNKNOWN STEP	2025-11-12T12:47:09.2398236Z ##[endgroup]
FIPS IT (strict)	UNKNOWN STEP	2025-11-12T12:47:09.2531501Z ##[group]Run actions/cache/restore@5a3ec84eff668545956fd18022155c47e93e2684
FIPS IT (strict)	UNKNOWN STEP	2025-11-12T12:47:09.2531854Z with:
FIPS IT (strict)	UNKNOWN STEP	2025-11-12T12:47:09.2532103Z   path: ~/.m2/repository/*/*
FIPS IT (strict)	UNKNOWN STEP	!~/.m2/repository/org/keycloak
FIPS IT (strict)	UNKNOWN STEP	
FIPS IT (strict)	UNKNOWN STEP	2025-11-12T12:47:09.2532430Z   key: mvn-Linux-mvn-2025-45
FIPS IT (strict)	UNKNOWN STEP	2025-11-12T12:47:09.2532656Z   restore-keys: mvn--mvn-2025-45
FIPS IT (strict)	UNKNOWN STEP	
FIPS IT (strict)	UNKNOWN STEP	2025-11-12T12:47:09.2532897Z   enableCrossOsArchive: true
FIPS IT (strict)	UNKNOWN STEP	2025-11-12T12:47:09.2533119Z   fail-on-cache-miss: false
FIPS IT (strict)	UNKNOWN STEP	2025-11-12T12:47:09.2533336Z   lookup-only: false
FIPS IT (strict)	UNKNOWN STEP	2025-11-12T12:47:09.2533512Z env:
FIPS IT (strict)	UNKNOWN STEP	2025-11-12T12:47:09.2533771Z   MAVEN_ARGS: -B -nsu -Daether.connector.http.connectionMaxTtl=25
FIPS IT (strict)	UNKNOWN STEP	2025-11-12T12:47:09.2534105Z   SUREFIRE_RERUN_FAILING_COUNT: 2
FIPS IT (strict)	UNKNOWN STEP	2025-11-12T12:47:09.2534385Z   SUREFIRE_RETRY: -Dsurefire.rerunFailingTestsCount=2
FIPS IT (strict)	UNKNOWN STEP	2025-11-12T12:47:09.2534777Z   JAVA_HOME: /opt/hostedtoolcache/Java_Temurin-Hotspot_jdk/21.0.9-10/x64
FIPS IT (strict)	UNKNOWN STEP	2025-11-12T12:47:09.2535213Z   JAVA_HOME_21_X64: /opt/hostedtoolcache/Java_Temurin-Hotspot_jdk/21.0.9-10/x64
FIPS IT (strict)	UNKNOWN STEP	2025-11-12T12:47:09.2535552Z ##[endgroup]
FIPS IT (strict)	UNKNOWN STEP	2025-11-12T12:47:09.4915013Z Cache hit for: mvn-Linux-mvn-2025-45
FIPS IT (strict)	UNKNOWN STEP	2025-11-12T12:47:10.7092263Z Received 134217728 of 702550131 (19.1%), 120.0 MBs/sec
FIPS IT (strict)	UNKNOWN STEP	2025-11-12T12:47:11.7102652Z Received 322961408 of 702550131 (46.0%), 148.9 MBs/sec
FIPS IT (strict)	UNKNOWN STEP	2025-11-12T12:47:12.7107759Z Received 515899392 of 702550131 (73.4%), 160.3 MBs/sec
FIPS IT (strict)	UNKNOWN STEP	2025-11-12T12:47:13.7183589Z Received 671088640 of 702550131 (95.5%), 157.0 MBs/sec
FIPS IT (strict)	UNKNOWN STEP	2025-11-12T12:47:13.8400730Z Received 702550131 of 702550131 (100.0%), 159.6 MBs/sec
FIPS IT (strict)	UNKNOWN STEP	2025-11-12T12:47:13.8403571Z Cache Size: ~670 MB (702550131 B)
FIPS IT (strict)	UNKNOWN STEP	2025-11-12T12:47:13.8508736Z [command]/usr/bin/tar -xf /home/runner/work/_temp/511113ab-a4e7-475e-8fd2-bc4bfa1e0781/cache.tzst -P -C /home/runner/work/keycloak/keycloak --use-compress-program unzstd
FIPS IT (strict)	UNKNOWN STEP	2025-11-12T12:47:16.0943552Z Cache restored successfully
FIPS IT (strict)	UNKNOWN STEP	2025-11-12T12:47:16.2366977Z Cache restored from key: mvn-Linux-mvn-2025-45
FIPS IT (strict)	UNKNOWN STEP	2025-11-12T12:47:16.2500976Z Prepare all required actions
FIPS IT (strict)	UNKNOWN STEP	2025-11-12T12:47:16.2501276Z Getting action download info
FIPS IT (strict)	UNKNOWN STEP	2025-11-12T12:47:16.4223177Z ##[group]Run ./.github/actions/node-cache
FIPS IT (strict)	UNKNOWN STEP	2025-11-12T12:47:16.4223456Z env:
FIPS IT (strict)	UNKNOWN STEP	2025-11-12T12:47:16.4223734Z   MAVEN_ARGS: -B -nsu -Daether.connector.http.connectionMaxTtl=25
FIPS IT (strict)	UNKNOWN STEP	2025-11-12T12:47:16.4224092Z   SUREFIRE_RERUN_FAILING_COUNT: 2
FIPS IT (strict)	UNKNOWN STEP	2025-11-12T12:47:16.4224391Z   SUREFIRE_RETRY: -Dsurefire.rerunFailingTestsCount=2
FIPS IT (strict)	UNKNOWN STEP	2025-11-12T12:47:16.4224830Z   JAVA_HOME: /opt/hostedtoolcache/Java_Temurin-Hotspot_jdk/21.0.9-10/x64
FIPS IT (strict)	UNKNOWN STEP	2025-11-12T12:47:16.4225286Z   JAVA_HOME_21_X64: /opt/hostedtoolcache/Java_Temurin-Hotspot_jdk/21.0.9-10/x64
FIPS IT (strict)	UNKNOWN STEP	2025-11-12T12:47:16.4225644Z ##[endgroup]
FIPS IT (strict)	UNKNOWN STEP	2025-11-12T12:47:16.4246712Z ##[group]Run echo "node=$(cat js/pom.xml | grep '<node.version>' | cut -d '>' -f 2 | cut -d '<' -f 1 | cut -c 2-)" >> $GITHUB_OUTPUT
FIPS IT (strict)	UNKNOWN STEP	2025-11-12T12:47:16.4247403Z [36;1mecho "node=$(cat js/pom.xml | grep '<node.version>' | cut -d '>' -f 2 | cut -d '<' -f 1 | cut -c 2-)" >> $GITHUB_OUTPUT[0m
FIPS IT (strict)	UNKNOWN STEP	2025-11-12T12:47:16.4248365Z [36;1mecho "pnpm=$(cat js/pom.xml | grep '<pnpm.version>' | cut -d '>' -f 2 | cut -d '<' -f 1 | cut -c 1-)" >> $GITHUB_OUTPUT[0m
FIPS IT (strict)	UNKNOWN STEP	2025-11-12T12:47:16.4283293Z shell: /usr/bin/bash --noprofile --norc -e -o pipefail {0}
FIPS IT (strict)	UNKNOWN STEP	2025-11-12T12:47:16.4283620Z env:
FIPS IT (strict)	UNKNOWN STEP	2025-11-12T12:47:16.4283899Z   MAVEN_ARGS: -B -nsu -Daether.connector.http.connectionMaxTtl=25
FIPS IT (strict)	UNKNOWN STEP	2025-11-12T12:47:16.4284255Z   SUREFIRE_RERUN_FAILING_COUNT: 2
FIPS IT (strict)	UNKNOWN STEP	2025-11-12T12:47:16.4284555Z   SUREFIRE_RETRY: -Dsurefire.rerunFailingTestsCount=2
FIPS IT (strict)	UNKNOWN STEP	2025-11-12T12:47:16.4284970Z   JAVA_HOME: /opt/hostedtoolcache/Java_Temurin-Hotspot_jdk/21.0.9-10/x64
FIPS IT (strict)	UNKNOWN STEP	2025-11-12T12:47:16.4285420Z   JAVA_HOME_21_X64: /opt/hostedtoolcache/Java_Temurin-Hotspot_jdk/21.0.9-10/x64
FIPS IT (strict)	UNKNOWN STEP	2025-11-12T12:47:16.4285766Z ##[endgroup]
FIPS IT (strict)	UNKNOWN STEP	2025-11-12T12:47:16.4435433Z ##[group]Run actions/cache@5a3ec84eff668545956fd18022155c47e93e2684
FIPS IT (strict)	UNKNOWN STEP	2025-11-12T12:47:16.4435743Z with:
FIPS IT (strict)	UNKNOWN STEP	2025-11-12T12:47:16.4436100Z   path: ~/.m2/repository/com/github/eirslett/node
FIPS IT (strict)	UNKNOWN STEP	~/.m2/repository/com/github/eirslett/pnpm
FIPS IT (strict)	UNKNOWN STEP	
FIPS IT (strict)	UNKNOWN STEP	2025-11-12T12:47:16.4436575Z   key: Linux-frontend-plugin-artifacts-24.9.0-10.14.0
FIPS IT (strict)	UNKNOWN STEP	2025-11-12T12:47:16.4436884Z   enableCrossOsArchive: false
FIPS IT (strict)	UNKNOWN STEP	2025-11-12T12:47:16.4437117Z   fail-on-cache-miss: false
FIPS IT (strict)	UNKNOWN STEP	2025-11-12T12:47:16.4437330Z   lookup-only: false
FIPS IT (strict)	UNKNOWN STEP	2025-11-12T12:47:16.4437762Z   save-always: false
FIPS IT (strict)	UNKNOWN STEP	2025-11-12T12:47:16.4438044Z env:
FIPS IT (strict)	UNKNOWN STEP	2025-11-12T12:47:16.4438303Z   MAVEN_ARGS: -B -nsu -Daether.connector.http.connectionMaxTtl=25
FIPS IT (strict)	UNKNOWN STEP	2025-11-12T12:47:16.4438639Z   SUREFIRE_RERUN_FAILING_COUNT: 2
FIPS IT (strict)	UNKNOWN STEP	2025-11-12T12:47:16.4438918Z   SUREFIRE_RETRY: -Dsurefire.rerunFailingTestsCount=2
FIPS IT (strict)	UNKNOWN STEP	2025-11-12T12:47:16.4439330Z   JAVA_HOME: /opt/hostedtoolcache/Java_Temurin-Hotspot_jdk/21.0.9-10/x64
FIPS IT (strict)	UNKNOWN STEP	2025-11-12T12:47:16.4439777Z   JAVA_HOME_21_X64: /opt/hostedtoolcache/Java_Temurin-Hotspot_jdk/21.0.9-10/x64
FIPS IT (strict)	UNKNOWN STEP	2025-11-12T12:47:16.4440119Z ##[endgroup]
FIPS IT (strict)	UNKNOWN STEP	2025-11-12T12:47:16.6873232Z Cache hit for: Linux-frontend-plugin-artifacts-24.9.0-10.14.0
FIPS IT (strict)	UNKNOWN STEP	2025-11-12T12:47:17.7961120Z Received 134217728 of 178075408 (75.4%), 128.0 MBs/sec
FIPS IT (strict)	UNKNOWN STEP	2025-11-12T12:47:18.0502155Z Received 178075408 of 178075408 (100.0%), 135.4 MBs/sec
FIPS IT (strict)	UNKNOWN STEP	2025-11-12T12:47:18.0503073Z Cache Size: ~170 MB (178075408 B)
FIPS IT (strict)	UNKNOWN STEP	2025-11-12T12:47:18.0555177Z [command]/usr/bin/tar -xf /home/runner/work/_temp/e31967d3-5b56-4fb8-80b4-1c7bbf3f49d8/cache.tzst -P -C /home/runner/work/keycloak/keycloak --use-compress-program unzstd
FIPS IT (strict)	UNKNOWN STEP	2025-11-12T12:47:18.5312698Z Cache restored successfully
FIPS IT (strict)	UNKNOWN STEP	2025-11-12T12:47:18.5734507Z Cache restored from key: Linux-frontend-plugin-artifacts-24.9.0-10.14.0
FIPS IT (strict)	UNKNOWN STEP	2025-11-12T12:47:18.5854933Z Prepare all required actions
FIPS IT (strict)	UNKNOWN STEP	2025-11-12T12:47:18.5855269Z Getting action download info
FIPS IT (strict)	UNKNOWN STEP	2025-11-12T12:47:18.7388975Z ##[group]Run ./.github/actions/pnpm-store-cache
FIPS IT (strict)	UNKNOWN STEP	2025-11-12T12:47:18.7389258Z env:
FIPS IT (strict)	UNKNOWN STEP	2025-11-12T12:47:18.7389531Z   MAVEN_ARGS: -B -nsu -Daether.connector.http.connectionMaxTtl=25
FIPS IT (strict)	UNKNOWN STEP	2025-11-12T12:47:18.7389875Z   SUREFIRE_RERUN_FAILING_COUNT: 2
FIPS IT (strict)	UNKNOWN STEP	2025-11-12T12:47:18.7390156Z   SUREFIRE_RETRY: -Dsurefire.rerunFailingTestsCount=2
FIPS IT (strict)	UNKNOWN STEP	2025-11-12T12:47:18.7390561Z   JAVA_HOME: /opt/hostedtoolcache/Java_Temurin-Hotspot_jdk/21.0.9-10/x64
FIPS IT (strict)	UNKNOWN STEP	2025-11-12T12:47:18.7391016Z   JAVA_HOME_21_X64: /opt/hostedtoolcache/Java_Temurin-Hotspot_jdk/21.0.9-10/x64
FIPS IT (strict)	UNKNOWN STEP	2025-11-12T12:47:18.7391411Z ##[endgroup]
FIPS IT (strict)	UNKNOWN STEP	2025-11-12T12:47:18.7405846Z ##[group]Run echo "key=pnpm-store-`date -u "+%Y-%U"`" >> $GITHUB_OUTPUT
FIPS IT (strict)	UNKNOWN STEP	2025-11-12T12:47:18.7406326Z [36;1mecho "key=pnpm-store-`date -u "+%Y-%U"`" >> $GITHUB_OUTPUT[0m
FIPS IT (strict)	UNKNOWN STEP	2025-11-12T12:47:18.7438933Z shell: /usr/bin/bash --noprofile --norc -e -o pipefail {0}
FIPS IT (strict)	UNKNOWN STEP	2025-11-12T12:47:18.7439244Z env:
FIPS IT (strict)	UNKNOWN STEP	2025-11-12T12:47:18.7439521Z   MAVEN_ARGS: -B -nsu -Daether.connector.http.connectionMaxTtl=25
FIPS IT (strict)	UNKNOWN STEP	2025-11-12T12:47:18.7439862Z   SUREFIRE_RERUN_FAILING_COUNT: 2
FIPS IT (strict)	UNKNOWN STEP	2025-11-12T12:47:18.7440147Z   SUREFIRE_RETRY: -Dsurefire.rerunFailingTestsCount=2
FIPS IT (strict)	UNKNOWN STEP	2025-11-12T12:47:18.7440539Z   JAVA_HOME: /opt/hostedtoolcache/Java_Temurin-Hotspot_jdk/21.0.9-10/x64
FIPS IT (strict)	UNKNOWN STEP	2025-11-12T12:47:18.7440992Z   JAVA_HOME_21_X64: /opt/hostedtoolcache/Java_Temurin-Hotspot_jdk/21.0.9-10/x64
FIPS IT (strict)	UNKNOWN STEP	2025-11-12T12:47:18.7441334Z ##[endgroup]
FIPS IT (strict)	UNKNOWN STEP	2025-11-12T12:47:18.7539088Z ##[group]Run actions/cache@5a3ec84eff668545956fd18022155c47e93e2684
FIPS IT (strict)	UNKNOWN STEP	2025-11-12T12:47:18.7539411Z with:
FIPS IT (strict)	UNKNOWN STEP	2025-11-12T12:47:18.7539729Z   path: ~/.local/share/pnpm/store
FIPS IT (strict)	UNKNOWN STEP	~/AppData/Local/pnpm/store
FIPS IT (strict)	UNKNOWN STEP	~/Library/pnpm/store
FIPS IT (strict)	UNKNOWN STEP	
FIPS IT (strict)	UNKNOWN STEP	2025-11-12T12:47:18.7540116Z   key: Linux-pnpm-store-2025-45
FIPS IT (strict)	UNKNOWN STEP	2025-11-12T12:47:18.7540374Z   enableCrossOsArchive: false
FIPS IT (strict)	UNKNOWN STEP	2025-11-12T12:47:18.7540608Z   fail-on-cache-miss: false
FIPS IT (strict)	UNKNOWN STEP	2025-11-12T12:47:18.7540824Z   lookup-only: false
FIPS IT (strict)	UNKNOWN STEP	2025-11-12T12:47:18.7541020Z   save-always: false
FIPS IT (strict)	UNKNOWN STEP	2025-11-12T12:47:18.7541202Z env:
FIPS IT (strict)	UNKNOWN STEP	2025-11-12T12:47:18.7541463Z   MAVEN_ARGS: -B -nsu -Daether.connector.http.connectionMaxTtl=25
FIPS IT (strict)	UNKNOWN STEP	2025-11-12T12:47:18.7541801Z   SUREFIRE_RERUN_FAILING_COUNT: 2
FIPS IT (strict)	UNKNOWN STEP	2025-11-12T12:47:18.7542089Z   SUREFIRE_RETRY: -Dsurefire.rerunFailingTestsCount=2
FIPS IT (strict)	UNKNOWN STEP	2025-11-12T12:47:18.7542485Z   JAVA_HOME: /opt/hostedtoolcache/Java_Temurin-Hotspot_jdk/21.0.9-10/x64
FIPS IT (strict)	UNKNOWN STEP	2025-11-12T12:47:18.7542949Z   JAVA_HOME_21_X64: /opt/hostedtoolcache/Java_Temurin-Hotspot_jdk/21.0.9-10/x64
FIPS IT (strict)	UNKNOWN STEP	2025-11-12T12:47:18.7543297Z ##[endgroup]
FIPS IT (strict)	UNKNOWN STEP	2025-11-12T12:47:18.9911095Z Cache hit for: Linux-pnpm-store-2025-45
FIPS IT (strict)	UNKNOWN STEP	2025-11-12T12:47:20.1199801Z Received 134217728 of 140528283 (95.5%), 127.9 MBs/sec
FIPS IT (strict)	UNKNOWN STEP	2025-11-12T12:47:20.1981569Z Received 140528283 of 140528283 (100.0%), 124.1 MBs/sec
FIPS IT (strict)	UNKNOWN STEP	2025-11-12T12:47:20.1982997Z Cache Size: ~134 MB (140528283 B)
FIPS IT (strict)	UNKNOWN STEP	2025-11-12T12:47:20.2013972Z [command]/usr/bin/tar -xf /home/runner/work/_temp/5273fa61-d5a1-4c4c-964b-b197e4531812/cache.tzst -P -C /home/runner/work/keycloak/keycloak --use-compress-program unzstd
FIPS IT (strict)	UNKNOWN STEP	2025-11-12T12:47:23.1586355Z Cache restored successfully
FIPS IT (strict)	UNKNOWN STEP	2025-11-12T12:47:23.1950615Z Cache restored from key: Linux-pnpm-store-2025-45
FIPS IT (strict)	UNKNOWN STEP	2025-11-12T12:47:23.2092823Z ##[group]Run actions/download-artifact@d3f86a106a0bac45b974a628896c90dbdf5c8093
FIPS IT (strict)	UNKNOWN STEP	2025-11-12T12:47:23.2093206Z with:
FIPS IT (strict)	UNKNOWN STEP	2025-11-12T12:47:23.2093398Z   name: m2-keycloak.tzts
FIPS IT (strict)	UNKNOWN STEP	2025-11-12T12:47:23.2093626Z   merge-multiple: false
FIPS IT (strict)	UNKNOWN STEP	2025-11-12T12:47:23.2093860Z   repository: keycloak/keycloak
FIPS IT (strict)	UNKNOWN STEP	2025-11-12T12:47:23.2094092Z   run-id: 19297791202
FIPS IT (strict)	UNKNOWN STEP	2025-11-12T12:47:23.2094286Z env:
FIPS IT (strict)	UNKNOWN STEP	2025-11-12T12:47:23.2094559Z   MAVEN_ARGS: -B -nsu -Daether.connector.http.connectionMaxTtl=25
FIPS IT (strict)	UNKNOWN STEP	2025-11-12T12:47:23.2094907Z   SUREFIRE_RERUN_FAILING_COUNT: 2
FIPS IT (strict)	UNKNOWN STEP	2025-11-12T12:47:23.2095206Z   SUREFIRE_RETRY: -Dsurefire.rerunFailingTestsCount=2
FIPS IT (strict)	UNKNOWN STEP	2025-11-12T12:47:23.2095616Z   JAVA_HOME: /opt/hostedtoolcache/Java_Temurin-Hotspot_jdk/21.0.9-10/x64
FIPS IT (strict)	UNKNOWN STEP	2025-11-12T12:47:23.2096309Z   JAVA_HOME_21_X64: /opt/hostedtoolcache/Java_Temurin-Hotspot_jdk/21.0.9-10/x64
FIPS IT (strict)	UNKNOWN STEP	2025-11-12T12:47:23.2096659Z ##[endgroup]
FIPS IT (strict)	UNKNOWN STEP	2025-11-12T12:47:23.4043250Z Downloading single artifact
FIPS IT (strict)	UNKNOWN STEP	2025-11-12T12:47:23.5881648Z Preparing to download the following artifacts:
FIPS IT (strict)	UNKNOWN STEP	2025-11-12T12:47:23.5882776Z - m2-keycloak.tzts (ID: 4542997440, Size: 409934727, Expected Digest: sha256:9b2927000fb74f41314586ee294a411379faf0875bee8fb491ada82cd558cdf0)
FIPS IT (strict)	UNKNOWN STEP	2025-11-12T12:47:23.6716175Z Redirecting to blob download url: https://productionresultssa9.blob.core.windows.net/actions-results/3b57374d-79b1-436a-a336-d65cef8190ed/workflow-job-run-f7b7f1cc-dcbe-523a-988d-71b0f46198a4/artifacts/edc4cfb0355d37e325eaae6eb235756b36f79720f66ece617babf28220e9d051.zip
FIPS IT (strict)	UNKNOWN STEP	2025-11-12T12:47:23.6718886Z Starting download of artifact to: /home/runner/work/keycloak/keycloak
FIPS IT (strict)	UNKNOWN STEP	2025-11-12T12:47:23.8557974Z (node:2145) [DEP0005] DeprecationWarning: Buffer() is deprecated due to security and usability issues. Please use the Buffer.alloc(), Buffer.allocUnsafe(), or Buffer.from() methods instead.
FIPS IT (strict)	UNKNOWN STEP	2025-11-12T12:47:23.8559604Z (Use `node --trace-deprecation ...` to show where the warning was created)
FIPS IT (strict)	UNKNOWN STEP	2025-11-12T12:47:30.6120240Z SHA256 digest of downloaded artifact is 9b2927000fb74f41314586ee294a411379faf0875bee8fb491ada82cd558cdf0
FIPS IT (strict)	UNKNOWN STEP	2025-11-12T12:47:30.6121397Z Artifact download completed successfully.
FIPS IT (strict)	UNKNOWN STEP	2025-11-12T12:47:30.6122040Z Total of 1 artifact(s) downloaded
FIPS IT (strict)	UNKNOWN STEP	2025-11-12T12:47:30.6128170Z Download artifact has finished successfully
FIPS IT (strict)	UNKNOWN STEP	2025-11-12T12:47:30.6265044Z ##[group]Run if [ "$RUNNER_OS" == "Windows" ]; then
FIPS IT (strict)	UNKNOWN STEP	2025-11-12T12:47:30.6265416Z [36;1mif [ "$RUNNER_OS" == "Windows" ]; then[0m
FIPS IT (strict)	UNKNOWN STEP	2025-11-12T12:47:30.6265840Z [36;1m  # zstd binary might be missing in older versions, install only when necessary[0m
FIPS IT (strict)	UNKNOWN STEP	2025-11-12T12:47:30.6266298Z [36;1m  which zstd > /dev/null || choco install zstandard[0m
FIPS IT (strict)	UNKNOWN STEP	2025-11-12T12:47:30.6266607Z [36;1mfi[0m
FIPS IT (strict)	UNKNOWN STEP	2025-11-12T12:47:30.6266914Z [36;1mtar -C ~/ --use-compress-program="zstd -d" -xf m2-keycloak.tzts[0m
FIPS IT (strict)	UNKNOWN STEP	2025-11-12T12:47:30.6299266Z shell: /usr/bin/bash --noprofile --norc -e -o pipefail {0}
FIPS IT (strict)	UNKNOWN STEP	2025-11-12T12:47:30.6299599Z env:
FIPS IT (strict)	UNKNOWN STEP	2025-11-12T12:47:30.6299903Z   MAVEN_ARGS: -B -nsu -Daether.connector.http.connectionMaxTtl=25
FIPS IT (strict)	UNKNOWN STEP	2025-11-12T12:47:30.6300266Z   SUREFIRE_RERUN_FAILING_COUNT: 2
FIPS IT (strict)	UNKNOWN STEP	2025-11-12T12:47:30.6300584Z   SUREFIRE_RETRY: -Dsurefire.rerunFailingTestsCount=2
FIPS IT (strict)	UNKNOWN STEP	2025-11-12T12:47:30.6301020Z   JAVA_HOME: /opt/hostedtoolcache/Java_Temurin-Hotspot_jdk/21.0.9-10/x64
FIPS IT (strict)	UNKNOWN STEP	2025-11-12T12:47:30.6301502Z   JAVA_HOME_21_X64: /opt/hostedtoolcache/Java_Temurin-Hotspot_jdk/21.0.9-10/x64
FIPS IT (strict)	UNKNOWN STEP	2025-11-12T12:47:30.6301873Z ##[endgroup]
FIPS IT (strict)	UNKNOWN STEP	2025-11-12T12:47:31.2287052Z ##[group]Run cd .github/fake_fips
FIPS IT (strict)	UNKNOWN STEP	2025-11-12T12:47:31.2287914Z [36;1mcd .github/fake_fips[0m
FIPS IT (strict)	UNKNOWN STEP	2025-11-12T12:47:31.2288331Z [36;1mmake[0m
FIPS IT (strict)	UNKNOWN STEP	2025-11-12T12:47:31.2288682Z [36;1msudo insmod fake_fips.ko[0m
FIPS IT (strict)	UNKNOWN STEP	2025-11-12T12:47:31.2330471Z shell: /usr/bin/bash --noprofile --norc -e -o pipefail {0}
FIPS IT (strict)	UNKNOWN STEP	2025-11-12T12:47:31.2330826Z env:
FIPS IT (strict)	UNKNOWN STEP	2025-11-12T12:47:31.2331136Z   MAVEN_ARGS: -B -nsu -Daether.connector.http.connectionMaxTtl=25
FIPS IT (strict)	UNKNOWN STEP	2025-11-12T12:47:31.2331514Z   SUREFIRE_RERUN_FAILING_COUNT: 2
FIPS IT (strict)	UNKNOWN STEP	2025-11-12T12:47:31.2331820Z   SUREFIRE_RETRY: -Dsurefire.rerunFailingTestsCount=2
FIPS IT (strict)	UNKNOWN STEP	2025-11-12T12:47:31.2332251Z   JAVA_HOME: /opt/hostedtoolcache/Java_Temurin-Hotspot_jdk/21.0.9-10/x64
FIPS IT (strict)	UNKNOWN STEP	2025-11-12T12:47:31.2332729Z   JAVA_HOME_21_X64: /opt/hostedtoolcache/Java_Temurin-Hotspot_jdk/21.0.9-10/x64
FIPS IT (strict)	UNKNOWN STEP	2025-11-12T12:47:31.2333088Z ##[endgroup]
FIPS IT (strict)	UNKNOWN STEP	2025-11-12T12:47:31.2692770Z make -C /lib/modules/6.11.0-1018-azure/build M=/home/runner/work/keycloak/keycloak/.github/fake_fips modules
FIPS IT (strict)	UNKNOWN STEP	2025-11-12T12:47:31.3142190Z make[1]: Entering directory '/usr/src/linux-headers-6.11.0-1018-azure'
FIPS IT (strict)	UNKNOWN STEP	2025-11-12T12:47:33.2061392Z warning: the compiler differs from the one used to build the kernel
FIPS IT (strict)	UNKNOWN STEP	2025-11-12T12:47:33.2062487Z   The kernel was built by: x86_64-linux-gnu-gcc-13 (Ubuntu 13.3.0-6ubuntu2~24.04) 13.3.0
FIPS IT (strict)	UNKNOWN STEP	2025-11-12T12:47:33.2063427Z   You are using:           gcc-13 (Ubuntu 13.3.0-6ubuntu2~24.04) 13.3.0
FIPS IT (strict)	UNKNOWN STEP	2025-11-12T12:47:33.2147841Z   CC [M]  /home/runner/work/keycloak/keycloak/.github/fake_fips/fake_fips.o
FIPS IT (strict)	UNKNOWN STEP	2025-11-12T12:47:37.1634539Z   MODPOST /home/runner/work/keycloak/keycloak/.github/fake_fips/Module.symvers
FIPS IT (strict)	UNKNOWN STEP	2025-11-12T12:47:37.2544791Z   CC [M]  /home/runner/work/keycloak/keycloak/.github/fake_fips/fake_fips.mod.o
FIPS IT (strict)	UNKNOWN STEP	2025-11-12T12:47:37.5345017Z   LD [M]  /home/runner/work/keycloak/keycloak/.github/fake_fips/fake_fips.ko
FIPS IT (strict)	UNKNOWN STEP	2025-11-12T12:47:37.5691725Z Skipping BTF generation for /home/runner/work/keycloak/keycloak/.github/fake_fips/fake_fips.ko due to unavailability of vmlinux
FIPS IT (strict)	UNKNOWN STEP	2025-11-12T12:47:37.5692656Z   BTF [M] /home/runner/work/keycloak/keycloak/.github/fake_fips/fake_fips.ko
FIPS IT (strict)	UNKNOWN STEP	2025-11-12T12:47:37.5698281Z make[1]: Leaving directory '/usr/src/linux-headers-6.11.0-1018-azure'
FIPS IT (strict)	UNKNOWN STEP	2025-11-12T12:47:37.5858948Z ##[group]Run docker run --rm --workdir /github/workspace -e "SUREFIRE_RERUN_FAILING_COUNT" -v "/home/runner/work/keycloak/keycloak":"/github/workspace" -v "$HOME/.m2":"/root/.m2" registry.access.redhat.com/ubi8/ubi:latest .github/scripts/run-fips-it.sh strict
FIPS IT (strict)	UNKNOWN STEP	2025-11-12T12:47:37.5860645Z [36;1mdocker run --rm --workdir /github/workspace -e "SUREFIRE_RERUN_FAILING_COUNT" -v "/home/runner/work/keycloak/keycloak":"/github/workspace" -v "$HOME/.m2":"/root/.m2" registry.access.redhat.com/ubi8/ubi:latest .github/scripts/run-fips-it.sh strict[0m
FIPS IT (strict)	UNKNOWN STEP	2025-11-12T12:47:37.5893189Z shell: /usr/bin/bash --noprofile --norc -e -o pipefail {0}
FIPS IT (strict)	UNKNOWN STEP	2025-11-12T12:47:37.5893516Z env:
FIPS IT (strict)	UNKNOWN STEP	2025-11-12T12:47:37.5893797Z   MAVEN_ARGS: -B -nsu -Daether.connector.http.connectionMaxTtl=25
FIPS IT (strict)	UNKNOWN STEP	2025-11-12T12:47:37.5894148Z   SUREFIRE_RERUN_FAILING_COUNT: 2
FIPS IT (strict)	UNKNOWN STEP	2025-11-12T12:47:37.5894447Z   SUREFIRE_RETRY: -Dsurefire.rerunFailingTestsCount=2
FIPS IT (strict)	UNKNOWN STEP	2025-11-12T12:47:37.5894900Z   JAVA_HOME: /opt/hostedtoolcache/Java_Temurin-Hotspot_jdk/21.0.9-10/x64
FIPS IT (strict)	UNKNOWN STEP	2025-11-12T12:47:37.5895365Z   JAVA_HOME_21_X64: /opt/hostedtoolcache/Java_Temurin-Hotspot_jdk/21.0.9-10/x64
FIPS IT (strict)	UNKNOWN STEP	2025-11-12T12:47:37.5895736Z ##[endgroup]
FIPS IT (strict)	UNKNOWN STEP	2025-11-12T12:47:37.6627012Z Unable to find image 'registry.access.redhat.com/ubi8/ubi:latest' locally
FIPS IT (strict)	UNKNOWN STEP	2025-11-12T12:47:38.0795734Z latest: Pulling from ubi8/ubi
FIPS IT (strict)	UNKNOWN STEP	2025-11-12T12:47:38.1951664Z 6c502b378234: Pulling fs layer
FIPS IT (strict)	UNKNOWN STEP	2025-11-12T12:47:38.9479421Z 6c502b378234: Verifying Checksum
FIPS IT (strict)	UNKNOWN STEP	2025-11-12T12:47:38.9479913Z 6c502b378234: Download complete
FIPS IT (strict)	UNKNOWN STEP	2025-11-12T12:47:41.5186556Z 6c502b378234: Pull complete
FIPS IT (strict)	UNKNOWN STEP	2025-11-12T12:47:41.5241217Z Digest: sha256:bcfca5f27e2d2a822bdbbe7390601edefee48c3cae03b552a33235dcca4a0e24
FIPS IT (strict)	UNKNOWN STEP	2025-11-12T12:47:41.5269491Z Status: Downloaded newer image for registry.access.redhat.com/ubi8/ubi:latest
FIPS IT (strict)	UNKNOWN STEP	2025-11-12T12:47:43.8154377Z + rm -f /etc/system-fips
FIPS IT (strict)	UNKNOWN STEP	2025-11-12T12:47:43.8178372Z + dnf install -y java-21-openjdk-devel
FIPS IT (strict)	UNKNOWN STEP	2025-11-12T12:47:44.2324628Z Updating Subscription Management repositories.
FIPS IT (strict)	UNKNOWN STEP	2025-11-12T12:47:44.2327895Z Unable to read consumer identity
FIPS IT (strict)	UNKNOWN STEP	2025-11-12T12:47:44.2358449Z 
FIPS IT (strict)	UNKNOWN STEP	2025-11-12T12:47:44.2359008Z This system is not registered with an entitlement server. You can use subscription-manager to register.
FIPS IT (strict)	UNKNOWN STEP	2025-11-12T12:47:44.2359672Z 
FIPS IT (strict)	UNKNOWN STEP	2025-11-12T12:47:44.4355256Z Red Hat Universal Base Image 8 (RPMs) - BaseOS  4.3 MB/s | 733 kB     00:00    
FIPS IT (strict)	UNKNOWN STEP	2025-11-12T12:47:44.6325715Z Red Hat Universal Base Image 8 (RPMs) - AppStre  44 MB/s | 3.6 MB     00:00    
FIPS IT (strict)	UNKNOWN STEP	2025-11-12T12:47:45.2418976Z Red Hat Universal Base Image 8 (RPMs) - CodeRea 3.1 MB/s | 188 kB     00:00    
FIPS IT (strict)	UNKNOWN STEP	2025-11-12T12:47:45.5261488Z Dependencies resolved.
FIPS IT (strict)	UNKNOWN STEP	2025-11-12T12:47:45.5356004Z =================================================================================================
FIPS IT (strict)	UNKNOWN STEP	2025-11-12T12:47:45.5356758Z  Package                     Arch    Version                          Repository             Size
FIPS IT (strict)	UNKNOWN STEP	2025-11-12T12:47:45.5357429Z =================================================================================================
FIPS IT (strict)	UNKNOWN STEP	2025-11-12T12:47:45.5358061Z Installing:
FIPS IT (strict)	UNKNOWN STEP	2025-11-12T12:47:45.5358712Z  java-21-openjdk-devel       x86_64  1:21.0.9.0.10-1.el8              ubi-8-appstream-rpms  5.2 M
FIPS IT (strict)	UNKNOWN STEP	2025-11-12T12:47:45.5359410Z Installing dependencies:
FIPS IT (strict)	UNKNOWN STEP	2025-11-12T12:47:45.5360051Z  adwaita-cursor-theme        noarch  3.28.0-3.el8                     ubi-8-appstream-rpms  647 k
FIPS IT (strict)	UNKNOWN STEP	2025-11-12T12:47:45.5361602Z  adwaita-icon-theme          noarch  3.28.0-3.el8                     ubi-8-appstream-rpms   11 M
FIPS IT (strict)	UNKNOWN STEP	2025-11-12T12:47:45.5362253Z  alsa-lib                    x86_64  1.2.10-2.el8                     ubi-8-appstream-rpms  501 k
FIPS IT (strict)	UNKNOWN STEP	2025-11-12T12:47:45.5362844Z  at-spi2-atk                 x86_64  2.26.2-1.el8                     ubi-8-appstream-rpms   89 k
FIPS IT (strict)	UNKNOWN STEP	2025-11-12T12:47:45.5363637Z  at-spi2-core                x86_64  2.28.0-1.el8                     ubi-8-appstream-rpms  169 k
FIPS IT (strict)	UNKNOWN STEP	2025-11-12T12:47:45.5364339Z  atk                         x86_64  2.28.1-1.el8                     ubi-8-appstream-rpms  272 k
FIPS IT (strict)	UNKNOWN STEP	2025-11-12T12:47:45.5365363Z  avahi-libs                  x86_64  0.7-27.el8_10.1                  ubi-8-baseos-rpms      62 k
FIPS IT (strict)	UNKNOWN STEP	2025-11-12T12:47:45.5366136Z  cairo                       x86_64  1.15.12-6.el8                    ubi-8-appstream-rpms  719 k
FIPS IT (strict)	UNKNOWN STEP	2025-11-12T12:47:45.5366866Z  cairo-gobject               x86_64  1.15.12-6.el8                    ubi-8-appstream-rpms   33 k
FIPS IT (strict)	UNKNOWN STEP	2025-11-12T12:47:45.5367715Z  colord-libs                 x86_64  1.4.2-1.el8                      ubi-8-appstream-rpms  236 k
FIPS IT (strict)	UNKNOWN STEP	2025-11-12T12:47:45.5368221Z  copy-jdk-configs            noarch  4.0-2.el8                        ubi-8-appstream-rpms   31 k
FIPS IT (strict)	UNKNOWN STEP	2025-11-12T12:47:45.5368707Z  cups-libs                   x86_64  1:2.2.6-63.el8_10                ubi-8-baseos-rpms     436 k
FIPS IT (strict)	UNKNOWN STEP	2025-11-12T12:47:45.5369199Z  dejavu-fonts-common         noarch  2.35-7.el8                       ubi-8-baseos-rpms      74 k
FIPS IT (strict)	UNKNOWN STEP	2025-11-12T12:47:45.5369732Z  dejavu-sans-mono-fonts      noarch  2.35-7.el8                       ubi-8-baseos-rpms     447 k
FIPS IT (strict)	UNKNOWN STEP	2025-11-12T12:47:45.5370230Z  fontconfig                  x86_64  2.13.1-4.el8                     ubi-8-baseos-rpms     274 k
FIPS IT (strict)	UNKNOWN STEP	2025-11-12T12:47:45.5370739Z  fontpackages-filesystem     noarch  1.44-22.el8                      ubi-8-baseos-rpms      16 k
FIPS IT (strict)	UNKNOWN STEP	2025-11-12T12:47:45.5371240Z  freetype                    x86_64  2.9.1-10.el8_10                  ubi-8-baseos-rpms     394 k
FIPS IT (strict)	UNKNOWN STEP	2025-11-12T12:47:45.5371681Z  fribidi                     x86_64  1.0.4-9.el8                      ubi-8-appstream-rpms   89 k
FIPS IT (strict)	UNKNOWN STEP	2025-11-12T12:47:45.5372135Z  gdk-pixbuf2                 x86_64  2.36.12-7.el8_10                 ubi-8-baseos-rpms     467 k
FIPS IT (strict)	UNKNOWN STEP	2025-11-12T12:47:45.5372627Z  gdk-pixbuf2-modules         x86_64  2.36.12-7.el8_10                 ubi-8-appstream-rpms  109 k
FIPS IT (strict)	UNKNOWN STEP	2025-11-12T12:47:45.5373117Z  glib-networking             x86_64  2.56.1-1.1.el8                   ubi-8-baseos-rpms     155 k
FIPS IT (strict)	UNKNOWN STEP	2025-11-12T12:47:45.5373572Z  graphite2                   x86_64  1.3.10-10.el8                    ubi-8-appstream-rpms  122 k
FIPS IT (strict)	UNKNOWN STEP	2025-11-12T12:47:45.5374063Z  gsettings-desktop-schemas   x86_64  3.32.0-6.el8                     ubi-8-baseos-rpms     633 k
FIPS IT (strict)	UNKNOWN STEP	2025-11-12T12:47:45.5374597Z  gtk-update-icon-cache       x86_64  3.22.30-12.el8_10                ubi-8-appstream-rpms   32 k
FIPS IT (strict)	UNKNOWN STEP	2025-11-12T12:47:45.5375081Z  harfbuzz                    x86_64  1.7.5-4.el8                      ubi-8-appstream-rpms  296 k
FIPS IT (strict)	UNKNOWN STEP	2025-11-12T12:47:45.5375575Z  hicolor-icon-theme          noarch  0.17-2.el8                       ubi-8-appstream-rpms   48 k
FIPS IT (strict)	UNKNOWN STEP	2025-11-12T12:47:45.5376049Z  jasper-libs                 x86_64  2.0.14-6.el8_10                  ubi-8-appstream-rpms  167 k
FIPS IT (strict)	UNKNOWN STEP	2025-11-12T12:47:45.5376539Z  java-21-openjdk             x86_64  1:21.0.9.0.10-1.el8              ubi-8-appstream-rpms  393 k
FIPS IT (strict)	UNKNOWN STEP	2025-11-12T12:47:45.5377043Z  java-21-openjdk-headless    x86_64  1:21.0.9.0.10-1.el8              ubi-8-appstream-rpms   50 M
FIPS IT (strict)	UNKNOWN STEP	2025-11-12T12:47:45.5377799Z  javapackages-filesystem     noarch  5.3.0-1.module+el8+2447+6f56d9a6 ubi-8-appstream-rpms   30 k
FIPS IT (strict)	UNKNOWN STEP	2025-11-12T12:47:45.5378352Z  jbigkit-libs                x86_64  2.1-14.el8                       ubi-8-appstream-rpms   55 k
FIPS IT (strict)	UNKNOWN STEP	2025-11-12T12:47:45.5378798Z  lcms2                       x86_64  2.9-2.el8                        ubi-8-appstream-rpms  165 k
FIPS IT (strict)	UNKNOWN STEP	2025-11-12T12:47:45.5379224Z  libX11                      x86_64  1.6.8-9.el8_10                   ubi-8-appstream-rpms  612 k
FIPS IT (strict)	UNKNOWN STEP	2025-11-12T12:47:45.5379836Z  libX11-common               noarch  1.6.8-9.el8_10                   ubi-8-appstream-rpms  159 k
FIPS IT (strict)	UNKNOWN STEP	2025-11-12T12:47:45.5380284Z  libXau                      x86_64  1.0.9-3.el8                      ubi-8-appstream-rpms   37 k
FIPS IT (strict)	UNKNOWN STEP	2025-11-12T12:47:45.5380727Z  libXcomposite               x86_64  0.4.4-14.el8                     ubi-8-appstream-rpms   29 k
FIPS IT (strict)	UNKNOWN STEP	2025-11-12T12:47:45.5381186Z  libXcursor                  x86_64  1.1.15-3.el8                     ubi-8-appstream-rpms   36 k
FIPS IT (strict)	UNKNOWN STEP	2025-11-12T12:47:45.5381729Z  libXdamage                  x86_64  1.1.4-14.el8                     ubi-8-appstream-rpms   27 k
FIPS IT (strict)	UNKNOWN STEP	2025-11-12T12:47:45.5382757Z  libXext                     x86_64  1.3.4-1.el8                      ubi-8-appstream-rpms   45 k
FIPS IT (strict)	UNKNOWN STEP	2025-11-12T12:47:45.5383582Z  libXfixes                   x86_64  5.0.3-7.el8                      ubi-8-appstream-rpms   25 k
FIPS IT (strict)	UNKNOWN STEP	2025-11-12T12:47:45.5384344Z  libXft                      x86_64  2.3.3-1.el8                      ubi-8-appstream-rpms   67 k
FIPS IT (strict)	UNKNOWN STEP	2025-11-12T12:47:45.5385115Z  libXi                       x86_64  1.7.10-1.el8                     ubi-8-appstream-rpms   49 k
FIPS IT (strict)	UNKNOWN STEP	2025-11-12T12:47:45.5385890Z  libXinerama                 x86_64  1.1.4-1.el8                      ubi-8-appstream-rpms   16 k
FIPS IT (strict)	UNKNOWN STEP	2025-11-12T12:47:45.5386859Z  libXrandr                   x86_64  1.5.2-1.el8                      ubi-8-appstream-rpms   34 k
FIPS IT (strict)	UNKNOWN STEP	2025-11-12T12:47:45.5387818Z  libXrender                  x86_64  0.9.10-7.el8                     ubi-8-appstream-rpms   33 k
FIPS IT (strict)	UNKNOWN STEP	2025-11-12T12:47:45.5388553Z  libXtst                     x86_64  1.2.3-7.el8                      ubi-8-appstream-rpms   22 k
FIPS IT (strict)	UNKNOWN STEP	2025-11-12T12:47:45.5388994Z  libdatrie                   x86_64  0.2.9-7.el8                      ubi-8-appstream-rpms   33 k
FIPS IT (strict)	UNKNOWN STEP	2025-11-12T12:47:45.5389445Z  libepoxy                    x86_64  1.5.8-1.el8                      ubi-8-appstream-rpms  225 k
FIPS IT (strict)	UNKNOWN STEP	2025-11-12T12:47:45.5389897Z  libfontenc                  x86_64  1.1.3-8.el8                      ubi-8-appstream-rpms   37 k
FIPS IT (strict)	UNKNOWN STEP	2025-11-12T12:47:45.5390336Z  libgusb                     x86_64  0.3.0-1.el8                      ubi-8-baseos-rpms      49 k
FIPS IT (strict)	UNKNOWN STEP	2025-11-12T12:47:45.5390801Z  libjpeg-turbo               x86_64  1.5.3-14.el8_10                  ubi-8-appstream-rpms  157 k
FIPS IT (strict)	UNKNOWN STEP	2025-11-12T12:47:45.5391522Z  libmodman                   x86_64  2.0.1-17.el8                     ubi-8-baseos-rpms      36 k
FIPS IT (strict)	UNKNOWN STEP	2025-11-12T12:47:45.5392320Z  libpkgconf                  x86_64  1.4.2-1.el8                      ubi-8-baseos-rpms      35 k
FIPS IT (strict)	UNKNOWN STEP	2025-11-12T12:47:45.5393062Z  libpng                      x86_64  2:1.6.34-5.el8                   ubi-8-baseos-rpms     126 k
FIPS IT (strict)	UNKNOWN STEP	2025-11-12T12:47:45.5393499Z  libproxy                    x86_64  0.4.15-5.5.el8_10                ubi-8-baseos-rpms      73 k
FIPS IT (strict)	UNKNOWN STEP	2025-11-12T12:47:45.5393948Z  libsoup                     x86_64  2.62.3-10.el8_10                 ubi-8-baseos-rpms     425 k
FIPS IT (strict)	UNKNOWN STEP	2025-11-12T12:47:45.5394381Z  libthai                     x86_64  0.1.27-2.el8                     ubi-8-appstream-rpms  203 k
FIPS IT (strict)	UNKNOWN STEP	2025-11-12T12:47:45.5394817Z  libtiff                     x86_64  4.0.9-36.el8_10                  ubi-8-appstream-rpms  190 k
FIPS IT (strict)	UNKNOWN STEP	2025-11-12T12:47:45.5395361Z  libwayland-client           x86_64  1.21.0-1.el8                     ubi-8-appstream-rpms   41 k
FIPS IT (strict)	UNKNOWN STEP	2025-11-12T12:47:45.5395898Z  libwayland-cursor           x86_64  1.21.0-1.el8                     ubi-8-appstream-rpms   26 k
FIPS IT (strict)	UNKNOWN STEP	2025-11-12T12:47:45.5396388Z  libwayland-egl              x86_64  1.21.0-1.el8                     ubi-8-appstream-rpms   20 k
FIPS IT (strict)	UNKNOWN STEP	2025-11-12T12:47:45.5396836Z  libxcb                      x86_64  1.13.1-1.el8                     ubi-8-appstream-rpms  229 k
FIPS IT (strict)	UNKNOWN STEP	2025-11-12T12:47:45.5397283Z  libxkbcommon                x86_64  0.9.1-1.el8                      ubi-8-appstream-rpms  116 k
FIPS IT (strict)	UNKNOWN STEP	2025-11-12T12:47:45.5398007Z  lksctp-tools                x86_64  1.0.18-3.el8                     ubi-8-baseos-rpms     100 k
FIPS IT (strict)	UNKNOWN STEP	2025-11-12T12:47:45.5398442Z  lua                         x86_64  5.3.4-12.el8                     ubi-8-appstream-rpms  192 k
FIPS IT (strict)	UNKNOWN STEP	2025-11-12T12:47:45.5399106Z  nspr                        x86_64  4.36.0-2.el8_10                  ubi-8-appstream-rpms  143 k
FIPS IT (strict)	UNKNOWN STEP	2025-11-12T12:47:45.5399512Z  nss                         x86_64  3.112.0-4.el8_10                 ubi-8-appstream-rpms  771 k
FIPS IT (strict)	UNKNOWN STEP	2025-11-12T12:47:45.5399938Z  nss-softokn                 x86_64  3.112.0-4.el8_10                 ubi-8-appstream-rpms  540 k
FIPS IT (strict)	UNKNOWN STEP	2025-11-12T12:47:45.5400418Z  nss-softokn-freebl          x86_64  3.112.0-4.el8_10                 ubi-8-appstream-rpms  482 k
FIPS IT (strict)	UNKNOWN STEP	2025-11-12T12:47:45.5400900Z  nss-sysinit                 x86_64  3.112.0-4.el8_10                 ubi-8-appstream-rpms   76 k
FIPS IT (strict)	UNKNOWN STEP	2025-11-12T12:47:45.5401342Z  nss-util                    x86_64  3.112.0-4.el8_10                 ubi-8-appstream-rpms  143 k
FIPS IT (strict)	UNKNOWN STEP	2025-11-12T12:47:45.5402024Z  pango                       x86_64  1.42.4-8.el8                     ubi-8-appstream-rpms  297 k
FIPS IT (strict)	UNKNOWN STEP	2025-11-12T12:47:45.5402470Z  pixman                      x86_64  0.38.4-4.el8                     ubi-8-appstream-rpms  258 k
FIPS IT (strict)	UNKNOWN STEP	2025-11-12T12:47:45.5402912Z  pkgconf                     x86_64  1.4.2-1.el8                      ubi-8-baseos-rpms      38 k
FIPS IT (strict)	UNKNOWN STEP	2025-11-12T12:47:45.5403357Z  pkgconf-m4                  noarch  1.4.2-1.el8                      ubi-8-baseos-rpms      17 k
FIPS IT (strict)	UNKNOWN STEP	2025-11-12T12:47:45.5403826Z  pkgconf-pkg-config          x86_64  1.4.2-1.el8                      ubi-8-baseos-rpms      15 k
FIPS IT (strict)	UNKNOWN STEP	2025-11-12T12:47:45.5404277Z  rest                        x86_64  0.8.1-2.el8                      ubi-8-appstream-rpms   71 k
FIPS IT (strict)	UNKNOWN STEP	2025-11-12T12:47:45.5404716Z  shared-mime-info            x86_64  1.9-4.el8                        ubi-8-baseos-rpms     329 k
FIPS IT (strict)	UNKNOWN STEP	2025-11-12T12:47:45.5405183Z  ttmkfdir                    x86_64  3.0.9-54.el8                     ubi-8-appstream-rpms   62 k
FIPS IT (strict)	UNKNOWN STEP	2025-11-12T12:47:45.5405647Z  tzdata-java                 noarch  2025b-1.el8                      ubi-8-appstream-rpms  187 k
FIPS IT (strict)	UNKNOWN STEP	2025-11-12T12:47:45.5406144Z  xkeyboard-config            noarch  2.28-1.el8                       ubi-8-appstream-rpms  782 k
FIPS IT (strict)	UNKNOWN STEP	2025-11-12T12:47:45.5406651Z  xorg-x11-font-utils         x86_64  1:7.5-41.el8                     ubi-8-appstream-rpms  104 k
FIPS IT (strict)	UNKNOWN STEP	2025-11-12T12:47:45.5407160Z  xorg-x11-fonts-Type1        noarch  7.5-19.el8                       ubi-8-appstream-rpms  522 k
FIPS IT (strict)	UNKNOWN STEP	2025-11-12T12:47:45.5407790Z Installing weak dependencies:
FIPS IT (strict)	UNKNOWN STEP	2025-11-12T12:47:45.5408217Z  abattis-cantarell-fonts     noarch  0.0.25-6.el8                     ubi-8-appstream-rpms  156 k
FIPS IT (strict)	UNKNOWN STEP	2025-11-12T12:47:45.5408721Z  dconf                       x86_64  0.28.0-4.el8                     ubi-8-appstream-rpms  108 k
FIPS IT (strict)	UNKNOWN STEP	2025-11-12T12:47:45.5409142Z  gtk3                        x86_64  3.22.30-12.el8_10                ubi-8-appstream-rpms  4.5 M
FIPS IT (strict)	UNKNOWN STEP	2025-11-12T12:47:45.5409491Z Enabling module streams:
FIPS IT (strict)	UNKNOWN STEP	2025-11-12T12:47:45.5409854Z  javapackages-runtime                201801                                                      
FIPS IT (strict)	UNKNOWN STEP	2025-11-12T12:47:45.5410145Z 
FIPS IT (strict)	UNKNOWN STEP	2025-11-12T12:47:45.5410234Z Transaction Summary
FIPS IT (strict)	UNKNOWN STEP	2025-11-12T12:47:45.5410484Z =================================================================================================
FIPS IT (strict)	UNKNOWN STEP	2025-11-12T12:47:45.5410793Z Install  87 Packages
FIPS IT (strict)	UNKNOWN STEP	2025-11-12T12:47:45.5410933Z 
FIPS IT (strict)	UNKNOWN STEP	2025-11-12T12:47:45.5411043Z Total download size: 87 M
FIPS IT (strict)	UNKNOWN STEP	2025-11-12T12:47:45.5411282Z Installed size: 313 M
FIPS IT (strict)	UNKNOWN STEP	2025-11-12T12:47:45.5411514Z Downloading Packages:
FIPS IT (strict)	UNKNOWN STEP	2025-11-12T12:47:45.5756830Z (1/87): avahi-libs-0.7-27.el8_10.1.x86_64.rpm   2.1 MB/s |  62 kB     00:00    
FIPS IT (strict)	UNKNOWN STEP	2025-11-12T12:47:45.5842655Z (2/87): cups-libs-2.2.6-63.el8_10.x86_64.rpm     11 MB/s | 436 kB     00:00    
FIPS IT (strict)	UNKNOWN STEP	2025-11-12T12:47:45.5854279Z (3/87): dejavu-fonts-common-2.35-7.el8.noarch.r 1.9 MB/s |  74 kB     00:00    
FIPS IT (strict)	UNKNOWN STEP	2025-11-12T12:47:45.5890715Z (4/87): dejavu-sans-mono-fonts-2.35-7.el8.noarc  34 MB/s | 447 kB     00:00    
FIPS IT (strict)	UNKNOWN STEP	2025-11-12T12:47:45.5901929Z (5/87): fontpackages-filesystem-1.44-22.el8.noa 3.5 MB/s |  16 kB     00:00    
FIPS IT (strict)	UNKNOWN STEP	2025-11-12T12:47:45.5929772Z (6/87): fontconfig-2.13.1-4.el8.x86_64.rpm       33 MB/s | 274 kB     00:00    
FIPS IT (strict)	UNKNOWN STEP	2025-11-12T12:47:45.5969015Z (7/87): freetype-2.9.1-10.el8_10.x86_64.rpm      53 MB/s | 394 kB     00:00    
FIPS IT (strict)	UNKNOWN STEP	2025-11-12T12:47:45.5992619Z (8/87): glib-networking-2.56.1-1.1.el8.x86_64.r  25 MB/s | 155 kB     00:00    
FIPS IT (strict)	UNKNOWN STEP	2025-11-12T12:47:45.6019048Z (9/87): gdk-pixbuf2-2.36.12-7.el8_10.x86_64.rpm  40 MB/s | 467 kB     00:00    
FIPS IT (strict)	UNKNOWN STEP	2025-11-12T12:47:45.6038950Z (10/87): libgusb-0.3.0-1.el8.x86_64.rpm          11 MB/s |  49 kB     00:00    
FIPS IT (strict)	UNKNOWN STEP	2025-11-12T12:47:45.6079252Z (11/87): gsettings-desktop-schemas-3.32.0-6.el8  58 MB/s | 633 kB     00:00    
FIPS IT (strict)	UNKNOWN STEP	2025-11-12T12:47:45.6092374Z (12/87): libmodman-2.0.1-17.el8.x86_64.rpm      5.1 MB/s |  36 kB     00:00    
FIPS IT (strict)	UNKNOWN STEP	2025-11-12T12:47:45.6099018Z (13/87): libpkgconf-1.4.2-1.el8.x86_64.rpm      6.0 MB/s |  35 kB     00:00    
FIPS IT (strict)	UNKNOWN STEP	2025-11-12T12:47:45.6131539Z (14/87): libpng-1.6.34-5.el8.x86_64.rpm          26 MB/s | 126 kB     00:00    
FIPS IT (strict)	UNKNOWN STEP	2025-11-12T12:47:45.6149741Z (15/87): libproxy-0.4.15-5.5.el8_10.x86_64.rpm   16 MB/s |  73 kB     00:00    
FIPS IT (strict)	UNKNOWN STEP	2025-11-12T12:47:45.6183311Z (16/87): libsoup-2.62.3-10.el8_10.x86_64.rpm     53 MB/s | 425 kB     00:00    
FIPS IT (strict)	UNKNOWN STEP	2025-11-12T12:47:45.6195574Z (17/87): pkgconf-1.4.2-1.el8.x86_64.rpm         8.7 MB/s |  38 kB     00:00    
FIPS IT (strict)	UNKNOWN STEP	2025-11-12T12:47:45.6207698Z (18/87): lksctp-tools-1.0.18-3.el8.x86_64.rpm    13 MB/s | 100 kB     00:00    
FIPS IT (strict)	UNKNOWN STEP	2025-11-12T12:47:45.6224360Z (19/87): pkgconf-m4-1.4.2-1.el8.noarch.rpm      4.5 MB/s |  17 kB     00:00    
FIPS IT (strict)	UNKNOWN STEP	2025-11-12T12:47:45.6240613Z (20/87): pkgconf-pkg-config-1.4.2-1.el8.x86_64. 3.8 MB/s |  15 kB     00:00    
FIPS IT (strict)	UNKNOWN STEP	2025-11-12T12:47:45.6269140Z (21/87): shared-mime-info-1.9-4.el8.x86_64.rpm   55 MB/s | 329 kB     00:00    
FIPS IT (strict)	UNKNOWN STEP	2025-11-12T12:47:45.6291155Z (22/87): abattis-cantarell-fonts-0.0.25-6.el8.n  24 MB/s | 156 kB     00:00    
FIPS IT (strict)	UNKNOWN STEP	2025-11-12T12:47:45.6368862Z (23/87): adwaita-cursor-theme-3.28.0-3.el8.noar  50 MB/s | 647 kB     00:00    
FIPS IT (strict)	UNKNOWN STEP	2025-11-12T12:47:45.6383962Z (24/87): at-spi2-atk-2.26.2-1.el8.x86_64.rpm    9.8 MB/s |  89 kB     00:00    
FIPS IT (strict)	UNKNOWN STEP	2025-11-12T12:47:45.6432497Z (25/87): at-spi2-core-2.28.0-1.el8.x86_64.rpm    28 MB/s | 169 kB     00:00    
FIPS IT (strict)	UNKNOWN STEP	2025-11-12T12:47:45.6462455Z (26/87): atk-2.28.1-1.el8.x86_64.rpm             35 MB/s | 272 kB     00:00    
FIPS IT (strict)	UNKNOWN STEP	2025-11-12T12:47:45.6509969Z (27/87): cairo-gobject-1.15.12-6.el8.x86_64.rpm 7.7 MB/s |  33 kB     00:00    
FIPS IT (strict)	UNKNOWN STEP	2025-11-12T12:47:45.6555494Z (28/87): cairo-1.15.12-6.el8.x86_64.rpm          59 MB/s | 719 kB     00:00    
FIPS IT (strict)	UNKNOWN STEP	2025-11-12T12:47:45.6586420Z (29/87): colord-libs-1.4.2-1.el8.x86_64.rpm      31 MB/s | 236 kB     00:00    
FIPS IT (strict)	UNKNOWN STEP	2025-11-12T12:47:45.6602547Z (30/87): copy-jdk-configs-4.0-2.el8.noarch.rpm  6.9 MB/s |  31 kB     00:00    
FIPS IT (strict)	UNKNOWN STEP	2025-11-12T12:47:45.6657237Z (31/87): fribidi-1.0.4-9.el8.x86_64.rpm          17 MB/s |  89 kB     00:00    
FIPS IT (strict)	UNKNOWN STEP	2025-11-12T12:47:45.6691551Z (32/87): dconf-0.28.0-4.el8.x86_64.rpm           11 MB/s | 108 kB     00:00    
FIPS IT (strict)	UNKNOWN STEP	2025-11-12T12:47:45.6711359Z (33/87): graphite2-1.3.10-10.el8.x86_64.rpm      24 MB/s | 122 kB     00:00    
FIPS IT (strict)	UNKNOWN STEP	2025-11-12T12:47:45.6738378Z (34/87): hicolor-icon-theme-0.17-2.el8.noarch.r  11 MB/s |  48 kB     00:00    
FIPS IT (strict)	UNKNOWN STEP	2025-11-12T12:47:45.6758278Z (35/87): javapackages-filesystem-5.3.0-1.module 7.1 MB/s |  30 kB     00:00    
FIPS IT (strict)	UNKNOWN STEP	2025-11-12T12:47:45.6784337Z (36/87): jbigkit-libs-2.1-14.el8.x86_64.rpm      13 MB/s |  55 kB     00:00    
FIPS IT (strict)	UNKNOWN STEP	2025-11-12T12:47:45.6821922Z (37/87): lcms2-2.9-2.el8.x86_64.rpm              28 MB/s | 165 kB     00:00    
FIPS IT (strict)	UNKNOWN STEP	2025-11-12T12:47:45.6832822Z (38/87): libXau-1.0.9-3.el8.x86_64.rpm          8.0 MB/s |  37 kB     00:00    
FIPS IT (strict)	UNKNOWN STEP	2025-11-12T12:47:45.6869211Z (39/87): libXcomposite-0.4.4-14.el8.x86_64.rpm  6.3 MB/s |  29 kB     00:00    
FIPS IT (strict)	UNKNOWN STEP	2025-11-12T12:47:45.6881064Z (40/87): libXcursor-1.1.15-3.el8.x86_64.rpm     7.9 MB/s |  36 kB     00:00    
FIPS IT (strict)	UNKNOWN STEP	2025-11-12T12:47:45.6948344Z (41/87): libXdamage-1.1.4-14.el8.x86_64.rpm     3.4 MB/s |  27 kB     00:00    
FIPS IT (strict)	UNKNOWN STEP	2025-11-12T12:47:45.6971936Z (42/87): libXext-1.3.4-1.el8.x86_64.rpm         5.2 MB/s |  45 kB     00:00    
FIPS IT (strict)	UNKNOWN STEP	2025-11-12T12:47:45.6998817Z (43/87): libXfixes-5.0.3-7.el8.x86_64.rpm       5.3 MB/s |  25 kB     00:00    
FIPS IT (strict)	UNKNOWN STEP	2025-11-12T12:47:45.7030516Z (44/87): libXft-2.3.3-1.el8.x86_64.rpm           12 MB/s |  67 kB     00:00    
FIPS IT (strict)	UNKNOWN STEP	2025-11-12T12:47:45.7046678Z (45/87): libXi-1.7.10-1.el8.x86_64.rpm           11 MB/s |  49 kB     00:00    
FIPS IT (strict)	UNKNOWN STEP	2025-11-12T12:47:45.7075153Z (46/87): libXinerama-1.1.4-1.el8.x86_64.rpm     3.5 MB/s |  16 kB     00:00    
FIPS IT (strict)	UNKNOWN STEP	2025-11-12T12:47:45.7095875Z (47/87): libXrandr-1.5.2-1.el8.x86_64.rpm       7.4 MB/s |  34 kB     00:00    
FIPS IT (strict)	UNKNOWN STEP	2025-11-12T12:47:45.7123068Z (48/87): libXrender-0.9.10-7.el8.x86_64.rpm     7.4 MB/s |  33 kB     00:00    
FIPS IT (strict)	UNKNOWN STEP	2025-11-12T12:47:45.7146471Z (49/87): libXtst-1.2.3-7.el8.x86_64.rpm         4.5 MB/s |  22 kB     00:00    
FIPS IT (strict)	UNKNOWN STEP	2025-11-12T12:47:45.7172094Z (50/87): libdatrie-0.2.9-7.el8.x86_64.rpm       7.1 MB/s |  33 kB     00:00    
FIPS IT (strict)	UNKNOWN STEP	2025-11-12T12:47:45.7212027Z (51/87): libepoxy-1.5.8-1.el8.x86_64.rpm         36 MB/s | 225 kB     00:00    
FIPS IT (strict)	UNKNOWN STEP	2025-11-12T12:47:45.7287733Z (52/87): libthai-0.1.27-2.el8.x86_64.rpm         28 MB/s | 203 kB     00:00    
FIPS IT (strict)	UNKNOWN STEP	2025-11-12T12:47:45.7332068Z (53/87): libfontenc-1.1.3-8.el8.x86_64.rpm      2.3 MB/s |  37 kB     00:00    
FIPS IT (strict)	UNKNOWN STEP	2025-11-12T12:47:45.7355999Z (54/87): libxcb-1.13.1-1.el8.x86_64.rpm          34 MB/s | 229 kB     00:00    
FIPS IT (strict)	UNKNOWN STEP	2025-11-12T12:47:45.7589808Z (55/87): adwaita-icon-theme-3.28.0-3.el8.noarch  87 MB/s |  11 MB     00:00    
FIPS IT (strict)	UNKNOWN STEP	2025-11-12T12:47:45.7604027Z (56/87): lua-5.3.4-12.el8.x86_64.rpm            7.7 MB/s | 192 kB     00:00    
FIPS IT (strict)	UNKNOWN STEP	2025-11-12T12:47:45.7619703Z (57/87): libxkbcommon-0.9.1-1.el8.x86_64.rpm    4.0 MB/s | 116 kB     00:00    
FIPS IT (strict)	UNKNOWN STEP	2025-11-12T12:47:45.7650704Z (58/87): rest-0.8.1-2.el8.x86_64.rpm             16 MB/s |  71 kB     00:00    
FIPS IT (strict)	UNKNOWN STEP	2025-11-12T12:47:45.7668786Z (59/87): pango-1.42.4-8.el8.x86_64.rpm           39 MB/s | 297 kB     00:00    
FIPS IT (strict)	UNKNOWN STEP	2025-11-12T12:47:45.7681027Z (60/87): ttmkfdir-3.0.9-54.el8.x86_64.rpm        10 MB/s |  62 kB     00:00    
FIPS IT (strict)	UNKNOWN STEP	2025-11-12T12:47:45.7718364Z (61/87): xorg-x11-font-utils-7.5-41.el8.x86_64.  22 MB/s | 104 kB     00:00    
FIPS IT (strict)	UNKNOWN STEP	2025-11-12T12:47:45.7760740Z (62/87): xkeyboard-config-2.28-1.el8.noarch.rpm  72 MB/s | 782 kB     00:00    
FIPS IT (strict)	UNKNOWN STEP	2025-11-12T12:47:45.7806188Z (63/87): alsa-lib-1.2.10-2.el8.x86_64.rpm        58 MB/s | 501 kB     00:00    
FIPS IT (strict)	UNKNOWN STEP	2025-11-12T12:47:45.7819560Z (64/87): gtk-update-icon-cache-3.22.30-12.el8_1 5.7 MB/s |  32 kB     00:00    
FIPS IT (strict)	UNKNOWN STEP	2025-11-12T12:47:45.7856380Z (65/87): xorg-x11-fonts-Type1-7.5-19.el8.noarch  30 MB/s | 522 kB     00:00    
FIPS IT (strict)	UNKNOWN STEP	2025-11-12T12:47:45.7900703Z (66/87): harfbuzz-1.7.5-4.el8.x86_64.rpm         38 MB/s | 296 kB     00:00    
FIPS IT (strict)	UNKNOWN STEP	2025-11-12T12:47:45.7929940Z (67/87): jasper-libs-2.0.14-6.el8_10.x86_64.rpm  24 MB/s | 167 kB     00:00    
FIPS IT (strict)	UNKNOWN STEP	2025-11-12T12:47:45.7994863Z (68/87): libX11-common-1.6.8-9.el8_10.noarch.rp  25 MB/s | 159 kB     00:00    
FIPS IT (strict)	UNKNOWN STEP	2025-11-12T12:47:45.8023933Z (69/87): libX11-1.6.8-9.el8_10.x86_64.rpm        49 MB/s | 612 kB     00:00    
FIPS IT (strict)	UNKNOWN STEP	2025-11-12T12:47:45.8044765Z (70/87): libwayland-client-1.21.0-1.el8.x86_64. 8.6 MB/s |  41 kB     00:00    
FIPS IT (strict)	UNKNOWN STEP	2025-11-12T12:47:45.8096371Z (71/87): libwayland-egl-1.21.0-1.el8.x86_64.rpm 4.0 MB/s |  20 kB     00:00    
FIPS IT (strict)	UNKNOWN STEP	2025-11-12T12:47:45.8109814Z (72/87): libwayland-cursor-1.21.0-1.el8.x86_64. 3.1 MB/s |  26 kB     00:00    
FIPS IT (strict)	UNKNOWN STEP	2025-11-12T12:47:45.8168253Z (73/87): pixman-0.38.4-4.el8.x86_64.rpm          38 MB/s | 258 kB     00:00    
FIPS IT (strict)	UNKNOWN STEP	2025-11-12T12:47:45.8191089Z (74/87): tzdata-java-2025b-1.el8.noarch.rpm      23 MB/s | 187 kB     00:00    
FIPS IT (strict)	UNKNOWN STEP	2025-11-12T12:47:45.8218750Z (75/87): gdk-pixbuf2-modules-2.36.12-7.el8_10.x  23 MB/s | 109 kB     00:00    
FIPS IT (strict)	UNKNOWN STEP	2025-11-12T12:47:45.8376451Z (76/87): gtk3-3.22.30-12.el8_10.x86_64.rpm       79 MB/s | 4.5 MB     00:00    
FIPS IT (strict)	UNKNOWN STEP	2025-11-12T12:47:45.8396993Z (77/87): java-21-openjdk-21.0.9.0.10-1.el8.x86_  19 MB/s | 393 kB     00:00    
FIPS IT (strict)	UNKNOWN STEP	2025-11-12T12:47:45.8489159Z (78/87): libjpeg-turbo-1.5.3-14.el8_10.x86_64.r  18 MB/s | 157 kB     00:00    
FIPS IT (strict)	UNKNOWN STEP	2025-11-12T12:47:45.8555782Z (79/87): libtiff-4.0.9-36.el8_10.x86_64.rpm      30 MB/s | 190 kB     00:00    
FIPS IT (strict)	UNKNOWN STEP	2025-11-12T12:47:45.8628178Z (80/87): nspr-4.36.0-2.el8_10.x86_64.rpm         21 MB/s | 143 kB     00:00    
FIPS IT (strict)	UNKNOWN STEP	2025-11-12T12:47:45.8771275Z (81/87): nss-3.112.0-4.el8_10.x86_64.rpm         54 MB/s | 771 kB     00:00    
FIPS IT (strict)	UNKNOWN STEP	2025-11-12T12:47:45.8892130Z (82/87): nss-softokn-3.112.0-4.el8_10.x86_64.rp  45 MB/s | 540 kB     00:00    
FIPS IT (strict)	UNKNOWN STEP	2025-11-12T12:47:45.9032927Z (83/87): java-21-openjdk-devel-21.0.9.0.10-1.el  64 MB/s | 5.2 MB     00:00    
FIPS IT (strict)	UNKNOWN STEP	2025-11-12T12:47:45.9086637Z (84/87): nss-softokn-freebl-3.112.0-4.el8_10.x8  25 MB/s | 482 kB     00:00    
FIPS IT (strict)	UNKNOWN STEP	2025-11-12T12:47:45.9102637Z (85/87): nss-sysinit-3.112.0-4.el8_10.x86_64.rp  11 MB/s |  76 kB     00:00    
FIPS IT (strict)	UNKNOWN STEP	2025-11-12T12:47:45.9145446Z (86/87): nss-util-3.112.0-4.el8_10.x86_64.rpm    26 MB/s | 143 kB     00:00    
FIPS IT (strict)	UNKNOWN STEP	2025-11-12T12:47:46.1974340Z (87/87): java-21-openjdk-headless-21.0.9.0.10-1 140 MB/s |  50 MB     00:00    
FIPS IT (strict)	UNKNOWN STEP	2025-11-12T12:47:46.2006089Z --------------------------------------------------------------------------------
FIPS IT (strict)	UNKNOWN STEP	2025-11-12T12:47:46.2008230Z Total                                           132 MB/s |  87 MB     00:00     
FIPS IT (strict)	UNKNOWN STEP	2025-11-12T12:47:47.8369050Z Running transaction check
FIPS IT (strict)	UNKNOWN STEP	2025-11-12T12:47:47.8826905Z Transaction check succeeded.
FIPS IT (strict)	UNKNOWN STEP	2025-11-12T12:47:47.8827386Z Running transaction test
FIPS IT (strict)	UNKNOWN STEP	2025-11-12T12:47:48.0552114Z Transaction test succeeded.
FIPS IT (strict)	UNKNOWN STEP	2025-11-12T12:47:48.0571616Z Running transaction
FIPS IT (strict)	UNKNOWN STEP	2025-11-12T12:47:48.2268848Z   Running scriptlet: copy-jdk-configs-4.0-2.el8.noarch                      1/1 
FIPS IT (strict)	UNKNOWN STEP	2025-11-12T12:47:48.2546684Z   Running scriptlet: java-21-openjdk-headless-1:21.0.9.0.10-1.el8.x86_64    1/1 
FIPS IT (strict)	UNKNOWN STEP	2025-11-12T12:47:48.2886201Z   Preparing        :                                                        1/1 
FIPS IT (strict)	UNKNOWN STEP	2025-11-12T12:47:48.2918717Z   Installing       : nspr-4.36.0-2.el8_10.x86_64                           1/87 
FIPS IT (strict)	UNKNOWN STEP	2025-11-12T12:47:48.3162782Z   Running scriptlet: nspr-4.36.0-2.el8_10.x86_64                           1/87 
FIPS IT (strict)	UNKNOWN STEP	2025-11-12T12:47:48.3453250Z   Installing       : libpng-2:1.6.34-5.el8.x86_64                          2/87 
FIPS IT (strict)	UNKNOWN STEP	2025-11-12T12:47:48.3557152Z   Installing       : freetype-2.9.1-10.el8_10.x86_64                       3/87 
FIPS IT (strict)	UNKNOWN STEP	2025-11-12T12:47:48.3712487Z   Installing       : nss-util-3.112.0-4.el8_10.x86_64                      4/87 
FIPS IT (strict)	UNKNOWN STEP	2025-11-12T12:47:48.3749237Z   Installing       : libjpeg-turbo-1.5.3-14.el8_10.x86_64                  5/87 
FIPS IT (strict)	UNKNOWN STEP	2025-11-12T12:47:48.3945092Z   Installing       : fontpackages-filesystem-1.44-22.el8.noarch            6/87 
FIPS IT (strict)	UNKNOWN STEP	2025-11-12T12:47:48.4005417Z   Installing       : pixman-0.38.4-4.el8.x86_64                            7/87 
FIPS IT (strict)	UNKNOWN STEP	2025-11-12T12:47:48.4245516Z   Installing       : libwayland-client-1.21.0-1.el8.x86_64                 8/87 
FIPS IT (strict)	UNKNOWN STEP	2025-11-12T12:47:48.4313072Z   Installing       : atk-2.28.1-1.el8.x86_64                               9/87 
FIPS IT (strict)	UNKNOWN STEP	2025-11-12T12:47:48.4399988Z   Installing       : libwayland-cursor-1.21.0-1.el8.x86_64                10/87 
FIPS IT (strict)	UNKNOWN STEP	2025-11-12T12:47:48.4749046Z   Installing       : dejavu-fonts-common-2.35-7.el8.noarch                11/87 
FIPS IT (strict)	UNKNOWN STEP	2025-11-12T12:47:48.5100039Z   Installing       : dejavu-sans-mono-fonts-2.35-7.el8.noarch             12/87 
FIPS IT (strict)	UNKNOWN STEP	2025-11-12T12:47:48.5139634Z   Installing       : fontconfig-2.13.1-4.el8.x86_64                       13/87 
FIPS IT (strict)	UNKNOWN STEP	2025-11-12T12:47:49.5476600Z   Running scriptlet: fontconfig-2.13.1-4.el8.x86_64                       13/87 
FIPS IT (strict)	UNKNOWN STEP	2025-11-12T12:47:49.6023487Z   Installing       : abattis-cantarell-fonts-0.0.25-6.el8.noarch          14/87 
FIPS IT (strict)	UNKNOWN STEP	2025-11-12T12:47:49.6173146Z   Installing       : gsettings-desktop-schemas-3.32.0-6.el8.x86_64        15/87 
FIPS IT (strict)	UNKNOWN STEP	2025-11-12T12:47:49.6514287Z   Installing       : jasper-libs-2.0.14-6.el8_10.x86_64                   16/87 
FIPS IT (strict)	UNKNOWN STEP	2025-11-12T12:47:49.6997725Z   Installing       : nss-softokn-freebl-3.112.0-4.el8_10.x86_64           17/87 
FIPS IT (strict)	UNKNOWN STEP	2025-11-12T12:47:49.7560438Z   Installing       : nss-softokn-3.112.0-4.el8_10.x86_64                  18/87 
FIPS IT (strict)	UNKNOWN STEP	2025-11-12T12:47:49.7623385Z   Installing       : nss-3.112.0-4.el8_10.x86_64                          19/87 
FIPS IT (strict)	UNKNOWN STEP	2025-11-12T12:47:49.7702568Z   Installing       : nss-sysinit-3.112.0-4.el8_10.x86_64                  20/87 
FIPS IT (strict)	UNKNOWN STEP	2025-11-12T12:47:49.8217374Z   Installing       : ttmkfdir-3.0.9-54.el8.x86_64                         21/87 
FIPS IT (strict)	UNKNOWN STEP	2025-11-12T12:47:49.8273350Z   Installing       : tzdata-java-2025b-1.el8.noarch                       22/87 
FIPS IT (strict)	UNKNOWN STEP	2025-11-12T12:47:49.8778285Z   Installing       : libwayland-egl-1.21.0-1.el8.x86_64                   23/87 
FIPS IT (strict)	UNKNOWN STEP	2025-11-12T12:47:49.9282580Z   Installing       : libX11-common-1.6.8-9.el8_10.noarch                  24/87 
FIPS IT (strict)	UNKNOWN STEP	2025-11-12T12:47:49.9321231Z   Installing       : alsa-lib-1.2.10-2.el8.x86_64                         25/87 
FIPS IT (strict)	UNKNOWN STEP	2025-11-12T12:47:50.0493513Z   Running scriptlet: alsa-lib-1.2.10-2.el8.x86_64                         25/87 
FIPS IT (strict)	UNKNOWN STEP	2025-11-12T12:47:50.0646661Z   Installing       : xkeyboard-config-2.28-1.el8.noarch                   26/87 
FIPS IT (strict)	UNKNOWN STEP	2025-11-12T12:47:50.0834016Z   Installing       : libxkbcommon-0.9.1-1.el8.x86_64                      27/87 
FIPS IT (strict)	UNKNOWN STEP	2025-11-12T12:47:50.0881409Z   Installing       : lua-5.3.4-12.el8.x86_64                              28/87 
FIPS IT (strict)	UNKNOWN STEP	2025-11-12T12:47:50.0939833Z   Installing       : copy-jdk-configs-4.0-2.el8.noarch                    29/87 
FIPS IT (strict)	UNKNOWN STEP	2025-11-12T12:47:50.1173981Z   Installing       : libfontenc-1.1.3-8.el8.x86_64                        30/87 
FIPS IT (strict)	UNKNOWN STEP	2025-11-12T12:47:50.1224654Z   Installing       : libepoxy-1.5.8-1.el8.x86_64                          31/87 
FIPS IT (strict)	UNKNOWN STEP	2025-11-12T12:47:50.1244997Z   Installing       : libdatrie-0.2.9-7.el8.x86_64                         32/87 
FIPS IT (strict)	UNKNOWN STEP	2025-11-12T12:47:50.1529482Z   Running scriptlet: libdatrie-0.2.9-7.el8.x86_64                         32/87 
FIPS IT (strict)	UNKNOWN STEP	2025-11-12T12:47:50.1552810Z   Installing       : libthai-0.1.27-2.el8.x86_64                          33/87 
FIPS IT (strict)	UNKNOWN STEP	2025-11-12T12:47:50.1690298Z   Running scriptlet: libthai-0.1.27-2.el8.x86_64                          33/87 
FIPS IT (strict)	UNKNOWN STEP	2025-11-12T12:47:50.2069359Z   Installing       : libXau-1.0.9-3.el8.x86_64                            34/87 
FIPS IT (strict)	UNKNOWN STEP	2025-11-12T12:47:50.2551881Z   Installing       : libxcb-1.13.1-1.el8.x86_64                           35/87 
FIPS IT (strict)	UNKNOWN STEP	2025-11-12T12:47:50.2620980Z   Installing       : libX11-1.6.8-9.el8_10.x86_64                         36/87 
FIPS IT (strict)	UNKNOWN STEP	2025-11-12T12:47:50.2676552Z   Installing       : libXext-1.3.4-1.el8.x86_64                           37/87 
FIPS IT (strict)	UNKNOWN STEP	2025-11-12T12:47:50.3184680Z   Installing       : libXrender-0.9.10-7.el8.x86_64                       38/87 
FIPS IT (strict)	UNKNOWN STEP	2025-11-12T12:47:50.3270626Z   Installing       : cairo-1.15.12-6.el8.x86_64                           39/87 
FIPS IT (strict)	UNKNOWN STEP	2025-11-12T12:47:50.3317827Z   Installing       : libXi-1.7.10-1.el8.x86_64                            40/87 
FIPS IT (strict)	UNKNOWN STEP	2025-11-12T12:47:50.3363264Z   Installing       : libXfixes-5.0.3-7.el8.x86_64                         41/87 
FIPS IT (strict)	UNKNOWN STEP	2025-11-12T12:47:50.3413751Z   Installing       : libXtst-1.2.3-7.el8.x86_64                           42/87 
FIPS IT (strict)	UNKNOWN STEP	2025-11-12T12:47:50.3604707Z   Installing       : libXcomposite-0.4.4-14.el8.x86_64                    43/87 
FIPS IT (strict)	UNKNOWN STEP	2025-11-12T12:47:50.3646228Z   Installing       : at-spi2-core-2.28.0-1.el8.x86_64                     44/87 
FIPS IT (strict)	UNKNOWN STEP	2025-11-12T12:47:50.3854777Z   Running scriptlet: at-spi2-core-2.28.0-1.el8.x86_64                     44/87 
FIPS IT (strict)	UNKNOWN STEP	2025-11-12T12:47:50.3887971Z   Installing       : at-spi2-atk-2.26.2-1.el8.x86_64                      45/87 
FIPS IT (strict)	UNKNOWN STEP	2025-11-12T12:47:50.4048992Z   Running scriptlet: at-spi2-atk-2.26.2-1.el8.x86_64                      45/87 
FIPS IT (strict)	UNKNOWN STEP	2025-11-12T12:47:50.4094594Z   Installing       : libXcursor-1.1.15-3.el8.x86_64                       46/87 
FIPS IT (strict)	UNKNOWN STEP	2025-11-12T12:47:50.4140347Z   Installing       : libXdamage-1.1.4-14.el8.x86_64                       47/87 
FIPS IT (strict)	UNKNOWN STEP	2025-11-12T12:47:50.4219895Z   Installing       : cairo-gobject-1.15.12-6.el8.x86_64                   48/87 
FIPS IT (strict)	UNKNOWN STEP	2025-11-12T12:47:50.4276346Z   Installing       : libXft-2.3.3-1.el8.x86_64                            49/87 
FIPS IT (strict)	UNKNOWN STEP	2025-11-12T12:47:50.4339853Z   Installing       : libXrandr-1.5.2-1.el8.x86_64                         50/87 
FIPS IT (strict)	UNKNOWN STEP	2025-11-12T12:47:50.4498996Z   Installing       : libXinerama-1.1.4-1.el8.x86_64                       51/87 
FIPS IT (strict)	UNKNOWN STEP	2025-11-12T12:47:50.4533014Z   Installing       : lcms2-2.9-2.el8.x86_64                               52/87 
FIPS IT (strict)	UNKNOWN STEP	2025-11-12T12:47:50.4710745Z   Running scriptlet: lcms2-2.9-2.el8.x86_64                               52/87 
FIPS IT (strict)	UNKNOWN STEP	2025-11-12T12:47:50.4742048Z   Installing       : jbigkit-libs-2.1-14.el8.x86_64                       53/87 
FIPS IT (strict)	UNKNOWN STEP	2025-11-12T12:47:50.5001799Z   Running scriptlet: jbigkit-libs-2.1-14.el8.x86_64                       53/87 
FIPS IT (strict)	UNKNOWN STEP	2025-11-12T12:47:50.5071026Z   Installing       : libtiff-4.0.9-36.el8_10.x86_64                       54/87 
FIPS IT (strict)	UNKNOWN STEP	2025-11-12T12:47:50.5455819Z   Installing       : javapackages-filesystem-5.3.0-1.module+el8+2447+6f   55/87 
FIPS IT (strict)	UNKNOWN STEP	2025-11-12T12:47:50.5620036Z   Installing       : hicolor-icon-theme-0.17-2.el8.noarch                 56/87 
FIPS IT (strict)	UNKNOWN STEP	2025-11-12T12:47:50.5869821Z   Installing       : graphite2-1.3.10-10.el8.x86_64                       57/87 
FIPS IT (strict)	UNKNOWN STEP	2025-11-12T12:47:50.5904035Z   Installing       : harfbuzz-1.7.5-4.el8.x86_64                          58/87 
FIPS IT (strict)	UNKNOWN STEP	2025-11-12T12:47:50.6128523Z   Running scriptlet: harfbuzz-1.7.5-4.el8.x86_64                          58/87 
FIPS IT (strict)	UNKNOWN STEP	2025-11-12T12:47:50.6406972Z   Installing       : fribidi-1.0.4-9.el8.x86_64                           59/87 
FIPS IT (strict)	UNKNOWN STEP	2025-11-12T12:47:50.6449966Z   Installing       : pango-1.42.4-8.el8.x86_64                            60/87 
FIPS IT (strict)	UNKNOWN STEP	2025-11-12T12:47:50.6722245Z   Running scriptlet: pango-1.42.4-8.el8.x86_64                            60/87 
FIPS IT (strict)	UNKNOWN STEP	2025-11-12T12:47:50.7822285Z   Installing       : dconf-0.28.0-4.el8.x86_64                            61/87 
FIPS IT (strict)	UNKNOWN STEP	2025-11-12T12:47:51.9995521Z   Installing       : adwaita-cursor-theme-3.28.0-3.el8.noarch             62/87 
FIPS IT (strict)	UNKNOWN STEP	2025-11-12T12:47:52.0534629Z   Installing       : adwaita-icon-theme-3.28.0-3.el8.noarch               63/87 
FIPS IT (strict)	UNKNOWN STEP	2025-11-12T12:47:52.0573729Z   Installing       : shared-mime-info-1.9-4.el8.x86_64                    64/87 
FIPS IT (strict)	UNKNOWN STEP	2025-11-12T12:47:52.1034874Z   Running scriptlet: shared-mime-info-1.9-4.el8.x86_64                    64/87 
FIPS IT (strict)	UNKNOWN STEP	2025-11-12T12:47:52.1079436Z   Installing       : gdk-pixbuf2-2.36.12-7.el8_10.x86_64                  65/87 
FIPS IT (strict)	UNKNOWN STEP	2025-11-12T12:47:52.1247655Z   Running scriptlet: gdk-pixbuf2-2.36.12-7.el8_10.x86_64                  65/87 
FIPS IT (strict)	UNKNOWN STEP	2025-11-12T12:47:52.1411995Z   Installing       : gtk-update-icon-cache-3.22.30-12.el8_10.x86_64       66/87 
FIPS IT (strict)	UNKNOWN STEP	2025-11-12T12:47:52.1462916Z   Installing       : gdk-pixbuf2-modules-2.36.12-7.el8_10.x86_64          67/87 
FIPS IT (strict)	UNKNOWN STEP	2025-11-12T12:47:52.1591234Z   Installing       : pkgconf-m4-1.4.2-1.el8.noarch                        68/87 
FIPS IT (strict)	UNKNOWN STEP	2025-11-12T12:47:52.1616967Z   Installing       : lksctp-tools-1.0.18-3.el8.x86_64                     69/87 
FIPS IT (strict)	UNKNOWN STEP	2025-11-12T12:47:52.1768284Z   Running scriptlet: lksctp-tools-1.0.18-3.el8.x86_64                     69/87 
FIPS IT (strict)	UNKNOWN STEP	2025-11-12T12:47:52.1838747Z   Installing       : libpkgconf-1.4.2-1.el8.x86_64                        70/87 
FIPS IT (strict)	UNKNOWN STEP	2025-11-12T12:47:52.1878804Z   Installing       : pkgconf-1.4.2-1.el8.x86_64                           71/87 
FIPS IT (strict)	UNKNOWN STEP	2025-11-12T12:47:52.2043988Z   Installing       : pkgconf-pkg-config-1.4.2-1.el8.x86_64                72/87 
FIPS IT (strict)	UNKNOWN STEP	2025-11-12T12:47:52.2433808Z   Installing       : xorg-x11-font-utils-1:7.5-41.el8.x86_64              73/87 
FIPS IT (strict)	UNKNOWN STEP	2025-11-12T12:47:52.2459786Z   Installing       : xorg-x11-fonts-Type1-7.5-19.el8.noarch               74/87 
FIPS IT (strict)	UNKNOWN STEP	2025-11-12T12:47:52.2965613Z   Running scriptlet: xorg-x11-fonts-Type1-7.5-19.el8.noarch               74/87 
FIPS IT (strict)	UNKNOWN STEP	2025-11-12T12:47:52.2996514Z   Installing       : libmodman-2.0.1-17.el8.x86_64                        75/87 
FIPS IT (strict)	UNKNOWN STEP	2025-11-12T12:47:52.3187346Z   Running scriptlet: libmodman-2.0.1-17.el8.x86_64                        75/87 
FIPS IT (strict)	UNKNOWN STEP	2025-11-12T12:47:52.3224747Z   Installing       : libproxy-0.4.15-5.5.el8_10.x86_64                    76/87 
FIPS IT (strict)	UNKNOWN STEP	2025-11-12T12:47:52.3475406Z   Running scriptlet: libproxy-0.4.15-5.5.el8_10.x86_64                    76/87 
FIPS IT (strict)	UNKNOWN STEP	2025-11-12T12:47:52.3837314Z   Installing       : glib-networking-2.56.1-1.1.el8.x86_64                77/87 
FIPS IT (strict)	UNKNOWN STEP	2025-11-12T12:47:52.3948042Z   Installing       : libsoup-2.62.3-10.el8_10.x86_64                      78/87 
FIPS IT (strict)	UNKNOWN STEP	2025-11-12T12:47:52.3977045Z   Installing       : rest-0.8.1-2.el8.x86_64                              79/87 
FIPS IT (strict)	UNKNOWN STEP	2025-11-12T12:47:52.4147052Z   Running scriptlet: rest-0.8.1-2.el8.x86_64                              79/87 
FIPS IT (strict)	UNKNOWN STEP	2025-11-12T12:47:52.4391748Z   Installing       : libgusb-0.3.0-1.el8.x86_64                           80/87 
FIPS IT (strict)	UNKNOWN STEP	2025-11-12T12:47:52.4482323Z   Installing       : colord-libs-1.4.2-1.el8.x86_64                       81/87 
FIPS IT (strict)	UNKNOWN STEP	2025-11-12T12:47:52.4785500Z   Installing       : avahi-libs-0.7-27.el8_10.1.x86_64                    82/87 
FIPS IT (strict)	UNKNOWN STEP	2025-11-12T12:47:56.3392035Z   Installing       : cups-libs-1:2.2.6-63.el8_10.x86_64                   83/87 
FIPS IT (strict)	UNKNOWN STEP	2025-11-12T12:47:56.3480642Z   Installing       : java-21-openjdk-headless-1:21.0.9.0.10-1.el8.x86_6   84/87 
FIPS IT (strict)	UNKNOWN STEP	2025-11-12T12:47:56.6890712Z   Running scriptlet: java-21-openjdk-headless-1:21.0.9.0.10-1.el8.x86_6   84/87 
FIPS IT (strict)	UNKNOWN STEP	2025-11-12T12:47:56.7246078Z   Installing       : gtk3-3.22.30-12.el8_10.x86_64                        85/87 
FIPS IT (strict)	UNKNOWN STEP	2025-11-12T12:47:56.7275858Z   Installing       : java-21-openjdk-1:21.0.9.0.10-1.el8.x86_64           86/87 
FIPS IT (strict)	UNKNOWN STEP	2025-11-12T12:47:57.1102829Z   Running scriptlet: java-21-openjdk-1:21.0.9.0.10-1.el8.x86_64           86/87 
FIPS IT (strict)	UNKNOWN STEP	2025-11-12T12:47:57.1143505Z   Installing       : java-21-openjdk-devel-1:21.0.9.0.10-1.el8.x86_64     87/87 
FIPS IT (strict)	UNKNOWN STEP	2025-11-12T12:47:57.1227175Z   Running scriptlet: java-21-openjdk-devel-1:21.0.9.0.10-1.el8.x86_64     87/87 
FIPS IT (strict)	UNKNOWN STEP	2025-11-12T12:47:57.2205981Z   Running scriptlet: nss-3.112.0-4.el8_10.x86_64                          87/87 
FIPS IT (strict)	UNKNOWN STEP	2025-11-12T12:47:57.2279755Z   Running scriptlet: copy-jdk-configs-4.0-2.el8.noarch                    87/87 
FIPS IT (strict)	UNKNOWN STEP	2025-11-12T12:47:57.3345296Z   Running scriptlet: dconf-0.28.0-4.el8.x86_64                            87/87 
FIPS IT (strict)	UNKNOWN STEP	2025-11-12T12:47:57.3457676Z   Running scriptlet: java-21-openjdk-headless-1:21.0.9.0.10-1.el8.x86_6   87/87 
FIPS IT (strict)	UNKNOWN STEP	2025-11-12T12:47:57.4596574Z   Running scriptlet: java-21-openjdk-1:21.0.9.0.10-1.el8.x86_64           87/87 
FIPS IT (strict)	UNKNOWN STEP	2025-11-12T12:47:57.8146026Z   Running scriptlet: java-21-openjdk-devel-1:21.0.9.0.10-1.el8.x86_64     87/87 
FIPS IT (strict)	UNKNOWN STEP	2025-11-12T12:47:57.8336944Z   Running scriptlet: fontconfig-2.13.1-4.el8.x86_64                       87/87 
FIPS IT (strict)	UNKNOWN STEP	2025-11-12T12:47:57.9514640Z   Running scriptlet: hicolor-icon-theme-0.17-2.el8.noarch                 87/87 
FIPS IT (strict)	UNKNOWN STEP	2025-11-12T12:47:58.1198724Z   Running scriptlet: adwaita-icon-theme-3.28.0-3.el8.noarch               87/87 
FIPS IT (strict)	UNKNOWN STEP	2025-11-12T12:47:58.8675248Z   Running scriptlet: shared-mime-info-1.9-4.el8.x86_64                    87/87 
FIPS IT (strict)	UNKNOWN STEP	2025-11-12T12:47:59.0093175Z   Running scriptlet: gdk-pixbuf2-2.36.12-7.el8_10.x86_64                  87/87 
FIPS IT (strict)	UNKNOWN STEP	2025-11-12T12:47:59.0094274Z   Verifying        : avahi-libs-0.7-27.el8_10.1.x86_64                     1/87 
FIPS IT (strict)	UNKNOWN STEP	2025-11-12T12:47:59.0095097Z   Verifying        : cups-libs-1:2.2.6-63.el8_10.x86_64                    2/87 
FIPS IT (strict)	UNKNOWN STEP	2025-11-12T12:47:59.0095928Z   Verifying        : dejavu-fonts-common-2.35-7.el8.noarch                 3/87 
FIPS IT (strict)	UNKNOWN STEP	2025-11-12T12:47:59.0096789Z   Verifying        : dejavu-sans-mono-fonts-2.35-7.el8.noarch              4/87 
FIPS IT (strict)	UNKNOWN STEP	2025-11-12T12:47:59.0097783Z   Verifying        : fontconfig-2.13.1-4.el8.x86_64                        5/87 
FIPS IT (strict)	UNKNOWN STEP	2025-11-12T12:47:59.0101766Z   Verifying        : fontpackages-filesystem-1.44-22.el8.noarch            6/87 
FIPS IT (strict)	UNKNOWN STEP	2025-11-12T12:47:59.0103239Z   Verifying        : freetype-2.9.1-10.el8_10.x86_64                       7/87 
FIPS IT (strict)	UNKNOWN STEP	2025-11-12T12:47:59.0104179Z   Verifying        : gdk-pixbuf2-2.36.12-7.el8_10.x86_64                   8/87 
FIPS IT (strict)	UNKNOWN STEP	2025-11-12T12:47:59.0106209Z   Verifying        : glib-networking-2.56.1-1.1.el8.x86_64                 9/87 
FIPS IT (strict)	UNKNOWN STEP	2025-11-12T12:47:59.0108565Z   Verifying        : gsettings-desktop-schemas-3.32.0-6.el8.x86_64        10/87 
FIPS IT (strict)	UNKNOWN STEP	2025-11-12T12:47:59.0109433Z   Verifying        : libgusb-0.3.0-1.el8.x86_64                           11/87 
FIPS IT (strict)	UNKNOWN STEP	2025-11-12T12:47:59.0110316Z   Verifying        : libmodman-2.0.1-17.el8.x86_64                        12/87 
FIPS IT (strict)	UNKNOWN STEP	2025-11-12T12:47:59.0111210Z   Verifying        : libpkgconf-1.4.2-1.el8.x86_64                        13/87 
FIPS IT (strict)	UNKNOWN STEP	2025-11-12T12:47:59.0111996Z   Verifying        : libpng-2:1.6.34-5.el8.x86_64                         14/87 
FIPS IT (strict)	UNKNOWN STEP	2025-11-12T12:47:59.0112777Z   Verifying        : libproxy-0.4.15-5.5.el8_10.x86_64                    15/87 
FIPS IT (strict)	UNKNOWN STEP	2025-11-12T12:47:59.0113594Z   Verifying        : libsoup-2.62.3-10.el8_10.x86_64                      16/87 
FIPS IT (strict)	UNKNOWN STEP	2025-11-12T12:47:59.0114400Z   Verifying        : lksctp-tools-1.0.18-3.el8.x86_64                     17/87 
FIPS IT (strict)	UNKNOWN STEP	2025-11-12T12:47:59.0115549Z   Verifying        : pkgconf-1.4.2-1.el8.x86_64                           18/87 
FIPS IT (strict)	UNKNOWN STEP	2025-11-12T12:47:59.0116368Z   Verifying        : pkgconf-m4-1.4.2-1.el8.noarch                        19/87 
FIPS IT (strict)	UNKNOWN STEP	2025-11-12T12:47:59.0117204Z   Verifying        : pkgconf-pkg-config-1.4.2-1.el8.x86_64                20/87 
FIPS IT (strict)	UNKNOWN STEP	2025-11-12T12:47:59.0118227Z   Verifying        : shared-mime-info-1.9-4.el8.x86_64                    21/87 
FIPS IT (strict)	UNKNOWN STEP	2025-11-12T12:47:59.0119111Z   Verifying        : abattis-cantarell-fonts-0.0.25-6.el8.noarch          22/87 
FIPS IT (strict)	UNKNOWN STEP	2025-11-12T12:47:59.0119996Z   Verifying        : adwaita-cursor-theme-3.28.0-3.el8.noarch             23/87 
FIPS IT (strict)	UNKNOWN STEP	2025-11-12T12:47:59.0120854Z   Verifying        : adwaita-icon-theme-3.28.0-3.el8.noarch               24/87 
FIPS IT (strict)	UNKNOWN STEP	2025-11-12T12:47:59.0122111Z   Verifying        : at-spi2-atk-2.26.2-1.el8.x86_64                      25/87 
FIPS IT (strict)	UNKNOWN STEP	2025-11-12T12:47:59.0122968Z   Verifying        : at-spi2-core-2.28.0-1.el8.x86_64                     26/87 
FIPS IT (strict)	UNKNOWN STEP	2025-11-12T12:47:59.0123751Z   Verifying        : atk-2.28.1-1.el8.x86_64                              27/87 
FIPS IT (strict)	UNKNOWN STEP	2025-11-12T12:47:59.0124520Z   Verifying        : cairo-1.15.12-6.el8.x86_64                           28/87 
FIPS IT (strict)	UNKNOWN STEP	2025-11-12T12:47:59.0125326Z   Verifying        : cairo-gobject-1.15.12-6.el8.x86_64                   29/87 
FIPS IT (strict)	UNKNOWN STEP	2025-11-12T12:47:59.0126140Z   Verifying        : colord-libs-1.4.2-1.el8.x86_64                       30/87 
FIPS IT (strict)	UNKNOWN STEP	2025-11-12T12:47:59.0126974Z   Verifying        : copy-jdk-configs-4.0-2.el8.noarch                    31/87 
FIPS IT (strict)	UNKNOWN STEP	2025-11-12T12:47:59.0127985Z   Verifying        : dconf-0.28.0-4.el8.x86_64                            32/87 
FIPS IT (strict)	UNKNOWN STEP	2025-11-12T12:47:59.0128771Z   Verifying        : fribidi-1.0.4-9.el8.x86_64                           33/87 
FIPS IT (strict)	UNKNOWN STEP	2025-11-12T12:47:59.0129597Z   Verifying        : graphite2-1.3.10-10.el8.x86_64                       34/87 
FIPS IT (strict)	UNKNOWN STEP	2025-11-12T12:47:59.0130431Z   Verifying        : hicolor-icon-theme-0.17-2.el8.noarch                 35/87 
FIPS IT (strict)	UNKNOWN STEP	2025-11-12T12:47:59.0131324Z   Verifying        : javapackages-filesystem-5.3.0-1.module+el8+2447+6f   36/87 
FIPS IT (strict)	UNKNOWN STEP	2025-11-12T12:47:59.0132200Z   Verifying        : jbigkit-libs-2.1-14.el8.x86_64                       37/87 
FIPS IT (strict)	UNKNOWN STEP	2025-11-12T12:47:59.0133008Z   Verifying        : lcms2-2.9-2.el8.x86_64                               38/87 
FIPS IT (strict)	UNKNOWN STEP	2025-11-12T12:47:59.0133970Z   Verifying        : libXau-1.0.9-3.el8.x86_64                            39/87 
FIPS IT (strict)	UNKNOWN STEP	2025-11-12T12:47:59.0134795Z   Verifying        : libXcomposite-0.4.4-14.el8.x86_64                    40/87 
FIPS IT (strict)	UNKNOWN STEP	2025-11-12T12:47:59.0135619Z   Verifying        : libXcursor-1.1.15-3.el8.x86_64                       41/87 
FIPS IT (strict)	UNKNOWN STEP	2025-11-12T12:47:59.0136445Z   Verifying        : libXdamage-1.1.4-14.el8.x86_64                       42/87 
FIPS IT (strict)	UNKNOWN STEP	2025-11-12T12:47:59.0140247Z   Verifying        : libXext-1.3.4-1.el8.x86_64                           43/87 
FIPS IT (strict)	UNKNOWN STEP	2025-11-12T12:47:59.0141097Z   Verifying        : libXfixes-5.0.3-7.el8.x86_64                         44/87 
FIPS IT (strict)	UNKNOWN STEP	2025-11-12T12:47:59.0142049Z   Verifying        : libXft-2.3.3-1.el8.x86_64                            45/87 
FIPS IT (strict)	UNKNOWN STEP	2025-11-12T12:47:59.0142852Z   Verifying        : libXi-1.7.10-1.el8.x86_64                            46/87 
FIPS IT (strict)	UNKNOWN STEP	2025-11-12T12:47:59.0143612Z   Verifying        : libXinerama-1.1.4-1.el8.x86_64                       47/87 
FIPS IT (strict)	UNKNOWN STEP	2025-11-12T12:47:59.0144374Z   Verifying        : libXrandr-1.5.2-1.el8.x86_64                         48/87 
FIPS IT (strict)	UNKNOWN STEP	2025-11-12T12:47:59.0145150Z   Verifying        : libXrender-0.9.10-7.el8.x86_64                       49/87 
FIPS IT (strict)	UNKNOWN STEP	2025-11-12T12:47:59.0145924Z   Verifying        : libXtst-1.2.3-7.el8.x86_64                           50/87 
FIPS IT (strict)	UNKNOWN STEP	2025-11-12T12:47:59.0146666Z   Verifying        : libdatrie-0.2.9-7.el8.x86_64                         51/87 
FIPS IT (strict)	UNKNOWN STEP	2025-11-12T12:47:59.0147421Z   Verifying        : libepoxy-1.5.8-1.el8.x86_64                          52/87 
FIPS IT (strict)	UNKNOWN STEP	2025-11-12T12:47:59.0148442Z   Verifying        : libfontenc-1.1.3-8.el8.x86_64                        53/87 
FIPS IT (strict)	UNKNOWN STEP	2025-11-12T12:47:59.0149225Z   Verifying        : libthai-0.1.27-2.el8.x86_64                          54/87 
FIPS IT (strict)	UNKNOWN STEP	2025-11-12T12:47:59.0149970Z   Verifying        : libxcb-1.13.1-1.el8.x86_64                           55/87 
FIPS IT (strict)	UNKNOWN STEP	2025-11-12T12:47:59.0151075Z   Verifying        : libxkbcommon-0.9.1-1.el8.x86_64                      56/87 
FIPS IT (strict)	UNKNOWN STEP	2025-11-12T12:47:59.0151837Z   Verifying        : lua-5.3.4-12.el8.x86_64                              57/87 
FIPS IT (strict)	UNKNOWN STEP	2025-11-12T12:47:59.0152570Z   Verifying        : pango-1.42.4-8.el8.x86_64                            58/87 
FIPS IT (strict)	UNKNOWN STEP	2025-11-12T12:47:59.0153265Z   Verifying        : rest-0.8.1-2.el8.x86_64                              59/87 
FIPS IT (strict)	UNKNOWN STEP	2025-11-12T12:47:59.0154082Z   Verifying        : ttmkfdir-3.0.9-54.el8.x86_64                         60/87 
FIPS IT (strict)	UNKNOWN STEP	2025-11-12T12:47:59.0154920Z   Verifying        : xkeyboard-config-2.28-1.el8.noarch                   61/87 
FIPS IT (strict)	UNKNOWN STEP	2025-11-12T12:47:59.0155926Z   Verifying        : xorg-x11-font-utils-1:7.5-41.el8.x86_64              62/87 
FIPS IT (strict)	UNKNOWN STEP	2025-11-12T12:47:59.0156734Z   Verifying        : xorg-x11-fonts-Type1-7.5-19.el8.noarch               63/87 
FIPS IT (strict)	UNKNOWN STEP	2025-11-12T12:47:59.0157701Z   Verifying        : alsa-lib-1.2.10-2.el8.x86_64                         64/87 
FIPS IT (strict)	UNKNOWN STEP	2025-11-12T12:47:59.0158517Z   Verifying        : gtk-update-icon-cache-3.22.30-12.el8_10.x86_64       65/87 
FIPS IT (strict)	UNKNOWN STEP	2025-11-12T12:47:59.0159218Z   Verifying        : gtk3-3.22.30-12.el8_10.x86_64                        66/87 
FIPS IT (strict)	UNKNOWN STEP	2025-11-12T12:47:59.0159952Z   Verifying        : harfbuzz-1.7.5-4.el8.x86_64                          67/87 
FIPS IT (strict)	UNKNOWN STEP	2025-11-12T12:47:59.0160709Z   Verifying        : jasper-libs-2.0.14-6.el8_10.x86_64                   68/87 
FIPS IT (strict)	UNKNOWN STEP	2025-11-12T12:47:59.0161472Z   Verifying        : libX11-1.6.8-9.el8_10.x86_64                         69/87 
FIPS IT (strict)	UNKNOWN STEP	2025-11-12T12:47:59.0162220Z   Verifying        : libX11-common-1.6.8-9.el8_10.noarch                  70/87 
FIPS IT (strict)	UNKNOWN STEP	2025-11-12T12:47:59.0162943Z   Verifying        : libwayland-client-1.21.0-1.el8.x86_64                71/87 
FIPS IT (strict)	UNKNOWN STEP	2025-11-12T12:47:59.0163558Z   Verifying        : libwayland-cursor-1.21.0-1.el8.x86_64                72/87 
FIPS IT (strict)	UNKNOWN STEP	2025-11-12T12:47:59.0165399Z   Verifying        : libwayland-egl-1.21.0-1.el8.x86_64                   73/87 
FIPS IT (strict)	UNKNOWN STEP	2025-11-12T12:47:59.0166205Z   Verifying        : pixman-0.38.4-4.el8.x86_64                           74/87 
FIPS IT (strict)	UNKNOWN STEP	2025-11-12T12:47:59.0166966Z   Verifying        : tzdata-java-2025b-1.el8.noarch                       75/87 
FIPS IT (strict)	UNKNOWN STEP	2025-11-12T12:47:59.0167895Z   Verifying        : gdk-pixbuf2-modules-2.36.12-7.el8_10.x86_64          76/87 
FIPS IT (strict)	UNKNOWN STEP	2025-11-12T12:47:59.0168662Z   Verifying        : java-21-openjdk-1:21.0.9.0.10-1.el8.x86_64           77/87 
FIPS IT (strict)	UNKNOWN STEP	2025-11-12T12:47:59.0169409Z   Verifying        : java-21-openjdk-devel-1:21.0.9.0.10-1.el8.x86_64     78/87 
FIPS IT (strict)	UNKNOWN STEP	2025-11-12T12:47:59.0170169Z   Verifying        : java-21-openjdk-headless-1:21.0.9.0.10-1.el8.x86_6   79/87 
FIPS IT (strict)	UNKNOWN STEP	2025-11-12T12:47:59.0171337Z   Verifying        : libjpeg-turbo-1.5.3-14.el8_10.x86_64                 80/87 
FIPS IT (strict)	UNKNOWN STEP	2025-11-12T12:47:59.0172091Z   Verifying        : libtiff-4.0.9-36.el8_10.x86_64                       81/87 
FIPS IT (strict)	UNKNOWN STEP	2025-11-12T12:47:59.0172814Z   Verifying        : nspr-4.36.0-2.el8_10.x86_64                          82/87 
FIPS IT (strict)	UNKNOWN STEP	2025-11-12T12:47:59.0173529Z   Verifying        : nss-3.112.0-4.el8_10.x86_64                          83/87 
FIPS IT (strict)	UNKNOWN STEP	2025-11-12T12:47:59.0174268Z   Verifying        : nss-softokn-3.112.0-4.el8_10.x86_64                  84/87 
FIPS IT (strict)	UNKNOWN STEP	2025-11-12T12:47:59.0175953Z   Verifying        : nss-softokn-freebl-3.112.0-4.el8_10.x86_64           85/87 
FIPS IT (strict)	UNKNOWN STEP	2025-11-12T12:47:59.0176802Z   Verifying        : nss-sysinit-3.112.0-4.el8_10.x86_64                  86/87 
FIPS IT (strict)	UNKNOWN STEP	2025-11-12T12:47:59.0658689Z   Verifying        : nss-util-3.112.0-4.el8_10.x86_64                     87/87 
FIPS IT (strict)	UNKNOWN STEP	2025-11-12T12:47:59.0659214Z Installed products updated.
FIPS IT (strict)	UNKNOWN STEP	2025-11-12T12:47:59.1176497Z 
FIPS IT (strict)	UNKNOWN STEP	2025-11-12T12:47:59.1176976Z Installed:
FIPS IT (strict)	UNKNOWN STEP	2025-11-12T12:47:59.1178267Z   abattis-cantarell-fonts-0.0.25-6.el8.noarch                                   
FIPS IT (strict)	UNKNOWN STEP	2025-11-12T12:47:59.1179178Z   adwaita-cursor-theme-3.28.0-3.el8.noarch                                      
FIPS IT (strict)	UNKNOWN STEP	2025-11-12T12:47:59.1179811Z   adwaita-icon-theme-3.28.0-3.el8.noarch                                        
FIPS IT (strict)	UNKNOWN STEP	2025-11-12T12:47:59.1180388Z   alsa-lib-1.2.10-2.el8.x86_64                                                  
FIPS IT (strict)	UNKNOWN STEP	2025-11-12T12:47:59.1181193Z   at-spi2-atk-2.26.2-1.el8.x86_64                                               
FIPS IT (strict)	UNKNOWN STEP	2025-11-12T12:47:59.1181720Z   at-spi2-core-2.28.0-1.el8.x86_64                                              
FIPS IT (strict)	UNKNOWN STEP	2025-11-12T12:47:59.1182207Z   atk-2.28.1-1.el8.x86_64                                                       
FIPS IT (strict)	UNKNOWN STEP	2025-11-12T12:47:59.1182696Z   avahi-libs-0.7-27.el8_10.1.x86_64                                             
FIPS IT (strict)	UNKNOWN STEP	2025-11-12T12:47:59.1183194Z   cairo-1.15.12-6.el8.x86_64                                                    
FIPS IT (strict)	UNKNOWN STEP	2025-11-12T12:47:59.1183710Z   cairo-gobject-1.15.12-6.el8.x86_64                                            
FIPS IT (strict)	UNKNOWN STEP	2025-11-12T12:47:59.1184405Z   colord-libs-1.4.2-1.el8.x86_64                                                
FIPS IT (strict)	UNKNOWN STEP	2025-11-12T12:47:59.1184961Z   copy-jdk-configs-4.0-2.el8.noarch                                             
FIPS IT (strict)	UNKNOWN STEP	2025-11-12T12:47:59.1185508Z   cups-libs-1:2.2.6-63.el8_10.x86_64                                            
FIPS IT (strict)	UNKNOWN STEP	2025-11-12T12:47:59.1186071Z   dconf-0.28.0-4.el8.x86_64                                                     
FIPS IT (strict)	UNKNOWN STEP	2025-11-12T12:47:59.1186594Z   dejavu-fonts-common-2.35-7.el8.noarch                                         
FIPS IT (strict)	UNKNOWN STEP	2025-11-12T12:47:59.1187168Z   dejavu-sans-mono-fonts-2.35-7.el8.noarch                                      
FIPS IT (strict)	UNKNOWN STEP	2025-11-12T12:47:59.1187922Z   fontconfig-2.13.1-4.el8.x86_64                                                
FIPS IT (strict)	UNKNOWN STEP	2025-11-12T12:47:59.1188450Z   fontpackages-filesystem-1.44-22.el8.noarch                                    
FIPS IT (strict)	UNKNOWN STEP	2025-11-12T12:47:59.1188965Z   freetype-2.9.1-10.el8_10.x86_64                                               
FIPS IT (strict)	UNKNOWN STEP	2025-11-12T12:47:59.1189419Z   fribidi-1.0.4-9.el8.x86_64                                                    
FIPS IT (strict)	UNKNOWN STEP	2025-11-12T12:47:59.1189883Z   gdk-pixbuf2-2.36.12-7.el8_10.x86_64                                           
FIPS IT (strict)	UNKNOWN STEP	2025-11-12T12:47:59.1190388Z   gdk-pixbuf2-modules-2.36.12-7.el8_10.x86_64                                   
FIPS IT (strict)	UNKNOWN STEP	2025-11-12T12:47:59.1190903Z   glib-networking-2.56.1-1.1.el8.x86_64                                         
FIPS IT (strict)	UNKNOWN STEP	2025-11-12T12:47:59.1191390Z   graphite2-1.3.10-10.el8.x86_64                                                
FIPS IT (strict)	UNKNOWN STEP	2025-11-12T12:47:59.1191906Z   gsettings-desktop-schemas-3.32.0-6.el8.x86_64                                 
FIPS IT (strict)	UNKNOWN STEP	2025-11-12T12:47:59.1192452Z   gtk-update-icon-cache-3.22.30-12.el8_10.x86_64                                
FIPS IT (strict)	UNKNOWN STEP	2025-11-12T12:47:59.1192933Z   gtk3-3.22.30-12.el8_10.x86_64                                                 
FIPS IT (strict)	UNKNOWN STEP	2025-11-12T12:47:59.1193375Z   harfbuzz-1.7.5-4.el8.x86_64                                                   
FIPS IT (strict)	UNKNOWN STEP	2025-11-12T12:47:59.1193876Z   hicolor-icon-theme-0.17-2.el8.noarch                                          
FIPS IT (strict)	UNKNOWN STEP	2025-11-12T12:47:59.1194378Z   jasper-libs-2.0.14-6.el8_10.x86_64                                            
FIPS IT (strict)	UNKNOWN STEP	2025-11-12T12:47:59.1194856Z   java-21-openjdk-1:21.0.9.0.10-1.el8.x86_64                                    
FIPS IT (strict)	UNKNOWN STEP	2025-11-12T12:47:59.1195348Z   java-21-openjdk-devel-1:21.0.9.0.10-1.el8.x86_64                              
FIPS IT (strict)	UNKNOWN STEP	2025-11-12T12:47:59.1195879Z   java-21-openjdk-headless-1:21.0.9.0.10-1.el8.x86_64                           
FIPS IT (strict)	UNKNOWN STEP	2025-11-12T12:47:59.1196444Z   javapackages-filesystem-5.3.0-1.module+el8+2447+6f56d9a6.noarch               
FIPS IT (strict)	UNKNOWN STEP	2025-11-12T12:47:59.1196927Z   jbigkit-libs-2.1-14.el8.x86_64                                                
FIPS IT (strict)	UNKNOWN STEP	2025-11-12T12:47:59.1197344Z   lcms2-2.9-2.el8.x86_64                                                        
FIPS IT (strict)	UNKNOWN STEP	2025-11-12T12:47:59.1197853Z   libX11-1.6.8-9.el8_10.x86_64                                                  
FIPS IT (strict)	UNKNOWN STEP	2025-11-12T12:47:59.1198278Z   libX11-common-1.6.8-9.el8_10.noarch                                           
FIPS IT (strict)	UNKNOWN STEP	2025-11-12T12:47:59.1198695Z   libXau-1.0.9-3.el8.x86_64                                                     
FIPS IT (strict)	UNKNOWN STEP	2025-11-12T12:47:59.1199169Z   libXcomposite-0.4.4-14.el8.x86_64                                             
FIPS IT (strict)	UNKNOWN STEP	2025-11-12T12:47:59.1199602Z   libXcursor-1.1.15-3.el8.x86_64                                                
FIPS IT (strict)	UNKNOWN STEP	2025-11-12T12:47:59.1200163Z   libXdamage-1.1.4-14.el8.x86_64                                                
FIPS IT (strict)	UNKNOWN STEP	2025-11-12T12:47:59.1200564Z   libXext-1.3.4-1.el8.x86_64                                                    
FIPS IT (strict)	UNKNOWN STEP	2025-11-12T12:47:59.1200962Z   libXfixes-5.0.3-7.el8.x86_64                                                  
FIPS IT (strict)	UNKNOWN STEP	2025-11-12T12:47:59.1201362Z   libXft-2.3.3-1.el8.x86_64                                                     
FIPS IT (strict)	UNKNOWN STEP	2025-11-12T12:47:59.1201759Z   libXi-1.7.10-1.el8.x86_64                                                     
FIPS IT (strict)	UNKNOWN STEP	2025-11-12T12:47:59.1202160Z   libXinerama-1.1.4-1.el8.x86_64                                                
FIPS IT (strict)	UNKNOWN STEP	2025-11-12T12:47:59.1202566Z   libXrandr-1.5.2-1.el8.x86_64                                                  
FIPS IT (strict)	UNKNOWN STEP	2025-11-12T12:47:59.1203085Z   libXrender-0.9.10-7.el8.x86_64                                                
FIPS IT (strict)	UNKNOWN STEP	2025-11-12T12:47:59.1203489Z   libXtst-1.2.3-7.el8.x86_64                                                    
FIPS IT (strict)	UNKNOWN STEP	2025-11-12T12:47:59.1203893Z   libdatrie-0.2.9-7.el8.x86_64                                                  
FIPS IT (strict)	UNKNOWN STEP	2025-11-12T12:47:59.1204298Z   libepoxy-1.5.8-1.el8.x86_64                                                   
FIPS IT (strict)	UNKNOWN STEP	2025-11-12T12:47:59.1204705Z   libfontenc-1.1.3-8.el8.x86_64                                                 
FIPS IT (strict)	UNKNOWN STEP	2025-11-12T12:47:59.1205111Z   libgusb-0.3.0-1.el8.x86_64                                                    
FIPS IT (strict)	UNKNOWN STEP	2025-11-12T12:47:59.1205526Z   libjpeg-turbo-1.5.3-14.el8_10.x86_64                                          
FIPS IT (strict)	UNKNOWN STEP	2025-11-12T12:47:59.1205957Z   libmodman-2.0.1-17.el8.x86_64                                                 
FIPS IT (strict)	UNKNOWN STEP	2025-11-12T12:47:59.1206369Z   libpkgconf-1.4.2-1.el8.x86_64                                                 
FIPS IT (strict)	UNKNOWN STEP	2025-11-12T12:47:59.1206777Z   libpng-2:1.6.34-5.el8.x86_64                                                  
FIPS IT (strict)	UNKNOWN STEP	2025-11-12T12:47:59.1207187Z   libproxy-0.4.15-5.5.el8_10.x86_64                                             
FIPS IT (strict)	UNKNOWN STEP	2025-11-12T12:47:59.1207703Z   libsoup-2.62.3-10.el8_10.x86_64                                               
FIPS IT (strict)	UNKNOWN STEP	2025-11-12T12:47:59.1208106Z   libthai-0.1.27-2.el8.x86_64                                                   
FIPS IT (strict)	UNKNOWN STEP	2025-11-12T12:47:59.1208502Z   libtiff-4.0.9-36.el8_10.x86_64                                                
FIPS IT (strict)	UNKNOWN STEP	2025-11-12T12:47:59.1208927Z   libwayland-client-1.21.0-1.el8.x86_64                                         
FIPS IT (strict)	UNKNOWN STEP	2025-11-12T12:47:59.1209375Z   libwayland-cursor-1.21.0-1.el8.x86_64                                         
FIPS IT (strict)	UNKNOWN STEP	2025-11-12T12:47:59.1209817Z   libwayland-egl-1.21.0-1.el8.x86_64                                            
FIPS IT (strict)	UNKNOWN STEP	2025-11-12T12:47:59.1210238Z   libxcb-1.13.1-1.el8.x86_64                                                    
FIPS IT (strict)	UNKNOWN STEP	2025-11-12T12:47:59.1210648Z   libxkbcommon-0.9.1-1.el8.x86_64                                               
FIPS IT (strict)	UNKNOWN STEP	2025-11-12T12:47:59.1211078Z   lksctp-tools-1.0.18-3.el8.x86_64                                              
FIPS IT (strict)	UNKNOWN STEP	2025-11-12T12:47:59.1211479Z   lua-5.3.4-12.el8.x86_64                                                       
FIPS IT (strict)	UNKNOWN STEP	2025-11-12T12:47:59.1211858Z   nspr-4.36.0-2.el8_10.x86_64                                                   
FIPS IT (strict)	UNKNOWN STEP	2025-11-12T12:47:59.1212245Z   nss-3.112.0-4.el8_10.x86_64                                                   
FIPS IT (strict)	UNKNOWN STEP	2025-11-12T12:47:59.1212653Z   nss-softokn-3.112.0-4.el8_10.x86_64                                           
FIPS IT (strict)	UNKNOWN STEP	2025-11-12T12:47:59.1213101Z   nss-softokn-freebl-3.112.0-4.el8_10.x86_64                                    
FIPS IT (strict)	UNKNOWN STEP	2025-11-12T12:47:59.1213539Z   nss-sysinit-3.112.0-4.el8_10.x86_64                                           
FIPS IT (strict)	UNKNOWN STEP	2025-11-12T12:47:59.1213969Z   nss-util-3.112.0-4.el8_10.x86_64                                              
FIPS IT (strict)	UNKNOWN STEP	2025-11-12T12:47:59.1214371Z   pango-1.42.4-8.el8.x86_64                                                     
FIPS IT (strict)	UNKNOWN STEP	2025-11-12T12:47:59.1214763Z   pixman-0.38.4-4.el8.x86_64                                                    
FIPS IT (strict)	UNKNOWN STEP	2025-11-12T12:47:59.1215156Z   pkgconf-1.4.2-1.el8.x86_64                                                    
FIPS IT (strict)	UNKNOWN STEP	2025-11-12T12:47:59.1215691Z   pkgconf-m4-1.4.2-1.el8.noarch                                                 
FIPS IT (strict)	UNKNOWN STEP	2025-11-12T12:47:59.1216146Z   pkgconf-pkg-config-1.4.2-1.el8.x86_64                                         
FIPS IT (strict)	UNKNOWN STEP	2025-11-12T12:47:59.1216566Z   rest-0.8.1-2.el8.x86_64                                                       
FIPS IT (strict)	UNKNOWN STEP	2025-11-12T12:47:59.1216971Z   shared-mime-info-1.9-4.el8.x86_64                                             
FIPS IT (strict)	UNKNOWN STEP	2025-11-12T12:47:59.1217384Z   ttmkfdir-3.0.9-54.el8.x86_64                                                  
FIPS IT (strict)	UNKNOWN STEP	2025-11-12T12:47:59.1218050Z   tzdata-java-2025b-1.el8.noarch                                                
FIPS IT (strict)	UNKNOWN STEP	2025-11-12T12:47:59.1218516Z   xkeyboard-config-2.28-1.el8.noarch                                            
FIPS IT (strict)	UNKNOWN STEP	2025-11-12T12:47:59.1219093Z   xorg-x11-font-utils-1:7.5-41.el8.x86_64                                       
FIPS IT (strict)	UNKNOWN STEP	2025-11-12T12:47:59.1219565Z   xorg-x11-fonts-Type1-7.5-19.el8.noarch                                        
FIPS IT (strict)	UNKNOWN STEP	2025-11-12T12:47:59.1219851Z 
FIPS IT (strict)	UNKNOWN STEP	2025-11-12T12:47:59.1219947Z Complete!
FIPS IT (strict)	UNKNOWN STEP	2025-11-12T12:47:59.1923128Z + fips-mode-setup --enable --no-bootcfg
FIPS IT (strict)	UNKNOWN STEP	2025-11-12T12:47:59.2828747Z Setting system policy to FIPS
FIPS IT (strict)	UNKNOWN STEP	2025-11-12T12:47:59.2829451Z Note: System-wide crypto policies are applied on application start-up.
FIPS IT (strict)	UNKNOWN STEP	2025-11-12T12:47:59.2830282Z It is recommended to restart the system for the change of policies
FIPS IT (strict)	UNKNOWN STEP	2025-11-12T12:47:59.2830897Z to fully take place.
FIPS IT (strict)	UNKNOWN STEP	2025-11-12T12:47:59.2912980Z The grubby command is missing, please configure the bootloader manually.
FIPS IT (strict)	UNKNOWN STEP	2025-11-12T12:47:59.2917375Z FIPS mode will be enabled.
FIPS IT (strict)	UNKNOWN STEP	2025-11-12T12:47:59.2918601Z Now you need to configure the bootloader to add kernel options "fips=1"
FIPS IT (strict)	UNKNOWN STEP	2025-11-12T12:47:59.2919308Z and reboot the system for the setting to take effect.
FIPS IT (strict)	UNKNOWN STEP	2025-11-12T12:47:59.2921732Z + fips-mode-setup --is-enabled
FIPS IT (strict)	UNKNOWN STEP	2025-11-12T12:47:59.3000143Z + '[' 0 -ne 0 ']'
FIPS IT (strict)	UNKNOWN STEP	2025-11-12T12:47:59.3000514Z + STRICT_OPTIONS=
FIPS IT (strict)	UNKNOWN STEP	2025-11-12T12:47:59.3000925Z + TESTSUITE_NAME=FipsNonStrictTestSuite
FIPS IT (strict)	UNKNOWN STEP	2025-11-12T12:47:59.3001440Z + '[' strict = strict ']'
FIPS IT (strict)	UNKNOWN STEP	2025-11-12T12:47:59.3002668Z + STRICT_OPTIONS='-Dauth.server.fips.mode=strict -Dauth.server.supported.keystore.types=BCFKS -Dauth.server.keystore.type=bcfks -Dauth.server.supported.rsa.key.sizes=2048,3072,4096'
FIPS IT (strict)	UNKNOWN STEP	2025-11-12T12:47:59.3003932Z + TESTSUITE_NAME=FipsStrictTestSuite
FIPS IT (strict)	UNKNOWN STEP	2025-11-12T12:47:59.3004890Z + echo 'STRICT_OPTIONS: -Dauth.server.fips.mode=strict -Dauth.server.supported.keystore.types=BCFKS -Dauth.server.keystore.type=bcfks -Dauth.server.supported.rsa.key.sizes=2048,3072,4096'
FIPS IT (strict)	UNKNOWN STEP	2025-11-12T12:47:59.3005818Z ++ testsuite/integration-arquillian/tests/base/testsuites/suite.sh fips
FIPS IT (strict)	UNKNOWN STEP	2025-11-12T12:47:59.3006717Z STRICT_OPTIONS: -Dauth.server.fips.mode=strict -Dauth.server.supported.keystore.types=BCFKS -Dauth.server.keystore.type=bcfks -Dauth.server.supported.rsa.key.sizes=2048,3072,4096
FIPS IT (strict)	UNKNOWN STEP	2025-11-12T12:47:59.4336288Z + TESTS='LoginTest,LoginTotpTest,PasswordHashingTest,ClientAuthSignedJWTTest,ClientAuthEdDSASignedJWTTest,JavaKeystoreKeyProviderTest,UserFederationLdapConnectionTest,LDAPUserLoginTest,org.keycloak.testsuite.x509.**,MutualTLSClientTest,FAPI1Test,FAPICIBATest,KcRegTest,KcRegCreateTest,KcAdmTest,KcAdmCreateTest,SAMLServletAdapterTest,SamlSignatureTest,KcOidcBrokerJWEEcdhEsA128KwP256A128CbcHs256Test,KcOidcBrokerJWEEcdhEsA128KwP256A128GcmTest,KcOidcBrokerJWEEcdhEsA192KwP384A192CbcHs384Test,KcOidcBrokerJWEEcdhEsA192KwP384A192GcmTest,KcOidcBrokerJWEEcdhEsA256KwP521A256CbcHs512Test,KcOidcBrokerJWEEcdhEsA256KwP521A256GcmTest,KcOidcBrokerJWEEcdhEsP384A192CbcHs384Test,KcOidcBrokerJWEEcdhEsP384A192GcmTest,KcOidcBrokerJWETest,KcOidcBrokerJWEUserInfoJustEncryptedTest,KcSamlBrokerTest,KcSamlFirstBrokerLoginTest,KcSamlEncryptedIdTest,KcSamlSignedBrokerTest,KcSamlSpDescriptorTest,KerberosLdapTest,TrustStoreEmailTest'
FIPS IT (strict)	UNKNOWN STEP	2025-11-12T12:47:59.4351828Z Tests: LoginTest,LoginTotpTest,PasswordHashingTest,ClientAuthSignedJWTTest,ClientAuthEdDSASignedJWTTest,JavaKeystoreKeyProviderTest,UserFederationLdapConnectionTest,LDAPUserLoginTest,org.keycloak.testsuite.x509.**,MutualTLSClientTest,FAPI1Test,FAPICIBATest,KcRegTest,KcRegCreateTest,KcAdmTest,KcAdmCreateTest,SAMLServletAdapterTest,SamlSignatureTest,KcOidcBrokerJWEEcdhEsA128KwP256A128CbcHs256Test,KcOidcBrokerJWEEcdhEsA128KwP256A128GcmTest,KcOidcBrokerJWEEcdhEsA192KwP384A192CbcHs384Test,KcOidcBrokerJWEEcdhEsA192KwP384A192GcmTest,KcOidcBrokerJWEEcdhEsA256KwP521A256CbcHs512Test,KcOidcBrokerJWEEcdhEsA256KwP521A256GcmTest,KcOidcBrokerJWEEcdhEsP384A192CbcHs384Test,KcOidcBrokerJWEEcdhEsP384A192GcmTest,KcOidcBrokerJWETest,KcOidcBrokerJWEUserInfoJustEncryptedTest,KcSamlBrokerTest,KcSamlFirstBrokerLoginTest,KcSamlEncryptedIdTest,KcSamlSignedBrokerTest,KcSamlSpDescriptorTest,KerberosLdapTest,TrustStoreEmailTest
FIPS IT (strict)	UNKNOWN STEP	2025-11-12T12:47:59.4372088Z + echo 'Tests: LoginTest,LoginTotpTest,PasswordHashingTest,ClientAuthSignedJWTTest,ClientAuthEdDSASignedJWTTest,JavaKeystoreKeyProviderTest,UserFederationLdapConnectionTest,LDAPUserLoginTest,org.keycloak.testsuite.x509.**,MutualTLSClientTest,FAPI1Test,FAPICIBATest,KcRegTest,KcRegCreateTest,KcAdmTest,KcAdmCreateTest,SAMLServletAdapterTest,SamlSignatureTest,KcOidcBrokerJWEEcdhEsA128KwP256A128CbcHs256Test,KcOidcBrokerJWEEcdhEsA128KwP256A128GcmTest,KcOidcBrokerJWEEcdhEsA192KwP384A192CbcHs384Test,KcOidcBrokerJWEEcdhEsA192KwP384A192GcmTest,KcOidcBrokerJWEEcdhEsA256KwP521A256CbcHs512Test,KcOidcBrokerJWEEcdhEsA256KwP521A256GcmTest,KcOidcBrokerJWEEcdhEsP384A192CbcHs384Test,KcOidcBrokerJWEEcdhEsP384A192GcmTest,KcOidcBrokerJWETest,KcOidcBrokerJWEUserInfoJustEncryptedTest,KcSamlBrokerTest,KcSamlFirstBrokerLoginTest,KcSamlEncryptedIdTest,KcSamlSignedBrokerTest,KcSamlSpDescriptorTest,KerberosLdapTest,TrustStoreEmailTest'
FIPS IT (strict)	UNKNOWN STEP	2025-11-12T12:47:59.4379815Z + export JAVA_HOME=/etc/alternatives/java_sdk_21
FIPS IT (strict)	UNKNOWN STEP	2025-11-12T12:47:59.4380356Z + JAVA_HOME=/etc/alternatives/java_sdk_21
FIPS IT (strict)	UNKNOWN STEP	2025-11-12T12:47:59.4380828Z + set -o pipefail
FIPS IT (strict)	UNKNOWN STEP	2025-11-12T12:47:59.4381278Z + ./mvnw install -DskipTests -f distribution/pom.xml
FIPS IT (strict)	UNKNOWN STEP	2025-11-12T12:48:01.3900780Z [INFO] Loading cache configuration from /github/workspace/.mvn/maven-build-cache-config.xml
FIPS IT (strict)	UNKNOWN STEP	2025-11-12T12:48:01.4119348Z [INFO] Scanning for projects...
FIPS IT (strict)	UNKNOWN STEP	2025-11-12T12:48:01.6608625Z [INFO] ------------------------------------------------------------------------
FIPS IT (strict)	UNKNOWN STEP	2025-11-12T12:48:01.6611320Z [INFO] Reactor Build Order:
FIPS IT (strict)	UNKNOWN STEP	2025-11-12T12:48:01.6612881Z [INFO] 
FIPS IT (strict)	UNKNOWN STEP	2025-11-12T12:48:01.6614271Z [INFO] Distribution Parent                                                [pom]
FIPS IT (strict)	UNKNOWN STEP	2025-11-12T12:48:01.6615563Z [INFO] Galleon Feature Pack Builds                                        [pom]
FIPS IT (strict)	UNKNOWN STEP	2025-11-12T12:48:01.6616738Z [INFO] Keycloak Galleon Feature Pack: SAML Adapter                        [pom]
FIPS IT (strict)	UNKNOWN STEP	2025-11-12T12:48:01.6618070Z [INFO] Keycloak Distribution Licenses Common                              [jar]
FIPS IT (strict)	UNKNOWN STEP	2025-11-12T12:48:01.6619406Z [INFO] Keycloak Distribution Maven Plugins Parent                         [pom]
FIPS IT (strict)	UNKNOWN STEP	2025-11-12T12:48:01.6621728Z [INFO] Keycloak Licenses Processor Maven Plugin                  [maven-plugin]
FIPS IT (strict)	UNKNOWN STEP	2025-11-12T12:48:01.6622656Z [INFO] Keycloak SAML Wildfly Modules                                      [pom]
FIPS IT (strict)	UNKNOWN STEP	2025-11-12T12:48:01.6623490Z [INFO] Keycloak SAML Wildfly Adapter Distro                               [pom]
FIPS IT (strict)	UNKNOWN STEP	2025-11-12T12:48:01.6624346Z [INFO] Keycloak Wildfly SAML Adapter                                      [pom]
FIPS IT (strict)	UNKNOWN STEP	2025-11-12T12:48:01.6625177Z [INFO] SAML Adapters Distribution Parent                                  [pom]
FIPS IT (strict)	UNKNOWN STEP	2025-11-12T12:48:01.6626053Z [INFO] Keycloak Galleon Feature Pack: SAML Adapter Layer Metadata Tests   [jar]
FIPS IT (strict)	UNKNOWN STEP	2025-11-12T12:48:01.6662066Z [INFO] 
FIPS IT (strict)	UNKNOWN STEP	2025-11-12T12:48:01.6666601Z [INFO] -------------< org.keycloak:keycloak-distribution-parent >--------------
FIPS IT (strict)	UNKNOWN STEP	2025-11-12T12:48:01.6669929Z [INFO] Building Distribution Parent 999.0.0-SNAPSHOT                     [1/11]
FIPS IT (strict)	UNKNOWN STEP	2025-11-12T12:48:01.6670626Z [INFO]   from pom.xml
FIPS IT (strict)	UNKNOWN STEP	2025-11-12T12:48:01.6671127Z [INFO] --------------------------------[ pom ]---------------------------------
FIPS IT (strict)	UNKNOWN STEP	2025-11-12T12:48:01.7264670Z [INFO] 
FIPS IT (strict)	UNKNOWN STEP	2025-11-12T12:48:01.7268532Z [INFO] --- enforcer:3.0.0-M3:enforce (enforce-java-version) @ keycloak-distribution-parent ---
FIPS IT (strict)	UNKNOWN STEP	2025-11-12T12:48:01.9243029Z [INFO] 
FIPS IT (strict)	UNKNOWN STEP	2025-11-12T12:48:01.9244857Z [INFO] --- enforcer:3.0.0-M3:enforce (enforce-maven-version) @ keycloak-distribution-parent ---
FIPS IT (strict)	UNKNOWN STEP	2025-11-12T12:48:01.9261750Z [INFO] 
FIPS IT (strict)	UNKNOWN STEP	2025-11-12T12:48:01.9265502Z [INFO] --- buildnumber:1.4:create (get-scm-revision) @ keycloak-distribution-parent ---
FIPS IT (strict)	UNKNOWN STEP	2025-11-12T12:48:02.1966230Z [INFO] Executing: /bin/sh -c cd '/github/workspace/distribution' && 'git' 'rev-parse' '--verify' 'HEAD'
FIPS IT (strict)	UNKNOWN STEP	2025-11-12T12:48:02.1970385Z [INFO] Working directory: /github/workspace/distribution
FIPS IT (strict)	UNKNOWN STEP	2025-11-12T12:48:02.2010023Z [WARNING] Cannot get the revision information from the scm repository, proceeding with revision of UNKNOWN : 
FIPS IT (strict)	UNKNOWN STEP	2025-11-12T12:48:02.2010996Z Exception while executing SCM command.
FIPS IT (strict)	UNKNOWN STEP	2025-11-12T12:48:02.2011636Z [INFO] Storing buildNumber: UNKNOWN at timestamp: 1762951682179
FIPS IT (strict)	UNKNOWN STEP	2025-11-12T12:48:02.2030351Z [WARNING] Cannot get the branch information from the git repository: 
FIPS IT (strict)	UNKNOWN STEP	2025-11-12T12:48:02.2035265Z Error while executing command.
FIPS IT (strict)	UNKNOWN STEP	2025-11-12T12:48:02.2036065Z [INFO] Executing: /bin/sh -c cd '/github/workspace/distribution' && 'git' 'rev-parse' '--verify' 'HEAD'
FIPS IT (strict)	UNKNOWN STEP	2025-11-12T12:48:02.2036992Z [INFO] Working directory: /github/workspace/distribution
FIPS IT (strict)	UNKNOWN STEP	2025-11-12T12:48:02.2049481Z [WARNING] Cannot get the branch information from the scm repository, proceeding with UNKNOWN_BRANCH : 
FIPS IT (strict)	UNKNOWN STEP	2025-11-12T12:48:02.2052158Z Exception while executing SCM command.
FIPS IT (strict)	UNKNOWN STEP	2025-11-12T12:48:02.2052988Z [INFO] Storing buildScmBranch: UNKNOWN_BRANCH
FIPS IT (strict)	UNKNOWN STEP	2025-11-12T12:48:02.2053468Z [INFO] 
FIPS IT (strict)	UNKNOWN STEP	2025-11-12T12:48:02.2056813Z [INFO] --- source:3.1.0:jar-no-fork (attach-sources) @ keycloak-distribution-parent ---
FIPS IT (strict)	UNKNOWN STEP	2025-11-12T12:48:02.3491780Z [INFO] 
FIPS IT (strict)	UNKNOWN STEP	2025-11-12T12:48:02.3494911Z [INFO] --- install:2.5.2:install (default-install) @ keycloak-distribution-parent ---
FIPS IT (strict)	UNKNOWN STEP	2025-11-12T12:48:02.3909027Z [INFO] Installing /github/workspace/distribution/pom.xml to /root/.m2/repository/org/keycloak/keycloak-distribution-parent/999.0.0-SNAPSHOT/keycloak-distribution-parent-999.0.0-SNAPSHOT.pom
FIPS IT (strict)	UNKNOWN STEP	2025-11-12T12:48:02.4089801Z [INFO] 
FIPS IT (strict)	UNKNOWN STEP	2025-11-12T12:48:02.4093512Z [INFO] -------------< org.keycloak:galleon-feature-packs-parent >--------------
FIPS IT (strict)	UNKNOWN STEP	2025-11-12T12:48:02.4101311Z [INFO] Building Galleon Feature Pack Builds 999.0.0-SNAPSHOT             [2/11]
FIPS IT (strict)	UNKNOWN STEP	2025-11-12T12:48:02.4104310Z [INFO]   from galleon-feature-packs/pom.xml
FIPS IT (strict)	UNKNOWN STEP	2025-11-12T12:48:02.4105139Z [INFO] --------------------------------[ pom ]---------------------------------
FIPS IT (strict)	UNKNOWN STEP	2025-11-12T12:48:02.4160379Z [INFO] 
FIPS IT (strict)	UNKNOWN STEP	2025-11-12T12:48:02.4164722Z [INFO] --- enforcer:3.0.0-M3:enforce (enforce-java-version) @ galleon-feature-packs-parent ---
FIPS IT (strict)	UNKNOWN STEP	2025-11-12T12:48:02.4177702Z [INFO] 
FIPS IT (strict)	UNKNOWN STEP	2025-11-12T12:48:02.4178748Z [INFO] --- enforcer:3.0.0-M3:enforce (enforce-maven-version) @ galleon-feature-packs-parent ---
FIPS IT (strict)	UNKNOWN STEP	2025-11-12T12:48:02.4185703Z [INFO] 
FIPS IT (strict)	UNKNOWN STEP	2025-11-12T12:48:02.4190687Z [INFO] --- buildnumber:1.4:create (get-scm-revision) @ galleon-feature-packs-parent ---
FIPS IT (strict)	UNKNOWN STEP	2025-11-12T12:48:02.4226548Z [INFO] 
FIPS IT (strict)	UNKNOWN STEP	2025-11-12T12:48:02.4227401Z [INFO] --- source:3.1.0:jar-no-fork (attach-sources) @ galleon-feature-packs-parent ---
FIPS IT (strict)	UNKNOWN STEP	2025-11-12T12:48:02.4230062Z [INFO] 
FIPS IT (strict)	UNKNOWN STEP	2025-11-12T12:48:02.4230742Z [INFO] --- install:2.5.2:install (default-install) @ galleon-feature-packs-parent ---
FIPS IT (strict)	UNKNOWN STEP	2025-11-12T12:48:02.4232623Z [INFO] Installing /github/workspace/distribution/galleon-feature-packs/pom.xml to /root/.m2/repository/org/keycloak/galleon-feature-packs-parent/999.0.0-SNAPSHOT/galleon-feature-packs-parent-999.0.0-SNAPSHOT.pom
FIPS IT (strict)	UNKNOWN STEP	2025-11-12T12:48:02.4269811Z [INFO] 
FIPS IT (strict)	UNKNOWN STEP	2025-11-12T12:48:02.4270541Z [INFO] ----------< org.keycloak:keycloak-saml-adapter-galleon-pack >-----------
FIPS IT (strict)	UNKNOWN STEP	2025-11-12T12:48:02.4272477Z [INFO] Building Keycloak Galleon Feature Pack: SAML Adapter 999.0.0-SNAPSHOT [3/11]
FIPS IT (strict)	UNKNOWN STEP	2025-11-12T12:48:02.4273402Z [INFO]   from galleon-feature-packs/saml-adapter-galleon-pack/pom.xml
FIPS IT (strict)	UNKNOWN STEP	2025-11-12T12:48:02.4274171Z [INFO] --------------------------------[ pom ]---------------------------------
FIPS IT (strict)	UNKNOWN STEP	2025-11-12T12:48:02.5794132Z Downloading from jboss-public-repository: https://repository.jboss.org/nexus/content/groups/public/org/wildfly/maven/plugins/licenses-plugin/2.3.1.Final/licenses-plugin-2.3.1.Final.pom
FIPS IT (strict)	UNKNOWN STEP	2025-11-12T12:48:02.7661853Z Progress (1): 775 B
FIPS IT (strict)	UNKNOWN STEP	2025-11-12T12:48:02.7662283Z Progress (1): 2.8 kB
FIPS IT (strict)	UNKNOWN STEP	2025-11-12T12:48:02.7662649Z Progress (1): 6.0 kB
FIPS IT (strict)	UNKNOWN STEP	2025-11-12T12:48:02.8142729Z Progress (1): 7.5 kB
FIPS IT (strict)	UNKNOWN STEP	2025-11-12T12:48:02.8145245Z                     
FIPS IT (strict)	UNKNOWN STEP	2025-11-12T12:48:02.8147159Z Downloaded from jboss-public-repository: https://repository.jboss.org/nexus/content/groups/public/org/wildfly/maven/plugins/licenses-plugin/2.3.1.Final/licenses-plugin-2.3.1.Final.pom (7.5 kB at 31 kB/s)
FIPS IT (strict)	UNKNOWN STEP	2025-11-12T12:48:02.8178346Z Downloading from jboss-public-repository: https://repository.jboss.org/nexus/content/groups/public/org/wildfly/maven/plugins/plugin-parent/2.3.1.Final/plugin-parent-2.3.1.Final.pom
FIPS IT (strict)	UNKNOWN STEP	2025-11-12T12:48:02.8909868Z Progress (1): 797 B
FIPS IT (strict)	UNKNOWN STEP	2025-11-12T12:48:02.8910605Z Progress (1): 2.7 kB
FIPS IT (strict)	UNKNOWN STEP	2025-11-12T12:48:02.9147898Z Progress (1): 4.2 kB
FIPS IT (strict)	UNKNOWN STEP	2025-11-12T12:48:02.9148244Z                     
FIPS IT (strict)	UNKNOWN STEP	2025-11-12T12:48:02.9149138Z Downloaded from jboss-public-repository: https://repository.jboss.org/nexus/content/groups/public/org/wildfly/maven/plugins/plugin-parent/2.3.1.Final/plugin-parent-2.3.1.Final.pom (4.2 kB at 44 kB/s)
FIPS IT (strict)	UNKNOWN STEP	2025-11-12T12:48:02.9167420Z Downloading from jboss-public-repository: https://repository.jboss.org/nexus/content/groups/public/org/jboss/jboss-parent/26/jboss-parent-26.pom
FIPS IT (strict)	UNKNOWN STEP	2025-11-12T12:48:03.0114714Z Progress (1): 1.0 kB
FIPS IT (strict)	UNKNOWN STEP	2025-11-12T12:48:03.0115174Z Progress (1): 3.3 kB
FIPS IT (strict)	UNKNOWN STEP	2025-11-12T12:48:03.0115545Z Progress (1): 5.5 kB
FIPS IT (strict)	UNKNOWN STEP	2025-11-12T12:48:03.0115912Z Progress (1): 7.7 kB
FIPS IT (strict)	UNKNOWN STEP	2025-11-12T12:48:03.0116289Z Progress (1): 12 kB 
FIPS IT (strict)	UNKNOWN STEP	2025-11-12T12:48:03.0116659Z Progress (1): 20 kB
FIPS IT (strict)	UNKNOWN STEP	2025-11-12T12:48:03.0119150Z Progress (1): 26 kB
FIPS IT (strict)	UNKNOWN STEP	2025-11-12T12:48:03.0119544Z Progress (1): 30 kB
FIPS IT (strict)	UNKNOWN STEP	2025-11-12T12:48:03.0119905Z Progress (1): 33 kB
FIPS IT (strict)	UNKNOWN STEP	2025-11-12T12:48:03.1085685Z Progress (1): 35 kB
FIPS IT (strict)	UNKNOWN STEP	2025-11-12T12:48:03.1086183Z                    
FIPS IT (strict)	UNKNOWN STEP	2025-11-12T12:48:03.1087993Z Downloaded from jboss-public-repository: https://repository.jboss.org/nexus/content/groups/public/org/jboss/jboss-parent/26/jboss-parent-26.pom (35 kB at 181 kB/s)
FIPS IT (strict)	UNKNOWN STEP	2025-11-12T12:48:03.1150014Z Downloading from jboss-public-repository: https://repository.jboss.org/nexus/content/groups/public/org/wildfly/maven/plugins/licenses-plugin/2.3.1.Final/licenses-plugin-2.3.1.Final.jar
FIPS IT (strict)	UNKNOWN STEP	2025-11-12T12:48:03.1871456Z Progress (1): 7.2/27 kB
FIPS IT (strict)	UNKNOWN STEP	2025-11-12T12:48:03.1873227Z Progress (1): 15/27 kB 
FIPS IT (strict)	UNKNOWN STEP	2025-11-12T12:48:03.2454970Z Progress (1): 27 kB   
FIPS IT (strict)	UNKNOWN STEP	2025-11-12T12:48:03.2476177Z                    
FIPS IT (strict)	UNKNOWN STEP	2025-11-12T12:48:03.2478304Z Downloaded from jboss-public-repository: https://repository.jboss.org/nexus/content/groups/public/org/wildfly/maven/plugins/licenses-plugin/2.3.1.Final/licenses-plugin-2.3.1.Final.jar (27 kB at 208 kB/s)
FIPS IT (strict)	UNKNOWN STEP	2025-11-12T12:48:03.3940122Z Downloading from central: https://repo.maven.apache.org/maven2/org/wildfly/wildfly-ee-galleon-pack/29.0.0.Final/wildfly-ee-galleon-pack-29.0.0.Final.pom
FIPS IT (strict)	UNKNOWN STEP	2025-11-12T12:48:03.4898329Z Progress (1): 763 B
FIPS IT (strict)	UNKNOWN STEP	2025-11-12T12:48:03.4899908Z Progress (1): 2.2 kB
FIPS IT (strict)	UNKNOWN STEP	2025-11-12T12:48:03.4911331Z Progress (1): 3.7 kB
FIPS IT (strict)	UNKNOWN STEP	2025-11-12T12:48:03.4912631Z Progress (1): 9.4 kB
FIPS IT (strict)	UNKNOWN STEP	2025-11-12T12:48:03.4913468Z Progress (1): 13 kB 
FIPS IT (strict)	UNKNOWN STEP	2025-11-12T12:48:03.4914040Z Progress (1): 17 kB
FIPS IT (strict)	UNKNOWN STEP	2025-11-12T12:48:03.4923313Z Progress (1): 20 kB
FIPS IT (strict)	UNKNOWN STEP	2025-11-12T12:48:03.4931778Z                    
FIPS IT (strict)	UNKNOWN STEP	2025-11-12T12:48:03.4933256Z Downloaded from central: https://repo.maven.apache.org/maven2/org/wildfly/wildfly-ee-galleon-pack/29.0.0.Final/wildfly-ee-galleon-pack-29.0.0.Final.pom (20 kB at 202 kB/s)
FIPS IT (strict)	UNKNOWN STEP	2025-11-12T12:48:03.4974379Z Downloading from central: https://repo.maven.apache.org/maven2/org/wildfly/wildfly-ee-feature-pack-parent/29.0.0.Final/wildfly-ee-feature-pack-parent-29.0.0.Final.pom
FIPS IT (strict)	UNKNOWN STEP	2025-11-12T12:48:03.5555034Z Progress (1): 832 B
FIPS IT (strict)	UNKNOWN STEP	2025-11-12T12:48:03.5555462Z Progress (1): 1.8 kB
FIPS IT (strict)	UNKNOWN STEP	2025-11-12T12:48:03.5563547Z Progress (1): 3.0 kB
FIPS IT (strict)	UNKNOWN STEP	2025-11-12T12:48:03.5570868Z                     
FIPS IT (strict)	UNKNOWN STEP	2025-11-12T12:48:03.5572356Z Downloaded from central: https://repo.maven.apache.org/maven2/org/wildfly/wildfly-ee-feature-pack-parent/29.0.0.Final/wildfly-ee-feature-pack-parent-29.0.0.Final.pom (3.0 kB at 49 kB/s)
FIPS IT (strict)	UNKNOWN STEP	2025-11-12T12:48:03.5980777Z Downloading from central: https://repo.maven.apache.org/maven2/org/wildfly/wildfly-ee-galleon-pack/29.0.0.Final/wildfly-ee-galleon-pack-29.0.0.Final.zip
FIPS IT (strict)	UNKNOWN STEP	2025-11-12T12:48:03.6265555Z Progress (1): 0/3.9 MB
FIPS IT (strict)	UNKNOWN STEP	2025-11-12T12:48:03.6282700Z Progress (1): 0/3.9 MB
FIPS IT (strict)	UNKNOWN STEP	2025-11-12T12:48:03.6288471Z Progress (1): 0/3.9 MB
FIPS IT (strict)	UNKNOWN STEP	2025-11-12T12:48:03.6293881Z Progress (1): 0/3.9 MB
FIPS IT (strict)	UNKNOWN STEP	2025-11-12T12:48:03.6299826Z Progress (1): 0/3.9 MB
FIPS IT (strict)	UNKNOWN STEP	2025-11-12T12:48:03.6305409Z Progress (1): 0/3.9 MB
FIPS IT (strict)	UNKNOWN STEP	2025-11-12T12:48:03.6311598Z Progress (1): 0/3.9 MB
FIPS IT (strict)	UNKNOWN STEP	2025-11-12T12:48:03.6331803Z Progress (1): 0/3.9 MB
FIPS IT (strict)	UNKNOWN STEP	2025-11-12T12:48:03.6332584Z Progress (1): 0/3.9 MB
FIPS IT (strict)	UNKNOWN STEP	2025-11-12T12:48:03.6334238Z Progress (1): 0/3.9 MB
FIPS IT (strict)	UNKNOWN STEP	2025-11-12T12:48:03.6334834Z Progress (1): 0/3.9 MB
FIPS IT (strict)	UNKNOWN STEP	2025-11-12T12:48:03.6335397Z Progress (1): 0/3.9 MB
FIPS IT (strict)	UNKNOWN STEP	2025-11-12T12:48:03.6336350Z Progress (1): 0/3.9 MB
FIPS IT (strict)	UNKNOWN STEP	2025-11-12T12:48:03.6336978Z Progress (1): 0/3.9 MB
FIPS IT (strict)	UNKNOWN STEP	2025-11-12T12:48:03.6337739Z Progress (1): 0/3.9 MB
FIPS IT (strict)	UNKNOWN STEP	2025-11-12T12:48:03.6338276Z Progress (1): 0/3.9 MB
FIPS IT (strict)	UNKNOWN STEP	2025-11-12T12:48:03.6338801Z Progress (1): 0/3.9 MB
FIPS IT (strict)	UNKNOWN STEP	2025-11-12T12:48:03.6339352Z Progress (1): 0/3.9 MB
FIPS IT (strict)	UNKNOWN STEP	2025-11-12T12:48:03.6339764Z Progress (1): 0/3.9 MB
FIPS IT (strict)	UNKNOWN STEP	2025-11-12T12:48:03.6340267Z Progress (1): 0/3.9 MB
FIPS IT (strict)	UNKNOWN STEP	2025-11-12T12:48:03.6350999Z Progress (1): 0/3.9 MB
FIPS IT (strict)	UNKNOWN STEP	2025-11-12T12:48:03.6353393Z Progress (1): 0/3.9 MB
FIPS IT (strict)	UNKNOWN STEP	2025-11-12T12:48:03.6377371Z Progress (1): 0/3.9 MB
FIPS IT (strict)	UNKNOWN STEP	2025-11-12T12:48:03.6377925Z Progress (1): 0/3.9 MB
FIPS IT (strict)	UNKNOWN STEP	2025-11-12T12:48:03.6378281Z Progress (1): 0/3.9 MB
FIPS IT (strict)	UNKNOWN STEP	2025-11-12T12:48:03.6378670Z Progress (1): 0/3.9 MB
FIPS IT (strict)	UNKNOWN STEP	2025-11-12T12:48:03.6379038Z Progress (1): 0/3.9 MB
FIPS IT (strict)	UNKNOWN STEP	2025-11-12T12:48:03.6379398Z Progress (1): 0/3.9 MB
FIPS IT (strict)	UNKNOWN STEP	2025-11-12T12:48:03.6379756Z Progress (1): 0/3.9 MB
FIPS IT (strict)	UNKNOWN STEP	2025-11-12T12:48:03.6380122Z Progress (1): 0/3.9 MB
FIPS IT (strict)	UNKNOWN STEP	2025-11-12T12:48:03.6380492Z Progress (1): 0/3.9 MB
FIPS IT (strict)	UNKNOWN STEP	2025-11-12T12:48:03.6380854Z Progress (1): 0/3.9 MB
FIPS IT (strict)	UNKNOWN STEP	2025-11-12T12:48:03.6381241Z Progress (1): 0/3.9 MB
FIPS IT (strict)	UNKNOWN STEP	2025-11-12T12:48:03.6381607Z Progress (1): 0/3.9 MB
FIPS IT (strict)	UNKNOWN STEP	2025-11-12T12:48:03.6381972Z Progress (1): 0.1/3.9 MB
FIPS IT (strict)	UNKNOWN STEP	2025-11-12T12:48:03.6382361Z Progress (1): 0.1/3.9 MB
FIPS IT (strict)	UNKNOWN STEP	2025-11-12T12:48:03.6382821Z Progress (1): 0.1/3.9 MB
FIPS IT (strict)	UNKNOWN STEP	2025-11-12T12:48:03.6383200Z Progress (1): 0.1/3.9 MB
FIPS IT (strict)	UNKNOWN STEP	2025-11-12T12:48:03.6383577Z Progress (1): 0.1/3.9 MB
FIPS IT (strict)	UNKNOWN STEP	2025-11-12T12:48:03.6383959Z Progress (1): 0.1/3.9 MB
FIPS IT (strict)	UNKNOWN STEP	2025-11-12T12:48:03.6384788Z Progress (1): 0.1/3.9 MB
FIPS IT (strict)	UNKNOWN STEP	2025-11-12T12:48:03.6399792Z Progress (1): 0.1/3.9 MB
FIPS IT (strict)	UNKNOWN STEP	2025-11-12T12:48:03.6420305Z Progress (1): 0.1/3.9 MB
FIPS IT (strict)	UNKNOWN STEP	2025-11-12T12:48:03.6424554Z Progress (1): 0.1/3.9 MB
FIPS IT (strict)	UNKNOWN STEP	2025-11-12T12:48:03.6428682Z Progress (1): 0.1/3.9 MB
FIPS IT (strict)	UNKNOWN STEP	2025-11-12T12:48:03.6431755Z Progress (1): 0.1/3.9 MB
FIPS IT (strict)	UNKNOWN STEP	2025-11-12T12:48:03.6439256Z Progress (1): 0.1/3.9 MB
FIPS IT (strict)	UNKNOWN STEP	2025-11-12T12:48:03.6440354Z Progress (1): 0.1/3.9 MB
FIPS IT (strict)	UNKNOWN STEP	2025-11-12T12:48:03.6442208Z Progress (1): 0.1/3.9 MB
FIPS IT (strict)	UNKNOWN STEP	2025-11-12T12:48:03.6443404Z Progress (1): 0.1/3.9 MB
FIPS IT (strict)	UNKNOWN STEP	2025-11-12T12:48:03.6443977Z Progress (1): 0.1/3.9 MB
FIPS IT (strict)	UNKNOWN STEP	2025-11-12T12:48:03.6445575Z Progress (1): 0.1/3.9 MB
FIPS IT (strict)	UNKNOWN STEP	2025-11-12T12:48:03.6446312Z Progress (1): 0.1/3.9 MB
FIPS IT (strict)	UNKNOWN STEP	2025-11-12T12:48:03.6446817Z Progress (1): 0.1/3.9 MB
FIPS IT (strict)	UNKNOWN STEP	2025-11-12T12:48:03.6447186Z Progress (1): 0.1/3.9 MB
FIPS IT (strict)	UNKNOWN STEP	2025-11-12T12:48:03.6448043Z Progress (1): 0.1/3.9 MB
FIPS IT (strict)	UNKNOWN STEP	2025-11-12T12:48:03.6449433Z Progress (1): 0.1/3.9 MB
FIPS IT (strict)	UNKNOWN STEP	2025-11-12T12:48:03.6450102Z Progress (1): 0.1/3.9 MB
FIPS IT (strict)	UNKNOWN STEP	2025-11-12T12:48:03.6452483Z Progress (1): 0.2/3.9 MB
FIPS IT (strict)	UNKNOWN STEP	2025-11-12T12:48:03.6482812Z Progress (1): 0.2/3.9 MB
FIPS IT (strict)	UNKNOWN STEP	2025-11-12T12:48:03.6483938Z Progress (1): 0.2/3.9 MB
FIPS IT (strict)	UNKNOWN STEP	2025-11-12T12:48:03.6484391Z Progress (1): 0.2/3.9 MB
FIPS IT (strict)	UNKNOWN STEP	2025-11-12T12:48:03.6486215Z Progress (1): 0.2/3.9 MB
FIPS IT (strict)	UNKNOWN STEP	2025-11-12T12:48:03.6487369Z Progress (1): 0.2/3.9 MB
FIPS IT (strict)	UNKNOWN STEP	2025-11-12T12:48:03.6489262Z Progress (1): 0.2/3.9 MB
FIPS IT (strict)	UNKNOWN STEP	2025-11-12T12:48:03.6490690Z Progress (1): 0.2/3.9 MB
FIPS IT (strict)	UNKNOWN STEP	2025-11-12T12:48:03.6492373Z Progress (1): 0.2/3.9 MB
FIPS IT (strict)	UNKNOWN STEP	2025-11-12T12:48:03.6493243Z Progress (1): 0.2/3.9 MB
FIPS IT (strict)	UNKNOWN STEP	2025-11-12T12:48:03.6495562Z Progress (1): 0.2/3.9 MB
FIPS IT (strict)	UNKNOWN STEP	2025-11-12T12:48:03.6498809Z Progress (1): 0.2/3.9 MB
FIPS IT (strict)	UNKNOWN STEP	2025-11-12T12:48:03.6501504Z Progress (1): 0.2/3.9 MB
FIPS IT (strict)	UNKNOWN STEP	2025-11-12T12:48:03.6506855Z Progress (1): 0.2/3.9 MB
FIPS IT (strict)	UNKNOWN STEP	2025-11-12T12:48:03.6512077Z Progress (1): 0.2/3.9 MB
FIPS IT (strict)	UNKNOWN STEP	2025-11-12T12:48:03.6512628Z Progress (1): 0.2/3.9 MB
FIPS IT (strict)	UNKNOWN STEP	2025-11-12T12:48:03.6515277Z Progress (1): 0.2/3.9 MB
FIPS IT (strict)	UNKNOWN STEP	2025-11-12T12:48:03.6523829Z Progress (1): 0.3/3.9 MB
FIPS IT (strict)	UNKNOWN STEP	2025-11-12T12:48:03.6524238Z Progress (1): 0.3/3.9 MB
FIPS IT (strict)	UNKNOWN STEP	2025-11-12T12:48:03.6524589Z Progress (1): 0.3/3.9 MB
FIPS IT (strict)	UNKNOWN STEP	2025-11-12T12:48:03.6524934Z Progress (1): 0.3/3.9 MB
FIPS IT (strict)	UNKNOWN STEP	2025-11-12T12:48:03.6525288Z Progress (1): 0.3/3.9 MB
FIPS IT (strict)	UNKNOWN STEP	2025-11-12T12:48:03.6525648Z Progress (1): 0.3/3.9 MB
FIPS IT (strict)	UNKNOWN STEP	2025-11-12T12:48:03.6526022Z Progress (1): 0.3/3.9 MB
FIPS IT (strict)	UNKNOWN STEP	2025-11-12T12:48:03.6526386Z Progress (1): 0.4/3.9 MB
FIPS IT (strict)	UNKNOWN STEP	2025-11-12T12:48:03.6541624Z Progress (1): 0.4/3.9 MB
FIPS IT (strict)	UNKNOWN STEP	2025-11-12T12:48:03.6545993Z Progress (1): 0.4/3.9 MB
FIPS IT (strict)	UNKNOWN STEP	2025-11-12T12:48:03.6546954Z Progress (1): 0.4/3.9 MB
FIPS IT (strict)	UNKNOWN STEP	2025-11-12T12:48:03.6572347Z Progress (1): 0.4/3.9 MB
FIPS IT (strict)	UNKNOWN STEP	2025-11-12T12:48:03.6573021Z Progress (1): 0.4/3.9 MB
FIPS IT (strict)	UNKNOWN STEP	2025-11-12T12:48:03.6576627Z Progress (1): 0.5/3.9 MB
FIPS IT (strict)	UNKNOWN STEP	2025-11-12T12:48:03.6581218Z Progress (1): 0.5/3.9 MB
FIPS IT (strict)	UNKNOWN STEP	2025-11-12T12:48:03.6583248Z Progress (1): 0.5/3.9 MB
FIPS IT (strict)	UNKNOWN STEP	2025-11-12T12:48:03.6583755Z Progress (1): 0.5/3.9 MB
FIPS IT (strict)	UNKNOWN STEP	2025-11-12T12:48:03.6586858Z Progress (1): 0.5/3.9 MB
FIPS IT (strict)	UNKNOWN STEP	2025-11-12T12:48:03.6589420Z Progress (1): 0.5/3.9 MB
FIPS IT (strict)	UNKNOWN STEP	2025-11-12T12:48:03.6600132Z Progress (1): 0.6/3.9 MB
FIPS IT (strict)	UNKNOWN STEP	2025-11-12T12:48:03.6604728Z Progress (1): 0.6/3.9 MB
FIPS IT (strict)	UNKNOWN STEP	2025-11-12T12:48:03.6613015Z Progress (1): 0.6/3.9 MB
FIPS IT (strict)	UNKNOWN STEP	2025-11-12T12:48:03.6620793Z Progress (1): 0.6/3.9 MB
FIPS IT (strict)	UNKNOWN STEP	2025-11-12T12:48:03.6628258Z Progress (1): 0.6/3.9 MB
FIPS IT (strict)	UNKNOWN STEP	2025-11-12T12:48:03.6636591Z Progress (1): 0.6/3.9 MB
FIPS IT (strict)	UNKNOWN STEP	2025-11-12T12:48:03.6641870Z Progress (1): 0.7/3.9 MB
FIPS IT (strict)	UNKNOWN STEP	2025-11-12T12:48:03.6654663Z Progress (1): 0.7/3.9 MB
FIPS IT (strict)	UNKNOWN STEP	2025-11-12T12:48:03.6656274Z Progress (1): 0.7/3.9 MB
FIPS IT (strict)	UNKNOWN STEP	2025-11-12T12:48:03.6674633Z Progress (1): 0.7/3.9 MB
FIPS IT (strict)	UNKNOWN STEP	2025-11-12T12:48:03.6678032Z Progress (1): 0.7/3.9 MB
FIPS IT (strict)	UNKNOWN STEP	2025-11-12T12:48:03.6679733Z Progress (1): 0.7/3.9 MB
FIPS IT (strict)	UNKNOWN STEP	2025-11-12T12:48:03.6680179Z Progress (1): 0.7/3.9 MB
FIPS IT (strict)	UNKNOWN STEP	2025-11-12T12:48:03.6680539Z Progress (1): 0.8/3.9 MB
FIPS IT (strict)	UNKNOWN STEP	2025-11-12T12:48:03.6693780Z Progress (1): 0.8/3.9 MB
FIPS IT (strict)	UNKNOWN STEP	2025-11-12T12:48:03.6694859Z Progress (1): 0.8/3.9 MB
FIPS IT (strict)	UNKNOWN STEP	2025-11-12T12:48:03.6695472Z Progress (1): 0.8/3.9 MB
FIPS IT (strict)	UNKNOWN STEP	2025-11-12T12:48:03.6701184Z Progress (1): 0.8/3.9 MB
FIPS IT (strict)	UNKNOWN STEP	2025-11-12T12:48:03.6705309Z Progress (1): 0.8/3.9 MB
FIPS IT (strict)	UNKNOWN STEP	2025-11-12T12:48:03.6734474Z Progress (1): 0.9/3.9 MB
FIPS IT (strict)	UNKNOWN STEP	2025-11-12T12:48:03.6737870Z Progress (1): 0.9/3.9 MB
FIPS IT (strict)	UNKNOWN STEP	2025-11-12T12:48:03.6740597Z Progress (1): 0.9/3.9 MB
FIPS IT (strict)	UNKNOWN STEP	2025-11-12T12:48:03.6740982Z Progress (1): 0.9/3.9 MB
FIPS IT (strict)	UNKNOWN STEP	2025-11-12T12:48:03.6741345Z Progress (1): 0.9/3.9 MB
FIPS IT (strict)	UNKNOWN STEP	2025-11-12T12:48:03.6741709Z Progress (1): 0.9/3.9 MB
FIPS IT (strict)	UNKNOWN STEP	2025-11-12T12:48:03.6742057Z Progress (1): 1.0/3.9 MB
FIPS IT (strict)	UNKNOWN STEP	2025-11-12T12:48:03.6742419Z Progress (1): 1.0/3.9 MB
FIPS IT (strict)	UNKNOWN STEP	2025-11-12T12:48:03.6745617Z Progress (1): 1.0/3.9 MB
FIPS IT (strict)	UNKNOWN STEP	2025-11-12T12:48:03.6751012Z Progress (1): 1.0/3.9 MB
FIPS IT (strict)	UNKNOWN STEP	2025-11-12T12:48:03.6760218Z Progress (1): 1.0/3.9 MB
FIPS IT (strict)	UNKNOWN STEP	2025-11-12T12:48:03.6768539Z Progress (1): 1.0/3.9 MB
FIPS IT (strict)	UNKNOWN STEP	2025-11-12T12:48:03.6776289Z Progress (1): 1.1/3.9 MB
FIPS IT (strict)	UNKNOWN STEP	2025-11-12T12:48:03.6783837Z Progress (1): 1.1/3.9 MB
FIPS IT (strict)	UNKNOWN STEP	2025-11-12T12:48:03.6784929Z Progress (1): 1.1/3.9 MB
FIPS IT (strict)	UNKNOWN STEP	2025-11-12T12:48:03.6793200Z Progress (1): 1.1/3.9 MB
FIPS IT (strict)	UNKNOWN STEP	2025-11-12T12:48:03.6794122Z Progress (1): 1.1/3.9 MB
FIPS IT (strict)	UNKNOWN STEP	2025-11-12T12:48:03.6801541Z Progress (1): 1.1/3.9 MB
FIPS IT (strict)	UNKNOWN STEP	2025-11-12T12:48:03.6801994Z Progress (1): 1.2/3.9 MB
FIPS IT (strict)	UNKNOWN STEP	2025-11-12T12:48:03.6802393Z Progress (1): 1.2/3.9 MB
FIPS IT (strict)	UNKNOWN STEP	2025-11-12T12:48:03.6811290Z Progress (1): 1.2/3.9 MB
FIPS IT (strict)	UNKNOWN STEP	2025-11-12T12:48:03.6818664Z Progress (1): 1.2/3.9 MB
FIPS IT (strict)	UNKNOWN STEP	2025-11-12T12:48:03.6819576Z Progress (1): 1.2/3.9 MB
FIPS IT (strict)	UNKNOWN STEP	2025-11-12T12:48:03.6826529Z Progress (1): 1.2/3.9 MB
FIPS IT (strict)	UNKNOWN STEP	2025-11-12T12:48:03.6829868Z Progress (1): 1.3/3.9 MB
FIPS IT (strict)	UNKNOWN STEP	2025-11-12T12:48:03.6841728Z Progress (1): 1.3/3.9 MB
FIPS IT (strict)	UNKNOWN STEP	2025-11-12T12:48:03.6842709Z Progress (1): 1.3/3.9 MB
FIPS IT (strict)	UNKNOWN STEP	2025-11-12T12:48:03.6851702Z Progress (1): 1.3/3.9 MB
FIPS IT (strict)	UNKNOWN STEP	2025-11-12T12:48:03.6860582Z Progress (1): 1.3/3.9 MB
FIPS IT (strict)	UNKNOWN STEP	2025-11-12T12:48:03.6861886Z Progress (1): 1.3/3.9 MB
FIPS IT (strict)	UNKNOWN STEP	2025-11-12T12:48:03.6862496Z Progress (1): 1.4/3.9 MB
FIPS IT (strict)	UNKNOWN STEP	2025-11-12T12:48:03.6873390Z Progress (1): 1.4/3.9 MB
FIPS IT (strict)	UNKNOWN STEP	2025-11-12T12:48:03.6898708Z Progress (1): 1.4/3.9 MB
FIPS IT (strict)	UNKNOWN STEP	2025-11-12T12:48:03.6899549Z Progress (1): 1.4/3.9 MB
FIPS IT (strict)	UNKNOWN STEP	2025-11-12T12:48:03.6900043Z Progress (1): 1.4/3.9 MB
FIPS IT (strict)	UNKNOWN STEP	2025-11-12T12:48:03.6901652Z Progress (1): 1.4/3.9 MB
FIPS IT (strict)	UNKNOWN STEP	2025-11-12T12:48:03.6902026Z Progress (1): 1.5/3.9 MB
FIPS IT (strict)	UNKNOWN STEP	2025-11-12T12:48:03.6902948Z Progress (1): 1.5/3.9 MB
FIPS IT (strict)	UNKNOWN STEP	2025-11-12T12:48:03.6903595Z Progress (1): 1.5/3.9 MB
FIPS IT (strict)	UNKNOWN STEP	2025-11-12T12:48:03.6908967Z Progress (1): 1.5/3.9 MB
FIPS IT (strict)	UNKNOWN STEP	2025-11-12T12:48:03.6921335Z Progress (1): 1.5/3.9 MB
FIPS IT (strict)	UNKNOWN STEP	2025-11-12T12:48:03.6923754Z Progress (1): 1.5/3.9 MB
FIPS IT (strict)	UNKNOWN STEP	2025-11-12T12:48:03.6926016Z Progress (1): 1.6/3.9 MB
FIPS IT (strict)	UNKNOWN STEP	2025-11-12T12:48:03.6933721Z Progress (1): 1.6/3.9 MB
FIPS IT (strict)	UNKNOWN STEP	2025-11-12T12:48:03.6939728Z Progress (1): 1.6/3.9 MB
FIPS IT (strict)	UNKNOWN STEP	2025-11-12T12:48:03.6945821Z Progress (1): 1.6/3.9 MB
FIPS IT (strict)	UNKNOWN STEP	2025-11-12T12:48:03.6952212Z Progress (1): 1.6/3.9 MB
FIPS IT (strict)	UNKNOWN STEP	2025-11-12T12:48:03.6960214Z Progress (1): 1.6/3.9 MB
FIPS IT (strict)	UNKNOWN STEP	2025-11-12T12:48:03.6963393Z Progress (1): 1.6/3.9 MB
FIPS IT (strict)	UNKNOWN STEP	2025-11-12T12:48:03.6969140Z Progress (1): 1.7/3.9 MB
FIPS IT (strict)	UNKNOWN STEP	2025-11-12T12:48:03.6975232Z Progress (1): 1.7/3.9 MB
FIPS IT (strict)	UNKNOWN STEP	2025-11-12T12:48:03.6981734Z Progress (1): 1.7/3.9 MB
FIPS IT (strict)	UNKNOWN STEP	2025-11-12T12:48:03.6990956Z Progress (1): 1.7/3.9 MB
FIPS IT (strict)	UNKNOWN STEP	2025-11-12T12:48:03.6994547Z Progress (1): 1.7/3.9 MB
FIPS IT (strict)	UNKNOWN STEP	2025-11-12T12:48:03.6999222Z Progress (1): 1.7/3.9 MB
FIPS IT (strict)	UNKNOWN STEP	2025-11-12T12:48:03.7005992Z Progress (1): 1.8/3.9 MB
FIPS IT (strict)	UNKNOWN STEP	2025-11-12T12:48:03.7018930Z Progress (1): 1.8/3.9 MB
FIPS IT (strict)	UNKNOWN STEP	2025-11-12T12:48:03.7019644Z Progress (1): 1.8/3.9 MB
FIPS IT (strict)	UNKNOWN STEP	2025-11-12T12:48:03.7020422Z Progress (1): 1.8/3.9 MB
FIPS IT (strict)	UNKNOWN STEP	2025-11-12T12:48:03.7047056Z Progress (1): 1.8/3.9 MB
FIPS IT (strict)	UNKNOWN STEP	2025-11-12T12:48:03.7048802Z Progress (1): 1.8/3.9 MB
FIPS IT (strict)	UNKNOWN STEP	2025-11-12T12:48:03.7054105Z Progress (1): 1.9/3.9 MB
FIPS IT (strict)	UNKNOWN STEP	2025-11-12T12:48:03.7079034Z Progress (1): 1.9/3.9 MB
FIPS IT (strict)	UNKNOWN STEP	2025-11-12T12:48:03.7109212Z Progress (1): 1.9/3.9 MB
FIPS IT (strict)	UNKNOWN STEP	2025-11-12T12:48:03.7109925Z Progress (1): 1.9/3.9 MB
FIPS IT (strict)	UNKNOWN STEP	2025-11-12T12:48:03.7110726Z Progress (1): 1.9/3.9 MB
FIPS IT (strict)	UNKNOWN STEP	2025-11-12T12:48:03.7111411Z Progress (1): 1.9/3.9 MB
FIPS IT (strict)	UNKNOWN STEP	2025-11-12T12:48:03.7111824Z Progress (1): 1.9/3.9 MB
FIPS IT (strict)	UNKNOWN STEP	2025-11-12T12:48:03.7112212Z Progress (1): 2.0/3.9 MB
FIPS IT (strict)	UNKNOWN STEP	2025-11-12T12:48:03.7112584Z Progress (1): 2.0/3.9 MB
FIPS IT (strict)	UNKNOWN STEP	2025-11-12T12:48:03.7113166Z Progress (1): 2.0/3.9 MB
FIPS IT (strict)	UNKNOWN STEP	2025-11-12T12:48:03.7113805Z Progress (1): 2.0/3.9 MB
FIPS IT (strict)	UNKNOWN STEP	2025-11-12T12:48:03.7114186Z Progress (1): 2.0/3.9 MB
FIPS IT (strict)	UNKNOWN STEP	2025-11-12T12:48:03.7114550Z Progress (1): 2.0/3.9 MB
FIPS IT (strict)	UNKNOWN STEP	2025-11-12T12:48:03.7114912Z Progress (1): 2.1/3.9 MB
FIPS IT (strict)	UNKNOWN STEP	2025-11-12T12:48:03.7115288Z Progress (1): 2.1/3.9 MB
FIPS IT (strict)	UNKNOWN STEP	2025-11-12T12:48:03.7115650Z Progress (1): 2.1/3.9 MB
FIPS IT (strict)	UNKNOWN STEP	2025-11-12T12:48:03.7116029Z Progress (1): 2.1/3.9 MB
FIPS IT (strict)	UNKNOWN STEP	2025-11-12T12:48:03.7116419Z Progress (1): 2.1/3.9 MB
FIPS IT (strict)	UNKNOWN STEP	2025-11-12T12:48:03.7116798Z Progress (1): 2.1/3.9 MB
FIPS IT (strict)	UNKNOWN STEP	2025-11-12T12:48:03.7117172Z Progress (1): 2.2/3.9 MB
FIPS IT (strict)	UNKNOWN STEP	2025-11-12T12:48:03.7117736Z Progress (1): 2.2/3.9 MB
FIPS IT (strict)	UNKNOWN STEP	2025-11-12T12:48:03.7118112Z Progress (1): 2.2/3.9 MB
FIPS IT (strict)	UNKNOWN STEP	2025-11-12T12:48:03.7118486Z Progress (1): 2.2/3.9 MB
FIPS IT (strict)	UNKNOWN STEP	2025-11-12T12:48:03.7118863Z Progress (1): 2.2/3.9 MB
FIPS IT (strict)	UNKNOWN STEP	2025-11-12T12:48:03.7141245Z Progress (1): 2.2/3.9 MB
FIPS IT (strict)	UNKNOWN STEP	2025-11-12T12:48:03.7144206Z Progress (1): 2.3/3.9 MB
FIPS IT (strict)	UNKNOWN STEP	2025-11-12T12:48:03.7145102Z Progress (1): 2.3/3.9 MB
FIPS IT (strict)	UNKNOWN STEP	2025-11-12T12:48:03.7146772Z Progress (1): 2.3/3.9 MB
FIPS IT (strict)	UNKNOWN STEP	2025-11-12T12:48:03.7150289Z Progress (1): 2.3/3.9 MB
FIPS IT (strict)	UNKNOWN STEP	2025-11-12T12:48:03.7152853Z Progress (1): 2.3/3.9 MB
FIPS IT (strict)	UNKNOWN STEP	2025-11-12T12:48:03.7154077Z Progress (1): 2.3/3.9 MB
FIPS IT (strict)	UNKNOWN STEP	2025-11-12T12:48:03.7156509Z Progress (1): 2.4/3.9 MB
FIPS IT (strict)	UNKNOWN STEP	2025-11-12T12:48:03.7162278Z Progress (1): 2.4/3.9 MB
FIPS IT (strict)	UNKNOWN STEP	2025-11-12T12:48:03.7167763Z Progress (1): 2.4/3.9 MB
FIPS IT (strict)	UNKNOWN STEP	2025-11-12T12:48:03.7172609Z Progress (1): 2.4/3.9 MB
FIPS IT (strict)	UNKNOWN STEP	2025-11-12T12:48:03.7179755Z Progress (1): 2.4/3.9 MB
FIPS IT (strict)	UNKNOWN STEP	2025-11-12T12:48:03.7185136Z Progress (1): 2.4/3.9 MB
FIPS IT (strict)	UNKNOWN STEP	2025-11-12T12:48:03.7192633Z Progress (1): 2.5/3.9 MB
FIPS IT (strict)	UNKNOWN STEP	2025-11-12T12:48:03.7198815Z Progress (1): 2.5/3.9 MB
FIPS IT (strict)	UNKNOWN STEP	2025-11-12T12:48:03.7204174Z Progress (1): 2.5/3.9 MB
FIPS IT (strict)	UNKNOWN STEP	2025-11-12T12:48:03.7211717Z Progress (1): 2.5/3.9 MB
FIPS IT (strict)	UNKNOWN STEP	2025-11-12T12:48:03.7217783Z Progress (1): 2.5/3.9 MB
FIPS IT (strict)	UNKNOWN STEP	2025-11-12T12:48:03.7231377Z Progress (1): 2.5/3.9 MB
FIPS IT (strict)	UNKNOWN STEP	2025-11-12T12:48:03.7240883Z Progress (1): 2.5/3.9 MB
FIPS IT (strict)	UNKNOWN STEP	2025-11-12T12:48:03.7249003Z Progress (1): 2.6/3.9 MB
FIPS IT (strict)	UNKNOWN STEP	2025-11-12T12:48:03.7256174Z Progress (1): 2.6/3.9 MB
FIPS IT (strict)	UNKNOWN STEP	2025-11-12T12:48:03.7269504Z Progress (1): 2.6/3.9 MB
FIPS IT (strict)	UNKNOWN STEP	2025-11-12T12:48:03.7273270Z Progress (1): 2.6/3.9 MB
FIPS IT (strict)	UNKNOWN STEP	2025-11-12T12:48:03.7323103Z Progress (1): 2.6/3.9 MB
FIPS IT (strict)	UNKNOWN STEP	2025-11-12T12:48:03.7324184Z Progress (1): 2.6/3.9 MB
FIPS IT (strict)	UNKNOWN STEP	2025-11-12T12:48:03.7325414Z Progress (1): 2.7/3.9 MB
FIPS IT (strict)	UNKNOWN STEP	2025-11-12T12:48:03.7331084Z Progress (1): 2.7/3.9 MB
FIPS IT (strict)	UNKNOWN STEP	2025-11-12T12:48:03.7331832Z Progress (1): 2.7/3.9 MB
FIPS IT (strict)	UNKNOWN STEP	2025-11-12T12:48:03.7332250Z Progress (1): 2.7/3.9 MB
FIPS IT (strict)	UNKNOWN STEP	2025-11-12T12:48:03.7332835Z Progress (1): 2.7/3.9 MB
FIPS IT (strict)	UNKNOWN STEP	2025-11-12T12:48:03.7333260Z Progress (1): 2.7/3.9 MB
FIPS IT (strict)	UNKNOWN STEP	2025-11-12T12:48:03.7334810Z Progress (1): 2.8/3.9 MB
FIPS IT (strict)	UNKNOWN STEP	2025-11-12T12:48:03.7335254Z Progress (1): 2.8/3.9 MB
FIPS IT (strict)	UNKNOWN STEP	2025-11-12T12:48:03.7335670Z Progress (1): 2.8/3.9 MB
FIPS IT (strict)	UNKNOWN STEP	2025-11-12T12:48:03.7336047Z Progress (1): 2.8/3.9 MB
FIPS IT (strict)	UNKNOWN STEP	2025-11-12T12:48:03.7336417Z Progress (1): 2.8/3.9 MB
FIPS IT (strict)	UNKNOWN STEP	2025-11-12T12:48:03.7339596Z Progress (1): 2.8/3.9 MB
FIPS IT (strict)	UNKNOWN STEP	2025-11-12T12:48:03.7344857Z Progress (1): 2.9/3.9 MB
FIPS IT (strict)	UNKNOWN STEP	2025-11-12T12:48:03.7350406Z Progress (1): 2.9/3.9 MB
FIPS IT (strict)	UNKNOWN STEP	2025-11-12T12:48:03.7356389Z Progress (1): 2.9/3.9 MB
FIPS IT (strict)	UNKNOWN STEP	2025-11-12T12:48:03.7363005Z Progress (1): 2.9/3.9 MB
FIPS IT (strict)	UNKNOWN STEP	2025-11-12T12:48:03.7367777Z Progress (1): 2.9/3.9 MB
FIPS IT (strict)	UNKNOWN STEP	2025-11-12T12:48:03.7373686Z Progress (1): 2.9/3.9 MB
FIPS IT (strict)	UNKNOWN STEP	2025-11-12T12:48:03.7379722Z Progress (1): 2.9/3.9 MB
FIPS IT (strict)	UNKNOWN STEP	2025-11-12T12:48:03.7384098Z Progress (1): 3.0/3.9 MB
FIPS IT (strict)	UNKNOWN STEP	2025-11-12T12:48:03.7389793Z Progress (1): 3.0/3.9 MB
FIPS IT (strict)	UNKNOWN STEP	2025-11-12T12:48:03.7395424Z Progress (1): 3.0/3.9 MB
FIPS IT (strict)	UNKNOWN STEP	2025-11-12T12:48:03.7400224Z Progress (1): 3.0/3.9 MB
FIPS IT (strict)	UNKNOWN STEP	2025-11-12T12:48:03.7405164Z Progress (1): 3.0/3.9 MB
FIPS IT (strict)	UNKNOWN STEP	2025-11-12T12:48:03.7410181Z Progress (1): 3.0/3.9 MB
FIPS IT (strict)	UNKNOWN STEP	2025-11-12T12:48:03.7414632Z Progress (1): 3.1/3.9 MB
FIPS IT (strict)	UNKNOWN STEP	2025-11-12T12:48:03.7419877Z Progress (1): 3.1/3.9 MB
FIPS IT (strict)	UNKNOWN STEP	2025-11-12T12:48:03.7424630Z Progress (1): 3.1/3.9 MB
FIPS IT (strict)	UNKNOWN STEP	2025-11-12T12:48:03.7429786Z Progress (1): 3.1/3.9 MB
FIPS IT (strict)	UNKNOWN STEP	2025-11-12T12:48:03.7436020Z Progress (1): 3.1/3.9 MB
FIPS IT (strict)	UNKNOWN STEP	2025-11-12T12:48:03.7451162Z Progress (1): 3.1/3.9 MB
FIPS IT (strict)	UNKNOWN STEP	2025-11-12T12:48:03.7453791Z Progress (1): 3.2/3.9 MB
FIPS IT (strict)	UNKNOWN STEP	2025-11-12T12:48:03.7454542Z Progress (1): 3.2/3.9 MB
FIPS IT (strict)	UNKNOWN STEP	2025-11-12T12:48:03.7456733Z Progress (1): 3.2/3.9 MB
FIPS IT (strict)	UNKNOWN STEP	2025-11-12T12:48:03.7457343Z Progress (1): 3.2/3.9 MB
FIPS IT (strict)	UNKNOWN STEP	2025-11-12T12:48:03.7472324Z Progress (1): 3.2/3.9 MB
FIPS IT (strict)	UNKNOWN STEP	2025-11-12T12:48:03.7474271Z Progress (1): 3.2/3.9 MB
FIPS IT (strict)	UNKNOWN STEP	2025-11-12T12:48:03.7475468Z Progress (1): 3.3/3.9 MB
FIPS IT (strict)	UNKNOWN STEP	2025-11-12T12:48:03.7490790Z Progress (1): 3.3/3.9 MB
FIPS IT (strict)	UNKNOWN STEP	2025-11-12T12:48:03.7493691Z Progress (1): 3.3/3.9 MB
FIPS IT (strict)	UNKNOWN STEP	2025-11-12T12:48:03.7494392Z Progress (1): 3.3/3.9 MB
FIPS IT (strict)	UNKNOWN STEP	2025-11-12T12:48:03.7495561Z Progress (1): 3.3/3.9 MB
FIPS IT (strict)	UNKNOWN STEP	2025-11-12T12:48:03.7498109Z Progress (1): 3.3/3.9 MB
FIPS IT (strict)	UNKNOWN STEP	2025-11-12T12:48:03.7498912Z Progress (1): 3.4/3.9 MB
FIPS IT (strict)	UNKNOWN STEP	2025-11-12T12:48:03.7499673Z Progress (1): 3.4/3.9 MB
FIPS IT (strict)	UNKNOWN STEP	2025-11-12T12:48:03.7510121Z Progress (1): 3.4/3.9 MB
FIPS IT (strict)	UNKNOWN STEP	2025-11-12T12:48:03.7515565Z Progress (1): 3.4/3.9 MB
FIPS IT (strict)	UNKNOWN STEP	2025-11-12T12:48:03.7521278Z Progress (1): 3.4/3.9 MB
FIPS IT (strict)	UNKNOWN STEP	2025-11-12T12:48:03.7528525Z Progress (1): 3.4/3.9 MB
FIPS IT (strict)	UNKNOWN STEP	2025-11-12T12:48:03.7529534Z Progress (1): 3.5/3.9 MB
FIPS IT (strict)	UNKNOWN STEP	2025-11-12T12:48:03.7532304Z Progress (1): 3.5/3.9 MB
FIPS IT (strict)	UNKNOWN STEP	2025-11-12T12:48:03.7538543Z Progress (1): 3.5/3.9 MB
FIPS IT (strict)	UNKNOWN STEP	2025-11-12T12:48:03.7539589Z Progress (1): 3.5/3.9 MB
FIPS IT (strict)	UNKNOWN STEP	2025-11-12T12:48:03.7540356Z Progress (1): 3.5/3.9 MB
FIPS IT (strict)	UNKNOWN STEP	2025-11-12T12:48:03.7540926Z Progress (1): 3.5/3.9 MB
FIPS IT (strict)	UNKNOWN STEP	2025-11-12T12:48:03.7542125Z Progress (1): 3.6/3.9 MB
FIPS IT (strict)	UNKNOWN STEP	2025-11-12T12:48:03.7542915Z Progress (1): 3.6/3.9 MB
FIPS IT (strict)	UNKNOWN STEP	2025-11-12T12:48:03.7551145Z Progress (1): 3.6/3.9 MB
FIPS IT (strict)	UNKNOWN STEP	2025-11-12T12:48:03.7551818Z Progress (1): 3.6/3.9 MB
FIPS IT (strict)	UNKNOWN STEP	2025-11-12T12:48:03.7553182Z Progress (1): 3.6/3.9 MB
FIPS IT (strict)	UNKNOWN STEP	2025-11-12T12:48:03.7553947Z Progress (1): 3.6/3.9 MB
FIPS IT (strict)	UNKNOWN STEP	2025-11-12T12:48:03.7568805Z Progress (1): 3.7/3.9 MB
FIPS IT (strict)	UNKNOWN STEP	2025-11-12T12:48:03.7570405Z Progress (1): 3.7/3.9 MB
FIPS IT (strict)	UNKNOWN STEP	2025-11-12T12:48:03.7576464Z Progress (1): 3.7/3.9 MB
FIPS IT (strict)	UNKNOWN STEP	2025-11-12T12:48:03.7577391Z Progress (1): 3.7/3.9 MB
FIPS IT (strict)	UNKNOWN STEP	2025-11-12T12:48:03.7581470Z Progress (1): 3.7/3.9 MB
FIPS IT (strict)	UNKNOWN STEP	2025-11-12T12:48:03.7588449Z Progress (1): 3.7/3.9 MB
FIPS IT (strict)	UNKNOWN STEP	2025-11-12T12:48:03.7589249Z Progress (1): 3.8/3.9 MB
FIPS IT (strict)	UNKNOWN STEP	2025-11-12T12:48:03.7590587Z Progress (1): 3.8/3.9 MB
FIPS IT (strict)	UNKNOWN STEP	2025-11-12T12:48:03.7591373Z Progress (1): 3.8/3.9 MB
FIPS IT (strict)	UNKNOWN STEP	2025-11-12T12:48:03.7597066Z Progress (1): 3.8/3.9 MB
FIPS IT (strict)	UNKNOWN STEP	2025-11-12T12:48:03.7602102Z Progress (1): 3.8/3.9 MB
FIPS IT (strict)	UNKNOWN STEP	2025-11-12T12:48:03.7604915Z Progress (1): 3.8/3.9 MB
FIPS IT (strict)	UNKNOWN STEP	2025-11-12T12:48:03.7610615Z Progress (1): 3.8/3.9 MB
FIPS IT (strict)	UNKNOWN STEP	2025-11-12T12:48:03.7618462Z Progress (1): 3.9/3.9 MB
FIPS IT (strict)	UNKNOWN STEP	2025-11-12T12:48:03.7619475Z Progress (1): 3.9/3.9 MB
FIPS IT (strict)	UNKNOWN STEP	2025-11-12T12:48:03.7620093Z Progress (1): 3.9/3.9 MB
FIPS IT (strict)	UNKNOWN STEP	2025-11-12T12:48:03.7620473Z Progress (1): 3.9 MB    
FIPS IT (strict)	UNKNOWN STEP	2025-11-12T12:48:03.7621082Z                     
FIPS IT (strict)	UNKNOWN STEP	2025-11-12T12:48:03.7622249Z Downloaded from central: https://repo.maven.apache.org/maven2/org/wildfly/wildfly-ee-galleon-pack/29.0.0.Final/wildfly-ee-galleon-pack-29.0.0.Final.zip (3.9 MB at 24 MB/s)
FIPS IT (strict)	UNKNOWN STEP	2025-11-12T12:48:03.7654235Z [INFO] 
FIPS IT (strict)	UNKNOWN STEP	2025-11-12T12:48:03.7656454Z [INFO] --- enforcer:3.0.0-M3:enforce (enforce-java-version) @ keycloak-saml-adapter-galleon-pack ---
FIPS IT (strict)	UNKNOWN STEP	2025-11-12T12:48:03.7689846Z [INFO] 
FIPS IT (strict)	UNKNOWN STEP	2025-11-12T12:48:03.7690658Z [INFO] --- enforcer:3.0.0-M3:enforce (enforce-maven-version) @ keycloak-saml-adapter-galleon-pack ---
FIPS IT (strict)	UNKNOWN STEP	2025-11-12T12:48:03.7691456Z [INFO] 
FIPS IT (strict)	UNKNOWN STEP	2025-11-12T12:48:03.7692098Z [INFO] --- buildnumber:1.4:create (get-scm-revision) @ keycloak-saml-adapter-galleon-pack ---
FIPS IT (strict)	UNKNOWN STEP	2025-11-12T12:48:03.7706545Z [INFO] 
FIPS IT (strict)	UNKNOWN STEP	2025-11-12T12:48:03.7711271Z [INFO] --- resources:3.2.0:copy-resources (copy-resources) @ keycloak-saml-adapter-galleon-pack ---
FIPS IT (strict)	UNKNOWN STEP	2025-11-12T12:48:03.8839314Z [INFO] Using 'UTF-8' encoding to copy filtered resources.
FIPS IT (strict)	UNKNOWN STEP	2025-11-12T12:48:03.8844605Z [INFO] Using 'UTF-8' encoding to copy filtered properties files.
FIPS IT (strict)	UNKNOWN STEP	2025-11-12T12:48:03.8919179Z [INFO] Copying 14 resources
FIPS IT (strict)	UNKNOWN STEP	2025-11-12T12:48:03.9076366Z [INFO] Copying 3 resources
FIPS IT (strict)	UNKNOWN STEP	2025-11-12T12:48:03.9091728Z [INFO] 
FIPS IT (strict)	UNKNOWN STEP	2025-11-12T12:48:03.9092768Z [INFO] --- licenses:2.3.1.Final:insert-versions (update-licenses-xml) @ keycloak-saml-adapter-galleon-pack ---
FIPS IT (strict)	UNKNOWN STEP	2025-11-12T12:48:03.9135866Z Downloading from jboss-public-repository: https://repository.jboss.org/nexus/content/groups/public/org/apache/maven/maven-compat/3.3.1/maven-compat-3.3.1.pom
FIPS IT (strict)	UNKNOWN STEP	2025-11-12T12:48:04.0818055Z Downloading from central: https://repo.maven.apache.org/maven2/org/apache/maven/maven-compat/3.3.1/maven-compat-3.3.1.pom
FIPS IT (strict)	UNKNOWN STEP	2025-11-12T12:48:04.1687755Z Progress (1): 835 B
FIPS IT (strict)	UNKNOWN STEP	2025-11-12T12:48:04.1688206Z Progress (1): 3.0 kB
FIPS IT (strict)	UNKNOWN STEP	2025-11-12T12:48:04.1693397Z Progress (1): 4.2 kB
FIPS IT (strict)	UNKNOWN STEP	2025-11-12T12:48:04.1693797Z                     
FIPS IT (strict)	UNKNOWN STEP	2025-11-12T12:48:04.1694486Z Downloaded from central: https://repo.maven.apache.org/maven2/org/apache/maven/maven-compat/3.3.1/maven-compat-3.3.1.pom (4.2 kB at 48 kB/s)
FIPS IT (strict)	UNKNOWN STEP	2025-11-12T12:48:04.1739575Z Downloading from jboss-public-repository: https://repository.jboss.org/nexus/content/groups/public/org/apache/maven/maven-model/3.3.1/maven-model-3.3.1.pom
FIPS IT (strict)	UNKNOWN STEP	2025-11-12T12:48:04.3538276Z Downloading from central: https://repo.maven.apache.org/maven2/org/apache/maven/maven-model/3.3.1/maven-model-3.3.1.pom
FIPS IT (strict)	UNKNOWN STEP	2025-11-12T12:48:04.3858416Z Progress (1): 800 B
FIPS IT (strict)	UNKNOWN STEP	2025-11-12T12:48:04.3858857Z Progress (1): 2.3 kB
FIPS IT (strict)	UNKNOWN STEP	2025-11-12T12:48:04.3866776Z Progress (1): 4.2 kB
FIPS IT (strict)	UNKNOWN STEP	2025-11-12T12:48:04.3867158Z                     
FIPS IT (strict)	UNKNOWN STEP	2025-11-12T12:48:04.3868295Z Downloaded from central: https://repo.maven.apache.org/maven2/org/apache/maven/maven-model/3.3.1/maven-model-3.3.1.pom (4.2 kB at 129 kB/s)
FIPS IT (strict)	UNKNOWN STEP	2025-11-12T12:48:04.3913786Z Downloading from jboss-public-repository: https://repository.jboss.org/nexus/content/groups/public/org/apache/maven/maven-model-builder/3.3.1/maven-model-builder-3.3.1.pom
FIPS IT (strict)	UNKNOWN STEP	2025-11-12T12:48:04.5240179Z Downloading from central: https://repo.maven.apache.org/maven2/org/apache/maven/maven-model-builder/3.3.1/maven-model-builder-3.3.1.pom
FIPS IT (strict)	UNKNOWN STEP	2025-11-12T12:48:04.5460188Z Progress (1): 828 B
FIPS IT (strict)	UNKNOWN STEP	2025-11-12T12:48:04.5460605Z Progress (1): 2.8 kB
FIPS IT (strict)	UNKNOWN STEP	2025-11-12T12:48:04.5485186Z Progress (1): 3.2 kB
FIPS IT (strict)	UNKNOWN STEP	2025-11-12T12:48:04.5485584Z                     
FIPS IT (strict)	UNKNOWN STEP	2025-11-12T12:48:04.5486741Z Downloaded from central: https://repo.maven.apache.org/maven2/org/apache/maven/maven-model-builder/3.3.1/maven-model-builder-3.3.1.pom (3.2 kB at 141 kB/s)
FIPS IT (strict)	UNKNOWN STEP	2025-11-12T12:48:04.5507106Z Downloading from jboss-public-repository: https://repository.jboss.org/nexus/content/groups/public/org/codehaus/plexus/plexus-interpolation/1.21/plexus-interpolation-1.21.pom
FIPS IT (strict)	UNKNOWN STEP	2025-11-12T12:48:04.6560518Z Downloading from central: https://repo.maven.apache.org/maven2/org/codehaus/plexus/plexus-interpolation/1.21/plexus-interpolation-1.21.pom
FIPS IT (strict)	UNKNOWN STEP	2025-11-12T12:48:05.3401576Z Progress (1): 1.3 kB
FIPS IT (strict)	UNKNOWN STEP	2025-11-12T12:48:05.3409109Z Progress (1): 1.5 kB
FIPS IT (strict)	UNKNOWN STEP	2025-11-12T12:48:05.3411027Z                     
FIPS IT (strict)	UNKNOWN STEP	2025-11-12T12:48:05.3412788Z Downloaded from central: https://repo.maven.apache.org/maven2/org/codehaus/plexus/plexus-interpolation/1.21/plexus-interpolation-1.21.pom (1.5 kB at 2.2 kB/s)
FIPS IT (strict)	UNKNOWN STEP	2025-11-12T12:48:05.3466028Z Downloading from jboss-public-repository: https://repository.jboss.org/nexus/content/groups/public/org/apache/maven/maven-builder-support/3.3.1/maven-builder-support-3.3.1.pom
FIPS IT (strict)	UNKNOWN STEP	2025-11-12T12:48:05.4606567Z Downloading from central: https://repo.maven.apache.org/maven2/org/apache/maven/maven-builder-support/3.3.1/maven-builder-support-3.3.1.pom
FIPS IT (strict)	UNKNOWN STEP	2025-11-12T12:48:05.4862616Z Progress (1): 822 B
FIPS IT (strict)	UNKNOWN STEP	2025-11-12T12:48:05.4868527Z Progress (1): 1.9 kB
FIPS IT (strict)	UNKNOWN STEP	2025-11-12T12:48:05.4868938Z                     
FIPS IT (strict)	UNKNOWN STEP	2025-11-12T12:48:05.4869996Z Downloaded from central: https://repo.maven.apache.org/maven2/org/apache/maven/maven-builder-support/3.3.1/maven-builder-support-3.3.1.pom (1.9 kB at 72 kB/s)
FIPS IT (strict)	UNKNOWN STEP	2025-11-12T12:48:05.4896375Z Downloading from jboss-public-repository: https://repository.jboss.org/nexus/content/groups/public/com/google/guava/guava/18.0/guava-18.0.pom
FIPS IT (strict)	UNKNOWN STEP	2025-11-12T12:48:05.6438941Z Downloading from central: https://repo.maven.apache.org/maven2/com/google/guava/guava/18.0/guava-18.0.pom
FIPS IT (strict)	UNKNOWN STEP	2025-11-12T12:48:06.6825877Z Progress (1): 951 B
FIPS IT (strict)	UNKNOWN STEP	2025-11-12T12:48:06.6826391Z Progress (1): 2.8 kB
FIPS IT (strict)	UNKNOWN STEP	2025-11-12T12:48:06.6828073Z Progress (1): 5.0 kB
FIPS IT (strict)	UNKNOWN STEP	2025-11-12T12:48:06.6834284Z Progress (1): 5.7 kB
FIPS IT (strict)	UNKNOWN STEP	2025-11-12T12:48:06.6835313Z                     
FIPS IT (strict)	UNKNOWN STEP	2025-11-12T12:48:06.6836468Z Downloaded from central: https://repo.maven.apache.org/maven2/com/google/guava/guava/18.0/guava-18.0.pom (5.7 kB at 5.4 kB/s)
FIPS IT (strict)	UNKNOWN STEP	2025-11-12T12:48:06.6857837Z Downloading from jboss-public-repository: https://repository.jboss.org/nexus/content/groups/public/com/google/guava/guava-parent/18.0/guava-parent-18.0.pom
FIPS IT (strict)	UNKNOWN STEP	2025-11-12T12:48:06.8041771Z Downloading from central: https://repo.maven.apache.org/maven2/com/google/guava/guava-parent/18.0/guava-parent-18.0.pom
FIPS IT (strict)	UNKNOWN STEP	2025-11-12T12:48:06.8304614Z Progress (1): 1.0 kB
FIPS IT (strict)	UNKNOWN STEP	2025-11-12T12:48:06.8305035Z Progress (1): 2.9 kB
FIPS IT (strict)	UNKNOWN STEP	2025-11-12T12:48:06.8305450Z Progress (1): 6.3 kB
FIPS IT (strict)	UNKNOWN STEP	2025-11-12T12:48:06.8314817Z Progress (1): 7.7 kB
FIPS IT (strict)	UNKNOWN STEP	2025-11-12T12:48:06.8315215Z                     
FIPS IT (strict)	UNKNOWN STEP	2025-11-12T12:48:06.8316150Z Downloaded from central: https://repo.maven.apache.org/maven2/com/google/guava/guava-parent/18.0/guava-parent-18.0.pom (7.7 kB at 274 kB/s)
FIPS IT (strict)	UNKNOWN STEP	2025-11-12T12:48:06.8341949Z Downloading from jboss-public-repository: https://repository.jboss.org/nexus/content/groups/public/org/apache/maven/maven-settings/3.3.1/maven-settings-3.3.1.pom
FIPS IT (strict)	UNKNOWN STEP	2025-11-12T12:48:07.0313240Z Downloading from central: https://repo.maven.apache.org/maven2/org/apache/maven/maven-settings/3.3.1/maven-settings-3.3.1.pom
FIPS IT (strict)	UNKNOWN STEP	2025-11-12T12:48:07.0768898Z Progress (1): 816 B
FIPS IT (strict)	UNKNOWN STEP	2025-11-12T12:48:07.0775786Z Progress (1): 2.2 kB
FIPS IT (strict)	UNKNOWN STEP	2025-11-12T12:48:07.0776242Z                     
FIPS IT (strict)	UNKNOWN STEP	2025-11-12T12:48:07.0777316Z Downloaded from central: https://repo.maven.apache.org/maven2/org/apache/maven/maven-settings/3.3.1/maven-settings-3.3.1.pom (2.2 kB at 46 kB/s)
FIPS IT (strict)	UNKNOWN STEP	2025-11-12T12:48:07.0810220Z Downloading from jboss-public-repository: https://repository.jboss.org/nexus/content/groups/public/org/apache/maven/maven-artifact/3.3.1/maven-artifact-3.3.1.pom
FIPS IT (strict)	UNKNOWN STEP	2025-11-12T12:48:07.2727270Z Downloading from central: https://repo.maven.apache.org/maven2/org/apache/maven/maven-artifact/3.3.1/maven-artifact-3.3.1.pom
FIPS IT (strict)	UNKNOWN STEP	2025-11-12T12:48:07.4591833Z Progress (1): 835 B
FIPS IT (strict)	UNKNOWN STEP	2025-11-12T12:48:07.4598507Z Progress (1): 2.3 kB
FIPS IT (strict)	UNKNOWN STEP	2025-11-12T12:48:07.4599038Z                     
FIPS IT (strict)	UNKNOWN STEP	2025-11-12T12:48:07.4600105Z Downloaded from central: https://repo.maven.apache.org/maven2/org/apache/maven/maven-artifact/3.3.1/maven-artifact-3.3.1.pom (2.3 kB at 13 kB/s)
FIPS IT (strict)	UNKNOWN STEP	2025-11-12T12:48:07.4629525Z Downloading from jboss-public-repository: https://repository.jboss.org/nexus/content/groups/public/org/apache/maven/maven-core/3.3.1/maven-core-3.3.1.pom
FIPS IT (strict)	UNKNOWN STEP	2025-11-12T12:48:07.7026818Z Downloading from central: https://repo.maven.apache.org/maven2/org/apache/maven/maven-core/3.3.1/maven-core-3.3.1.pom
FIPS IT (strict)	UNKNOWN STEP	2025-11-12T12:48:07.7549874Z Progress (1): 785 B
FIPS IT (strict)	UNKNOWN STEP	2025-11-12T12:48:07.7551926Z Progress (1): 2.1 kB
FIPS IT (strict)	UNKNOWN STEP	2025-11-12T12:48:07.7552639Z Progress (1): 5.4 kB
FIPS IT (strict)	UNKNOWN STEP	2025-11-12T12:48:07.7555338Z Progress (1): 8.2 kB
FIPS IT (strict)	UNKNOWN STEP	2025-11-12T12:48:07.7559222Z Progress (1): 8.5 kB
FIPS IT (strict)	UNKNOWN STEP	2025-11-12T12:48:07.7560744Z                     
FIPS IT (strict)	UNKNOWN STEP	2025-11-12T12:48:07.7561680Z Downloaded from central: https://repo.maven.apache.org/maven2/org/apache/maven/maven-core/3.3.1/maven-core-3.3.1.pom (8.5 kB at 158 kB/s)
FIPS IT (strict)	UNKNOWN STEP	2025-11-12T12:48:07.7589969Z Downloading from jboss-public-repository: https://repository.jboss.org/nexus/content/groups/public/org/apache/maven/maven-settings-builder/3.3.1/maven-settings-builder-3.3.1.pom
FIPS IT (strict)	UNKNOWN STEP	2025-11-12T12:48:08.0358598Z Downloading from central: https://repo.maven.apache.org/maven2/org/apache/maven/maven-settings-builder/3.3.1/maven-settings-builder-3.3.1.pom
FIPS IT (strict)	UNKNOWN STEP	2025-11-12T12:48:08.1940289Z Progress (1): 812 B
FIPS IT (strict)	UNKNOWN STEP	2025-11-12T12:48:08.1949049Z Progress (1): 2.7 kB
FIPS IT (strict)	UNKNOWN STEP	2025-11-12T12:48:08.1949501Z                     
FIPS IT (strict)	UNKNOWN STEP	2025-11-12T12:48:08.1950442Z Downloaded from central: https://repo.maven.apache.org/maven2/org/apache/maven/maven-settings-builder/3.3.1/maven-settings-builder-3.3.1.pom (2.7 kB at 17 kB/s)
FIPS IT (strict)	UNKNOWN STEP	2025-11-12T12:48:08.1987911Z Downloading from jboss-public-repository: https://repository.jboss.org/nexus/content/groups/public/org/apache/maven/maven-repository-metadata/3.3.1/maven-repository-metadata-3.3.1.pom
FIPS IT (strict)	UNKNOWN STEP	2025-11-12T12:48:08.3861930Z Downloading from central: https://repo.maven.apache.org/maven2/org/apache/maven/maven-repository-metadata/3.3.1/maven-repository-metadata-3.3.1.pom
FIPS IT (strict)	UNKNOWN STEP	2025-11-12T12:48:08.6659046Z Progress (1): 815 B
FIPS IT (strict)	UNKNOWN STEP	2025-11-12T12:48:08.6666229Z Progress (1): 2.2 kB
FIPS IT (strict)	UNKNOWN STEP	2025-11-12T12:48:08.6666916Z                     
FIPS IT (strict)	UNKNOWN STEP	2025-11-12T12:48:08.6668056Z Downloaded from central: https://repo.maven.apache.org/maven2/org/apache/maven/maven-repository-metadata/3.3.1/maven-repository-metadata-3.3.1.pom (2.2 kB at 7.9 kB/s)
FIPS IT (strict)	UNKNOWN STEP	2025-11-12T12:48:08.6698632Z Downloading from jboss-public-repository: https://repository.jboss.org/nexus/content/groups/public/org/apache/maven/maven-plugin-api/3.3.1/maven-plugin-api-3.3.1.pom
FIPS IT (strict)	UNKNOWN STEP	2025-11-12T12:48:08.7785039Z Downloading from central: https://repo.maven.apache.org/maven2/org/apache/maven/maven-plugin-api/3.3.1/maven-plugin-api-3.3.1.pom
FIPS IT (strict)	UNKNOWN STEP	2025-11-12T12:48:08.8703279Z Progress (1): 809 B
FIPS IT (strict)	UNKNOWN STEP	2025-11-12T12:48:08.8703864Z Progress (1): 2.5 kB
FIPS IT (strict)	UNKNOWN STEP	2025-11-12T12:48:08.8711684Z Progress (1): 3.0 kB
FIPS IT (strict)	UNKNOWN STEP	2025-11-12T12:48:08.8712899Z                     
FIPS IT (strict)	UNKNOWN STEP	2025-11-12T12:48:08.8713939Z Downloaded from central: https://repo.maven.apache.org/maven2/org/apache/maven/maven-plugin-api/3.3.1/maven-plugin-api-3.3.1.pom (3.0 kB at 32 kB/s)
FIPS IT (strict)	UNKNOWN STEP	2025-11-12T12:48:08.8739693Z Downloading from jboss-public-repository: https://repository.jboss.org/nexus/content/groups/public/org/eclipse/sisu/org.eclipse.sisu.plexus/0.3.0/org.eclipse.sisu.plexus-0.3.0.pom
FIPS IT (strict)	UNKNOWN STEP	2025-11-12T12:48:09.0424645Z Downloading from central: https://repo.maven.apache.org/maven2/org/eclipse/sisu/org.eclipse.sisu.plexus/0.3.0/org.eclipse.sisu.plexus-0.3.0.pom
FIPS IT (strict)	UNKNOWN STEP	2025-11-12T12:48:47.9417427Z Downloading from jboss-public-repository: https://repository.jboss.org/nexus/content/groups/public/org/apache/maven/maven-aether-provider/3.3.1/maven-aether-provider-3.3.1.pom
FIPS IT (strict)	UNKNOWN STEP	2025-11-12T12:48:48.0823505Z Downloading from central: https://repo.maven.apache.org/maven2/org/apache/maven/maven-aether-provider/3.3.1/maven-aether-provider-3.3.1.pom
FIPS IT (strict)	UNKNOWN STEP	2025-11-12T12:49:08.9442681Z Progress (1): 811 B
FIPS IT (strict)	UNKNOWN STEP	2025-11-12T12:49:08.9443074Z Progress (1): 3.0 kB
FIPS IT (strict)	UNKNOWN STEP	2025-11-12T12:49:08.9450504Z Progress (1): 4.2 kB
FIPS IT (strict)	UNKNOWN STEP	2025-11-12T12:49:08.9450881Z                     
FIPS IT (strict)	UNKNOWN STEP	2025-11-12T12:49:08.9451900Z Downloaded from central: https://repo.maven.apache.org/maven2/org/apache/maven/maven-aether-provider/3.3.1/maven-aether-provider-3.3.1.pom (4.2 kB at 203 B/s)
FIPS IT (strict)	UNKNOWN STEP	2025-11-12T12:49:08.9479274Z Downloading from jboss-public-repository: https://repository.jboss.org/nexus/content/groups/public/org/eclipse/aether/aether-api/1.0.2.v20150114/aether-api-1.0.2.v20150114.pom
FIPS IT (strict)	UNKNOWN STEP	2025-11-12T12:49:09.1318065Z Downloading from central: https://repo.maven.apache.org/maven2/org/eclipse/aether/aether-api/1.0.2.v20150114/aether-api-1.0.2.v20150114.pom
FIPS IT (strict)	UNKNOWN STEP	2025-11-12T12:49:09.1541311Z Progress (1): 916 B
FIPS IT (strict)	UNKNOWN STEP	2025-11-12T12:49:09.1548602Z Progress (1): 1.8 kB
FIPS IT (strict)	UNKNOWN STEP	2025-11-12T12:49:09.1549039Z                     
FIPS IT (strict)	UNKNOWN STEP	2025-11-12T12:49:09.1550110Z Downloaded from central: https://repo.maven.apache.org/maven2/org/eclipse/aether/aether-api/1.0.2.v20150114/aether-api-1.0.2.v20150114.pom (1.8 kB at 80 kB/s)
FIPS IT (strict)	UNKNOWN STEP	2025-11-12T12:49:09.1566156Z Downloading from jboss-public-repository: https://repository.jboss.org/nexus/content/groups/public/org/eclipse/aether/aether/1.0.2.v20150114/aether-1.0.2.v20150114.pom
FIPS IT (strict)	UNKNOWN STEP	2025-11-12T12:49:09.3585496Z Downloading from central: https://repo.maven.apache.org/maven2/org/eclipse/aether/aether/1.0.2.v20150114/aether-1.0.2.v20150114.pom
FIPS IT (strict)	UNKNOWN STEP	2025-11-12T12:49:09.4005225Z Progress (1): 805 B
FIPS IT (strict)	UNKNOWN STEP	2025-11-12T12:49:09.4005713Z Progress (1): 3.2 kB
FIPS IT (strict)	UNKNOWN STEP	2025-11-12T12:49:09.4006570Z Progress (1): 5.1 kB
FIPS IT (strict)	UNKNOWN STEP	2025-11-12T12:49:09.4007079Z Progress (1): 8.9 kB
FIPS IT (strict)	UNKNOWN STEP	2025-11-12T12:49:09.4007732Z Progress (1): 12 kB 
FIPS IT (strict)	UNKNOWN STEP	2025-11-12T12:49:09.4008279Z Progress (1): 16 kB
FIPS IT (strict)	UNKNOWN STEP	2025-11-12T12:49:09.4011855Z Progress (1): 20 kB
FIPS IT (strict)	UNKNOWN STEP	2025-11-12T12:49:09.4014963Z Progress (1): 23 kB
FIPS IT (strict)	UNKNOWN STEP	2025-11-12T12:49:09.4015363Z Progress (1): 27 kB
FIPS IT (strict)	UNKNOWN STEP	2025-11-12T12:49:09.4016985Z Progress (1): 29 kB
FIPS IT (strict)	UNKNOWN STEP	2025-11-12T12:49:09.4017960Z                    
FIPS IT (strict)	UNKNOWN STEP	2025-11-12T12:49:09.4019336Z Downloaded from central: https://repo.maven.apache.org/maven2/org/eclipse/aether/aether/1.0.2.v20150114/aether-1.0.2.v20150114.pom (29 kB at 683 kB/s)
FIPS IT (strict)	UNKNOWN STEP	2025-11-12T12:49:09.4044921Z Downloading from jboss-public-repository: https://repository.jboss.org/nexus/content/groups/public/org/eclipse/aether/aether-spi/1.0.2.v20150114/aether-spi-1.0.2.v20150114.pom
FIPS IT (strict)	UNKNOWN STEP	2025-11-12T12:49:09.5873405Z Downloading from central: https://repo.maven.apache.org/maven2/org/eclipse/aether/aether-spi/1.0.2.v20150114/aether-spi-1.0.2.v20150114.pom
FIPS IT (strict)	UNKNOWN STEP	2025-11-12T12:49:09.6155710Z Progress (1): 905 B
FIPS IT (strict)	UNKNOWN STEP	2025-11-12T12:49:09.6163203Z Progress (1): 2.0 kB
FIPS IT (strict)	UNKNOWN STEP	2025-11-12T12:49:09.6164813Z                     
FIPS IT (strict)	UNKNOWN STEP	2025-11-12T12:49:09.6166157Z Downloaded from central: https://repo.maven.apache.org/maven2/org/eclipse/aether/aether-spi/1.0.2.v20150114/aether-spi-1.0.2.v20150114.pom (2.0 kB at 68 kB/s)
FIPS IT (strict)	UNKNOWN STEP	2025-11-12T12:49:09.6186613Z Downloading from jboss-public-repository: https://repository.jboss.org/nexus/content/groups/public/org/eclipse/aether/aether-util/1.0.2.v20150114/aether-util-1.0.2.v20150114.pom
FIPS IT (strict)	UNKNOWN STEP	2025-11-12T12:49:09.8736742Z Downloading from central: https://repo.maven.apache.org/maven2/org/eclipse/aether/aether-util/1.0.2.v20150114/aether-util-1.0.2.v20150114.pom
FIPS IT (strict)	UNKNOWN STEP	2025-11-12T12:49:19.9412918Z Progress (1): 917 B
FIPS IT (strict)	UNKNOWN STEP	2025-11-12T12:49:19.9420306Z Progress (1): 2.1 kB
FIPS IT (strict)	UNKNOWN STEP	2025-11-12T12:49:19.9421127Z                     
FIPS IT (strict)	UNKNOWN STEP	2025-11-12T12:49:19.9422461Z Downloaded from central: https://repo.maven.apache.org/maven2/org/eclipse/aether/aether-util/1.0.2.v20150114/aether-util-1.0.2.v20150114.pom (2.1 kB at 210 B/s)
FIPS IT (strict)	UNKNOWN STEP	2025-11-12T12:49:19.9443483Z Downloading from jboss-public-repository: https://repository.jboss.org/nexus/content/groups/public/org/eclipse/aether/aether-impl/1.0.2.v20150114/aether-impl-1.0.2.v20150114.pom
FIPS IT (strict)	UNKNOWN STEP	2025-11-12T12:49:20.1127893Z Downloading from central: https://repo.maven.apache.org/maven2/org/eclipse/aether/aether-impl/1.0.2.v20150114/aether-impl-1.0.2.v20150114.pom
FIPS IT (strict)	UNKNOWN STEP	2025-11-12T12:49:20.1363462Z Progress (1): 911 B
FIPS IT (strict)	UNKNOWN STEP	2025-11-12T12:49:20.1364635Z Progress (1): 3.2 kB
FIPS IT (strict)	UNKNOWN STEP	2025-11-12T12:49:20.1372770Z Progress (1): 3.4 kB
FIPS IT (strict)	UNKNOWN STEP	2025-11-12T12:49:20.1373393Z                     
FIPS IT (strict)	UNKNOWN STEP	2025-11-12T12:49:20.1374271Z Downloaded from central: https://repo.maven.apache.org/maven2/org/eclipse/aether/aether-impl/1.0.2.v20150114/aether-impl-1.0.2.v20150114.pom (3.4 kB at 134 kB/s)
FIPS IT (strict)	UNKNOWN STEP	2025-11-12T12:49:20.1398219Z Downloading from jboss-public-repository: https://repository.jboss.org/nexus/content/groups/public/org/sonatype/sisu/sisu-guice/3.2.5/sisu-guice-3.2.5.pom
FIPS IT (strict)	UNKNOWN STEP	2025-11-12T12:49:20.1590412Z Downloading from central: https://repo.maven.apache.org/maven2/org/sonatype/sisu/sisu-guice/3.2.5/sisu-guice-3.2.5.pom
FIPS IT (strict)	UNKNOWN STEP	2025-11-12T12:49:20.1868862Z Progress (1): 1.3 kB
FIPS IT (strict)	UNKNOWN STEP	2025-11-12T12:49:20.1876281Z Progress (1): 3.8 kB
FIPS IT (strict)	UNKNOWN STEP	2025-11-12T12:49:20.1877060Z Progress (1): 5.1 kB
FIPS IT (strict)	UNKNOWN STEP	2025-11-12T12:49:20.1881758Z Progress (1): 8.3 kB
FIPS IT (strict)	UNKNOWN STEP	2025-11-12T12:49:20.1882138Z Progress (1): 11 kB 
FIPS IT (strict)	UNKNOWN STEP	2025-11-12T12:49:20.1882491Z                    
FIPS IT (strict)	UNKNOWN STEP	2025-11-12T12:49:20.1883452Z Downloaded from central: https://repo.maven.apache.org/maven2/org/sonatype/sisu/sisu-guice/3.2.5/sisu-guice-3.2.5.pom (11 kB at 377 kB/s)
FIPS IT (strict)	UNKNOWN STEP	2025-11-12T12:49:20.1902913Z Downloading from jboss-public-repository: https://repository.jboss.org/nexus/content/groups/public/org/sonatype/sisu/inject/guice-parent/3.2.5/guice-parent-3.2.5.pom
FIPS IT (strict)	UNKNOWN STEP	2025-11-12T12:49:20.2051539Z Downloading from central: https://repo.maven.apache.org/maven2/org/sonatype/sisu/inject/guice-parent/3.2.5/guice-parent-3.2.5.pom
FIPS IT (strict)	UNKNOWN STEP	2025-11-12T12:49:20.2373602Z Progress (1): 892 B
FIPS IT (strict)	UNKNOWN STEP	2025-11-12T12:49:20.2374158Z Progress (1): 2.1 kB
FIPS IT (strict)	UNKNOWN STEP	2025-11-12T12:49:20.2379910Z Progress (1): 3.2 kB
FIPS IT (strict)	UNKNOWN STEP	2025-11-12T12:49:20.2380725Z Progress (1): 5.3 kB
FIPS IT (strict)	UNKNOWN STEP	2025-11-12T12:49:20.2381151Z Progress (1): 7.6 kB
FIPS IT (strict)	UNKNOWN STEP	2025-11-12T12:49:20.2381550Z Progress (1): 9.9 kB
FIPS IT (strict)	UNKNOWN STEP	2025-11-12T12:49:20.2381907Z Progress (1): 12 kB 
FIPS IT (strict)	UNKNOWN STEP	2025-11-12T12:49:20.2386352Z Progress (1): 15 kB
FIPS IT (strict)	UNKNOWN STEP	2025-11-12T12:49:20.2388112Z                    
FIPS IT (strict)	UNKNOWN STEP	2025-11-12T12:49:20.2389339Z Downloaded from central: https://repo.maven.apache.org/maven2/org/sonatype/sisu/inject/guice-parent/3.2.5/guice-parent-3.2.5.pom (15 kB at 441 kB/s)
FIPS IT (strict)	UNKNOWN STEP	2025-11-12T12:49:20.2409809Z Downloading from jboss-public-repository: https://repository.jboss.org/nexus/content/groups/public/org/sonatype/forge/forge-parent/38/forge-parent-38.pom
FIPS IT (strict)	UNKNOWN STEP	2025-11-12T12:49:20.2520296Z Downloading from central: https://repo.maven.apache.org/maven2/org/sonatype/forge/forge-parent/38/forge-parent-38.pom
FIPS IT (strict)	UNKNOWN STEP	2025-11-12T12:49:20.2833104Z Progress (1): 803 B
FIPS IT (strict)	UNKNOWN STEP	2025-11-12T12:49:20.2833822Z Progress (1): 2.5 kB
FIPS IT (strict)	UNKNOWN STEP	2025-11-12T12:49:20.2836389Z Progress (1): 3.7 kB
FIPS IT (strict)	UNKNOWN STEP	2025-11-12T12:49:20.2836814Z Progress (1): 7.5 kB
FIPS IT (strict)	UNKNOWN STEP	2025-11-12T12:49:20.2837267Z Progress (1): 11 kB 
FIPS IT (strict)	UNKNOWN STEP	2025-11-12T12:49:20.2838920Z Progress (1): 12 kB
FIPS IT (strict)	UNKNOWN STEP	2025-11-12T12:49:20.2839652Z Progress (1): 17 kB
FIPS IT (strict)	UNKNOWN STEP	2025-11-12T12:49:20.2847838Z Progress (1): 19 kB
FIPS IT (strict)	UNKNOWN STEP	2025-11-12T12:49:20.2848186Z                    
FIPS IT (strict)	UNKNOWN STEP	2025-11-12T12:49:20.2849008Z Downloaded from central: https://repo.maven.apache.org/maven2/org/sonatype/forge/forge-parent/38/forge-parent-38.pom (19 kB at 568 kB/s)
FIPS IT (strict)	UNKNOWN STEP	2025-11-12T12:49:20.2874069Z Downloading from jboss-public-repository: https://repository.jboss.org/nexus/content/groups/public/com/google/guava/guava/16.0.1/guava-16.0.1.pom
FIPS IT (strict)	UNKNOWN STEP	2025-11-12T12:49:20.4057385Z Downloading from central: https://repo.maven.apache.org/maven2/com/google/guava/guava/16.0.1/guava-16.0.1.pom
FIPS IT (strict)	UNKNOWN STEP	2025-11-12T12:49:20.4279386Z Progress (1): 970 B
FIPS IT (strict)	UNKNOWN STEP	2025-11-12T12:49:20.4280197Z Progress (1): 2.3 kB
FIPS IT (strict)	UNKNOWN STEP	2025-11-12T12:49:20.4280582Z Progress (1): 4.5 kB
FIPS IT (strict)	UNKNOWN STEP	2025-11-12T12:49:20.4287087Z Progress (1): 6.1 kB
FIPS IT (strict)	UNKNOWN STEP	2025-11-12T12:49:20.4287641Z                     
FIPS IT (strict)	UNKNOWN STEP	2025-11-12T12:49:20.4288594Z Downloaded from central: https://repo.maven.apache.org/maven2/com/google/guava/guava/16.0.1/guava-16.0.1.pom (6.1 kB at 265 kB/s)
FIPS IT (strict)	UNKNOWN STEP	2025-11-12T12:49:20.4305113Z Downloading from jboss-public-repository: https://repository.jboss.org/nexus/content/groups/public/com/google/guava/guava-parent/16.0.1/guava-parent-16.0.1.pom
FIPS IT (strict)	UNKNOWN STEP	2025-11-12T12:49:20.5411494Z Downloading from central: https://repo.maven.apache.org/maven2/com/google/guava/guava-parent/16.0.1/guava-parent-16.0.1.pom
FIPS IT (strict)	UNKNOWN STEP	2025-11-12T12:49:20.5692512Z Progress (1): 1.1 kB
FIPS IT (strict)	UNKNOWN STEP	2025-11-12T12:49:20.5693170Z Progress (1): 2.3 kB
FIPS IT (strict)	UNKNOWN STEP	2025-11-12T12:49:20.5693555Z Progress (1): 5.5 kB
FIPS IT (strict)	UNKNOWN STEP	2025-11-12T12:49:20.5701735Z Progress (1): 7.3 kB
FIPS IT (strict)	UNKNOWN STEP	2025-11-12T12:49:20.5702204Z                     
FIPS IT (strict)	UNKNOWN STEP	2025-11-12T12:49:20.5703336Z Downloaded from central: https://repo.maven.apache.org/maven2/com/google/guava/guava-parent/16.0.1/guava-parent-16.0.1.pom (7.3 kB at 245 kB/s)
FIPS IT (strict)	UNKNOWN STEP	2025-11-12T12:49:20.5742203Z Downloading from jboss-public-repository: https://repository.jboss.org/nexus/content/groups/public/org/apache/maven/wagon/wagon-provider-api/2.8/wagon-provider-api-2.8.pom
FIPS IT (strict)	UNKNOWN STEP	2025-11-12T12:49:20.6963415Z Downloading from central: https://repo.maven.apache.org/maven2/org/apache/maven/wagon/wagon-provider-api/2.8/wagon-provider-api-2.8.pom
FIPS IT (strict)	UNKNOWN STEP	2025-11-12T12:49:20.7228931Z Progress (1): 830 B
FIPS IT (strict)	UNKNOWN STEP	2025-11-12T12:49:20.7237267Z Progress (1): 1.7 kB
FIPS IT (strict)	UNKNOWN STEP	2025-11-12T12:49:20.7237811Z                     
FIPS IT (strict)	UNKNOWN STEP	2025-11-12T12:49:20.7238909Z Downloaded from central: https://repo.maven.apache.org/maven2/org/apache/maven/wagon/wagon-provider-api/2.8/wagon-provider-api-2.8.pom (1.7 kB at 62 kB/s)
FIPS IT (strict)	UNKNOWN STEP	2025-11-12T12:49:20.7253600Z Downloading from jboss-public-repository: https://repository.jboss.org/nexus/content/groups/public/org/apache/maven/wagon/wagon/2.8/wagon-2.8.pom
FIPS IT (strict)	UNKNOWN STEP	2025-11-12T12:49:20.8222625Z Downloading from central: https://repo.maven.apache.org/maven2/org/apache/maven/wagon/wagon/2.8/wagon-2.8.pom
FIPS IT (strict)	UNKNOWN STEP	2025-11-12T12:49:20.8414664Z Progress (1): 746 B
FIPS IT (strict)	UNKNOWN STEP	2025-11-12T12:49:20.8415376Z Progress (1): 2.3 kB
FIPS IT (strict)	UNKNOWN STEP	2025-11-12T12:49:20.8417850Z Progress (1): 4.1 kB
FIPS IT (strict)	UNKNOWN STEP	2025-11-12T12:49:20.8418494Z Progress (1): 7.5 kB
FIPS IT (strict)	UNKNOWN STEP	2025-11-12T12:49:20.8418862Z Progress (1): 12 kB 
FIPS IT (strict)	UNKNOWN STEP	2025-11-12T12:49:20.8420123Z Progress (1): 13 kB
FIPS IT (strict)	UNKNOWN STEP	2025-11-12T12:49:20.8420867Z Progress (1): 17 kB
FIPS IT (strict)	UNKNOWN STEP	2025-11-12T12:49:20.8427021Z Progress (1): 19 kB
FIPS IT (strict)	UNKNOWN STEP	2025-11-12T12:49:20.8428081Z                    
FIPS IT (strict)	UNKNOWN STEP	2025-11-12T12:49:20.8429195Z Downloaded from central: https://repo.maven.apache.org/maven2/org/apache/maven/wagon/wagon/2.8/wagon-2.8.pom (19 kB at 902 kB/s)
FIPS IT (strict)	UNKNOWN STEP	2025-11-12T12:49:20.8454299Z Downloading from jboss-public-repository: https://repository.jboss.org/nexus/content/groups/public/org/apache/maven/plugin-testing/maven-plugin-testing-harness/3.3.0/maven-plugin-testing-harness-3.3.0.pom
FIPS IT (strict)	UNKNOWN STEP	2025-11-12T12:49:21.1938320Z Downloading from central: https://repo.maven.apache.org/maven2/org/apache/maven/plugin-testing/maven-plugin-testing-harness/3.3.0/maven-plugin-testing-harness-3.3.0.pom
FIPS IT (strict)	UNKNOWN STEP	2025-11-12T12:49:21.2171418Z Progress (1): 816 B
FIPS IT (strict)	UNKNOWN STEP	2025-11-12T12:49:21.2177847Z Progress (1): 2.9 kB
FIPS IT (strict)	UNKNOWN STEP	2025-11-12T12:49:21.2178218Z                     
FIPS IT (strict)	UNKNOWN STEP	2025-11-12T12:49:21.2179108Z Downloaded from central: https://repo.maven.apache.org/maven2/org/apache/maven/plugin-testing/maven-plugin-testing-harness/3.3.0/maven-plugin-testing-harness-3.3.0.pom (2.9 kB at 121 kB/s)
FIPS IT (strict)	UNKNOWN STEP	2025-11-12T12:49:21.2195504Z Downloading from jboss-public-repository: https://repository.jboss.org/nexus/content/groups/public/org/apache/maven/plugin-testing/maven-plugin-testing/3.3.0/maven-plugin-testing-3.3.0.pom
FIPS IT (strict)	UNKNOWN STEP	2025-11-12T12:49:21.4152486Z Downloading from central: https://repo.maven.apache.org/maven2/org/apache/maven/plugin-testing/maven-plugin-testing/3.3.0/maven-plugin-testing-3.3.0.pom
FIPS IT (strict)	UNKNOWN STEP	2025-11-12T12:49:21.4346771Z Progress (1): 763 B
FIPS IT (strict)	UNKNOWN STEP	2025-11-12T12:49:21.4347307Z Progress (1): 2.3 kB
FIPS IT (strict)	UNKNOWN STEP	2025-11-12T12:49:21.4349704Z Progress (1): 5.6 kB
FIPS IT (strict)	UNKNOWN STEP	2025-11-12T12:49:21.4350081Z Progress (1): 7.2 kB
FIPS IT (strict)	UNKNOWN STEP	2025-11-12T12:49:21.4356500Z Progress (1): 11 kB 
FIPS IT (strict)	UNKNOWN STEP	2025-11-12T12:49:21.4356881Z                    
FIPS IT (strict)	UNKNOWN STEP	2025-11-12T12:49:21.4358239Z Downloaded from central: https://repo.maven.apache.org/maven2/org/apache/maven/plugin-testing/maven-plugin-testing/3.3.0/maven-plugin-testing-3.3.0.pom (11 kB at 506 kB/s)
FIPS IT (strict)	UNKNOWN STEP	2025-11-12T12:49:21.4389798Z Downloading from jboss-public-repository: https://repository.jboss.org/nexus/content/groups/public/org/codehaus/plexus/plexus-archiver/2.2/plexus-archiver-2.2.pom
FIPS IT (strict)	UNKNOWN STEP	2025-11-12T12:49:22.2578551Z Downloading from central: https://repo.maven.apache.org/maven2/org/codehaus/plexus/plexus-archiver/2.2/plexus-archiver-2.2.pom
FIPS IT (strict)	UNKNOWN STEP	2025-11-12T12:49:22.2805242Z Progress (1): 1.2 kB
FIPS IT (strict)	UNKNOWN STEP	2025-11-12T12:49:22.2813735Z Progress (1): 3.2 kB
FIPS IT (strict)	UNKNOWN STEP	2025-11-12T12:49:22.2814210Z                     
FIPS IT (strict)	UNKNOWN STEP	2025-11-12T12:49:22.2815636Z Downloaded from central: https://repo.maven.apache.org/maven2/org/codehaus/plexus/plexus-archiver/2.2/plexus-archiver-2.2.pom (3.2 kB at 134 kB/s)
FIPS IT (strict)	UNKNOWN STEP	2025-11-12T12:49:22.2832089Z Downloading from jboss-public-repository: https://repository.jboss.org/nexus/content/groups/public/org/codehaus/plexus/plexus-components/1.1.20/plexus-components-1.1.20.pom
FIPS IT (strict)	UNKNOWN STEP	2025-11-12T12:49:22.4020949Z Downloading from central: https://repo.maven.apache.org/maven2/org/codehaus/plexus/plexus-components/1.1.20/plexus-components-1.1.20.pom
FIPS IT (strict)	UNKNOWN STEP	2025-11-12T12:49:22.4272736Z Progress (1): 1.3 kB
FIPS IT (strict)	UNKNOWN STEP	2025-11-12T12:49:22.4278823Z Progress (1): 3.0 kB
FIPS IT (strict)	UNKNOWN STEP	2025-11-12T12:49:22.4279548Z                     
FIPS IT (strict)	UNKNOWN STEP	2025-11-12T12:49:22.4280987Z Downloaded from central: https://repo.maven.apache.org/maven2/org/codehaus/plexus/plexus-components/1.1.20/plexus-components-1.1.20.pom (3.0 kB at 116 kB/s)
FIPS IT (strict)	UNKNOWN STEP	2025-11-12T12:49:22.4311367Z Downloading from jboss-public-repository: https://repository.jboss.org/nexus/content/groups/public/org/codehaus/plexus/plexus-utils/3.0.7/plexus-utils-3.0.7.pom
FIPS IT (strict)	UNKNOWN STEP	2025-11-12T12:49:22.5561924Z Downloading from central: https://repo.maven.apache.org/maven2/org/codehaus/plexus/plexus-utils/3.0.7/plexus-utils-3.0.7.pom
FIPS IT (strict)	UNKNOWN STEP	2025-11-12T12:49:22.5772826Z Progress (1): 819 B
FIPS IT (strict)	UNKNOWN STEP	2025-11-12T12:49:22.5773502Z Progress (1): 2.3 kB
FIPS IT (strict)	UNKNOWN STEP	2025-11-12T12:49:22.5779995Z Progress (1): 2.5 kB
FIPS IT (strict)	UNKNOWN STEP	2025-11-12T12:49:22.5780420Z                     
FIPS IT (strict)	UNKNOWN STEP	2025-11-12T12:49:22.5781477Z Downloaded from central: https://repo.maven.apache.org/maven2/org/codehaus/plexus/plexus-utils/3.0.7/plexus-utils-3.0.7.pom (2.5 kB at 114 kB/s)
FIPS IT (strict)	UNKNOWN STEP	2025-11-12T12:49:22.5802640Z Downloading from jboss-public-repository: https://repository.jboss.org/nexus/content/groups/public/org/codehaus/plexus/plexus-io/2.0.4/plexus-io-2.0.4.pom
FIPS IT (strict)	UNKNOWN STEP	2025-11-12T12:49:22.7031433Z Downloading from central: https://repo.maven.apache.org/maven2/org/codehaus/plexus/plexus-io/2.0.4/plexus-io-2.0.4.pom
FIPS IT (strict)	UNKNOWN STEP	2025-11-12T12:49:22.7239324Z Progress (1): 1.4 kB
FIPS IT (strict)	UNKNOWN STEP	2025-11-12T12:49:22.7246544Z Progress (1): 1.7 kB
FIPS IT (strict)	UNKNOWN STEP	2025-11-12T12:49:22.7246958Z                     
FIPS IT (strict)	UNKNOWN STEP	2025-11-12T12:49:22.7248037Z Downloaded from central: https://repo.maven.apache.org/maven2/org/codehaus/plexus/plexus-io/2.0.4/plexus-io-2.0.4.pom (1.7 kB at 79 kB/s)
FIPS IT (strict)	UNKNOWN STEP	2025-11-12T12:49:22.7262012Z Downloading from jboss-public-repository: https://repository.jboss.org/nexus/content/groups/public/org/codehaus/plexus/plexus-components/1.1.19/plexus-components-1.1.19.pom
FIPS IT (strict)	UNKNOWN STEP	2025-11-12T12:49:22.8531112Z Downloading from central: https://repo.maven.apache.org/maven2/org/codehaus/plexus/plexus-components/1.1.19/plexus-components-1.1.19.pom
FIPS IT (strict)	UNKNOWN STEP	2025-11-12T12:49:22.8734985Z Progress (1): 1.3 kB
FIPS IT (strict)	UNKNOWN STEP	2025-11-12T12:49:22.8741809Z Progress (1): 2.7 kB
FIPS IT (strict)	UNKNOWN STEP	2025-11-12T12:49:22.8742221Z                     
FIPS IT (strict)	UNKNOWN STEP	2025-11-12T12:49:22.8743107Z Downloaded from central: https://repo.maven.apache.org/maven2/org/codehaus/plexus/plexus-components/1.1.19/plexus-components-1.1.19.pom (2.7 kB at 123 kB/s)
FIPS IT (strict)	UNKNOWN STEP	2025-11-12T12:49:22.8765104Z Downloading from jboss-public-repository: https://repository.jboss.org/nexus/content/groups/public/org/codehaus/plexus/plexus-utils/3.0/plexus-utils-3.0.pom
FIPS IT (strict)	UNKNOWN STEP	2025-11-12T12:49:22.9954967Z Downloading from central: https://repo.maven.apache.org/maven2/org/codehaus/plexus/plexus-utils/3.0/plexus-utils-3.0.pom
FIPS IT (strict)	UNKNOWN STEP	2025-11-12T12:49:23.0184862Z Progress (1): 801 B
FIPS IT (strict)	UNKNOWN STEP	2025-11-12T12:49:23.0185270Z Progress (1): 2.3 kB
FIPS IT (strict)	UNKNOWN STEP	2025-11-12T12:49:23.0191395Z Progress (1): 4.1 kB
FIPS IT (strict)	UNKNOWN STEP	2025-11-12T12:49:23.0191884Z                     
FIPS IT (strict)	UNKNOWN STEP	2025-11-12T12:49:23.0192625Z Downloaded from central: https://repo.maven.apache.org/maven2/org/codehaus/plexus/plexus-utils/3.0/plexus-utils-3.0.pom (4.1 kB at 169 kB/s)
FIPS IT (strict)	UNKNOWN STEP	2025-11-12T12:49:23.0214466Z Downloading from jboss-public-repository: https://repository.jboss.org/nexus/content/groups/public/org/apache/maven/plugin-tools/maven-plugin-annotations/3.5/maven-plugin-annotations-3.5.pom
FIPS IT (strict)	UNKNOWN STEP	2025-11-12T12:49:23.1535149Z Downloading from central: https://repo.maven.apache.org/maven2/org/apache/maven/plugin-tools/maven-plugin-annotations/3.5/maven-plugin-annotations-3.5.pom
FIPS IT (strict)	UNKNOWN STEP	2025-11-12T12:49:23.1778969Z Progress (1): 859 B
FIPS IT (strict)	UNKNOWN STEP	2025-11-12T12:49:23.1786667Z Progress (1): 1.7 kB
FIPS IT (strict)	UNKNOWN STEP	2025-11-12T12:49:23.1787056Z                     
FIPS IT (strict)	UNKNOWN STEP	2025-11-12T12:49:23.1789301Z Downloaded from central: https://repo.maven.apache.org/maven2/org/apache/maven/plugin-tools/maven-plugin-annotations/3.5/maven-plugin-annotations-3.5.pom (1.7 kB at 67 kB/s)
FIPS IT (strict)	UNKNOWN STEP	2025-11-12T12:49:23.1804898Z Downloading from jboss-public-repository: https://repository.jboss.org/nexus/content/groups/public/org/apache/maven/plugin-tools/maven-plugin-tools/3.5/maven-plugin-tools-3.5.pom
FIPS IT (strict)	UNKNOWN STEP	2025-11-12T12:49:23.2906713Z Downloading from central: https://repo.maven.apache.org/maven2/org/apache/maven/plugin-tools/maven-plugin-tools/3.5/maven-plugin-tools-3.5.pom
FIPS IT (strict)	UNKNOWN STEP	2025-11-12T12:49:23.3132626Z Progress (1): 805 B
FIPS IT (strict)	UNKNOWN STEP	2025-11-12T12:49:23.3133210Z Progress (1): 2.3 kB
FIPS IT (strict)	UNKNOWN STEP	2025-11-12T12:49:23.3133613Z Progress (1): 5.4 kB
FIPS IT (strict)	UNKNOWN STEP	2025-11-12T12:49:23.3133975Z Progress (1): 10 kB 
FIPS IT (strict)	UNKNOWN STEP	2025-11-12T12:49:23.3134336Z Progress (1): 14 kB
FIPS IT (strict)	UNKNOWN STEP	2025-11-12T12:49:23.3142324Z Progress (1): 16 kB
FIPS IT (strict)	UNKNOWN STEP	2025-11-12T12:49:23.3143033Z                    
FIPS IT (strict)	UNKNOWN STEP	2025-11-12T12:49:23.3144472Z Downloaded from central: https://repo.maven.apache.org/maven2/org/apache/maven/plugin-tools/maven-plugin-tools/3.5/maven-plugin-tools-3.5.pom (16 kB at 675 kB/s)
FIPS IT (strict)	UNKNOWN STEP	2025-11-12T12:49:23.3198071Z [INFO] ------------------------------------------------------------------------
FIPS IT (strict)	UNKNOWN STEP	2025-11-12T12:49:23.3202387Z [INFO] Reactor Summary for Distribution Parent 999.0.0-SNAPSHOT:
FIPS IT (strict)	UNKNOWN STEP	2025-11-12T12:49:23.3203462Z [INFO] 
FIPS IT (strict)	UNKNOWN STEP	2025-11-12T12:49:23.3207691Z [INFO] Distribution Parent ................................ SUCCESS [  0.743 s]
FIPS IT (strict)	UNKNOWN STEP	2025-11-12T12:49:23.3208651Z [INFO] Galleon Feature Pack Builds ........................ SUCCESS [  0.018 s]
FIPS IT (strict)	UNKNOWN STEP	2025-11-12T12:49:23.3209564Z [INFO] Keycloak Galleon Feature Pack: SAML Adapter ........ FAILURE [01:20 min]
FIPS IT (strict)	UNKNOWN STEP	2025-11-12T12:49:23.3210413Z [INFO] Keycloak Distribution Licenses Common .............. SKIPPED
FIPS IT (strict)	UNKNOWN STEP	2025-11-12T12:49:23.3211199Z [INFO] Keycloak Distribution Maven Plugins Parent ......... SKIPPED
FIPS IT (strict)	UNKNOWN STEP	2025-11-12T12:49:23.3211979Z [INFO] Keycloak Licenses Processor Maven Plugin ........... SKIPPED
FIPS IT (strict)	UNKNOWN STEP	2025-11-12T12:49:23.3212707Z [INFO] Keycloak SAML Wildfly Modules ...................... SKIPPED
FIPS IT (strict)	UNKNOWN STEP	2025-11-12T12:49:23.3213402Z [INFO] Keycloak SAML Wildfly Adapter Distro ............... SKIPPED
FIPS IT (strict)	UNKNOWN STEP	2025-11-12T12:49:23.3214121Z [INFO] Keycloak Wildfly SAML Adapter ...................... SKIPPED
FIPS IT (strict)	UNKNOWN STEP	2025-11-12T12:49:23.3214841Z [INFO] SAML Adapters Distribution Parent .................. SKIPPED
FIPS IT (strict)	UNKNOWN STEP	2025-11-12T12:49:23.3215685Z [INFO] Keycloak Galleon Feature Pack: SAML Adapter Layer Metadata Tests SKIPPED
FIPS IT (strict)	UNKNOWN STEP	2025-11-12T12:49:23.3216497Z [INFO] ------------------------------------------------------------------------
FIPS IT (strict)	UNKNOWN STEP	2025-11-12T12:49:23.3217089Z [INFO] BUILD FAILURE
FIPS IT (strict)	UNKNOWN STEP	2025-11-12T12:49:23.3217787Z [INFO] ------------------------------------------------------------------------
FIPS IT (strict)	UNKNOWN STEP	2025-11-12T12:49:23.3218388Z [INFO] Total time:  01:21 min
FIPS IT (strict)	UNKNOWN STEP	2025-11-12T12:49:23.3229326Z [INFO] Finished at: 2025-11-12T12:49:23Z
FIPS IT (strict)	UNKNOWN STEP	2025-11-12T12:49:23.3235696Z [INFO] ------------------------------------------------------------------------
FIPS IT (strict)	UNKNOWN STEP	2025-11-12T12:49:23.3238579Z [ERROR] Failed to execute goal org.wildfly.maven.plugins:licenses-plugin:2.3.1.Final:insert-versions (update-licenses-xml) on project keycloak-saml-adapter-galleon-pack: Execution update-licenses-xml of goal org.wildfly.maven.plugins:licenses-plugin:2.3.1.Final:insert-versions failed: Plugin org.wildfly.maven.plugins:licenses-plugin:2.3.1.Final or one of its dependencies could not be resolved:
FIPS IT (strict)	UNKNOWN STEP	2025-11-12T12:49:23.3241508Z [ERROR] 	Failed to read artifact descriptor for org.eclipse.sisu:org.eclipse.sisu.plexus:jar:0.3.0
FIPS IT (strict)	UNKNOWN STEP	2025-11-12T12:49:23.3242546Z [ERROR] 
FIPS IT (strict)	UNKNOWN STEP	2025-11-12T12:49:23.3243077Z [ERROR] -> [Help 1]
FIPS IT (strict)	UNKNOWN STEP	2025-11-12T12:49:23.3243620Z [ERROR] 
FIPS IT (strict)	UNKNOWN STEP	2025-11-12T12:49:23.3244295Z [ERROR] To see the full stack trace of the errors, re-run Maven with the -e switch.
FIPS IT (strict)	UNKNOWN STEP	2025-11-12T12:49:23.3245294Z [ERROR] Re-run Maven using the -X switch to enable full debug logging.
FIPS IT (strict)	UNKNOWN STEP	2025-11-12T12:49:23.3246066Z [ERROR] 
FIPS IT (strict)	UNKNOWN STEP	2025-11-12T12:49:23.3246934Z [ERROR] For more information about the errors and possible solutions, please read the following articles:
FIPS IT (strict)	UNKNOWN STEP	2025-11-12T12:49:23.3248741Z [ERROR] [Help 1] http://cwiki.apache.org/confluence/display/MAVEN/PluginResolutionException
FIPS IT (strict)	UNKNOWN STEP	2025-11-12T12:49:23.3249658Z [ERROR] 
FIPS IT (strict)	UNKNOWN STEP	2025-11-12T12:49:23.3250400Z [ERROR] After correcting the problems, you can resume the build with the command
FIPS IT (strict)	UNKNOWN STEP	2025-11-12T12:49:23.3252037Z [ERROR]   mvn <args> -rf :keycloak-saml-adapter-galleon-pack
FIPS IT (strict)	UNKNOWN STEP	2025-11-12T12:49:23.3486911Z + '[' 1 -ne 0 ']'
FIPS IT (strict)	UNKNOWN STEP	2025-11-12T12:49:23.3487274Z + exit 1
FIPS IT (strict)	UNKNOWN STEP	2025-11-12T12:49:23.7348188Z ##[error]Process completed with exit code 1.
FIPS IT (strict)	UNKNOWN STEP	2025-11-12T12:49:23.7421152Z Post job cleanup.
FIPS IT (strict)	UNKNOWN STEP	2025-11-12T12:49:23.7465493Z Post job cleanup.
FIPS IT (strict)	UNKNOWN STEP	2025-11-12T12:49:23.9192959Z Post job cleanup.
FIPS IT (strict)	UNKNOWN STEP	2025-11-12T12:49:23.9964918Z [command]/usr/bin/git version
FIPS IT (strict)	UNKNOWN STEP	2025-11-12T12:49:24.0002101Z git version 2.51.2
FIPS IT (strict)	UNKNOWN STEP	2025-11-12T12:49:24.0071395Z Temporarily overriding HOME='/home/runner/work/_temp/a394c769-884f-4c2c-a025-5cb11e745d67' before making global git config changes
FIPS IT (strict)	UNKNOWN STEP	2025-11-12T12:49:24.0072730Z Adding repository directory to the temporary git global config as a safe directory
FIPS IT (strict)	UNKNOWN STEP	2025-11-12T12:49:24.0077142Z [command]/usr/bin/git config --global --add safe.directory /home/runner/work/keycloak/keycloak
FIPS IT (strict)	UNKNOWN STEP	2025-11-12T12:49:24.0112507Z [command]/usr/bin/git config --local --name-only --get-regexp core\.sshCommand
FIPS IT (strict)	UNKNOWN STEP	2025-11-12T12:49:24.0145696Z [command]/usr/bin/git submodule foreach --recursive sh -c "git config --local --name-only --get-regexp 'core\.sshCommand' && git config --local --unset-all 'core.sshCommand' || :"
FIPS IT (strict)	UNKNOWN STEP	2025-11-12T12:49:24.0398543Z [command]/usr/bin/git config --local --name-only --get-regexp http\.https\:\/\/github\.com\/\.extraheader
FIPS IT (strict)	UNKNOWN STEP	2025-11-12T12:49:24.0423703Z http.https://github.com/.extraheader
FIPS IT (strict)	UNKNOWN STEP	2025-11-12T12:49:24.0434398Z [command]/usr/bin/git config --local --unset-all http.https://github.com/.extraheader
FIPS IT (strict)	UNKNOWN STEP	2025-11-12T12:49:24.0465978Z [command]/usr/bin/git submodule foreach --recursive sh -c "git config --local --name-only --get-regexp 'http\.https\:\/\/github\.com\/\.extraheader' && git config --local --unset-all 'http.https://github.com/.extraheader' || :"
FIPS IT (strict)	UNKNOWN STEP	2025-11-12T12:49:24.0820523Z Cleaning up orphan processes
Status Check - Keycloak CI	UNKNOWN STEP	ï»¿2025-11-12T13:58:18.7174498Z Current runner version: '2.329.0'
Status Check - Keycloak CI	UNKNOWN STEP	2025-11-12T13:58:18.7196481Z ##[group]Runner Image Provisioner
Status Check - Keycloak CI	UNKNOWN STEP	2025-11-12T13:58:18.7197556Z Hosted Compute Agent
Status Check - Keycloak CI	UNKNOWN STEP	2025-11-12T13:58:18.7198164Z Version: 20251016.436
Status Check - Keycloak CI	UNKNOWN STEP	2025-11-12T13:58:18.7198759Z Commit: 8ab8ac8bfd662a3739dab9fe09456aba92132568
Status Check - Keycloak CI	UNKNOWN STEP	2025-11-12T13:58:18.7199517Z Build Date: 2025-10-15T20:44:12Z
Status Check - Keycloak CI	UNKNOWN STEP	2025-11-12T13:58:18.7200160Z ##[endgroup]
Status Check - Keycloak CI	UNKNOWN STEP	2025-11-12T13:58:18.7200705Z ##[group]Operating System
Status Check - Keycloak CI	UNKNOWN STEP	2025-11-12T13:58:18.7201311Z Ubuntu
Status Check - Keycloak CI	UNKNOWN STEP	2025-11-12T13:58:18.7201793Z 24.04.3
Status Check - Keycloak CI	UNKNOWN STEP	2025-11-12T13:58:18.7202278Z LTS
Status Check - Keycloak CI	UNKNOWN STEP	2025-11-12T13:58:18.7202707Z ##[endgroup]
Status Check - Keycloak CI	UNKNOWN STEP	2025-11-12T13:58:18.7203281Z ##[group]Runner Image
Status Check - Keycloak CI	UNKNOWN STEP	2025-11-12T13:58:18.7203823Z Image: ubuntu-24.04
Status Check - Keycloak CI	UNKNOWN STEP	2025-11-12T13:58:18.7204347Z Version: 20251102.99.1
Status Check - Keycloak CI	UNKNOWN STEP	2025-11-12T13:58:18.7205433Z Included Software: https://github.com/actions/runner-images/blob/ubuntu24/20251102.99/images/ubuntu/Ubuntu2404-Readme.md
Status Check - Keycloak CI	UNKNOWN STEP	2025-11-12T13:58:18.7206929Z Image Release: https://github.com/actions/runner-images/releases/tag/ubuntu24%2F20251102.99
Status Check - Keycloak CI	UNKNOWN STEP	2025-11-12T13:58:18.7208310Z ##[endgroup]
Status Check - Keycloak CI	UNKNOWN STEP	2025-11-12T13:58:18.7209343Z ##[group]GITHUB_TOKEN Permissions
Status Check - Keycloak CI	UNKNOWN STEP	2025-11-12T13:58:18.7211149Z Contents: read
Status Check - Keycloak CI	UNKNOWN STEP	2025-11-12T13:58:18.7211714Z Metadata: read
Status Check - Keycloak CI	UNKNOWN STEP	2025-11-12T13:58:18.7212210Z ##[endgroup]
Status Check - Keycloak CI	UNKNOWN STEP	2025-11-12T13:58:18.7214213Z Secret source: None
Status Check - Keycloak CI	UNKNOWN STEP	2025-11-12T13:58:18.7214893Z Prepare workflow directory
Status Check - Keycloak CI	UNKNOWN STEP	2025-11-12T13:58:18.7600345Z Prepare all required actions
Status Check - Keycloak CI	UNKNOWN STEP	2025-11-12T13:58:18.7639617Z Getting action download info
Status Check - Keycloak CI	UNKNOWN STEP	2025-11-12T13:58:19.2281421Z Download action repository 'actions/checkout@08c6903cd8c0fde910a37f88322edcfb5dd907a8' (SHA:08c6903cd8c0fde910a37f88322edcfb5dd907a8)
Status Check - Keycloak CI	UNKNOWN STEP	2025-11-12T13:58:19.3940572Z Complete job name: Status Check - Keycloak CI
Status Check - Keycloak CI	UNKNOWN STEP	2025-11-12T13:58:19.4580683Z ##[group]Run actions/checkout@08c6903cd8c0fde910a37f88322edcfb5dd907a8
Status Check - Keycloak CI	UNKNOWN STEP	2025-11-12T13:58:19.4581720Z with:
Status Check - Keycloak CI	UNKNOWN STEP	2025-11-12T13:58:19.4582142Z   repository: keycloak/keycloak
Status Check - Keycloak CI	UNKNOWN STEP	2025-11-12T13:58:19.4582805Z   token: ***
Status Check - Keycloak CI	UNKNOWN STEP	2025-11-12T13:58:19.4583219Z   ssh-strict: true
Status Check - Keycloak CI	UNKNOWN STEP	2025-11-12T13:58:19.4583637Z   ssh-user: git
Status Check - Keycloak CI	UNKNOWN STEP	2025-11-12T13:58:19.4584090Z   persist-credentials: true
Status Check - Keycloak CI	UNKNOWN STEP	2025-11-12T13:58:19.4584560Z   clean: true
Status Check - Keycloak CI	UNKNOWN STEP	2025-11-12T13:58:19.4584994Z   sparse-checkout-cone-mode: true
Status Check - Keycloak CI	UNKNOWN STEP	2025-11-12T13:58:19.4585497Z   fetch-depth: 1
Status Check - Keycloak CI	UNKNOWN STEP	2025-11-12T13:58:19.4585917Z   fetch-tags: false
Status Check - Keycloak CI	UNKNOWN STEP	2025-11-12T13:58:19.4586340Z   show-progress: true
Status Check - Keycloak CI	UNKNOWN STEP	2025-11-12T13:58:19.4586772Z   lfs: false
Status Check - Keycloak CI	UNKNOWN STEP	2025-11-12T13:58:19.4587325Z   submodules: false
Status Check - Keycloak CI	UNKNOWN STEP	2025-11-12T13:58:19.4587760Z   set-safe-directory: true
Status Check - Keycloak CI	UNKNOWN STEP	2025-11-12T13:58:19.4588453Z env:
Status Check - Keycloak CI	UNKNOWN STEP	2025-11-12T13:58:19.4589188Z   MAVEN_ARGS: -B -nsu -Daether.connector.http.connectionMaxTtl=25
Status Check - Keycloak CI	UNKNOWN STEP	2025-11-12T13:58:19.4590350Z   SUREFIRE_RERUN_FAILING_COUNT: 2
Status Check - Keycloak CI	UNKNOWN STEP	2025-11-12T13:58:19.4591134Z   SUREFIRE_RETRY: -Dsurefire.rerunFailingTestsCount=2
Status Check - Keycloak CI	UNKNOWN STEP	2025-11-12T13:58:19.4591737Z ##[endgroup]
Status Check - Keycloak CI	UNKNOWN STEP	2025-11-12T13:58:19.5516998Z Syncing repository: keycloak/keycloak
Status Check - Keycloak CI	UNKNOWN STEP	2025-11-12T13:58:19.5519095Z ##[group]Getting Git version info
Status Check - Keycloak CI	UNKNOWN STEP	2025-11-12T13:58:19.5519815Z Working directory is '/home/runner/work/keycloak/keycloak'
Status Check - Keycloak CI	UNKNOWN STEP	2025-11-12T13:58:19.5520824Z [command]/usr/bin/git version
Status Check - Keycloak CI	UNKNOWN STEP	2025-11-12T13:58:19.5562789Z git version 2.51.2
Status Check - Keycloak CI	UNKNOWN STEP	2025-11-12T13:58:19.5615238Z ##[endgroup]
Status Check - Keycloak CI	UNKNOWN STEP	2025-11-12T13:58:19.5630933Z Temporarily overriding HOME='/home/runner/work/_temp/12d9765e-75ca-40cc-9648-6ce2575bf0e3' before making global git config changes
Status Check - Keycloak CI	UNKNOWN STEP	2025-11-12T13:58:19.5633297Z Adding repository directory to the temporary git global config as a safe directory
Status Check - Keycloak CI	UNKNOWN STEP	2025-11-12T13:58:19.5636239Z [command]/usr/bin/git config --global --add safe.directory /home/runner/work/keycloak/keycloak
Status Check - Keycloak CI	UNKNOWN STEP	2025-11-12T13:58:19.5673010Z Deleting the contents of '/home/runner/work/keycloak/keycloak'
Status Check - Keycloak CI	UNKNOWN STEP	2025-11-12T13:58:19.5676700Z ##[group]Initializing the repository
Status Check - Keycloak CI	UNKNOWN STEP	2025-11-12T13:58:19.5681567Z [command]/usr/bin/git init /home/runner/work/keycloak/keycloak
Status Check - Keycloak CI	UNKNOWN STEP	2025-11-12T13:58:19.5785576Z hint: Using 'master' as the name for the initial branch. This default branch name
Status Check - Keycloak CI	UNKNOWN STEP	2025-11-12T13:58:19.5787041Z hint: is subject to change. To configure the initial branch name to use in all
Status Check - Keycloak CI	UNKNOWN STEP	2025-11-12T13:58:19.5788203Z hint: of your new repositories, which will suppress this warning, call:
Status Check - Keycloak CI	UNKNOWN STEP	2025-11-12T13:58:19.5789639Z hint:
Status Check - Keycloak CI	UNKNOWN STEP	2025-11-12T13:58:19.5790168Z hint: 	git config --global init.defaultBranch <name>
Status Check - Keycloak CI	UNKNOWN STEP	2025-11-12T13:58:19.5791145Z hint:
Status Check - Keycloak CI	UNKNOWN STEP	2025-11-12T13:58:19.5792144Z hint: Names commonly chosen instead of 'master' are 'main', 'trunk' and
Status Check - Keycloak CI	UNKNOWN STEP	2025-11-12T13:58:19.5793796Z hint: 'development'. The just-created branch can be renamed via this command:
Status Check - Keycloak CI	UNKNOWN STEP	2025-11-12T13:58:19.5795083Z hint:
Status Check - Keycloak CI	UNKNOWN STEP	2025-11-12T13:58:19.5795825Z hint: 	git branch -m <name>
Status Check - Keycloak CI	UNKNOWN STEP	2025-11-12T13:58:19.5796581Z hint:
Status Check - Keycloak CI	UNKNOWN STEP	2025-11-12T13:58:19.5797792Z hint: Disable this message with "git config set advice.defaultBranchName false"
Status Check - Keycloak CI	UNKNOWN STEP	2025-11-12T13:58:19.5799523Z Initialized empty Git repository in /home/runner/work/keycloak/keycloak/.git/
Status Check - Keycloak CI	UNKNOWN STEP	2025-11-12T13:58:19.5802301Z [command]/usr/bin/git remote add origin https://github.com/keycloak/keycloak
Status Check - Keycloak CI	UNKNOWN STEP	2025-11-12T13:58:19.5836280Z ##[endgroup]
Status Check - Keycloak CI	UNKNOWN STEP	2025-11-12T13:58:19.5837682Z ##[group]Disabling automatic garbage collection
Status Check - Keycloak CI	UNKNOWN STEP	2025-11-12T13:58:19.5840886Z [command]/usr/bin/git config --local gc.auto 0
Status Check - Keycloak CI	UNKNOWN STEP	2025-11-12T13:58:19.5869231Z ##[endgroup]
Status Check - Keycloak CI	UNKNOWN STEP	2025-11-12T13:58:19.5870441Z ##[group]Setting up auth
Status Check - Keycloak CI	UNKNOWN STEP	2025-11-12T13:58:19.5876192Z [command]/usr/bin/git config --local --name-only --get-regexp core\.sshCommand
Status Check - Keycloak CI	UNKNOWN STEP	2025-11-12T13:58:19.5906867Z [command]/usr/bin/git submodule foreach --recursive sh -c "git config --local --name-only --get-regexp 'core\.sshCommand' && git config --local --unset-all 'core.sshCommand' || :"
Status Check - Keycloak CI	UNKNOWN STEP	2025-11-12T13:58:19.6220830Z [command]/usr/bin/git config --local --name-only --get-regexp http\.https\:\/\/github\.com\/\.extraheader
Status Check - Keycloak CI	UNKNOWN STEP	2025-11-12T13:58:19.6252508Z [command]/usr/bin/git submodule foreach --recursive sh -c "git config --local --name-only --get-regexp 'http\.https\:\/\/github\.com\/\.extraheader' && git config --local --unset-all 'http.https://github.com/.extraheader' || :"
Status Check - Keycloak CI	UNKNOWN STEP	2025-11-12T13:58:19.6470644Z [command]/usr/bin/git config --local http.https://github.com/.extraheader AUTHORIZATION: basic ***
Status Check - Keycloak CI	UNKNOWN STEP	2025-11-12T13:58:19.6503758Z ##[endgroup]
Status Check - Keycloak CI	UNKNOWN STEP	2025-11-12T13:58:19.6504514Z ##[group]Fetching the repository
Status Check - Keycloak CI	UNKNOWN STEP	2025-11-12T13:58:19.6513335Z [command]/usr/bin/git -c protocol.version=2 fetch --no-tags --prune --no-recurse-submodules --depth=1 origin +ccb700f55947f6093d93061e862f56e05b87aa42:refs/remotes/pull/44167/merge
Status Check - Keycloak CI	UNKNOWN STEP	2025-11-12T13:58:22.1022886Z From https://github.com/keycloak/keycloak
Status Check - Keycloak CI	UNKNOWN STEP	2025-11-12T13:58:22.1026759Z  * [new ref]         ccb700f55947f6093d93061e862f56e05b87aa42 -> pull/44167/merge
Status Check - Keycloak CI	UNKNOWN STEP	2025-11-12T13:58:22.1053174Z ##[endgroup]
Status Check - Keycloak CI	UNKNOWN STEP	2025-11-12T13:58:22.1054215Z ##[group]Determining the checkout info
Status Check - Keycloak CI	UNKNOWN STEP	2025-11-12T13:58:22.1056029Z ##[endgroup]
Status Check - Keycloak CI	UNKNOWN STEP	2025-11-12T13:58:22.1060794Z [command]/usr/bin/git sparse-checkout disable
Status Check - Keycloak CI	UNKNOWN STEP	2025-11-12T13:58:22.1101783Z [command]/usr/bin/git config --local --unset-all extensions.worktreeConfig
Status Check - Keycloak CI	UNKNOWN STEP	2025-11-12T13:58:22.1129381Z ##[group]Checking out the ref
Status Check - Keycloak CI	UNKNOWN STEP	2025-11-12T13:58:22.1133264Z [command]/usr/bin/git checkout --progress --force refs/remotes/pull/44167/merge
Status Check - Keycloak CI	UNKNOWN STEP	2025-11-12T13:58:22.9426180Z Note: switching to 'refs/remotes/pull/44167/merge'.
Status Check - Keycloak CI	UNKNOWN STEP	2025-11-12T13:58:22.9426835Z 
Status Check - Keycloak CI	UNKNOWN STEP	2025-11-12T13:58:22.9427511Z You are in 'detached HEAD' state. You can look around, make experimental
Status Check - Keycloak CI	UNKNOWN STEP	2025-11-12T13:58:22.9428545Z changes and commit them, and you can discard any commits you make in this
Status Check - Keycloak CI	UNKNOWN STEP	2025-11-12T13:58:22.9429494Z state without impacting any branches by switching back to a branch.
Status Check - Keycloak CI	UNKNOWN STEP	2025-11-12T13:58:22.9430208Z 
Status Check - Keycloak CI	UNKNOWN STEP	2025-11-12T13:58:22.9430590Z If you want to create a new branch to retain commits you create, you may
Status Check - Keycloak CI	UNKNOWN STEP	2025-11-12T13:58:22.9431362Z do so (now or later) by using -c with the switch command. Example:
Status Check - Keycloak CI	UNKNOWN STEP	2025-11-12T13:58:22.9431864Z 
Status Check - Keycloak CI	UNKNOWN STEP	2025-11-12T13:58:22.9432021Z   git switch -c <new-branch-name>
Status Check - Keycloak CI	UNKNOWN STEP	2025-11-12T13:58:22.9432269Z 
Status Check - Keycloak CI	UNKNOWN STEP	2025-11-12T13:58:22.9432444Z Or undo this operation with:
Status Check - Keycloak CI	UNKNOWN STEP	2025-11-12T13:58:22.9432666Z 
Status Check - Keycloak CI	UNKNOWN STEP	2025-11-12T13:58:22.9432794Z   git switch -
Status Check - Keycloak CI	UNKNOWN STEP	2025-11-12T13:58:22.9432983Z 
Status Check - Keycloak CI	UNKNOWN STEP	2025-11-12T13:58:22.9433262Z Turn off this advice by setting config variable advice.detachedHead to false
Status Check - Keycloak CI	UNKNOWN STEP	2025-11-12T13:58:22.9433629Z 
Status Check - Keycloak CI	UNKNOWN STEP	2025-11-12T13:58:22.9434039Z HEAD is now at ccb700f Merge d348570978c8c80616c19af0e20f25f36cb24a82 into 2a196cb3736728a019d3093f9b432825fba438ca
Status Check - Keycloak CI	UNKNOWN STEP	2025-11-12T13:58:22.9459009Z ##[endgroup]
Status Check - Keycloak CI	UNKNOWN STEP	2025-11-12T13:58:22.9497764Z [command]/usr/bin/git log -1 --format=%H
Status Check - Keycloak CI	UNKNOWN STEP	2025-11-12T13:58:22.9520255Z ccb700f55947f6093d93061e862f56e05b87aa42
Status Check - Keycloak CI	UNKNOWN STEP	2025-11-12T13:58:22.9755391Z Prepare all required actions
Status Check - Keycloak CI	UNKNOWN STEP	2025-11-12T13:58:22.9826662Z ##[group]Run ./.github/actions/status-check
Status Check - Keycloak CI	UNKNOWN STEP	2025-11-12T13:58:22.9827006Z with:
Status Check - Keycloak CI	UNKNOWN STEP	2025-11-12T13:58:22.9831708Z   jobs: {
Status Check - Keycloak CI	UNKNOWN STEP	  "conditional": {
Status Check - Keycloak CI	UNKNOWN STEP	    "result": "success",
Status Check - Keycloak CI	UNKNOWN STEP	    "outputs": {
Status Check - Keycloak CI	UNKNOWN STEP	      "ci": "true",
Status Check - Keycloak CI	UNKNOWN STEP	      "ci-quarkus": "false",
Status Check - Keycloak CI	UNKNOWN STEP	      "ci-sssd": "false",
Status Check - Keycloak CI	UNKNOWN STEP	      "ci-webauthn": "true",
Status Check - Keycloak CI	UNKNOWN STEP	      "ci-compatibility-matrix": "skip",
Status Check - Keycloak CI	UNKNOWN STEP	      "ci-additional-dbs": "false",
Status Check - Keycloak CI	UNKNOWN STEP	      "ci-admin-v2": "false",
Status Check - Keycloak CI	UNKNOWN STEP	      "ci-store": "true",
Status Check - Keycloak CI	UNKNOWN STEP	      "ci-aurora": "false"
Status Check - Keycloak CI	UNKNOWN STEP	    }
Status Check - Keycloak CI	UNKNOWN STEP	  },
Status Check - Keycloak CI	UNKNOWN STEP	  "build": {
Status Check - Keycloak CI	UNKNOWN STEP	    "result": "success",
Status Check - Keycloak CI	UNKNOWN STEP	    "outputs": {}
Status Check - Keycloak CI	UNKNOWN STEP	  },
Status Check - Keycloak CI	UNKNOWN STEP	  "unit-tests": {
Status Check - Keycloak CI	UNKNOWN STEP	    "result": "success",
Status Check - Keycloak CI	UNKNOWN STEP	    "outputs": {}
Status Check - Keycloak CI	UNKNOWN STEP	  },
Status Check - Keycloak CI	UNKNOWN STEP	  "base-integration-tests": {
Status Check - Keycloak CI	UNKNOWN STEP	    "result": "success",
Status Check - Keycloak CI	UNKNOWN STEP	    "outputs": {}
Status Check - Keycloak CI	UNKNOWN STEP	  },
Status Check - Keycloak CI	UNKNOWN STEP	  "adapter-integration-tests": {
Status Check - Keycloak CI	UNKNOWN STEP	    "result": "success",
Status Check - Keycloak CI	UNKNOWN STEP	    "outputs": {}
Status Check - Keycloak CI	UNKNOWN STEP	  },
Status Check - Keycloak CI	UNKNOWN STEP	  "adapter-integration-tests-strict-cookies": {
Status Check - Keycloak CI	UNKNOWN STEP	    "result": "success",
Status Check - Keycloak CI	UNKNOWN STEP	    "outputs": {}
Status Check - Keycloak CI	UNKNOWN STEP	  },
Status Check - Keycloak CI	UNKNOWN STEP	  "quarkus-unit-tests": {
Status Check - Keycloak CI	UNKNOWN STEP	    "result": "skipped",
Status Check - Keycloak CI	UNKNOWN STEP	    "outputs": {}
Status Check - Keycloak CI	UNKNOWN STEP	  },
Status Check - Keycloak CI	UNKNOWN STEP	  "quarkus-integration-tests": {
Status Check - Keycloak CI	UNKNOWN STEP	    "result": "success",
Status Check - Keycloak CI	UNKNOWN STEP	    "outputs": {}
Status Check - Keycloak CI	UNKNOWN STEP	  },
Status Check - Keycloak CI	UNKNOWN STEP	  "jdk-integration-tests": {
Status Check - Keycloak CI	UNKNOWN STEP	    "result": "success",
Status Check - Keycloak CI	UNKNOWN STEP	    "outputs": {}
Status Check - Keycloak CI	UNKNOWN STEP	  },
Status Check - Keycloak CI	UNKNOWN STEP	  "store-integration-tests": {
Status Check - Keycloak CI	UNKNOWN STEP	    "result": "success",
Status Check - Keycloak CI	UNKNOWN STEP	    "outputs": {}
Status Check - Keycloak CI	UNKNOWN STEP	  },
Status Check - Keycloak CI	UNKNOWN STEP	  "volatile-sessions-tests": {
Status Check - Keycloak CI	UNKNOWN STEP	    "result": "success",
Status Check - Keycloak CI	UNKNOWN STEP	    "outputs": {}
Status Check - Keycloak CI	UNKNOWN STEP	  },
Status Check - Keycloak CI	UNKNOWN STEP	  "store-model-tests": {
Status Check - Keycloak CI	UNKNOWN STEP	    "result": "success",
Status Check - Keycloak CI	UNKNOWN STEP	    "outputs": {}
Status Check - Keycloak CI	UNKNOWN STEP	  },
Status Check - Keycloak CI	UNKNOWN STEP	  "clustering-integration-tests": {
Status Check - Keycloak CI	UNKNOWN STEP	    "result": "success",
Status Check - Keycloak CI	UNKNOWN STEP	    "outputs": {}
Status Check - Keycloak CI	UNKNOWN STEP	  },
Status Check - Keycloak CI	UNKNOWN STEP	  "fips-unit-tests": {
Status Check - Keycloak CI	UNKNOWN STEP	    "result": "success",
Status Check - Keycloak CI	UNKNOWN STEP	    "outputs": {}
Status Check - Keycloak CI	UNKNOWN STEP	  },
Status Check - Keycloak CI	UNKNOWN STEP	  "fips-integration-tests": {
Status Check - Keycloak CI	UNKNOWN STEP	    "result": "failure",
Status Check - Keycloak CI	UNKNOWN STEP	    "outputs": {}
Status Check - Keycloak CI	UNKNOWN STEP	  },
Status Check - Keycloak CI	UNKNOWN STEP	  "forms-integration-tests": {
Status Check - Keycloak CI	UNKNOWN STEP	    "result": "success",
Status Check - Keycloak CI	UNKNOWN STEP	    "outputs": {}
Status Check - Keycloak CI	UNKNOWN STEP	  },
Status Check - Keycloak CI	UNKNOWN STEP	  "webauthn-integration-tests": {
Status Check - Keycloak CI	UNKNOWN STEP	    "result": "success",
Status Check - Keycloak CI	UNKNOWN STEP	    "outputs": {}
Status Check - Keycloak CI	UNKNOWN STEP	  },
Status Check - Keycloak CI	UNKNOWN STEP	  "sssd-unit-tests": {
Status Check - Keycloak CI	UNKNOWN STEP	    "result": "skipped",
Status Check - Keycloak CI	UNKNOWN STEP	    "outputs": {}
Status Check - Keycloak CI	UNKNOWN STEP	  },
Status Check - Keycloak CI	UNKNOWN STEP	  "migration-tests": {
Status Check - Keycloak CI	UNKNOWN STEP	    "result": "success",
Status Check - Keycloak CI	UNKNOWN STEP	    "outputs": {}
Status Check - Keycloak CI	UNKNOWN STEP	  },
Status Check - Keycloak CI	UNKNOWN STEP	  "external-infinispan-tests": {
Status Check - Keycloak CI	UNKNOWN STEP	    "result": "success",
Status Check - Keycloak CI	UNKNOWN STEP	    "outputs": {}
Status Check - Keycloak CI	UNKNOWN STEP	  },
Status Check - Keycloak CI	UNKNOWN STEP	  "test-framework": {
Status Check - Keycloak CI	UNKNOWN STEP	    "result": "success",
Status Check - Keycloak CI	UNKNOWN STEP	    "outputs": {}
Status Check - Keycloak CI	UNKNOWN STEP	  },
Status Check - Keycloak CI	UNKNOWN STEP	  "base-new-integration-tests": {
Status Check - Keycloak CI	UNKNOWN STEP	    "result": "success",
Status Check - Keycloak CI	UNKNOWN STEP	    "outputs": {}
Status Check - Keycloak CI	UNKNOWN STEP	  },
Status Check - Keycloak CI	UNKNOWN STEP	  "mixed-cluster-compatibility-tests": {
Status Check - Keycloak CI	UNKNOWN STEP	    "result": "skipped",
Status Check - Keycloak CI	UNKNOWN STEP	    "outputs": {}
Status Check - Keycloak CI	UNKNOWN STEP	  },
Status Check - Keycloak CI	UNKNOWN STEP	  "admin-v2-tests": {
Status Check - Keycloak CI	UNKNOWN STEP	    "result": "skipped",
Status Check - Keycloak CI	UNKNOWN STEP	    "outputs": {}
Status Check - Keycloak CI	UNKNOWN STEP	  }
Status Check - Keycloak CI	UNKNOWN STEP	}
Status Check - Keycloak CI	UNKNOWN STEP	2025-11-12T13:58:22.9836478Z env:
Status Check - Keycloak CI	UNKNOWN STEP	2025-11-12T13:58:22.9836803Z   MAVEN_ARGS: -B -nsu -Daether.connector.http.connectionMaxTtl=25
Status Check - Keycloak CI	UNKNOWN STEP	2025-11-12T13:58:22.9837467Z   SUREFIRE_RERUN_FAILING_COUNT: 2
Status Check - Keycloak CI	UNKNOWN STEP	2025-11-12T13:58:22.9837864Z   SUREFIRE_RETRY: -Dsurefire.rerunFailingTestsCount=2
Status Check - Keycloak CI	UNKNOWN STEP	2025-11-12T13:58:22.9838195Z ##[endgroup]
Status Check - Keycloak CI	UNKNOWN STEP	2025-11-12T13:58:22.9935294Z ##[group]Run JOBS='{
Status Check - Keycloak CI	UNKNOWN STEP	2025-11-12T13:58:22.9935668Z [36;1mJOBS='{[0m
Status Check - Keycloak CI	UNKNOWN STEP	2025-11-12T13:58:22.9935917Z [36;1m  "conditional": {[0m
Status Check - Keycloak CI	UNKNOWN STEP	2025-11-12T13:58:22.9936239Z [36;1m    "result": "success",[0m
Status Check - Keycloak CI	UNKNOWN STEP	2025-11-12T13:58:22.9936562Z [36;1m    "outputs": {[0m
Status Check - Keycloak CI	UNKNOWN STEP	2025-11-12T13:58:22.9936805Z [36;1m      "ci": "true",[0m
Status Check - Keycloak CI	UNKNOWN STEP	2025-11-12T13:58:22.9937210Z [36;1m      "ci-quarkus": "false",[0m
Status Check - Keycloak CI	UNKNOWN STEP	2025-11-12T13:58:22.9937502Z [36;1m      "ci-sssd": "false",[0m
Status Check - Keycloak CI	UNKNOWN STEP	2025-11-12T13:58:22.9937782Z [36;1m      "ci-webauthn": "true",[0m
Status Check - Keycloak CI	UNKNOWN STEP	2025-11-12T13:58:22.9938105Z [36;1m      "ci-compatibility-matrix": "skip",[0m
Status Check - Keycloak CI	UNKNOWN STEP	2025-11-12T13:58:22.9938433Z [36;1m      "ci-additional-dbs": "false",[0m
Status Check - Keycloak CI	UNKNOWN STEP	2025-11-12T13:58:22.9938726Z [36;1m      "ci-admin-v2": "false",[0m
Status Check - Keycloak CI	UNKNOWN STEP	2025-11-12T13:58:22.9938995Z [36;1m      "ci-store": "true",[0m
Status Check - Keycloak CI	UNKNOWN STEP	2025-11-12T13:58:22.9939262Z [36;1m      "ci-aurora": "false"[0m
Status Check - Keycloak CI	UNKNOWN STEP	2025-11-12T13:58:22.9939519Z [36;1m    }[0m
Status Check - Keycloak CI	UNKNOWN STEP	2025-11-12T13:58:22.9939730Z [36;1m  },[0m
Status Check - Keycloak CI	UNKNOWN STEP	2025-11-12T13:58:22.9939936Z [36;1m  "build": {[0m
Status Check - Keycloak CI	UNKNOWN STEP	2025-11-12T13:58:22.9940173Z [36;1m    "result": "success",[0m
Status Check - Keycloak CI	UNKNOWN STEP	2025-11-12T13:58:22.9940437Z [36;1m    "outputs": {}[0m
Status Check - Keycloak CI	UNKNOWN STEP	2025-11-12T13:58:22.9940861Z [36;1m  },[0m
Status Check - Keycloak CI	UNKNOWN STEP	2025-11-12T13:58:22.9941082Z [36;1m  "unit-tests": {[0m
Status Check - Keycloak CI	UNKNOWN STEP	2025-11-12T13:58:22.9941333Z [36;1m    "result": "success",[0m
Status Check - Keycloak CI	UNKNOWN STEP	2025-11-12T13:58:22.9941600Z [36;1m    "outputs": {}[0m
Status Check - Keycloak CI	UNKNOWN STEP	2025-11-12T13:58:22.9941832Z [36;1m  },[0m
Status Check - Keycloak CI	UNKNOWN STEP	2025-11-12T13:58:22.9942222Z [36;1m  "base-integration-tests": {[0m
Status Check - Keycloak CI	UNKNOWN STEP	2025-11-12T13:58:22.9942516Z [36;1m    "result": "success",[0m
Status Check - Keycloak CI	UNKNOWN STEP	2025-11-12T13:58:22.9942779Z [36;1m    "outputs": {}[0m
Status Check - Keycloak CI	UNKNOWN STEP	2025-11-12T13:58:22.9943009Z [36;1m  },[0m
Status Check - Keycloak CI	UNKNOWN STEP	2025-11-12T13:58:22.9943245Z [36;1m  "adapter-integration-tests": {[0m
Status Check - Keycloak CI	UNKNOWN STEP	2025-11-12T13:58:22.9943532Z [36;1m    "result": "success",[0m
Status Check - Keycloak CI	UNKNOWN STEP	2025-11-12T13:58:22.9943794Z [36;1m    "outputs": {}[0m
Status Check - Keycloak CI	UNKNOWN STEP	2025-11-12T13:58:22.9944028Z [36;1m  },[0m
Status Check - Keycloak CI	UNKNOWN STEP	2025-11-12T13:58:22.9944300Z [36;1m  "adapter-integration-tests-strict-cookies": {[0m
Status Check - Keycloak CI	UNKNOWN STEP	2025-11-12T13:58:22.9944637Z [36;1m    "result": "success",[0m
Status Check - Keycloak CI	UNKNOWN STEP	2025-11-12T13:58:22.9944891Z [36;1m    "outputs": {}[0m
Status Check - Keycloak CI	UNKNOWN STEP	2025-11-12T13:58:22.9945121Z [36;1m  },[0m
Status Check - Keycloak CI	UNKNOWN STEP	2025-11-12T13:58:22.9945333Z [36;1m  "quarkus-unit-tests": {[0m
Status Check - Keycloak CI	UNKNOWN STEP	2025-11-12T13:58:22.9945616Z [36;1m    "result": "skipped",[0m
Status Check - Keycloak CI	UNKNOWN STEP	2025-11-12T13:58:22.9945866Z [36;1m    "outputs": {}[0m
Status Check - Keycloak CI	UNKNOWN STEP	2025-11-12T13:58:22.9946098Z [36;1m  },[0m
Status Check - Keycloak CI	UNKNOWN STEP	2025-11-12T13:58:22.9946327Z [36;1m  "quarkus-integration-tests": {[0m
Status Check - Keycloak CI	UNKNOWN STEP	2025-11-12T13:58:22.9946640Z [36;1m    "result": "success",[0m
Status Check - Keycloak CI	UNKNOWN STEP	2025-11-12T13:58:22.9946954Z [36;1m    "outputs": {}[0m
Status Check - Keycloak CI	UNKNOWN STEP	2025-11-12T13:58:22.9947313Z [36;1m  },[0m
Status Check - Keycloak CI	UNKNOWN STEP	2025-11-12T13:58:22.9947537Z [36;1m  "jdk-integration-tests": {[0m
Status Check - Keycloak CI	UNKNOWN STEP	2025-11-12T13:58:22.9947816Z [36;1m    "result": "success",[0m
Status Check - Keycloak CI	UNKNOWN STEP	2025-11-12T13:58:22.9948077Z [36;1m    "outputs": {}[0m
Status Check - Keycloak CI	UNKNOWN STEP	2025-11-12T13:58:22.9948306Z [36;1m  },[0m
Status Check - Keycloak CI	UNKNOWN STEP	2025-11-12T13:58:22.9948540Z [36;1m  "store-integration-tests": {[0m
Status Check - Keycloak CI	UNKNOWN STEP	2025-11-12T13:58:22.9948819Z [36;1m    "result": "success",[0m
Status Check - Keycloak CI	UNKNOWN STEP	2025-11-12T13:58:22.9949078Z [36;1m    "outputs": {}[0m
Status Check - Keycloak CI	UNKNOWN STEP	2025-11-12T13:58:22.9949300Z [36;1m  },[0m
Status Check - Keycloak CI	UNKNOWN STEP	2025-11-12T13:58:22.9949523Z [36;1m  "volatile-sessions-tests": {[0m
Status Check - Keycloak CI	UNKNOWN STEP	2025-11-12T13:58:22.9949810Z [36;1m    "result": "success",[0m
Status Check - Keycloak CI	UNKNOWN STEP	2025-11-12T13:58:22.9950065Z [36;1m    "outputs": {}[0m
Status Check - Keycloak CI	UNKNOWN STEP	2025-11-12T13:58:22.9950292Z [36;1m  },[0m
Status Check - Keycloak CI	UNKNOWN STEP	2025-11-12T13:58:22.9950504Z [36;1m  "store-model-tests": {[0m
Status Check - Keycloak CI	UNKNOWN STEP	2025-11-12T13:58:22.9950760Z [36;1m    "result": "success",[0m
Status Check - Keycloak CI	UNKNOWN STEP	2025-11-12T13:58:22.9951007Z [36;1m    "outputs": {}[0m
Status Check - Keycloak CI	UNKNOWN STEP	2025-11-12T13:58:22.9951233Z [36;1m  },[0m
Status Check - Keycloak CI	UNKNOWN STEP	2025-11-12T13:58:22.9951463Z [36;1m  "clustering-integration-tests": {[0m
Status Check - Keycloak CI	UNKNOWN STEP	2025-11-12T13:58:22.9951760Z [36;1m    "result": "success",[0m
Status Check - Keycloak CI	UNKNOWN STEP	2025-11-12T13:58:22.9952012Z [36;1m    "outputs": {}[0m
Status Check - Keycloak CI	UNKNOWN STEP	2025-11-12T13:58:22.9952237Z [36;1m  },[0m
Status Check - Keycloak CI	UNKNOWN STEP	2025-11-12T13:58:22.9952450Z [36;1m  "fips-unit-tests": {[0m
Status Check - Keycloak CI	UNKNOWN STEP	2025-11-12T13:58:22.9952704Z [36;1m    "result": "success",[0m
Status Check - Keycloak CI	UNKNOWN STEP	2025-11-12T13:58:22.9952956Z [36;1m    "outputs": {}[0m
Status Check - Keycloak CI	UNKNOWN STEP	2025-11-12T13:58:22.9953178Z [36;1m  },[0m
Status Check - Keycloak CI	UNKNOWN STEP	2025-11-12T13:58:22.9953402Z [36;1m  "fips-integration-tests": {[0m
Status Check - Keycloak CI	UNKNOWN STEP	2025-11-12T13:58:22.9953675Z [36;1m    "result": "failure",[0m
Status Check - Keycloak CI	UNKNOWN STEP	2025-11-12T13:58:22.9953925Z [36;1m    "outputs": {}[0m
Status Check - Keycloak CI	UNKNOWN STEP	2025-11-12T13:58:22.9954149Z [36;1m  },[0m
Status Check - Keycloak CI	UNKNOWN STEP	2025-11-12T13:58:22.9954370Z [36;1m  "forms-integration-tests": {[0m
Status Check - Keycloak CI	UNKNOWN STEP	2025-11-12T13:58:22.9954647Z [36;1m    "result": "success",[0m
Status Check - Keycloak CI	UNKNOWN STEP	2025-11-12T13:58:22.9954893Z [36;1m    "outputs": {}[0m
Status Check - Keycloak CI	UNKNOWN STEP	2025-11-12T13:58:22.9955125Z [36;1m  },[0m
Status Check - Keycloak CI	UNKNOWN STEP	2025-11-12T13:58:22.9955352Z [36;1m  "webauthn-integration-tests": {[0m
Status Check - Keycloak CI	UNKNOWN STEP	2025-11-12T13:58:22.9955634Z [36;1m    "result": "success",[0m
Status Check - Keycloak CI	UNKNOWN STEP	2025-11-12T13:58:22.9955879Z [36;1m    "outputs": {}[0m
Status Check - Keycloak CI	UNKNOWN STEP	2025-11-12T13:58:22.9956105Z [36;1m  },[0m
Status Check - Keycloak CI	UNKNOWN STEP	2025-11-12T13:58:22.9956314Z [36;1m  "sssd-unit-tests": {[0m
Status Check - Keycloak CI	UNKNOWN STEP	2025-11-12T13:58:22.9956571Z [36;1m    "result": "skipped",[0m
Status Check - Keycloak CI	UNKNOWN STEP	2025-11-12T13:58:22.9956824Z [36;1m    "outputs": {}[0m
Status Check - Keycloak CI	UNKNOWN STEP	2025-11-12T13:58:22.9957216Z [36;1m  },[0m
Status Check - Keycloak CI	UNKNOWN STEP	2025-11-12T13:58:22.9957578Z [36;1m  "migration-tests": {[0m
Status Check - Keycloak CI	UNKNOWN STEP	2025-11-12T13:58:22.9957832Z [36;1m    "result": "success",[0m
Status Check - Keycloak CI	UNKNOWN STEP	2025-11-12T13:58:22.9958084Z [36;1m    "outputs": {}[0m
Status Check - Keycloak CI	UNKNOWN STEP	2025-11-12T13:58:22.9958306Z [36;1m  },[0m
Status Check - Keycloak CI	UNKNOWN STEP	2025-11-12T13:58:22.9958536Z [36;1m  "external-infinispan-tests": {[0m
Status Check - Keycloak CI	UNKNOWN STEP	2025-11-12T13:58:22.9958968Z [36;1m    "result": "success",[0m
Status Check - Keycloak CI	UNKNOWN STEP	2025-11-12T13:58:22.9959220Z [36;1m    "outputs": {}[0m
Status Check - Keycloak CI	UNKNOWN STEP	2025-11-12T13:58:22.9959442Z [36;1m  },[0m
Status Check - Keycloak CI	UNKNOWN STEP	2025-11-12T13:58:22.9959657Z [36;1m  "test-framework": {[0m
Status Check - Keycloak CI	UNKNOWN STEP	2025-11-12T13:58:22.9960038Z [36;1m    "result": "success",[0m
Status Check - Keycloak CI	UNKNOWN STEP	2025-11-12T13:58:22.9960290Z [36;1m    "outputs": {}[0m
Status Check - Keycloak CI	UNKNOWN STEP	2025-11-12T13:58:22.9960518Z [36;1m  },[0m
Status Check - Keycloak CI	UNKNOWN STEP	2025-11-12T13:58:22.9960745Z [36;1m  "base-new-integration-tests": {[0m
Status Check - Keycloak CI	UNKNOWN STEP	2025-11-12T13:58:22.9961034Z [36;1m    "result": "success",[0m
Status Check - Keycloak CI	UNKNOWN STEP	2025-11-12T13:58:22.9961277Z [36;1m    "outputs": {}[0m
Status Check - Keycloak CI	UNKNOWN STEP	2025-11-12T13:58:22.9961510Z [36;1m  },[0m
Status Check - Keycloak CI	UNKNOWN STEP	2025-11-12T13:58:22.9961751Z [36;1m  "mixed-cluster-compatibility-tests": {[0m
Status Check - Keycloak CI	UNKNOWN STEP	2025-11-12T13:58:22.9962060Z [36;1m    "result": "skipped",[0m
Status Check - Keycloak CI	UNKNOWN STEP	2025-11-12T13:58:22.9962311Z [36;1m    "outputs": {}[0m
Status Check - Keycloak CI	UNKNOWN STEP	2025-11-12T13:58:22.9962532Z [36;1m  },[0m
Status Check - Keycloak CI	UNKNOWN STEP	2025-11-12T13:58:22.9962744Z [36;1m  "admin-v2-tests": {[0m
Status Check - Keycloak CI	UNKNOWN STEP	2025-11-12T13:58:22.9962990Z [36;1m    "result": "skipped",[0m
Status Check - Keycloak CI	UNKNOWN STEP	2025-11-12T13:58:22.9963244Z [36;1m    "outputs": {}[0m
Status Check - Keycloak CI	UNKNOWN STEP	2025-11-12T13:58:22.9963464Z [36;1m  }[0m
Status Check - Keycloak CI	UNKNOWN STEP	2025-11-12T13:58:22.9963658Z [36;1m}'[0m
Status Check - Keycloak CI	UNKNOWN STEP	2025-11-12T13:58:22.9963860Z [36;1m[0m
Status Check - Keycloak CI	UNKNOWN STEP	2025-11-12T13:58:22.9964078Z [36;1mecho "Job status:"[0m
Status Check - Keycloak CI	UNKNOWN STEP	2025-11-12T13:58:22.9964409Z [36;1mecho $JOBS | jq -r 'to_entries[] | " - \(.key): \(.value.result)"'[0m
Status Check - Keycloak CI	UNKNOWN STEP	2025-11-12T13:58:22.9964752Z [36;1m[0m
Status Check - Keycloak CI	UNKNOWN STEP	2025-11-12T13:58:22.9965024Z [36;1mfor i in $(echo $JOBS | jq -r 'to_entries[] | .value.result'); do[0m
Status Check - Keycloak CI	UNKNOWN STEP	2025-11-12T13:58:22.9965404Z [36;1m  if [ "$i" != "success" ] && [ "$i" != "skipped" ]; then[0m
Status Check - Keycloak CI	UNKNOWN STEP	2025-11-12T13:58:22.9965707Z [36;1m    echo ""[0m
Status Check - Keycloak CI	UNKNOWN STEP	2025-11-12T13:58:22.9965945Z [36;1m    echo "Status check not okay!"[0m
Status Check - Keycloak CI	UNKNOWN STEP	2025-11-12T13:58:22.9966219Z [36;1m    exit 1[0m
Status Check - Keycloak CI	UNKNOWN STEP	2025-11-12T13:58:22.9966424Z [36;1m  fi[0m
Status Check - Keycloak CI	UNKNOWN STEP	2025-11-12T13:58:22.9966622Z [36;1mdone[0m
Status Check - Keycloak CI	UNKNOWN STEP	2025-11-12T13:58:23.0003411Z shell: /usr/bin/bash --noprofile --norc -e -o pipefail {0}
Status Check - Keycloak CI	UNKNOWN STEP	2025-11-12T13:58:23.0003789Z env:
Status Check - Keycloak CI	UNKNOWN STEP	2025-11-12T13:58:23.0004126Z   MAVEN_ARGS: -B -nsu -Daether.connector.http.connectionMaxTtl=25
Status Check - Keycloak CI	UNKNOWN STEP	2025-11-12T13:58:23.0004519Z   SUREFIRE_RERUN_FAILING_COUNT: 2
Status Check - Keycloak CI	UNKNOWN STEP	2025-11-12T13:58:23.0004841Z   SUREFIRE_RETRY: -Dsurefire.rerunFailingTestsCount=2
Status Check - Keycloak CI	UNKNOWN STEP	2025-11-12T13:58:23.0005164Z ##[endgroup]
Status Check - Keycloak CI	UNKNOWN STEP	2025-11-12T13:58:23.0077425Z Job status:
Status Check - Keycloak CI	UNKNOWN STEP	2025-11-12T13:58:23.0118501Z  - conditional: success
Status Check - Keycloak CI	UNKNOWN STEP	2025-11-12T13:58:23.0118824Z  - build: success
Status Check - Keycloak CI	UNKNOWN STEP	2025-11-12T13:58:23.0119074Z  - unit-tests: success
Status Check - Keycloak CI	UNKNOWN STEP	2025-11-12T13:58:23.0119356Z  - base-integration-tests: success
Status Check - Keycloak CI	UNKNOWN STEP	2025-11-12T13:58:23.0119675Z  - adapter-integration-tests: success
Status Check - Keycloak CI	UNKNOWN STEP	2025-11-12T13:58:23.0120029Z  - adapter-integration-tests-strict-cookies: success
Status Check - Keycloak CI	UNKNOWN STEP	2025-11-12T13:58:23.0120380Z  - quarkus-unit-tests: skipped
Status Check - Keycloak CI	UNKNOWN STEP	2025-11-12T13:58:23.0120665Z  - quarkus-integration-tests: success
Status Check - Keycloak CI	UNKNOWN STEP	2025-11-12T13:58:23.0120963Z  - jdk-integration-tests: success
Status Check - Keycloak CI	UNKNOWN STEP	2025-11-12T13:58:23.0121244Z  - store-integration-tests: success
Status Check - Keycloak CI	UNKNOWN STEP	2025-11-12T13:58:23.0121538Z  - volatile-sessions-tests: success
Status Check - Keycloak CI	UNKNOWN STEP	2025-11-12T13:58:23.0121842Z  - store-model-tests: success
Status Check - Keycloak CI	UNKNOWN STEP	2025-11-12T13:58:23.0122142Z  - clustering-integration-tests: success
Status Check - Keycloak CI	UNKNOWN STEP	2025-11-12T13:58:23.0122458Z  - fips-unit-tests: success
Status Check - Keycloak CI	UNKNOWN STEP	2025-11-12T13:58:23.0122724Z  - fips-integration-tests: failure
Status Check - Keycloak CI	UNKNOWN STEP	2025-11-12T13:58:23.0123021Z  - forms-integration-tests: success
Status Check - Keycloak CI	UNKNOWN STEP	2025-11-12T13:58:23.0123312Z  - webauthn-integration-tests: success
Status Check - Keycloak CI	UNKNOWN STEP	2025-11-12T13:58:23.0123603Z  - sssd-unit-tests: skipped
Status Check - Keycloak CI	UNKNOWN STEP	2025-11-12T13:58:23.0123857Z  - migration-tests: success
Status Check - Keycloak CI	UNKNOWN STEP	2025-11-12T13:58:23.0124128Z  - external-infinispan-tests: success
Status Check - Keycloak CI	UNKNOWN STEP	2025-11-12T13:58:23.0124415Z  - test-framework: success
Status Check - Keycloak CI	UNKNOWN STEP	2025-11-12T13:58:23.0124685Z  - base-new-integration-tests: success
Status Check - Keycloak CI	UNKNOWN STEP	2025-11-12T13:58:23.0125053Z  - mixed-cluster-compatibility-tests: skipped
Status Check - Keycloak CI	UNKNOWN STEP	2025-11-12T13:58:23.0125609Z  - admin-v2-tests: skipped
Status Check - Keycloak CI	UNKNOWN STEP	2025-11-12T13:58:23.0153205Z 
Status Check - Keycloak CI	UNKNOWN STEP	2025-11-12T13:58:23.0153619Z Status check not okay!
Status Check - Keycloak CI	UNKNOWN STEP	2025-11-12T13:58:23.0165758Z ##[error]Process completed with exit code 1.
Status Check - Keycloak CI	UNKNOWN STEP	2025-11-12T13:58:23.0345596Z Post job cleanup.
Status Check - Keycloak CI	UNKNOWN STEP	2025-11-12T13:58:23.1117495Z [command]/usr/bin/git version
Status Check - Keycloak CI	UNKNOWN STEP	2025-11-12T13:58:23.1183760Z git version 2.51.2
Status Check - Keycloak CI	UNKNOWN STEP	2025-11-12T13:58:23.1220262Z Temporarily overriding HOME='/home/runner/work/_temp/d547bfd4-7837-42f9-bb4a-4b17f68d6668' before making global git config changes
Status Check - Keycloak CI	UNKNOWN STEP	2025-11-12T13:58:23.1221216Z Adding repository directory to the temporary git global config as a safe directory
Status Check - Keycloak CI	UNKNOWN STEP	2025-11-12T13:58:23.1225269Z [command]/usr/bin/git config --global --add safe.directory /home/runner/work/keycloak/keycloak
Status Check - Keycloak CI	UNKNOWN STEP	2025-11-12T13:58:23.1260342Z [command]/usr/bin/git config --local --name-only --get-regexp core\.sshCommand
Status Check - Keycloak CI	UNKNOWN STEP	2025-11-12T13:58:23.1292254Z [command]/usr/bin/git submodule foreach --recursive sh -c "git config --local --name-only --get-regexp 'core\.sshCommand' && git config --local --unset-all 'core.sshCommand' || :"
Status Check - Keycloak CI	UNKNOWN STEP	2025-11-12T13:58:23.1534853Z [command]/usr/bin/git config --local --name-only --get-regexp http\.https\:\/\/github\.com\/\.extraheader
Status Check - Keycloak CI	UNKNOWN STEP	2025-11-12T13:58:23.1555952Z http.https://github.com/.extraheader
Status Check - Keycloak CI	UNKNOWN STEP	2025-11-12T13:58:23.1565155Z [command]/usr/bin/git config --local --unset-all http.https://github.com/.extraheader
Status Check - Keycloak CI	UNKNOWN STEP	2025-11-12T13:58:23.1594946Z [command]/usr/bin/git submodule foreach --recursive sh -c "git config --local --name-only --get-regexp 'http\.https\:\/\/github\.com\/\.extraheader' && git config --local --unset-all 'http.https://github.com/.extraheader' || :"
Status Check - Keycloak CI	UNKNOWN STEP	2025-11-12T13:58:23.1935934Z Cleaning up orphan processes
